c [Version] Cyclic Bandwidth Encoder version 1.0.0.
c [Param] Real time limit is set to 1800.
c [Param] Memory limit is set to 30000.
c [Param] Worker count is set to 4.
c [Main] Encoding and solving for graph: caterpillar_10_4.txt.
c [Main] Search strategy: Binary search from lower bound.
c [Main] No predefined lower bound is found for caterpillar_10_4.txt.
c [Main] LB-w = 2 (default value).
c [Main] No predefined upper bound is found for caterpillar_10_4.txt.
c [Main] UB-w = 20 (default value calculated as n/2).
c [Main] Search order: 11 6 3 2 4 5 8 7 9 10 16 13 12 14 15 18 17 19 20.
c [w = 2] Start task in PID: 11095.
c [w = 2] Cyclic Antibandwidth problem with w = 2 (caterpillar_10_4.txt):
c [w = 2] Initializing CaDiCaL (version 2.1.3).
c [w = 2] Configuring CaDiCaL as --sat (1).
c [w = 2] Encoding starts with w = 2:
c [w = 2] Symmetry breaking highest degree node is applied.
c [w = 2] Encoding duration: 8 ms.
c [w = 2] Number of clauses: 22240.
c [w = 2] Number of variables: 3280.
c [w = 2] SAT Solving starts:
c [w = 2] Solving duration: 0 ms.
c [w = 2] Answer:
s [w = 2] SAT (w = 2).
c [w = 2] Solution check = 2.
c [w = 2] The solution is correct.
c [w = 2] Result: 10.
c [Main] Max width SAT is set to 2.
c [w = 3] Start task in PID: 11094.
c [w = 3] Cyclic Antibandwidth problem with w = 3 (caterpillar_10_4.txt):
c [w = 3] Initializing CaDiCaL (version 2.1.3).
c [w = 3] Configuring CaDiCaL as --sat (1).
c [w = 3] Encoding starts with w = 3:
c [w = 3] Symmetry breaking highest degree node is applied.
c [w = 3] Encoding duration: 8 ms.
c [w = 3] Number of clauses: 21102.
c [w = 3] Number of variables: 4080.
c [w = 3] SAT Solving starts:
c [w = 3] Solving duration: 1 ms.
c [w = 3] Answer:
s [w = 3] SAT (w = 3).
c [w = 3] Solution check = 3.
c [w = 3] The solution is correct.
c [w = 3] Result: 10.
c [Main] Max width SAT is set to 3.
c [w = 6] Start task in PID: 11093.
c [w = 6] Cyclic Antibandwidth problem with w = 6 (caterpillar_10_4.txt):
c [w = 6] Initializing CaDiCaL (version 2.1.3).
c [w = 6] Configuring CaDiCaL as --sat (1).
c [w = 6] Encoding starts with w = 6:
c [w = 6] Symmetry breaking highest degree node is applied.
c [w = 6] Encoding duration: 9 ms.
c [w = 6] Number of clauses: 21561.
c [w = 6] Number of variables: 4920.
c [w = 6] SAT Solving starts:
c [w = 6] Solving duration: 3 ms.
c [w = 6] Answer:
s [w = 6] SAT (w = 6).
c [w = 6] Solution check = 6.
c [w = 6] The solution is correct.
c [w = 6] Result: 10.
c [Main] Max width SAT is set to 6.
c [Main] Kill lower pid 5.
c [Main] Kill lower pid 4.
c [w = 4] Start task in PID: 11096.
c [w = 4] Cyclic Antibandwidth problem with w = 4 (caterpillar_10_4.txt):
c [w = 4] Initializing CaDiCaL (version 2.1.3).
c [w = 4] Configuring CaDiCaL as --sat (1).
c [w = 4] Encoding starts with w = 4:
c [w = 4] Symmetry breaking highest degree node is applied.
c [Signal] Signal interruption. Caught signal: SIGTERM (15).
c [w = 5] Start task in PID: 11097.
c [w = 5] Cyclic Antibandwidth problem with w = 5 (caterpillar_10_4.txt):
c [w = 5] Initializing CaDiCaL (version 2.1.3).
c [w = 5] Configuring CaDiCaL as --sat (1).
c [w = 5] Encoding starts with w = 5:
c [w = 5] Symmetry breaking highest degree node is applied.
c [Signal] Signal interruption. Caught signal: SIGTERM (15).
c [Main] Child pid 4 - 11096 terminated by signal 15.
c [Main] Child pid 5 - 11097 terminated by signal 15.
c [w = 11] Start task in PID: 11092.
c [w = 11] Cyclic Antibandwidth problem with w = 11 (caterpillar_10_4.txt):
c [w = 11] Initializing CaDiCaL (version 2.1.3).
c [w = 11] Configuring CaDiCaL as --sat (1).
c [w = 11] Encoding starts with w = 11:
c [w = 11] Symmetry breaking highest degree node is applied.
c [w = 11] Encoding duration: 10 ms.
c [w = 11] Number of clauses: 22712.
c [w = 11] Number of variables: 5360.
c [w = 11] SAT Solving starts:
c [w = 11] Solving duration: 6 ms.
c [w = 11] Answer:
s [w = 11] SAT (w = 11).
c [w = 11] Solution check = 11.
c [w = 11] The solution is correct.
c [w = 11] Result: 10.
c [Main] Max width SAT is set to 11.
c [Main] Kill lower pid 9.
c [Main] Kill lower pid 7.
c [Main] Kill lower pid 8.
c [w = 9] Start task in PID: 11100.
c [w = 9] Cyclic Antibandwidth problem with w = 9 (caterpillar_10_4.txt):
c [w = 9] Initializing CaDiCaL (version 2.1.3).
c [w = 9] Configuring CaDiCaL as --sat (1).
c [w = 9] Encoding starts with w = 9:
c [w = 9] Symmetry breaking highest degree node is applied.
c [Signal] Signal interruption. Caught signal: SIGTERM (15).
c [w = 7] Start task in PID: 11099.
c [w = 7] Cyclic Antibandwidth problem with w = 7 (caterpillar_10_4.txt):
c [w = 7] Initializing CaDiCaL (version 2.1.3).
c [w = 7] Configuring CaDiCaL as --sat (1).
c [w = 7] Encoding starts with w = 7:
c [w = 7] Symmetry breaking highest degree node is applied.
c [Signal] Signal interruption. Caught signal: SIGTERM (15).
c [w = 8] Start task in PID: 11098.
c [w = 8] Cyclic Antibandwidth problem with w = 8 (caterpillar_10_4.txt):
c [w = 8] Initializing CaDiCaL (version 2.1.3).
c [w = 8] Configuring CaDiCaL as --sat (1).
c [w = 8] Encoding starts with w = 8:
c [w = 8] Symmetry breaking highest degree node is applied.
c [Signal] Signal interruption. Caught signal: SIGTERM (15).
c [Main] Child pid 7 - 11099 terminated by signal 15.
c [Main] Child pid 8 - 11098 terminated by signal 15.
c [Main] Child pid 9 - 11100 terminated by signal 15.
c [w = 16] Start task in PID: 11101.
c [w = 16] Cyclic Antibandwidth problem with w = 16 (caterpillar_10_4.txt):
c [w = 16] Initializing CaDiCaL (version 2.1.3).
c [w = 16] Configuring CaDiCaL as --sat (1).
c [w = 16] Encoding starts with w = 16:
c [w = 16] Symmetry breaking highest degree node is applied.
c [w = 16] Encoding duration: 10 ms.
c [w = 16] Number of clauses: 23709.
c [w = 16] Number of variables: 5640.
c [w = 16] SAT Solving starts:
c [w = 16] Solving duration: 2 ms.
c [w = 16] Answer:
s [w = 16] SAT (w = 16).
c [w = 16] Solution check = 16.
c [w = 16] The solution is correct.
c [w = 16] Result: 10.
c [Main] Max width SAT is set to 16.
c [Main] Kill lower pid 14.
c [Main] Kill lower pid 12.
c [Main] Kill lower pid 13.
c [w = 12] Start task in PID: 11103.
c [w = 12] Cyclic Antibandwidth problem with w = 12 (caterpillar_10_4.txt):
c [w = 12] Initializing CaDiCaL (version 2.1.3).
c [w = 12] Configuring CaDiCaL as --sat (1).
c [w = 12] Encoding starts with w = 12:
c [w = 12] Symmetry breaking highest degree node is applied.
c [Signal] Signal interruption. Caught signal: SIGTERM (15).
c [w = 14] Start task in PID: 11104.
c [w = 14] Cyclic Antibandwidth problem with w = 14 (caterpillar_10_4.txt):
c [w = 14] Initializing CaDiCaL (version 2.1.3).
c [w = 14] Configuring CaDiCaL as --sat (1).
c [w = 14] Encoding starts with w = 14:
c [w = 14] Symmetry breaking highest degree node is applied.
c [Signal] Signal interruption. Caught signal: SIGTERM (15).
c [w = 13] Start task in PID: 11102.
c [w = 13] Cyclic Antibandwidth problem with w = 13 (caterpillar_10_4.txt):
c [w = 13] Initializing CaDiCaL (version 2.1.3).
c [w = 13] Configuring CaDiCaL as --sat (1).
c [w = 13] Encoding starts with w = 13:
c [w = 13] Symmetry breaking highest degree node is applied.
c [w = 13] Encoding duration: 10 ms.
c [w = 13] Number of clauses: 22472.
c [w = 13] Number of variables: 5280.
c [w = 13] SAT Solving starts:
c [w = 13] Solving duration: 2 ms.
c [w = 13] Answer:
s [w = 13] SAT (w = 13).
c [w = 13] Solution check = 13.
c [w = 13] The solution is correct.
c [Signal] Signal interruption. Caught signal: SIGTERM (15).
c [Main] Child pid 13 - 11102 terminated by signal 15.
c [Main] Child pid 12 - 11103 terminated by signal 15.
c [Main] Child pid 14 - 11104 terminated by signal 15.
c [w = 20] Start task in PID: 11108.
c [w = 20] Cyclic Antibandwidth problem with w = 20 (caterpillar_10_4.txt):
c [w = 20] Initializing CaDiCaL (version 2.1.3).
c [w = 20] Configuring CaDiCaL as --sat (1).
c [w = 20] Encoding starts with w = 20:
c [w = 20] Symmetry breaking highest degree node is applied.
c [w = 20] Encoding duration: 10 ms.
c [w = 20] Number of clauses: 23266.
c [w = 20] Number of variables: 5440.
c [w = 20] SAT Solving starts:
c [w = 20] Solving duration: 0 ms.
c [w = 20] Answer:
s [w = 20] UNSAT (w = 20).
c [w = 20] Result: 20.
c [Main] Min width UNSAT is set to 20
c [w = 18] Start task in PID: 11105.
c [w = 18] Cyclic Antibandwidth problem with w = 18 (caterpillar_10_4.txt):
c [w = 18] Initializing CaDiCaL (version 2.1.3).
c [w = 18] Configuring CaDiCaL as --sat (1).
c [w = 18] Encoding starts with w = 18:
c [w = 18] Symmetry breaking highest degree node is applied.
c [w = 18] Encoding duration: 10 ms.
c [w = 18] Number of clauses: 24509.
c [w = 18] Number of variables: 5880.
c [w = 18] SAT Solving starts:
c [w = 18] Solving duration: 4 ms.
c [w = 18] Answer:
s [w = 18] SAT (w = 18).
c [w = 18] Solution check = 18.
c [w = 18] The solution is correct.
c [w = 18] Result: 10.
c [w = 17] Start task in PID: 11106.
c [w = 17] Cyclic Antibandwidth problem with w = 17 (caterpillar_10_4.txt):
c [w = 17] Initializing CaDiCaL (version 2.1.3).
c [w = 17] Configuring CaDiCaL as --sat (1).
c [w = 17] Encoding starts with w = 17:
c [w = 17] Symmetry breaking highest degree node is applied.
c [w = 17] Encoding duration: 10 ms.
c [w = 17] Number of clauses: 24109.
c [w = 17] Number of variables: 5760.
c [w = 17] SAT Solving starts:
c [w = 17] Solving duration: 3 ms.
c [w = 17] Answer:
s [w = 17] SAT (w = 17).
c [w = 17] Solution check = 17.
c [w = 17] The solution is correct.
c [w = 17] Result: 10.
c [Main] Max width SAT is set to 18.
c [Main] Kill lower pid 17.
c [w = 19] Start task in PID: 11107.
c [w = 19] Cyclic Antibandwidth problem with w = 19 (caterpillar_10_4.txt):
c [w = 19] Initializing CaDiCaL (version 2.1.3).
c [w = 19] Configuring CaDiCaL as --sat (1).
c [w = 19] Encoding starts with w = 19:
c [w = 19] Symmetry breaking highest degree node is applied.
c [w = 19] Encoding duration: 10 ms.
c [w = 19] Number of clauses: 24909.
c [w = 19] Number of variables: 6000.
c [w = 19] SAT Solving starts:
c [w = 19] Solving duration: 36 ms.
c [w = 19] Answer:
s [w = 19] UNSAT (w = 19).
c [w = 19] Result: 20.
c [Main] Min width UNSAT is set to 19
c [Signal] Signal interruption. Caught signal: SIGTERM (15).
c [Main] All children have completed.
r [Main] 
r [Main] Final results: 
r [Main] Max width SAT:  	18.
r [Main] Min width UNSAT:	19.
r [Main] Total real time: 88 ms.
r [Main] Total memory consumed: 10 MB.
r [Main] 
