c [Version] Cyclic Bandwidth Encoder version 1.0.0.
c [Param] Real time limit is set to 150.
c [Param] Memory limit is set to 30000.
c [Param] Worker count is set to 4.
c [Main] Encoding and solving for graph: cbt_910.txt.
c [Main] Search strategy: Binary search from upper bound.
c [Main] No predefined lower bound is found for cbt_910.txt.
c [Main] LB-w = 2 (default value).
c [Main] No predefined upper bound is found for cbt_910.txt.
c [Main] UB-w = 455 (default value calculated as n/2).
c [Main] Search order: 228 342 399 427 441 448 452 454 455 453 450 451 449 444 446 447 445 442 443 434 437 439 440 438 435 436 430 432 433 431 428 429 413 420 423 425 426 424 421 422 416 418 419 417 414 415 406 409 411 412 410 407 408 402 404 405 403 400 401 370 384 391 395 397 398 396 393 394 392 387 389 390 388 385 386 377 380 382 383 381 378 379 373 375 376 374 371 372 356 363 366 368 369 367 364 365 359 361 362 360 357 358 349 352 354 355 353 350 351 345 347 348 346 343 344 285 313 327 334 338 340 341 339 336 337 335 330 332 333 331 328 329 320 323 325 326 324 321 322 316 318 319 317 314 315 299 306 309 311 312 310 307 308 302 304 305 303 300 301 292 295 297 298 296 293 294 288 290 291 289 286 287 256 270 277 281 283 284 282 279 280 278 273 275 276 274 271 272 263 266 268 269 267 264 265 259 261 262 260 257 258 242 249 252 254 255 253 250 251 245 247 248 246 243 244 235 238 240 241 239 236 237 231 233 234 232 229 230 114 171 199 213 220 224 226 227 225 222 223 221 216 218 219 217 214 215 206 209 211 212 210 207 208 202 204 205 203 200 201 185 192 195 197 198 196 193 194 188 190 191 189 186 187 178 181 183 184 182 179 180 174 176 177 175 172 173 142 156 163 167 169 170 168 165 166 164 159 161 162 160 157 158 149 152 154 155 153 150 151 145 147 148 146 143 144 128 135 138 140 141 139 136 137 131 133 134 132 129 130 121 124 126 127 125 122 123 117 119 120 118 115 116 57 85 99 106 110 112 113 111 108 109 107 102 104 105 103 100 101 92 95 97 98 96 93 94 88 90 91 89 86 87 71 78 81 83 84 82 79 80 74 76 77 75 72 73 64 67 69 70 68 65 66 60 62 63 61 58 59 29 43 50 53 55 56 54 51 52 46 48 49 47 44 45 36 39 41 42 40 37 38 32 34 35 33 30 31 15 22 25 27 28 26 23 24 18 20 21 19 16 17 8 11 13 14 12 9 10 4 6 7 5 2 3.
c [w = 228] Start task in PID: 174459.
c [w = 228] Cyclic Antibandwidth problem with w = 228 (cbt_910.txt):
c [w = 228] Initializing CaDiCaL (version 2.1.3).
c [w = 228] Configuring CaDiCaL as --sat (1).
c [w = 228] Encoding starts with w = 228:
c [w = 228] Symmetry breaking highest degree node is applied.
c [w = 228] Encoding duration: 5205 ms.
c [w = 228] Number of clauses: 11923287.
c [w = 228] Number of variables: 2582580.
c [w = 228] SAT Solving starts:
c [w = 228] Solving duration: 1115 ms.
c [w = 228] Answer:
s [w = 228] SAT (w = 228).
c [w = 228] Solution check = 228.
c [w = 228] The solution is correct.
c [w = 228] Result: 10.
c [Main] Max width SAT is set to 228.
c [w = 441] Start task in PID: 174464.
c [w = 441] Cyclic Antibandwidth problem with w = 441 (cbt_910.txt):
c [w = 441] Initializing CaDiCaL (version 2.1.3).
c [w = 441] Configuring CaDiCaL as --sat (1).
c [w = 441] Encoding starts with w = 441:
c [w = 441] Symmetry breaking highest degree node is applied.
c [w = 441] Encoding duration: 5922 ms.
c [w = 441] Number of clauses: 13246424.
c [w = 441] Number of variables: 2959320.
c [w = 441] SAT Solving starts:
c [Signal] Signal interruption. Caught signal: SIGTERM (15).
c [w = 427] Start task in PID: 174462.
c [w = 427] Cyclic Antibandwidth problem with w = 427 (cbt_910.txt):
c [w = 427] Initializing CaDiCaL (version 2.1.3).
c [w = 427] Configuring CaDiCaL as --sat (1).
c [w = 427] Encoding starts with w = 427:
c [w = 427] Symmetry breaking highest degree node is applied.
c [w = 427] Encoding duration: 5786 ms.
c [w = 427] Number of clauses: 13119024.
c [w = 427] Number of variables: 2921100.
c [w = 427] SAT Solving starts:
c [Signal] Signal interruption. Caught signal: SIGTERM (15).
c [w = 399] Start task in PID: 174461.
c [w = 399] Cyclic Antibandwidth problem with w = 399 (cbt_910.txt):
c [w = 399] Initializing CaDiCaL (version 2.1.3).
c [w = 399] Configuring CaDiCaL as --sat (1).
c [w = 399] Encoding starts with w = 399:
c [w = 399] Symmetry breaking highest degree node is applied.
c [w = 399] Encoding duration: 5670 ms.
c [w = 399] Number of clauses: 12864224.
c [w = 399] Number of variables: 2844660.
c [w = 399] SAT Solving starts:
c [Signal] Signal interruption. Caught signal: SIGTERM (15).
c [w = 342] Start task in PID: 174460.
c [w = 342] Cyclic Antibandwidth problem with w = 342 (cbt_910.txt):
c [w = 342] Initializing CaDiCaL (version 2.1.3).
c [w = 342] Configuring CaDiCaL as --sat (1).
c [w = 342] Encoding starts with w = 342:
c [w = 342] Symmetry breaking highest degree node is applied.
c [w = 342] Encoding duration: 5401 ms.
c [w = 342] Number of clauses: 12345524.
c [w = 342] Number of variables: 2689050.
c [w = 342] SAT Solving starts:
c [Signal] Signal interruption. Caught signal: SIGTERM (15).
c [Main] Lim pid ends with result: 254.
c [Main] All children have completed.
r [Main] 
r [Main] Final results: 
r [Main] Max width SAT:  	228.
r [Main] Min width UNSAT:	-.
r [Main] Total real time: 150812 ms.
r [Main] Total memory consumed: 14480 MB.
r [Main] 
