c [Version] Cyclic Anti-bandwidth Encoder version 1.0.0.
c [Param] Real time limit is set to 150.
c [Param] Memory limit is set to 30000.
c [Param] Worker count is set to 8.
c [Param] LB skip threshold is set to 0.25.
c [Main] Encoding and solving for graph: caterpillar_25_10.txt.
c [Main] Search strategy: Binary search from upper bound.
c [Main] No predefined lower bound is found for caterpillar_25_10.txt.
c [Main] LB-w = 2 (default value).
c [Main] No predefined upper bound is found for caterpillar_25_10.txt.
c [Main] UB-w = 125 (default value calculated as n/2).
c [Main] LB is modified to 32 after applying LB skip threshold 0.25.
c [Main] Search order: 78 102 114 120 123 124 125 121 122 117 118 119 115 116 108 111 112 113 109 110 105 106 107 103 104 90 96 99 100 101 97 98 93 94 95 91 92 84 87 88 89 85 86 81 82 83 79 80 54 66 72 75 76 77 73 74 69 70 71 67 68 60 63 64 65 61 62 57 58 59 55 56 42 48 51 52 53 49 50 45 46 47 43 44 36 39 40 41 37 38 33 34 35 32.
c [w = 125] Start task in PID: 67082.
c [w = 125] Cyclic Antibandwidth problem with w = 125 (caterpillar_25_10.txt):
c [w = 125] Initializing CaDiCaL (version 2.1.3).
c [w = 125] Configuring CaDiCaL as --sat (1).
c [w = 125] Encoding starts with w = 125:
c [w = 125] Symmetry breaking highest degree node is applied.
c [w = 125] Encoding duration: 1151 ms.
c [w = 125] Number of clauses: 920881.
c [w = 125] Number of variables: 201000.
c [w = 125] SAT Solving starts:
c [w = 125] Solving duration: 6 ms.
c [w = 125] Answer:
s [w = 125] UNSAT (w = 125).
c [w = 125] Result: 20.
c [Main] Min width UNSAT is set to 125
c [w = 124] Start task in PID: 67081.
c [w = 124] Cyclic Antibandwidth problem with w = 124 (caterpillar_25_10.txt):
c [w = 124] Initializing CaDiCaL (version 2.1.3).
c [w = 124] Configuring CaDiCaL as --sat (1).
c [w = 124] Encoding starts with w = 124:
c [w = 124] Symmetry breaking highest degree node is applied.
c [w = 124] Encoding duration: 1323 ms.
c [w = 124] Number of clauses: 1009884.
c [w = 124] Number of variables: 230750.
c [w = 124] SAT Solving starts:
c [w = 124] Solving duration: 4582 ms.
c [w = 124] Answer:
s [w = 124] UNSAT (w = 124).
c [w = 124] Result: 20.
c [Main] Min width UNSAT is set to 124
c [w = 78] Start task in PID: 67076.
c [w = 78] Cyclic Antibandwidth problem with w = 78 (caterpillar_25_10.txt):
c [w = 78] Initializing CaDiCaL (version 2.1.3).
c [w = 78] Configuring CaDiCaL as --sat (1).
c [w = 78] Encoding starts with w = 78:
c [w = 78] Symmetry breaking highest degree node is applied.
c [w = 78] Encoding duration: 1225 ms.
c [w = 78] Number of clauses: 951387.
c [w = 78] Number of variables: 215000.
c [w = 78] SAT Solving starts:
c [w = 78] Solving duration: 28827 ms.
c [w = 78] Answer:
s [w = 78] SAT (w = 78).
c [w = 78] Solution check = 78.
c [w = 78] The solution is correct.
c [w = 78] Result: 10.
c [Main] Max width SAT is set to 78.
c [w = 102] Start task in PID: 67077.
c [w = 102] Cyclic Antibandwidth problem with w = 102 (caterpillar_25_10.txt):
c [w = 102] Initializing CaDiCaL (version 2.1.3).
c [w = 102] Configuring CaDiCaL as --sat (1).
c [w = 102] Encoding starts with w = 102:
c [w = 102] Symmetry breaking highest degree node is applied.
c [w = 102] Encoding duration: 1222 ms.
c [w = 102] Number of clauses: 954884.
c [w = 102] Number of variables: 214250.
c [w = 102] SAT Solving starts:
c [w = 102] Solving duration: 76413 ms.
c [w = 102] Answer:
s [w = 102] SAT (w = 102).
c [w = 102] Solution check = 102.
c [w = 102] The solution is correct.
c [w = 102] Result: 10.
c [Main] Max width SAT is set to 102.
c [w = 118] Start task in PID: 67089.
c [w = 118] Cyclic Antibandwidth problem with w = 118 (caterpillar_25_10.txt):
c [w = 118] Initializing CaDiCaL (version 2.1.3).
c [w = 118] Configuring CaDiCaL as --sat (1).
c [w = 118] Encoding starts with w = 118:
c [w = 118] Symmetry breaking highest degree node is applied.
c [w = 118] Encoding duration: 1279 ms.
c [w = 118] Number of clauses: 994884.
c [w = 118] Number of variables: 226250.
c [w = 118] SAT Solving starts:
c [w = 118] Solving duration: 59140 ms.
c [w = 118] Answer:
s [w = 118] SAT (w = 118).
c [w = 118] Solution check = 118.
c [w = 118] The solution is correct.
c [w = 118] Result: 10.
c [Main] Max width SAT is set to 118.
c [Main] Kill lower pid 114.
c [Main] Kill lower pid 117.
c [w = 117] Start task in PID: 67086.
c [w = 117] Cyclic Antibandwidth problem with w = 117 (caterpillar_25_10.txt):
c [w = 117] Initializing CaDiCaL (version 2.1.3).
c [w = 117] Configuring CaDiCaL as --sat (1).
c [w = 117] Encoding starts with w = 117:
c [w = 117] Symmetry breaking highest degree node is applied.
c [w = 117] Encoding duration: 1090 ms.
c [w = 117] Number of clauses: 992384.
c [w = 117] Number of variables: 225500.
c [w = 117] SAT Solving starts:
c [Signal] Signal interruption. Caught signal: SIGTERM (15).
c [w = 114] Start task in PID: 67078.
c [w = 114] Cyclic Antibandwidth problem with w = 114 (caterpillar_25_10.txt):
c [w = 114] Initializing CaDiCaL (version 2.1.3).
c [w = 114] Configuring CaDiCaL as --sat (1).
c [w = 114] Encoding starts with w = 114:
c [w = 114] Symmetry breaking highest degree node is applied.
c [w = 114] Encoding duration: 1280 ms.
c [w = 114] Number of clauses: 984884.
c [w = 114] Number of variables: 223250.
c [w = 114] SAT Solving starts:
c [Signal] Signal interruption. Caught signal: SIGTERM (15).
c [Main] Child pid 114 - 67078 terminated by signal 15.
c [Main] Child pid 117 - 67086 terminated by signal 15.
c [w = 119] Start task in PID: 67100.
c [w = 119] Cyclic Antibandwidth problem with w = 119 (caterpillar_25_10.txt):
c [w = 119] Initializing CaDiCaL (version 2.1.3).
c [w = 119] Configuring CaDiCaL as --sat (1).
c [w = 119] Encoding starts with w = 119:
c [w = 119] Symmetry breaking highest degree node is applied.
c [w = 119] Encoding duration: 1106 ms.
c [w = 119] Number of clauses: 997384.
c [w = 119] Number of variables: 227000.
c [w = 119] SAT Solving starts:
c [Signal] Signal interruption. Caught signal: SIGTERM (15).
c [w = 122] Start task in PID: 67084.
c [w = 122] Cyclic Antibandwidth problem with w = 122 (caterpillar_25_10.txt):
c [w = 122] Initializing CaDiCaL (version 2.1.3).
c [w = 122] Configuring CaDiCaL as --sat (1).
c [w = 122] Encoding starts with w = 122:
c [w = 122] Symmetry breaking highest degree node is applied.
c [w = 122] Encoding duration: 1161 ms.
c [w = 122] Number of clauses: 1004884.
c [w = 122] Number of variables: 229250.
c [w = 122] SAT Solving starts:
c [Signal] Signal interruption. Caught signal: SIGTERM (15).
c [w = 121] Start task in PID: 67083.
c [w = 121] Cyclic Antibandwidth problem with w = 121 (caterpillar_25_10.txt):
c [w = 121] Initializing CaDiCaL (version 2.1.3).
c [w = 121] Configuring CaDiCaL as --sat (1).
c [w = 121] Encoding starts with w = 121:
c [w = 121] Symmetry breaking highest degree node is applied.
c [w = 121] Encoding duration: 1285 ms.
c [w = 121] Number of clauses: 1002384.
c [w = 121] Number of variables: 228500.
c [w = 121] SAT Solving starts:
c [Signal] Signal interruption. Caught signal: SIGTERM (15).
c [w = 123] Start task in PID: 67080.
c [w = 123] Cyclic Antibandwidth problem with w = 123 (caterpillar_25_10.txt):
c [w = 123] Initializing CaDiCaL (version 2.1.3).
c [w = 123] Configuring CaDiCaL as --sat (1).
c [w = 123] Encoding starts with w = 123:
c [w = 123] Symmetry breaking highest degree node is applied.
c [w = 123] Encoding duration: 1294 ms.
c [w = 123] Number of clauses: 1007384.
c [w = 123] Number of variables: 230000.
c [w = 123] SAT Solving starts:
c [Signal] Signal interruption. Caught signal: SIGTERM (15).
c [Main] Lim pid ends with result: 254.
c [Main] All children have completed.
r [Main] 
r [Main] Final results: 
r [Main] Max width SAT:  	118.
r [Main] Min width UNSAT:	124.
r [Main] Total real time: 151425 ms.
r [Main] Total memory consumed: 2504.5 MB.
r [Main] 
c [w = 120] Start task in PID: 67079.
c [w = 120] Cyclic Antibandwidth problem with w = 120 (caterpillar_25_10.txt):
c [w = 120] Initializing CaDiCaL (version 2.1.3).
c [w = 120] Configuring CaDiCaL as --sat (1).
c [w = 120] Encoding starts with w = 120:
c [w = 120] Symmetry breaking highest degree node is applied.
c [w = 120] Encoding duration: 1298 ms.
c [w = 120] Number of clauses: 999884.
c [w = 120] Number of variables: 227750.
c [w = 120] SAT Solving starts:
c [Signal] Signal interruption. Caught signal: SIGTERM (15).
