c [Version] Cyclic Bandwidth Encoder version 1.0.0.
c [Param] Real time limit is set to 1800.
c [Param] Memory limit is set to 30000.
c [Param] Worker count is set to 8.
c [Main] Encoding and solving for graph: caterpillar_9_6.txt.
c [Main] Search strategy: Binary search using BFS.
c [Main] No predefined lower bound is found for caterpillar_9_6.txt.
c [Main] LB-w = 2 (default value).
c [Main] No predefined upper bound is found for caterpillar_9_6.txt.
c [Main] UB-w = 27 (default value calculated as n/2).
c [Main] Search order: 14 7 21 4 10 17 24 2 5 8 12 15 19 22 26 3 6 9 11 13 16 18 20 23 25 27.
c [w = 2] Start task in PID: 21318.
c [w = 2] Cyclic Antibandwidth problem with w = 2 (caterpillar_9_6.txt):
c [w = 2] Initializing CaDiCaL (version 2.1.3).
c [w = 2] Configuring CaDiCaL as --sat (1).
c [w = 2] Encoding starts with w = 2:
c [w = 2] Symmetry breaking highest degree node is applied.
c [w = 2] Encoding duration: 40 ms.
c [w = 2] Number of clauses: 45468.
c [w = 2] Number of variables: 5778.
c [w = 2] SAT Solving starts:
c [w = 2] Solving duration: 2 ms.
c [w = 2] Answer:
s [w = 2] SAT (w = 2).
c [w = 2] Solution check = 2.
c [w = 2] The solution is correct.
c [w = 2] Result: 10.
c [Main] Max width SAT is set to 2.
c [w = 4] Start task in PID: 21314.
c [w = 4] Cyclic Antibandwidth problem with w = 4 (caterpillar_9_6.txt):
c [w = 4] Initializing CaDiCaL (version 2.1.3).
c [w = 4] Configuring CaDiCaL as --sat (1).
c [w = 4] Encoding starts with w = 4:
c [w = 4] Symmetry breaking highest degree node is applied.
c [w = 4] Encoding duration: 41 ms.
c [w = 4] Number of clauses: 39543.
c [w = 4] Number of variables: 7992.
c [w = 4] SAT Solving starts:
c [w = 4] Solving duration: 9 ms.
c [w = 4] Answer:
s [w = 4] SAT (w = 4).
c [w = 4] Solution check = 4.
c [w = 4] The solution is correct.
c [w = 4] Result: 10.
c [Main] Max width SAT is set to 4.
c [w = 17] Start task in PID: 21316.
c [w = 17] Cyclic Antibandwidth problem with w = 17 (caterpillar_9_6.txt):
c [w = 17] Initializing CaDiCaL (version 2.1.3).
c [w = 17] Configuring CaDiCaL as --sat (1).
c [w = 17] Encoding starts with w = 17:
c [w = 17] Symmetry breaking highest degree node is applied.
c [w = 17] Encoding duration: 46 ms.
c [w = 17] Number of clauses: 43509.
c [w = 17] Number of variables: 10260.
c [w = 17] SAT Solving starts:
c [w = 17] Solving duration: 15 ms.
c [w = 17] Answer:
s [w = 17] SAT (w = 17).
c [w = 17] Solution check = 17.
c [w = 17] The solution is correct.
c [w = 17] Result: 10.
c [w = 7] Start task in PID: 21312.
c [w = 7] Cyclic Antibandwidth problem with w = 7 (caterpillar_9_6.txt):
c [w = 7] Initializing CaDiCaL (version 2.1.3).
c [w = 7] Configuring CaDiCaL as --sat (1).
c [w = 7] Encoding starts with w = 7:
c [w = 7] Symmetry breaking highest degree node is applied.
c [w = 7] Encoding duration: 43 ms.
c [w = 7] Number of clauses: 39849.
c [w = 7] Number of variables: 8964.
c [w = 7] SAT Solving starts:
c [w = 7] Solving duration: 15 ms.
c [w = 7] Answer:
s [w = 7] SAT (w = 7).
c [w = 7] Solution check = 7.
c [w = 7] The solution is correct.
c [w = 7] Result: 10.
c [w = 5] Start task in PID: 21319.
c [w = 5] Cyclic Antibandwidth problem with w = 5 (caterpillar_9_6.txt):
c [w = 5] Initializing CaDiCaL (version 2.1.3).
c [w = 5] Configuring CaDiCaL as --sat (1).
c [w = 5] Encoding starts with w = 5:
c [w = 5] Symmetry breaking highest degree node is applied.
c [Signal] Signal interruption. Caught signal: SIGTERM (15).
c [Main] Max width SAT is set to 17.
c [Main] Kill lower pid 5.
c [Main] Kill lower pid 10.
c [Main] Kill lower pid 8.
c [Main] Kill lower pid 7.
c [Main] Kill lower pid 14.
c [w = 14] Start task in PID: 21311.
c [w = 14] Cyclic Antibandwidth problem with w = 14 (caterpillar_9_6.txt):
c [w = 14] Initializing CaDiCaL (version 2.1.3).
c [w = 14] Configuring CaDiCaL as --sat (1).
c [w = 14] Encoding starts with w = 14:
c [w = 14] Symmetry breaking highest degree node is applied.
c [w = 14] Encoding duration: 44 ms.
c [w = 14] Number of clauses: 41403.
c [w = 14] Number of variables: 9612.
c [w = 14] SAT Solving starts:
c [Signal] Signal interruption. Caught signal: SIGTERM (15).
c [w = 10] Start task in PID: 21315.
c [w = 10] Cyclic Antibandwidth problem with w = 10 (caterpillar_9_6.txt):
c [w = 10] Initializing CaDiCaL (version 2.1.3).
c [w = 10] Configuring CaDiCaL as --sat (1).
c [w = 10] Encoding starts with w = 10:
c [w = 10] Symmetry breaking highest degree node is applied.
c [w = 10] Encoding duration: 44 ms.
c [w = 10] Number of clauses: 41139.
c [w = 10] Number of variables: 9504.
c [w = 10] SAT Solving starts:
c [Signal] Signal interruption. Caught signal: SIGTERM (15).
c [Main] Kill lower pid 5.
c [Signal] Signal interruption. Caught signal: SIGTERM (15).
c [Main] Child pid 5 - 21319 terminated by signal 15.
c [Main] Child pid 8 - 21320 terminated by signal 15.
c [Main] Child pid 14 - 21311 terminated by signal 15.
c [Main] Child pid 10 - 21315 terminated by signal 15.
c [w = 24] Start task in PID: 21317.
c [w = 24] Cyclic Antibandwidth problem with w = 24 (caterpillar_9_6.txt):
c [w = 24] Initializing CaDiCaL (version 2.1.3).
c [w = 24] Configuring CaDiCaL as --sat (1).
c [w = 24] Encoding starts with w = 24:
c [w = 24] Symmetry breaking highest degree node is applied.
c [w = 24] Encoding duration: 48 ms.
c [w = 24] Number of clauses: 44964.
c [w = 24] Number of variables: 10638.
c [w = 24] SAT Solving starts:
c [w = 24] Solving duration: 38 ms.
c [w = 24] Answer:
s [w = 24] SAT (w = 24).
c [w = 24] Solution check = 24.
c [w = 24] The solution is correct.
c [w = 24] Result: 10.
c [w = 20] Start task in PID: 21325.
c [w = 20] Cyclic Antibandwidth problem with w = 20 (caterpillar_9_6.txt):
c [w = 20] Initializing CaDiCaL (version 2.1.3).
c [w = 20] Configuring CaDiCaL as --sat (1).
c [w = 20] Encoding starts with w = 20:
c [w = 20] Symmetry breaking highest degree node is applied.
c [Signal] Signal interruption. Caught signal: SIGTERM (15).
c [w = 18] Start task in PID: 21324.
c [w = 18] Cyclic Antibandwidth problem with w = 18 (caterpillar_9_6.txt):
c [w = 18] Initializing CaDiCaL (version 2.1.3).
c [w = 18] Configuring CaDiCaL as --sat (1).
c [w = 18] Encoding starts with w = 18:
c [w = 18] Symmetry breaking highest degree node is applied.
c [Signal] Signal interruption. Caught signal: SIGTERM (15).
c [Main] Max width SAT is set to 24.
c [Main] Kill lower pid 23.
c [Main] Kill lower pid 20.
c [Main] Kill lower pid 18.
c [Main] Kill lower pid 22.
c [Main] Kill lower pid 19.
c [Main] Kill lower pid 21.
c [w = 22] Start task in PID: 21322.
c [w = 22] Cyclic Antibandwidth problem with w = 22 (caterpillar_9_6.txt):
c [w = 22] Initializing CaDiCaL (version 2.1.3).
c [w = 22] Configuring CaDiCaL as --sat (1).
c [w = 22] Encoding starts with w = 22:
c [w = 22] Symmetry breaking highest degree node is applied.
c [Signal] Signal interruption. Caught signal: SIGTERM (15).
c [w = 19] Start task in PID: 21321.
c [w = 19] Cyclic Antibandwidth problem with w = 19 (caterpillar_9_6.txt):
c [w = 19] Initializing CaDiCaL (version 2.1.3).
c [w = 19] Configuring CaDiCaL as --sat (1).
c [w = 19] Encoding starts with w = 19:
c [w = 19] Symmetry breaking highest degree node is applied.
c [Signal] Signal interruption. Caught signal: SIGTERM (15).
c [w = 21] Start task in PID: 21313.
c [w = 21] Cyclic Antibandwidth problem with w = 21 (caterpillar_9_6.txt):
c [w = 21] Initializing CaDiCaL (version 2.1.3).
c [w = 21] Configuring CaDiCaL as --sat (1).
c [w = 21] Encoding starts with w = 21:
c [w = 21] Symmetry breaking highest degree node is applied.
c [w = 21] Encoding duration: 46 ms.
c [w = 21] Number of clauses: 43344.
c [w = 21] Number of variables: 10152.
c [w = 21] SAT Solving starts:
c [Signal] Signal interruption. Caught signal: SIGTERM (15).
c [w = 23] Start task in PID: 21326.
c [w = 23] Cyclic Antibandwidth problem with w = 23 (caterpillar_9_6.txt):
c [w = 23] Initializing CaDiCaL (version 2.1.3).
c [w = 23] Configuring CaDiCaL as --sat (1).
c [w = 23] Encoding starts with w = 23:
c [w = 23] Symmetry breaking highest degree node is applied.
c [Signal] Signal interruption. Caught signal: SIGTERM (15).
c [Main] Child pid 20 - 21325 terminated by signal 15.
c [Main] Child pid 19 - 21321 terminated by signal 15.
e [Pid] Unable to open /proc/c [Main] Child pid 22 - 21322 terminated by signal 15.
c [Main] Child pid 18 - 21324 terminated by signal 15.
21321/task/21321c [Main] Child pid 23 - 21326 terminated by signal 15.
/children
e [Pid] Unable to open /proc/21322/task/21322/children
c [Main] Child pid 21 - 21313 terminated by signal 15.
e [Pid] Unable to open /proc/21324/task/21324/children
e [Pid] Unable to open /proc/21326/task/21326/children
e [Pid] Unable to open /proc/21313/status
e [Pid] Unable to open /proc/21321/status
e [Pid] Unable to open /proc/21322/status
e [Pid] Unable to open /proc/21324/status
e [Pid] Unable to open /proc/21326/status
c [w = 27] Start task in PID: 21328.
c [w = 27] Cyclic Antibandwidth problem with w = 27 (caterpillar_9_6.txt):
c [w = 27] Initializing CaDiCaL (version 2.1.3).
c [w = 27] Configuring CaDiCaL as --sat (1).
c [w = 27] Encoding starts with w = 27:
c [w = 27] Symmetry breaking highest degree node is applied.
c [w = 27] Encoding duration: 27 ms.
c [w = 27] Number of clauses: 42693.
c [w = 27] Number of variables: 9828.
c [w = 27] SAT Solving starts:
c [w = 27] Solving duration: 0 ms.
c [w = 27] Answer:
s [w = 27] UNSAT (w = 27).
c [w = 27] Result: 20.
c [Main] Min width UNSAT is set to 27
c [w = 25] Start task in PID: 21327.
c [w = 25] Cyclic Antibandwidth problem with w = 25 (caterpillar_9_6.txt):
c [w = 25] Initializing CaDiCaL (version 2.1.3).
c [w = 25] Configuring CaDiCaL as --sat (1).
c [w = 25] Encoding starts with w = 25:
c [w = 25] Symmetry breaking highest degree node is applied.
c [w = 25] Encoding duration: 29 ms.
c [w = 25] Number of clauses: 45504.
c [w = 25] Number of variables: 10800.
c [w = 25] SAT Solving starts:
c [w = 25] Solving duration: 59 ms.
c [w = 25] Answer:
s [w = 25] SAT (w = 25).
c [w = 25] Solution check = 25.
c [w = 25] The solution is correct.
c [w = 25] Result: 10.
c [Main] Max width SAT is set to 25.
c [w = 26] Start task in PID: 21323.
c [w = 26] Cyclic Antibandwidth problem with w = 26 (caterpillar_9_6.txt):
c [w = 26] Initializing CaDiCaL (version 2.1.3).
c [w = 26] Configuring CaDiCaL as --sat (1).
c [w = 26] Encoding starts with w = 26:
c [w = 26] Symmetry breaking highest degree node is applied.
c [w = 26] Encoding duration: 44 ms.
c [w = 26] Number of clauses: 46044.
c [w = 26] Number of variables: 10962.
c [w = 26] SAT Solving starts:
c [w = 26] Solving duration: 139 ms.
c [w = 26] Answer:
s [w = 26] UNSAT (w = 26).
c [w = 26] Result: 20.
c [Main] Min width UNSAT is set to 26
c [Signal] Signal interruption. Caught signal: SIGTERM (15).
c [Main] All children have completed.
r [Main] 
r [Main] Final results: 
r [Main] Max width SAT:  	25.
r [Main] Min width UNSAT:	26.
r [Main] Total real time: 261 ms.
r [Main] Total memory consumed: 20.1 MB.
r [Main] 
