c [Version] Cyclic Bandwidth Encoder version 1.0.0.
c [Param] Real time limit is set to 1800.
c [Param] Memory limit is set to 30000.
c [Param] Worker count is set to 4.
c [Main] Encoding and solving for graph: double_star_30_20.txt.
c [Main] Search strategy: Binary search from upper bound.
c [Main] No predefined lower bound is found for double_star_30_20.txt.
c [Main] LB-w = 2 (default value).
c [Main] Upper bound is set to 10.
c [Main] Search order: 6 8 9 10 7 3 4 5 2.
c [w = 8] Start task in PID: 29794.
c [w = 8] Cyclic Antibandwidth problem with w = 8 (double_star_30_20.txt):
c [w = 8] Initializing CaDiCaL (version 2.1.3).
c [w = 8] Configuring CaDiCaL as --sat (1).
c [w = 8] Encoding starts with w = 8:
c [w = 8] Symmetry breaking highest degree node is applied.
c [w = 8] Encoding duration: 24 ms.
c [w = 8] Number of clauses: 34946.
c [w = 8] Number of variables: 8050.
c [w = 8] SAT Solving starts:
c [w = 8] Solving duration: 68 ms.
c [w = 8] Answer:
s [w = 8] SAT (w = 8).
c [w = 8] Solution check = 8.
c [w = 8] The solution is correct.
c [w = 8] Result: 10.
c [Main] Max width SAT is set to 8.
c [Main] Kill lower pid 6.
c [w = 6] Start task in PID: 29793.
c [w = 6] Cyclic Antibandwidth problem with w = 6 (double_star_30_20.txt):
c [w = 6] Initializing CaDiCaL (version 2.1.3).
c [w = 6] Configuring CaDiCaL as --sat (1).
c [w = 6] Encoding starts with w = 6:
c [w = 6] Symmetry breaking highest degree node is applied.
c [w = 6] Encoding duration: 40 ms.
c [w = 6] Number of clauses: 34202.
c [w = 6] Number of variables: 7650.
c [w = 6] SAT Solving starts:
c [Signal] Signal interruption. Caught signal: SIGTERM (15).
c [Main] Child pid 6 - 29793 terminated by signal 15.
c [w = 9] Start task in PID: 29795.
c [w = 9] Cyclic Antibandwidth problem with w = 9 (double_star_30_20.txt):
c [w = 9] Initializing CaDiCaL (version 2.1.3).
c [w = 9] Configuring CaDiCaL as --sat (1).
c [w = 9] Encoding starts with w = 9:
c [w = 9] Symmetry breaking highest degree node is applied.
c [w = 9] Encoding duration: 24 ms.
c [w = 9] Number of clauses: 34943.
c [w = 9] Number of variables: 8100.
c [w = 9] SAT Solving starts:
c [w = 9] Solving duration: 90 ms.
c [w = 9] Answer:
s [w = 9] SAT (w = 9).
c [w = 9] Solution check = 9.
c [w = 9] The solution is correct.
c [w = 9] Result: 10.
c [Main] Max width SAT is set to 9.
c [w = 10] Start task in PID: 29796.
c [w = 10] Cyclic Antibandwidth problem with w = 10 (double_star_30_20.txt):
c [w = 10] Initializing CaDiCaL (version 2.1.3).
c [w = 10] Configuring CaDiCaL as --sat (1).
c [w = 10] Encoding starts with w = 10:
c [w = 10] Symmetry breaking highest degree node is applied.
c [w = 10] Encoding duration: 41 ms.
c [w = 10] Number of clauses: 34690.
c [w = 10] Number of variables: 8050.
c [w = 10] SAT Solving starts:
c [w = 10] Solving duration: 185 ms.
c [w = 10] Answer:
s [w = 10] SAT (w = 10).
c [w = 10] Solution check = 10.
c [w = 10] The solution is correct.
c [w = 10] Result: 10.
c [Main] Max width SAT is set to 10.
c [Signal] Signal interruption. Caught signal: SIGTERM (15).
c [Main] All children have completed.
r [Main] 
r [Main] Final results: 
r [Main] Max width SAT:  	10.
r [Main] Min width UNSAT:	-.
r [Main] Total real time: 232 ms.
r [Main] Total memory consumed: 27.6 MB.
r [Main] 
