c [Version] Cyclic Anti-bandwidth Encoder version 1.0.0.
c [Param] Real time limit is set to 3600.
c [Param] Memory limit is set to 30000.
c [Param] Worker count is set to 1.
c [Param] LB is predefined as 271.
c [Param] UB is predefined as 271.
c [Main] Encoding and solving for graph: S-sherman4.mtx.rnd.
c [Main] Search strategy: Iterating from lower bound.
c [Main] Lower bound is set to 128.
c [Main] Upper bound is set to 272.
c [Main] LB 128 is overwritten with 271.
c [Main] UB 272 is overwritten with 271.
c [Main] Search order: 271.
c [w = 271] Start task in PID: 19049.
c [w = 271] Cyclic Antibandwidth problem with w = 271 (S-sherman4.mtx.rnd):
c [w = 271] Initializing CaDiCaL (version 2.2.1).
c [w = 271] Configuring CaDiCaL as --sat (1).
c [w = 271] Encoding starts with w = 271:
c [w = 271] Symmetry breaking highest degree node is applied.
c [w = 271] Encoding duration: 4194 ms.
c [w = 271] Number of clauses: 6541842.
c [w = 271] Number of variables: 1084356.
c [w = 271] SAT Solving starts:
c [w = 271] Solving duration: 316856 ms.
c [w = 271] Answer:
s [w = 271] UNSAT (w = 271).
c [w = 271] Result: 20.
c [Main] Min width UNSAT is set to 271
c [Signal] Signal interruption. Caught signal: SIGTERM (15).
c [Main] All children have completed.
r [Main] 
r [Main] Final results: 
r [Main] Max width SAT:  	-.
r [Main] Min width UNSAT:	271.
r [Main] Total real time: 322007 ms.
r [Main] Total memory consumed: 2160.2 MB.
r [Main] 
