c [Version] Cyclic Anti-bandwidth Encoder version 1.0.0.
c [Param] Real time limit is set to 3600.
c [Param] Memory limit is set to 30000.
c [Param] Worker count is set to 1.
c [Param] LB is predefined as 230.
c [Param] UB is predefined as 230.
c [Main] Encoding and solving for graph: S-sherman4.mtx.rnd.
c [Main] Search strategy: Iterating from lower bound.
c [Main] Lower bound is set to 128.
c [Main] Upper bound is set to 272.
c [Main] LB 128 is overwritten with 230.
c [Main] UB 272 is overwritten with 230.
c [Main] Search order: 230.
c [w = 230] Start task in PID: 58991.
c [w = 230] Cyclic Antibandwidth problem with w = 230 (S-sherman4.mtx.rnd):
c [w = 230] Initializing CaDiCaL (version 2.2.1).
c [w = 230] Configuring CaDiCaL as --sat (1).
c [w = 230] Encoding starts with w = 230:
c [w = 230] Symmetry breaking highest degree node is applied.
c [w = 230] Encoding duration: 3168 ms.
c [w = 230] Number of clauses: 6317982.
c [w = 230] Number of variables: 1017198.
c [w = 230] SAT Solving starts:
c [w = 230] Solving duration: 2379236 ms.
c [w = 230] Answer:
s [w = 230] SAT (w = 230).
c [w = 230] Solution check = 230.
c [w = 230] The solution is correct.
c [w = 230] Result: 10.
c [Main] Max width SAT is set to 230.
c [Main] All children have completed.
r [Main] 
r [Main] Final results: 
r [Main] Max width SAT:  	230.
r [Main] Min width UNSAT:	-.
r [Main] Total real time: 2383193 ms.
r [Main] Total memory consumed: 2500.3 MB.
r [Main] 
c [Signal] Signal interruption. Caught signal: SIGTERM (15).
