c [Version] Cyclic Anti-bandwidth Encoder version 1.0.0.
c [Param] Real time limit is set to 3600.
c [Param] Memory limit is set to 30000.
c [Param] Worker count is set to 1.
c [Param] LB is predefined as 240.
c [Param] UB is predefined as 240.
c [Main] Encoding and solving for graph: S-sherman4.mtx.rnd.
c [Main] Search strategy: Iterating from lower bound.
c [Main] Lower bound is set to 128.
c [Main] Upper bound is set to 272.
c [Main] LB 128 is overwritten with 240.
c [Main] UB 272 is overwritten with 240.
c [Main] Search order: 240.
c [w = 240] Start task in PID: 65555.
c [w = 240] Cyclic Antibandwidth problem with w = 240 (S-sherman4.mtx.rnd):
c [w = 240] Initializing CaDiCaL (version 2.2.1).
c [w = 240] Configuring CaDiCaL as --sat (1).
c [w = 240] Encoding starts with w = 240:
c [w = 240] Symmetry breaking highest degree node is applied.
c [w = 240] Encoding duration: 2931 ms.
c [w = 240] Number of clauses: 6372582.
c [w = 240] Number of variables: 1033578.
c [w = 240] SAT Solving starts:
c [Signal] Signal interruption. Caught signal: SIGTERM (15).
c [Main] Lim pid ends with result: 254.
c [Main] All children have completed.
r [Main] 
r [Main] Final results: 
r [Main] Max width SAT:  	-.
r [Main] Min width UNSAT:	-.
r [Main] Total real time: 3611800 ms.
r [Main] Total memory consumed: 2199.6 MB.
r [Main] 
