c [Version] Cyclic Anti-bandwidth Encoder version 1.0.0.
c [Param] Real time limit is set to 3600.
c [Param] Memory limit is set to 30000.
c [Param] Worker count is set to 1.
c [Param] LB is predefined as 247.
c [Param] UB is predefined as 247.
c [Main] Encoding and solving for graph: S-sherman4.mtx.rnd.
c [Main] Search strategy: Iterating from lower bound.
c [Main] Lower bound is set to 128.
c [Main] Upper bound is set to 272.
c [Main] LB 128 is overwritten with 247.
c [Main] UB 272 is overwritten with 247.
c [Main] Search order: 247.
c [w = 247] Start task in PID: 6593.
c [w = 247] Cyclic Antibandwidth problem with w = 247 (S-sherman4.mtx.rnd):
c [w = 247] Initializing CaDiCaL (version 2.2.1).
c [w = 247] Configuring CaDiCaL as --sat (1).
c [w = 247] Encoding starts with w = 247:
c [w = 247] Symmetry breaking highest degree node is applied.
c [w = 247] Encoding duration: 3191 ms.
c [w = 247] Number of clauses: 6410802.
c [w = 247] Number of variables: 1045044.
c [w = 247] SAT Solving starts:
c [Signal] Signal interruption. Caught signal: SIGTERM (15).
c [Main] Lim pid ends with result: 254.
c [Main] All children have completed.
r [Main] 
r [Main] Final results: 
r [Main] Max width SAT:  	-.
r [Main] Min width UNSAT:	-.
r [Main] Total real time: 3612971 ms.
r [Main] Total memory consumed: 2348.4 MB.
r [Main] 
