c [Version] Cyclic Anti-bandwidth Encoder version 1.0.0.
c [Param] Real time limit is set to 3600.
c [Param] Memory limit is set to 30000.
c [Param] Worker count is set to 1.
c [Param] LB is predefined as 270.
c [Param] UB is predefined as 270.
c [Main] Encoding and solving for graph: S-sherman4.mtx.rnd.
c [Main] Search strategy: Iterating from lower bound.
c [Main] Lower bound is set to 128.
c [Main] Upper bound is set to 272.
c [Main] LB 128 is overwritten with 270.
c [Main] UB 272 is overwritten with 270.
c [Main] Search order: 270.
c [w = 270] Start task in PID: 18390.
c [w = 270] Cyclic Antibandwidth problem with w = 270 (S-sherman4.mtx.rnd):
c [w = 270] Initializing CaDiCaL (version 2.2.1).
c [w = 270] Configuring CaDiCaL as --sat (1).
c [w = 270] Encoding starts with w = 270:
c [w = 270] Symmetry breaking highest degree node is applied.
c [w = 270] Encoding duration: 4171 ms.
c [w = 270] Number of clauses: 6536382.
c [w = 270] Number of variables: 1082718.
c [w = 270] SAT Solving starts:
c [w = 270] Solving duration: 2691447 ms.
c [w = 270] Answer:
s [w = 270] UNSAT (w = 270).
c [w = 270] Result: 20.
c [Main] Min width UNSAT is set to 270
c [Signal] Signal interruption. Caught signal: SIGTERM (15).
c [Main] All children have completed.
r [Main] 
r [Main] Final results: 
r [Main] Max width SAT:  	-.
r [Main] Min width UNSAT:	270.
r [Main] Total real time: 2696252 ms.
r [Main] Total memory consumed: 2414.4 MB.
r [Main] 
