c [Version] Cyclic Anti-bandwidth Encoder version 1.0.0.
c [Param] Real time limit is set to 3600.
c [Param] Memory limit is set to 30000.
c [Param] Worker count is set to 1.
c [Param] LB is predefined as 294.
c [Param] UB is predefined as 294.
c [Main] Encoding and solving for graph: V-nos6.mtx.rnd.
c [Main] Search strategy: Iterating from lower bound.
c [Main] Lower bound is set to 163.
c [Main] Upper bound is set to 337.
c [Main] LB 163 is overwritten with 294.
c [Main] UB 337 is overwritten with 294.
c [Main] Search order: 294.
c [w = 294] Start task in PID: 61770.
c [w = 294] Cyclic Antibandwidth problem with w = 294 (V-nos6.mtx.rnd):
c [w = 294] Initializing CaDiCaL (version 2.2.1).
c [w = 294] Configuring CaDiCaL as --sat (1).
c [w = 294] Encoding starts with w = 294:
c [w = 294] Symmetry breaking highest degree node is applied.
c [w = 294] Encoding duration: 5939 ms.
c [w = 294] Number of clauses: 8727952.
c [w = 294] Number of variables: 1568025.
c [w = 294] SAT Solving starts:
c [Signal] Signal interruption. Caught signal: SIGTERM (15).
c [Main] Lim pid ends with result: 254.
c [Main] All children have completed.
r [Main] 
r [Main] Final results: 
r [Main] Max width SAT:  	-.
r [Main] Min width UNSAT:	-.
r [Main] Total real time: 3610520 ms.
r [Main] Total memory consumed: 3607.3 MB.
r [Main] 
