c [Version] Cyclic Anti-bandwidth Encoder version 1.0.0.
c [Param] Real time limit is set to 3600.
c [Param] Memory limit is set to 30000.
c [Param] Worker count is set to 1.
c [Param] LB is predefined as 278.
c [Param] UB is predefined as 278.
c [Main] Encoding and solving for graph: V-nos6.mtx.rnd.
c [Main] Search strategy: Iterating from lower bound.
c [Main] Lower bound is set to 163.
c [Main] Upper bound is set to 337.
c [Main] LB 163 is overwritten with 278.
c [Main] UB 337 is overwritten with 278.
c [Main] Search order: 278.
c [w = 278] Start task in PID: 52621.
c [w = 278] Cyclic Antibandwidth problem with w = 278 (V-nos6.mtx.rnd):
c [w = 278] Initializing CaDiCaL (version 2.2.1).
c [w = 278] Configuring CaDiCaL as --sat (1).
c [w = 278] Encoding starts with w = 278:
c [w = 278] Symmetry breaking highest degree node is applied.
c [w = 278] Encoding duration: 5766 ms.
c [w = 278] Number of clauses: 8619952.
c [w = 278] Number of variables: 1535625.
c [w = 278] SAT Solving starts:
c [w = 278] Solving duration: 1109068 ms.
c [w = 278] Answer:
s [w = 278] SAT (w = 278).
c [w = 278] Solution check = 278.
c [w = 278] The solution is correct.
c [w = 278] Result: 10.
c [Main] Max width SAT is set to 278.
c [Signal] Signal interruption. Caught signal: SIGTERM (15).
c [Main] All children have completed.
r [Main] 
r [Main] Final results: 
r [Main] Max width SAT:  	278.
r [Main] Min width UNSAT:	-.
r [Main] Total real time: 1116036 ms.
r [Main] Total memory consumed: 3269.7 MB.
r [Main] 
