c [Version] Cyclic Anti-bandwidth Encoder version 1.0.0.
c [Param] Real time limit is set to 3600.
c [Param] Memory limit is set to 30000.
c [Param] Worker count is set to 1.
c [Param] LB is predefined as 292.
c [Param] UB is predefined as 292.
c [Main] Encoding and solving for graph: V-nos6.mtx.rnd.
c [Main] Search strategy: Iterating from lower bound.
c [Main] Lower bound is set to 163.
c [Main] Upper bound is set to 337.
c [Main] LB 163 is overwritten with 292.
c [Main] UB 337 is overwritten with 292.
c [Main] Search order: 292.
c [w = 292] Start task in PID: 60144.
c [w = 292] Cyclic Antibandwidth problem with w = 292 (V-nos6.mtx.rnd):
c [w = 292] Initializing CaDiCaL (version 2.2.1).
c [w = 292] Configuring CaDiCaL as --sat (1).
c [w = 292] Encoding starts with w = 292:
c [w = 292] Symmetry breaking highest degree node is applied.
c [w = 292] Encoding duration: 5981 ms.
c [w = 292] Number of clauses: 8714452.
c [w = 292] Number of variables: 1563975.
c [w = 292] SAT Solving starts:
c [Signal] Signal interruption. Caught signal: SIGTERM (15).
c [Main] Lim pid ends with result: 254.
c [Main] All children have completed.
r [Main] 
r [Main] Final results: 
r [Main] Max width SAT:  	-.
r [Main] Min width UNSAT:	-.
r [Main] Total real time: 3609963 ms.
r [Main] Total memory consumed: 3652 MB.
r [Main] 
