c [Version] Cyclic Anti-bandwidth Encoder version 1.0.0.
c [Param] Real time limit is set to 3600.
c [Param] Memory limit is set to 30000.
c [Param] Worker count is set to 1.
c [Param] LB is predefined as 279.
c [Param] UB is predefined as 279.
c [Main] Encoding and solving for graph: V-nos6.mtx.rnd.
c [Main] Search strategy: Iterating from lower bound.
c [Main] Lower bound is set to 163.
c [Main] Upper bound is set to 337.
c [Main] LB 163 is overwritten with 279.
c [Main] UB 337 is overwritten with 279.
c [Main] Search order: 279.
c [w = 279] Start task in PID: 52854.
c [w = 279] Cyclic Antibandwidth problem with w = 279 (V-nos6.mtx.rnd):
c [w = 279] Initializing CaDiCaL (version 2.2.1).
c [w = 279] Configuring CaDiCaL as --sat (1).
c [w = 279] Encoding starts with w = 279:
c [w = 279] Symmetry breaking highest degree node is applied.
c [w = 279] Encoding duration: 5823 ms.
c [w = 279] Number of clauses: 8626702.
c [w = 279] Number of variables: 1537650.
c [w = 279] SAT Solving starts:
c [w = 279] Solving duration: 1199953 ms.
c [w = 279] Answer:
s [w = 279] SAT (w = 279).
c [w = 279] Solution check = 279.
c [w = 279] The solution is correct.
c [w = 279] Result: 10.
c [Main] Max width SAT is set to 279.
c [Signal] Signal interruption. Caught signal: SIGTERM (15).
c [Main] All children have completed.
r [Main] 
r [Main] Final results: 
r [Main] Max width SAT:  	279.
r [Main] Min width UNSAT:	-.
r [Main] Total real time: 1207021 ms.
r [Main] Total memory consumed: 3034.4 MB.
r [Main] 
