c [Version] Cyclic Anti-bandwidth Encoder version 1.0.0.
c [Param] Real time limit is set to 3600.
c [Param] Memory limit is set to 30000.
c [Param] Worker count is set to 1.
c [Param] LB is predefined as 336.
c [Param] UB is predefined as 336.
c [Main] Encoding and solving for graph: V-nos6.mtx.rnd.
c [Main] Search strategy: Iterating from lower bound.
c [Main] Lower bound is set to 163.
c [Main] Upper bound is set to 337.
c [Main] LB 163 is overwritten with 336.
c [Main] UB 337 is overwritten with 336.
c [Main] Search order: 336.
c [w = 336] Start task in PID: 101230.
c [w = 336] Cyclic Antibandwidth problem with w = 336 (V-nos6.mtx.rnd):
c [w = 336] Initializing CaDiCaL (version 2.2.1).
c [w = 336] Configuring CaDiCaL as --sat (1).
c [w = 336] Encoding starts with w = 336:
c [w = 336] Symmetry breaking highest degree node is applied.
c [w = 336] Encoding duration: 6114 ms.
c [w = 336] Number of clauses: 9011452.
c [w = 336] Number of variables: 1653075.
c [w = 336] SAT Solving starts:
c [w = 336] Solving duration: 193361 ms.
c [w = 336] Answer:
s [w = 336] UNSAT (w = 336).
c [w = 336] Result: 20.
c [Main] Min width UNSAT is set to 336
c [Signal] Signal interruption. Caught signal: SIGTERM (15).
c [Main] All children have completed.
r [Main] 
r [Main] Final results: 
r [Main] Max width SAT:  	-.
r [Main] Min width UNSAT:	336.
r [Main] Total real time: 201288 ms.
r [Main] Total memory consumed: 3004 MB.
r [Main] 
