c [Version] Cyclic Anti-bandwidth Encoder version 1.0.0.
c [Param] Real time limit is set to 3600.
c [Param] Memory limit is set to 30000.
c [Param] Worker count is set to 1.
c [Param] LB is predefined as 285.
c [Param] UB is predefined as 285.
c [Main] Encoding and solving for graph: V-nos6.mtx.rnd.
c [Main] Search strategy: Iterating from lower bound.
c [Main] Lower bound is set to 163.
c [Main] Upper bound is set to 337.
c [Main] LB 163 is overwritten with 285.
c [Main] UB 337 is overwritten with 285.
c [Main] Search order: 285.
c [w = 285] Start task in PID: 55658.
c [w = 285] Cyclic Antibandwidth problem with w = 285 (V-nos6.mtx.rnd):
c [w = 285] Initializing CaDiCaL (version 2.2.1).
c [w = 285] Configuring CaDiCaL as --sat (1).
c [w = 285] Encoding starts with w = 285:
c [w = 285] Symmetry breaking highest degree node is applied.
c [w = 285] Encoding duration: 5870 ms.
c [w = 285] Number of clauses: 8667202.
c [w = 285] Number of variables: 1549800.
c [w = 285] SAT Solving starts:
c [w = 285] Solving duration: 843095 ms.
c [w = 285] Answer:
s [w = 285] SAT (w = 285).
c [w = 285] Solution check = 285.
c [w = 285] The solution is correct.
c [w = 285] Result: 10.
c [Main] Max width SAT is set to 285.
c [Main] All children have completed.
r [Main] 
r [Main] Final results: 
r [Main] Max width SAT:  	285.
r [Main] Min width UNSAT:	-.
r [Main] Total real time: 850240 ms.
r [Main] Total memory consumed: 3041.1 MB.
r [Main] 
c [Signal] Signal interruption. Caught signal: SIGTERM (15).
