c [Version] Cyclic Anti-bandwidth Encoder version 1.0.0.
c [Param] Real time limit is set to 3600.
c [Param] Memory limit is set to 30000.
c [Param] Worker count is set to 1.
c [Param] LB is predefined as 298.
c [Param] UB is predefined as 298.
c [Main] Encoding and solving for graph: V-nos6.mtx.rnd.
c [Main] Search strategy: Iterating from lower bound.
c [Main] Lower bound is set to 163.
c [Main] Upper bound is set to 337.
c [Main] LB 163 is overwritten with 298.
c [Main] UB 337 is overwritten with 298.
c [Main] Search order: 298.
c [w = 298] Start task in PID: 66905.
c [w = 298] Cyclic Antibandwidth problem with w = 298 (V-nos6.mtx.rnd):
c [w = 298] Initializing CaDiCaL (version 2.2.1).
c [w = 298] Configuring CaDiCaL as --sat (1).
c [w = 298] Encoding starts with w = 298:
c [w = 298] Symmetry breaking highest degree node is applied.
c [w = 298] Encoding duration: 6188 ms.
c [w = 298] Number of clauses: 8754952.
c [w = 298] Number of variables: 1576125.
c [w = 298] SAT Solving starts:
c [Signal] Signal interruption. Caught signal: SIGTERM (15).
c [Main] Lim pid ends with result: 254.
c [Main] All children have completed.
r [Main] 
r [Main] Final results: 
r [Main] Max width SAT:  	-.
r [Main] Min width UNSAT:	-.
r [Main] Total real time: 3610936 ms.
r [Main] Total memory consumed: 3100.3 MB.
r [Main] 
