c [Version] Cyclic Bandwidth Encoder version 1.0.0.
c [Param] Real time limit is set to 1800.
c [Param] Memory limit is set to 30000.
c [Param] Worker count is set to 8.
c [Main] Encoding and solving for graph: p7_100_200.
c [Main] Search strategy: Binary search using BFS.
c [Main] No predefined lower bound is found for p7_100_200.
c [Main] LB-w = 2 (default value).
c [Main] No predefined upper bound is found for p7_100_200.
c [Main] UB-w = 50 (default value calculated as n/2).
c [Main] Search order: 26 13 38 7 19 32 44 4 10 16 22 29 35 41 47 2 5 8 11 14 17 20 24 27 30 33 36 39 42 45 49 3 6 9 12 15 18 21 23 25 28 31 34 37 40 43 46 48 50.
c [w = 7] Start task in PID: 48807.
c [w = 7] Cyclic Antibandwidth problem with w = 7 (p7_100_200):
c [w = 7] Initializing CaDiCaL (version 2.1.3).
c [w = 7] Configuring CaDiCaL as --sat (1).
c [w = 7] Encoding starts with w = 7:
c [w = 7] Symmetry breaking highest degree node is applied.
c [w = 7] Encoding duration: 201 ms.
c [w = 7] Number of clauses: 176450.
c [w = 7] Number of variables: 29600.
c [w = 7] SAT Solving starts:
c [w = 7] Solving duration: 26 ms.
c [w = 7] Answer:
s [w = 7] SAT (w = 7).
c [w = 7] Solution check = 7.
c [w = 7] The solution is correct.
c [w = 7] Result: 10.
c [w = 4] Start task in PID: 48811.
c [w = 4] Cyclic Antibandwidth problem with w = 4 (p7_100_200):
c [w = 4] Initializing CaDiCaL (version 2.1.3).
c [w = 4] Configuring CaDiCaL as --sat (1).
c [w = 4] Encoding starts with w = 4:
c [w = 4] Symmetry breaking highest degree node is applied.
c [w = 4] Encoding duration: 193 ms.
c [w = 4] Number of clauses: 180150.
c [w = 4] Number of variables: 26100.
c [w = 4] SAT Solving starts:
c [w = 4] Solving duration: 36 ms.
c [w = 4] Answer:
s [w = 4] SAT (w = 4).
c [w = 4] Solution check = 4.
c [w = 4] The solution is correct.
c [w = 4] Result: 10.
c [Main] Max width SAT is set to 7.
c [Main] Kill lower pid 4.
c [w = 38] Start task in PID: 48806.
c [w = 38] Cyclic Antibandwidth problem with w = 38 (p7_100_200):
c [w = 38] Initializing CaDiCaL (version 2.1.3).
c [w = 38] Configuring CaDiCaL as --sat (1).
c [w = 38] Encoding starts with w = 38:
c [w = 38] Symmetry breaking highest degree node is applied.
c [w = 38] Encoding duration: 215 ms.
c [w = 38] Number of clauses: 188850.
c [w = 38] Number of variables: 34100.
c [w = 38] SAT Solving starts:
c [w = 38] Solving duration: 24 ms.
c [w = 38] Answer:
s [w = 38] UNSAT (w = 38).
c [w = 38] Result: 20.
c [Main] Min width UNSAT is set to 38
c [Main] Kill higher pid 44.
c [w = 44] Start task in PID: 48810.
c [w = 44] Cyclic Antibandwidth problem with w = 44 (p7_100_200):
c [w = 44] Initializing CaDiCaL (version 2.1.3).
c [w = 44] Configuring CaDiCaL as --sat (1).
c [w = 44] Encoding starts with w = 44:
c [w = 44] Symmetry breaking highest degree node is applied.
c [w = 44] Encoding duration: 217 ms.
c [w = 44] Number of clauses: 194850.
c [w = 44] Number of variables: 35900.
c [w = 44] SAT Solving starts:
c [w = 44] Solving duration: 32 ms.
c [w = 44] Answer:
s [w = 44] UNSAT (w = 44).
c [Signal] Signal interruption. Caught signal: SIGTERM (15).
c [Main] Child pid 44 - 48810 terminated by signal 15.
c [w = 19] Start task in PID: 48808.
c [w = 19] Cyclic Antibandwidth problem with w = 19 (p7_100_200):
c [w = 19] Initializing CaDiCaL (version 2.1.3).
c [w = 19] Configuring CaDiCaL as --sat (1).
c [w = 19] Encoding starts with w = 19:
c [w = 19] Symmetry breaking highest degree node is applied.
c [w = 19] Encoding duration: 206 ms.
c [w = 19] Number of clauses: 183950.
c [w = 19] Number of variables: 33200.
c [w = 19] SAT Solving starts:
c [w = 19] Solving duration: 53 ms.
c [w = 19] Answer:
s [w = 19] SAT (w = 19).
c [w = 19] Solution check = 19.
c [w = 19] The solution is correct.
c [w = 19] Result: 10.
c [w = 13] Start task in PID: 48805.
c [w = 13] Cyclic Antibandwidth problem with w = 13 (p7_100_200):
c [w = 13] Initializing CaDiCaL (version 2.1.3).
c [w = 13] Configuring CaDiCaL as --sat (1).
c [w = 13] Encoding starts with w = 13:
c [w = 13] Symmetry breaking highest degree node is applied.
c [w = 13] Encoding duration: 206 ms.
c [w = 13] Number of clauses: 178850.
c [w = 13] Number of variables: 31600.
c [w = 13] SAT Solving starts:
c [w = 13] Solving duration: 54 ms.
c [w = 13] Answer:
s [w = 13] SAT (w = 13).
c [w = 13] Solution check = 13.
c [w = 13] The solution is correct.
c [w = 13] Result: 10.
c [Main] Max width SAT is set to 19.
c [Main] Kill lower pid 16.
c [Main] Kill lower pid 10.
c [Main] Kill lower pid 13.
c [w = 16] Start task in PID: 48813.
c [w = 16] Cyclic Antibandwidth problem with w = 16 (p7_100_200):
c [w = 16] Initializing CaDiCaL (version 2.1.3).
c [w = 16] Configuring CaDiCaL as --sat (1).
c [w = 16] Encoding starts with w = 16:
c [w = 16] Symmetry breaking highest degree node is applied.
c [Signal] Signal interruption. Caught signal: SIGTERM (15).
c [w = 10] Start task in PID: 48812.
c [w = 10] Cyclic Antibandwidth problem with w = 10 (p7_100_200):
c [w = 10] Initializing CaDiCaL (version 2.1.3).
c [w = 10] Configuring CaDiCaL as --sat (1).
c [w = 10] Encoding starts with w = 10:
c [w = 10] Symmetry breaking highest degree node is applied.
c [Signal] Signal interruption. Caught signal: SIGTERM (15).
c [Main] Child pid 16 - 48813 terminated by signal 15.
c [Main] Kill lower pid 10.
c [Main] Child pid 10 - 48812 terminated by signal 15.
c [w = 24] Start task in PID: 48818.
c [w = 24] Cyclic Antibandwidth problem with w = 24 (p7_100_200):
c [w = 24] Initializing CaDiCaL (version 2.1.3).
c [w = 24] Configuring CaDiCaL as --sat (1).
c [w = 24] Encoding starts with w = 24:
c [w = 24] Symmetry breaking highest degree node is applied.
c [w = 24] Encoding duration: 212 ms.
c [w = 24] Number of clauses: 187150.
c [w = 24] Number of variables: 34100.
c [w = 24] SAT Solving starts:
c [w = 24] Solving duration: 48 ms.
c [w = 24] Answer:
s [w = 24] SAT (w = 24).
c [w = 24] Solution check = 24.
c [w = 24] The solution is correct.
c [w = 24] Result: 10.
c [Main] Max width SAT is set to 24.
c [Main] Kill lower pid 20.
c [Main] Kill lower pid 22.
c [w = 20] Start task in PID: 48817.
c [w = 20] Cyclic Antibandwidth problem with w = 20 (p7_100_200):
c [w = 20] Initializing CaDiCaL (version 2.1.3).
c [w = 20] Configuring CaDiCaL as --sat (1).
c [w = 20] Encoding starts with w = 20:
c [w = 20] Symmetry breaking highest degree node is applied.
c [w = 20] Encoding duration: 202 ms.
c [w = 20] Number of clauses: 180750.
c [w = 20] Number of variables: 32100.
c [w = 20] SAT Solving starts:
c [Signal] Signal interruption. Caught signal: SIGTERM (15).
c [w = 22] Start task in PID: 48814.
c [w = 22] Cyclic Antibandwidth problem with w = 22 (p7_100_200):
c [w = 22] Initializing CaDiCaL (version 2.1.3).
c [w = 22] Configuring CaDiCaL as --sat (1).
c [w = 22] Encoding starts with w = 22:
c [w = 22] Symmetry breaking highest degree node is applied.
c [w = 22] Encoding duration: 199 ms.
c [w = 22] Number of clauses: 183950.
c [w = 22] Number of variables: 33100.
c [w = 22] SAT Solving starts:
c [Signal] Signal interruption. Caught signal: SIGTERM (15).
c [Main] Child pid 22 - 48814 terminated by signal 15.
c [Main] Child pid 20 - 48817 terminated by signal 15.
c [w = 35] Start task in PID: 48816.
c [w = 35] Cyclic Antibandwidth problem with w = 35 (p7_100_200):
c [w = 35] Initializing CaDiCaL (version 2.1.3).
c [w = 35] Configuring CaDiCaL as --sat (1).
c [w = 35] Encoding starts with w = 35:
c [w = 35] Symmetry breaking highest degree node is applied.
c [w = 35] Encoding duration: 207 ms.
c [w = 35] Number of clauses: 185850.
c [w = 35] Number of variables: 33200.
c [w = 35] SAT Solving starts:
c [w = 35] Solving duration: 148 ms.
c [w = 35] Answer:
s [w = 35] UNSAT (w = 35).
c [w = 35] Result: 20.
c [Main] Min width UNSAT is set to 35
c [Main] Kill higher pid 36.
c [w = 36] Start task in PID: 48822.
c [w = 36] Cyclic Antibandwidth problem with w = 36 (p7_100_200):
c [w = 36] Initializing CaDiCaL (version 2.1.3).
c [w = 36] Configuring CaDiCaL as --sat (1).
c [w = 36] Encoding starts with w = 36:
c [w = 36] Symmetry breaking highest degree node is applied.
c [Signal] Signal interruption. Caught signal: SIGTERM (15).
c [Main] Child pid 36 - 48822 terminated by signal 15.
c [w = 27] Start task in PID: 48819.
c [w = 27] Cyclic Antibandwidth problem with w = 27 (p7_100_200):
c [w = 27] Initializing CaDiCaL (version 2.1.3).
c [w = 27] Configuring CaDiCaL as --sat (1).
c [w = 27] Encoding starts with w = 27:
c [w = 27] Symmetry breaking highest degree node is applied.
c [w = 27] Encoding duration: 207 ms.
c [w = 27] Number of clauses: 184850.
c [w = 27] Number of variables: 33200.
c [w = 27] SAT Solving starts:
c [w = 27] Solving duration: 453 ms.
c [w = 27] Answer:
s [w = 27] SAT (w = 27).
c [w = 27] Solution check = 27.
c [w = 27] The solution is correct.
c [w = 27] Result: 10.
c [Main] Max width SAT is set to 27.
c [Main] Kill lower pid 25.
c [Main] Kill lower pid 26.
c [w = 25] Start task in PID: 48823.
c [w = 25] Cyclic Antibandwidth problem with w = 25 (p7_100_200):
c [w = 25] Initializing CaDiCaL (version 2.1.3).
c [w = 25] Configuring CaDiCaL as --sat (1).
c [w = 25] Encoding starts with w = 25:
c [w = 25] Symmetry breaking highest degree node is applied.
c [w = 25] Encoding duration: 199 ms.
c [w = 25] Number of clauses: 182250.
c [w = 25] Number of variables: 32400.
c [w = 25] SAT Solving starts:
c [Signal] Signal interruption. Caught signal: SIGTERM (15).
c [w = 26] Start task in PID: 48804.
c [w = 26] Cyclic Antibandwidth problem with w = 26 (p7_100_200):
c [w = 26] Initializing CaDiCaL (version 2.1.3).
c [w = 26] Configuring CaDiCaL as --sat (1).
c [w = 26] Encoding starts with w = 26:
c [w = 26] Symmetry breaking highest degree node is applied.
c [w = 26] Encoding duration: 205 ms.
c [w = 26] Number of clauses: 183550.
c [w = 26] Number of variables: 32800.
c [w = 26] SAT Solving starts:
c [Signal] Signal interruption. Caught signal: SIGTERM (15).
c [Main] Child pid 25 - 48823 terminated by signal 15.
c [Main] Child pid 26 - 48804 terminated by signal 15.
c [w = 34] Start task in PID: 48826.
c [w = 34] Cyclic Antibandwidth problem with w = 34 (p7_100_200):
c [w = 34] Initializing CaDiCaL (version 2.1.3).
c [w = 34] Configuring CaDiCaL as --sat (1).
c [w = 34] Encoding starts with w = 34:
c [w = 34] Symmetry breaking highest degree node is applied.
c [w = 34] Encoding duration: 203 ms.
c [w = 34] Number of clauses: 184850.
c [w = 34] Number of variables: 32900.
c [w = 34] SAT Solving starts:
c [w = 34] Solving duration: 23 ms.
c [w = 34] Answer:
s [w = 34] UNSAT (w = 34).
c [w = 34] Result: 20.
c [Main] Min width UNSAT is set to 34
c [w = 30] Start task in PID: 48820.
c [w = 30] Cyclic Antibandwidth problem with w = 30 (p7_100_200):
c [w = 30] Initializing CaDiCaL (version 2.1.3).
c [w = 30] Configuring CaDiCaL as --sat (1).
c [w = 30] Encoding starts with w = 30:
c [w = 30] Symmetry breaking highest degree node is applied.
c [w = 30] Encoding duration: 206 ms.
c [w = 30] Number of clauses: 188750.
c [w = 30] Number of variables: 34400.
c [w = 30] SAT Solving starts:
c [w = 30] Solving duration: 2700 ms.
c [w = 30] Answer:
s [w = 30] SAT (w = 30).
c [w = 30] Solution check = 30.
c [w = 30] The solution is correct.
c [w = 30] Result: 10.
c [Main] Max width SAT is set to 30.
c [Main] Kill lower pid 28.
c [Main] Kill lower pid 29.
c [w = 28] Start task in PID: 48824.
c [w = 28] Cyclic Antibandwidth problem with w = 28 (p7_100_200):
c [w = 28] Initializing CaDiCaL (version 2.1.3).
c [w = 28] Configuring CaDiCaL as --sat (1).
c [w = 28] Encoding starts with w = 28:
c [w = 28] Symmetry breaking highest degree node is applied.
c [w = 28] Encoding duration: 194 ms.
c [w = 28] Number of clauses: 186150.
c [w = 28] Number of variables: 33600.
c [w = 28] SAT Solving starts:
c [Signal] Signal interruption. Caught signal: SIGTERM (15).
c [w = 29] Start task in PID: 48815.
c [w = 29] Cyclic Antibandwidth problem with w = 29 (p7_100_200):
c [w = 29] Initializing CaDiCaL (version 2.1.3).
c [w = 29] Configuring CaDiCaL as --sat (1).
c [w = 29] Encoding starts with w = 29:
c [w = 29] Symmetry breaking highest degree node is applied.
c [w = 29] Encoding duration: 209 ms.
c [w = 29] Number of clauses: 187450.
c [w = 29] Number of variables: 34000.
c [w = 29] SAT Solving starts:
c [Signal] Signal interruption. Caught signal: SIGTERM (15).
c [Main] Child pid 28 - 48824 terminated by signal 15.
c [Main] Child pid 29 - 48815 terminated by signal 15.
c [w = 33] Start task in PID: 48821.
c [w = 33] Cyclic Antibandwidth problem with w = 33 (p7_100_200):
c [w = 33] Initializing CaDiCaL (version 2.1.3).
c [w = 33] Configuring CaDiCaL as --sat (1).
c [w = 33] Encoding starts with w = 33:
c [w = 33] Symmetry breaking highest degree node is applied.
c [w = 33] Encoding duration: 202 ms.
c [w = 33] Number of clauses: 183450.
c [w = 33] Number of variables: 32600.
c [w = 33] SAT Solving starts:
c [w = 33] Solving duration: 3221 ms.
c [w = 33] Answer:
s [w = 33] UNSAT (w = 33).
c [w = 33] Result: 20.
c [Main] Min width UNSAT is set to 33
c [w = 31] Start task in PID: 48825.
c [w = 31] Cyclic Antibandwidth problem with w = 31 (p7_100_200):
c [w = 31] Initializing CaDiCaL (version 2.1.3).
c [w = 31] Configuring CaDiCaL as --sat (1).
c [w = 31] Encoding starts with w = 31:
c [w = 31] Symmetry breaking highest degree node is applied.
c [w = 31] Encoding duration: 132 ms.
c [w = 31] Number of clauses: 190050.
c [w = 31] Number of variables: 34800.
c [w = 31] SAT Solving starts:
c [w = 31] Solving duration: 15751 ms.
c [w = 31] Answer:
s [w = 31] SAT (w = 31).
c [w = 31] Solution check = 31.
c [w = 31] The solution is correct.
c [w = 31] Result: 10.
c [Main] Max width SAT is set to 31.
c [w = 32] Start task in PID: 48809.
c [w = 32] Cyclic Antibandwidth problem with w = 32 (p7_100_200):
c [w = 32] Initializing CaDiCaL (version 2.1.3).
c [w = 32] Configuring CaDiCaL as --sat (1).
c [w = 32] Encoding starts with w = 32:
c [w = 32] Symmetry breaking highest degree node is applied.
c [w = 32] Encoding duration: 219 ms.
c [w = 32] Number of clauses: 191350.
c [w = 32] Number of variables: 35200.
c [w = 32] SAT Solving starts:
c [Signal] Signal interruption. Caught signal: SIGTERM (15).
c [Main] Lim pid ends with result: 254.
c [Main] All children have completed.
r [Main] 
r [Main] Final results: 
r [Main] Max width SAT:  	31.
r [Main] Min width UNSAT:	33.
r [Main] Total real time: 1805532 ms.
r [Main] Total memory consumed: 370 MB.
r [Main] 
