c [Version] Cyclic Bandwidth Encoder version 1.0.0.
c [Param] Real time limit is set to 1800.
c [Param] Memory limit is set to 30000.
c [Param] Worker count is set to 8.
c [Main] Encoding and solving for graph: hypercube_5_32.txt.
c [Main] Search strategy: Binary search using BFS.
c [Main] Lower bound is set to 5.
c [Main] Upper bound is set to 9.
c [Main] Search order: 7 5 8 6 9.
c [w = 8] Start task in PID: 45466.
c [w = 8] Cyclic Antibandwidth problem with w = 8 (hypercube_5_32.txt):
c [w = 8] Initializing CaDiCaL (version 2.1.3).
c [w = 8] Configuring CaDiCaL as --sat (1).
c [w = 8] Encoding starts with w = 8:
c [w = 8] Symmetry breaking highest degree node is applied.
c [w = 8] Encoding duration: 11 ms.
c [w = 8] Number of clauses: 19696.
c [w = 8] Number of variables: 3328.
c [w = 8] SAT Solving starts:
c [w = 8] Solving duration: 2 ms.
c [w = 8] Answer:
s [w = 8] SAT (w = 8).
c [w = 8] Solution check = 8.
c [w = 8] The solution is correct.
c [w = 8] Result: 10.
c [w = 6] Start task in PID: 45467.
c [w = 6] Cyclic Antibandwidth problem with w = 6 (hypercube_5_32.txt):
c [w = 6] Initializing CaDiCaL (version 2.1.3).
c [w = 6] Configuring CaDiCaL as --sat (1).
c [w = 6] Encoding starts with w = 6:
c [w = 6] Symmetry breaking highest degree node is applied.
c [Signal] Signal interruption. Caught signal: SIGTERM (15).
c [Main] Max width SAT is set to 8.
c [Main] Kill lower pid 6.
c [Main] Kill lower pid 5.
c [Main] Kill lower pid 7.
c [w = 7] Start task in PID: 45464.
c [w = 7] Cyclic Antibandwidth problem with w = 7 (hypercube_5_32.txt):
c [w = 7] Initializing CaDiCaL (version 2.1.3).
c [w = 7] Configuring CaDiCaL as --sat (1).
c [w = 7] Encoding starts with w = 7:
c [w = 7] Symmetry breaking highest degree node is applied.
c [Signal] Signal interruption. Caught signal: SIGTERM (15).
c [w = 5] Start task in PID: 45465.
c [w = 5] Cyclic Antibandwidth problem with w = 5 (hypercube_5_32.txt):
c [w = 5] Initializing CaDiCaL (version 2.1.3).
c [w = 5] Configuring CaDiCaL as --sat (1).
c [w = 5] Encoding starts with w = 5:
c [w = 5] Symmetry breaking highest degree node is applied.
c [Signal] Signal interruption. Caught signal: SIGTERM (15).
c [Main] Child pid 7 - 45464 terminated by signal 15.
c [Main] Child pid 5 - 45465 terminated by signal 15.
c [Main] Child pid 6 - 45467 terminated by signal 15.
c [w = 9] Start task in PID: 45468.
c [w = 9] Cyclic Antibandwidth problem with w = 9 (hypercube_5_32.txt):
c [w = 9] Initializing CaDiCaL (version 2.1.3).
c [w = 9] Configuring CaDiCaL as --sat (1).
c [w = 9] Encoding starts with w = 9:
c [w = 9] Symmetry breaking highest degree node is applied.
c [w = 9] Encoding duration: 26 ms.
c [w = 9] Number of clauses: 20112.
c [w = 9] Number of variables: 3456.
c [w = 9] SAT Solving starts:
c [w = 9] Solving duration: 59 ms.
c [w = 9] Answer:
s [w = 9] SAT (w = 9).
c [w = 9] Solution check = 9.
c [w = 9] The solution is correct.
c [w = 9] Result: 10.
c [Main] Max width SAT is set to 9.
c [Signal] Signal interruption. Caught signal: SIGTERM (15).
c [Main] All children have completed.
r [Main] 
r [Main] Final results: 
r [Main] Max width SAT:  	9.
r [Main] Min width UNSAT:	-.
r [Main] Total real time: 89 ms.
r [Main] Total memory consumed: 4.8 MB.
r [Main] 
