c [Version] Cyclic Bandwidth Encoder version 1.0.0.
c [Param] Real time limit is set to 150.
c [Param] Memory limit is set to 30000.
c [Param] Worker count is set to 8.
c [Main] Encoding and solving for graph: caterpillar_40_15.txt.
c [Main] Search strategy: Binary search from lower bound.
c [Main] No predefined lower bound is found for caterpillar_40_15.txt.
c [Main] LB-w = 2 (default value).
c [Main] No predefined upper bound is found for caterpillar_40_15.txt.
c [Main] UB-w = 300 (default value calculated as n/2).
c [Main] Search order: 151 76 38 19 10 5 3 2 4 7 6 8 9 14 12 11 13 16 15 17 18 28 23 21 20 22 25 24 26 27 33 30 29 31 32 35 34 36 37 57 47 42 40 39 41 44 43 45 46 52 49 48 50 51 54 53 55 56 66 61 59 58 60 63 62 64 65 71 68 67 69 70 73 72 74 75 113 94 85 80 78 77 79 82 81 83 84 89 87 86 88 91 90 92 93 103 98 96 95 97 100 99 101 102 108 105 104 106 107 110 109 111 112 132 122 117 115 114 116 119 118 120 121 127 124 123 125 126 129 128 130 131 141 136 134 133 135 138 137 139 140 146 143 142 144 145 148 147 149 150 226 188 169 160 155 153 152 154 157 156 158 159 164 162 161 163 166 165 167 168 178 173 171 170 172 175 174 176 177 183 180 179 181 182 185 184 186 187 207 197 192 190 189 191 194 193 195 196 202 199 198 200 201 204 203 205 206 216 211 209 208 210 213 212 214 215 221 218 217 219 220 223 222 224 225 263 244 235 230 228 227 229 232 231 233 234 239 237 236 238 241 240 242 243 253 248 246 245 247 250 249 251 252 258 255 254 256 257 260 259 261 262 282 272 267 265 264 266 269 268 270 271 277 274 273 275 276 279 278 280 281 291 286 284 283 285 288 287 289 290 296 293 292 294 295 298 297 299 300.
c [w = 5] Start task in PID: 193043.
c [w = 5] Cyclic Antibandwidth problem with w = 5 (caterpillar_40_15.txt):
c [w = 5] Initializing CaDiCaL (version 2.1.3).
c [w = 5] Configuring CaDiCaL as --sat (1).
c [w = 5] Encoding starts with w = 5:
c [w = 5] Symmetry breaking highest degree node is applied.
c [w = 5] Encoding duration: 4948 ms.
c [w = 5] Number of clauses: 8613660.
c [w = 5] Number of variables: 920400.
c [w = 5] SAT Solving starts:
c [w = 5] Solving duration: 605 ms.
c [w = 5] Answer:
s [w = 5] SAT (w = 5).
c [w = 5] Solution check = 5.
c [w = 5] The solution is correct.
c [w = 5] Result: 10.
c [Main] Max width SAT is set to 5.
c [Main] Kill lower pid 2.
c [Main] Kill lower pid 3.
c [w = 3] Start task in PID: 193044.
c [w = 3] Cyclic Antibandwidth problem with w = 3 (caterpillar_40_15.txt):
c [w = 3] Initializing CaDiCaL (version 2.1.3).
c [w = 3] Configuring CaDiCaL as --sat (1).
c [w = 3] Encoding starts with w = 3:
c [w = 3] Symmetry breaking highest degree node is applied.
c [Signal] Signal interruption. Caught signal: SIGTERM (15).
c [w = 2] Start task in PID: 193045.
c [w = 2] Cyclic Antibandwidth problem with w = 2 (caterpillar_40_15.txt):
c [w = 2] Initializing CaDiCaL (version 2.1.3).
c [w = 2] Configuring CaDiCaL as --sat (1).
c [w = 2] Encoding starts with w = 2:
c [w = 2] Symmetry breaking highest degree node is applied.
c [Signal] Signal interruption. Caught signal: SIGTERM (15).
c [Main] Child pid 3 - 193044 terminated by signal 15.
c [Main] Child pid 2 - 193045 terminated by signal 15.
c [w = 10] Start task in PID: 193042.
c [w = 10] Cyclic Antibandwidth problem with w = 10 (caterpillar_40_15.txt):
c [w = 10] Initializing CaDiCaL (version 2.1.3).
c [w = 10] Configuring CaDiCaL as --sat (1).
c [w = 10] Encoding starts with w = 10:
c [w = 10] Symmetry breaking highest degree node is applied.
c [w = 10] Encoding duration: 3713 ms.
c [w = 10] Number of clauses: 5790480.
c [w = 10] Number of variables: 1028400.
c [w = 10] SAT Solving starts:
c [w = 10] Solving duration: 4137 ms.
c [w = 10] Answer:
s [w = 10] SAT (w = 10).
c [w = 10] Solution check = 10.
c [w = 10] The solution is correct.
c [w = 10] Result: 10.
c [Main] Max width SAT is set to 10.
c [Main] Kill lower pid 7.
c [Main] Kill lower pid 6.
c [Main] Kill lower pid 8.
c [w = 7] Start task in PID: 193047.
c [w = 7] Cyclic Antibandwidth problem with w = 7 (caterpillar_40_15.txt):
c [w = 7] Initializing CaDiCaL (version 2.1.3).
c [w = 7] Configuring CaDiCaL as --sat (1).
c [w = 7] Encoding starts with w = 7:
c [w = 7] Symmetry breaking highest degree node is applied.
c [Signal] Signal interruption. Caught signal: SIGTERM (15).
c [w = 8] Start task in PID: 193049.
c [w = 8] Cyclic Antibandwidth problem with w = 8 (caterpillar_40_15.txt):
c [w = 8] Initializing CaDiCaL (version 2.1.3).
c [w = 8] Configuring CaDiCaL as --sat (1).
c [w = 8] Encoding starts with w = 8:
c [w = 8] Symmetry breaking highest degree node is applied.
c [Signal] Signal interruption. Caught signal: SIGTERM (15).
c [w = 6] Start task in PID: 193048.
c [w = 6] Cyclic Antibandwidth problem with w = 6 (caterpillar_40_15.txt):
c [w = 6] Initializing CaDiCaL (version 2.1.3).
c [w = 6] Configuring CaDiCaL as --sat (1).
c [w = 6] Encoding starts with w = 6:
c [w = 6] Symmetry breaking highest degree node is applied.
c [Signal] Signal interruption. Caught signal: SIGTERM (15).
c [Main] Child pid 8 - 193049 terminated by signal 15.
c [Main] Child pid 7 - 193047 terminated by signal 15.
c [Main] Child pid 6 - 193048 terminated by signal 15.
c [w = 38] Start task in PID: 193040.
c [w = 38] Cyclic Antibandwidth problem with w = 38 (caterpillar_40_15.txt):
c [w = 38] Initializing CaDiCaL (version 2.1.3).
c [w = 38] Configuring CaDiCaL as --sat (1).
c [w = 38] Encoding starts with w = 38:
c [w = 38] Symmetry breaking highest degree node is applied.
c [w = 38] Encoding duration: 3427 ms.
c [w = 38] Number of clauses: 5121948.
c [w = 38] Number of variables: 1112400.
c [w = 38] SAT Solving starts:
c [w = 38] Solving duration: 6487 ms.
c [w = 38] Answer:
s [w = 38] SAT (w = 38).
c [w = 38] Solution check = 38.
c [w = 38] The solution is correct.
c [w = 38] Result: 10.
c [w = 13] Start task in PID: 193053.
c [w = 13] Cyclic Antibandwidth problem with w = 13 (caterpillar_40_15.txt):
c [w = 13] Initializing CaDiCaL (version 2.1.3).
c [w = 13] Configuring CaDiCaL as --sat (1).
c [w = 13] Encoding starts with w = 13:
c [w = 13] Symmetry breaking highest degree node is applied.
c [Signal] Signal interruption. Caught signal: SIGTERM (15).
c [w = 14] Start task in PID: 193050.
c [w = 14] Cyclic Antibandwidth problem with w = 14 (caterpillar_40_15.txt):
c [w = 14] Initializing CaDiCaL (version 2.1.3).
c [w = 14] Configuring CaDiCaL as --sat (1).
c [w = 14] Encoding starts with w = 14:
c [w = 14] Symmetry breaking highest degree node is applied.
c [Signal] Signal interruption. Caught signal: SIGTERM (15).
c [w = 12] Start task in PID: 193051.
c [w = 12] Cyclic Antibandwidth problem with w = 12 (caterpillar_40_15.txt):
c [w = 12] Initializing CaDiCaL (version 2.1.3).
c [w = 12] Configuring CaDiCaL as --sat (1).
c [w = 12] Encoding starts with w = 12:
c [w = 12] Symmetry breaking highest degree node is applied.
c [Signal] Signal interruption. Caught signal: SIGTERM (15).
c [Main] Max width SAT is set to 38.
c [Main] Kill lower pid 13.
c [Main] Kill lower pid 14.
c [Main] Kill lower pid 19.
c [Main] Kill lower pid 12.
c [Main] Kill lower pid 11.
c [w = 19] Start task in PID: 193041.
c [w = 19] Cyclic Antibandwidth problem with w = 19 (caterpillar_40_15.txt):
c [w = 19] Initializing CaDiCaL (version 2.1.3).
c [w = 19] Configuring CaDiCaL as --sat (1).
c [w = 19] Encoding starts with w = 19:
c [w = 19] Symmetry breaking highest degree node is applied.
c [w = 19] Encoding duration: 3475 ms.
c [w = 19] Number of clauses: 5230596.
c [w = 19] Number of variables: 1083600.
c [w = 19] SAT Solving starts:
c [Signal] Signal interruption. Caught signal: SIGTERM (15).
c [w = 11] Start task in PID: 193052.
c [w = 11] Cyclic Antibandwidth problem with w = 11 (caterpillar_40_15.txt):
c [w = 11] Initializing CaDiCaL (version 2.1.3).
c [w = 11] Configuring CaDiCaL as --sat (1).
c [w = 11] Encoding starts with w = 11:
c [w = 11] Symmetry breaking highest degree node is applied.
c [Signal] Signal interruption. Caught signal: SIGTERM (15).
c [Main] Child pid 13 - 193053 terminated by signal 15.
c [Main] Child pid 12 - 193051 terminated by signal 15.
c [Main] Child pid 14 - 193050 terminated by signal 15.
c [Main] Child pid 11 - 193052 terminated by signal 15.
c [Main] Child pid 19 - 193041 terminated by signal 15.
c [w = 57] Start task in PID: 193054.
c [w = 57] Cyclic Antibandwidth problem with w = 57 (caterpillar_40_15.txt):
c [w = 57] Initializing CaDiCaL (version 2.1.3).
c [w = 57] Configuring CaDiCaL as --sat (1).
c [w = 57] Encoding starts with w = 57:
c [w = 57] Symmetry breaking highest degree node is applied.
c [w = 57] Encoding duration: 3497 ms.
c [w = 57] Number of clauses: 5161533.
c [w = 57] Number of variables: 1132800.
c [w = 57] SAT Solving starts:
c [w = 57] Solving duration: 8541 ms.
c [w = 57] Answer:
s [w = 57] SAT (w = 57).
c [w = 57] Solution check = 57.
c [w = 57] The solution is correct.
c [w = 57] Result: 10.
c [w = 41] Start task in PID: 193059.
c [w = 41] Cyclic Antibandwidth problem with w = 41 (caterpillar_40_15.txt):
c [w = 41] Initializing CaDiCaL (version 2.1.3).
c [w = 41] Configuring CaDiCaL as --sat (1).
c [w = 41] Encoding starts with w = 41:
c [w = 41] Symmetry breaking highest degree node is applied.
c [w = 41] Encoding duration: 3239 ms.
c [w = 41] Number of clauses: 5133945.
c [w = 41] Number of variables: 1118400.
c [w = 41] SAT Solving starts:
c [Signal] Signal interruption. Caught signal: SIGTERM (15).
c [w = 42] Start task in PID: 193056.
c [w = 42] Cyclic Antibandwidth problem with w = 42 (caterpillar_40_15.txt):
c [w = 42] Initializing CaDiCaL (version 2.1.3).
c [w = 42] Configuring CaDiCaL as --sat (1).
c [w = 42] Encoding starts with w = 42:
c [w = 42] Symmetry breaking highest degree node is applied.
c [w = 42] Encoding duration: 3469 ms.
c [w = 42] Number of clauses: 5161545.
c [w = 42] Number of variables: 1127400.
c [w = 42] SAT Solving starts:
c [Signal] Signal interruption. Caught signal: SIGTERM (15).
c [w = 39] Start task in PID: 193058.
c [w = 39] Cyclic Antibandwidth problem with w = 39 (caterpillar_40_15.txt):
c [w = 39] Initializing CaDiCaL (version 2.1.3).
c [w = 39] Configuring CaDiCaL as --sat (1).
c [w = 39] Encoding starts with w = 39:
c [w = 39] Symmetry breaking highest degree node is applied.
c [w = 39] Encoding duration: 3335 ms.
c [w = 39] Number of clauses: 5151348.
c [w = 39] Number of variables: 1122000.
c [w = 39] SAT Solving starts:
c [Signal] Signal interruption. Caught signal: SIGTERM (15).
c [w = 40] Start task in PID: 193057.
c [w = 40] Cyclic Antibandwidth problem with w = 40 (caterpillar_40_15.txt):
c [w = 40] Initializing CaDiCaL (version 2.1.3).
c [w = 40] Configuring CaDiCaL as --sat (1).
c [w = 40] Encoding starts with w = 40:
c [w = 40] Symmetry breaking highest degree node is applied.
c [w = 40] Encoding duration: 3376 ms.
c [w = 40] Number of clauses: 5106345.
c [w = 40] Number of variables: 1109400.
c [w = 40] SAT Solving starts:
c [Signal] Signal interruption. Caught signal: SIGTERM (15).
c [Main] Max width SAT is set to 57.
c [Main] Kill lower pid 41.
c [Main] Kill lower pid 39.
c [Main] Kill lower pid 40.
c [Main] Kill lower pid 42.
c [Main] Kill lower pid 47.
c [w = 47] Start task in PID: 193055.
c [w = 47] Cyclic Antibandwidth problem with w = 47 (caterpillar_40_15.txt):
c [w = 47] Initializing CaDiCaL (version 2.1.3).
c [w = 47] Configuring CaDiCaL as --sat (1).
c [w = 47] Encoding starts with w = 47:
c [w = 47] Symmetry breaking highest degree node is applied.
c [w = 47] Encoding duration: 3428 ms.
c [w = 47] Number of clauses: 5127339.
c [w = 47] Number of variables: 1119600.
c [w = 47] SAT Solving starts:
c [Signal] Signal interruption. Caught signal: SIGTERM (15).
c [Main] Child pid 40 - 193057 terminated by signal 15.
c [Main] Child pid 47 - 193055 terminated by signal 15.
c [Main] Child pid 42 - 193056 terminated by signal 15.
c [Main] Child pid 41 - 193059 terminated by signal 15.
c [Main] Child pid 39 - 193058 terminated by signal 15.
c [w = 61] Start task in PID: 193062.
c [w = 61] Cyclic Antibandwidth problem with w = 61 (caterpillar_40_15.txt):
c [w = 61] Initializing CaDiCaL (version 2.1.3).
c [w = 61] Configuring CaDiCaL as --sat (1).
c [w = 61] Encoding starts with w = 61:
c [w = 61] Symmetry breaking highest degree node is applied.
c [w = 61] Encoding duration: 3421 ms.
c [w = 61] Number of clauses: 5133930.
c [w = 61] Number of variables: 1124400.
c [w = 61] SAT Solving starts:
c [w = 61] Solving duration: 41859 ms.
c [w = 61] Answer:
s [w = 61] SAT (w = 61).
c [w = 61] Solution check = 61.
c [w = 61] The solution is correct.
c [w = 61] Result: 10.
c [Main] Max width SAT is set to 61.
c [Main] Kill lower pid 58.
c [Main] Kill lower pid 59.
c [Main] Kill lower pid 60.
c [w = 58] Start task in PID: 193064.
c [w = 58] Cyclic Antibandwidth problem with w = 58 (caterpillar_40_15.txt):
c [w = 58] Initializing CaDiCaL (version 2.1.3).
c [w = 58] Configuring CaDiCaL as --sat (1).
c [w = 58] Encoding starts with w = 58:
c [w = 58] Symmetry breaking highest degree node is applied.
c [w = 58] Encoding duration: 3470 ms.
c [w = 58] Number of clauses: 5181933.
c [w = 58] Number of variables: 1139400.
c [w = 58] SAT Solving starts:
c [Signal] Signal interruption. Caught signal: SIGTERM (15).
c [w = 60] Start task in PID: 193065.
c [w = 60] Cyclic Antibandwidth problem with w = 60 (caterpillar_40_15.txt):
c [w = 60] Initializing CaDiCaL (version 2.1.3).
c [w = 60] Configuring CaDiCaL as --sat (1).
c [w = 60] Encoding starts with w = 60:
c [w = 60] Symmetry breaking highest degree node is applied.
c [w = 60] Encoding duration: 3227 ms.
c [w = 60] Number of clauses: 5115330.
c [w = 60] Number of variables: 1118400.
c [w = 60] SAT Solving starts:
c [Signal] Signal interruption. Caught signal: SIGTERM (15).
c [w = 59] Start task in PID: 193063.
c [w = 59] Cyclic Antibandwidth problem with w = 59 (caterpillar_40_15.txt):
c [w = 59] Initializing CaDiCaL (version 2.1.3).
c [w = 59] Configuring CaDiCaL as --sat (1).
c [w = 59] Encoding starts with w = 59:
c [w = 59] Symmetry breaking highest degree node is applied.
c [w = 59] Encoding duration: 3497 ms.
c [w = 59] Number of clauses: 5202333.
c [w = 59] Number of variables: 1146000.
c [w = 59] SAT Solving starts:
c [w = 59] Solving duration: 43221 ms.
c [w = 59] Answer:
s [w = 59] SAT (w = 59).
c [w = 59] Solution check = 59.
c [w = 59] The solution is correct.
c [Signal] Signal interruption. Caught signal: SIGTERM (15).
c [Main] Child pid 58 - 193064 terminated by signal 15.
c [Main] Child pid 59 - 193063 terminated by signal 15.
c [Main] Child pid 60 - 193065 terminated by signal 15.
c [w = 63] Start task in PID: 193066.
c [w = 63] Cyclic Antibandwidth problem with w = 63 (caterpillar_40_15.txt):
c [w = 63] Initializing CaDiCaL (version 2.1.3).
c [w = 63] Configuring CaDiCaL as --sat (1).
c [w = 63] Encoding starts with w = 63:
c [w = 63] Symmetry breaking highest degree node is applied.
c [w = 63] Encoding duration: 3375 ms.
c [w = 63] Number of clauses: 5171130.
c [w = 63] Number of variables: 1136400.
c [w = 63] SAT Solving starts:
c [w = 63] Solving duration: 42917 ms.
c [w = 63] Answer:
s [w = 63] SAT (w = 63).
c [w = 63] Solution check = 63.
c [w = 63] The solution is correct.
c [w = 63] Result: 10.
c [Main] Max width SAT is set to 63.
c [Main] Kill lower pid 62.
c [w = 62] Start task in PID: 193080.
c [w = 62] Cyclic Antibandwidth problem with w = 62 (caterpillar_40_15.txt):
c [w = 62] Initializing CaDiCaL (version 2.1.3).
c [w = 62] Configuring CaDiCaL as --sat (1).
c [w = 62] Encoding starts with w = 62:
c [w = 62] Symmetry breaking highest degree node is applied.
c [Signal] Signal interruption. Caught signal: SIGTERM (15).
c [Main] Child pid 62 - 193080 terminated by signal 15.
c [w = 65] Start task in PID: 193082.
c [w = 65] Cyclic Antibandwidth problem with w = 65 (caterpillar_40_15.txt):
c [w = 65] Initializing CaDiCaL (version 2.1.3).
c [w = 65] Configuring CaDiCaL as --sat (1).
c [w = 65] Encoding starts with w = 65:
c [w = 65] Symmetry breaking highest degree node is applied.
c [w = 65] Encoding duration: 3255 ms.
c [w = 65] Number of clauses: 5208330.
c [w = 65] Number of variables: 1148400.
c [w = 65] SAT Solving starts:
c [w = 65] Solving duration: 28606 ms.
c [w = 65] Answer:
s [w = 65] SAT (w = 65).
c [w = 65] Solution check = 65.
c [w = 65] The solution is correct.
c [w = 65] Result: 10.
c [Main] Max width SAT is set to 65.
c [Main] Kill lower pid 64.
c [w = 64] Start task in PID: 193081.
c [w = 64] Cyclic Antibandwidth problem with w = 64 (caterpillar_40_15.txt):
c [w = 64] Initializing CaDiCaL (version 2.1.3).
c [w = 64] Configuring CaDiCaL as --sat (1).
c [w = 64] Encoding starts with w = 64:
c [w = 64] Symmetry breaking highest degree node is applied.
c [w = 64] Encoding duration: 3276 ms.
c [w = 64] Number of clauses: 5189730.
c [w = 64] Number of variables: 1142400.
c [w = 64] SAT Solving starts:
c [Signal] Signal interruption. Caught signal: SIGTERM (15).
c [Main] Child pid 64 - 193081 terminated by signal 15.
c [w = 76] Start task in PID: 193039.
c [w = 76] Cyclic Antibandwidth problem with w = 76 (caterpillar_40_15.txt):
c [w = 76] Initializing CaDiCaL (version 2.1.3).
c [w = 76] Configuring CaDiCaL as --sat (1).
c [w = 76] Encoding starts with w = 76:
c [w = 76] Symmetry breaking highest degree node is applied.
c [w = 76] Encoding duration: 3452 ms.
c [w = 76] Number of clauses: 5142324.
c [w = 76] Number of variables: 1126800.
c [w = 76] SAT Solving starts:
c [w = 76] Solving duration: 107114 ms.
c [w = 76] Answer:
s [w = 76] SAT (w = 76).
c [w = 76] Solution check = 76.
c [w = 76] The solution is correct.
c [w = 76] Result: 10.
c [w = 69] Start task in PID: 193089.
c [w = 69] Cyclic Antibandwidth problem with w = 69 (caterpillar_40_15.txt):
c [w = 69] Initializing CaDiCaL (version 2.1.3).
c [w = 69] Configuring CaDiCaL as --sat (1).
c [w = 69] Encoding starts with w = 69:
c [w = 69] Symmetry breaking highest degree node is applied.
c [w = 69] Encoding duration: 3438 ms.
c [w = 69] Number of clauses: 5159727.
c [w = 69] Number of variables: 1132800.
c [w = 69] SAT Solving starts:
c [Signal] Signal interruption. Caught signal: SIGTERM (15).
c [w = 68] Start task in PID: 193084.
c [w = 68] Cyclic Antibandwidth problem with w = 68 (caterpillar_40_15.txt):
c [w = 68] Initializing CaDiCaL (version 2.1.3).
c [w = 68] Configuring CaDiCaL as --sat (1).
c [w = 68] Encoding starts with w = 68:
c [w = 68] Symmetry breaking highest degree node is applied.
c [w = 68] Encoding duration: 3450 ms.
c [w = 68] Number of clauses: 5142927.
c [w = 68] Number of variables: 1127400.
c [w = 68] SAT Solving starts:
c [Signal] Signal interruption. Caught signal: SIGTERM (15).
c [w = 67] Start task in PID: 193085.
c [w = 67] Cyclic Antibandwidth problem with w = 67 (caterpillar_40_15.txt):
c [w = 67] Initializing CaDiCaL (version 2.1.3).
c [w = 67] Configuring CaDiCaL as --sat (1).
c [w = 67] Encoding starts with w = 67:
c [w = 67] Symmetry breaking highest degree node is applied.
c [w = 67] Encoding duration: 3441 ms.
c [w = 67] Number of clauses: 5126127.
c [w = 67] Number of variables: 1122000.
c [w = 67] SAT Solving starts:
c [Signal] Signal interruption. Caught signal: SIGTERM (15).
c [w = 70] Start task in PID: 193090.
c [w = 70] Cyclic Antibandwidth problem with w = 70 (caterpillar_40_15.txt):
c [w = 70] Initializing CaDiCaL (version 2.1.3).
c [w = 70] Configuring CaDiCaL as --sat (1).
c [w = 70] Encoding starts with w = 70:
c [w = 70] Symmetry breaking highest degree node is applied.
c [w = 70] Encoding duration: 3359 ms.
c [w = 70] Number of clauses: 5176527.
c [w = 70] Number of variables: 1138200.
c [w = 70] SAT Solving starts:
c [Signal] Signal interruption. Caught signal: SIGTERM (15).
c [Main] Max width SAT is set to 76.
c [Main] Kill lower pid 70.
c [Main] Kill lower pid 69.
c [Main] Kill lower pid 67.
c [Main] Kill lower pid 68.
c [Main] Kill lower pid 71.
c [Main] Kill lower pid 66.
c [w = 71] Start task in PID: 193083.
c [w = 71] Cyclic Antibandwidth problem with w = 71 (caterpillar_40_15.txt):
c [w = 71] Initializing CaDiCaL (version 2.1.3).
c [w = 71] Configuring CaDiCaL as --sat (1).
c [w = 71] Encoding starts with w = 71:
c [w = 71] Symmetry breaking highest degree node is applied.
c [w = 71] Encoding duration: 3422 ms.
c [w = 71] Number of clauses: 5193327.
c [w = 71] Number of variables: 1143600.
c [w = 71] SAT Solving starts:
c [Signal] Signal interruption. Caught signal: SIGTERM (15).
c [w = 66] Start task in PID: 193061.
c [w = 66] Cyclic Antibandwidth problem with w = 66 (caterpillar_40_15.txt):
c [w = 66] Initializing CaDiCaL (version 2.1.3).
c [w = 66] Configuring CaDiCaL as --sat (1).
c [w = 66] Encoding starts with w = 66:
c [w = 66] Symmetry breaking highest degree node is applied.
c [w = 66] Encoding duration: 3524 ms.
c [w = 66] Number of clauses: 5226930.
c [w = 66] Number of variables: 1154400.
c [w = 66] SAT Solving starts:
c [Signal] Signal interruption. Caught signal: SIGTERM (15).
c [Main] Child pid 67 - 193085 terminated by signal 15.
c [Main] Child pid 68 - 193084 terminated by signal 15.
c [Main] Child pid 66 - 193061 terminated by signal 15.
c [Main] Child pid 70 - 193090 terminated by signal 15.
c [Main] Child pid 69 - 193089 terminated by signal 15.
c [Main] Child pid 71 - 193083 terminated by signal 15.
c [w = 80] Start task in PID: 193095.
c [w = 80] Cyclic Antibandwidth problem with w = 80 (caterpillar_40_15.txt):
c [w = 80] Initializing CaDiCaL (version 2.1.3).
c [w = 80] Configuring CaDiCaL as --sat (1).
c [w = 80] Encoding starts with w = 80:
c [w = 80] Symmetry breaking highest degree node is applied.
c [w = 80] Encoding duration: 3470 ms.
c [w = 80] Number of clauses: 5202324.
c [w = 80] Number of variables: 1146000.
c [w = 80] SAT Solving starts:
c [w = 80] Solving duration: 6744 ms.
c [w = 80] Answer:
s [w = 80] SAT (w = 80).
c [w = 80] Solution check = 80.
c [w = 80] The solution is correct.
c [w = 80] Result: 10.
c [Main] Max width SAT is set to 80.
c [Main] Kill lower pid 79.
c [Main] Kill lower pid 77.
c [Main] Kill lower pid 78.
c [w = 79] Start task in PID: 193098.
c [w = 79] Cyclic Antibandwidth problem with w = 79 (caterpillar_40_15.txt):
c [w = 79] Initializing CaDiCaL (version 2.1.3).
c [w = 79] Configuring CaDiCaL as --sat (1).
c [w = 79] Encoding starts with w = 79:
c [w = 79] Symmetry breaking highest degree node is applied.
c [w = 79] Encoding duration: 3506 ms.
c [w = 79] Number of clauses: 5187324.
c [w = 79] Number of variables: 1141200.
c [w = 79] SAT Solving starts:
c [Signal] Signal interruption. Caught signal: SIGTERM (15).
c [w = 78] Start task in PID: 193096.
c [w = 78] Cyclic Antibandwidth problem with w = 78 (caterpillar_40_15.txt):
c [w = 78] Initializing CaDiCaL (version 2.1.3).
c [w = 78] Configuring CaDiCaL as --sat (1).
c [w = 78] Encoding starts with w = 78:
c [w = 78] Symmetry breaking highest degree node is applied.
c [w = 78] Encoding duration: 3275 ms.
c [w = 78] Number of clauses: 5172324.
c [w = 78] Number of variables: 1136400.
c [w = 78] SAT Solving starts:
c [Signal] Signal interruption. Caught signal: SIGTERM (15).
c [w = 77] Start task in PID: 193097.
c [w = 77] Cyclic Antibandwidth problem with w = 77 (caterpillar_40_15.txt):
c [w = 77] Initializing CaDiCaL (version 2.1.3).
c [w = 77] Configuring CaDiCaL as --sat (1).
c [w = 77] Encoding starts with w = 77:
c [w = 77] Symmetry breaking highest degree node is applied.
c [w = 77] Encoding duration: 3451 ms.
c [w = 77] Number of clauses: 5157324.
c [w = 77] Number of variables: 1131600.
c [w = 77] SAT Solving starts:
c [Signal] Signal interruption. Caught signal: SIGTERM (15).
c [Main] Child pid 78 - 193096 terminated by signal 15.
c [Main] Child pid 79 - 193098 terminated by signal 15.
c [Main] Child pid 77 - 193097 terminated by signal 15.
c [w = 82] Start task in PID: 193103.
c [w = 82] Cyclic Antibandwidth problem with w = 82 (caterpillar_40_15.txt):
c [w = 82] Initializing CaDiCaL (version 2.1.3).
c [w = 82] Configuring CaDiCaL as --sat (1).
c [w = 82] Encoding starts with w = 82:
c [w = 82] Symmetry breaking highest degree node is applied.
c [w = 82] Encoding duration: 3523 ms.
c [w = 82] Number of clauses: 5232324.
c [w = 82] Number of variables: 1155600.
c [w = 82] SAT Solving starts:
c [Signal] Signal interruption. Caught signal: SIGTERM (15).
c [w = 83] Start task in PID: 193105.
c [w = 83] Cyclic Antibandwidth problem with w = 83 (caterpillar_40_15.txt):
c [w = 83] Initializing CaDiCaL (version 2.1.3).
c [w = 83] Configuring CaDiCaL as --sat (1).
c [w = 83] Encoding starts with w = 83:
c [w = 83] Symmetry breaking highest degree node is applied.
c [w = 83] Encoding duration: 3513 ms.
c [w = 83] Number of clauses: 5247324.
c [w = 83] Number of variables: 1160400.
c [w = 83] SAT Solving starts:
c [Signal] Signal interruption. Caught signal: SIGTERM (15).
c [w = 85] Start task in PID: 193094.
c [w = 85] Cyclic Antibandwidth problem with w = 85 (caterpillar_40_15.txt):
c [w = 85] Initializing CaDiCaL (version 2.1.3).
c [w = 85] Configuring CaDiCaL as --sat (1).
c [w = 85] Encoding starts with w = 85:
c [w = 85] Symmetry breaking highest degree node is applied.
c [w = 85] Encoding duration: 3506 ms.
c [w = 85] Number of clauses: 5277324.
c [w = 85] Number of variables: 1170000.
c [w = 85] SAT Solving starts:
c [Signal] Signal interruption. Caught signal: SIGTERM (15).
c [w = 113] Start task in PID: 193092.
c [w = 113] Cyclic Antibandwidth problem with w = 113 (caterpillar_40_15.txt):
c [w = 113] Initializing CaDiCaL (version 2.1.3).
c [w = 113] Configuring CaDiCaL as --sat (1).
c [w = 113] Encoding starts with w = 113:
c [w = 113] Symmetry breaking highest degree node is applied.
c [w = 113] Encoding duration: 3639 ms.
c [w = 113] Number of clauses: 5295918.
c [w = 113] Number of variables: 1172400.
c [w = 113] SAT Solving starts:
c [Signal] Signal interruption. Caught signal: SIGTERM (15).
c [w = 81] Start task in PID: 193104.
c [w = 81] Cyclic Antibandwidth problem with w = 81 (caterpillar_40_15.txt):
c [w = 81] Initializing CaDiCaL (version 2.1.3).
c [w = 81] Configuring CaDiCaL as --sat (1).
c [w = 81] Encoding starts with w = 81:
c [w = 81] Symmetry breaking highest degree node is applied.
c [w = 81] Encoding duration: 3515 ms.
c [w = 81] Number of clauses: 5217324.
c [w = 81] Number of variables: 1150800.
c [w = 81] SAT Solving starts:
c [Signal] Signal interruption. Caught signal: SIGTERM (15).
c [w = 151] Start task in PID: 193038.
c [w = 151] Cyclic Antibandwidth problem with w = 151 (caterpillar_40_15.txt):
c [w = 151] Initializing CaDiCaL (version 2.1.3).
c [w = 151] Configuring CaDiCaL as --sat (1).
c [w = 151] Encoding starts with w = 151:
c [w = 151] Symmetry breaking highest degree node is applied.
c [w = 151] Encoding duration: 3454 ms.
c [w = 151] Number of clauses: 5193312.
c [w = 151] Number of variables: 1131600.
c [w = 151] SAT Solving starts:
c [Signal] Signal interruption. Caught signal: SIGTERM (15).
c [w = 94] Start task in PID: 193093.
c [w = 94] Cyclic Antibandwidth problem with w = 94 (caterpillar_40_15.txt):
c [w = 94] Initializing CaDiCaL (version 2.1.3).
c [w = 94] Configuring CaDiCaL as --sat (1).
c [w = 94] Encoding starts with w = 94:
c [w = 94] Symmetry breaking highest degree node is applied.
c [w = 94] Encoding duration: 3481 ms.
c [w = 94] Number of clauses: 5245521.
c [w = 94] Number of variables: 1158600.
c [w = 94] SAT Solving starts:
c [Signal] Signal interruption. Caught signal: SIGTERM (15).
c [Main] Lim pid ends with result: 254.
c [Main] All children have completed.
r [Main] 
r [Main] Final results: 
r [Main] Max width SAT:  	80.
r [Main] Min width UNSAT:	-.
r [Main] Total real time: 151045 ms.
r [Main] Total memory consumed: 11356 MB.
r [Main] 
c [w = 84] Start task in PID: 193106.
c [w = 84] Cyclic Antibandwidth problem with w = 84 (caterpillar_40_15.txt):
c [w = 84] Initializing CaDiCaL (version 2.1.3).
c [w = 84] Configuring CaDiCaL as --sat (1).
c [w = 84] Encoding starts with w = 84:
c [w = 84] Symmetry breaking highest degree node is applied.
c [w = 84] Encoding duration: 3541 ms.
c [w = 84] Number of clauses: 5262324.
c [w = 84] Number of variables: 1165200.
c [w = 84] SAT Solving starts:
c [Signal] Signal interruption. Caught signal: SIGTERM (15).
