c [Version] Cyclic Bandwidth Encoder version 1.0.0.
c [Param] Real time limit is set to 150.
c [Param] Memory limit is set to 30000.
c [Param] Worker count is set to 8.
c [Main] Encoding and solving for graph: caterpillar_10_5.txt.
c [Main] Search strategy: Binary search from lower bound.
c [Main] No predefined lower bound is found for caterpillar_10_5.txt.
c [Main] LB-w = 2 (default value).
c [Main] No predefined upper bound is found for caterpillar_10_5.txt.
c [Main] UB-w = 25 (default value calculated as n/2).
c [Main] Search order: 13 7 4 2 3 5 6 10 8 9 11 12 19 16 14 15 17 18 22 20 21 24 23 25.
c [w = 2] Start task in PID: 190791.
c [w = 2] Cyclic Antibandwidth problem with w = 2 (caterpillar_10_5.txt):
c [w = 2] Initializing CaDiCaL (version 2.1.3).
c [w = 2] Configuring CaDiCaL as --sat (1).
c [w = 2] Encoding starts with w = 2:
c [w = 2] Symmetry breaking highest degree node is applied.
c [w = 2] Encoding duration: 20 ms.
c [w = 2] Number of clauses: 37850.
c [w = 2] Number of variables: 5050.
c [w = 2] SAT Solving starts:
c [w = 2] Solving duration: 2 ms.
c [w = 2] Answer:
s [w = 2] SAT (w = 2).
c [w = 2] Solution check = 2.
c [w = 2] The solution is correct.
c [w = 2] Result: 10.
c [Main] Max width SAT is set to 2.
c [w = 7] Start task in PID: 190789.
c [w = 7] Cyclic Antibandwidth problem with w = 7 (caterpillar_10_5.txt):
c [w = 7] Initializing CaDiCaL (version 2.1.3).
c [w = 7] Configuring CaDiCaL as --sat (1).
c [w = 7] Encoding starts with w = 7:
c [w = 7] Symmetry breaking highest degree node is applied.
c [w = 7] Encoding duration: 21 ms.
c [w = 7] Number of clauses: 33999.
c [w = 7] Number of variables: 7700.
c [w = 7] SAT Solving starts:
c [w = 7] Solving duration: 2 ms.
c [w = 7] Answer:
s [w = 7] SAT (w = 7).
c [w = 7] Solution check = 7.
c [w = 7] The solution is correct.
c [w = 7] Result: 10.
c [w = 5] Start task in PID: 190793.
c [w = 5] Cyclic Antibandwidth problem with w = 5 (caterpillar_10_5.txt):
c [w = 5] Initializing CaDiCaL (version 2.1.3).
c [w = 5] Configuring CaDiCaL as --sat (1).
c [w = 5] Encoding starts with w = 5:
c [w = 5] Symmetry breaking highest degree node is applied.
c [w = 5] Encoding duration: 20 ms.
c [w = 5] Number of clauses: 33455.
c [w = 5] Number of variables: 7300.
c [w = 5] SAT Solving starts:
c [w = 5] Solving duration: 3 ms.
c [w = 5] Answer:
s [w = 5] SAT (w = 5).
c [w = 5] Solution check = 5.
c [w = 5] The solution is correct.
c [w = 5] Result: 10.
c [w = 6] Start task in PID: 190794.
c [w = 6] Cyclic Antibandwidth problem with w = 6 (caterpillar_10_5.txt):
c [w = 6] Initializing CaDiCaL (version 2.1.3).
c [w = 6] Configuring CaDiCaL as --sat (1).
c [w = 6] Encoding starts with w = 6:
c [w = 6] Symmetry breaking highest degree node is applied.
c [w = 6] Encoding duration: 23 ms.
c [w = 6] Number of clauses: 34202.
c [w = 6] Number of variables: 7650.
c [w = 6] SAT Solving starts:
c [Signal] Signal interruption. Caught signal: SIGTERM (15).
c [Main] Max width SAT is set to 7.
c [Main] Kill lower pid 6.
c [Main] Kill lower pid 5.
c [Main] Kill lower pid 3.
c [Main] Kill lower pid 4.
c [w = 3] Start task in PID: 190792.
c [w = 3] Cyclic Antibandwidth problem with w = 3 (caterpillar_10_5.txt):
c [w = 3] Initializing CaDiCaL (version 2.1.3).
c [w = 3] Configuring CaDiCaL as --sat (1).
c [w = 3] Encoding starts with w = 3:
c [w = 3] Symmetry breaking highest degree node is applied.
c [w = 3] Encoding duration: 21 ms.
c [w = 3] Number of clauses: 34226.
c [w = 3] Number of variables: 6300.
c [w = 3] SAT Solving starts:
c [w = 3] Solving duration: 5 ms.
c [w = 3] Answer:
s [w = 3] SAT (w = 3).
c [w = 3] Solution check = 3.
c [w = 3] The solution is correct.
c [Signal] Signal interruption. Caught signal: SIGTERM (15).
c [w = 4] Start task in PID: 190790.
c [w = 4] Cyclic Antibandwidth problem with w = 4 (caterpillar_10_5.txt):
c [w = 4] Initializing CaDiCaL (version 2.1.3).
c [w = 4] Configuring CaDiCaL as --sat (1).
c [w = 4] Encoding starts with w = 4:
c [w = 4] Symmetry breaking highest degree node is applied.
c [w = 4] Encoding duration: 21 ms.
c [w = 4] Number of clauses: 33714.
c [w = 4] Number of variables: 6950.
c [w = 4] SAT Solving starts:
c [w = 4] Solving duration: 4 ms.
c [w = 4] Answer:
s [w = 4] SAT (w = 4).
c [w = 4] Solution check = 4.
c [w = 4] The solution is correct.
c [Signal] Signal interruption. Caught signal: SIGTERM (15).
c [Main] Kill lower pid 3.
c [Main] Kill lower pid 4.
c [Main] Child pid 4 - 190790 terminated by signal 15.
c [Main] Child pid 3 - 190792 terminated by signal 15.
c [Main] Child pid 6 - 190794 terminated by signal 15.
c [w = 10] Start task in PID: 190795.
c [w = 10] Cyclic Antibandwidth problem with w = 10 (caterpillar_10_5.txt):
c [w = 10] Initializing CaDiCaL (version 2.1.3).
c [w = 10] Configuring CaDiCaL as --sat (1).
c [w = 10] Encoding starts with w = 10:
c [w = 10] Symmetry breaking highest degree node is applied.
c [w = 10] Encoding duration: 22 ms.
c [w = 10] Number of clauses: 34690.
c [w = 10] Number of variables: 8050.
c [w = 10] SAT Solving starts:
c [w = 10] Solving duration: 6 ms.
c [w = 10] Answer:
s [w = 10] SAT (w = 10).
c [w = 10] Solution check = 10.
c [w = 10] The solution is correct.
c [w = 10] Result: 10.
c [Main] Max width SAT is set to 10.
c [Main] Kill lower pid 9.
c [Main] Kill lower pid 8.
c [w = 9] Start task in PID: 190797.
c [w = 9] Cyclic Antibandwidth problem with w = 9 (caterpillar_10_5.txt):
c [w = 9] Initializing CaDiCaL (version 2.1.3).
c [w = 9] Configuring CaDiCaL as --sat (1).
c [w = 9] Encoding starts with w = 9:
c [w = 9] Symmetry breaking highest degree node is applied.
c [Signal] Signal interruption. Caught signal: SIGTERM (15).
c [w = 8] Start task in PID: 190796.
c [w = 8] Cyclic Antibandwidth problem with w = 8 (caterpillar_10_5.txt):
c [w = 8] Initializing CaDiCaL (version 2.1.3).
c [w = 8] Configuring CaDiCaL as --sat (1).
c [w = 8] Encoding starts with w = 8:
c [w = 8] Symmetry breaking highest degree node is applied.
c [Signal] Signal interruption. Caught signal: SIGTERM (15).
c [Main] Child pid 8 - 190796 terminated by signal 15.
c [Main] Child pid 9 - 190797 terminated by signal 15.
c [w = 16] Start task in PID: 190801.
c [w = 16] Cyclic Antibandwidth problem with w = 16 (caterpillar_10_5.txt):
c [w = 16] Initializing CaDiCaL (version 2.1.3).
c [w = 16] Configuring CaDiCaL as --sat (1).
c [w = 16] Encoding starts with w = 16:
c [w = 16] Symmetry breaking highest degree node is applied.
c [w = 16] Encoding duration: 24 ms.
c [w = 16] Number of clauses: 37437.
c [w = 16] Number of variables: 8900.
c [w = 16] SAT Solving starts:
c [w = 16] Solving duration: 4 ms.
c [w = 16] Answer:
s [w = 16] SAT (w = 16).
c [w = 16] Solution check = 16.
c [w = 16] The solution is correct.
c [w = 16] Result: 10.
c [w = 15] Start task in PID: 190803.
c [w = 15] Cyclic Antibandwidth problem with w = 15 (caterpillar_10_5.txt):
c [w = 15] Initializing CaDiCaL (version 2.1.3).
c [w = 15] Configuring CaDiCaL as --sat (1).
c [w = 15] Encoding starts with w = 15:
c [w = 15] Symmetry breaking highest degree node is applied.
c [w = 15] Encoding duration: 24 ms.
c [w = 15] Number of clauses: 36787.
c [w = 15] Number of variables: 8700.
c [w = 15] SAT Solving starts:
c [Signal] Signal interruption. Caught signal: SIGTERM (15).
c [w = 14] Start task in PID: 190802.
c [w = 14] Cyclic Antibandwidth problem with w = 14 (caterpillar_10_5.txt):
c [w = 14] Initializing CaDiCaL (version 2.1.3).
c [w = 14] Configuring CaDiCaL as --sat (1).
c [w = 14] Encoding starts with w = 14:
c [w = 14] Symmetry breaking highest degree node is applied.
c [w = 14] Encoding duration: 23 ms.
c [w = 14] Number of clauses: 36137.
c [w = 14] Number of variables: 8500.
c [w = 14] SAT Solving starts:
c [Signal] Signal interruption. Caught signal: SIGTERM (15).
c [w = 17] Start task in PID: 190804.
c [w = 17] Cyclic Antibandwidth problem with w = 17 (caterpillar_10_5.txt):
c [w = 17] Initializing CaDiCaL (version 2.1.3).
c [w = 17] Configuring CaDiCaL as --sat (1).
c [w = 17] Encoding starts with w = 17:
c [w = 17] Symmetry breaking highest degree node is applied.
c [w = 17] Encoding duration: 23 ms.
c [w = 17] Number of clauses: 35934.
c [w = 17] Number of variables: 8400.
c [w = 17] SAT Solving starts:
c [w = 17] Solving duration: 1 ms.
c [w = 17] Answer:
s [w = 17] SAT (w = 17).
c [w = 17] Solution check = 17.
c [w = 17] The solution is correct.
c [w = 17] Result: 10.
c [Main] Max width SAT is set to 16.
c [Main] Kill lower pid 15.
c [Main] Kill lower pid 14.
c [Main] Kill lower pid 12.
c [Main] Kill lower pid 11.
c [Main] Kill lower pid 13.
c [w = 11] Start task in PID: 190798.
c [w = 11] Cyclic Antibandwidth problem with w = 11 (caterpillar_10_5.txt):
c [w = 11] Initializing CaDiCaL (version 2.1.3).
c [w = 11] Configuring CaDiCaL as --sat (1).
c [w = 11] Encoding starts with w = 11:
c [w = 11] Symmetry breaking highest degree node is applied.
c [w = 11] Encoding duration: 22 ms.
c [w = 11] Number of clauses: 35490.
c [w = 11] Number of variables: 8300.
c [w = 11] SAT Solving starts:
c [Signal] Signal interruption. Caught signal: SIGTERM (15).
c [w = 13] Start task in PID: 190788.
c [w = 13] Cyclic Antibandwidth problem with w = 13 (caterpillar_10_5.txt):
c [w = 13] Initializing CaDiCaL (version 2.1.3).
c [w = 13] Configuring CaDiCaL as --sat (1).
c [w = 13] Encoding starts with w = 13:
c [w = 13] Symmetry breaking highest degree node is applied.
c [w = 13] Encoding duration: 22 ms.
c [w = 13] Number of clauses: 35487.
c [w = 13] Number of variables: 8300.
c [w = 13] SAT Solving starts:
c [Signal] Signal interruption. Caught signal: SIGTERM (15).
c [w = 12] Start task in PID: 190799.
c [w = 12] Cyclic Antibandwidth problem with w = 12 (caterpillar_10_5.txt):
c [w = 12] Initializing CaDiCaL (version 2.1.3).
c [w = 12] Configuring CaDiCaL as --sat (1).
c [w = 12] Encoding starts with w = 12:
c [w = 12] Symmetry breaking highest degree node is applied.
c [w = 12] Encoding duration: 24 ms.
c [w = 12] Number of clauses: 36290.
c [w = 12] Number of variables: 8550.
c [w = 12] SAT Solving starts:
c [Signal] Signal interruption. Caught signal: SIGTERM (15).
c [Main] Max width SAT is set to 17.
c [Main] Kill lower pid 15.
c [Main] Kill lower pid 14.
c [Main] Kill lower pid 12.
c [Main] Kill lower pid 11.
c [Main] Kill lower pid 13.
c [Main] Child pid 13 - 190788 terminated by signal 15.
c [Main] Child pid 11 - 190798 terminated by signal 15.
c [Main] Child pid 12 - 190799 terminated by signal 15.
c [Main] Child pid 14 - 190802 terminated by signal 15.
c [Main] Child pid 15 - 190803 terminated by signal 15.
c [w = 25] Start task in PID: 190811.
c [w = 25] Cyclic Antibandwidth problem with w = 25 (caterpillar_10_5.txt):
c [w = 25] Initializing CaDiCaL (version 2.1.3).
c [w = 25] Configuring CaDiCaL as --sat (1).
c [w = 25] Encoding starts with w = 25:
c [w = 25] Symmetry breaking highest degree node is applied.
c [w = 25] Encoding duration: 22 ms.
c [w = 25] Number of clauses: 36631.
c [w = 25] Number of variables: 8500.
c [w = 25] SAT Solving starts:
c [w = 25] Solving duration: 0 ms.
c [w = 25] Answer:
s [w = 25] UNSAT (w = 25).
c [w = 25] Result: 20.
c [Main] Min width UNSAT is set to 25
c [w = 20] Start task in PID: 190807.
c [w = 20] Cyclic Antibandwidth problem with w = 20 (caterpillar_10_5.txt):
c [w = 20] Initializing CaDiCaL (version 2.1.3).
c [w = 20] Configuring CaDiCaL as --sat (1).
c [w = 20] Encoding starts with w = 20:
c [w = 20] Symmetry breaking highest degree node is applied.
c [w = 20] Encoding duration: 23 ms.
c [w = 20] Number of clauses: 37434.
c [w = 20] Number of variables: 8850.
c [w = 20] SAT Solving starts:
c [w = 20] Solving duration: 2 ms.
c [w = 20] Answer:
s [w = 20] SAT (w = 20).
c [w = 20] Solution check = 20.
c [w = 20] The solution is correct.
c [w = 20] Result: 10.
c [Main] Max width SAT is set to 20.
c [Main] Kill lower pid 18.
c [Main] Kill lower pid 19.
c [w = 18] Start task in PID: 190805.
c [w = 18] Cyclic Antibandwidth problem with w = 18 (caterpillar_10_5.txt):
c [w = 18] Initializing CaDiCaL (version 2.1.3).
c [w = 18] Configuring CaDiCaL as --sat (1).
c [w = 18] Encoding starts with w = 18:
c [w = 18] Symmetry breaking highest degree node is applied.
c [w = 18] Encoding duration: 23 ms.
c [w = 18] Number of clauses: 36434.
c [w = 18] Number of variables: 8550.
c [w = 18] SAT Solving starts:
c [Signal] Signal interruption. Caught signal: SIGTERM (15).
c [w = 19] Start task in PID: 190800.
c [w = 19] Cyclic Antibandwidth problem with w = 19 (caterpillar_10_5.txt):
c [w = 19] Initializing CaDiCaL (version 2.1.3).
c [w = 19] Configuring CaDiCaL as --sat (1).
c [w = 19] Encoding starts with w = 19:
c [w = 19] Symmetry breaking highest degree node is applied.
c [w = 19] Encoding duration: 24 ms.
c [w = 19] Number of clauses: 36934.
c [w = 19] Number of variables: 8700.
c [w = 19] SAT Solving starts:
c [Signal] Signal interruption. Caught signal: SIGTERM (15).
c [w = 22] Start task in PID: 190806.
c [w = 22] Cyclic Antibandwidth problem with w = 22 (caterpillar_10_5.txt):
c [w = 22] Initializing CaDiCaL (version 2.1.3).
c [w = 22] Configuring CaDiCaL as --sat (1).
c [w = 22] Encoding starts with w = 22:
c [w = 22] Symmetry breaking highest degree node is applied.
c [w = 22] Encoding duration: 24 ms.
c [w = 22] Number of clauses: 38434.
c [w = 22] Number of variables: 9150.
c [w = 22] SAT Solving starts:
c [w = 22] Solving duration: 3 ms.
c [w = 22] Answer:
s [w = 22] SAT (w = 22).
c [w = 22] Solution check = 22.
c [w = 22] The solution is correct.
c [w = 22] Result: 10.
c [Main] Child pid 18 - 190805 terminated by signal 15.
e [Pid] Unable to open /proc/190805/status
e [Pid] Unable to open /proc/190806c [Main] Max width SAT is set to 22.
c [Main] Kill lower pid 21.
c [Main] Kill lower pid 19.
/status
c [w = 21] Start task in PID: 190808.
c [w = 21] Cyclic Antibandwidth problem with w = 21 (caterpillar_10_5.txt):
c [w = 21] Initializing CaDiCaL (version 2.1.3).
c [w = 21] Configuring CaDiCaL as --sat (1).
c [w = 21] Encoding starts with w = 21:
c [w = 21] Symmetry breaking highest degree node is applied.
c [w = 21] Encoding duration: 26 ms.
c [w = 21] Number of clauses: 37934.
c [w = 21] Number of variables: 9000.
c [w = 21] SAT Solving starts:
c [Signal] Signal interruption. Caught signal: SIGTERM (15).
c [Main] Child pid 19 - 190800 terminated by signal 15.
c [Main] Child pid 21 - 190808 terminated by signal 15.
c [w = 23] Start task in PID: 190810.
c [w = 23] Cyclic Antibandwidth problem with w = 23 (caterpillar_10_5.txt):
c [w = 23] Initializing CaDiCaL (version 2.1.3).
c [w = 23] Configuring CaDiCaL as --sat (1).
c [w = 23] Encoding starts with w = 23:
c [w = 23] Symmetry breaking highest degree node is applied.
c [w = 23] Encoding duration: 24 ms.
c [w = 23] Number of clauses: 38934.
c [w = 23] Number of variables: 9300.
c [w = 23] SAT Solving starts:
c [w = 23] Solving duration: 35 ms.
c [w = 23] Answer:
s [w = 23] SAT (w = 23).
c [w = 23] Solution check = 23.
c [w = 23] The solution is correct.
c [w = 23] Result: 10.
c [Main] Max width SAT is set to 23.
c [w = 24] Start task in PID: 190809.
c [w = 24] Cyclic Antibandwidth problem with w = 24 (caterpillar_10_5.txt):
c [w = 24] Initializing CaDiCaL (version 2.1.3).
c [w = 24] Configuring CaDiCaL as --sat (1).
c [w = 24] Encoding starts with w = 24:
c [w = 24] Symmetry breaking highest degree node is applied.
c [w = 24] Encoding duration: 25 ms.
c [w = 24] Number of clauses: 39434.
c [w = 24] Number of variables: 9450.
c [w = 24] SAT Solving starts:
c [w = 24] Solving duration: 58 ms.
c [w = 24] Answer:
s [w = 24] UNSAT (w = 24).
c [w = 24] Result: 20.
c [Main] Min width UNSAT is set to 24
c [Signal] Signal interruption. Caught signal: SIGTERM (15).
c [Main] All children have completed.
r [Main] 
r [Main] Final results: 
r [Main] Max width SAT:  	23.
r [Main] Min width UNSAT:	24.
r [Main] Total real time: 159 ms.
r [Main] Total memory consumed: 40.2 MB.
r [Main] 
