c [Version] Cyclic Bandwidth Encoder version 1.0.0.
c [Param] Real time limit is set to 1800.
c [Param] Memory limit is set to 30000.
c [Param] Worker count is set to 4.
c [Main] Encoding and solving for graph: p28_200_400.
c [Main] Search strategy: Binary search from upper bound.
c [Main] No predefined lower bound is found for p28_200_400.
c [Main] LB-w = 2 (default value).
c [Main] No predefined upper bound is found for p28_200_400.
c [Main] UB-w = 100 (default value calculated as n/2).
c [Main] Search order: 51 76 88 94 97 99 100 98 95 96 91 92 93 89 90 82 85 86 87 83 84 79 80 81 77 78 63 69 72 74 75 73 70 71 66 67 68 64 65 57 60 61 62 58 59 54 55 56 52 53 26 38 44 47 49 50 48 45 46 41 42 43 39 40 32 35 36 37 33 34 29 30 31 27 28 13 19 22 24 25 23 20 21 16 17 18 14 15 7 10 11 12 8 9 4 5 6 2 3.
c [w = 88] Start task in PID: 13126.
c [w = 88] Cyclic Antibandwidth problem with w = 88 (p28_200_400):
c [w = 88] Initializing CaDiCaL (version 2.1.3).
c [w = 88] Configuring CaDiCaL as --sat (1).
c [w = 88] Encoding starts with w = 88:
c [w = 88] Symmetry breaking highest degree node is applied.
c [w = 88] Encoding duration: 575 ms.
c [w = 88] Number of clauses: 783100.
c [w = 88] Number of variables: 141800.
c [w = 88] SAT Solving starts:
c [w = 88] Solving duration: 22 ms.
c [w = 88] Answer:
s [w = 88] UNSAT (w = 88).
c [w = 88] Result: 20.
c [Main] Min width UNSAT is set to 88
c [Main] Kill higher pid 94.
c [w = 94] Start task in PID: 13127.
c [w = 94] Cyclic Antibandwidth problem with w = 94 (p28_200_400):
c [w = 94] Initializing CaDiCaL (version 2.1.3).
c [w = 94] Configuring CaDiCaL as --sat (1).
c [w = 94] Encoding starts with w = 94:
c [w = 94] Symmetry breaking highest degree node is applied.
c [w = 94] Encoding duration: 598 ms.
c [w = 94] Number of clauses: 795100.
c [w = 94] Number of variables: 145400.
c [w = 94] SAT Solving starts:
c [w = 94] Solving duration: 19 ms.
c [w = 94] Answer:
s [w = 94] UNSAT (w = 94).
c [Signal] Signal interruption. Caught signal: SIGTERM (15).
c [Main] Child pid 94 - 13127 terminated by signal 15.
c [w = 76] Start task in PID: 13125.
c [w = 76] Cyclic Antibandwidth problem with w = 76 (p28_200_400):
c [w = 76] Initializing CaDiCaL (version 2.1.3).
c [w = 76] Configuring CaDiCaL as --sat (1).
c [w = 76] Encoding starts with w = 76:
c [w = 76] Symmetry breaking highest degree node is applied.
c [w = 76] Encoding duration: 588 ms.
c [w = 76] Number of clauses: 759100.
c [w = 76] Number of variables: 134600.
c [w = 76] SAT Solving starts:
c [w = 76] Solving duration: 32 ms.
c [w = 76] Answer:
s [w = 76] UNSAT (w = 76).
c [w = 76] Result: 20.
c [Main] Min width UNSAT is set to 76
c [Main] Kill higher pid 85.
c [Main] Kill higher pid 82.
c [w = 85] Start task in PID: 13129.
c [w = 85] Cyclic Antibandwidth problem with w = 85 (p28_200_400):
c [w = 85] Initializing CaDiCaL (version 2.1.3).
c [w = 85] Configuring CaDiCaL as --sat (1).
c [w = 85] Encoding starts with w = 85:
c [w = 85] Symmetry breaking highest degree node is applied.
c [Signal] Signal interruption. Caught signal: SIGTERM (15).
c [w = 82] Start task in PID: 13128.
c [w = 82] Cyclic Antibandwidth problem with w = 82 (p28_200_400):
c [w = 82] Initializing CaDiCaL (version 2.1.3).
c [w = 82] Configuring CaDiCaL as --sat (1).
c [w = 82] Encoding starts with w = 82:
c [w = 82] Symmetry breaking highest degree node is applied.
c [Signal] Signal interruption. Caught signal: SIGTERM (15).
c [Main] Child pid 82 - 13128 terminated by signal 15.
c [Main] Child pid 85 - 13129 terminated by signal 15.
c [w = 51] Start task in PID: 13124.
c [w = 51] Cyclic Antibandwidth problem with w = 51 (p28_200_400):
c [w = 51] Initializing CaDiCaL (version 2.1.3).
c [w = 51] Configuring CaDiCaL as --sat (1).
c [w = 51] Encoding starts with w = 51:
c [w = 51] Symmetry breaking highest degree node is applied.
c [w = 51] Encoding duration: 545 ms.
c [w = 51] Number of clauses: 737500.
c [w = 51] Number of variables: 129200.
c [w = 51] SAT Solving starts:
c [w = 51] Solving duration: 127 ms.
c [w = 51] Answer:
s [w = 51] SAT (w = 51).
c [w = 51] Solution check = 51.
c [w = 51] The solution is correct.
c [w = 51] Result: 10.
c [Main] Max width SAT is set to 51.
c [w = 69] Start task in PID: 13131.
c [w = 69] Cyclic Antibandwidth problem with w = 69 (p28_200_400):
c [w = 69] Initializing CaDiCaL (version 2.1.3).
c [w = 69] Configuring CaDiCaL as --sat (1).
c [w = 69] Encoding starts with w = 69:
c [w = 69] Symmetry breaking highest degree node is applied.
c [w = 69] Encoding duration: 548 ms.
c [w = 69] Number of clauses: 745100.
c [w = 69] Number of variables: 130400.
c [w = 69] SAT Solving starts:
c [w = 69] Solving duration: 48 ms.
c [w = 69] Answer:
s [w = 69] UNSAT (w = 69).
c [w = 69] Result: 20.
c [Main] Min width UNSAT is set to 69
c [Main] Kill higher pid 74.
c [Main] Kill higher pid 72.
c [w = 74] Start task in PID: 13133.
c [w = 74] Cyclic Antibandwidth problem with w = 74 (p28_200_400):
c [w = 74] Initializing CaDiCaL (version 2.1.3).
c [w = 74] Configuring CaDiCaL as --sat (1).
c [w = 74] Encoding starts with w = 74:
c [w = 74] Symmetry breaking highest degree node is applied.
c [w = 74] Encoding duration: 563 ms.
c [w = 74] Number of clauses: 755100.
c [w = 74] Number of variables: 133400.
c [w = 74] SAT Solving starts:
c [w = 74] Solving duration: 44 ms.
c [w = 74] Answer:
s [w = 74] UNSAT (w = 74).
c [Signal] Signal interruption. Caught signal: SIGTERM (15).
c [w = 72] Start task in PID: 13132.
c [w = 72] Cyclic Antibandwidth problem with w = 72 (p28_200_400):
c [w = 72] Initializing CaDiCaL (version 2.1.3).
c [w = 72] Configuring CaDiCaL as --sat (1).
c [w = 72] Encoding starts with w = 72:
c [w = 72] Symmetry breaking highest degree node is applied.
c [w = 72] Encoding duration: 566 ms.
c [w = 72] Number of clauses: 751100.
c [w = 72] Number of variables: 132200.
c [w = 72] SAT Solving starts:
c [w = 72] Solving duration: 48 ms.
c [w = 72] Answer:
s [w = 72] UNSAT (w = 72).
c [Signal] Signal interruption. Caught signal: SIGTERM (15).
c [Main] Child pid 72 - 13132 terminated by signal 15.
c [Main] Child pid 74 - 13133 terminated by signal 15.
c [w = 67] Start task in PID: 13135.
c [w = 67] Cyclic Antibandwidth problem with w = 67 (p28_200_400):
c [w = 67] Initializing CaDiCaL (version 2.1.3).
c [w = 67] Configuring CaDiCaL as --sat (1).
c [w = 67] Encoding starts with w = 67:
c [w = 67] Symmetry breaking highest degree node is applied.
c [w = 67] Encoding duration: 562 ms.
c [w = 67] Number of clauses: 741100.
c [w = 67] Number of variables: 129200.
c [w = 67] SAT Solving starts:
c [w = 67] Solving duration: 37 ms.
c [w = 67] Answer:
s [w = 67] UNSAT (w = 67).
c [w = 67] Result: 20.
c [Main] Min width UNSAT is set to 67
c [Main] Kill higher pid 68.
c [w = 68] Start task in PID: 13136.
c [w = 68] Cyclic Antibandwidth problem with w = 68 (p28_200_400):
c [w = 68] Initializing CaDiCaL (version 2.1.3).
c [w = 68] Configuring CaDiCaL as --sat (1).
c [w = 68] Encoding starts with w = 68:
c [w = 68] Symmetry breaking highest degree node is applied.
c [w = 68] Encoding duration: 580 ms.
c [w = 68] Number of clauses: 743100.
c [w = 68] Number of variables: 129800.
c [w = 68] SAT Solving starts:
c [w = 68] Solving duration: 71 ms.
c [w = 68] Answer:
s [w = 68] UNSAT (w = 68).
c [Signal] Signal interruption. Caught signal: SIGTERM (15).
c [Main] Child pid 68 - 13136 terminated by signal 15.
c [w = 63] Start task in PID: 13130.
c [w = 63] Cyclic Antibandwidth problem with w = 63 (p28_200_400):
c [w = 63] Initializing CaDiCaL (version 2.1.3).
c [w = 63] Configuring CaDiCaL as --sat (1).
c [w = 63] Encoding starts with w = 63:
c [w = 63] Symmetry breaking highest degree node is applied.
c [w = 63] Encoding duration: 580 ms.
c [w = 63] Number of clauses: 768700.
c [w = 63] Number of variables: 138800.
c [w = 63] SAT Solving starts:
c [w = 63] Solving duration: 284341 ms.
c [w = 63] Answer:
s [w = 63] SAT (w = 63).
c [w = 63] Solution check = 63.
c [w = 63] The solution is correct.
c [w = 63] Result: 10.
c [Main] Max width SAT is set to 63.
c [w = 66] Start task in PID: 13134.
c [w = 66] Cyclic Antibandwidth problem with w = 66 (p28_200_400):
c [w = 66] Initializing CaDiCaL (version 2.1.3).
c [w = 66] Configuring CaDiCaL as --sat (1).
c [w = 66] Encoding starts with w = 66:
c [w = 66] Symmetry breaking highest degree node is applied.
c [w = 66] Encoding duration: 582 ms.
c [w = 66] Number of clauses: 776500.
c [w = 66] Number of variables: 141200.
c [w = 66] SAT Solving starts:
c [w = 66] Solving duration: 1444109 ms.
c [w = 66] Answer:
s [w = 66] UNSAT (w = 66).
c [w = 66] Result: 20.
c [Main] Min width UNSAT is set to 66
c [w = 64] Start task in PID: 13137.
c [w = 64] Cyclic Antibandwidth problem with w = 64 (p28_200_400):
c [w = 64] Initializing CaDiCaL (version 2.1.3).
c [w = 64] Configuring CaDiCaL as --sat (1).
c [w = 64] Encoding starts with w = 64:
c [w = 64] Symmetry breaking highest degree node is applied.
c [w = 64] Encoding duration: 582 ms.
c [w = 64] Number of clauses: 771300.
c [w = 64] Number of variables: 139600.
c [w = 64] SAT Solving starts:
c [w = 64] Solving duration: 1518849 ms.
c [w = 64] Answer:
s [w = 64] SAT (w = 64).
c [w = 64] Solution check = 64.
c [w = 64] The solution is correct.
c [w = 64] Result: 10.
c [Main] Max width SAT is set to 64.
c [w = 65] Start task in PID: 13138.
c [w = 65] Cyclic Antibandwidth problem with w = 65 (p28_200_400):
c [w = 65] Initializing CaDiCaL (version 2.1.3).
c [w = 65] Configuring CaDiCaL as --sat (1).
c [w = 65] Encoding starts with w = 65:
c [w = 65] Symmetry breaking highest degree node is applied.
c [w = 65] Encoding duration: 578 ms.
c [w = 65] Number of clauses: 773900.
c [w = 65] Number of variables: 140400.
c [w = 65] SAT Solving starts:
c [Signal] Signal interruption. Caught signal: SIGTERM (15).
c [Main] Lim pid ends with result: 254.
c [Main] All children have completed.
r [Main] 
r [Main] Final results: 
r [Main] Max width SAT:  	64.
r [Main] Min width UNSAT:	66.
r [Main] Total real time: 1807891 ms.
r [Main] Total memory consumed: 1145.2 MB.
r [Main] 
