c [Version] Cyclic Bandwidth Encoder version 1.0.0.
c [Param] Real time limit is set to 1800.
c [Param] Memory limit is set to 30000.
c [Param] Worker count is set to 4.
c [Main] Encoding and solving for graph: caterpillar_20_25.txt.
c [Main] Search strategy: Binary search from lower bound.
c [Main] No predefined lower bound is found for caterpillar_20_25.txt.
c [Main] LB-w = 2 (default value).
c [Main] No predefined upper bound is found for caterpillar_20_25.txt.
c [Main] UB-w = 250 (default value calculated as n/2).
c [Main] Search order: 126 63 32 16 8 4 2 3 6 5 7 12 10 9 11 14 13 15 24 20 18 17 19 22 21 23 28 26 25 27 30 29 31 47 39 35 33 34 37 36 38 43 41 40 42 45 44 46 55 51 49 48 50 53 52 54 59 57 56 58 61 60 62 94 78 70 66 64 65 68 67 69 74 72 71 73 76 75 77 86 82 80 79 81 84 83 85 90 88 87 89 92 91 93 110 102 98 96 95 97 100 99 101 106 104 103 105 108 107 109 118 114 112 111 113 116 115 117 122 120 119 121 124 123 125 188 157 141 133 129 127 128 131 130 132 137 135 134 136 139 138 140 149 145 143 142 144 147 146 148 153 151 150 152 155 154 156 172 164 160 158 159 162 161 163 168 166 165 167 170 169 171 180 176 174 173 175 178 177 179 184 182 181 183 186 185 187 219 203 195 191 189 190 193 192 194 199 197 196 198 201 200 202 211 207 205 204 206 209 208 210 215 213 212 214 217 216 218 235 227 223 221 220 222 225 224 226 231 229 228 230 233 232 234 243 239 237 236 238 241 240 242 247 245 244 246 249 248 250.
c [w = 16] Start task in PID: 23797.
c [w = 16] Cyclic Antibandwidth problem with w = 16 (caterpillar_20_25.txt):
c [w = 16] Initializing CaDiCaL (version 2.1.3).
c [w = 16] Configuring CaDiCaL as --sat (1).
c [w = 16] Encoding starts with w = 16:
c [w = 16] Symmetry breaking highest degree node is applied.
c [w = 16] Encoding duration: 1546 ms.
c [w = 16] Number of clauses: 3657346.
c [w = 16] Number of variables: 751000.
c [w = 16] SAT Solving starts:
c [w = 16] Solving duration: 2011 ms.
c [w = 16] Answer:
s [w = 16] SAT (w = 16).
c [w = 16] Solution check = 16.
c [w = 16] The solution is correct.
c [w = 16] Result: 10.
c [Main] Max width SAT is set to 16.
c [w = 32] Start task in PID: 23796.
c [w = 32] Cyclic Antibandwidth problem with w = 32 (caterpillar_20_25.txt):
c [w = 32] Initializing CaDiCaL (version 2.1.3).
c [w = 32] Configuring CaDiCaL as --sat (1).
c [w = 32] Encoding starts with w = 32:
c [w = 32] Symmetry breaking highest degree node is applied.
c [w = 32] Encoding duration: 1493 ms.
c [w = 32] Number of clauses: 3565298.
c [w = 32] Number of variables: 775000.
c [w = 32] SAT Solving starts:
c [w = 32] Solving duration: 25031 ms.
c [w = 32] Answer:
s [w = 32] SAT (w = 32).
c [w = 32] Solution check = 32.
c [w = 32] The solution is correct.
c [w = 32] Result: 10.
c [Main] Max width SAT is set to 32.
c [Main] Kill lower pid 24.
c [w = 24] Start task in PID: 23798.
c [w = 24] Cyclic Antibandwidth problem with w = 24 (caterpillar_20_25.txt):
c [w = 24] Initializing CaDiCaL (version 2.1.3).
c [w = 24] Configuring CaDiCaL as --sat (1).
c [w = 24] Encoding starts with w = 24:
c [w = 24] Symmetry breaking highest degree node is applied.
c [w = 24] Encoding duration: 1515 ms.
c [w = 24] Number of clauses: 3566813.
c [w = 24] Number of variables: 763500.
c [w = 24] SAT Solving starts:
c [Signal] Signal interruption. Caught signal: SIGTERM (15).
c [Main] Child pid 24 - 23798 terminated by signal 15.
c [w = 63] Start task in PID: 23795.
c [w = 63] Cyclic Antibandwidth problem with w = 63 (caterpillar_20_25.txt):
c [w = 63] Initializing CaDiCaL (version 2.1.3).
c [w = 63] Configuring CaDiCaL as --sat (1).
c [w = 63] Encoding starts with w = 63:
c [w = 63] Symmetry breaking highest degree node is applied.
c [w = 63] Encoding duration: 1491 ms.
c [w = 63] Number of clauses: 3566774.
c [w = 63] Number of variables: 783000.
c [w = 63] SAT Solving starts:
c [w = 63] Solving duration: 65228 ms.
c [w = 63] Answer:
s [w = 63] SAT (w = 63).
c [w = 63] Solution check = 63.
c [w = 63] The solution is correct.
c [w = 63] Result: 10.
c [Main] Max width SAT is set to 63.
c [Main] Kill lower pid 39.
c [Main] Kill lower pid 47.
c [w = 47] Start task in PID: 23799.
c [w = 47] Cyclic Antibandwidth problem with w = 47 (caterpillar_20_25.txt):
c [w = 47] Initializing CaDiCaL (version 2.1.3).
c [w = 47] Configuring CaDiCaL as --sat (1).
c [w = 47] Encoding starts with w = 47:
c [w = 47] Symmetry breaking highest degree node is applied.
c [w = 47] Encoding duration: 1497 ms.
c [w = 47] Number of clauses: 3575283.
c [w = 47] Number of variables: 785000.
c [w = 47] SAT Solving starts:
c [Signal] Signal interruption. Caught signal: SIGTERM (15).
c [w = 39] Start task in PID: 23800.
c [w = 39] Cyclic Antibandwidth problem with w = 39 (caterpillar_20_25.txt):
c [w = 39] Initializing CaDiCaL (version 2.1.3).
c [w = 39] Configuring CaDiCaL as --sat (1).
c [w = 39] Encoding starts with w = 39:
c [w = 39] Symmetry breaking highest degree node is applied.
c [w = 39] Encoding duration: 1468 ms.
c [w = 39] Number of clauses: 3556789.
c [w = 39] Number of variables: 777000.
c [w = 39] SAT Solving starts:
c [Signal] Signal interruption. Caught signal: SIGTERM (15).
c [Main] Child pid 39 - 23800 terminated by signal 15.
c [Main] Child pid 47 - 23799 terminated by signal 15.
c [w = 126] Start task in PID: 23794.
c [w = 126] Cyclic Antibandwidth problem with w = 126 (caterpillar_20_25.txt):
c [w = 126] Initializing CaDiCaL (version 2.1.3).
c [w = 126] Configuring CaDiCaL as --sat (1).
c [w = 126] Encoding starts with w = 126:
c [w = 126] Symmetry breaking highest degree node is applied.
c [w = 126] Encoding duration: 1536 ms.
c [w = 126] Number of clauses: 3609262.
c [w = 126] Number of variables: 789000.
c [w = 126] SAT Solving starts:
c [w = 126] Solving duration: 71629 ms.
c [w = 126] Answer:
s [w = 126] SAT (w = 126).
c [w = 126] Solution check = 126.
c [w = 126] The solution is correct.
c [w = 126] Result: 10.
c [Main] Max width SAT is set to 126.
c [Main] Kill lower pid 70.
c [Main] Kill lower pid 78.
c [Main] Kill lower pid 94.
c [w = 70] Start task in PID: 23804.
c [w = 70] Cyclic Antibandwidth problem with w = 70 (caterpillar_20_25.txt):
c [w = 70] Initializing CaDiCaL (version 2.1.3).
c [w = 70] Configuring CaDiCaL as --sat (1).
c [w = 70] Encoding starts with w = 70:
c [w = 70] Symmetry breaking highest degree node is applied.
c [w = 70] Encoding duration: 1549 ms.
c [w = 70] Number of clauses: 3654274.
c [w = 70] Number of variables: 811000.
c [w = 70] SAT Solving starts:
c [Signal] Signal interruption. Caught signal: SIGTERM (15).
c [w = 78] Start task in PID: 23803.
c [w = 78] Cyclic Antibandwidth problem with w = 78 (caterpillar_20_25.txt):
c [w = 78] Initializing CaDiCaL (version 2.1.3).
c [w = 78] Configuring CaDiCaL as --sat (1).
c [w = 78] Encoding starts with w = 78:
c [w = 78] Symmetry breaking highest degree node is applied.
c [w = 78] Encoding duration: 1540 ms.
c [w = 78] Number of clauses: 3639271.
c [w = 78] Number of variables: 805500.
c [w = 78] SAT Solving starts:
c [w = 78] Solving duration: 4547 ms.
c [w = 78] Answer:
s [w = 78] SAT (w = 78).
c [w = 78] Solution check = 78.
c [w = 78] The solution is correct.
c [Signal] Signal interruption. Caught signal: SIGTERM (15).
c [w = 94] Start task in PID: 23802.
c [w = 94] Cyclic Antibandwidth problem with w = 94 (caterpillar_20_25.txt):
c [w = 94] Initializing CaDiCaL (version 2.1.3).
c [w = 94] Configuring CaDiCaL as --sat (1).
c [w = 94] Encoding starts with w = 94:
c [w = 94] Symmetry breaking highest degree node is applied.
c [w = 94] Encoding duration: 1532 ms.
c [w = 94] Number of clauses: 3676768.
c [w = 94] Number of variables: 816000.
c [w = 94] SAT Solving starts:
c [Signal] Signal interruption. Caught signal: SIGTERM (15).
c [Main] Child pid 94 - 23802 terminated by signal 15.
c [Main] Child pid 78 - 23803 terminated by signal 15.
c [Main] Child pid 70 - 23804 terminated by signal 15.
c [w = 157] Start task in PID: 23806.
c [w = 157] Cyclic Antibandwidth problem with w = 157 (caterpillar_20_25.txt):
c [w = 157] Initializing CaDiCaL (version 2.1.3).
c [w = 157] Configuring CaDiCaL as --sat (1).
c [w = 157] Encoding starts with w = 157:
c [w = 157] Symmetry breaking highest degree node is applied.
c [w = 157] Encoding duration: 1583 ms.
c [w = 157] Number of clauses: 3810762.
c [w = 157] Number of variables: 851000.
c [w = 157] SAT Solving starts:
c [w = 157] Solving duration: 83129 ms.
c [w = 157] Answer:
s [w = 157] SAT (w = 157).
c [w = 157] Solution check = 157.
c [w = 157] The solution is correct.
c [w = 157] Result: 10.
c [Main] Max width SAT is set to 157.
c [Main] Kill lower pid 133.
c [Main] Kill lower pid 141.
c [w = 133] Start task in PID: 23808.
c [w = 133] Cyclic Antibandwidth problem with w = 133 (caterpillar_20_25.txt):
c [w = 133] Initializing CaDiCaL (version 2.1.3).
c [w = 133] Configuring CaDiCaL as --sat (1).
c [w = 133] Encoding starts with w = 133:
c [w = 133] Symmetry breaking highest degree node is applied.
c [w = 133] Encoding duration: 1528 ms.
c [w = 133] Number of clauses: 3654762.
c [w = 133] Number of variables: 803000.
c [w = 133] SAT Solving starts:
c [Signal] Signal interruption. Caught signal: SIGTERM (15).
c [w = 141] Start task in PID: 23807.
c [w = 141] Cyclic Antibandwidth problem with w = 141 (caterpillar_20_25.txt):
c [w = 141] Initializing CaDiCaL (version 2.1.3).
c [w = 141] Configuring CaDiCaL as --sat (1).
c [w = 141] Encoding starts with w = 141:
c [w = 141] Symmetry breaking highest degree node is applied.
c [w = 141] Encoding duration: 1541 ms.
c [w = 141] Number of clauses: 3706762.
c [w = 141] Number of variables: 819000.
c [w = 141] SAT Solving starts:
c [Signal] Signal interruption. Caught signal: SIGTERM (15).
c [Main] Child pid 141 - 23807 terminated by signal 15.
c [Main] Child pid 133 - 23808 terminated by signal 15.
c [w = 188] Start task in PID: 23805.
c [w = 188] Cyclic Antibandwidth problem with w = 188 (caterpillar_20_25.txt):
c [w = 188] Initializing CaDiCaL (version 2.1.3).
c [w = 188] Configuring CaDiCaL as --sat (1).
c [w = 188] Encoding starts with w = 188:
c [w = 188] Symmetry breaking highest degree node is applied.
c [w = 188] Encoding duration: 1588 ms.
c [w = 188] Number of clauses: 3734259.
c [w = 188] Number of variables: 820500.
c [w = 188] SAT Solving starts:
c [w = 188] Solving duration: 124323 ms.
c [w = 188] Answer:
s [w = 188] SAT (w = 188).
c [w = 188] Solution check = 188.
c [w = 188] The solution is correct.
c [w = 188] Result: 10.
c [Main] Max width SAT is set to 188.
c [Main] Kill lower pid 160.
c [Main] Kill lower pid 164.
c [Main] Kill lower pid 172.
c [w = 160] Start task in PID: 23812.
c [w = 160] Cyclic Antibandwidth problem with w = 160 (caterpillar_20_25.txt):
c [w = 160] Initializing CaDiCaL (version 2.1.3).
c [w = 160] Configuring CaDiCaL as --sat (1).
c [w = 160] Encoding starts with w = 160:
c [w = 160] Symmetry breaking highest degree node is applied.
c [w = 160] Encoding duration: 1615 ms.
c [w = 160] Number of clauses: 3830262.
c [w = 160] Number of variables: 857000.
c [w = 160] SAT Solving starts:
c [Signal] Signal interruption. Caught signal: SIGTERM (15).
c [w = 164] Start task in PID: 23811.
c [w = 164] Cyclic Antibandwidth problem with w = 164 (caterpillar_20_25.txt):
c [w = 164] Initializing CaDiCaL (version 2.1.3).
c [w = 164] Configuring CaDiCaL as --sat (1).
c [w = 164] Encoding starts with w = 164:
c [w = 164] Symmetry breaking highest degree node is applied.
c [w = 164] Encoding duration: 1597 ms.
c [w = 164] Number of clauses: 3856262.
c [w = 164] Number of variables: 865000.
c [w = 164] SAT Solving starts:
c [Signal] Signal interruption. Caught signal: SIGTERM (15).
c [w = 172] Start task in PID: 23810.
c [w = 172] Cyclic Antibandwidth problem with w = 172 (caterpillar_20_25.txt):
c [w = 172] Initializing CaDiCaL (version 2.1.3).
c [w = 172] Configuring CaDiCaL as --sat (1).
c [w = 172] Encoding starts with w = 172:
c [w = 172] Symmetry breaking highest degree node is applied.
c [w = 172] Encoding duration: 1523 ms.
c [w = 172] Number of clauses: 3654259.
c [w = 172] Number of variables: 796500.
c [w = 172] SAT Solving starts:
c [Signal] Signal interruption. Caught signal: SIGTERM (15).
c [Main] Child pid 160 - 23812 terminated by signal 15.
c [Main] Child pid 172 - 23810 terminated by signal 15.
c [Main] Child pid 164 - 23811 terminated by signal 15.
c [w = 191] Start task in PID: 23816.
c [w = 191] Cyclic Antibandwidth problem with w = 191 (caterpillar_20_25.txt):
c [w = 191] Initializing CaDiCaL (version 2.1.3).
c [w = 191] Configuring CaDiCaL as --sat (1).
c [w = 191] Encoding starts with w = 191:
c [w = 191] Symmetry breaking highest degree node is applied.
c [w = 191] Encoding duration: 1581 ms.
c [w = 191] Number of clauses: 3749259.
c [w = 191] Number of variables: 825000.
c [w = 191] SAT Solving starts:
c [w = 191] Solving duration: 88324 ms.
c [w = 191] Answer:
s [w = 191] SAT (w = 191).
c [w = 191] Solution check = 191.
c [w = 191] The solution is correct.
c [w = 191] Result: 10.
c [Main] Max width SAT is set to 191.
c [w = 195] Start task in PID: 23815.
c [w = 195] Cyclic Antibandwidth problem with w = 195 (caterpillar_20_25.txt):
c [w = 195] Initializing CaDiCaL (version 2.1.3).
c [w = 195] Configuring CaDiCaL as --sat (1).
c [w = 195] Encoding starts with w = 195:
c [w = 195] Symmetry breaking highest degree node is applied.
c [w = 195] Encoding duration: 1588 ms.
c [w = 195] Number of clauses: 3769259.
c [w = 195] Number of variables: 831000.
c [w = 195] SAT Solving starts:
c [w = 195] Solving duration: 110795 ms.
c [w = 195] Answer:
s [w = 195] SAT (w = 195).
c [w = 195] Solution check = 195.
c [w = 195] The solution is correct.
c [w = 195] Result: 10.
c [Main] Max width SAT is set to 195.
c [Main] Kill lower pid 193.
c [w = 193] Start task in PID: 23818.
c [w = 193] Cyclic Antibandwidth problem with w = 193 (caterpillar_20_25.txt):
c [w = 193] Initializing CaDiCaL (version 2.1.3).
c [w = 193] Configuring CaDiCaL as --sat (1).
c [w = 193] Encoding starts with w = 193:
c [w = 193] Symmetry breaking highest degree node is applied.
c [w = 193] Encoding duration: 1577 ms.
c [w = 193] Number of clauses: 3759259.
c [w = 193] Number of variables: 828000.
c [w = 193] SAT Solving starts:
c [Signal] Signal interruption. Caught signal: SIGTERM (15).
c [Main] Child pid 193 - 23818 terminated by signal 15.
c [w = 203] Start task in PID: 23814.
c [w = 203] Cyclic Antibandwidth problem with w = 203 (caterpillar_20_25.txt):
c [w = 203] Initializing CaDiCaL (version 2.1.3).
c [w = 203] Configuring CaDiCaL as --sat (1).
c [w = 203] Encoding starts with w = 203:
c [w = 203] Symmetry breaking highest degree node is applied.
c [w = 203] Encoding duration: 1611 ms.
c [w = 203] Number of clauses: 3809259.
c [w = 203] Number of variables: 843000.
c [w = 203] SAT Solving starts:
c [w = 203] Solving duration: 112357 ms.
c [w = 203] Answer:
s [w = 203] SAT (w = 203).
c [w = 203] Solution check = 203.
c [w = 203] The solution is correct.
c [w = 203] Result: 10.
c [Main] Max width SAT is set to 203.
c [Main] Kill lower pid 197.
c [Main] Kill lower pid 199.
c [w = 199] Start task in PID: 23819.
c [w = 199] Cyclic Antibandwidth problem with w = 199 (caterpillar_20_25.txt):
c [w = 199] Initializing CaDiCaL (version 2.1.3).
c [w = 199] Configuring CaDiCaL as --sat (1).
c [w = 199] Encoding starts with w = 199:
c [w = 199] Symmetry breaking highest degree node is applied.
c [Signal] Signal interruption. Caught signal: SIGTERM (15).
c [w = 197] Start task in PID: 23820.
c [w = 197] Cyclic Antibandwidth problem with w = 197 (caterpillar_20_25.txt):
c [w = 197] Initializing CaDiCaL (version 2.1.3).
c [w = 197] Configuring CaDiCaL as --sat (1).
c [w = 197] Encoding starts with w = 197:
c [w = 197] Symmetry breaking highest degree node is applied.
c [Signal] Signal interruption. Caught signal: SIGTERM (15).
c [Main] Child pid 197 - 23820 terminated by signal 15.
c [Main] Child pid 199 - 23819 terminated by signal 15.
c [w = 205] Start task in PID: 23823.
c [w = 205] Cyclic Antibandwidth problem with w = 205 (caterpillar_20_25.txt):
c [w = 205] Initializing CaDiCaL (version 2.1.3).
c [w = 205] Configuring CaDiCaL as --sat (1).
c [w = 205] Encoding starts with w = 205:
c [w = 205] Symmetry breaking highest degree node is applied.
c [w = 205] Encoding duration: 1715 ms.
c [w = 205] Number of clauses: 3819259.
c [w = 205] Number of variables: 846000.
c [w = 205] SAT Solving starts:
c [w = 205] Solving duration: 86383 ms.
c [w = 205] Answer:
s [w = 205] SAT (w = 205).
c [w = 205] Solution check = 205.
c [w = 205] The solution is correct.
c [w = 205] Result: 10.
c [Main] Max width SAT is set to 205.
c [w = 219] Start task in PID: 23813.
c [w = 219] Cyclic Antibandwidth problem with w = 219 (caterpillar_20_25.txt):
c [w = 219] Initializing CaDiCaL (version 2.1.3).
c [w = 219] Configuring CaDiCaL as --sat (1).
c [w = 219] Encoding starts with w = 219:
c [w = 219] Symmetry breaking highest degree node is applied.
c [w = 219] Encoding duration: 1656 ms.
c [w = 219] Number of clauses: 3889259.
c [w = 219] Number of variables: 867000.
c [w = 219] SAT Solving starts:
c [w = 219] Solving duration: 277424 ms.
c [w = 219] Answer:
s [w = 219] SAT (w = 219).
c [w = 219] Solution check = 219.
c [w = 219] The solution is correct.
c [w = 219] Result: 10.
c [Main] Max width SAT is set to 219.
c [Main] Kill lower pid 207.
c [Main] Kill lower pid 211.
c [Main] Kill lower pid 206.
c [w = 207] Start task in PID: 23822.
c [w = 207] Cyclic Antibandwidth problem with w = 207 (caterpillar_20_25.txt):
c [w = 207] Initializing CaDiCaL (version 2.1.3).
c [w = 207] Configuring CaDiCaL as --sat (1).
c [w = 207] Encoding starts with w = 207:
c [w = 207] Symmetry breaking highest degree node is applied.
c [w = 207] Encoding duration: 1668 ms.
c [w = 207] Number of clauses: 3829259.
c [w = 207] Number of variables: 849000.
c [w = 207] SAT Solving starts:
c [Signal] Signal interruption. Caught signal: SIGTERM (15).
c [w = 206] Start task in PID: 24488.
c [w = 206] Cyclic Antibandwidth problem with w = 206 (caterpillar_20_25.txt):
c [w = 206] Initializing CaDiCaL (version 2.1.3).
c [w = 206] Configuring CaDiCaL as --sat (1).
c [w = 206] Encoding starts with w = 206:
c [w = 206] Symmetry breaking highest degree node is applied.
c [w = 206] Encoding duration: 1610 ms.
c [w = 206] Number of clauses: 3824259.
c [w = 206] Number of variables: 847500.
c [w = 206] SAT Solving starts:
c [Signal] Signal interruption. Caught signal: SIGTERM (15).
c [w = 211] Start task in PID: 23821.
c [w = 211] Cyclic Antibandwidth problem with w = 211 (caterpillar_20_25.txt):
c [w = 211] Initializing CaDiCaL (version 2.1.3).
c [w = 211] Configuring CaDiCaL as --sat (1).
c [w = 211] Encoding starts with w = 211:
c [w = 211] Symmetry breaking highest degree node is applied.
c [w = 211] Encoding duration: 1687 ms.
c [w = 211] Number of clauses: 3849259.
c [w = 211] Number of variables: 855000.
c [w = 211] SAT Solving starts:
c [Signal] Signal interruption. Caught signal: SIGTERM (15).
c [Main] Child pid 211 - 23821 terminated by signal 15.
c [Main] Child pid 206 - 24488 terminated by signal 15.
c [Main] Child pid 207 - 23822 terminated by signal 15.
c [w = 221] Start task in PID: 24493.
c [w = 221] Cyclic Antibandwidth problem with w = 221 (caterpillar_20_25.txt):
c [w = 221] Initializing CaDiCaL (version 2.1.3).
c [w = 221] Configuring CaDiCaL as --sat (1).
c [w = 221] Encoding starts with w = 221:
c [w = 221] Symmetry breaking highest degree node is applied.
c [w = 221] Encoding duration: 1644 ms.
c [w = 221] Number of clauses: 3899259.
c [w = 221] Number of variables: 870000.
c [w = 221] SAT Solving starts:
c [w = 221] Solving duration: 224759 ms.
c [w = 221] Answer:
s [w = 221] SAT (w = 221).
c [w = 221] Solution check = 221.
c [w = 221] The solution is correct.
c [w = 221] Result: 10.
c [Main] Max width SAT is set to 221.
c [w = 223] Start task in PID: 24492.
c [w = 223] Cyclic Antibandwidth problem with w = 223 (caterpillar_20_25.txt):
c [w = 223] Initializing CaDiCaL (version 2.1.3).
c [w = 223] Configuring CaDiCaL as --sat (1).
c [w = 223] Encoding starts with w = 223:
c [w = 223] Symmetry breaking highest degree node is applied.
c [w = 223] Encoding duration: 1657 ms.
c [w = 223] Number of clauses: 3909259.
c [w = 223] Number of variables: 873000.
c [w = 223] SAT Solving starts:
c [w = 223] Solving duration: 355225 ms.
c [w = 223] Answer:
s [w = 223] SAT (w = 223).
c [w = 223] Solution check = 223.
c [w = 223] The solution is correct.
c [w = 223] Result: 10.
c [Main] Max width SAT is set to 223.
c [Main] Kill lower pid 222.
c [w = 222] Start task in PID: 24498.
c [w = 222] Cyclic Antibandwidth problem with w = 222 (caterpillar_20_25.txt):
c [w = 222] Initializing CaDiCaL (version 2.1.3).
c [w = 222] Configuring CaDiCaL as --sat (1).
c [w = 222] Encoding starts with w = 222:
c [w = 222] Symmetry breaking highest degree node is applied.
c [w = 222] Encoding duration: 1655 ms.
c [w = 222] Number of clauses: 3904259.
c [w = 222] Number of variables: 871500.
c [w = 222] SAT Solving starts:
c [Signal] Signal interruption. Caught signal: SIGTERM (15).
c [Main] Child pid 222 - 24498 terminated by signal 15.
c [w = 227] Start task in PID: 24491.
c [w = 227] Cyclic Antibandwidth problem with w = 227 (caterpillar_20_25.txt):
c [w = 227] Initializing CaDiCaL (version 2.1.3).
c [w = 227] Configuring CaDiCaL as --sat (1).
c [w = 227] Encoding starts with w = 227:
c [w = 227] Symmetry breaking highest degree node is applied.
c [w = 227] Encoding duration: 1687 ms.
c [w = 227] Number of clauses: 3929259.
c [w = 227] Number of variables: 879000.
c [w = 227] SAT Solving starts:
c [w = 227] Solving duration: 506768 ms.
c [w = 227] Answer:
s [w = 227] SAT (w = 227).
c [w = 227] Solution check = 227.
c [w = 227] The solution is correct.
c [w = 227] Result: 10.
c [Main] Max width SAT is set to 227.
c [Main] Kill lower pid 224.
c [Main] Kill lower pid 225.
c [w = 224] Start task in PID: 24501.
c [w = 224] Cyclic Antibandwidth problem with w = 224 (caterpillar_20_25.txt):
c [w = 224] Initializing CaDiCaL (version 2.1.3).
c [w = 224] Configuring CaDiCaL as --sat (1).
c [w = 224] Encoding starts with w = 224:
c [w = 224] Symmetry breaking highest degree node is applied.
c [w = 224] Encoding duration: 1647 ms.
c [w = 224] Number of clauses: 3914259.
c [w = 224] Number of variables: 874500.
c [w = 224] SAT Solving starts:
c [Signal] Signal interruption. Caught signal: SIGTERM (15).
c [w = 225] Start task in PID: 24500.
c [w = 225] Cyclic Antibandwidth problem with w = 225 (caterpillar_20_25.txt):
c [w = 225] Initializing CaDiCaL (version 2.1.3).
c [w = 225] Configuring CaDiCaL as --sat (1).
c [w = 225] Encoding starts with w = 225:
c [w = 225] Symmetry breaking highest degree node is applied.
c [w = 225] Encoding duration: 1663 ms.
c [w = 225] Number of clauses: 3919259.
c [w = 225] Number of variables: 876000.
c [w = 225] SAT Solving starts:
c [Signal] Signal interruption. Caught signal: SIGTERM (15).
c [Main] Child pid 224 - 24501 terminated by signal 15.
c [Main] Child pid 225 - 24500 terminated by signal 15.
c [w = 231] Start task in PID: 25163.
c [w = 231] Cyclic Antibandwidth problem with w = 231 (caterpillar_20_25.txt):
c [w = 231] Initializing CaDiCaL (version 2.1.3).
c [w = 231] Configuring CaDiCaL as --sat (1).
c [w = 231] Encoding starts with w = 231:
c [w = 231] Symmetry breaking highest degree node is applied.
c [w = 231] Encoding duration: 1726 ms.
c [w = 231] Number of clauses: 3949259.
c [w = 231] Number of variables: 885000.
c [w = 231] SAT Solving starts:
c [w = 231] Solving duration: 227630 ms.
c [w = 231] Answer:
s [w = 231] SAT (w = 231).
c [w = 231] Solution check = 231.
c [w = 231] The solution is correct.
c [w = 231] Result: 10.
c [Main] Max width SAT is set to 231.
c [Main] Kill lower pid 228.
c [Main] Kill lower pid 229.
c [w = 228] Start task in PID: 25165.
c [w = 228] Cyclic Antibandwidth problem with w = 228 (caterpillar_20_25.txt):
c [w = 228] Initializing CaDiCaL (version 2.1.3).
c [w = 228] Configuring CaDiCaL as --sat (1).
c [w = 228] Encoding starts with w = 228:
c [w = 228] Symmetry breaking highest degree node is applied.
c [w = 228] Encoding duration: 1701 ms.
c [w = 228] Number of clauses: 3934259.
c [w = 228] Number of variables: 880500.
c [w = 228] SAT Solving starts:
c [Signal] Signal interruption. Caught signal: SIGTERM (15).
c [w = 229] Start task in PID: 25164.
c [w = 229] Cyclic Antibandwidth problem with w = 229 (caterpillar_20_25.txt):
c [w = 229] Initializing CaDiCaL (version 2.1.3).
c [w = 229] Configuring CaDiCaL as --sat (1).
c [w = 229] Encoding starts with w = 229:
c [w = 229] Symmetry breaking highest degree node is applied.
c [w = 229] Encoding duration: 1701 ms.
c [w = 229] Number of clauses: 3939259.
c [w = 229] Number of variables: 882000.
c [w = 229] SAT Solving starts:
c [Signal] Signal interruption. Caught signal: SIGTERM (15).
c [Main] Child pid 229 - 25164 terminated by signal 15.
c [Main] Child pid 228 - 25165 terminated by signal 15.
c [w = 232] Start task in PID: 25206.
c [w = 232] Cyclic Antibandwidth problem with w = 232 (caterpillar_20_25.txt):
c [w = 232] Initializing CaDiCaL (version 2.1.3).
c [w = 232] Configuring CaDiCaL as --sat (1).
c [w = 232] Encoding starts with w = 232:
c [w = 232] Symmetry breaking highest degree node is applied.
c [w = 232] Encoding duration: 1696 ms.
c [w = 232] Number of clauses: 3954259.
c [w = 232] Number of variables: 886500.
c [w = 232] SAT Solving starts:
c [Signal] Signal interruption. Caught signal: SIGTERM (15).
c [w = 233] Start task in PID: 25205.
c [w = 233] Cyclic Antibandwidth problem with w = 233 (caterpillar_20_25.txt):
c [w = 233] Initializing CaDiCaL (version 2.1.3).
c [w = 233] Configuring CaDiCaL as --sat (1).
c [w = 233] Encoding starts with w = 233:
c [w = 233] Symmetry breaking highest degree node is applied.
c [w = 233] Encoding duration: 1701 ms.
c [w = 233] Number of clauses: 3959259.
c [w = 233] Number of variables: 888000.
c [w = 233] SAT Solving starts:
c [Signal] Signal interruption. Caught signal: SIGTERM (15).
c [w = 234] Start task in PID: 25207.
c [w = 234] Cyclic Antibandwidth problem with w = 234 (caterpillar_20_25.txt):
c [w = 234] Initializing CaDiCaL (version 2.1.3).
c [w = 234] Configuring CaDiCaL as --sat (1).
c [w = 234] Encoding starts with w = 234:
c [w = 234] Symmetry breaking highest degree node is applied.
c [w = 234] Encoding duration: 1708 ms.
c [w = 234] Number of clauses: 3964259.
c [w = 234] Number of variables: 889500.
c [w = 234] SAT Solving starts:
c [Signal] Signal interruption. Caught signal: SIGTERM (15).
c [w = 235] Start task in PID: 24490.
c [w = 235] Cyclic Antibandwidth problem with w = 235 (caterpillar_20_25.txt):
c [w = 235] Initializing CaDiCaL (version 2.1.3).
c [w = 235] Configuring CaDiCaL as --sat (1).
c [w = 235] Encoding starts with w = 235:
c [w = 235] Symmetry breaking highest degree node is applied.
c [w = 235] Encoding duration: 1731 ms.
c [w = 235] Number of clauses: 3969259.
c [w = 235] Number of variables: 891000.
c [w = 235] SAT Solving starts:
c [Signal] Signal interruption. Caught signal: SIGTERM (15).
c [Main] Lim pid ends with result: 254.
c [Main] All children have completed.
r [Main] 
r [Main] Final results: 
r [Main] Max width SAT:  	231.
r [Main] Min width UNSAT:	-.
r [Main] Total real time: 1809206 ms.
r [Main] Total memory consumed: 5007.6 MB.
r [Main] 
