c [Version] Cyclic Bandwidth Encoder version 1.0.0.
c [Param] Real time limit is set to 1800.
c [Param] Memory limit is set to 30000.
c [Param] Worker count is set to 4.
c [Main] Encoding and solving for graph: A-pores_1.mtx.rnd
c [Main] Search strategy: Iterating from lower bound.
c [w = 3] Start task in PID: 763271.
c [w = 3] Antibandwidth problem with w = 3 (A-pores_1.mtx.rnd):
c [w = 3] Initializing CaDiCaL (version 2.1.3).
c [w = 3] Configuring CaDiCaL as --sat (1).
c [w = 3] Encoding starts with w = 3:
c [w = 3] Symmetry breaking highest degree node is applied.
c [w = 3] Encoding duration: 7 ms
c [w = 3] Number of clauses: 17925
c [w = 3] Number of variables: 2340
c [w = 5] Start task in PID: 763273.
c [w = 5] Antibandwidth problem with w = 5 (A-pores_1.mtx.rnd):
c [w = 5] Initializing CaDiCaL (version 2.1.3).
c [w = 5] Configuring CaDiCaL as --sat (1).
c [w = 5] Encoding starts with w = 5:
c [w = 5] Symmetry breaking highest degree node is applied.
c [w = 5] Encoding duration: 7 ms
c [w = 5] Number of clauses: 19281
c [w = 5] Number of variables: 2700
c [w = 3] SAT Solving starts:
c [w = 3] Solving duration: 0 ms
c [w = 3] Answer: 
s [w = 3] SAT (w = 3)
c [w = 3] Solution check = 3.
c [w = 3] The solution is correct.
c [w = 3] Result: 10
c [Main] Max width SAT is set to 3
c [w = 4] Start task in PID: 763272.
c [w = 4] Antibandwidth problem with w = 4 (A-pores_1.mtx.rnd):
c [w = 4] Initializing CaDiCaL (version 2.1.3).
c [w = 4] Configuring CaDiCaL as --sat (1).
c [w = 4] Encoding starts with w = 4:
c [w = 4] Symmetry breaking highest degree node is applied.
c [w = 4] Encoding duration: 11 ms
c [w = 4] Number of clauses: 18723
c [w = 4] Number of variables: 2580
c [w = 6] Start task in PID: 763274.
c [w = 6] Antibandwidth problem with w = 6 (A-pores_1.mtx.rnd):
c [w = 6] Initializing CaDiCaL (version 2.1.3).
c [w = 6] Configuring CaDiCaL as --sat (1).
c [w = 6] Encoding starts with w = 6:
c [w = 6] Symmetry breaking highest degree node is applied.
c [w = 6] Encoding duration: 12 ms
c [w = 6] Number of clauses: 19710
c [w = 6] Number of variables: 2790
c [w = 4] SAT Solving starts:
c [w = 4] Solving duration: 2 ms
c [w = 4] Answer: 
s [w = 4] SAT (w = 4)
c [w = 4] Solution check = 4.
c [w = 4] The solution is correct.
c [w = 4] Result: 10
c [Main] Max width SAT is set to 4
c [w = 7] Start task in PID: 763275.
c [w = 7] Antibandwidth problem with w = 7 (A-pores_1.mtx.rnd):
c [w = 7] Initializing CaDiCaL (version 2.1.3).
c [w = 7] Configuring CaDiCaL as --sat (1).
c [w = 7] Encoding starts with w = 7:
c [w = 7] Symmetry breaking highest degree node is applied.
c [w = 7] Encoding duration: 8 ms
c [w = 7] Number of clauses: 20190
c [w = 7] Number of variables: 2940
c [w = 6] SAT Solving starts:
c [w = 6] Solving duration: 4 ms
c [w = 6] Answer: 
s [w = 6] SAT (w = 6)
c [w = 6] Solution check = 6.
c [w = 6] The solution is correct.
c [w = 6] Result: 10
c [Main] Max width SAT is set to 6
c [Main] Kill lower pid 5.
c [w = 5] SAT Solving starts:
c [Signal] Signal interruption. Caught signal: SIGTERM (15)
c [Main] Child pid 5 - 763273 terminated by signal 15
c [w = 8] Start task in PID: 763276.
c [w = 8] Antibandwidth problem with w = 8 (A-pores_1.mtx.rnd):
c [w = 8] Initializing CaDiCaL (version 2.1.3).
c [w = 8] Configuring CaDiCaL as --sat (1).
c [w = 8] Encoding starts with w = 8:
c [w = 8] Symmetry breaking highest degree node is applied.
c [w = 8] Encoding duration: 8 ms
c [w = 8] Number of clauses: 20379
c [w = 8] Number of variables: 2940
c [w = 8] SAT Solving starts:
c [w = 8] Solving duration: 1 ms
c [w = 8] Answer: 
s [w = 8] UNSAT (w = 8)
c [w = 8] Result: 20
c [Main] Min width UNSAT is set to 8
c [w = 7] SAT Solving starts:
c [w = 7] Solving duration: 286 ms
c [w = 7] Answer: 
s [w = 7] UNSAT (w = 7)
c [w = 7] Result: 20
c [Main] Min width UNSAT is set to 7
c [Main] All children have completed.
r [Main] 
r [Main] Final results: 
r [Main] Max width SAT:  	6
r [Main] Min width UNSAT:	7
r [Main] Total real time: 308 ms
r [Main] Total memory consumed: 13.1 MB
r [Main] 
c [Signal] Signal interruption. Caught signal: SIGTERM (15)
