c [Version] Cyclic Bandwidth Encoder version 1.0.0.
c [Param] Real time limit is set to 1800.
c [Param] Memory limit is set to 30000.
c [Param] Worker count is set to 4.
c [Main] Encoding and solving for graph: O-impcol_d.mtx.rnd
c [Main] Search strategy: Iterating from lower bound.
c [w = 47] Start task in PID: 772220.
c [w = 47] Antibandwidth problem with w = 47 (O-impcol_d.mtx.rnd):
c [w = 47] Initializing CaDiCaL (version 2.1.3).
c [w = 47] Configuring CaDiCaL as --sat (1).
c [w = 47] Encoding starts with w = 47:
c [w = 47] Symmetry breaking highest degree node is applied.
c [w = 47] Encoding duration: 1715 ms
c [w = 47] Number of clauses: 4032852
c [w = 47] Number of variables: 582250
c [w = 48] Start task in PID: 772221.
c [w = 48] Antibandwidth problem with w = 48 (O-impcol_d.mtx.rnd):
c [w = 48] Initializing CaDiCaL (version 2.1.3).
c [w = 48] Configuring CaDiCaL as --sat (1).
c [w = 48] Encoding starts with w = 48:
c [w = 48] Symmetry breaking highest degree node is applied.
c [w = 48] Encoding duration: 1718 ms
c [w = 48] Number of clauses: 3988203
c [w = 48] Number of variables: 567375
c [w = 46] Start task in PID: 772219.
c [w = 46] Antibandwidth problem with w = 46 (O-impcol_d.mtx.rnd):
c [w = 46] Initializing CaDiCaL (version 2.1.3).
c [w = 46] Configuring CaDiCaL as --sat (1).
c [w = 46] Encoding starts with w = 46:
c [w = 46] Symmetry breaking highest degree node is applied.
c [w = 46] Encoding duration: 1723 ms
c [w = 46] Number of clauses: 4019677
c [w = 46] Number of variables: 578000
c [w = 49] Start task in PID: 772222.
c [w = 49] Antibandwidth problem with w = 49 (O-impcol_d.mtx.rnd):
c [w = 49] Initializing CaDiCaL (version 2.1.3).
c [w = 49] Configuring CaDiCaL as --sat (1).
c [w = 49] Encoding starts with w = 49:
c [w = 49] Symmetry breaking highest degree node is applied.
c [w = 49] Encoding duration: 1738 ms
c [w = 49] Number of clauses: 4000103
c [w = 49] Number of variables: 571200
c [w = 48] SAT Solving starts:
c [w = 48] Solving duration: 598 ms
c [w = 48] Answer: 
s [w = 48] SAT (w = 48)
c [w = 48] Solution check = 48.
c [w = 48] The solution is correct.
c [w = 48] Result: 10
c [Main] Max width SAT is set to 48
c [Main] Kill lower pid 47.
c [Main] Kill lower pid 46.
c [w = 46] SAT Solving starts:
c [w = 46] Solving duration: 691 ms
c [w = 46] Answer: 
s [w = 46] SAT (w = 46)
c [w = 46] Solution check = 46.
c [w = 46] The solution is correct.
c [Signal] Signal interruption. Caught signal: SIGTERM (15)
c [w = 47] SAT Solving starts:
c [w = 47] Solving duration: 669 ms
c [w = 47] Answer: 
s [w = 47] SAT (w = 47)
c [w = 47] Solution check = 47.
c [w = 47] The solution is correct.
c [Signal] Signal interruption. Caught signal: SIGTERM (15)
c [w = 49] SAT Solving starts:
c [w = 49] Solving duration: 618 ms
c [w = 49] Answer: 
s [w = 49] SAT (w = 49)
c [w = 49] Solution check = 49.
c [w = 49] The solution is correct.
c [w = 49] Result: 10
c [Main] Child pid 46 - 772219 terminated by signal 15
c [Main] Child pid 47 - 772220 terminated by signal 15
c [Main] Max width SAT is set to 49
c [w = 50] Start task in PID: 772256.
c [w = 50] Antibandwidth problem with w = 50 (O-impcol_d.mtx.rnd):
c [w = 50] Initializing CaDiCaL (version 2.1.3).
c [w = 50] Configuring CaDiCaL as --sat (1).
c [w = 50] Encoding starts with w = 50:
c [w = 50] Symmetry breaking highest degree node is applied.
c [w = 50] Encoding duration: 1677 ms
c [w = 50] Number of clauses: 4012003
c [w = 50] Number of variables: 575025
c [w = 53] Start task in PID: 772259.
c [w = 53] Antibandwidth problem with w = 53 (O-impcol_d.mtx.rnd):
c [w = 53] Initializing CaDiCaL (version 2.1.3).
c [w = 53] Configuring CaDiCaL as --sat (1).
c [w = 53] Encoding starts with w = 53:
c [w = 53] Symmetry breaking highest degree node is applied.
c [w = 53] Encoding duration: 1682 ms
c [w = 53] Number of clauses: 3983103
c [w = 53] Number of variables: 565250
c [w = 51] Start task in PID: 772257.
c [w = 51] Antibandwidth problem with w = 51 (O-impcol_d.mtx.rnd):
c [w = 51] Initializing CaDiCaL (version 2.1.3).
c [w = 51] Configuring CaDiCaL as --sat (1).
c [w = 51] Encoding starts with w = 51:
c [w = 51] Symmetry breaking highest degree node is applied.
c [w = 51] Encoding duration: 1689 ms
c [w = 51] Number of clauses: 4023903
c [w = 51] Number of variables: 578850
c [w = 52] Start task in PID: 772258.
c [w = 52] Antibandwidth problem with w = 52 (O-impcol_d.mtx.rnd):
c [w = 52] Initializing CaDiCaL (version 2.1.3).
c [w = 52] Configuring CaDiCaL as --sat (1).
c [w = 52] Encoding starts with w = 52:
c [w = 52] Symmetry breaking highest degree node is applied.
c [w = 52] Encoding duration: 1751 ms
c [w = 52] Number of clauses: 4035803
c [w = 52] Number of variables: 582675
c [w = 53] SAT Solving starts:
c [w = 53] Solving duration: 616 ms
c [w = 53] Answer: 
s [w = 53] SAT (w = 53)
c [w = 53] Solution check = 53.
c [w = 53] The solution is correct.
c [w = 53] Result: 10
c [w = 50] SAT Solving starts:
c [w = 50] Solving duration: 645 ms
c [w = 50] Answer: 
s [w = 50] SAT (w = 50)
c [w = 50] Solution check = 50.
c [w = 50] The solution is correct.
c [w = 50] Result: 10
c [Main] Max width SAT is set to 53
c [Main] Kill lower pid 52.
c [Main] Kill lower pid 51.
c [Main] Kill lower pid 50.
c [w = 51] SAT Solving starts:
c [w = 51] Solving duration: 653 ms
c [w = 51] Answer: 
s [w = 51] SAT (w = 51)
c [w = 51] Solution check = 51.
c [w = 51] The solution is correct.
c [Signal] Signal interruption. Caught signal: SIGTERM (15)
c [w = 52] SAT Solving starts:
c [Signal] Signal interruption. Caught signal: SIGTERM (15)
c [Main] Child pid 52 - 772258 terminated by signal 15
c [Main] Child pid 51 - 772257 terminated by signal 15
c [w = 55] Start task in PID: 772274.
c [w = 55] Antibandwidth problem with w = 55 (O-impcol_d.mtx.rnd):
c [w = 55] Initializing CaDiCaL (version 2.1.3).
c [w = 55] Configuring CaDiCaL as --sat (1).
c [w = 55] Encoding starts with w = 55:
c [w = 55] Symmetry breaking highest degree node is applied.
c [w = 55] Encoding duration: 1717 ms
c [w = 55] Number of clauses: 4005179
c [w = 55] Number of variables: 572050
c [w = 54] Start task in PID: 772273.
c [w = 54] Antibandwidth problem with w = 54 (O-impcol_d.mtx.rnd):
c [w = 54] Initializing CaDiCaL (version 2.1.3).
c [w = 54] Configuring CaDiCaL as --sat (1).
c [w = 54] Encoding starts with w = 54:
c [w = 54] Symmetry breaking highest degree node is applied.
c [w = 54] Encoding duration: 1724 ms
c [w = 54] Number of clauses: 3994554
c [w = 54] Number of variables: 568650
c [w = 57] Start task in PID: 772276.
c [w = 57] Antibandwidth problem with w = 57 (O-impcol_d.mtx.rnd):
c [w = 57] Initializing CaDiCaL (version 2.1.3).
c [w = 57] Configuring CaDiCaL as --sat (1).
c [w = 57] Encoding starts with w = 57:
c [w = 57] Symmetry breaking highest degree node is applied.
c [w = 57] Encoding duration: 1698 ms
c [w = 57] Number of clauses: 4026429
c [w = 57] Number of variables: 578850
c [w = 56] Start task in PID: 772275.
c [w = 56] Antibandwidth problem with w = 56 (O-impcol_d.mtx.rnd):
c [w = 56] Initializing CaDiCaL (version 2.1.3).
c [w = 56] Configuring CaDiCaL as --sat (1).
c [w = 56] Encoding starts with w = 56:
c [w = 56] Symmetry breaking highest degree node is applied.
c [w = 56] Encoding duration: 1742 ms
c [w = 56] Number of clauses: 4015804
c [w = 56] Number of variables: 575450
c [w = 55] SAT Solving starts:
c [w = 55] Solving duration: 661 ms
c [w = 55] Answer: 
s [w = 55] SAT (w = 55)
c [w = 55] Solution check = 55.
c [w = 55] The solution is correct.
c [w = 55] Result: 10
c [Main] Max width SAT is set to 55
c [Main] Kill lower pid 54.
c [w = 54] SAT Solving starts:
c [w = 54] Solving duration: 678 ms
c [w = 54] Answer: 
s [w = 54] SAT (w = 54)
c [w = 54] Solution check = 54.
c [w = 54] The solution is correct.
c [Signal] Signal interruption. Caught signal: SIGTERM (15)
c [Main] Child pid 54 - 772273 terminated by signal 15
c [w = 57] SAT Solving starts:
c [w = 57] Solving duration: 1665 ms
c [w = 57] Answer: 
s [w = 57] SAT (w = 57)
c [w = 57] Solution check = 57.
c [w = 57] The solution is correct.
c [w = 57] Result: 10
c [Main] Max width SAT is set to 57
c [Main] Kill lower pid 56.
c [w = 56] SAT Solving starts:
c [Signal] Signal interruption. Caught signal: SIGTERM (15)
c [Main] Child pid 56 - 772275 terminated by signal 15
c [w = 59] Start task in PID: 772294.
c [w = 59] Antibandwidth problem with w = 59 (O-impcol_d.mtx.rnd):
c [w = 59] Initializing CaDiCaL (version 2.1.3).
c [w = 59] Configuring CaDiCaL as --sat (1).
c [w = 59] Encoding starts with w = 59:
c [w = 59] Symmetry breaking highest degree node is applied.
c [w = 59] Encoding duration: 1668 ms
c [w = 59] Number of clauses: 4047679
c [w = 59] Number of variables: 585650
c [w = 58] Start task in PID: 772293.
c [w = 58] Antibandwidth problem with w = 58 (O-impcol_d.mtx.rnd):
c [w = 58] Initializing CaDiCaL (version 2.1.3).
c [w = 58] Configuring CaDiCaL as --sat (1).
c [w = 58] Encoding starts with w = 58:
c [w = 58] Symmetry breaking highest degree node is applied.
c [w = 58] Encoding duration: 1767 ms
c [w = 58] Number of clauses: 4037054
c [w = 58] Number of variables: 582250
c [w = 61] Start task in PID: 772298.
c [w = 61] Antibandwidth problem with w = 61 (O-impcol_d.mtx.rnd):
c [w = 61] Initializing CaDiCaL (version 2.1.3).
c [w = 61] Configuring CaDiCaL as --sat (1).
c [w = 61] Encoding starts with w = 61:
c [w = 61] Symmetry breaking highest degree node is applied.
c [w = 61] Encoding duration: 1674 ms
c [w = 61] Number of clauses: 3995380
c [w = 61] Number of variables: 567800
c [w = 60] Start task in PID: 772297.
c [w = 60] Antibandwidth problem with w = 60 (O-impcol_d.mtx.rnd):
c [w = 60] Initializing CaDiCaL (version 2.1.3).
c [w = 60] Configuring CaDiCaL as --sat (1).
c [w = 60] Encoding starts with w = 60:
c [w = 60] Symmetry breaking highest degree node is applied.
c [w = 60] Encoding duration: 1794 ms
c [w = 60] Number of clauses: 4058304
c [w = 60] Number of variables: 589050
c [w = 58] SAT Solving starts:
c [w = 58] Solving duration: 1190 ms
c [w = 58] Answer: 
s [w = 58] SAT (w = 58)
c [w = 58] Solution check = 58.
c [w = 58] The solution is correct.
c [w = 58] Result: 10
c [Main] Max width SAT is set to 58
c [w = 62] Start task in PID: 772334.
c [w = 62] Antibandwidth problem with w = 62 (O-impcol_d.mtx.rnd):
c [w = 62] Initializing CaDiCaL (version 2.1.3).
c [w = 62] Configuring CaDiCaL as --sat (1).
c [w = 62] Encoding starts with w = 62:
c [w = 62] Symmetry breaking highest degree node is applied.
c [w = 62] Encoding duration: 1778 ms
c [w = 62] Number of clauses: 4004730
c [w = 62] Number of variables: 570775
c [w = 61] SAT Solving starts:
c [w = 61] Solving duration: 3154 ms
c [w = 61] Answer: 
s [w = 61] SAT (w = 61)
c [w = 61] Solution check = 61.
c [w = 61] The solution is correct.
c [w = 61] Result: 10
c [Main] Max width SAT is set to 61
c [Main] Kill lower pid 60.
c [Main] Kill lower pid 59.
c [w = 59] SAT Solving starts:
c [Signal] Signal interruption. Caught signal: SIGTERM (15)
c [w = 60] SAT Solving starts:
c [Signal] Signal interruption. Caught signal: SIGTERM (15)
c [Main] Child pid 60 - 772297 terminated by signal 15
c [Main] Child pid 59 - 772294 terminated by signal 15
c [w = 63] Start task in PID: 772335.
c [w = 63] Antibandwidth problem with w = 63 (O-impcol_d.mtx.rnd):
c [w = 63] Initializing CaDiCaL (version 2.1.3).
c [w = 63] Configuring CaDiCaL as --sat (1).
c [w = 63] Encoding starts with w = 63:
c [w = 63] Symmetry breaking highest degree node is applied.
c [w = 63] Encoding duration: 1712 ms
c [w = 63] Number of clauses: 4014080
c [w = 63] Number of variables: 573750
c [w = 65] Start task in PID: 772337.
c [w = 65] Antibandwidth problem with w = 65 (O-impcol_d.mtx.rnd):
c [w = 65] Initializing CaDiCaL (version 2.1.3).
c [w = 65] Configuring CaDiCaL as --sat (1).
c [w = 65] Encoding starts with w = 65:
c [w = 65] Symmetry breaking highest degree node is applied.
c [w = 65] Encoding duration: 1712 ms
c [w = 65] Number of clauses: 4032780
c [w = 65] Number of variables: 579700
c [w = 64] Start task in PID: 772336.
c [w = 64] Antibandwidth problem with w = 64 (O-impcol_d.mtx.rnd):
c [w = 64] Initializing CaDiCaL (version 2.1.3).
c [w = 64] Configuring CaDiCaL as --sat (1).
c [w = 64] Encoding starts with w = 64:
c [w = 64] Symmetry breaking highest degree node is applied.
c [w = 64] Encoding duration: 1767 ms
c [w = 64] Number of clauses: 4023430
c [w = 64] Number of variables: 576725
c [w = 65] SAT Solving starts:
c [w = 65] Solving duration: 3062 ms
c [w = 65] Answer: 
s [w = 65] SAT (w = 65)
c [w = 65] Solution check = 65.
c [w = 65] The solution is correct.
c [w = 65] Result: 10
c [Main] Max width SAT is set to 65
c [Main] Kill lower pid 64.
c [Main] Kill lower pid 63.
c [Main] Kill lower pid 62.
c [w = 64] SAT Solving starts:
c [Signal] Signal interruption. Caught signal: SIGTERM (15)
c [w = 62] SAT Solving starts:
c [Signal] Signal interruption. Caught signal: SIGTERM (15)
c [w = 63] SAT Solving starts:
c [Signal] Signal interruption. Caught signal: SIGTERM (15)
c [Main] Child pid 63 - 772335 terminated by signal 15
c [Main] Child pid 62 - 772334 terminated by signal 15
c [Main] Child pid 64 - 772336 terminated by signal 15
c [w = 66] Start task in PID: 772370.
c [w = 66] Antibandwidth problem with w = 66 (O-impcol_d.mtx.rnd):
c [w = 66] Initializing CaDiCaL (version 2.1.3).
c [w = 66] Configuring CaDiCaL as --sat (1).
c [w = 66] Encoding starts with w = 66:
c [w = 66] Symmetry breaking highest degree node is applied.
c [w = 66] Encoding duration: 1762 ms
c [w = 66] Number of clauses: 4042130
c [w = 66] Number of variables: 582675
c [w = 69] Start task in PID: 772373.
c [w = 69] Antibandwidth problem with w = 69 (O-impcol_d.mtx.rnd):
c [w = 69] Initializing CaDiCaL (version 2.1.3).
c [w = 69] Configuring CaDiCaL as --sat (1).
c [w = 69] Encoding starts with w = 69:
c [w = 69] Symmetry breaking highest degree node is applied.
c [w = 69] Encoding duration: 1727 ms
c [w = 69] Number of clauses: 4070180
c [w = 69] Number of variables: 591600
c [w = 67] Start task in PID: 772371.
c [w = 67] Antibandwidth problem with w = 67 (O-impcol_d.mtx.rnd):
c [w = 67] Initializing CaDiCaL (version 2.1.3).
c [w = 67] Configuring CaDiCaL as --sat (1).
c [w = 67] Encoding starts with w = 67:
c [w = 67] Symmetry breaking highest degree node is applied.
c [w = 67] Encoding duration: 1763 ms
c [w = 67] Number of clauses: 4051480
c [w = 67] Number of variables: 585650
c [w = 68] Start task in PID: 772372.
c [w = 68] Antibandwidth problem with w = 68 (O-impcol_d.mtx.rnd):
c [w = 68] Initializing CaDiCaL (version 2.1.3).
c [w = 68] Configuring CaDiCaL as --sat (1).
c [w = 68] Encoding starts with w = 68:
c [w = 68] Symmetry breaking highest degree node is applied.
c [w = 68] Encoding duration: 1794 ms
c [w = 68] Number of clauses: 4060830
c [w = 68] Number of variables: 588625
c [w = 67] SAT Solving starts:
c [w = 67] Solving duration: 1236 ms
c [w = 67] Answer: 
s [w = 67] SAT (w = 67)
c [w = 67] Solution check = 67.
c [w = 67] The solution is correct.
c [w = 67] Result: 10
c [Main] Max width SAT is set to 67
c [Main] Kill lower pid 66.
c [w = 66] SAT Solving starts:
c [Signal] Signal interruption. Caught signal: SIGTERM (15)
c [Main] Child pid 66 - 772370 terminated by signal 15
c [w = 71] Start task in PID: 772407.
c [w = 71] Antibandwidth problem with w = 71 (O-impcol_d.mtx.rnd):
c [w = 71] Initializing CaDiCaL (version 2.1.3).
c [w = 71] Configuring CaDiCaL as --sat (1).
c [w = 71] Encoding starts with w = 71:
c [w = 71] Symmetry breaking highest degree node is applied.
c [w = 71] Encoding duration: 1664 ms
c [w = 71] Number of clauses: 4003006
c [w = 71] Number of variables: 568650
c [w = 70] Start task in PID: 772406.
c [w = 70] Antibandwidth problem with w = 70 (O-impcol_d.mtx.rnd):
c [w = 70] Initializing CaDiCaL (version 2.1.3).
c [w = 70] Configuring CaDiCaL as --sat (1).
c [w = 70] Encoding starts with w = 70:
c [w = 70] Symmetry breaking highest degree node is applied.
c [w = 70] Encoding duration: 1748 ms
c [w = 70] Number of clauses: 4079530
c [w = 70] Number of variables: 594575
c [w = 69] SAT Solving starts:
c [w = 69] Solving duration: 10075 ms
c [w = 69] Answer: 
s [w = 69] SAT (w = 69)
c [w = 69] Solution check = 69.
c [w = 69] The solution is correct.
c [w = 69] Result: 10
c [Main] Max width SAT is set to 69
c [Main] Kill lower pid 68.
c [w = 68] SAT Solving starts:
c [Signal] Signal interruption. Caught signal: SIGTERM (15)
c [Main] Child pid 68 - 772372 terminated by signal 15
c [w = 73] Start task in PID: 772470.
c [w = 73] Antibandwidth problem with w = 73 (O-impcol_d.mtx.rnd):
c [w = 73] Initializing CaDiCaL (version 2.1.3).
c [w = 73] Configuring CaDiCaL as --sat (1).
c [w = 73] Encoding starts with w = 73:
c [w = 73] Symmetry breaking highest degree node is applied.
c [w = 73] Encoding duration: 1690 ms
c [w = 73] Number of clauses: 4019156
c [w = 73] Number of variables: 573750
c [w = 72] Start task in PID: 772469.
c [w = 72] Antibandwidth problem with w = 72 (O-impcol_d.mtx.rnd):
c [w = 72] Initializing CaDiCaL (version 2.1.3).
c [w = 72] Configuring CaDiCaL as --sat (1).
c [w = 72] Encoding starts with w = 72:
c [w = 72] Symmetry breaking highest degree node is applied.
c [w = 72] Encoding duration: 1787 ms
c [w = 72] Number of clauses: 4011081
c [w = 72] Number of variables: 571200
c [w = 70] SAT Solving starts:
c [w = 70] Solving duration: 10203 ms
c [w = 70] Answer: 
s [w = 70] SAT (w = 70)
c [w = 70] Solution check = 70.
c [w = 70] The solution is correct.
c [w = 70] Result: 10
c [Main] Max width SAT is set to 70
c [w = 74] Start task in PID: 772490.
c [w = 74] Antibandwidth problem with w = 74 (O-impcol_d.mtx.rnd):
c [w = 74] Initializing CaDiCaL (version 2.1.3).
c [w = 74] Configuring CaDiCaL as --sat (1).
c [w = 74] Encoding starts with w = 74:
c [w = 74] Symmetry breaking highest degree node is applied.
c [w = 74] Encoding duration: 1708 ms
c [w = 74] Number of clauses: 4027231
c [w = 74] Number of variables: 576300
c [w = 72] SAT Solving starts:
c [w = 72] Solving duration: 50523 ms
c [w = 72] Answer: 
s [w = 72] SAT (w = 72)
c [w = 72] Solution check = 72.
c [w = 72] The solution is correct.
c [w = 72] Result: 10
c [Main] Max width SAT is set to 72
c [Main] Kill lower pid 71.
c [w = 71] SAT Solving starts:
c [Signal] Signal interruption. Caught signal: SIGTERM (15)
c [Main] Child pid 71 - 772407 terminated by signal 15
c [w = 75] Start task in PID: 772556.
c [w = 75] Antibandwidth problem with w = 75 (O-impcol_d.mtx.rnd):
c [w = 75] Initializing CaDiCaL (version 2.1.3).
c [w = 75] Configuring CaDiCaL as --sat (1).
c [w = 75] Encoding starts with w = 75:
c [w = 75] Symmetry breaking highest degree node is applied.
c [w = 75] Encoding duration: 1784 ms
c [w = 75] Number of clauses: 4035306
c [w = 75] Number of variables: 578850
c [w = 76] Start task in PID: 772557.
c [w = 76] Antibandwidth problem with w = 76 (O-impcol_d.mtx.rnd):
c [w = 76] Initializing CaDiCaL (version 2.1.3).
c [w = 76] Configuring CaDiCaL as --sat (1).
c [w = 76] Encoding starts with w = 76:
c [w = 76] Symmetry breaking highest degree node is applied.
c [w = 76] Encoding duration: 1769 ms
c [w = 76] Number of clauses: 4043381
c [w = 76] Number of variables: 581400
c [w = 74] SAT Solving starts:
c [w = 74] Solving duration: 61102 ms
c [w = 74] Answer: 
s [w = 74] SAT (w = 74)
c [w = 74] Solution check = 74.
c [w = 74] The solution is correct.
c [w = 74] Result: 10
c [Main] Max width SAT is set to 74
c [Main] Kill lower pid 73.
c [w = 73] SAT Solving starts:
c [Signal] Signal interruption. Caught signal: SIGTERM (15)
c [Main] Child pid 73 - 772470 terminated by signal 15
c [w = 77] Start task in PID: 772628.
c [w = 77] Antibandwidth problem with w = 77 (O-impcol_d.mtx.rnd):
c [w = 77] Initializing CaDiCaL (version 2.1.3).
c [w = 77] Configuring CaDiCaL as --sat (1).
c [w = 77] Encoding starts with w = 77:
c [w = 77] Symmetry breaking highest degree node is applied.
c [w = 77] Encoding duration: 1794 ms
c [w = 77] Number of clauses: 4051456
c [w = 77] Number of variables: 583950
c [w = 78] Start task in PID: 772629.
c [w = 78] Antibandwidth problem with w = 78 (O-impcol_d.mtx.rnd):
c [w = 78] Initializing CaDiCaL (version 2.1.3).
c [w = 78] Configuring CaDiCaL as --sat (1).
c [w = 78] Encoding starts with w = 78:
c [w = 78] Symmetry breaking highest degree node is applied.
c [w = 78] Encoding duration: 1787 ms
c [w = 78] Number of clauses: 4059531
c [w = 78] Number of variables: 586500
c [w = 75] SAT Solving starts:
c [w = 75] Solving duration: 23442 ms
c [w = 75] Answer: 
s [w = 75] SAT (w = 75)
c [w = 75] Solution check = 75.
c [w = 75] The solution is correct.
c [w = 75] Result: 10
c [Main] Max width SAT is set to 75
c [w = 79] Start task in PID: 772693.
c [w = 79] Antibandwidth problem with w = 79 (O-impcol_d.mtx.rnd):
c [w = 79] Initializing CaDiCaL (version 2.1.3).
c [w = 79] Configuring CaDiCaL as --sat (1).
c [w = 79] Encoding starts with w = 79:
c [w = 79] Symmetry breaking highest degree node is applied.
c [w = 79] Encoding duration: 1756 ms
c [w = 79] Number of clauses: 4067606
c [w = 79] Number of variables: 589050
c [w = 79] SAT Solving starts:
c [w = 79] Solving duration: 1431 ms
c [w = 79] Answer: 
s [w = 79] SAT (w = 79)
c [w = 79] Solution check = 79.
c [w = 79] The solution is correct.
c [w = 79] Result: 10
c [Main] Max width SAT is set to 79
c [Main] Kill lower pid 78.
c [Main] Kill lower pid 77.
c [Main] Kill lower pid 76.
c [w = 76] SAT Solving starts:
c [Signal] Signal interruption. Caught signal: SIGTERM (15)
c [w = 78] SAT Solving starts:
c [Signal] Signal interruption. Caught signal: SIGTERM (15)
c [w = 77] SAT Solving starts:
c [Signal] Signal interruption. Caught signal: SIGTERM (15)
c [Main] Child pid 76 - 772557 terminated by signal 15
c [Main] Child pid 77 - 772628 terminated by signal 15
c [Main] Child pid 78 - 772629 terminated by signal 15
c [w = 82] Start task in PID: 772737.
c [w = 82] Antibandwidth problem with w = 82 (O-impcol_d.mtx.rnd):
c [w = 82] Initializing CaDiCaL (version 2.1.3).
c [w = 82] Configuring CaDiCaL as --sat (1).
c [w = 82] Encoding starts with w = 82:
c [w = 82] Symmetry breaking highest degree node is applied.
c [w = 82] Encoding duration: 1687 ms
c [w = 82] Number of clauses: 4091831
c [w = 82] Number of variables: 596700
c [w = 80] Start task in PID: 772735.
c [w = 80] Antibandwidth problem with w = 80 (O-impcol_d.mtx.rnd):
c [w = 80] Initializing CaDiCaL (version 2.1.3).
c [w = 80] Configuring CaDiCaL as --sat (1).
c [w = 80] Encoding starts with w = 80:
c [w = 80] Symmetry breaking highest degree node is applied.
c [w = 80] Encoding duration: 1785 ms
c [w = 80] Number of clauses: 4075681
c [w = 80] Number of variables: 591600
c [w = 83] Start task in PID: 772738.
c [w = 83] Antibandwidth problem with w = 83 (O-impcol_d.mtx.rnd):
c [w = 83] Initializing CaDiCaL (version 2.1.3).
c [w = 83] Configuring CaDiCaL as --sat (1).
c [w = 83] Encoding starts with w = 83:
c [w = 83] Symmetry breaking highest degree node is applied.
c [w = 83] Encoding duration: 1714 ms
c [w = 83] Number of clauses: 4099906
c [w = 83] Number of variables: 599250
c [w = 81] Start task in PID: 772736.
c [w = 81] Antibandwidth problem with w = 81 (O-impcol_d.mtx.rnd):
c [w = 81] Initializing CaDiCaL (version 2.1.3).
c [w = 81] Configuring CaDiCaL as --sat (1).
c [w = 81] Encoding starts with w = 81:
c [w = 81] Symmetry breaking highest degree node is applied.
c [w = 81] Encoding duration: 1758 ms
c [w = 81] Number of clauses: 4083756
c [w = 81] Number of variables: 594150
c [w = 83] SAT Solving starts:
c [w = 83] Solving duration: 62189 ms
c [w = 83] Answer: 
s [w = 83] SAT (w = 83)
c [w = 83] Solution check = 83.
c [w = 83] The solution is correct.
c [w = 83] Result: 10
c [Main] Max width SAT is set to 83
c [Main] Kill lower pid 82.
c [Main] Kill lower pid 81.
c [Main] Kill lower pid 80.
c [w = 81] SAT Solving starts:
c [Signal] Signal interruption. Caught signal: SIGTERM (15)
c [w = 82] SAT Solving starts:
c [Signal] Signal interruption. Caught signal: SIGTERM (15)
c [w = 80] SAT Solving starts:
c [Signal] Signal interruption. Caught signal: SIGTERM (15)
c [Main] Child pid 81 - 772736 terminated by signal 15
c [Main] Child pid 82 - 772737 terminated by signal 15
c [Main] Child pid 80 - 772735 terminated by signal 15
c [w = 87] Start task in PID: 772813.
c [w = 87] Antibandwidth problem with w = 87 (O-impcol_d.mtx.rnd):
c [w = 87] Initializing CaDiCaL (version 2.1.3).
c [w = 87] Configuring CaDiCaL as --sat (1).
c [w = 87] Encoding starts with w = 87:
c [w = 87] Symmetry breaking highest degree node is applied.
c [w = 87] Encoding duration: 1721 ms
c [w = 87] Number of clauses: 4026357
c [w = 87] Number of variables: 573750
c [w = 85] Start task in PID: 772811.
c [w = 85] Antibandwidth problem with w = 85 (O-impcol_d.mtx.rnd):
c [w = 85] Initializing CaDiCaL (version 2.1.3).
c [w = 85] Configuring CaDiCaL as --sat (1).
c [w = 85] Encoding starts with w = 85:
c [w = 85] Symmetry breaking highest degree node is applied.
c [w = 85] Encoding duration: 1734 ms
c [w = 85] Number of clauses: 4012757
c [w = 85] Number of variables: 569500
c [w = 84] Start task in PID: 772810.
c [w = 84] Antibandwidth problem with w = 84 (O-impcol_d.mtx.rnd):
c [w = 84] Initializing CaDiCaL (version 2.1.3).
c [w = 84] Configuring CaDiCaL as --sat (1).
c [w = 84] Encoding starts with w = 84:
c [w = 84] Symmetry breaking highest degree node is applied.
c [w = 84] Encoding duration: 1828 ms
c [w = 84] Number of clauses: 4107981
c [w = 84] Number of variables: 601800
c [w = 86] Start task in PID: 772812.
c [w = 86] Antibandwidth problem with w = 86 (O-impcol_d.mtx.rnd):
c [w = 86] Initializing CaDiCaL (version 2.1.3).
c [w = 86] Configuring CaDiCaL as --sat (1).
c [w = 86] Encoding starts with w = 86:
c [w = 86] Symmetry breaking highest degree node is applied.
c [w = 86] Encoding duration: 1785 ms
c [w = 86] Number of clauses: 4019557
c [w = 86] Number of variables: 571625
c [w = 87] SAT Solving starts:
c [w = 87] Solving duration: 63837 ms
c [w = 87] Answer: 
s [w = 87] SAT (w = 87)
c [w = 87] Solution check = 87.
c [w = 87] The solution is correct.
c [w = 87] Result: 10
c [Main] Max width SAT is set to 87
c [Main] Kill lower pid 86.
c [Main] Kill lower pid 85.
c [Main] Kill lower pid 84.
c [w = 86] SAT Solving starts:
c [Signal] Signal interruption. Caught signal: SIGTERM (15)
c [w = 85] SAT Solving starts:
c [Signal] Signal interruption. Caught signal: SIGTERM (15)
c [w = 84] SAT Solving starts:
c [Signal] Signal interruption. Caught signal: SIGTERM (15)
c [Main] Child pid 84 - 772810 terminated by signal 15
c [Main] Child pid 85 - 772811 terminated by signal 15
c [Main] Child pid 86 - 772812 terminated by signal 15
c [w = 88] Start task in PID: 772886.
c [w = 88] Antibandwidth problem with w = 88 (O-impcol_d.mtx.rnd):
c [w = 88] Initializing CaDiCaL (version 2.1.3).
c [w = 88] Configuring CaDiCaL as --sat (1).
c [w = 88] Encoding starts with w = 88:
c [w = 88] Symmetry breaking highest degree node is applied.
c [w = 88] Encoding duration: 1770 ms
c [w = 88] Number of clauses: 4033157
c [w = 88] Number of variables: 575875
c [w = 91] Start task in PID: 772889.
c [w = 91] Antibandwidth problem with w = 91 (O-impcol_d.mtx.rnd):
c [w = 91] Initializing CaDiCaL (version 2.1.3).
c [w = 91] Configuring CaDiCaL as --sat (1).
c [w = 91] Encoding starts with w = 91:
c [w = 91] Symmetry breaking highest degree node is applied.
c [w = 91] Encoding duration: 1726 ms
c [w = 91] Number of clauses: 4053557
c [w = 91] Number of variables: 582250
c [w = 90] Start task in PID: 772888.
c [w = 90] Antibandwidth problem with w = 90 (O-impcol_d.mtx.rnd):
c [w = 90] Initializing CaDiCaL (version 2.1.3).
c [w = 90] Configuring CaDiCaL as --sat (1).
c [w = 90] Encoding starts with w = 90:
c [w = 90] Symmetry breaking highest degree node is applied.
c [w = 90] Encoding duration: 1755 ms
c [w = 90] Number of clauses: 4046757
c [w = 90] Number of variables: 580125
c [w = 89] Start task in PID: 772887.
c [w = 89] Antibandwidth problem with w = 89 (O-impcol_d.mtx.rnd):
c [w = 89] Initializing CaDiCaL (version 2.1.3).
c [w = 89] Configuring CaDiCaL as --sat (1).
c [w = 89] Encoding starts with w = 89:
c [w = 89] Symmetry breaking highest degree node is applied.
c [w = 89] Encoding duration: 1776 ms
c [w = 89] Number of clauses: 4039957
c [w = 89] Number of variables: 578000
c [w = 89] SAT Solving starts:
c [w = 89] Solving duration: 62725 ms
c [w = 89] Answer: 
s [w = 89] SAT (w = 89)
c [w = 89] Solution check = 89.
c [w = 89] The solution is correct.
c [w = 89] Result: 10
c [Main] Max width SAT is set to 89
c [Main] Kill lower pid 88.
c [w = 88] SAT Solving starts:
c [Signal] Signal interruption. Caught signal: SIGTERM (15)
c [Main] Child pid 88 - 772886 terminated by signal 15
c [w = 93] Start task in PID: 773663.
c [w = 93] Antibandwidth problem with w = 93 (O-impcol_d.mtx.rnd):
c [w = 93] Initializing CaDiCaL (version 2.1.3).
c [w = 93] Configuring CaDiCaL as --sat (1).
c [w = 93] Encoding starts with w = 93:
c [w = 93] Symmetry breaking highest degree node is applied.
c [w = 93] Encoding duration: 1735 ms
c [w = 93] Number of clauses: 4067157
c [w = 93] Number of variables: 586500
c [w = 92] Start task in PID: 773662.
c [w = 92] Antibandwidth problem with w = 92 (O-impcol_d.mtx.rnd):
c [w = 92] Initializing CaDiCaL (version 2.1.3).
c [w = 92] Configuring CaDiCaL as --sat (1).
c [w = 92] Encoding starts with w = 92:
c [w = 92] Symmetry breaking highest degree node is applied.
c [w = 92] Encoding duration: 1807 ms
c [w = 92] Number of clauses: 4060357
c [w = 92] Number of variables: 584375
c [w = 91] SAT Solving starts:
c [w = 91] Solving duration: 118214 ms
c [w = 91] Answer: 
s [w = 91] SAT (w = 91)
c [w = 91] Solution check = 91.
c [w = 91] The solution is correct.
c [w = 91] Result: 10
c [Main] Max width SAT is set to 91
c [Main] Kill lower pid 90.
c [w = 90] SAT Solving starts:
c [Signal] Signal interruption. Caught signal: SIGTERM (15)
c [Main] Child pid 90 - 772888 terminated by signal 15
c [w = 95] Start task in PID: 773747.
c [w = 95] Antibandwidth problem with w = 95 (O-impcol_d.mtx.rnd):
c [w = 95] Initializing CaDiCaL (version 2.1.3).
c [w = 95] Configuring CaDiCaL as --sat (1).
c [w = 95] Encoding starts with w = 95:
c [w = 95] Symmetry breaking highest degree node is applied.
c [w = 95] Encoding duration: 1769 ms
c [w = 95] Number of clauses: 4080757
c [w = 95] Number of variables: 590750
c [w = 94] Start task in PID: 773746.
c [w = 94] Antibandwidth problem with w = 94 (O-impcol_d.mtx.rnd):
c [w = 94] Initializing CaDiCaL (version 2.1.3).
c [w = 94] Configuring CaDiCaL as --sat (1).
c [w = 94] Encoding starts with w = 94:
c [w = 94] Symmetry breaking highest degree node is applied.
c [w = 94] Encoding duration: 1817 ms
c [w = 94] Number of clauses: 4073957
c [w = 94] Number of variables: 588625
c [w = 94] SAT Solving starts:
c [w = 94] Solving duration: 52077 ms
c [w = 94] Answer: 
s [w = 94] SAT (w = 94)
c [w = 94] Solution check = 94.
c [w = 94] The solution is correct.
c [w = 94] Result: 10
c [w = 93] SAT Solving starts:
c [Signal] Signal interruption. Caught signal: SIGTERM (15)
c [w = 92] SAT Solving starts:
c [Signal] Signal interruption. Caught signal: SIGTERM (15)
c [Main] Max width SAT is set to 94
c [Main] Kill lower pid 93.
c [Main] Kill lower pid 92.
c [Main] Child pid 92 - 773662 terminated by signal 15
c [Main] Child pid 93 - 773663 terminated by signal 15
c [w = 96] Start task in PID: 773810.
c [w = 96] Antibandwidth problem with w = 96 (O-impcol_d.mtx.rnd):
c [w = 96] Initializing CaDiCaL (version 2.1.3).
c [w = 96] Configuring CaDiCaL as --sat (1).
c [w = 96] Encoding starts with w = 96:
c [w = 96] Symmetry breaking highest degree node is applied.
c [w = 96] Encoding duration: 1780 ms
c [w = 96] Number of clauses: 4087557
c [w = 96] Number of variables: 592875
c [w = 98] Start task in PID: 773812.
c [w = 98] Antibandwidth problem with w = 98 (O-impcol_d.mtx.rnd):
c [w = 98] Initializing CaDiCaL (version 2.1.3).
c [w = 98] Configuring CaDiCaL as --sat (1).
c [w = 98] Encoding starts with w = 98:
c [w = 98] Symmetry breaking highest degree node is applied.
c [w = 98] Encoding duration: 1793 ms
c [w = 98] Number of clauses: 4101157
c [w = 98] Number of variables: 597125
c [w = 97] Start task in PID: 773811.
c [w = 97] Antibandwidth problem with w = 97 (O-impcol_d.mtx.rnd):
c [w = 97] Initializing CaDiCaL (version 2.1.3).
c [w = 97] Configuring CaDiCaL as --sat (1).
c [w = 97] Encoding starts with w = 97:
c [w = 97] Symmetry breaking highest degree node is applied.
c [w = 97] Encoding duration: 1804 ms
c [w = 97] Number of clauses: 4094357
c [w = 97] Number of variables: 595000
c [w = 98] SAT Solving starts:
c [w = 98] Solving duration: 61505 ms
c [w = 98] Answer: 
s [w = 98] SAT (w = 98)
c [w = 98] Solution check = 98.
c [w = 98] The solution is correct.
c [w = 98] Result: 10
c [Main] Max width SAT is set to 98
c [Main] Kill lower pid 97.
c [Main] Kill lower pid 96.
c [Main] Kill lower pid 95.
c [w = 97] SAT Solving starts:
c [Signal] Signal interruption. Caught signal: SIGTERM (15)
c [w = 96] SAT Solving starts:
c [Signal] Signal interruption. Caught signal: SIGTERM (15)
c [w = 95] SAT Solving starts:
c [Signal] Signal interruption. Caught signal: SIGTERM (15)
c [Main] Child pid 95 - 773747 terminated by signal 15
c [Main] Child pid 97 - 773811 terminated by signal 15
c [Main] Child pid 96 - 773810 terminated by signal 15
c [w = 99] Start task in PID: 773899.
c [w = 99] Antibandwidth problem with w = 99 (O-impcol_d.mtx.rnd):
c [w = 99] Initializing CaDiCaL (version 2.1.3).
c [w = 99] Configuring CaDiCaL as --sat (1).
c [w = 99] Encoding starts with w = 99:
c [w = 99] Symmetry breaking highest degree node is applied.
c [w = 99] Encoding duration: 1804 ms
c [w = 99] Number of clauses: 4107957
c [w = 99] Number of variables: 599250
c [w = 101] Start task in PID: 773901.
c [w = 101] Antibandwidth problem with w = 101 (O-impcol_d.mtx.rnd):
c [w = 101] Initializing CaDiCaL (version 2.1.3).
c [w = 101] Configuring CaDiCaL as --sat (1).
c [w = 101] Encoding starts with w = 101:
c [w = 101] Symmetry breaking highest degree node is applied.
c [w = 101] Encoding duration: 1757 ms
c [w = 101] Number of clauses: 4121557
c [w = 101] Number of variables: 603500
c [w = 100] Start task in PID: 773900.
c [w = 100] Antibandwidth problem with w = 100 (O-impcol_d.mtx.rnd):
c [w = 100] Initializing CaDiCaL (version 2.1.3).
c [w = 100] Configuring CaDiCaL as --sat (1).
c [w = 100] Encoding starts with w = 100:
c [w = 100] Symmetry breaking highest degree node is applied.
c [w = 100] Encoding duration: 1812 ms
c [w = 100] Number of clauses: 4114757
c [w = 100] Number of variables: 601375
c [w = 102] Start task in PID: 773902.
c [w = 102] Antibandwidth problem with w = 102 (O-impcol_d.mtx.rnd):
c [w = 102] Initializing CaDiCaL (version 2.1.3).
c [w = 102] Configuring CaDiCaL as --sat (1).
c [w = 102] Encoding starts with w = 102:
c [w = 102] Symmetry breaking highest degree node is applied.
c [w = 102] Encoding duration: 1802 ms
c [w = 102] Number of clauses: 4128357
c [w = 102] Number of variables: 605625
c [w = 99] SAT Solving starts:
c [w = 99] Solving duration: 98565 ms
c [w = 99] Answer: 
s [w = 99] SAT (w = 99)
c [w = 99] Solution check = 99.
c [w = 99] The solution is correct.
c [w = 99] Result: 10
c [Main] Max width SAT is set to 99
c [w = 103] Start task in PID: 773987.
c [w = 103] Antibandwidth problem with w = 103 (O-impcol_d.mtx.rnd):
c [w = 103] Initializing CaDiCaL (version 2.1.3).
c [w = 103] Configuring CaDiCaL as --sat (1).
c [w = 103] Encoding starts with w = 103:
c [w = 103] Symmetry breaking highest degree node is applied.
c [w = 103] Encoding duration: 1791 ms
c [w = 103] Number of clauses: 4135157
c [w = 103] Number of variables: 607750
c [w = 102] SAT Solving starts:
c [w = 102] Solving duration: 126047 ms
c [w = 102] Answer: 
s [w = 102] SAT (w = 102)
c [w = 102] Solution check = 102.
c [w = 102] The solution is correct.
c [w = 102] Result: 10
c [Main] Max width SAT is set to 102
c [Main] Kill lower pid 101.
c [Main] Kill lower pid 100.
c [w = 101] SAT Solving starts:
c [Signal] Signal interruption. Caught signal: SIGTERM (15)
c [w = 100] SAT Solving starts:
c [Signal] Signal interruption. Caught signal: SIGTERM (15)
c [Main] Child pid 100 - 773900 terminated by signal 15
c [Main] Child pid 101 - 773901 terminated by signal 15
c [w = 106] Start task in PID: 774065.
c [w = 106] Antibandwidth problem with w = 106 (O-impcol_d.mtx.rnd):
c [w = 106] Initializing CaDiCaL (version 2.1.3).
c [w = 106] Configuring CaDiCaL as --sat (1).
c [w = 106] Encoding starts with w = 106:
c [w = 106] Symmetry breaking highest degree node is applied.
c [w = 106] Encoding duration: 1675 ms
c [w = 106] Number of clauses: 4023382
c [w = 106] Number of variables: 570350
c [w = 104] Start task in PID: 774063.
c [w = 104] Antibandwidth problem with w = 104 (O-impcol_d.mtx.rnd):
c [w = 104] Initializing CaDiCaL (version 2.1.3).
c [w = 104] Configuring CaDiCaL as --sat (1).
c [w = 104] Encoding starts with w = 104:
c [w = 104] Symmetry breaking highest degree node is applied.
c [w = 104] Encoding duration: 1790 ms
c [w = 104] Number of clauses: 4141957
c [w = 104] Number of variables: 609875
c [w = 105] Start task in PID: 774064.
c [w = 105] Antibandwidth problem with w = 105 (O-impcol_d.mtx.rnd):
c [w = 105] Initializing CaDiCaL (version 2.1.3).
c [w = 105] Configuring CaDiCaL as --sat (1).
c [w = 105] Encoding starts with w = 105:
c [w = 105] Symmetry breaking highest degree node is applied.
c [w = 105] Encoding duration: 1808 ms
c [w = 105] Number of clauses: 4148757
c [w = 105] Number of variables: 612000
c [w = 106] SAT Solving starts:
c [w = 106] Solving duration: 21380 ms
c [w = 106] Answer: 
s [w = 106] UNSAT (w = 106)
c [w = 106] Result: 20
c [Main] Min width UNSAT is set to 106
c [w = 103] SAT Solving starts:
c [w = 103] Solving duration: 167475 ms
c [w = 103] Answer: 
s [w = 103] SAT (w = 103)
c [w = 103] Solution check = 103.
c [w = 103] The solution is correct.
c [w = 103] Result: 10
c [Main] Max width SAT is set to 103
c [w = 104] SAT Solving starts:
c [w = 104] Solving duration: 208863 ms
c [w = 104] Answer: 
s [w = 104] SAT (w = 104)
c [w = 104] Solution check = 104.
c [w = 104] The solution is correct.
c [w = 104] Result: 10
c [Main] Max width SAT is set to 104
c [w = 105] SAT Solving starts:
c [w = 105] Solving duration: 268222 ms
c [w = 105] Answer: 
s [w = 105] SAT (w = 105)
c [w = 105] Solution check = 105.
c [w = 105] The solution is correct.
c [w = 105] Result: 10
c [Main] Max width SAT is set to 105
c [Signal] Signal interruption. Caught signal: SIGTERM (15)
c [Main] All children have completed.
r [Main] 
r [Main] Final results: 
r [Main] Max width SAT:  	105
r [Main] Min width UNSAT:	106
r [Main] Total real time: 885253 ms
r [Main] Total memory consumed: 4367.3 MB
r [Main] 
