c [Version] Cyclic Bandwidth Encoder version 1.0.0.
c [Param] Real time limit is set to 1800.
c [Param] Memory limit is set to 30000.
c [Param] Worker count is set to 4.
c [Main] Encoding and solving for graph: V-nos6.mtx.rnd
c [Main] Search strategy: Iterating from lower bound.
c [w = 163] Start task in PID: 795978.
c [w = 163] Antibandwidth problem with w = 163 (V-nos6.mtx.rnd):
c [w = 163] Initializing CaDiCaL (version 2.1.3).
c [w = 163] Configuring CaDiCaL as --sat (1).
c [w = 163] Encoding starts with w = 163:
c [w = 163] Symmetry breaking highest degree node is applied.
c [w = 163] Encoding duration: 4468 ms
c [w = 163] Number of clauses: 8490037
c [w = 163] Number of variables: 1518750
c [w = 165] Start task in PID: 795980.
c [w = 165] Antibandwidth problem with w = 165 (V-nos6.mtx.rnd):
c [w = 165] Initializing CaDiCaL (version 2.1.3).
c [w = 165] Configuring CaDiCaL as --sat (1).
c [w = 165] Encoding starts with w = 165:
c [w = 165] Symmetry breaking highest degree node is applied.
c [w = 165] Encoding duration: 4481 ms
c [w = 165] Number of clauses: 8511637
c [w = 165] Number of variables: 1525500
c [w = 164] Start task in PID: 795979.
c [w = 164] Antibandwidth problem with w = 164 (V-nos6.mtx.rnd):
c [w = 164] Initializing CaDiCaL (version 2.1.3).
c [w = 164] Configuring CaDiCaL as --sat (1).
c [w = 164] Encoding starts with w = 164:
c [w = 164] Symmetry breaking highest degree node is applied.
c [w = 164] Encoding duration: 4529 ms
c [w = 164] Number of clauses: 8500837
c [w = 164] Number of variables: 1522125
c [w = 166] Start task in PID: 795981.
c [w = 166] Antibandwidth problem with w = 166 (V-nos6.mtx.rnd):
c [w = 166] Initializing CaDiCaL (version 2.1.3).
c [w = 166] Configuring CaDiCaL as --sat (1).
c [w = 166] Encoding starts with w = 166:
c [w = 166] Symmetry breaking highest degree node is applied.
c [w = 166] Encoding duration: 4531 ms
c [w = 166] Number of clauses: 8522437
c [w = 166] Number of variables: 1528875
c [w = 163] SAT Solving starts:
c [w = 163] Solving duration: 161090 ms
c [w = 163] Answer: 
s [w = 163] SAT (w = 163)
c [w = 163] Solution check = 163.
c [w = 163] The solution is correct.
c [w = 163] Result: 10
c [Main] Max width SAT is set to 163
c [w = 167] Start task in PID: 796085.
c [w = 167] Antibandwidth problem with w = 167 (V-nos6.mtx.rnd):
c [w = 167] Initializing CaDiCaL (version 2.1.3).
c [w = 167] Configuring CaDiCaL as --sat (1).
c [w = 167] Encoding starts with w = 167:
c [w = 167] Symmetry breaking highest degree node is applied.
c [w = 167] Encoding duration: 4076 ms
c [w = 167] Number of clauses: 8533237
c [w = 167] Number of variables: 1532250
c [w = 164] SAT Solving starts:
c [w = 164] Solving duration: 230722 ms
c [w = 164] Answer: 
s [w = 164] SAT (w = 164)
c [w = 164] Solution check = 164.
c [w = 164] The solution is correct.
c [w = 164] Result: 10
c [Main] Max width SAT is set to 164
c [w = 168] Start task in PID: 796192.
c [w = 168] Antibandwidth problem with w = 168 (V-nos6.mtx.rnd):
c [w = 168] Initializing CaDiCaL (version 2.1.3).
c [w = 168] Configuring CaDiCaL as --sat (1).
c [w = 168] Encoding starts with w = 168:
c [w = 168] Symmetry breaking highest degree node is applied.
c [w = 168] Encoding duration: 4068 ms
c [w = 168] Number of clauses: 8544037
c [w = 168] Number of variables: 1535625
c [w = 165] SAT Solving starts:
c [w = 165] Solving duration: 294835 ms
c [w = 165] Answer: 
s [w = 165] SAT (w = 165)
c [w = 165] Solution check = 165.
c [w = 165] The solution is correct.
c [w = 165] Result: 10
c [Main] Max width SAT is set to 165
c [w = 169] Start task in PID: 796268.
c [w = 169] Antibandwidth problem with w = 169 (V-nos6.mtx.rnd):
c [w = 169] Initializing CaDiCaL (version 2.1.3).
c [w = 169] Configuring CaDiCaL as --sat (1).
c [w = 169] Encoding starts with w = 169:
c [w = 169] Symmetry breaking highest degree node is applied.
c [w = 169] Encoding duration: 3804 ms
c [w = 169] Number of clauses: 8219182
c [w = 169] Number of variables: 1426950
c [w = 166] SAT Solving starts:
c [w = 166] Solving duration: 325551 ms
c [w = 166] Answer: 
s [w = 166] SAT (w = 166)
c [w = 166] Solution check = 166.
c [w = 166] The solution is correct.
c [w = 166] Result: 10
c [Main] Max width SAT is set to 166
c [w = 170] Start task in PID: 796339.
c [w = 170] Antibandwidth problem with w = 170 (V-nos6.mtx.rnd):
c [w = 170] Initializing CaDiCaL (version 2.1.3).
c [w = 170] Configuring CaDiCaL as --sat (1).
c [w = 170] Encoding starts with w = 170:
c [w = 170] Symmetry breaking highest degree node is applied.
c [w = 170] Encoding duration: 3724 ms
c [w = 170] Number of clauses: 8227957
c [w = 170] Number of variables: 1429650
c [w = 167] SAT Solving starts:
c [w = 167] Solving duration: 202696 ms
c [w = 167] Answer: 
s [w = 167] SAT (w = 167)
c [w = 167] Solution check = 167.
c [w = 167] The solution is correct.
c [w = 167] Result: 10
c [Main] Max width SAT is set to 167
c [w = 171] Start task in PID: 796424.
c [w = 171] Antibandwidth problem with w = 171 (V-nos6.mtx.rnd):
c [w = 171] Initializing CaDiCaL (version 2.1.3).
c [w = 171] Configuring CaDiCaL as --sat (1).
c [w = 171] Encoding starts with w = 171:
c [w = 171] Symmetry breaking highest degree node is applied.
c [w = 171] Encoding duration: 3627 ms
c [w = 171] Number of clauses: 8236732
c [w = 171] Number of variables: 1432350
c [w = 168] SAT Solving starts:
c [w = 168] Solving duration: 160340 ms
c [w = 168] Answer: 
s [w = 168] SAT (w = 168)
c [w = 168] Solution check = 168.
c [w = 168] The solution is correct.
c [w = 168] Result: 10
c [Main] Max width SAT is set to 168
c [w = 172] Start task in PID: 796522.
c [w = 172] Antibandwidth problem with w = 172 (V-nos6.mtx.rnd):
c [w = 172] Initializing CaDiCaL (version 2.1.3).
c [w = 172] Configuring CaDiCaL as --sat (1).
c [w = 172] Encoding starts with w = 172:
c [w = 172] Symmetry breaking highest degree node is applied.
c [w = 172] Encoding duration: 3759 ms
c [w = 172] Number of clauses: 8245507
c [w = 172] Number of variables: 1435050
c [w = 169] SAT Solving starts:
c [w = 169] Solving duration: 242108 ms
c [w = 169] Answer: 
s [w = 169] SAT (w = 169)
c [w = 169] Solution check = 169.
c [w = 169] The solution is correct.
c [w = 169] Result: 10
c [Main] Max width SAT is set to 169
c [w = 173] Start task in PID: 797281.
c [w = 173] Antibandwidth problem with w = 173 (V-nos6.mtx.rnd):
c [w = 173] Initializing CaDiCaL (version 2.1.3).
c [w = 173] Configuring CaDiCaL as --sat (1).
c [w = 173] Encoding starts with w = 173:
c [w = 173] Symmetry breaking highest degree node is applied.
c [w = 173] Encoding duration: 3715 ms
c [w = 173] Number of clauses: 8254282
c [w = 173] Number of variables: 1437750
c [w = 172] SAT Solving starts:
c [w = 172] Solving duration: 230494 ms
c [w = 172] Answer: 
s [w = 172] SAT (w = 172)
c [w = 172] Solution check = 172.
c [w = 172] The solution is correct.
c [w = 172] Result: 10
c [Main] Max width SAT is set to 172
c [Main] Kill lower pid 171.
c [Main] Kill lower pid 170.
c [w = 170] SAT Solving starts:
c [Signal] Signal interruption. Caught signal: SIGTERM (15)
c [w = 171] SAT Solving starts:
c [Signal] Signal interruption. Caught signal: SIGTERM (15)
c [Main] Child pid 170 - 796339 terminated by signal 15
c [Main] Child pid 171 - 796424 terminated by signal 15
c [w = 174] Start task in PID: 797386.
c [w = 174] Antibandwidth problem with w = 174 (V-nos6.mtx.rnd):
c [w = 174] Initializing CaDiCaL (version 2.1.3).
c [w = 174] Configuring CaDiCaL as --sat (1).
c [w = 174] Encoding starts with w = 174:
c [w = 174] Symmetry breaking highest degree node is applied.
c [w = 174] Encoding duration: 3758 ms
c [w = 174] Number of clauses: 8263057
c [w = 174] Number of variables: 1440450
c [w = 175] Start task in PID: 797387.
c [w = 175] Antibandwidth problem with w = 175 (V-nos6.mtx.rnd):
c [w = 175] Initializing CaDiCaL (version 2.1.3).
c [w = 175] Configuring CaDiCaL as --sat (1).
c [w = 175] Encoding starts with w = 175:
c [w = 175] Symmetry breaking highest degree node is applied.
c [w = 175] Encoding duration: 3717 ms
c [w = 175] Number of clauses: 8271832
c [w = 175] Number of variables: 1443150
c [w = 176] Start task in PID: 797388.
c [w = 176] Antibandwidth problem with w = 176 (V-nos6.mtx.rnd):
c [w = 176] Initializing CaDiCaL (version 2.1.3).
c [w = 176] Configuring CaDiCaL as --sat (1).
c [w = 176] Encoding starts with w = 176:
c [w = 176] Symmetry breaking highest degree node is applied.
c [w = 176] Encoding duration: 3763 ms
c [w = 176] Number of clauses: 8280607
c [w = 176] Number of variables: 1445850
c [w = 174] SAT Solving starts:
c [w = 174] Solving duration: 218951 ms
c [w = 174] Answer: 
s [w = 174] SAT (w = 174)
c [w = 174] Solution check = 174.
c [w = 174] The solution is correct.
c [w = 174] Result: 10
c [Main] Max width SAT is set to 174
c [Main] Kill lower pid 173.
c [w = 173] SAT Solving starts:
c [Signal] Signal interruption. Caught signal: SIGTERM (15)
c [Main] Child pid 173 - 797281 terminated by signal 15
c [w = 177] Start task in PID: 797506.
c [w = 177] Antibandwidth problem with w = 177 (V-nos6.mtx.rnd):
c [w = 177] Initializing CaDiCaL (version 2.1.3).
c [w = 177] Configuring CaDiCaL as --sat (1).
c [w = 177] Encoding starts with w = 177:
c [w = 177] Symmetry breaking highest degree node is applied.
c [w = 177] Encoding duration: 3833 ms
c [w = 177] Number of clauses: 8289382
c [w = 177] Number of variables: 1448550
c [w = 178] Start task in PID: 797507.
c [w = 178] Antibandwidth problem with w = 178 (V-nos6.mtx.rnd):
c [w = 178] Initializing CaDiCaL (version 2.1.3).
c [w = 178] Configuring CaDiCaL as --sat (1).
c [w = 178] Encoding starts with w = 178:
c [w = 178] Symmetry breaking highest degree node is applied.
c [w = 178] Encoding duration: 3958 ms
c [w = 178] Number of clauses: 8298157
c [w = 178] Number of variables: 1451250
c [w = 176] SAT Solving starts:
c [w = 176] Solving duration: 306202 ms
c [w = 176] Answer: 
s [w = 176] SAT (w = 176)
c [w = 176] Solution check = 176.
c [w = 176] The solution is correct.
c [w = 176] Result: 10
c [Main] Max width SAT is set to 176
c [Main] Kill lower pid 175.
c [w = 175] SAT Solving starts:
c [Signal] Signal interruption. Caught signal: SIGTERM (15)
c [Main] Child pid 175 - 797387 terminated by signal 15
c [w = 179] Start task in PID: 797610.
c [w = 179] Antibandwidth problem with w = 179 (V-nos6.mtx.rnd):
c [w = 179] Initializing CaDiCaL (version 2.1.3).
c [w = 179] Configuring CaDiCaL as --sat (1).
c [w = 179] Encoding starts with w = 179:
c [w = 179] Symmetry breaking highest degree node is applied.
c [w = 179] Encoding duration: 3781 ms
c [w = 179] Number of clauses: 8306932
c [w = 179] Number of variables: 1453950
c [w = 180] Start task in PID: 797611.
c [w = 180] Antibandwidth problem with w = 180 (V-nos6.mtx.rnd):
c [w = 180] Initializing CaDiCaL (version 2.1.3).
c [w = 180] Configuring CaDiCaL as --sat (1).
c [w = 180] Encoding starts with w = 180:
c [w = 180] Symmetry breaking highest degree node is applied.
c [w = 180] Encoding duration: 3732 ms
c [w = 180] Number of clauses: 8315707
c [w = 180] Number of variables: 1456650
c [w = 178] SAT Solving starts:
c [w = 178] Solving duration: 251969 ms
c [w = 178] Answer: 
s [w = 178] SAT (w = 178)
c [w = 178] Solution check = 178.
c [w = 178] The solution is correct.
c [w = 178] Result: 10
c [Main] Max width SAT is set to 178
c [Main] Kill lower pid 177.
c [w = 177] SAT Solving starts:
c [Signal] Signal interruption. Caught signal: SIGTERM (15)
c [Main] Child pid 177 - 797506 terminated by signal 15
c [w = 181] Start task in PID: 798384.
c [w = 181] Antibandwidth problem with w = 181 (V-nos6.mtx.rnd):
c [w = 181] Initializing CaDiCaL (version 2.1.3).
c [w = 181] Configuring CaDiCaL as --sat (1).
c [w = 181] Encoding starts with w = 181:
c [w = 181] Symmetry breaking highest degree node is applied.
c [w = 181] Encoding duration: 3721 ms
c [w = 181] Number of clauses: 8324482
c [w = 181] Number of variables: 1459350
c [w = 182] Start task in PID: 798385.
c [w = 182] Antibandwidth problem with w = 182 (V-nos6.mtx.rnd):
c [w = 182] Initializing CaDiCaL (version 2.1.3).
c [w = 182] Configuring CaDiCaL as --sat (1).
c [w = 182] Encoding starts with w = 182:
c [w = 182] Symmetry breaking highest degree node is applied.
c [w = 182] Encoding duration: 3735 ms
c [w = 182] Number of clauses: 8333257
c [w = 182] Number of variables: 1462050
c [w = 179] SAT Solving starts:
c [w = 179] Solving duration: 205237 ms
c [w = 179] Answer: 
s [w = 179] SAT (w = 179)
c [w = 179] Solution check = 179.
c [w = 179] The solution is correct.
c [w = 179] Result: 10
c [Main] Max width SAT is set to 179
c [w = 183] Start task in PID: 798466.
c [w = 183] Antibandwidth problem with w = 183 (V-nos6.mtx.rnd):
c [w = 183] Initializing CaDiCaL (version 2.1.3).
c [w = 183] Configuring CaDiCaL as --sat (1).
c [w = 183] Encoding starts with w = 183:
c [w = 183] Symmetry breaking highest degree node is applied.
c [w = 183] Encoding duration: 3740 ms
c [w = 183] Number of clauses: 8342032
c [w = 183] Number of variables: 1464750
c [w = 180] SAT Solving starts:
c [w = 180] Solving duration: 384007 ms
c [w = 180] Answer: 
s [w = 180] SAT (w = 180)
c [w = 180] Solution check = 180.
c [w = 180] The solution is correct.
c [w = 180] Result: 10
c [Main] Max width SAT is set to 180
c [w = 184] Start task in PID: 798564.
c [w = 184] Antibandwidth problem with w = 184 (V-nos6.mtx.rnd):
c [w = 184] Initializing CaDiCaL (version 2.1.3).
c [w = 184] Configuring CaDiCaL as --sat (1).
c [w = 184] Encoding starts with w = 184:
c [w = 184] Symmetry breaking highest degree node is applied.
c [w = 184] Encoding duration: 3803 ms
c [w = 184] Number of clauses: 8350807
c [w = 184] Number of variables: 1467450
c [w = 182] SAT Solving starts:
c [w = 182] Solving duration: 259057 ms
c [w = 182] Answer: 
s [w = 182] SAT (w = 182)
c [w = 182] Solution check = 182.
c [w = 182] The solution is correct.
c [w = 182] Result: 10
c [Main] Max width SAT is set to 182
c [Main] Kill lower pid 181.
c [w = 181] SAT Solving starts:
c [Signal] Signal interruption. Caught signal: SIGTERM (15)
c [Main] Child pid 181 - 798384 terminated by signal 15
c [w = 185] Start task in PID: 798652.
c [w = 185] Antibandwidth problem with w = 185 (V-nos6.mtx.rnd):
c [w = 185] Initializing CaDiCaL (version 2.1.3).
c [w = 185] Configuring CaDiCaL as --sat (1).
c [w = 185] Encoding starts with w = 185:
c [w = 185] Symmetry breaking highest degree node is applied.
c [w = 185] Encoding duration: 3834 ms
c [w = 185] Number of clauses: 8359582
c [w = 185] Number of variables: 1470150
c [w = 186] Start task in PID: 798653.
c [w = 186] Antibandwidth problem with w = 186 (V-nos6.mtx.rnd):
c [w = 186] Initializing CaDiCaL (version 2.1.3).
c [w = 186] Configuring CaDiCaL as --sat (1).
c [w = 186] Encoding starts with w = 186:
c [w = 186] Symmetry breaking highest degree node is applied.
c [w = 186] Encoding duration: 3822 ms
c [w = 186] Number of clauses: 8368357
c [w = 186] Number of variables: 1472850
c [w = 183] SAT Solving starts:
c [w = 183] Solving duration: 254311 ms
c [w = 183] Answer: 
s [w = 183] SAT (w = 183)
c [w = 183] Solution check = 183.
c [w = 183] The solution is correct.
c [w = 183] Result: 10
c [Main] Max width SAT is set to 183
c [w = 187] Start task in PID: 798720.
c [w = 187] Antibandwidth problem with w = 187 (V-nos6.mtx.rnd):
c [w = 187] Initializing CaDiCaL (version 2.1.3).
c [w = 187] Configuring CaDiCaL as --sat (1).
c [w = 187] Encoding starts with w = 187:
c [w = 187] Symmetry breaking highest degree node is applied.
c [w = 187] Encoding duration: 3959 ms
c [w = 187] Number of clauses: 8377132
c [w = 187] Number of variables: 1475550
c [w = 186] SAT Solving starts:
c [w = 186] Solving duration: 284087 ms
c [w = 186] Answer: 
s [w = 186] SAT (w = 186)
c [w = 186] Solution check = 186.
c [w = 186] The solution is correct.
c [w = 186] Result: 10
c [Main] Max width SAT is set to 186
c [Main] Kill lower pid 185.
c [Main] Kill lower pid 184.
c [w = 185] SAT Solving starts:
c [Signal] Signal interruption. Caught signal: SIGTERM (15)
c [w = 184] SAT Solving starts:
c [Signal] Signal interruption. Caught signal: SIGTERM (15)
c [Main] Child pid 184 - 798564 terminated by signal 15
c [Main] Child pid 185 - 798652 terminated by signal 15
c [w = 188] Start task in PID: 799522.
c [w = 188] Antibandwidth problem with w = 188 (V-nos6.mtx.rnd):
c [w = 188] Initializing CaDiCaL (version 2.1.3).
c [w = 188] Configuring CaDiCaL as --sat (1).
c [w = 188] Encoding starts with w = 188:
c [w = 188] Symmetry breaking highest degree node is applied.
c [w = 188] Encoding duration: 3838 ms
c [w = 188] Number of clauses: 8385907
c [w = 188] Number of variables: 1478250
c [w = 189] Start task in PID: 799523.
c [w = 189] Antibandwidth problem with w = 189 (V-nos6.mtx.rnd):
c [w = 189] Initializing CaDiCaL (version 2.1.3).
c [w = 189] Configuring CaDiCaL as --sat (1).
c [w = 189] Encoding starts with w = 189:
c [w = 189] Symmetry breaking highest degree node is applied.
c [w = 189] Encoding duration: 3858 ms
c [w = 189] Number of clauses: 8394682
c [w = 189] Number of variables: 1480950
c [w = 190] Start task in PID: 799524.
c [w = 190] Antibandwidth problem with w = 190 (V-nos6.mtx.rnd):
c [w = 190] Initializing CaDiCaL (version 2.1.3).
c [w = 190] Configuring CaDiCaL as --sat (1).
c [w = 190] Encoding starts with w = 190:
c [w = 190] Symmetry breaking highest degree node is applied.
c [w = 190] Encoding duration: 3928 ms
c [w = 190] Number of clauses: 8403457
c [w = 190] Number of variables: 1483650
c [w = 190] SAT Solving starts:
c [Signal] Signal interruption. Caught signal: SIGTERM (15)
c [w = 189] SAT Solving starts:
c [Signal] Signal interruption. Caught signal: SIGTERM (15)
c [w = 188] SAT Solving starts:
c [Signal] Signal interruption. Caught signal: SIGTERM (15)
c [w = 187] SAT Solving starts:
c [Signal] Signal interruption. Caught signal: SIGTERM (15)
c [Main] Lim pid ends with result: 254
c [Main] All children have completed.
r [Main] 
r [Main] Final results: 
r [Main] Max width SAT:  	186
r [Main] Min width UNSAT:	-
r [Main] Total real time: 1809016 ms
r [Main] Total memory consumed 9358.7 MB
r [Main] 
