c [Version] Cyclic Bandwidth Encoder version 1.0.0.
c [Param] Real time limit is set to 1800.
c [Param] Memory limit is set to 30000.
c [Param] Worker count is set to 4.
c [Main] Encoding and solving for graph: caterpillar_9_4.txt.
c [Main] Search strategy: Binary search from lower bound.
c [Main] No predefined lower bound is found for caterpillar_9_4.txt.
c [Main] LB-w = 2 (default value).
c [Main] No predefined upper bound is found for caterpillar_9_4.txt.
c [Main] UB-w = 18 (default value calculated as n/2).
c [Main] Search order: 10 5 3 2 4 7 6 8 9 14 12 11 13 16 15 17 18.
c [w = 2] Start task in PID: 10957.
c [w = 2] Cyclic Antibandwidth problem with w = 2 (caterpillar_9_4.txt):
c [w = 2] Initializing CaDiCaL (version 2.1.3).
c [w = 2] Configuring CaDiCaL as --sat (1).
c [w = 2] Encoding starts with w = 2:
c [w = 2] Symmetry breaking highest degree node is applied.
c [w = 2] Encoding duration: 6 ms.
c [w = 2] Number of clauses: 17352.
c [w = 2] Number of variables: 2664.
c [w = 2] SAT Solving starts:
c [w = 2] Solving duration: 0 ms.
c [w = 2] Answer:
s [w = 2] SAT (w = 2).
c [w = 2] Solution check = 2.
c [w = 2] The solution is correct.
c [w = 2] Result: 10.
c [w = 3] Start task in PID: 10956.
c [w = 3] Cyclic Antibandwidth problem with w = 3 (caterpillar_9_4.txt):
c [w = 3] Initializing CaDiCaL (version 2.1.3).
c [w = 3] Configuring CaDiCaL as --sat (1).
c [w = 3] Encoding starts with w = 3:
c [w = 3] Symmetry breaking highest degree node is applied.
c [w = 3] Encoding duration: 7 ms.
c [w = 3] Number of clauses: 16614.
c [w = 3] Number of variables: 3312.
c [w = 3] SAT Solving starts:
c [w = 3] Solving duration: 0 ms.
c [w = 3] Answer:
s [w = 3] SAT (w = 3).
c [w = 3] Solution check = 3.
c [w = 3] The solution is correct.
c [w = 3] Result: 10.
c [Main] Max width SAT is set to 2.
c [Main] Max width SAT is set to 3.
c [w = 5] Start task in PID: 10955.
c [w = 5] Cyclic Antibandwidth problem with w = 5 (caterpillar_9_4.txt):
c [w = 5] Initializing CaDiCaL (version 2.1.3).
c [w = 5] Configuring CaDiCaL as --sat (1).
c [w = 5] Encoding starts with w = 5:
c [w = 5] Symmetry breaking highest degree node is applied.
c [w = 5] Encoding duration: 7 ms.
c [w = 5] Number of clauses: 17034.
c [w = 5] Number of variables: 3816.
c [w = 5] SAT Solving starts:
c [w = 5] Solving duration: 2 ms.
c [w = 5] Answer:
s [w = 5] SAT (w = 5).
c [w = 5] Solution check = 5.
c [w = 5] The solution is correct.
c [w = 5] Result: 10.
c [Main] Max width SAT is set to 5.
c [Main] Kill lower pid 4.
c [w = 4] Start task in PID: 10958.
c [w = 4] Cyclic Antibandwidth problem with w = 4 (caterpillar_9_4.txt):
c [w = 4] Initializing CaDiCaL (version 2.1.3).
c [w = 4] Configuring CaDiCaL as --sat (1).
c [w = 4] Encoding starts with w = 4:
c [w = 4] Symmetry breaking highest degree node is applied.
c [Signal] Signal interruption. Caught signal: SIGTERM (15).
c [Main] Child pid 4 - 10958 terminated by signal 15.
c [w = 10] Start task in PID: 10954.
c [w = 10] Cyclic Antibandwidth problem with w = 10 (caterpillar_9_4.txt):
c [w = 10] Initializing CaDiCaL (version 2.1.3).
c [w = 10] Configuring CaDiCaL as --sat (1).
c [w = 10] Encoding starts with w = 10:
c [w = 10] Symmetry breaking highest degree node is applied.
c [w = 10] Encoding duration: 8 ms.
c [w = 10] Number of clauses: 18282.
c [w = 10] Number of variables: 4320.
c [w = 10] SAT Solving starts:
c [w = 10] Solving duration: 6 ms.
c [w = 10] Answer:
s [w = 10] SAT (w = 10).
c [w = 10] Solution check = 10.
c [w = 10] The solution is correct.
c [w = 10] Result: 10.
c [Main] Max width SAT is set to 10.
c [Main] Kill lower pid 8.
c [Main] Kill lower pid 6.
c [Main] Kill lower pid 7.
c [w = 8] Start task in PID: 10961.
c [w = 8] Cyclic Antibandwidth problem with w = 8 (caterpillar_9_4.txt):
c [w = 8] Initializing CaDiCaL (version 2.1.3).
c [w = 8] Configuring CaDiCaL as --sat (1).
c [w = 8] Encoding starts with w = 8:
c [w = 8] Symmetry breaking highest degree node is applied.
c [Signal] Signal interruption. Caught signal: SIGTERM (15).
c [w = 6] Start task in PID: 10960.
c [w = 6] Cyclic Antibandwidth problem with w = 6 (caterpillar_9_4.txt):
c [w = 6] Initializing CaDiCaL (version 2.1.3).
c [w = 6] Configuring CaDiCaL as --sat (1).
c [w = 6] Encoding starts with w = 6:
c [w = 6] Symmetry breaking highest degree node is applied.
c [Signal] Signal interruption. Caught signal: SIGTERM (15).
c [w = 7] Start task in PID: 10959.
c [w = 7] Cyclic Antibandwidth problem with w = 7 (caterpillar_9_4.txt):
c [w = 7] Initializing CaDiCaL (version 2.1.3).
c [w = 7] Configuring CaDiCaL as --sat (1).
c [w = 7] Encoding starts with w = 7:
c [w = 7] Symmetry breaking highest degree node is applied.
c [Signal] Signal interruption. Caught signal: SIGTERM (15).
c [Main] Child pid 6 - 10960 terminated by signal 15.
c [Main] Child pid 7 - 10959 terminated by signal 15.
c [Main] Child pid 8 - 10961 terminated by signal 15.
c [w = 14] Start task in PID: 10962.
c [w = 14] Cyclic Antibandwidth problem with w = 14 (caterpillar_9_4.txt):
c [w = 14] Initializing CaDiCaL (version 2.1.3).
c [w = 14] Configuring CaDiCaL as --sat (1).
c [w = 14] Encoding starts with w = 14:
c [w = 14] Symmetry breaking highest degree node is applied.
c [w = 14] Encoding duration: 7 ms.
c [w = 14] Number of clauses: 18927.
c [w = 14] Number of variables: 4500.
c [w = 14] SAT Solving starts:
c [w = 14] Solving duration: 0 ms.
c [w = 14] Answer:
s [w = 14] SAT (w = 14).
c [w = 14] Solution check = 14.
c [w = 14] The solution is correct.
c [w = 14] Result: 10.
c [Main] Max width SAT is set to 14.
c [Main] Kill lower pid 13.
c [Main] Kill lower pid 11.
c [Main] Kill lower pid 12.
c [w = 13] Start task in PID: 10965.
c [w = 13] Cyclic Antibandwidth problem with w = 13 (caterpillar_9_4.txt):
c [w = 13] Initializing CaDiCaL (version 2.1.3).
c [w = 13] Configuring CaDiCaL as --sat (1).
c [w = 13] Encoding starts with w = 13:
c [w = 13] Symmetry breaking highest degree node is applied.
c [Signal] Signal interruption. Caught signal: SIGTERM (15).
c [w = 11] Start task in PID: 10964.
c [w = 11] Cyclic Antibandwidth problem with w = 11 (caterpillar_9_4.txt):
c [w = 11] Initializing CaDiCaL (version 2.1.3).
c [w = 11] Configuring CaDiCaL as --sat (1).
c [w = 11] Encoding starts with w = 11:
c [w = 11] Symmetry breaking highest degree node is applied.
c [w = 11] Encoding duration: 7 ms.
c [w = 11] Number of clauses: 18750.
c [w = 11] Number of variables: 4464.
c [w = 11] SAT Solving starts:
c [Signal] Signal interruption. Caught signal: SIGTERM (15).
c [w = 12] Start task in PID: 10963.
c [w = 12] Cyclic Antibandwidth problem with w = 12 (caterpillar_9_4.txt):
c [w = 12] Initializing CaDiCaL (version 2.1.3).
c [w = 12] Configuring CaDiCaL as --sat (1).
c [w = 12] Encoding starts with w = 12:
c [w = 12] Symmetry breaking highest degree node is applied.
c [Signal] Signal interruption. Caught signal: SIGTERM (15).
c [Main] Child pid 11 - 10964 terminated by signal 15.
c [Main] Child pid 12 - 10963 terminated by signal 15.
c [Main] Child pid 13 - 10965 terminated by signal 15.
c [w = 18] Start task in PID: 10969.
c [w = 18] Cyclic Antibandwidth problem with w = 18 (caterpillar_9_4.txt):
c [w = 18] Initializing CaDiCaL (version 2.1.3).
c [w = 18] Configuring CaDiCaL as --sat (1).
c [w = 18] Encoding starts with w = 18:
c [w = 18] Symmetry breaking highest degree node is applied.
c [w = 18] Encoding duration: 7 ms.
c [w = 18] Number of clauses: 18744.
c [w = 18] Number of variables: 4392.
c [w = 18] SAT Solving starts:
c [w = 18] Solving duration: 0 ms.
c [w = 18] Answer:
s [w = 18] UNSAT (w = 18).
c [w = 18] Result: 20.
c [Main] Min width UNSAT is set to 18
c [w = 16] Start task in PID: 10966.
c [w = 16] Cyclic Antibandwidth problem with w = 16 (caterpillar_9_4.txt):
c [w = 16] Initializing CaDiCaL (version 2.1.3).
c [w = 16] Configuring CaDiCaL as --sat (1).
c [w = 16] Encoding starts with w = 16:
c [w = 16] Symmetry breaking highest degree node is applied.
c [w = 16] Encoding duration: 8 ms.
c [w = 16] Number of clauses: 19647.
c [w = 16] Number of variables: 4716.
c [w = 16] SAT Solving starts:
c [w = 16] Solving duration: 1 ms.
c [w = 16] Answer:
s [w = 16] SAT (w = 16).
c [w = 16] Solution check = 16.
c [w = 16] The solution is correct.
c [w = 16] Result: 10.
c [Main] Max width SAT is set to 16.
c [Main] Kill lower pid 15.
c [w = 15] Start task in PID: 10967.
c [w = 15] Cyclic Antibandwidth problem with w = 15 (caterpillar_9_4.txt):
c [w = 15] Initializing CaDiCaL (version 2.1.3).
c [w = 15] Configuring CaDiCaL as --sat (1).
c [w = 15] Encoding starts with w = 15:
c [w = 15] Symmetry breaking highest degree node is applied.
c [w = 15] Encoding duration: 8 ms.
c [w = 15] Number of clauses: 19287.
c [w = 15] Number of variables: 4608.
c [w = 15] SAT Solving starts:
c [w = 15] Solving duration: 3 ms.
c [w = 15] Answer:
s [w = 15] SAT (w = 15).
c [w = 15] Solution check = 15.
c [w = 15] The solution is correct.
c [Signal] Signal interruption. Caught signal: SIGTERM (15).
c [Main] Child pid 15 - 10967 terminated by signal 15.
c [w = 17] Start task in PID: 10968.
c [w = 17] Cyclic Antibandwidth problem with w = 17 (caterpillar_9_4.txt):
c [w = 17] Initializing CaDiCaL (version 2.1.3).
c [w = 17] Configuring CaDiCaL as --sat (1).
c [w = 17] Encoding starts with w = 17:
c [w = 17] Symmetry breaking highest degree node is applied.
c [w = 17] Encoding duration: 8 ms.
c [w = 17] Number of clauses: 20007.
c [w = 17] Number of variables: 4824.
c [w = 17] SAT Solving starts:
c [w = 17] Solving duration: 30 ms.
c [w = 17] Answer:
s [w = 17] UNSAT (w = 17).
c [w = 17] Result: 20.
c [Main] Min width UNSAT is set to 17
c [Signal] Signal interruption. Caught signal: SIGTERM (15).
c [Main] All children have completed.
r [Main] 
r [Main] Final results: 
r [Main] Max width SAT:  	16.
r [Main] Min width UNSAT:	17.
r [Main] Total real time: 72 ms.
r [Main] Total memory consumed: 2.6 MB.
r [Main] 
