c [Version] Cyclic Bandwidth Encoder version 1.0.0.
c [Param] Real time limit is set to 150.
c [Param] Memory limit is set to 30000.
c [Param] Worker count is set to 4.
c [Main] Encoding and solving for graph: cbt_640.txt.
c [Main] Search strategy: Binary search using BFS.
c [Main] No predefined lower bound is found for cbt_640.txt.
c [Main] LB-w = 2 (default value).
c [Main] No predefined upper bound is found for cbt_640.txt.
c [Main] UB-w = 320 (default value calculated as n/2).
c [Main] Search order: 161 81 241 41 121 201 281 21 61 101 141 181 221 261 301 11 31 51 71 91 111 131 151 171 191 211 231 251 271 291 311 6 16 26 36 46 56 66 76 86 96 106 116 126 136 146 156 166 176 186 196 206 216 226 236 246 256 266 276 286 296 306 316 3 8 13 18 23 28 33 38 43 48 53 58 63 68 73 78 83 88 93 98 103 108 113 118 123 128 133 138 143 148 153 158 163 168 173 178 183 188 193 198 203 208 213 218 223 228 233 238 243 248 253 258 263 268 273 278 283 288 293 298 303 308 313 318 2 4 7 9 12 14 17 19 22 24 27 29 32 34 37 39 42 44 47 49 52 54 57 59 62 64 67 69 72 74 77 79 82 84 87 89 92 94 97 99 102 104 107 109 112 114 117 119 122 124 127 129 132 134 137 139 142 144 147 149 152 154 157 159 162 164 167 169 172 174 177 179 182 184 187 189 192 194 197 199 202 204 207 209 212 214 217 219 222 224 227 229 232 234 237 239 242 244 247 249 252 254 257 259 262 264 267 269 272 274 277 279 282 284 287 289 292 294 297 299 302 304 307 309 312 314 317 319 5 10 15 20 25 30 35 40 45 50 55 60 65 70 75 80 85 90 95 100 105 110 115 120 125 130 135 140 145 150 155 160 165 170 175 180 185 190 195 200 205 210 215 220 225 230 235 240 245 250 255 260 265 270 275 280 285 290 295 300 305 310 315 320.
c [w = 41] Start task in PID: 196946.
c [w = 41] Cyclic Antibandwidth problem with w = 41 (cbt_640.txt):
c [w = 41] Initializing CaDiCaL (version 2.1.3).
c [w = 41] Configuring CaDiCaL as --sat (1).
c [w = 41] Encoding starts with w = 41:
c [w = 41] Symmetry breaking highest degree node is applied.
c [w = 41] Encoding duration: 2516 ms.
c [w = 41] Number of clauses: 5842928.
c [w = 41] Number of variables: 1271040.
c [w = 41] SAT Solving starts:
c [w = 41] Solving duration: 348 ms.
c [w = 41] Answer:
s [w = 41] SAT (w = 41).
c [w = 41] Solution check = 41.
c [w = 41] The solution is correct.
c [w = 41] Result: 10.
c [Main] Max width SAT is set to 41.
c [w = 81] Start task in PID: 196944.
c [w = 81] Cyclic Antibandwidth problem with w = 81 (cbt_640.txt):
c [w = 81] Initializing CaDiCaL (version 2.1.3).
c [w = 81] Configuring CaDiCaL as --sat (1).
c [w = 81] Encoding starts with w = 81:
c [w = 81] Symmetry breaking highest degree node is applied.
c [w = 81] Encoding duration: 2499 ms.
c [w = 81] Number of clauses: 5850584.
c [w = 81] Number of variables: 1281280.
c [w = 81] SAT Solving starts:
c [w = 81] Solving duration: 583 ms.
c [w = 81] Answer:
s [w = 81] SAT (w = 81).
c [w = 81] Solution check = 81.
c [w = 81] The solution is correct.
c [w = 81] Result: 10.
c [Main] Max width SAT is set to 81.
c [w = 161] Start task in PID: 196943.
c [w = 161] Cyclic Antibandwidth problem with w = 161 (cbt_640.txt):
c [w = 161] Initializing CaDiCaL (version 2.1.3).
c [w = 161] Configuring CaDiCaL as --sat (1).
c [w = 161] Encoding starts with w = 161:
c [w = 161] Symmetry breaking highest degree node is applied.
c [w = 161] Encoding duration: 2553 ms.
c [w = 161] Number of clauses: 5908172.
c [w = 161] Number of variables: 1286400.
c [w = 161] SAT Solving starts:
c [w = 161] Solving duration: 2925 ms.
c [w = 161] Answer:
s [w = 161] SAT (w = 161).
c [w = 161] Solution check = 161.
c [w = 161] The solution is correct.
c [w = 161] Result: 10.
c [Main] Max width SAT is set to 161.
c [Main] Kill lower pid 121.
c [w = 121] Start task in PID: 196951.
c [w = 121] Cyclic Antibandwidth problem with w = 121 (cbt_640.txt):
c [w = 121] Initializing CaDiCaL (version 2.1.3).
c [w = 121] Configuring CaDiCaL as --sat (1).
c [w = 121] Encoding starts with w = 121:
c [w = 121] Symmetry breaking highest degree node is applied.
c [Signal] Signal interruption. Caught signal: SIGTERM (15).
c [Main] Child pid 121 - 196951 terminated by signal 15.
c [w = 181] Start task in PID: 196957.
c [w = 181] Cyclic Antibandwidth problem with w = 181 (cbt_640.txt):
c [w = 181] Initializing CaDiCaL (version 2.1.3).
c [w = 181] Configuring CaDiCaL as --sat (1).
c [w = 181] Encoding starts with w = 181:
c [w = 181] Symmetry breaking highest degree node is applied.
c [w = 181] Encoding duration: 2648 ms.
c [w = 181] Number of clauses: 6074572.
c [w = 181] Number of variables: 1337600.
c [w = 181] SAT Solving starts:
c [w = 181] Solving duration: 77320 ms.
c [w = 181] Answer:
s [w = 181] SAT (w = 181).
c [w = 181] Solution check = 181.
c [w = 181] The solution is correct.
c [w = 181] Result: 10.
c [Main] Max width SAT is set to 181.
c [w = 221] Start task in PID: 196984.
c [w = 221] Cyclic Antibandwidth problem with w = 221 (cbt_640.txt):
c [w = 221] Initializing CaDiCaL (version 2.1.3).
c [w = 221] Configuring CaDiCaL as --sat (1).
c [w = 221] Encoding starts with w = 221:
c [w = 221] Symmetry breaking highest degree node is applied.
c [w = 221] Encoding duration: 2534 ms.
c [w = 221] Number of clauses: 5988169.
c [w = 221] Number of variables: 1300480.
c [w = 221] SAT Solving starts:
c [Signal] Signal interruption. Caught signal: SIGTERM (15).
c [w = 281] Start task in PID: 196955.
c [w = 281] Cyclic Antibandwidth problem with w = 281 (cbt_640.txt):
c [w = 281] Initializing CaDiCaL (version 2.1.3).
c [w = 281] Configuring CaDiCaL as --sat (1).
c [w = 281] Encoding starts with w = 281:
c [w = 281] Symmetry breaking highest degree node is applied.
c [w = 281] Encoding duration: 2820 ms.
c [w = 281] Number of clauses: 6372169.
c [w = 281] Number of variables: 1415680.
c [w = 281] SAT Solving starts:
c [Signal] Signal interruption. Caught signal: SIGTERM (15).
c [w = 201] Start task in PID: 196952.
c [w = 201] Cyclic Antibandwidth problem with w = 201 (cbt_640.txt):
c [w = 201] Initializing CaDiCaL (version 2.1.3).
c [w = 201] Configuring CaDiCaL as --sat (1).
c [w = 201] Encoding starts with w = 201:
c [w = 201] Symmetry breaking highest degree node is applied.
c [w = 201] Encoding duration: 2737 ms.
c [w = 201] Number of clauses: 6240972.
c [w = 201] Number of variables: 1388800.
c [w = 201] SAT Solving starts:
c [Signal] Signal interruption. Caught signal: SIGTERM (15).
c [w = 241] Start task in PID: 196945.
c [w = 241] Cyclic Antibandwidth problem with w = 241 (cbt_640.txt):
c [w = 241] Initializing CaDiCaL (version 2.1.3).
c [w = 241] Configuring CaDiCaL as --sat (1).
c [w = 241] Encoding starts with w = 241:
c [w = 241] Symmetry breaking highest degree node is applied.
c [w = 241] Encoding duration: 2717 ms.
c [w = 241] Number of clauses: 6116169.
c [w = 241] Number of variables: 1338880.
c [w = 241] SAT Solving starts:
c [Signal] Signal interruption. Caught signal: SIGTERM (15).
c [Main] Lim pid ends with result: 254.
c [Main] All children have completed.
r [Main] 
r [Main] Final results: 
r [Main] Max width SAT:  	181.
r [Main] Min width UNSAT:	-.
r [Main] Total real time: 150822 ms.
r [Main] Total memory consumed: 7396.7 MB.
r [Main] 
