c [Version] Cyclic Bandwidth Encoder version 1.0.0.
c [Param] Real time limit is set to 1800.
c [Param] Memory limit is set to 30000.
c [Param] Worker count is set to 4.
c [Main] Encoding and solving for graph: caterpillar_30_25.txt.
c [Main] Search strategy: Binary search using BFS.
c [Main] No predefined lower bound is found for caterpillar_30_25.txt.
c [Main] LB-w = 2 (default value).
c [Main] No predefined upper bound is found for caterpillar_30_25.txt.
c [Main] UB-w = 375 (default value calculated as n/2).
c [Main] Search order: 188 94 282 47 141 235 329 24 70 117 164 211 258 305 352 12 35 58 82 105 129 152 176 199 223 246 270 293 317 340 364 6 18 29 41 52 64 76 88 99 111 123 135 146 158 170 182 193 205 217 229 240 252 264 276 287 299 311 323 334 346 358 370 3 9 15 21 26 32 38 44 49 55 61 67 73 79 85 91 96 102 108 114 120 126 132 138 143 149 155 161 167 173 179 185 190 196 202 208 214 220 226 232 237 243 249 255 261 267 273 279 284 290 296 302 308 314 320 326 331 337 343 349 355 361 367 373 2 4 7 10 13 16 19 22 25 27 30 33 36 39 42 45 48 50 53 56 59 62 65 68 71 74 77 80 83 86 89 92 95 97 100 103 106 109 112 115 118 121 124 127 130 133 136 139 142 144 147 150 153 156 159 162 165 168 171 174 177 180 183 186 189 191 194 197 200 203 206 209 212 215 218 221 224 227 230 233 236 238 241 244 247 250 253 256 259 262 265 268 271 274 277 280 283 285 288 291 294 297 300 303 306 309 312 315 318 321 324 327 330 332 335 338 341 344 347 350 353 356 359 362 365 368 371 374 5 8 11 14 17 20 23 28 31 34 37 40 43 46 51 54 57 60 63 66 69 72 75 78 81 84 87 90 93 98 101 104 107 110 113 116 119 122 125 128 131 134 137 140 145 148 151 154 157 160 163 166 169 172 175 178 181 184 187 192 195 198 201 204 207 210 213 216 219 222 225 228 231 234 239 242 245 248 251 254 257 260 263 266 269 272 275 278 281 286 289 292 295 298 301 304 307 310 313 316 319 322 325 328 333 336 339 342 345 348 351 354 357 360 363 366 369 372 375.
c [w = 47] Start task in PID: 34077.
c [w = 47] Cyclic Antibandwidth problem with w = 47 (caterpillar_30_25.txt):
c [w = 47] Initializing CaDiCaL (version 2.1.3).
c [w = 47] Configuring CaDiCaL as --sat (1).
c [w = 47] Encoding starts with w = 47:
c [w = 47] Symmetry breaking highest degree node is applied.
c [w = 47] Encoding duration: 3621 ms.
c [w = 47] Number of clauses: 7984173.
c [w = 47] Number of variables: 1732500.
c [w = 47] SAT Solving starts:
c [w = 47] Solving duration: 156364 ms.
c [w = 47] Answer:
s [w = 47] SAT (w = 47).
c [w = 47] Solution check = 47.
c [w = 47] The solution is correct.
c [w = 47] Result: 10.
c [Main] Max width SAT is set to 47.
c [w = 94] Start task in PID: 34075.
c [w = 94] Cyclic Antibandwidth problem with w = 94 (caterpillar_30_25.txt):
c [w = 94] Initializing CaDiCaL (version 2.1.3).
c [w = 94] Configuring CaDiCaL as --sat (1).
c [w = 94] Encoding starts with w = 94:
c [w = 94] Symmetry breaking highest degree node is applied.
c [w = 94] Encoding duration: 3726 ms.
c [w = 94] Number of clauses: 8016399.
c [w = 94] Number of variables: 1750500.
c [w = 94] SAT Solving starts:
c [w = 94] Solving duration: 198481 ms.
c [w = 94] Answer:
s [w = 94] SAT (w = 94).
c [w = 94] Solution check = 94.
c [w = 94] The solution is correct.
c [w = 94] Result: 10.
c [Main] Max width SAT is set to 94.
c [w = 141] Start task in PID: 34079.
c [w = 141] Cyclic Antibandwidth problem with w = 141 (caterpillar_30_25.txt):
c [w = 141] Initializing CaDiCaL (version 2.1.3).
c [w = 141] Configuring CaDiCaL as --sat (1).
c [w = 141] Encoding starts with w = 141:
c [w = 141] Symmetry breaking highest degree node is applied.
c [w = 141] Encoding duration: 3566 ms.
c [w = 141] Number of clauses: 8269893.
c [w = 141] Number of variables: 1825500.
c [w = 141] SAT Solving starts:
c [w = 141] Solving duration: 134380 ms.
c [w = 141] Answer:
s [w = 141] SAT (w = 141).
c [w = 141] Solution check = 141.
c [w = 141] The solution is correct.
c [w = 141] Result: 10.
c [Main] Max width SAT is set to 141.
c [w = 188] Start task in PID: 34074.
c [w = 188] Cyclic Antibandwidth problem with w = 188 (caterpillar_30_25.txt):
c [w = 188] Initializing CaDiCaL (version 2.1.3).
c [w = 188] Configuring CaDiCaL as --sat (1).
c [w = 188] Encoding starts with w = 188:
c [w = 188] Symmetry breaking highest degree node is applied.
c [w = 188] Encoding duration: 3721 ms.
c [w = 188] Number of clauses: 8103387.
c [w = 188] Number of variables: 1759500.
c [w = 188] SAT Solving starts:
c [w = 188] Solving duration: 367871 ms.
c [w = 188] Answer:
s [w = 188] SAT (w = 188).
c [w = 188] Solution check = 188.
c [w = 188] The solution is correct.
c [w = 188] Result: 10.
c [Main] Max width SAT is set to 188.
c [w = 282] Start task in PID: 34076.
c [w = 282] Cyclic Antibandwidth problem with w = 282 (caterpillar_30_25.txt):
c [w = 282] Initializing CaDiCaL (version 2.1.3).
c [w = 282] Configuring CaDiCaL as --sat (1).
c [w = 282] Encoding starts with w = 282:
c [w = 282] Symmetry breaking highest degree node is applied.
c [w = 282] Encoding duration: 3826 ms.
c [w = 282] Number of clauses: 8391384.
c [w = 282] Number of variables: 1832250.
c [w = 282] SAT Solving starts:
c [w = 282] Solving duration: 526233 ms.
c [w = 282] Answer:
s [w = 282] SAT (w = 282).
c [w = 282] Solution check = 282.
c [w = 282] The solution is correct.
c [w = 282] Result: 10.
c [Main] Max width SAT is set to 282.
c [Main] Kill lower pid 211.
c [Main] Kill lower pid 235.
c [w = 235] Start task in PID: 34088.
c [w = 235] Cyclic Antibandwidth problem with w = 235 (caterpillar_30_25.txt):
c [w = 235] Initializing CaDiCaL (version 2.1.3).
c [w = 235] Configuring CaDiCaL as --sat (1).
c [w = 235] Encoding starts with w = 235:
c [w = 235] Symmetry breaking highest degree node is applied.
c [w = 235] Encoding duration: 3723 ms.
c [w = 235] Number of clauses: 8561637.
c [w = 235] Number of variables: 1900500.
c [w = 235] SAT Solving starts:
c [Signal] Signal interruption. Caught signal: SIGTERM (15).
c [w = 211] Start task in PID: 34090.
c [w = 211] Cyclic Antibandwidth problem with w = 211 (caterpillar_30_25.txt):
c [w = 211] Initializing CaDiCaL (version 2.1.3).
c [w = 211] Configuring CaDiCaL as --sat (1).
c [w = 211] Encoding starts with w = 211:
c [w = 211] Symmetry breaking highest degree node is applied.
c [w = 211] Encoding duration: 3574 ms.
c [w = 211] Number of clauses: 8327637.
c [w = 211] Number of variables: 1828500.
c [w = 211] SAT Solving starts:
c [Signal] Signal interruption. Caught signal: SIGTERM (15).
c [Main] Child pid 235 - 34088 terminated by signal 15.
c [Main] Child pid 211 - 34090 terminated by signal 15.
c [w = 305] Start task in PID: 34767.
c [w = 305] Cyclic Antibandwidth problem with w = 305 (caterpillar_30_25.txt):
c [w = 305] Initializing CaDiCaL (version 2.1.3).
c [w = 305] Configuring CaDiCaL as --sat (1).
c [w = 305] Encoding starts with w = 305:
c [w = 305] Symmetry breaking highest degree node is applied.
c [w = 305] Encoding duration: 3843 ms.
c [w = 305] Number of clauses: 8563884.
c [w = 305] Number of variables: 1884000.
c [w = 305] SAT Solving starts:
c [w = 305] Solving duration: 437772 ms.
c [w = 305] Answer:
s [w = 305] SAT (w = 305).
c [w = 305] Solution check = 305.
c [w = 305] The solution is correct.
c [w = 305] Result: 10.
c [Main] Max width SAT is set to 305.
c [Main] Kill lower pid 293.
c [w = 293] Start task in PID: 34769.
c [w = 293] Cyclic Antibandwidth problem with w = 293 (caterpillar_30_25.txt):
c [w = 293] Initializing CaDiCaL (version 2.1.3).
c [w = 293] Configuring CaDiCaL as --sat (1).
c [w = 293] Encoding starts with w = 293:
c [w = 293] Symmetry breaking highest degree node is applied.
c [w = 293] Encoding duration: 3692 ms.
c [w = 293] Number of clauses: 8473884.
c [w = 293] Number of variables: 1857000.
c [w = 293] SAT Solving starts:
c [Signal] Signal interruption. Caught signal: SIGTERM (15).
c [Main] Child pid 293 - 34769 terminated by signal 15.
c [w = 329] Start task in PID: 34089.
c [w = 329] Cyclic Antibandwidth problem with w = 329 (caterpillar_30_25.txt):
c [w = 329] Initializing CaDiCaL (version 2.1.3).
c [w = 329] Configuring CaDiCaL as --sat (1).
c [w = 329] Encoding starts with w = 329:
c [w = 329] Symmetry breaking highest degree node is applied.
c [w = 329] Encoding duration: 3922 ms.
c [w = 329] Number of clauses: 8743884.
c [w = 329] Number of variables: 1938000.
c [w = 329] SAT Solving starts:
c [w = 329] Solving duration: 705388 ms.
c [w = 329] Answer:
s [w = 329] SAT (w = 329).
c [w = 329] Solution check = 329.
c [w = 329] The solution is correct.
c [w = 329] Result: 10.
c [Main] Max width SAT is set to 329.
c [Main] Kill lower pid 317.
c [w = 317] Start task in PID: 34780.
c [w = 317] Cyclic Antibandwidth problem with w = 317 (caterpillar_30_25.txt):
c [w = 317] Initializing CaDiCaL (version 2.1.3).
c [w = 317] Configuring CaDiCaL as --sat (1).
c [w = 317] Encoding starts with w = 317:
c [w = 317] Symmetry breaking highest degree node is applied.
c [w = 317] Encoding duration: 3792 ms.
c [w = 317] Number of clauses: 8653884.
c [w = 317] Number of variables: 1911000.
c [w = 317] SAT Solving starts:
c [Signal] Signal interruption. Caught signal: SIGTERM (15).
c [Main] Child pid 317 - 34780 terminated by signal 15.
c [w = 334] Start task in PID: 34783.
c [w = 334] Cyclic Antibandwidth problem with w = 334 (caterpillar_30_25.txt):
c [w = 334] Initializing CaDiCaL (version 2.1.3).
c [w = 334] Configuring CaDiCaL as --sat (1).
c [w = 334] Encoding starts with w = 334:
c [w = 334] Symmetry breaking highest degree node is applied.
c [w = 334] Encoding duration: 3834 ms.
c [w = 334] Number of clauses: 8781384.
c [w = 334] Number of variables: 1949250.
c [w = 334] SAT Solving starts:
c [Signal] Signal interruption. Caught signal: SIGTERM (15).
c [w = 364] Start task in PID: 34782.
c [w = 364] Cyclic Antibandwidth problem with w = 364 (caterpillar_30_25.txt):
c [w = 364] Initializing CaDiCaL (version 2.1.3).
c [w = 364] Configuring CaDiCaL as --sat (1).
c [w = 364] Encoding starts with w = 364:
c [w = 364] Symmetry breaking highest degree node is applied.
c [w = 364] Encoding duration: 4006 ms.
c [w = 364] Number of clauses: 9006384.
c [w = 364] Number of variables: 2016750.
c [w = 364] SAT Solving starts:
c [Signal] Signal interruption. Caught signal: SIGTERM (15).
c [w = 352] Start task in PID: 34768.
c [w = 352] Cyclic Antibandwidth problem with w = 352 (caterpillar_30_25.txt):
c [w = 352] Initializing CaDiCaL (version 2.1.3).
c [w = 352] Configuring CaDiCaL as --sat (1).
c [w = 352] Encoding starts with w = 352:
c [w = 352] Symmetry breaking highest degree node is applied.
c [w = 352] Encoding duration: 3900 ms.
c [w = 352] Number of clauses: 8916384.
c [w = 352] Number of variables: 1989750.
c [w = 352] SAT Solving starts:
c [Signal] Signal interruption. Caught signal: SIGTERM (15).
c [w = 340] Start task in PID: 34781.
c [w = 340] Cyclic Antibandwidth problem with w = 340 (caterpillar_30_25.txt):
c [w = 340] Initializing CaDiCaL (version 2.1.3).
c [w = 340] Configuring CaDiCaL as --sat (1).
c [w = 340] Encoding starts with w = 340:
c [w = 340] Symmetry breaking highest degree node is applied.
c [w = 340] Encoding duration: 3899 ms.
c [w = 340] Number of clauses: 8826384.
c [w = 340] Number of variables: 1962750.
c [w = 340] SAT Solving starts:
c [Signal] Signal interruption. Caught signal: SIGTERM (15).
c [Main] Lim pid ends with result: 254.
c [Main] All children have completed.
r [Main] 
r [Main] Final results: 
r [Main] Max width SAT:  	329.
r [Main] Min width UNSAT:	-.
r [Main] Total real time: 1809326 ms.
r [Main] Total memory consumed: 10055.5 MB.
r [Main] 
