c [Version] Cyclic Bandwidth Encoder version 1.0.0.
c [Param] Real time limit is set to 150.
c [Param] Memory limit is set to 30000.
c [Param] Worker count is set to 4.
c [Main] Encoding and solving for graph: double_star_100_20.txt.
c [Main] Search strategy: Binary search from upper bound.
c [Main] No predefined lower bound is found for double_star_100_20.txt.
c [Main] LB-w = 2 (default value).
c [Main] Upper bound is set to 11.
c [Main] Search order: 6 9 10 11 7 8 3 4 5 2.
c [w = 6] Start task in PID: 6988.
c [w = 6] Cyclic Antibandwidth problem with w = 6 (double_star_100_20.txt):
c [w = 6] Initializing CaDiCaL (version 2.1.3).
c [w = 6] Configuring CaDiCaL as --sat (1).
c [w = 6] Encoding starts with w = 6:
c [w = 6] Symmetry breaking highest degree node is applied.
c [w = 6] Encoding duration: 126 ms.
c [w = 6] Number of clauses: 204720.
c [w = 6] Number of variables: 40800.
c [w = 6] SAT Solving starts:
c [w = 6] Solving duration: 383 ms.
c [w = 6] Answer:
s [w = 6] SAT (w = 6).
c [w = 6] Solution check = 6.
c [w = 6] The solution is correct.
c [w = 6] Result: 10.
c [Main] Max width SAT is set to 6.
c [w = 7] Start task in PID: 6992.
c [w = 7] Cyclic Antibandwidth problem with w = 7 (double_star_100_20.txt):
c [w = 7] Initializing CaDiCaL (version 2.1.3).
c [w = 7] Configuring CaDiCaL as --sat (1).
c [w = 7] Encoding starts with w = 7:
c [w = 7] Symmetry breaking highest degree node is applied.
c [w = 7] Encoding duration: 126 ms.
c [w = 7] Number of clauses: 203514.
c [w = 7] Number of variables: 41760.
c [w = 7] SAT Solving starts:
c [w = 7] Solving duration: 165 ms.
c [w = 7] Answer:
s [w = 7] SAT (w = 7).
c [w = 7] Solution check = 7.
c [w = 7] The solution is correct.
c [w = 7] Result: 10.
c [Main] Max width SAT is set to 7.
c [w = 8] Start task in PID: 6993.
c [w = 8] Cyclic Antibandwidth problem with w = 8 (double_star_100_20.txt):
c [w = 8] Initializing CaDiCaL (version 2.1.3).
c [w = 8] Configuring CaDiCaL as --sat (1).
c [w = 8] Encoding starts with w = 8:
c [w = 8] Symmetry breaking highest degree node is applied.
c [w = 8] Encoding duration: 125 ms.
c [w = 8] Number of clauses: 201345.
c [w = 8] Number of variables: 42600.
c [w = 8] SAT Solving starts:
c [w = 8] Solving duration: 461 ms.
c [w = 8] Answer:
s [w = 8] SAT (w = 8).
c [w = 8] Solution check = 8.
c [w = 8] The solution is correct.
c [w = 8] Result: 10.
c [Main] Max width SAT is set to 8.
c [w = 9] Start task in PID: 6989.
c [w = 9] Cyclic Antibandwidth problem with w = 9 (double_star_100_20.txt):
c [w = 9] Initializing CaDiCaL (version 2.1.3).
c [w = 9] Configuring CaDiCaL as --sat (1).
c [w = 9] Encoding starts with w = 9:
c [w = 9] Symmetry breaking highest degree node is applied.
c [w = 9] Encoding duration: 129 ms.
c [w = 9] Number of clauses: 203262.
c [w = 9] Number of variables: 43680.
c [w = 9] SAT Solving starts:
c [w = 9] Solving duration: 5315 ms.
c [w = 9] Answer:
s [w = 9] SAT (w = 9).
c [w = 9] Solution check = 9.
c [w = 9] The solution is correct.
c [w = 9] Result: 10.
c [Main] Max width SAT is set to 9.
c [w = 10] Start task in PID: 6990.
c [w = 10] Cyclic Antibandwidth problem with w = 10 (double_star_100_20.txt):
c [w = 10] Initializing CaDiCaL (version 2.1.3).
c [w = 10] Configuring CaDiCaL as --sat (1).
c [w = 10] Encoding starts with w = 10:
c [w = 10] Symmetry breaking highest degree node is applied.
c [w = 10] Encoding duration: 128 ms.
c [w = 10] Number of clauses: 200856.
c [w = 10] Number of variables: 43680.
c [w = 10] SAT Solving starts:
c [w = 10] Solving duration: 8265 ms.
c [w = 10] Answer:
s [w = 10] SAT (w = 10).
c [w = 10] Solution check = 10.
c [w = 10] The solution is correct.
c [w = 10] Result: 10.
c [Main] Max width SAT is set to 10.
c [w = 11] Start task in PID: 6991.
c [w = 11] Cyclic Antibandwidth problem with w = 11 (double_star_100_20.txt):
c [w = 11] Initializing CaDiCaL (version 2.1.3).
c [w = 11] Configuring CaDiCaL as --sat (1).
c [w = 11] Encoding starts with w = 11:
c [w = 11] Symmetry breaking highest degree node is applied.
c [w = 11] Encoding duration: 131 ms.
c [w = 11] Number of clauses: 201333.
c [w = 11] Number of variables: 44160.
c [w = 11] SAT Solving starts:
c [Signal] Signal interruption. Caught signal: SIGTERM (15).
c [Main] Lim pid ends with result: 254.
c [Main] All children have completed.
r [Main] 
r [Main] Final results: 
r [Main] Max width SAT:  	10.
r [Main] Min width UNSAT:	-.
r [Main] Total real time: 150688 ms.
r [Main] Total memory consumed: 237.8 MB.
r [Main] 
