c [Version] Cyclic Bandwidth Encoder version 1.0.0.
c [Param] Real time limit is set to 1800.
c [Param] Memory limit is set to 30000.
c [Param] Worker count is set to 4.
c [Main] Encoding and solving for graph: R-dwt__503.mtx.rnd
c [Main] Search strategy: Iterating from lower bound.
c [Main] Lower bound is set to 23.
c [Main] Upper bound is set to 71.
c [w = 23] Start task in PID: 53349.
c [w = 23] Antibandwidth problem with w = 23 (R-dwt__503.mtx.rnd):
c [w = 23] Initializing CaDiCaL (version 2.1.3).
c [w = 23] Configuring CaDiCaL as --sat (1).
c [w = 23] Encoding starts with w = 23:
c [w = 23] Encoding duration: 3047 ms
c [w = 23] Number of clauses: 8010069
c [w = 23] Number of variables: 770596
c [w = 24] Start task in PID: 53350.
c [w = 24] Antibandwidth problem with w = 24 (R-dwt__503.mtx.rnd):
c [w = 24] Initializing CaDiCaL (version 2.1.3).
c [w = 24] Configuring CaDiCaL as --sat (1).
c [w = 24] Encoding starts with w = 24:
c [w = 24] Encoding duration: 3074 ms
c [w = 24] Number of clauses: 8009301
c [w = 24] Number of variables: 771099
c [w = 26] Start task in PID: 53352.
c [w = 26] Antibandwidth problem with w = 26 (R-dwt__503.mtx.rnd):
c [w = 26] Initializing CaDiCaL (version 2.1.3).
c [w = 26] Configuring CaDiCaL as --sat (1).
c [w = 26] Encoding starts with w = 26:
c [w = 26] Encoding duration: 3121 ms
c [w = 26] Number of clauses: 8036701
c [w = 26] Number of variables: 780656
c [w = 25] Start task in PID: 53351.
c [w = 25] Antibandwidth problem with w = 25 (R-dwt__503.mtx.rnd):
c [w = 25] Initializing CaDiCaL (version 2.1.3).
c [w = 25] Configuring CaDiCaL as --sat (1).
c [w = 25] Encoding starts with w = 25:
c [w = 25] Encoding duration: 3128 ms
c [w = 25] Number of clauses: 8041493
c [w = 25] Number of variables: 781662
c [w = 23] SAT Solving starts:
c [w = 23] Solving duration: 752 ms
c [w = 23] Answer: 
s [w = 23] SAT (w = 23)
c [w = 23] Solution check = 23.
c [w = 23] The solution is correct.
c [w = 23] Result: 10
c [w = 26] SAT Solving starts:
c [w = 26] Solving duration: 748 ms
c [w = 26] Answer: 
s [w = 26] SAT (w = 26)
c [w = 26] Solution check = 26.
c [w = 26] The solution is correct.
c [w = 26] Result: 10
c [w = 24] SAT Solving starts:
c [w = 24] Solving duration: 796 ms
c [w = 24] Answer: 
s [w = 24] SAT (w = 24)
c [w = 24] Solution check = 24.
c [w = 24] The solution is correct.
c [w = 24] Result: 10
c [Main] Max width SAT is set to 23
c [w = 25] SAT Solving starts:
c [w = 25] Solving duration: 799 ms
c [w = 25] Answer: 
s [w = 25] SAT (w = 25)
c [w = 25] Solution check = 25.
c [w = 25] The solution is correct.
c [w = 25] Result: 10
c [Main] Max width SAT is set to 26
c [Main] Kill lower pid 25.
c [Main] Kill lower pid 24.
c [w = 28] Start task in PID: 53396.
c [w = 28] Antibandwidth problem with w = 28 (R-dwt__503.mtx.rnd):
c [w = 28] Initializing CaDiCaL (version 2.1.3).
c [w = 28] Configuring CaDiCaL as --sat (1).
c [w = 28] Encoding starts with w = 28:
c [w = 28] Encoding duration: 3119 ms
c [w = 28] Number of clauses: 8019572
c [w = 28] Number of variables: 775626
c [w = 27] Start task in PID: 53395.
c [w = 27] Antibandwidth problem with w = 27 (R-dwt__503.mtx.rnd):
c [w = 27] Initializing CaDiCaL (version 2.1.3).
c [w = 27] Configuring CaDiCaL as --sat (1).
c [w = 27] Encoding starts with w = 27:
c [w = 27] Encoding duration: 3191 ms
c [w = 27] Number of clauses: 8029394
c [w = 27] Number of variables: 778644
c [w = 29] Start task in PID: 53397.
c [w = 29] Antibandwidth problem with w = 29 (R-dwt__503.mtx.rnd):
c [w = 29] Initializing CaDiCaL (version 2.1.3).
c [w = 29] Configuring CaDiCaL as --sat (1).
c [w = 29] Encoding starts with w = 29:
c [w = 29] Encoding duration: 3204 ms
c [w = 29] Number of clauses: 8047237
c [w = 29] Number of variables: 784680
c [w = 30] Start task in PID: 53398.
c [w = 30] Antibandwidth problem with w = 30 (R-dwt__503.mtx.rnd):
c [w = 30] Initializing CaDiCaL (version 2.1.3).
c [w = 30] Configuring CaDiCaL as --sat (1).
c [w = 30] Encoding starts with w = 30:
c [w = 30] Encoding duration: 3233 ms
c [w = 30] Number of clauses: 8033391
c [w = 30] Number of variables: 780153
c [w = 28] SAT Solving starts:
c [w = 28] Solving duration: 781 ms
c [w = 28] Answer: 
s [w = 28] SAT (w = 28)
c [w = 28] Solution check = 28.
c [w = 28] The solution is correct.
c [w = 28] Result: 10
c [Main] Max width SAT is set to 28
c [Main] Kill lower pid 27.
c [w = 27] SAT Solving starts:
c [w = 27] Solving duration: 815 ms
c [w = 27] Answer: 
s [w = 27] SAT (w = 27)
c [w = 27] Solution check = 27.
c [w = 27] The solution is correct.
c [Signal] Signal interruption. Caught signal: SIGTERM (15)
c [Main] Child pid 27 - 53395 terminated by signal 15
c [w = 30] SAT Solving starts:
c [w = 30] Solving duration: 1642 ms
c [w = 30] Answer: 
s [w = 30] SAT (w = 30)
c [w = 30] Solution check = 30.
c [w = 30] The solution is correct.
c [w = 30] Result: 10
c [Main] Max width SAT is set to 30
c [Main] Kill lower pid 29.
c [w = 29] SAT Solving starts:
c [Signal] Signal interruption. Caught signal: SIGTERM (15)
c [Main] Child pid 29 - 53397 terminated by signal 15
c [w = 31] Start task in PID: 53431.
c [w = 31] Antibandwidth problem with w = 31 (R-dwt__503.mtx.rnd):
c [w = 31] Initializing CaDiCaL (version 2.1.3).
c [w = 31] Configuring CaDiCaL as --sat (1).
c [w = 31] Encoding starts with w = 31:
c [w = 31] Encoding duration: 3365 ms
c [w = 31] Number of clauses: 8059547
c [w = 31] Number of variables: 788704
c [w = 32] Start task in PID: 53432.
c [w = 32] Antibandwidth problem with w = 32 (R-dwt__503.mtx.rnd):
c [w = 32] Initializing CaDiCaL (version 2.1.3).
c [w = 32] Configuring CaDiCaL as --sat (1).
c [w = 32] Encoding starts with w = 32:
c [w = 32] Encoding duration: 3349 ms
c [w = 32] Number of clauses: 8041677
c [w = 32] Number of variables: 782668
c [w = 33] Start task in PID: 53448.
c [w = 33] Antibandwidth problem with w = 33 (R-dwt__503.mtx.rnd):
c [w = 33] Initializing CaDiCaL (version 2.1.3).
c [w = 33] Configuring CaDiCaL as --sat (1).
c [w = 33] Encoding starts with w = 33:
c [w = 33] Encoding duration: 3275 ms
c [w = 33] Number of clauses: 8066324
c [w = 33] Number of variables: 790716
c [w = 34] Start task in PID: 53449.
c [w = 34] Antibandwidth problem with w = 34 (R-dwt__503.mtx.rnd):
c [w = 34] Initializing CaDiCaL (version 2.1.3).
c [w = 34] Configuring CaDiCaL as --sat (1).
c [w = 34] Encoding starts with w = 34:
c [w = 34] Encoding duration: 3328 ms
c [w = 34] Number of clauses: 8044430
c [w = 34] Number of variables: 783171
c [w = 32] SAT Solving starts:
c [w = 32] Solving duration: 1602 ms
c [w = 32] Answer: 
s [w = 32] SAT (w = 32)
c [w = 32] Solution check = 32.
c [w = 32] The solution is correct.
c [w = 32] Result: 10
c [Main] Max width SAT is set to 32
c [Main] Kill lower pid 31.
c [w = 31] SAT Solving starts:
c [Signal] Signal interruption. Caught signal: SIGTERM (15)
c [Main] Child pid 31 - 53431 terminated by signal 15
c [w = 34] SAT Solving starts:
c [w = 34] Solving duration: 1589 ms
c [w = 34] Answer: 
s [w = 34] SAT (w = 34)
c [w = 34] Solution check = 34.
c [w = 34] The solution is correct.
c [w = 34] Result: 10
c [Main] Max width SAT is set to 34
c [Main] Kill lower pid 33.
c [w = 33] SAT Solving starts:
c [w = 33] Solving duration: 2220 ms
c [w = 33] Answer: 
s [w = 33] SAT (w = 33)
c [w = 33] Solution check = 33.
c [w = 33] The solution is correct.
c [Signal] Signal interruption. Caught signal: SIGTERM (15)
c [Main] Child pid 33 - 53448 terminated by signal 15
c [w = 35] Start task in PID: 53484.
c [w = 35] Antibandwidth problem with w = 35 (R-dwt__503.mtx.rnd):
c [w = 35] Initializing CaDiCaL (version 2.1.3).
c [w = 35] Configuring CaDiCaL as --sat (1).
c [w = 35] Encoding starts with w = 35:
c [w = 35] Encoding duration: 3207 ms
c [w = 35] Number of clauses: 8067568
c [w = 35] Number of variables: 790716
c [w = 36] Start task in PID: 53490.
c [w = 36] Antibandwidth problem with w = 36 (R-dwt__503.mtx.rnd):
c [w = 36] Initializing CaDiCaL (version 2.1.3).
c [w = 36] Configuring CaDiCaL as --sat (1).
c [w = 36] Encoding starts with w = 36:
c [w = 36] Encoding duration: 3163 ms
c [w = 36] Number of clauses: 8041650
c [w = 36] Number of variables: 781662
c [w = 37] Start task in PID: 53506.
c [w = 37] Antibandwidth problem with w = 37 (R-dwt__503.mtx.rnd):
c [w = 37] Initializing CaDiCaL (version 2.1.3).
c [w = 37] Configuring CaDiCaL as --sat (1).
c [w = 37] Encoding starts with w = 37:
c [w = 37] Encoding duration: 3092 ms
c [w = 37] Number of clauses: 8063279
c [w = 37] Number of variables: 788704
c [w = 38] Start task in PID: 53507.
c [w = 38] Antibandwidth problem with w = 38 (R-dwt__503.mtx.rnd):
c [w = 38] Initializing CaDiCaL (version 2.1.3).
c [w = 38] Configuring CaDiCaL as --sat (1).
c [w = 38] Encoding starts with w = 38:
c [w = 38] Encoding duration: 3137 ms
c [w = 38] Number of clauses: 8084908
c [w = 38] Number of variables: 795746
c [w = 38] SAT Solving starts:
c [w = 38] Solving duration: 2038 ms
c [w = 38] Answer: 
s [w = 38] SAT (w = 38)
c [w = 38] Solution check = 38.
c [w = 38] The solution is correct.
c [w = 38] Result: 10
c [Main] Max width SAT is set to 38
c [Main] Kill lower pid 37.
c [Main] Kill lower pid 36.
c [Main] Kill lower pid 35.
c [w = 36] SAT Solving starts:
c [Signal] Signal interruption. Caught signal: SIGTERM (15)
c [w = 37] SAT Solving starts:
c [Signal] Signal interruption. Caught signal: SIGTERM (15)
c [w = 35] SAT Solving starts:
c [Signal] Signal interruption. Caught signal: SIGTERM (15)
c [Main] Child pid 37 - 53506 terminated by signal 15
c [Main] Child pid 35 - 53484 terminated by signal 15
c [Main] Child pid 36 - 53490 terminated by signal 15
c [w = 39] Start task in PID: 53537.
c [w = 39] Antibandwidth problem with w = 39 (R-dwt__503.mtx.rnd):
c [w = 39] Initializing CaDiCaL (version 2.1.3).
c [w = 39] Configuring CaDiCaL as --sat (1).
c [w = 39] Encoding starts with w = 39:
c [w = 39] Encoding duration: 3099 ms
c [w = 39] Number of clauses: 8053457
c [w = 39] Number of variables: 784680
c [w = 40] Start task in PID: 53538.
c [w = 40] Antibandwidth problem with w = 40 (R-dwt__503.mtx.rnd):
c [w = 40] Initializing CaDiCaL (version 2.1.3).
c [w = 40] Configuring CaDiCaL as --sat (1).
c [w = 40] Encoding starts with w = 40:
c [w = 40] Encoding duration: 3112 ms
c [w = 40] Number of clauses: 8073577
c [w = 40] Number of variables: 791219
c [w = 41] Start task in PID: 53539.
c [w = 41] Antibandwidth problem with w = 41 (R-dwt__503.mtx.rnd):
c [w = 41] Initializing CaDiCaL (version 2.1.3).
c [w = 41] Configuring CaDiCaL as --sat (1).
c [w = 41] Encoding starts with w = 41:
c [w = 41] Encoding duration: 3155 ms
c [w = 41] Number of clauses: 8093697
c [w = 41] Number of variables: 797758
c [w = 42] Start task in PID: 53540.
c [w = 42] Antibandwidth problem with w = 42 (R-dwt__503.mtx.rnd):
c [w = 42] Initializing CaDiCaL (version 2.1.3).
c [w = 42] Configuring CaDiCaL as --sat (1).
c [w = 42] Encoding starts with w = 42:
c [w = 42] Encoding duration: 3197 ms
c [w = 42] Number of clauses: 8056713
c [w = 42] Number of variables: 784680
c [w = 40] SAT Solving starts:
c [w = 40] Solving duration: 1634 ms
c [w = 40] Answer: 
s [w = 40] SAT (w = 40)
c [w = 40] Solution check = 40.
c [w = 40] The solution is correct.
c [w = 40] Result: 10
c [Main] Max width SAT is set to 40
c [Main] Kill lower pid 39.
c [w = 39] SAT Solving starts:
c [Signal] Signal interruption. Caught signal: SIGTERM (15)
c [Main] Child pid 39 - 53537 terminated by signal 15
c [w = 41] SAT Solving starts:
c [w = 41] Solving duration: 4556 ms
c [w = 41] Answer: 
s [w = 41] SAT (w = 41)
c [w = 41] Solution check = 41.
c [w = 41] The solution is correct.
c [w = 41] Result: 10
c [Main] Max width SAT is set to 41
c [w = 43] Start task in PID: 53574.
c [w = 43] Antibandwidth problem with w = 43 (R-dwt__503.mtx.rnd):
c [w = 43] Initializing CaDiCaL (version 2.1.3).
c [w = 43] Configuring CaDiCaL as --sat (1).
c [w = 43] Encoding starts with w = 43:
c [w = 43] Encoding duration: 3087 ms
c [w = 43] Number of clauses: 8075324
c [w = 43] Number of variables: 790716
c [w = 42] SAT Solving starts:
c [w = 42] Solving duration: 5094 ms
c [w = 42] Answer: 
s [w = 42] SAT (w = 42)
c [w = 42] Solution check = 42.
c [w = 42] The solution is correct.
c [w = 42] Result: 10
c [w = 44] Start task in PID: 53575.
c [w = 44] Antibandwidth problem with w = 44 (R-dwt__503.mtx.rnd):
c [w = 44] Initializing CaDiCaL (version 2.1.3).
c [w = 44] Configuring CaDiCaL as --sat (1).
c [w = 44] Encoding starts with w = 44:
c [w = 44] Encoding duration: 3124 ms
c [w = 44] Number of clauses: 8093935
c [w = 44] Number of variables: 796752
c [Main] Max width SAT is set to 42
c [w = 45] Start task in PID: 53612.
c [w = 45] Antibandwidth problem with w = 45 (R-dwt__503.mtx.rnd):
c [w = 45] Initializing CaDiCaL (version 2.1.3).
c [w = 45] Configuring CaDiCaL as --sat (1).
c [w = 45] Encoding starts with w = 45:
c [w = 45] Encoding duration: 3162 ms
c [w = 45] Number of clauses: 8112546
c [w = 45] Number of variables: 802788
c [w = 46] Start task in PID: 53613.
c [w = 46] Antibandwidth problem with w = 46 (R-dwt__503.mtx.rnd):
c [w = 46] Initializing CaDiCaL (version 2.1.3).
c [w = 46] Configuring CaDiCaL as --sat (1).
c [w = 46] Encoding starts with w = 46:
c [w = 46] Encoding duration: 3107 ms
c [w = 46] Number of clauses: 8068520
c [w = 46] Number of variables: 787195
c [w = 44] SAT Solving starts:
c [w = 44] Solving duration: 4449 ms
c [w = 44] Answer: 
s [w = 44] SAT (w = 44)
c [w = 44] Solution check = 44.
c [w = 44] The solution is correct.
c [w = 44] Result: 10
c [Main] Max width SAT is set to 44
c [Main] Kill lower pid 43.
c [w = 43] SAT Solving starts:
c [w = 43] Solving duration: 5087 ms
c [w = 43] Answer: 
s [w = 43] SAT (w = 43)
c [w = 43] Solution check = 43.
c [w = 43] The solution is correct.
c [Signal] Signal interruption. Caught signal: SIGTERM (15)
c [Main] Child pid 43 - 53574 terminated by signal 15
c [w = 47] Start task in PID: 53646.
c [w = 47] Antibandwidth problem with w = 47 (R-dwt__503.mtx.rnd):
c [w = 47] Initializing CaDiCaL (version 2.1.3).
c [w = 47] Configuring CaDiCaL as --sat (1).
c [w = 47] Encoding starts with w = 47:
c [w = 47] Encoding duration: 3093 ms
c [w = 47] Number of clauses: 8085622
c [w = 47] Number of variables: 792728
c [w = 48] Start task in PID: 53647.
c [w = 48] Antibandwidth problem with w = 48 (R-dwt__503.mtx.rnd):
c [w = 48] Initializing CaDiCaL (version 2.1.3).
c [w = 48] Configuring CaDiCaL as --sat (1).
c [w = 48] Encoding starts with w = 48:
c [w = 48] Encoding duration: 3140 ms
c [w = 48] Number of clauses: 8102724
c [w = 48] Number of variables: 798261
c [w = 46] SAT Solving starts:
c [w = 46] Solving duration: 4821 ms
c [w = 46] Answer: 
s [w = 46] SAT (w = 46)
c [w = 46] Solution check = 46.
c [w = 46] The solution is correct.
c [w = 46] Result: 10
c [Main] Max width SAT is set to 46
c [Main] Kill lower pid 45.
c [w = 45] SAT Solving starts:
c [Signal] Signal interruption. Caught signal: SIGTERM (15)
c [Main] Child pid 45 - 53612 terminated by signal 15
c [w = 49] Start task in PID: 53661.
c [w = 49] Antibandwidth problem with w = 49 (R-dwt__503.mtx.rnd):
c [w = 49] Initializing CaDiCaL (version 2.1.3).
c [w = 49] Configuring CaDiCaL as --sat (1).
c [w = 49] Encoding starts with w = 49:
c [w = 49] Encoding duration: 3201 ms
c [w = 49] Number of clauses: 8119826
c [w = 49] Number of variables: 803794
c [w = 50] Start task in PID: 53662.
c [w = 50] Antibandwidth problem with w = 50 (R-dwt__503.mtx.rnd):
c [w = 50] Initializing CaDiCaL (version 2.1.3).
c [w = 50] Configuring CaDiCaL as --sat (1).
c [w = 50] Encoding starts with w = 50:
c [w = 50] Encoding duration: 3383 ms
c [w = 50] Number of clauses: 8136928
c [w = 50] Number of variables: 809327
c [w = 47] SAT Solving starts:
c [w = 47] Solving duration: 5136 ms
c [w = 47] Answer: 
s [w = 47] SAT (w = 47)
c [w = 47] Solution check = 47.
c [w = 47] The solution is correct.
c [w = 47] Result: 10
c [w = 48] SAT Solving starts:
c [w = 48] Solving duration: 4979 ms
c [w = 48] Answer: 
s [w = 48] SAT (w = 48)
c [w = 48] Solution check = 48.
c [w = 48] The solution is correct.
c [w = 48] Result: 10
c [Main] Max width SAT is set to 47
c [Main] Max width SAT is set to 48
c [w = 51] Start task in PID: 53711.
c [w = 51] Antibandwidth problem with w = 51 (R-dwt__503.mtx.rnd):
c [w = 51] Initializing CaDiCaL (version 2.1.3).
c [w = 51] Configuring CaDiCaL as --sat (1).
c [w = 51] Encoding starts with w = 51:
c [w = 51] Encoding duration: 3226 ms
c [w = 51] Number of clauses: 8084351
c [w = 51] Number of variables: 790716
c [w = 52] Start task in PID: 53712.
c [w = 52] Antibandwidth problem with w = 52 (R-dwt__503.mtx.rnd):
c [w = 52] Initializing CaDiCaL (version 2.1.3).
c [w = 52] Configuring CaDiCaL as --sat (1).
c [w = 52] Encoding starts with w = 52:
c [w = 52] Encoding duration: 3326 ms
c [w = 52] Number of clauses: 8099944
c [w = 52] Number of variables: 795746
c [w = 49] SAT Solving starts:
c [w = 49] Solving duration: 12685 ms
c [w = 49] Answer: 
s [w = 49] SAT (w = 49)
c [w = 49] Solution check = 49.
c [w = 49] The solution is correct.
c [w = 49] Result: 10
c [Main] Max width SAT is set to 49
c [w = 53] Start task in PID: 53784.
c [w = 53] Antibandwidth problem with w = 53 (R-dwt__503.mtx.rnd):
c [w = 53] Initializing CaDiCaL (version 2.1.3).
c [w = 53] Configuring CaDiCaL as --sat (1).
c [w = 53] Encoding starts with w = 53:
c [w = 53] Encoding duration: 3213 ms
c [w = 53] Number of clauses: 8115537
c [w = 53] Number of variables: 800776
c [w = 52] SAT Solving starts:
c [w = 52] Solving duration: 13441 ms
c [w = 52] Answer: 
s [w = 52] SAT (w = 52)
c [w = 52] Solution check = 52.
c [w = 52] The solution is correct.
c [w = 52] Result: 10
c [Main] Max width SAT is set to 52
c [Main] Kill lower pid 51.
c [Main] Kill lower pid 50.
c [w = 51] SAT Solving starts:
c [w = 51] Solving duration: 14444 ms
c [w = 51] Answer: 
s [w = 51] SAT (w = 51)
c [w = 51] Solution check = 51.
c [w = 51] The solution is correct.
c [Signal] Signal interruption. Caught signal: SIGTERM (15)
c [w = 50] SAT Solving starts:
c [Signal] Signal interruption. Caught signal: SIGTERM (15)
c [Main] Child pid 50 - 53662 terminated by signal 15
c [Main] Child pid 51 - 53711 terminated by signal 15
c [w = 54] Start task in PID: 53822.
c [w = 54] Antibandwidth problem with w = 54 (R-dwt__503.mtx.rnd):
c [w = 54] Initializing CaDiCaL (version 2.1.3).
c [w = 54] Configuring CaDiCaL as --sat (1).
c [w = 54] Encoding starts with w = 54:
c [w = 54] Encoding duration: 3203 ms
c [w = 54] Number of clauses: 8131130
c [w = 54] Number of variables: 805806
c [w = 55] Start task in PID: 53823.
c [w = 55] Antibandwidth problem with w = 55 (R-dwt__503.mtx.rnd):
c [w = 55] Initializing CaDiCaL (version 2.1.3).
c [w = 55] Configuring CaDiCaL as --sat (1).
c [w = 55] Encoding starts with w = 55:
c [w = 55] Encoding duration: 3147 ms
c [w = 55] Number of clauses: 8146723
c [w = 55] Number of variables: 810836
c [w = 56] Start task in PID: 53824.
c [w = 56] Antibandwidth problem with w = 56 (R-dwt__503.mtx.rnd):
c [w = 56] Initializing CaDiCaL (version 2.1.3).
c [w = 56] Configuring CaDiCaL as --sat (1).
c [w = 56] Encoding starts with w = 56:
c [w = 56] Encoding duration: 3186 ms
c [w = 56] Number of clauses: 8085595
c [w = 56] Number of variables: 789207
c [w = 55] SAT Solving starts:
c [w = 55] Solving duration: 15023 ms
c [w = 55] Answer: 
s [w = 55] SAT (w = 55)
c [w = 55] Solution check = 55.
c [w = 55] The solution is correct.
c [w = 55] Result: 10
c [Main] Max width SAT is set to 55
c [Main] Kill lower pid 54.
c [Main] Kill lower pid 53.
c [w = 54] SAT Solving starts:
c [Signal] Signal interruption. Caught signal: SIGTERM (15)
c [w = 53] SAT Solving starts:
c [Signal] Signal interruption. Caught signal: SIGTERM (15)
c [Main] Child pid 53 - 53784 terminated by signal 15
c [Main] Child pid 54 - 53822 terminated by signal 15
c [w = 57] Start task in PID: 53884.
c [w = 57] Antibandwidth problem with w = 57 (R-dwt__503.mtx.rnd):
c [w = 57] Initializing CaDiCaL (version 2.1.3).
c [w = 57] Configuring CaDiCaL as --sat (1).
c [w = 57] Encoding starts with w = 57:
c [w = 57] Encoding duration: 3176 ms
c [w = 57] Number of clauses: 8099679
c [w = 57] Number of variables: 793734
c [w = 59] Start task in PID: 53886.
c [w = 59] Antibandwidth problem with w = 59 (R-dwt__503.mtx.rnd):
c [w = 59] Initializing CaDiCaL (version 2.1.3).
c [w = 59] Configuring CaDiCaL as --sat (1).
c [w = 59] Encoding starts with w = 59:
c [w = 59] Encoding duration: 3218 ms
c [w = 59] Number of clauses: 8127847
c [w = 59] Number of variables: 802788
c [w = 58] Start task in PID: 53885.
c [w = 58] Antibandwidth problem with w = 58 (R-dwt__503.mtx.rnd):
c [w = 58] Initializing CaDiCaL (version 2.1.3).
c [w = 58] Configuring CaDiCaL as --sat (1).
c [w = 58] Encoding starts with w = 58:
c [w = 58] Encoding duration: 3238 ms
c [w = 58] Number of clauses: 8113763
c [w = 58] Number of variables: 798261
c [w = 59] SAT Solving starts:
c [w = 59] Solving duration: 85463 ms
c [w = 59] Answer: 
s [w = 59] SAT (w = 59)
c [w = 59] Solution check = 59.
c [w = 59] The solution is correct.
c [w = 59] Result: 10
c [Main] Max width SAT is set to 59
c [Main] Kill lower pid 58.
c [Main] Kill lower pid 57.
c [Main] Kill lower pid 56.
c [w = 58] SAT Solving starts:
c [Signal] Signal interruption. Caught signal: SIGTERM (15)
c [w = 56] SAT Solving starts:
c [Signal] Signal interruption. Caught signal: SIGTERM (15)
c [w = 57] SAT Solving starts:
c [Signal] Signal interruption. Caught signal: SIGTERM (15)
c [Main] Child pid 56 - 53824 terminated by signal 15
c [Main] Child pid 57 - 53884 terminated by signal 15
c [Main] Child pid 58 - 53885 terminated by signal 15
c [w = 60] Start task in PID: 53964.
c [w = 60] Antibandwidth problem with w = 60 (R-dwt__503.mtx.rnd):
c [w = 60] Initializing CaDiCaL (version 2.1.3).
c [w = 60] Configuring CaDiCaL as --sat (1).
c [w = 60] Encoding starts with w = 60:
c [w = 60] Encoding duration: 3228 ms
c [w = 60] Number of clauses: 8141931
c [w = 60] Number of variables: 807315
c [w = 63] Start task in PID: 53967.
c [w = 63] Antibandwidth problem with w = 63 (R-dwt__503.mtx.rnd):
c [w = 63] Initializing CaDiCaL (version 2.1.3).
c [w = 63] Configuring CaDiCaL as --sat (1).
c [w = 63] Encoding starts with w = 63:
c [w = 63] Encoding duration: 3153 ms
c [w = 63] Number of clauses: 8097402
c [w = 63] Number of variables: 790716
c [w = 61] Start task in PID: 53965.
c [w = 61] Antibandwidth problem with w = 61 (R-dwt__503.mtx.rnd):
c [w = 61] Initializing CaDiCaL (version 2.1.3).
c [w = 61] Configuring CaDiCaL as --sat (1).
c [w = 61] Encoding starts with w = 61:
c [w = 61] Encoding duration: 3266 ms
c [w = 61] Number of clauses: 8156015
c [w = 61] Number of variables: 811842
c [w = 62] Start task in PID: 53966.
c [w = 62] Antibandwidth problem with w = 62 (R-dwt__503.mtx.rnd):
c [w = 62] Initializing CaDiCaL (version 2.1.3).
c [w = 62] Configuring CaDiCaL as --sat (1).
c [w = 62] Encoding starts with w = 62:
c [w = 62] Encoding duration: 3263 ms
c [w = 62] Number of clauses: 8170099
c [w = 62] Number of variables: 816369
c [w = 61] SAT Solving starts:
c [w = 61] Solving duration: 89912 ms
c [w = 61] Answer: 
s [w = 61] SAT (w = 61)
c [w = 61] Solution check = 61.
c [w = 61] The solution is correct.
c [w = 61] Result: 10
c [Main] Max width SAT is set to 61
c [Main] Kill lower pid 60.
c [w = 60] SAT Solving starts:
c [Signal] Signal interruption. Caught signal: SIGTERM (15)
c [Main] Child pid 60 - 53964 terminated by signal 15
c [w = 65] Start task in PID: 54064.
c [w = 65] Antibandwidth problem with w = 65 (R-dwt__503.mtx.rnd):
c [w = 65] Initializing CaDiCaL (version 2.1.3).
c [w = 65] Configuring CaDiCaL as --sat (1).
c [w = 65] Encoding starts with w = 65:
c [w = 65] Encoding duration: 3145 ms
c [w = 65] Number of clauses: 8122552
c [w = 65] Number of variables: 798764
c [w = 64] Start task in PID: 54063.
c [w = 64] Antibandwidth problem with w = 64 (R-dwt__503.mtx.rnd):
c [w = 64] Initializing CaDiCaL (version 2.1.3).
c [w = 64] Configuring CaDiCaL as --sat (1).
c [w = 64] Encoding starts with w = 64:
c [w = 64] Encoding duration: 3273 ms
c [w = 64] Number of clauses: 8109977
c [w = 64] Number of variables: 794740
c [w = 65] SAT Solving starts:
c [w = 65] Solving duration: 141913 ms
c [w = 65] Answer: 
s [w = 65] UNSAT (w = 65)
c [w = 65] Result: 20
c [Main] Min width UNSAT is set to 65
c [w = 63] SAT Solving starts:
c [w = 63] Solving duration: 261100 ms
c [w = 63] Answer: 
s [w = 63] UNSAT (w = 63)
c [w = 63] Result: 20
c [Main] Min width UNSAT is set to 63
c [Main] Kill higher pid 64.
c [w = 64] SAT Solving starts:
c [Signal] Signal interruption. Caught signal: SIGTERM (15)
c [Main] Child pid 64 - 54063 terminated by signal 15
c [w = 62] SAT Solving starts:
c [w = 62] Solving duration: 796478 ms
c [w = 62] Answer: 
s [w = 62] SAT (w = 62)
c [w = 62] Solution check = 62.
c [w = 62] The solution is correct.
c [w = 62] Result: 10
c [Main] Max width SAT is set to 62
c [Signal] Signal interruption. Caught signal: SIGTERM (15)
c [Main] All children have completed.
r [Main] 
r [Main] Final results: 
r [Main] Max width SAT:  	62
r [Main] Min width UNSAT:	63
r [Main] Total real time: 974594 ms
r [Main] Total memory consumed: 8142.5 MB
r [Main] 
