c [Version] Cyclic Bandwidth Encoder version 1.0.0.
c [Param] Real time limit is set to 150.
c [Param] Memory limit is set to 30000.
c [Param] Worker count is set to 8.
c [Main] Encoding and solving for graph: K-dwt__234.mtx.rnd.
c [Main] Search strategy: Binary search from upper bound.
c [Main] Lower bound is set to 23.
c [Main] Upper bound is set to 58.
c [Main] Search order: 40 49 54 56 57 58 55 51 52 53 50 44 46 47 48 45 42 43 41 31 35 37 38 39 36 33 34 32 26 28 29 30 27 24 25 23.
c [w = 58] Start task in PID: 14157.
c [w = 58] Cyclic Antibandwidth problem with w = 58 (K-dwt__234.mtx.rnd):
c [w = 58] Initializing CaDiCaL (version 2.1.3).
c [w = 58] Configuring CaDiCaL as --sat (1).
c [w = 58] Encoding starts with w = 58:
c [w = 58] Symmetry breaking highest degree node is applied.
c [w = 58] Encoding duration: 141 ms.
c [w = 58] Number of clauses: 222304.
c [w = 58] Number of variables: 44928.
c [w = 58] SAT Solving starts:
c [w = 58] Solving duration: 7 ms.
c [w = 58] Answer:
s [w = 58] UNSAT (w = 58).
c [w = 58] Result: 20.
c [Main] Min width UNSAT is set to 58
c [w = 54] Start task in PID: 14154.
c [w = 54] Cyclic Antibandwidth problem with w = 54 (K-dwt__234.mtx.rnd):
c [w = 54] Initializing CaDiCaL (version 2.1.3).
c [w = 54] Configuring CaDiCaL as --sat (1).
c [w = 54] Encoding starts with w = 54:
c [w = 54] Symmetry breaking highest degree node is applied.
c [w = 54] Encoding duration: 151 ms.
c [w = 54] Number of clauses: 237163.
c [w = 54] Number of variables: 49959.
c [w = 54] SAT Solving starts:
c [w = 54] Solving duration: 33 ms.
c [w = 54] Answer:
s [w = 54] UNSAT (w = 54).
c [w = 54] Result: 20.
c [w = 51] Start task in PID: 14159.
c [w = 51] Cyclic Antibandwidth problem with w = 51 (K-dwt__234.mtx.rnd):
c [w = 51] Initializing CaDiCaL (version 2.1.3).
c [w = 51] Configuring CaDiCaL as --sat (1).
c [w = 51] Encoding starts with w = 51:
c [w = 51] Symmetry breaking highest degree node is applied.
c [w = 51] Encoding duration: 150 ms.
c [w = 51] Number of clauses: 233653.
c [w = 51] Number of variables: 48906.
c [w = 51] SAT Solving starts:
c [w = 51] Solving duration: 36 ms.
c [w = 51] Answer:
s [w = 51] UNSAT (w = 51).
c [w = 51] Result: 20.
c [w = 56] Start task in PID: 14155.
c [w = 56] Cyclic Antibandwidth problem with w = 56 (K-dwt__234.mtx.rnd):
c [w = 56] Initializing CaDiCaL (version 2.1.3).
c [w = 56] Configuring CaDiCaL as --sat (1).
c [w = 56] Encoding starts with w = 56:
c [w = 56] Symmetry breaking highest degree node is applied.
c [w = 56] Encoding duration: 155 ms.
c [w = 56] Number of clauses: 239503.
c [w = 56] Number of variables: 50661.
c [w = 56] SAT Solving starts:
c [w = 56] Solving duration: 32 ms.
c [w = 56] Answer:
s [w = 56] UNSAT (w = 56).
c [w = 56] Result: 20.
c [w = 55] Start task in PID: 14158.
c [w = 55] Cyclic Antibandwidth problem with w = 55 (K-dwt__234.mtx.rnd):
c [w = 55] Initializing CaDiCaL (version 2.1.3).
c [w = 55] Configuring CaDiCaL as --sat (1).
c [w = 55] Encoding starts with w = 55:
c [w = 55] Symmetry breaking highest degree node is applied.
c [w = 55] Encoding duration: 154 ms.
c [w = 55] Number of clauses: 238333.
c [w = 55] Number of variables: 50310.
c [w = 55] SAT Solving starts:
c [w = 55] Solving duration: 34 ms.
c [w = 55] Answer:
s [w = 55] UNSAT (w = 55).
c [w = 55] Result: 20.
c [Main] Min width UNSAT is set to 54
c [Main] Kill higher pid 55.
c [Main] Kill higher pid 57.
c [Main] Kill higher pid 56.
c [w = 57] Start task in PID: 14156.
c [w = 57] Cyclic Antibandwidth problem with w = 57 (K-dwt__234.mtx.rnd):
c [w = 57] Initializing CaDiCaL (version 2.1.3).
c [w = 57] Configuring CaDiCaL as --sat (1).
c [w = 57] Encoding starts with w = 57:
c [w = 57] Symmetry breaking highest degree node is applied.
c [w = 57] Encoding duration: 155 ms.
c [w = 57] Number of clauses: 240673.
c [w = 57] Number of variables: 51012.
c [w = 57] SAT Solving starts:
c [Signal] Signal interruption. Caught signal: SIGTERM (15).
c [Main] Min width UNSAT is set to 51
c [Main] Kill higher pid 52.
c [Main] Kill higher pid 55.
c [Main] Kill higher pid 57.
c [Main] Kill higher pid 56.
c [Main] Kill higher pid 53.
c [w = 53] Start task in PID: 14161.
c [w = 53] Cyclic Antibandwidth problem with w = 53 (K-dwt__234.mtx.rnd):
c [w = 53] Initializing CaDiCaL (version 2.1.3).
c [w = 53] Configuring CaDiCaL as --sat (1).
c [w = 53] Encoding starts with w = 53:
c [w = 53] Symmetry breaking highest degree node is applied.
c [Signal] Signal interruption. Caught signal: SIGTERM (15).
c [w = 52] Start task in PID: 14160.
c [w = 52] Cyclic Antibandwidth problem with w = 52 (K-dwt__234.mtx.rnd):
c [w = 52] Initializing CaDiCaL (version 2.1.3).
c [w = 52] Configuring CaDiCaL as --sat (1).
c [w = 52] Encoding starts with w = 52:
c [w = 52] Symmetry breaking highest degree node is applied.
c [Signal] Signal interruption. Caught signal: SIGTERM (15).
c [Main] Child pid 53 - 14161 terminated by signal 15.
c [Main] Kill higher pid 57.
c [Main] Kill higher pid 57.
c [Main] Child pid 52 - 14160 terminated by signal 15.
c [Main] Child pid 57 - 14156 terminated by signal 15.
c [w = 49] Start task in PID: 14153.
c [w = 49] Cyclic Antibandwidth problem with w = 49 (K-dwt__234.mtx.rnd):
c [w = 49] Initializing CaDiCaL (version 2.1.3).
c [w = 49] Configuring CaDiCaL as --sat (1).
c [w = 49] Encoding starts with w = 49:
c [w = 49] Symmetry breaking highest degree node is applied.
c [w = 49] Encoding duration: 149 ms.
c [w = 49] Number of clauses: 231313.
c [w = 49] Number of variables: 48204.
c [w = 49] SAT Solving starts:
c [w = 49] Solving duration: 180 ms.
c [w = 49] Answer:
s [w = 49] UNSAT (w = 49).
c [w = 49] Result: 20.
c [Main] Min width UNSAT is set to 49
c [Main] Kill higher pid 50.
c [w = 50] Start task in PID: 14162.
c [w = 50] Cyclic Antibandwidth problem with w = 50 (K-dwt__234.mtx.rnd):
c [w = 50] Initializing CaDiCaL (version 2.1.3).
c [w = 50] Configuring CaDiCaL as --sat (1).
c [w = 50] Encoding starts with w = 50:
c [w = 50] Symmetry breaking highest degree node is applied.
c [Signal] Signal interruption. Caught signal: SIGTERM (15).
c [Main] Child pid 50 - 14162 terminated by signal 15.
c [w = 43] Start task in PID: 14169.
c [w = 43] Cyclic Antibandwidth problem with w = 43 (K-dwt__234.mtx.rnd):
c [w = 43] Initializing CaDiCaL (version 2.1.3).
c [w = 43] Configuring CaDiCaL as --sat (1).
c [w = 43] Encoding starts with w = 43:
c [w = 43] Symmetry breaking highest degree node is applied.
c [w = 43] Encoding duration: 147 ms.
c [w = 43] Number of clauses: 224293.
c [w = 43] Number of variables: 46098.
c [w = 43] SAT Solving starts:
c [w = 43] Solving duration: 3659 ms.
c [w = 43] Answer:
s [w = 43] SAT (w = 43).
c [w = 43] Solution check = 43.
c [w = 43] The solution is correct.
c [w = 43] Result: 10.
c [Main] Max width SAT is set to 43.
c [Main] Kill lower pid 42.
c [Main] Kill lower pid 40.
c [w = 40] Start task in PID: 14152.
c [w = 40] Cyclic Antibandwidth problem with w = 40 (K-dwt__234.mtx.rnd):
c [w = 40] Initializing CaDiCaL (version 2.1.3).
c [w = 40] Configuring CaDiCaL as --sat (1).
c [w = 40] Encoding starts with w = 40:
c [w = 40] Symmetry breaking highest degree node is applied.
c [w = 40] Encoding duration: 141 ms.
c [w = 40] Number of clauses: 220783.
c [w = 40] Number of variables: 45045.
c [w = 40] SAT Solving starts:
c [Signal] Signal interruption. Caught signal: SIGTERM (15).
c [w = 42] Start task in PID: 14168.
c [w = 42] Cyclic Antibandwidth problem with w = 42 (K-dwt__234.mtx.rnd):
c [w = 42] Initializing CaDiCaL (version 2.1.3).
c [w = 42] Configuring CaDiCaL as --sat (1).
c [w = 42] Encoding starts with w = 42:
c [w = 42] Symmetry breaking highest degree node is applied.
c [w = 42] Encoding duration: 143 ms.
c [w = 42] Number of clauses: 223123.
c [w = 42] Number of variables: 45747.
c [w = 42] SAT Solving starts:
c [Signal] Signal interruption. Caught signal: SIGTERM (15).
c [Main] Child pid 42 - 14168 terminated by signal 15.
c [Main] Child pid 40 - 14152 terminated by signal 15.
c [w = 44] Start task in PID: 14163.
c [w = 44] Cyclic Antibandwidth problem with w = 44 (K-dwt__234.mtx.rnd):
c [w = 44] Initializing CaDiCaL (version 2.1.3).
c [w = 44] Configuring CaDiCaL as --sat (1).
c [w = 44] Encoding starts with w = 44:
c [w = 44] Symmetry breaking highest degree node is applied.
c [w = 44] Encoding duration: 145 ms.
c [w = 44] Number of clauses: 225463.
c [w = 44] Number of variables: 46449.
c [w = 44] SAT Solving starts:
c [w = 44] Solving duration: 20492 ms.
c [w = 44] Answer:
s [w = 44] SAT (w = 44).
c [w = 44] Solution check = 44.
c [w = 44] The solution is correct.
c [w = 44] Result: 10.
c [Main] Max width SAT is set to 44.
c [w = 48] Start task in PID: 14166.
c [w = 48] Cyclic Antibandwidth problem with w = 48 (K-dwt__234.mtx.rnd):
c [w = 48] Initializing CaDiCaL (version 2.1.3).
c [w = 48] Configuring CaDiCaL as --sat (1).
c [w = 48] Encoding starts with w = 48:
c [w = 48] Symmetry breaking highest degree node is applied.
c [w = 48] Encoding duration: 149 ms.
c [w = 48] Number of clauses: 230143.
c [w = 48] Number of variables: 47853.
c [w = 48] SAT Solving starts:
c [w = 48] Solving duration: 41121 ms.
c [w = 48] Answer:
s [w = 48] UNSAT (w = 48).
c [w = 48] Result: 20.
c [Main] Min width UNSAT is set to 48
c [w = 46] Start task in PID: 14164.
c [w = 46] Cyclic Antibandwidth problem with w = 46 (K-dwt__234.mtx.rnd):
c [w = 46] Initializing CaDiCaL (version 2.1.3).
c [w = 46] Configuring CaDiCaL as --sat (1).
c [w = 46] Encoding starts with w = 46:
c [w = 46] Symmetry breaking highest degree node is applied.
c [w = 46] Encoding duration: 149 ms.
c [w = 46] Number of clauses: 227803.
c [w = 46] Number of variables: 47151.
c [w = 46] SAT Solving starts:
c [w = 46] Solving duration: 43835 ms.
c [w = 46] Answer:
s [w = 46] SAT (w = 46).
c [w = 46] Solution check = 46.
c [w = 46] The solution is correct.
c [w = 46] Result: 10.
c [Main] Max width SAT is set to 46.
c [Main] Kill lower pid 45.
c [w = 45] Start task in PID: 14167.
c [w = 45] Cyclic Antibandwidth problem with w = 45 (K-dwt__234.mtx.rnd):
c [w = 45] Initializing CaDiCaL (version 2.1.3).
c [w = 45] Configuring CaDiCaL as --sat (1).
c [w = 45] Encoding starts with w = 45:
c [w = 45] Symmetry breaking highest degree node is applied.
c [w = 45] Encoding duration: 145 ms.
c [w = 45] Number of clauses: 226633.
c [w = 45] Number of variables: 46800.
c [w = 45] SAT Solving starts:
c [Signal] Signal interruption. Caught signal: SIGTERM (15).
c [Main] Child pid 45 - 14167 terminated by signal 15.
c [w = 47] Start task in PID: 14165.
c [w = 47] Cyclic Antibandwidth problem with w = 47 (K-dwt__234.mtx.rnd):
c [w = 47] Initializing CaDiCaL (version 2.1.3).
c [w = 47] Configuring CaDiCaL as --sat (1).
c [w = 47] Encoding starts with w = 47:
c [w = 47] Symmetry breaking highest degree node is applied.
c [w = 47] Encoding duration: 148 ms.
c [w = 47] Number of clauses: 228973.
c [w = 47] Number of variables: 47502.
c [w = 47] SAT Solving starts:
c [Signal] Signal interruption. Caught signal: SIGTERM (15).
c [Main] Lim pid ends with result: 254.
c [Main] All children have completed.
r [Main] 
r [Main] Final results: 
r [Main] Max width SAT:  	46.
r [Main] Min width UNSAT:	48.
r [Main] Total real time: 150631 ms.
r [Main] Total memory consumed: 542.7 MB.
r [Main] 
