c [Version] Cyclic Bandwidth Encoder version 1.0.0.
c [Param] Real time limit is set to 150.
c [Param] Memory limit is set to 30000.
c [Param] Worker count is set to 8.
c [Main] Encoding and solving for graph: N-bcsstk07.mtx.rnd.
c [Main] Search strategy: Binary search from upper bound.
c [Main] Lower bound is set to 14.
c [Main] Upper bound is set to 72.
c [Main] Search order: 43 58 65 69 71 72 70 67 68 66 61 63 64 62 59 60 50 54 56 57 55 52 53 51 46 48 49 47 44 45 28 35 39 41 42 40 37 38 36 31 33 34 32 29 30 20 24 26 27 25 22 23 21 16 18 19 17 14 15.
c [w = 71] Start task in PID: 14286.
c [w = 71] Cyclic Antibandwidth problem with w = 71 (N-bcsstk07.mtx.rnd):
c [w = 71] Initializing CaDiCaL (version 2.1.3).
c [w = 71] Configuring CaDiCaL as --sat (1).
c [w = 71] Encoding starts with w = 71:
c [w = 71] Symmetry breaking highest degree node is applied.
c [w = 71] Encoding duration: 4954 ms.
c [w = 71] Number of clauses: 8016570.
c [w = 71] Number of variables: 556920.
c [w = 71] SAT Solving starts:
c [w = 71] Solving duration: 1715 ms.
c [w = 71] Answer:
s [w = 71] UNSAT (w = 71).
c [w = 71] Result: 20.
c [w = 72] Start task in PID: 14287.
c [w = 72] Cyclic Antibandwidth problem with w = 72 (N-bcsstk07.mtx.rnd):
c [w = 72] Initializing CaDiCaL (version 2.1.3).
c [w = 72] Configuring CaDiCaL as --sat (1).
c [w = 72] Encoding starts with w = 72:
c [w = 72] Symmetry breaking highest degree node is applied.
c [w = 72] Encoding duration: 4843 ms.
c [w = 72] Number of clauses: 8024550.
c [w = 72] Number of variables: 559440.
c [w = 72] SAT Solving starts:
c [w = 72] Solving duration: 1791 ms.
c [w = 72] Answer:
s [w = 72] UNSAT (w = 72).
c [w = 72] Result: 20.
c [Main] Min width UNSAT is set to 71
c [Main] Kill higher pid 72.
c [w = 70] Start task in PID: 14288.
c [w = 70] Cyclic Antibandwidth problem with w = 70 (N-bcsstk07.mtx.rnd):
c [w = 70] Initializing CaDiCaL (version 2.1.3).
c [w = 70] Configuring CaDiCaL as --sat (1).
c [w = 70] Encoding starts with w = 70:
c [w = 70] Symmetry breaking highest degree node is applied.
c [w = 70] Encoding duration: 4949 ms.
c [w = 70] Number of clauses: 8008590.
c [w = 70] Number of variables: 554400.
c [w = 70] SAT Solving starts:
c [w = 70] Solving duration: 1910 ms.
c [w = 70] Answer:
s [w = 70] UNSAT (w = 70).
c [w = 70] Result: 20.
c [Main] Min width UNSAT is set to 70
c [w = 65] Start task in PID: 14284.
c [w = 65] Cyclic Antibandwidth problem with w = 65 (N-bcsstk07.mtx.rnd):
c [w = 65] Initializing CaDiCaL (version 2.1.3).
c [w = 65] Configuring CaDiCaL as --sat (1).
c [w = 65] Encoding starts with w = 65:
c [w = 65] Symmetry breaking highest degree node is applied.
c [w = 65] Encoding duration: 4941 ms.
c [w = 65] Number of clauses: 8038590.
c [w = 65] Number of variables: 567840.
c [w = 65] SAT Solving starts:
c [w = 65] Solving duration: 6880 ms.
c [w = 65] Answer:
s [w = 65] UNSAT (w = 65).
c [w = 65] Result: 20.
c [w = 66] Start task in PID: 14292.
c [w = 66] Cyclic Antibandwidth problem with w = 66 (N-bcsstk07.mtx.rnd):
c [w = 66] Initializing CaDiCaL (version 2.1.3).
c [w = 66] Configuring CaDiCaL as --sat (1).
c [w = 66] Encoding starts with w = 66:
c [w = 66] Symmetry breaking highest degree node is applied.
c [Signal] Signal interruption. Caught signal: SIGTERM (15).
c [Main] Min width UNSAT is set to 65
c [Main] Kill higher pid 66.
c [Main] Kill higher pid 68.
c [Main] Kill higher pid 67.
c [Main] Kill higher pid 69.
c [w = 67] Start task in PID: 14289.
c [w = 67] Cyclic Antibandwidth problem with w = 67 (N-bcsstk07.mtx.rnd):
c [w = 67] Initializing CaDiCaL (version 2.1.3).
c [w = 67] Configuring CaDiCaL as --sat (1).
c [w = 67] Encoding starts with w = 67:
c [w = 67] Symmetry breaking highest degree node is applied.
c [w = 67] Encoding duration: 4945 ms.
c [w = 67] Number of clauses: 8057070.
c [w = 67] Number of variables: 573720.
c [w = 67] SAT Solving starts:
c [Signal] Signal interruption. Caught signal: SIGTERM (15).
c [w = 68] Start task in PID: 14291.
c [w = 68] Cyclic Antibandwidth problem with w = 68 (N-bcsstk07.mtx.rnd):
c [w = 68] Initializing CaDiCaL (version 2.1.3).
c [w = 68] Configuring CaDiCaL as --sat (1).
c [w = 68] Encoding starts with w = 68:
c [w = 68] Symmetry breaking highest degree node is applied.
c [Signal] Signal interruption. Caught signal: SIGTERM (15).
c [w = 69] Start task in PID: 14285.
c [w = 69] Cyclic Antibandwidth problem with w = 69 (N-bcsstk07.mtx.rnd):
c [w = 69] Initializing CaDiCaL (version 2.1.3).
c [w = 69] Configuring CaDiCaL as --sat (1).
c [w = 69] Encoding starts with w = 69:
c [w = 69] Symmetry breaking highest degree node is applied.
c [w = 69] Encoding duration: 5013 ms.
c [w = 69] Number of clauses: 8075550.
c [w = 69] Number of variables: 579600.
c [w = 69] SAT Solving starts:
c [Signal] Signal interruption. Caught signal: SIGTERM (15).
c [Main] Child pid 66 - 14292 terminated by signal 15.
c [Main] Child pid 67 - 14289 terminated by signal 15.
c [Main] Child pid 68 - 14291 terminated by signal 15.
c [Main] Child pid 69 - 14285 terminated by signal 15.
c [w = 64] Start task in PID: 14295.
c [w = 64] Cyclic Antibandwidth problem with w = 64 (N-bcsstk07.mtx.rnd):
c [w = 64] Initializing CaDiCaL (version 2.1.3).
c [w = 64] Configuring CaDiCaL as --sat (1).
c [w = 64] Encoding starts with w = 64:
c [w = 64] Symmetry breaking highest degree node is applied.
c [w = 64] Encoding duration: 4794 ms.
c [w = 64] Number of clauses: 8029350.
c [w = 64] Number of variables: 564900.
c [w = 64] SAT Solving starts:
c [w = 64] Solving duration: 7295 ms.
c [w = 64] Answer:
s [w = 64] UNSAT (w = 64).
c [w = 64] Result: 20.
c [Main] Min width UNSAT is set to 64
c [w = 61] Start task in PID: 14293.
c [w = 61] Cyclic Antibandwidth problem with w = 61 (N-bcsstk07.mtx.rnd):
c [w = 61] Initializing CaDiCaL (version 2.1.3).
c [w = 61] Configuring CaDiCaL as --sat (1).
c [w = 61] Encoding starts with w = 61:
c [w = 61] Symmetry breaking highest degree node is applied.
c [w = 61] Encoding duration: 4865 ms.
c [w = 61] Number of clauses: 8001630.
c [w = 61] Number of variables: 556080.
c [w = 61] SAT Solving starts:
c [w = 61] Solving duration: 13824 ms.
c [w = 61] Answer:
s [w = 61] UNSAT (w = 61).
c [w = 61] Result: 20.
c [Main] Min width UNSAT is set to 61
c [Main] Kill higher pid 62.
c [Main] Kill higher pid 63.
c [w = 63] Start task in PID: 14294.
c [w = 63] Cyclic Antibandwidth problem with w = 63 (N-bcsstk07.mtx.rnd):
c [w = 63] Initializing CaDiCaL (version 2.1.3).
c [w = 63] Configuring CaDiCaL as --sat (1).
c [w = 63] Encoding starts with w = 63:
c [w = 63] Symmetry breaking highest degree node is applied.
c [w = 63] Encoding duration: 5030 ms.
c [w = 63] Number of clauses: 8020110.
c [w = 63] Number of variables: 561960.
c [w = 63] SAT Solving starts:
c [Signal] Signal interruption. Caught signal: SIGTERM (15).
c [w = 62] Start task in PID: 14296.
c [w = 62] Cyclic Antibandwidth problem with w = 62 (N-bcsstk07.mtx.rnd):
c [w = 62] Initializing CaDiCaL (version 2.1.3).
c [w = 62] Configuring CaDiCaL as --sat (1).
c [w = 62] Encoding starts with w = 62:
c [w = 62] Symmetry breaking highest degree node is applied.
c [w = 62] Encoding duration: 5012 ms.
c [w = 62] Number of clauses: 8010870.
c [w = 62] Number of variables: 559020.
c [w = 62] SAT Solving starts:
c [Signal] Signal interruption. Caught signal: SIGTERM (15).
c [Main] Child pid 63 - 14294 terminated by signal 15.
c [Main] Child pid 62 - 14296 terminated by signal 15.
c [w = 60] Start task in PID: 14298.
c [w = 60] Cyclic Antibandwidth problem with w = 60 (N-bcsstk07.mtx.rnd):
c [w = 60] Initializing CaDiCaL (version 2.1.3).
c [w = 60] Configuring CaDiCaL as --sat (1).
c [w = 60] Encoding starts with w = 60:
c [w = 60] Symmetry breaking highest degree node is applied.
c [w = 60] Encoding duration: 4814 ms.
c [w = 60] Number of clauses: 7992390.
c [w = 60] Number of variables: 553140.
c [w = 60] SAT Solving starts:
c [w = 60] Solving duration: 14101 ms.
c [w = 60] Answer:
s [w = 60] UNSAT (w = 60).
c [w = 60] Result: 20.
c [Main] Min width UNSAT is set to 60
c [w = 59] Start task in PID: 14297.
c [w = 59] Cyclic Antibandwidth problem with w = 59 (N-bcsstk07.mtx.rnd):
c [w = 59] Initializing CaDiCaL (version 2.1.3).
c [w = 59] Configuring CaDiCaL as --sat (1).
c [w = 59] Encoding starts with w = 59:
c [w = 59] Symmetry breaking highest degree node is applied.
c [w = 59] Encoding duration: 4808 ms.
c [w = 59] Number of clauses: 8045910.
c [w = 59] Number of variables: 573720.
c [w = 59] SAT Solving starts:
c [w = 59] Solving duration: 49985 ms.
c [w = 59] Answer:
s [w = 59] UNSAT (w = 59).
c [w = 59] Result: 20.
c [Main] Min width UNSAT is set to 59
c [w = 58] Start task in PID: 14283.
c [w = 58] Cyclic Antibandwidth problem with w = 58 (N-bcsstk07.mtx.rnd):
c [w = 58] Initializing CaDiCaL (version 2.1.3).
c [w = 58] Configuring CaDiCaL as --sat (1).
c [w = 58] Encoding starts with w = 58:
c [w = 58] Symmetry breaking highest degree node is applied.
c [w = 58] Encoding duration: 5008 ms.
c [w = 58] Number of clauses: 8035410.
c [w = 58] Number of variables: 570360.
c [w = 58] SAT Solving starts:
c [w = 58] Solving duration: 65326 ms.
c [w = 58] Answer:
s [w = 58] UNSAT (w = 58).
c [w = 58] Result: 20.
c [Main] Min width UNSAT is set to 58
c [w = 57] Start task in PID: 14307.
c [w = 57] Cyclic Antibandwidth problem with w = 57 (N-bcsstk07.mtx.rnd):
c [w = 57] Initializing CaDiCaL (version 2.1.3).
c [w = 57] Configuring CaDiCaL as --sat (1).
c [w = 57] Encoding starts with w = 57:
c [w = 57] Symmetry breaking highest degree node is applied.
c [w = 57] Encoding duration: 4950 ms.
c [w = 57] Number of clauses: 8024910.
c [w = 57] Number of variables: 567000.
c [w = 57] SAT Solving starts:
c [w = 57] Solving duration: 66049 ms.
c [w = 57] Answer:
s [w = 57] UNSAT (w = 57).
c [w = 57] Result: 20.
c [Main] Min width UNSAT is set to 57
c [w = 56] Start task in PID: 14306.
c [w = 56] Cyclic Antibandwidth problem with w = 56 (N-bcsstk07.mtx.rnd):
c [w = 56] Initializing CaDiCaL (version 2.1.3).
c [w = 56] Configuring CaDiCaL as --sat (1).
c [w = 56] Encoding starts with w = 56:
c [w = 56] Symmetry breaking highest degree node is applied.
c [w = 56] Encoding duration: 4923 ms.
c [w = 56] Number of clauses: 8014410.
c [w = 56] Number of variables: 563640.
c [w = 56] SAT Solving starts:
c [w = 56] Solving duration: 67290 ms.
c [w = 56] Answer:
s [w = 56] UNSAT (w = 56).
c [w = 56] Result: 20.
c [Main] Min width UNSAT is set to 56
c [w = 55] Start task in PID: 14309.
c [w = 55] Cyclic Antibandwidth problem with w = 55 (N-bcsstk07.mtx.rnd):
c [w = 55] Initializing CaDiCaL (version 2.1.3).
c [w = 55] Configuring CaDiCaL as --sat (1).
c [w = 55] Encoding starts with w = 55:
c [w = 55] Symmetry breaking highest degree node is applied.
c [w = 55] Encoding duration: 4948 ms.
c [w = 55] Number of clauses: 8003910.
c [w = 55] Number of variables: 560280.
c [w = 55] SAT Solving starts:
c [w = 55] Solving duration: 66130 ms.
c [w = 55] Answer:
s [w = 55] UNSAT (w = 55).
c [w = 55] Result: 20.
c [Main] Min width UNSAT is set to 55
c [w = 54] Start task in PID: 14305.
c [w = 54] Cyclic Antibandwidth problem with w = 54 (N-bcsstk07.mtx.rnd):
c [w = 54] Initializing CaDiCaL (version 2.1.3).
c [w = 54] Configuring CaDiCaL as --sat (1).
c [w = 54] Encoding starts with w = 54:
c [w = 54] Symmetry breaking highest degree node is applied.
c [w = 54] Encoding duration: 4929 ms.
c [w = 54] Number of clauses: 7993410.
c [w = 54] Number of variables: 556920.
c [w = 54] SAT Solving starts:
c [w = 54] Solving duration: 99012 ms.
c [w = 54] Answer:
s [w = 54] UNSAT (w = 54).
c [w = 54] Result: 20.
c [Main] Min width UNSAT is set to 54
c [w = 48] Start task in PID: 14328.
c [w = 48] Cyclic Antibandwidth problem with w = 48 (N-bcsstk07.mtx.rnd):
c [w = 48] Initializing CaDiCaL (version 2.1.3).
c [w = 48] Configuring CaDiCaL as --sat (1).
c [w = 48] Encoding starts with w = 48:
c [w = 48] Symmetry breaking highest degree node is applied.
c [w = 48] Encoding duration: 4808 ms.
c [w = 48] Number of clauses: 7979730.
c [w = 48] Number of variables: 555660.
c [w = 48] SAT Solving starts:
c [Signal] Signal interruption. Caught signal: SIGTERM (15).
c [w = 46] Start task in PID: 14327.
c [w = 46] Cyclic Antibandwidth problem with w = 46 (N-bcsstk07.mtx.rnd):
c [w = 46] Initializing CaDiCaL (version 2.1.3).
c [w = 46] Configuring CaDiCaL as --sat (1).
c [w = 46] Encoding starts with w = 46:
c [w = 46] Symmetry breaking highest degree node is applied.
c [w = 46] Encoding duration: 4799 ms.
c [w = 46] Number of clauses: 8003430.
c [w = 46] Number of variables: 566160.
c [w = 46] SAT Solving starts:
c [Signal] Signal interruption. Caught signal: SIGTERM (15).
c [w = 50] Start task in PID: 14303.
c [w = 50] Cyclic Antibandwidth problem with w = 50 (N-bcsstk07.mtx.rnd):
c [w = 50] Initializing CaDiCaL (version 2.1.3).
c [w = 50] Configuring CaDiCaL as --sat (1).
c [w = 50] Encoding starts with w = 50:
c [w = 50] Symmetry breaking highest degree node is applied.
c [w = 50] Encoding duration: 4772 ms.
c [w = 50] Number of clauses: 8003250.
c [w = 50] Number of variables: 563220.
c [w = 50] SAT Solving starts:
c [Signal] Signal interruption. Caught signal: SIGTERM (15).
c [w = 51] Start task in PID: 14326.
c [w = 51] Cyclic Antibandwidth problem with w = 51 (N-bcsstk07.mtx.rnd):
c [w = 51] Initializing CaDiCaL (version 2.1.3).
c [w = 51] Configuring CaDiCaL as --sat (1).
c [w = 51] Encoding starts with w = 51:
c [w = 51] Symmetry breaking highest degree node is applied.
c [w = 51] Encoding duration: 4927 ms.
c [w = 51] Number of clauses: 8015010.
c [w = 51] Number of variables: 567000.
c [w = 51] SAT Solving starts:
c [Signal] Signal interruption. Caught signal: SIGTERM (15).
c [w = 53] Start task in PID: 14319.
c [w = 53] Cyclic Antibandwidth problem with w = 53 (N-bcsstk07.mtx.rnd):
c [w = 53] Initializing CaDiCaL (version 2.1.3).
c [w = 53] Configuring CaDiCaL as --sat (1).
c [w = 53] Encoding starts with w = 53:
c [w = 53] Symmetry breaking highest degree node is applied.
c [w = 53] Encoding duration: 4941 ms.
c [w = 53] Number of clauses: 7982910.
c [w = 53] Number of variables: 553560.
c [w = 53] SAT Solving starts:
c [Signal] Signal interruption. Caught signal: SIGTERM (15).
c [w = 52] Start task in PID: 14318.
c [w = 52] Cyclic Antibandwidth problem with w = 52 (N-bcsstk07.mtx.rnd):
c [w = 52] Initializing CaDiCaL (version 2.1.3).
c [w = 52] Configuring CaDiCaL as --sat (1).
c [w = 52] Encoding starts with w = 52:
c [w = 52] Symmetry breaking highest degree node is applied.
c [w = 52] Encoding duration: 4950 ms.
c [w = 52] Number of clauses: 8026770.
c [w = 52] Number of variables: 570780.
c [w = 52] SAT Solving starts:
c [Signal] Signal interruption. Caught signal: SIGTERM (15).
c [w = 43] Start task in PID: 14282.
c [w = 43] Cyclic Antibandwidth problem with w = 43 (N-bcsstk07.mtx.rnd):
c [w = 43] Initializing CaDiCaL (version 2.1.3).
c [w = 43] Configuring CaDiCaL as --sat (1).
c [w = 43] Encoding starts with w = 43:
c [w = 43] Symmetry breaking highest degree node is applied.
c [w = 43] Encoding duration: 4773 ms.
c [w = 43] Number of clauses: 7964370.
c [w = 43] Number of variables: 553560.
c [w = 43] SAT Solving starts:
c [Signal] Signal interruption. Caught signal: SIGTERM (15).
c [Main] Lim pid ends with result: 254.
c [Main] All children have completed.
r [Main] 
r [Main] Final results: 
r [Main] Max width SAT:  	-.
r [Main] Min width UNSAT:	54.
r [Main] Total real time: 151017 ms.
r [Main] Total memory consumed: 14903.7 MB.
r [Main] 
c [w = 49] Start task in PID: 14332.
c [w = 49] Cyclic Antibandwidth problem with w = 49 (N-bcsstk07.mtx.rnd):
c [w = 49] Initializing CaDiCaL (version 2.1.3).
c [w = 49] Configuring CaDiCaL as --sat (1).
c [w = 49] Encoding starts with w = 49:
c [w = 49] Symmetry breaking highest degree node is applied.
c [w = 49] Encoding duration: 4912 ms.
c [w = 49] Number of clauses: 7991490.
c [w = 49] Number of variables: 559440.
c [w = 49] SAT Solving starts:
c [Signal] Signal interruption. Caught signal: SIGTERM (15).
