c [Version] Cyclic Bandwidth Encoder version 1.0.0.
c [Param] Real time limit is set to 150.
c [Param] Memory limit is set to 30000.
c [Param] Worker count is set to 8.
c [Main] Encoding and solving for graph: double_star_100_30.txt.
c [Main] Search strategy: Binary search using BFS.
c [Main] No predefined lower bound is found for double_star_100_30.txt.
c [Main] LB-w = 2 (default value).
c [Main] Upper bound is set to 15.
c [Main] Search order: 8 4 12 2 6 10 14 3 5 7 9 11 13 15.
c [w = 3] Start task in PID: 175638.
c [w = 3] Cyclic Antibandwidth problem with w = 3 (double_star_100_30.txt):
c [w = 3] Initializing CaDiCaL (version 2.1.3).
c [w = 3] Configuring CaDiCaL as --sat (1).
c [w = 3] Encoding starts with w = 3:
c [w = 3] Symmetry breaking highest degree node is applied.
c [w = 3] Encoding duration: 174 ms.
c [w = 3] Number of clauses: 304527.
c [w = 3] Number of variables: 39260.
c [w = 3] SAT Solving starts:
c [w = 3] Solving duration: 59 ms.
c [w = 3] Answer:
s [w = 3] SAT (w = 3).
c [w = 3] Solution check = 3.
c [w = 3] The solution is correct.
c [w = 3] Result: 10.
c [Main] Max width SAT is set to 3.
c [Main] Kill lower pid 2.
c [w = 2] Start task in PID: 175634.
c [w = 2] Cyclic Antibandwidth problem with w = 2 (double_star_100_30.txt):
c [w = 2] Initializing CaDiCaL (version 2.1.3).
c [w = 2] Configuring CaDiCaL as --sat (1).
c [w = 2] Encoding starts with w = 2:
c [w = 2] Symmetry breaking highest degree node is applied.
c [w = 2] Encoding duration: 211 ms.
c [w = 2] Number of clauses: 421330.
c [w = 2] Number of variables: 30810.
c [w = 2] SAT Solving starts:
c [w = 2] Solving duration: 71 ms.
c [w = 2] Answer:
s [w = 2] SAT (w = 2).
c [w = 2] Solution check = 2.
c [w = 2] The solution is correct.
c [Signal] Signal interruption. Caught signal: SIGTERM (15).
c [w = 4] Start task in PID: 175632.
c [w = 4] Cyclic Antibandwidth problem with w = 4 (double_star_100_30.txt):
c [w = 4] Initializing CaDiCaL (version 2.1.3).
c [w = 4] Configuring CaDiCaL as --sat (1).
c [w = 4] Encoding starts with w = 4:
c [w = 4] Symmetry breaking highest degree node is applied.
c [w = 4] Encoding duration: 163 ms.
c [w = 4] Number of clauses: 266274.
c [w = 4] Number of variables: 43550.
c [w = 4] SAT Solving starts:
c [w = 4] Solving duration: 84 ms.
c [w = 4] Answer:
s [w = 4] SAT (w = 4).
c [w = 4] Solution check = 4.
c [w = 4] The solution is correct.
c [w = 4] Result: 10.
c [Main] Child pid 2 - 175634 terminated by signal 15.
c [Main] Max width SAT is set to 4.
c [w = 6] Start task in PID: 175635.
c [w = 6] Cyclic Antibandwidth problem with w = 6 (double_star_100_30.txt):
c [w = 6] Initializing CaDiCaL (version 2.1.3).
c [w = 6] Configuring CaDiCaL as --sat (1).
c [w = 6] Encoding starts with w = 6:
c [w = 6] Symmetry breaking highest degree node is applied.
c [w = 6] Encoding duration: 152 ms.
c [w = 6] Number of clauses: 243621.
c [w = 6] Number of variables: 47840.
c [w = 6] SAT Solving starts:
c [w = 6] Solving duration: 226 ms.
c [w = 6] Answer:
s [w = 6] SAT (w = 6).
c [w = 6] Solution check = 6.
c [w = 6] The solution is correct.
c [w = 6] Result: 10.
c [Main] Max width SAT is set to 6.
c [Main] Kill lower pid 5.
c [w = 5] Start task in PID: 175639.
c [w = 5] Cyclic Antibandwidth problem with w = 5 (double_star_100_30.txt):
c [w = 5] Initializing CaDiCaL (version 2.1.3).
c [w = 5] Configuring CaDiCaL as --sat (1).
c [w = 5] Encoding starts with w = 5:
c [w = 5] Symmetry breaking highest degree node is applied.
c [Signal] Signal interruption. Caught signal: SIGTERM (15).
c [Main] Child pid 5 - 175639 terminated by signal 15.
c [w = 7] Start task in PID: 175640.
c [w = 7] Cyclic Antibandwidth problem with w = 7 (double_star_100_30.txt):
c [w = 7] Initializing CaDiCaL (version 2.1.3).
c [w = 7] Configuring CaDiCaL as --sat (1).
c [w = 7] Encoding starts with w = 7:
c [w = 7] Symmetry breaking highest degree node is applied.
c [w = 7] Encoding duration: 150 ms.
c [w = 7] Number of clauses: 240622.
c [w = 7] Number of variables: 49140.
c [w = 7] SAT Solving starts:
c [w = 7] Solving duration: 88 ms.
c [w = 7] Answer:
s [w = 7] SAT (w = 7).
c [w = 7] Solution check = 7.
c [w = 7] The solution is correct.
c [w = 7] Result: 10.
c [Main] Max width SAT is set to 7.
c [w = 8] Start task in PID: 175631.
c [w = 8] Cyclic Antibandwidth problem with w = 8 (double_star_100_30.txt):
c [w = 8] Initializing CaDiCaL (version 2.1.3).
c [w = 8] Configuring CaDiCaL as --sat (1).
c [w = 8] Encoding starts with w = 8:
c [w = 8] Symmetry breaking highest degree node is applied.
c [w = 8] Encoding duration: 153 ms.
c [w = 8] Number of clauses: 240226.
c [w = 8] Number of variables: 50310.
c [w = 8] SAT Solving starts:
c [w = 8] Solving duration: 461 ms.
c [w = 8] Answer:
s [w = 8] SAT (w = 8).
c [w = 8] Solution check = 8.
c [w = 8] The solution is correct.
c [w = 8] Result: 10.
c [Main] Max width SAT is set to 8.
c [w = 13] Start task in PID: 175643.
c [w = 13] Cyclic Antibandwidth problem with w = 13 (double_star_100_30.txt):
c [w = 13] Initializing CaDiCaL (version 2.1.3).
c [w = 13] Configuring CaDiCaL as --sat (1).
c [w = 13] Encoding starts with w = 13:
c [w = 13] Symmetry breaking highest degree node is applied.
c [w = 13] Encoding duration: 153 ms.
c [w = 13] Number of clauses: 236695.
c [w = 13] Number of variables: 52260.
c [w = 13] SAT Solving starts:
c [w = 13] Solving duration: 177 ms.
c [w = 13] Answer:
s [w = 13] SAT (w = 13).
c [w = 13] Solution check = 13.
c [w = 13] The solution is correct.
c [w = 13] Result: 10.
c [Main] Max width SAT is set to 13.
c [Main] Kill lower pid 11.
c [Main] Kill lower pid 9.
c [Main] Kill lower pid 10.
c [Main] Kill lower pid 12.
c [w = 9] Start task in PID: 175641.
c [w = 9] Cyclic Antibandwidth problem with w = 9 (double_star_100_30.txt):
c [w = 9] Initializing CaDiCaL (version 2.1.3).
c [w = 9] Configuring CaDiCaL as --sat (1).
c [w = 9] Encoding starts with w = 9:
c [w = 9] Symmetry breaking highest degree node is applied.
c [w = 9] Encoding duration: 154 ms.
c [w = 9] Number of clauses: 238790.
c [w = 9] Number of variables: 50960.
c [w = 9] SAT Solving starts:
c [Signal] Signal interruption. Caught signal: SIGTERM (15).
c [w = 11] Start task in PID: 175642.
c [w = 11] Cyclic Antibandwidth problem with w = 11 (double_star_100_30.txt):
c [w = 11] Initializing CaDiCaL (version 2.1.3).
c [w = 11] Configuring CaDiCaL as --sat (1).
c [w = 11] Encoding starts with w = 11:
c [w = 11] Symmetry breaking highest degree node is applied.
c [w = 11] Encoding duration: 161 ms.
c [w = 11] Number of clauses: 237091.
c [w = 11] Number of variables: 51740.
c [w = 11] SAT Solving starts:
c [Signal] Signal interruption. Caught signal: SIGTERM (15).
c [w = 10] Start task in PID: 175636.
c [w = 10] Cyclic Antibandwidth problem with w = 10 (double_star_100_30.txt):
c [w = 10] Initializing CaDiCaL (version 2.1.3).
c [w = 10] Configuring CaDiCaL as --sat (1).
c [w = 10] Encoding starts with w = 10:
c [w = 10] Symmetry breaking highest degree node is applied.
c [w = 10] Encoding duration: 151 ms.
c [w = 10] Number of clauses: 236314.
c [w = 10] Number of variables: 51090.
c [w = 10] SAT Solving starts:
c [Signal] Signal interruption. Caught signal: SIGTERM (15).
c [w = 12] Start task in PID: 175633.
c [w = 12] Cyclic Antibandwidth problem with w = 12 (double_star_100_30.txt):
c [w = 12] Initializing CaDiCaL (version 2.1.3).
c [w = 12] Configuring CaDiCaL as --sat (1).
c [w = 12] Encoding starts with w = 12:
c [w = 12] Symmetry breaking highest degree node is applied.
c [w = 12] Encoding duration: 153 ms.
c [w = 12] Number of clauses: 237218.
c [w = 12] Number of variables: 52130.
c [w = 12] SAT Solving starts:
c [Signal] Signal interruption. Caught signal: SIGTERM (15).
c [Main] Child pid 10 - 175636 terminated by signal 15.
c [Main] Child pid 9 - 175641 terminated by signal 15.
c [Main] Child pid 11 - 175642 terminated by signal 15.
c [Main] Child pid 12 - 175633 terminated by signal 15.
c [w = 14] Start task in PID: 175637.
c [w = 14] Cyclic Antibandwidth problem with w = 14 (double_star_100_30.txt):
c [w = 14] Initializing CaDiCaL (version 2.1.3).
c [w = 14] Configuring CaDiCaL as --sat (1).
c [w = 14] Encoding starts with w = 14:
c [w = 14] Symmetry breaking highest degree node is applied.
c [w = 14] Encoding duration: 155 ms.
c [w = 14] Number of clauses: 240725.
c [w = 14] Number of variables: 53560.
c [w = 14] SAT Solving starts:
c [w = 14] Solving duration: 3884 ms.
c [w = 14] Answer:
s [w = 14] SAT (w = 14).
c [w = 14] Solution check = 14.
c [w = 14] The solution is correct.
c [w = 14] Result: 10.
c [Main] Max width SAT is set to 14.
c [w = 15] Start task in PID: 175644.
c [w = 15] Cyclic Antibandwidth problem with w = 15 (double_star_100_30.txt):
c [w = 15] Initializing CaDiCaL (version 2.1.3).
c [w = 15] Configuring CaDiCaL as --sat (1).
c [w = 15] Encoding starts with w = 15:
c [w = 15] Symmetry breaking highest degree node is applied.
c [w = 15] Encoding duration: 156 ms.
c [w = 15] Number of clauses: 239162.
c [w = 15] Number of variables: 53300.
c [w = 15] SAT Solving starts:
c [w = 15] Solving duration: 43212 ms.
c [w = 15] Answer:
s [w = 15] SAT (w = 15).
c [w = 15] Solution check = 15.
c [w = 15] The solution is correct.
c [w = 15] Result: 10.
c [Main] Max width SAT is set to 15.
c [Signal] Signal interruption. Caught signal: SIGTERM (15).
c [Main] All children have completed.
r [Main] 
r [Main] Final results: 
r [Main] Max width SAT:  	15.
r [Main] Min width UNSAT:	-.
r [Main] Total real time: 44022 ms.
r [Main] Total memory consumed: 456.2 MB.
r [Main] 
