c [Version] Cyclic Bandwidth Encoder version 1.0.0.
c [Param] Real time limit is set to 150.
c [Param] Memory limit is set to 30000.
c [Param] Worker count is set to 4.
c [Main] Encoding and solving for graph: double_star_150_30.txt.
c [Main] Search strategy: Binary search using BFS.
c [Main] No predefined lower bound is found for double_star_150_30.txt.
c [Main] LB-w = 2 (default value).
c [Main] Upper bound is set to 16.
c [Main] Search order: 9 5 13 3 7 11 15 2 4 6 8 10 12 14 16.
c [w = 3] Start task in PID: 4088.
c [w = 3] Cyclic Antibandwidth problem with w = 3 (double_star_150_30.txt):
c [w = 3] Initializing CaDiCaL (version 2.1.3).
c [w = 3] Configuring CaDiCaL as --sat (1).
c [w = 3] Encoding starts with w = 3:
c [w = 3] Symmetry breaking highest degree node is applied.
c [w = 3] Encoding duration: 343 ms.
c [w = 3] Number of clauses: 665730.
c [w = 3] Number of variables: 73800.
c [w = 3] SAT Solving starts:
c [w = 3] Solving duration: 319 ms.
c [w = 3] Answer:
s [w = 3] SAT (w = 3).
c [w = 3] Solution check = 3.
c [w = 3] The solution is correct.
c [w = 3] Result: 10.
c [w = 13] Start task in PID: 4087.
c [w = 13] Cyclic Antibandwidth problem with w = 13 (double_star_150_30.txt):
c [w = 13] Initializing CaDiCaL (version 2.1.3).
c [w = 13] Configuring CaDiCaL as --sat (1).
c [w = 13] Encoding starts with w = 13:
c [w = 13] Symmetry breaking highest degree node is applied.
c [w = 13] Encoding duration: 284 ms.
c [w = 13] Number of clauses: 457332.
c [w = 13] Number of variables: 99000.
c [w = 13] SAT Solving starts:
c [w = 13] Solving duration: 393 ms.
c [w = 13] Answer:
s [w = 13] SAT (w = 13).
c [w = 13] Solution check = 13.
c [w = 13] The solution is correct.
c [w = 13] Result: 10.
c [Main] Max width SAT is set to 3.
c [Main] Max width SAT is set to 13.
c [Main] Kill lower pid 7.
c [Main] Kill lower pid 5.
c [Main] Kill lower pid 9.
c [w = 7] Start task in PID: 4089.
c [w = 7] Cyclic Antibandwidth problem with w = 7 (double_star_150_30.txt):
c [w = 7] Initializing CaDiCaL (version 2.1.3).
c [w = 7] Configuring CaDiCaL as --sat (1).
c [w = 7] Encoding starts with w = 7:
c [w = 7] Symmetry breaking highest degree node is applied.
c [Signal] Signal interruption. Caught signal: SIGTERM (15).
c [w = 5] Start task in PID: 4086.
c [w = 5] Cyclic Antibandwidth problem with w = 5 (double_star_150_30.txt):
c [w = 5] Initializing CaDiCaL (version 2.1.3).
c [w = 5] Configuring CaDiCaL as --sat (1).
c [w = 5] Encoding starts with w = 5:
c [w = 5] Symmetry breaking highest degree node is applied.
c [w = 5] Encoding duration: 292 ms.
c [w = 5] Number of clauses: 508338.
c [w = 5] Number of variables: 86760.
c [w = 5] SAT Solving starts:
c [w = 5] Solving duration: 395 ms.
c [w = 5] Answer:
s [w = 5] SAT (w = 5).
c [w = 5] Solution check = 5.
c [w = 5] The solution is correct.
c [Signal] Signal interruption. Caught signal: SIGTERM (15).
c [w = 9] Start task in PID: 4085.
c [w = 9] Cyclic Antibandwidth problem with w = 9 (double_star_150_30.txt):
c [w = 9] Initializing CaDiCaL (version 2.1.3).
c [w = 9] Configuring CaDiCaL as --sat (1).
c [w = 9] Encoding starts with w = 9:
c [w = 9] Symmetry breaking highest degree node is applied.
c [w = 9] Encoding duration: 281 ms.
c [w = 9] Number of clauses: 461490.
c [w = 9] Number of variables: 95400.
c [w = 9] SAT Solving starts:
c [w = 9] Solving duration: 434 ms.
c [w = 9] Answer:
s [w = 9] SAT (w = 9).
c [w = 9] Solution check = 9.
c [w = 9] The solution is correct.
c [Signal] Signal interruption. Caught signal: SIGTERM (15).
c [Main] Child pid 7 - 4089 terminated by signal 15.
c [Main] Child pid 5 - 4086 terminated by signal 15.
c [Main] Child pid 9 - 4085 terminated by signal 15.
c [w = 14] Start task in PID: 4091.
c [w = 14] Cyclic Antibandwidth problem with w = 14 (double_star_150_30.txt):
c [w = 14] Initializing CaDiCaL (version 2.1.3).
c [w = 14] Configuring CaDiCaL as --sat (1).
c [w = 14] Encoding starts with w = 14:
c [w = 14] Symmetry breaking highest degree node is applied.
c [w = 14] Encoding duration: 289 ms.
c [w = 14] Number of clauses: 457149.
c [w = 14] Number of variables: 99540.
c [w = 14] SAT Solving starts:
c [w = 14] Solving duration: 435 ms.
c [w = 14] Answer:
s [w = 14] SAT (w = 14).
c [w = 14] Solution check = 14.
c [w = 14] The solution is correct.
c [w = 14] Result: 10.
c [Main] Max width SAT is set to 14.
c [w = 15] Start task in PID: 4090.
c [w = 15] Cyclic Antibandwidth problem with w = 15 (double_star_150_30.txt):
c [w = 15] Initializing CaDiCaL (version 2.1.3).
c [w = 15] Configuring CaDiCaL as --sat (1).
c [w = 15] Encoding starts with w = 15:
c [w = 15] Symmetry breaking highest degree node is applied.
c [w = 15] Encoding duration: 279 ms.
c [w = 15] Number of clauses: 456066.
c [w = 15] Number of variables: 99720.
c [w = 15] SAT Solving starts:
c [w = 15] Solving duration: 2310 ms.
c [w = 15] Answer:
s [w = 15] SAT (w = 15).
c [w = 15] Solution check = 15.
c [w = 15] The solution is correct.
c [w = 15] Result: 10.
c [Main] Max width SAT is set to 15.
c [w = 16] Start task in PID: 4092.
c [w = 16] Cyclic Antibandwidth problem with w = 16 (double_star_150_30.txt):
c [w = 16] Initializing CaDiCaL (version 2.1.3).
c [w = 16] Configuring CaDiCaL as --sat (1).
c [w = 16] Encoding starts with w = 16:
c [w = 16] Symmetry breaking highest degree node is applied.
c [w = 16] Encoding duration: 287 ms.
c [w = 16] Number of clauses: 462726.
c [w = 16] Number of variables: 101880.
c [w = 16] SAT Solving starts:
c [Signal] Signal interruption. Caught signal: SIGTERM (15).
c [Main] Lim pid ends with result: 254.
c [Main] All children have completed.
r [Main] 
r [Main] Final results: 
r [Main] Max width SAT:  	15.
r [Main] Min width UNSAT:	-.
r [Main] Total real time: 150632 ms.
r [Main] Total memory consumed: 454.4 MB.
r [Main] 
