c [Version] Cyclic Bandwidth Encoder version 1.0.0.
c [Param] Real time limit is set to 1800.
c [Param] Memory limit is set to 30000.
c [Param] Worker count is set to 8.
c [Main] Encoding and solving for graph: P-can__445.mtx.rnd
c [Main] Search strategy: Binary search from upper bound.
c [Main] Lower bound is set to 39.
c [Main] Upper bound is set to 120.
c [Main] Search order: 79 100 110 115 118 119 120 116 117 112 113 114 111 105 107 108 109 106 102 103 104 101 89 94 97 98 99 95 96 91 92 93 90 84 86 87 88 85 81 82 83 80 58 68 73 76 77 78 74 75 70 71 72 69 63 65 66 67 64 60 61 62 59 48 53 55 56 57 54 50 51 52 49 43 45 46 47 44 40 41 42 39 
c [w = 79] Start task in PID: 394088.
c [w = 79] Antibandwidth problem with w = 79 (P-can__445.mtx.rnd):
c [w = 79] Initializing CaDiCaL (version 2.1.3).
c [w = 79] Configuring CaDiCaL as --sat (1).
c [w = 79] Encoding starts with w = 79:
c [w = 79] Symmetry breaking highest degree node is applied.
c [w = 79] Encoding duration: 3375 ms
c [w = 79] Number of clauses: 5054961
c [w = 79] Number of variables: 635460
c [w = 118] Start task in PID: 394092.
c [w = 118] Antibandwidth problem with w = 118 (P-can__445.mtx.rnd):
c [w = 118] Initializing CaDiCaL (version 2.1.3).
c [w = 118] Configuring CaDiCaL as --sat (1).
c [w = 118] Encoding starts with w = 118:
c [w = 118] Symmetry breaking highest degree node is applied.
c [w = 118] Encoding duration: 3392 ms
c [w = 118] Number of clauses: 5082853
c [w = 118] Number of variables: 637240
c [w = 115] Start task in PID: 394091.
c [w = 115] Antibandwidth problem with w = 115 (P-can__445.mtx.rnd):
c [w = 115] Initializing CaDiCaL (version 2.1.3).
c [w = 115] Configuring CaDiCaL as --sat (1).
c [w = 115] Encoding starts with w = 115:
c [w = 115] Symmetry breaking highest degree node is applied.
c [w = 115] Encoding duration: 3404 ms
c [w = 115] Number of clauses: 5065498
c [w = 115] Number of variables: 631900
c [w = 116] Start task in PID: 394095.
c [w = 116] Antibandwidth problem with w = 116 (P-can__445.mtx.rnd):
c [w = 116] Initializing CaDiCaL (version 2.1.3).
c [w = 116] Configuring CaDiCaL as --sat (1).
c [w = 116] Encoding starts with w = 116:
c [w = 116] Symmetry breaking highest degree node is applied.
c [w = 116] Encoding duration: 3409 ms
c [w = 116] Number of clauses: 5071283
c [w = 116] Number of variables: 633680
c [w = 120] Start task in PID: 394094.
c [w = 120] Antibandwidth problem with w = 120 (P-can__445.mtx.rnd):
c [w = 120] Initializing CaDiCaL (version 2.1.3).
c [w = 120] Configuring CaDiCaL as --sat (1).
c [w = 120] Encoding starts with w = 120:
c [w = 120] Symmetry breaking highest degree node is applied.
c [w = 120] Encoding duration: 3445 ms
c [w = 120] Number of clauses: 5094423
c [w = 120] Number of variables: 640800
c [w = 119] Start task in PID: 394093.
c [w = 119] Antibandwidth problem with w = 119 (P-can__445.mtx.rnd):
c [w = 119] Initializing CaDiCaL (version 2.1.3).
c [w = 119] Configuring CaDiCaL as --sat (1).
c [w = 119] Encoding starts with w = 119:
c [w = 119] Symmetry breaking highest degree node is applied.
c [w = 119] Encoding duration: 3465 ms
c [w = 119] Number of clauses: 5088638
c [w = 119] Number of variables: 639020
c [w = 100] Start task in PID: 394089.
c [w = 100] Antibandwidth problem with w = 100 (P-can__445.mtx.rnd):
c [w = 100] Initializing CaDiCaL (version 2.1.3).
c [w = 100] Configuring CaDiCaL as --sat (1).
c [w = 100] Encoding starts with w = 100:
c [w = 100] Symmetry breaking highest degree node is applied.
c [w = 100] Encoding duration: 3469 ms
c [w = 100] Number of clauses: 5105397
c [w = 100] Number of variables: 648365
c [w = 110] Start task in PID: 394090.
c [w = 110] Antibandwidth problem with w = 110 (P-can__445.mtx.rnd):
c [w = 110] Initializing CaDiCaL (version 2.1.3).
c [w = 110] Configuring CaDiCaL as --sat (1).
c [w = 110] Encoding starts with w = 110:
c [w = 110] Symmetry breaking highest degree node is applied.
c [w = 110] Encoding duration: 3549 ms
c [w = 110] Number of clauses: 5176597
c [w = 110] Number of variables: 670615
c [w = 118] SAT Solving starts:
c [w = 118] Solving duration: 352 ms
c [w = 118] Answer: 
s [w = 118] UNSAT (w = 118)
c [w = 118] Result: 20
c [w = 115] SAT Solving starts:
c [w = 115] Solving duration: 369 ms
c [w = 115] Answer: 
s [w = 115] UNSAT (w = 115)
c [w = 115] Result: 20
c [w = 116] SAT Solving starts:
c [w = 116] Solving duration: 365 ms
c [w = 116] Answer: 
s [w = 116] UNSAT (w = 116)
c [w = 116] Result: 20
c [w = 120] SAT Solving starts:
c [w = 120] Solving duration: 384 ms
c [w = 120] Answer: 
s [w = 120] UNSAT (w = 120)
c [w = 120] Result: 20
c [Main] Min width UNSAT is set to 118
c [Main] Kill higher pid 120.
c [Main] Kill higher pid 119.
c [w = 119] SAT Solving starts:
c [w = 119] Solving duration: 372 ms
c [w = 119] Answer: 
s [w = 119] UNSAT (w = 119)
c [Signal] Signal interruption. Caught signal: SIGTERM (15)
c [Main] Min width UNSAT is set to 115
c [Main] Kill higher pid 117.
c [Main] Kill higher pid 116.
c [Main] Kill higher pid 120.
c [Main] Kill higher pid 119.
c [w = 117] Start task in PID: 394096.
c [w = 117] Antibandwidth problem with w = 117 (P-can__445.mtx.rnd):
c [w = 117] Initializing CaDiCaL (version 2.1.3).
c [w = 117] Configuring CaDiCaL as --sat (1).
c [w = 117] Encoding starts with w = 117:
c [w = 117] Symmetry breaking highest degree node is applied.
c [Signal] Signal interruption. Caught signal: SIGTERM (15)
c [Main] Child pid 117 - 394096 terminated by signal 15
c [Main] Kill higher pid 120.
c [Main] Kill higher pid 119.
c [Main] Child pid 119 - 394093 terminated by signal 15
c [w = 114] Start task in PID: 394099.
c [w = 114] Antibandwidth problem with w = 114 (P-can__445.mtx.rnd):
c [w = 114] Initializing CaDiCaL (version 2.1.3).
c [w = 114] Configuring CaDiCaL as --sat (1).
c [w = 114] Encoding starts with w = 114:
c [w = 114] Symmetry breaking highest degree node is applied.
c [w = 114] Encoding duration: 3174 ms
c [w = 114] Number of clauses: 5059713
c [w = 114] Number of variables: 630120
c [w = 112] Start task in PID: 394097.
c [w = 112] Antibandwidth problem with w = 112 (P-can__445.mtx.rnd):
c [w = 112] Initializing CaDiCaL (version 2.1.3).
c [w = 112] Configuring CaDiCaL as --sat (1).
c [w = 112] Encoding starts with w = 112:
c [w = 112] Symmetry breaking highest degree node is applied.
c [w = 112] Encoding duration: 3203 ms
c [w = 112] Number of clauses: 5048143
c [w = 112] Number of variables: 626560
c [w = 113] Start task in PID: 394098.
c [w = 113] Antibandwidth problem with w = 113 (P-can__445.mtx.rnd):
c [w = 113] Initializing CaDiCaL (version 2.1.3).
c [w = 113] Configuring CaDiCaL as --sat (1).
c [w = 113] Encoding starts with w = 113:
c [w = 113] Symmetry breaking highest degree node is applied.
c [w = 113] Encoding duration: 3288 ms
c [w = 113] Number of clauses: 5053928
c [w = 113] Number of variables: 628340
c [w = 111] Start task in PID: 394100.
c [w = 111] Antibandwidth problem with w = 111 (P-can__445.mtx.rnd):
c [w = 111] Initializing CaDiCaL (version 2.1.3).
c [w = 111] Configuring CaDiCaL as --sat (1).
c [w = 111] Encoding starts with w = 111:
c [w = 111] Symmetry breaking highest degree node is applied.
c [w = 111] Encoding duration: 3274 ms
c [w = 111] Number of clauses: 5038647
c [w = 111] Number of variables: 624780
c [w = 105] Start task in PID: 394101.
c [w = 105] Antibandwidth problem with w = 105 (P-can__445.mtx.rnd):
c [w = 105] Initializing CaDiCaL (version 2.1.3).
c [w = 105] Configuring CaDiCaL as --sat (1).
c [w = 105] Encoding starts with w = 105:
c [w = 105] Symmetry breaking highest degree node is applied.
c [w = 105] Encoding duration: 3281 ms
c [w = 105] Number of clauses: 5140997
c [w = 105] Number of variables: 659490
c [w = 112] SAT Solving starts:
c [w = 112] Solving duration: 371 ms
c [w = 112] Answer: 
s [w = 112] UNSAT (w = 112)
c [w = 112] Result: 20
c [w = 114] SAT Solving starts:
c [w = 114] Solving duration: 337 ms
c [w = 114] Answer: 
s [w = 114] UNSAT (w = 114)
c [w = 114] Result: 20
c [Main] Min width UNSAT is set to 112
c [Main] Kill higher pid 114.
c [Main] Kill higher pid 113.
c [w = 113] SAT Solving starts:
c [w = 113] Solving duration: 342 ms
c [w = 113] Answer: 
s [w = 113] UNSAT (w = 113)
c [Signal] Signal interruption. Caught signal: SIGTERM (15)
c [Main] Child pid 113 - 394098 terminated by signal 15
c [w = 107] Start task in PID: 394102.
c [w = 107] Antibandwidth problem with w = 107 (P-can__445.mtx.rnd):
c [w = 107] Initializing CaDiCaL (version 2.1.3).
c [w = 107] Configuring CaDiCaL as --sat (1).
c [w = 107] Encoding starts with w = 107:
c [w = 107] Symmetry breaking highest degree node is applied.
c [w = 107] Encoding duration: 3340 ms
c [w = 107] Number of clauses: 5155237
c [w = 107] Number of variables: 663940
c [w = 109] Start task in PID: 394104.
c [w = 109] Antibandwidth problem with w = 109 (P-can__445.mtx.rnd):
c [w = 109] Initializing CaDiCaL (version 2.1.3).
c [w = 109] Configuring CaDiCaL as --sat (1).
c [w = 109] Encoding starts with w = 109:
c [w = 109] Symmetry breaking highest degree node is applied.
c [w = 109] Encoding duration: 3291 ms
c [w = 109] Number of clauses: 5169477
c [w = 109] Number of variables: 668390
c [w = 108] Start task in PID: 394103.
c [w = 108] Antibandwidth problem with w = 108 (P-can__445.mtx.rnd):
c [w = 108] Initializing CaDiCaL (version 2.1.3).
c [w = 108] Configuring CaDiCaL as --sat (1).
c [w = 108] Encoding starts with w = 108:
c [w = 108] Symmetry breaking highest degree node is applied.
c [w = 108] Encoding duration: 3462 ms
c [w = 108] Number of clauses: 5162357
c [w = 108] Number of variables: 666165
c [w = 111] SAT Solving starts:
c [w = 111] Solving duration: 56263 ms
c [w = 111] Answer: 
s [w = 111] UNSAT (w = 111)
c [w = 111] Result: 20
c [Main] Min width UNSAT is set to 111
c [w = 106] Start task in PID: 394108.
c [w = 106] Antibandwidth problem with w = 106 (P-can__445.mtx.rnd):
c [w = 106] Initializing CaDiCaL (version 2.1.3).
c [w = 106] Configuring CaDiCaL as --sat (1).
c [w = 106] Encoding starts with w = 106:
c [w = 106] Symmetry breaking highest degree node is applied.
c [w = 106] Encoding duration: 3205 ms
c [w = 106] Number of clauses: 5148117
c [w = 106] Number of variables: 661715
c [w = 79] SAT Solving starts:
c [w = 79] Solving duration: 115096 ms
c [w = 79] Answer: 
s [w = 79] SAT (w = 79)
c [w = 79] Solution check = 79.
c [w = 79] The solution is correct.
c [w = 79] Result: 10
c [Main] Max width SAT is set to 79
c [w = 102] Start task in PID: 394120.
c [w = 102] Antibandwidth problem with w = 102 (P-can__445.mtx.rnd):
c [w = 102] Initializing CaDiCaL (version 2.1.3).
c [w = 102] Configuring CaDiCaL as --sat (1).
c [w = 102] Encoding starts with w = 102:
c [w = 102] Symmetry breaking highest degree node is applied.
c [w = 102] Encoding duration: 3191 ms
c [w = 102] Number of clauses: 5119637
c [w = 102] Number of variables: 652815
c [w = 102] SAT Solving starts:
c [Signal] Signal interruption. Caught signal: SIGTERM (15)
c [w = 106] SAT Solving starts:
c [Signal] Signal interruption. Caught signal: SIGTERM (15)
c [w = 108] SAT Solving starts:
c [Signal] Signal interruption. Caught signal: SIGTERM (15)
c [w = 109] SAT Solving starts:
c [Signal] Signal interruption. Caught signal: SIGTERM (15)
c [w = 107] SAT Solving starts:
c [Signal] Signal interruption. Caught signal: SIGTERM (15)
c [w = 110] SAT Solving starts:
c [Signal] Signal interruption. Caught signal: SIGTERM (15)
c [w = 100] SAT Solving starts:
c [Signal] Signal interruption. Caught signal: SIGTERM (15)
c [Main] Lim pid ends with result: 254
c [Main] All children have completed.
r [Main] 
r [Main] Final results: 
r [Main] Max width SAT:  	79
r [Main] Min width UNSAT:	111
r [Main] Total real time: 1811974 ms
r [Main] Total memory consumed: 10577.4 MB
r [Main] 
c [w = 105] SAT Solving starts:
c [Signal] Signal interruption. Caught signal: SIGTERM (15)
