c [Version] Cyclic Bandwidth Encoder version 1.0.0.
c [Param] Real time limit is set to 150.
c [Param] Memory limit is set to 30000.
c [Param] Worker count is set to 4.
c [Main] Encoding and solving for graph: 3dmesh_5_5_7.txt.
c [Main] Search strategy: Binary search using BFS.
c [Main] No predefined lower bound is found for 3dmesh_5_5_7.txt.
c [Main] LB-w = 2 (default value).
c [Main] Upper bound is set to 74.
c [Main] Search order: 38 19 56 10 28 47 65 5 14 23 33 42 51 60 70 3 7 12 16 21 25 30 35 40 44 49 53 58 62 67 72 2 4 6 8 11 13 15 17 20 22 24 26 29 31 34 36 39 41 43 45 48 50 52 54 57 59 61 63 66 68 71 73 9 18 27 32 37 46 55 64 69 74.
c [w = 10] Start task in PID: 17574.
c [w = 10] Cyclic Antibandwidth problem with w = 10 (3dmesh_5_5_7.txt):
c [w = 10] Initializing CaDiCaL (version 2.1.3).
c [w = 10] Configuring CaDiCaL as --sat (1).
c [w = 10] Encoding starts with w = 10:
c [w = 10] Symmetry breaking highest degree node is applied.
c [w = 10] Encoding duration: 235 ms.
c [w = 10] Number of clauses: 601967.
c [w = 10] Number of variables: 92050.
c [w = 10] SAT Solving starts:
c [w = 10] Solving duration: 60 ms.
c [w = 10] Answer:
s [w = 10] SAT (w = 10).
c [w = 10] Solution check = 10.
c [w = 10] The solution is correct.
c [w = 10] Result: 10.
c [Main] Max width SAT is set to 10.
c [w = 19] Start task in PID: 17572.
c [w = 19] Cyclic Antibandwidth problem with w = 19 (3dmesh_5_5_7.txt):
c [w = 19] Initializing CaDiCaL (version 2.1.3).
c [w = 19] Configuring CaDiCaL as --sat (1).
c [w = 19] Encoding starts with w = 19:
c [w = 19] Symmetry breaking highest degree node is applied.
c [w = 19] Encoding duration: 243 ms.
c [w = 19] Number of clauses: 611412.
c [w = 19] Number of variables: 98000.
c [w = 19] SAT Solving starts:
c [w = 19] Solving duration: 966 ms.
c [w = 19] Answer:
s [w = 19] SAT (w = 19).
c [w = 19] Solution check = 19.
c [w = 19] The solution is correct.
c [w = 19] Result: 10.
c [Main] Max width SAT is set to 19.
c [w = 28] Start task in PID: 17575.
c [w = 28] Cyclic Antibandwidth problem with w = 28 (3dmesh_5_5_7.txt):
c [w = 28] Initializing CaDiCaL (version 2.1.3).
c [w = 28] Configuring CaDiCaL as --sat (1).
c [w = 28] Encoding starts with w = 28:
c [w = 28] Symmetry breaking highest degree node is applied.
c [w = 28] Encoding duration: 256 ms.
c [w = 28] Number of clauses: 620007.
c [w = 28] Number of variables: 100625.
c [w = 28] SAT Solving starts:
c [w = 28] Solving duration: 1019 ms.
c [w = 28] Answer:
s [w = 28] SAT (w = 28).
c [w = 28] Solution check = 28.
c [w = 28] The solution is correct.
c [w = 28] Result: 10.
c [Main] Max width SAT is set to 28.
c [w = 56] Start task in PID: 17573.
c [w = 56] Cyclic Antibandwidth problem with w = 56 (3dmesh_5_5_7.txt):
c [w = 56] Initializing CaDiCaL (version 2.1.3).
c [w = 56] Configuring CaDiCaL as --sat (1).
c [w = 56] Encoding starts with w = 56:
c [w = 56] Symmetry breaking highest degree node is applied.
c [w = 56] Encoding duration: 263 ms.
c [w = 56] Number of clauses: 645052.
c [w = 56] Number of variables: 107100.
c [w = 56] SAT Solving starts:
c [w = 56] Solving duration: 4084 ms.
c [w = 56] Answer:
s [w = 56] SAT (w = 56).
c [w = 56] Solution check = 56.
c [w = 56] The solution is correct.
c [w = 56] Result: 10.
c [Main] Max width SAT is set to 56.
c [Main] Kill lower pid 47.
c [Main] Kill lower pid 38.
c [w = 47] Start task in PID: 17576.
c [w = 47] Cyclic Antibandwidth problem with w = 47 (3dmesh_5_5_7.txt):
c [w = 47] Initializing CaDiCaL (version 2.1.3).
c [w = 47] Configuring CaDiCaL as --sat (1).
c [w = 47] Encoding starts with w = 47:
c [w = 47] Symmetry breaking highest degree node is applied.
c [w = 47] Encoding duration: 252 ms.
c [w = 47] Number of clauses: 624577.
c [w = 47] Number of variables: 100800.
c [w = 47] SAT Solving starts:
c [Signal] Signal interruption. Caught signal: SIGTERM (15).
c [w = 38] Start task in PID: 17571.
c [w = 38] Cyclic Antibandwidth problem with w = 38 (3dmesh_5_5_7.txt):
c [w = 38] Initializing CaDiCaL (version 2.1.3).
c [w = 38] Configuring CaDiCaL as --sat (1).
c [w = 38] Encoding starts with w = 38:
c [w = 38] Symmetry breaking highest degree node is applied.
c [w = 38] Encoding duration: 249 ms.
c [w = 38] Number of clauses: 622062.
c [w = 38] Number of variables: 100625.
c [w = 38] SAT Solving starts:
c [Signal] Signal interruption. Caught signal: SIGTERM (15).
c [Main] Child pid 47 - 17576 terminated by signal 15.
c [Main] Child pid 38 - 17571 terminated by signal 15.
c [w = 70] Start task in PID: 17579.
c [w = 70] Cyclic Antibandwidth problem with w = 70 (3dmesh_5_5_7.txt):
c [w = 70] Initializing CaDiCaL (version 2.1.3).
c [w = 70] Configuring CaDiCaL as --sat (1).
c [w = 70] Encoding starts with w = 70:
c [w = 70] Symmetry breaking highest degree node is applied.
c [w = 70] Encoding duration: 287 ms.
c [w = 70] Number of clauses: 642317.
c [w = 70] Number of variables: 105175.
c [w = 70] SAT Solving starts:
c [w = 70] Solving duration: 19 ms.
c [w = 70] Answer:
s [w = 70] SAT (w = 70).
c [w = 70] Solution check = 70.
c [w = 70] The solution is correct.
c [w = 70] Result: 10.
c [w = 58] Start task in PID: 17580.
c [w = 58] Cyclic Antibandwidth problem with w = 58 (3dmesh_5_5_7.txt):
c [w = 58] Initializing CaDiCaL (version 2.1.3).
c [w = 58] Configuring CaDiCaL as --sat (1).
c [w = 58] Encoding starts with w = 58:
c [w = 58] Symmetry breaking highest degree node is applied.
c [w = 58] Encoding duration: 268 ms.
c [w = 58] Number of clauses: 620377.
c [w = 58] Number of variables: 98875.
c [w = 58] SAT Solving starts:
c [Signal] Signal interruption. Caught signal: SIGTERM (15).
c [Main] Max width SAT is set to 70.
c [Main] Kill lower pid 58.
c [Main] Kill lower pid 65.
c [Main] Kill lower pid 60.
c [w = 65] Start task in PID: 17577.
c [w = 65] Cyclic Antibandwidth problem with w = 65 (3dmesh_5_5_7.txt):
c [w = 65] Initializing CaDiCaL (version 2.1.3).
c [w = 65] Configuring CaDiCaL as --sat (1).
c [w = 65] Encoding starts with w = 65:
c [w = 65] Symmetry breaking highest degree node is applied.
c [w = 65] Encoding duration: 280 ms.
c [w = 65] Number of clauses: 633567.
c [w = 65] Number of variables: 102550.
c [w = 65] SAT Solving starts:
c [Signal] Signal interruption. Caught signal: SIGTERM (15).
c [w = 60] Start task in PID: 17578.
c [w = 60] Cyclic Antibandwidth problem with w = 60 (3dmesh_5_5_7.txt):
c [w = 60] Initializing CaDiCaL (version 2.1.3).
c [w = 60] Configuring CaDiCaL as --sat (1).
c [w = 60] Encoding starts with w = 60:
c [w = 60] Symmetry breaking highest degree node is applied.
c [w = 60] Encoding duration: 257 ms.
c [w = 60] Number of clauses: 624817.
c [w = 60] Number of variables: 99925.
c [w = 60] SAT Solving starts:
c [Signal] Signal interruption. Caught signal: SIGTERM (15).
c [Main] Child pid 58 - 17580 terminated by signal 15.
c [Main] Child pid 65 - 17577 terminated by signal 15.
c [Main] Child pid 60 - 17578 terminated by signal 15.
c [w = 74] Start task in PID: 17585.
c [w = 74] Cyclic Antibandwidth problem with w = 74 (3dmesh_5_5_7.txt):
c [w = 74] Initializing CaDiCaL (version 2.1.3).
c [w = 74] Configuring CaDiCaL as --sat (1).
c [w = 74] Encoding starts with w = 74:
c [w = 74] Symmetry breaking highest degree node is applied.
c [w = 74] Encoding duration: 263 ms.
c [w = 74] Number of clauses: 649317.
c [w = 74] Number of variables: 107275.
c [w = 74] SAT Solving starts:
c [Signal] Signal interruption. Caught signal: SIGTERM (15).
c [w = 71] Start task in PID: 17583.
c [w = 71] Cyclic Antibandwidth problem with w = 71 (3dmesh_5_5_7.txt):
c [w = 71] Initializing CaDiCaL (version 2.1.3).
c [w = 71] Configuring CaDiCaL as --sat (1).
c [w = 71] Encoding starts with w = 71:
c [w = 71] Symmetry breaking highest degree node is applied.
c [w = 71] Encoding duration: 259 ms.
c [w = 71] Number of clauses: 644067.
c [w = 71] Number of variables: 105700.
c [w = 71] SAT Solving starts:
c [Signal] Signal interruption. Caught signal: SIGTERM (15).
c [w = 72] Start task in PID: 17582.
c [w = 72] Cyclic Antibandwidth problem with w = 72 (3dmesh_5_5_7.txt):
c [w = 72] Initializing CaDiCaL (version 2.1.3).
c [w = 72] Configuring CaDiCaL as --sat (1).
c [w = 72] Encoding starts with w = 72:
c [w = 72] Symmetry breaking highest degree node is applied.
c [w = 72] Encoding duration: 266 ms.
c [w = 72] Number of clauses: 645817.
c [w = 72] Number of variables: 106225.
c [w = 72] SAT Solving starts:
c [Signal] Signal interruption. Caught signal: SIGTERM (15).
c [w = 73] Start task in PID: 17584.
c [w = 73] Cyclic Antibandwidth problem with w = 73 (3dmesh_5_5_7.txt):
c [w = 73] Initializing CaDiCaL (version 2.1.3).
c [w = 73] Configuring CaDiCaL as --sat (1).
c [w = 73] Encoding starts with w = 73:
c [w = 73] Symmetry breaking highest degree node is applied.
c [w = 73] Encoding duration: 264 ms.
c [w = 73] Number of clauses: 647567.
c [w = 73] Number of variables: 106750.
c [w = 73] SAT Solving starts:
c [Signal] Signal interruption. Caught signal: SIGTERM (15).
c [Main] Lim pid ends with result: 254.
c [Main] All children have completed.
r [Main] 
r [Main] Final results: 
r [Main] Max width SAT:  	70.
r [Main] Min width UNSAT:	-.
r [Main] Total real time: 150813 ms.
r [Main] Total memory consumed: 1017.8 MB.
r [Main] 
