c [Version] Cyclic Bandwidth Encoder version 1.0.0.
c [Param] Real time limit is set to 150.
c [Param] Memory limit is set to 30000.
c [Param] Worker count is set to 8.
c [Main] Encoding and solving for graph: T-dwt__592.mtx.rnd.
c [Main] Search strategy: Binary search from upper bound.
c [Main] Lower bound is set to 52.
c [Main] Upper bound is set to 150.
c [Main] Search order: 101 126 138 144 147 149 150 148 145 146 141 142 143 139 140 132 135 136 137 133 134 129 130 131 127 128 113 119 122 124 125 123 120 121 116 117 118 114 115 107 110 111 112 108 109 104 105 106 102 103 76 88 94 97 99 100 98 95 96 91 92 93 89 90 82 85 86 87 83 84 79 80 81 77 78 63 69 72 74 75 73 70 71 66 67 68 64 65 57 60 61 62 58 59 54 55 56 52 53.
c [w = 150] Start task in PID: 14570.
c [w = 150] Cyclic Antibandwidth problem with w = 150 (T-dwt__592.mtx.rnd):
c [w = 150] Initializing CaDiCaL (version 2.1.3).
c [w = 150] Configuring CaDiCaL as --sat (1).
c [w = 150] Encoding starts with w = 150:
c [w = 150] Symmetry breaking highest degree node is applied.
c [w = 150] Encoding duration: 5867 ms.
c [w = 150] Number of clauses: 8987016.
c [w = 150] Number of variables: 1104672.
c [w = 150] SAT Solving starts:
c [w = 150] Solving duration: 675 ms.
c [w = 150] Answer:
s [w = 150] UNSAT (w = 150).
c [w = 150] Result: 20.
c [Main] Min width UNSAT is set to 150
c [w = 149] Start task in PID: 14569.
c [w = 149] Cyclic Antibandwidth problem with w = 149 (T-dwt__592.mtx.rnd):
c [w = 149] Initializing CaDiCaL (version 2.1.3).
c [w = 149] Configuring CaDiCaL as --sat (1).
c [w = 149] Encoding starts with w = 149:
c [w = 149] Symmetry breaking highest degree node is applied.
c [w = 149] Encoding duration: 5832 ms.
c [w = 149] Number of clauses: 8979320.
c [w = 149] Number of variables: 1102304.
c [w = 149] SAT Solving starts:
c [w = 149] Solving duration: 4934 ms.
c [w = 149] Answer:
s [w = 149] UNSAT (w = 149).
c [w = 149] Result: 20.
c [Main] Min width UNSAT is set to 149
c [w = 148] Start task in PID: 14571.
c [w = 148] Cyclic Antibandwidth problem with w = 148 (T-dwt__592.mtx.rnd):
c [w = 148] Initializing CaDiCaL (version 2.1.3).
c [w = 148] Configuring CaDiCaL as --sat (1).
c [w = 148] Encoding starts with w = 148:
c [w = 148] Symmetry breaking highest degree node is applied.
c [w = 148] Encoding duration: 5851 ms.
c [w = 148] Number of clauses: 8971624.
c [w = 148] Number of variables: 1099936.
c [w = 148] SAT Solving starts:
c [w = 148] Solving duration: 5724 ms.
c [w = 148] Answer:
s [w = 148] UNSAT (w = 148).
c [w = 148] Result: 20.
c [Main] Min width UNSAT is set to 148
c [w = 141] Start task in PID: 14578.
c [w = 141] Cyclic Antibandwidth problem with w = 141 (T-dwt__592.mtx.rnd):
c [w = 141] Initializing CaDiCaL (version 2.1.3).
c [w = 141] Configuring CaDiCaL as --sat (1).
c [w = 141] Encoding starts with w = 141:
c [w = 141] Symmetry breaking highest degree node is applied.
c [w = 141] Encoding duration: 6103 ms.
c [w = 141] Number of clauses: 9159032.
c [w = 141] Number of variables: 1165056.
c [w = 141] SAT Solving starts:
c [Signal] Signal interruption. Caught signal: SIGTERM (15).
c [w = 144] Start task in PID: 14567.
c [w = 144] Cyclic Antibandwidth problem with w = 144 (T-dwt__592.mtx.rnd):
c [w = 144] Initializing CaDiCaL (version 2.1.3).
c [w = 144] Configuring CaDiCaL as --sat (1).
c [w = 144] Encoding starts with w = 144:
c [w = 144] Symmetry breaking highest degree node is applied.
c [w = 144] Encoding duration: 6083 ms.
c [w = 144] Number of clauses: 9187448.
c [w = 144] Number of variables: 1173936.
c [w = 144] SAT Solving starts:
c [Signal] Signal interruption. Caught signal: SIGTERM (15).
c [w = 146] Start task in PID: 14577.
c [w = 146] Cyclic Antibandwidth problem with w = 146 (T-dwt__592.mtx.rnd):
c [w = 146] Initializing CaDiCaL (version 2.1.3).
c [w = 146] Configuring CaDiCaL as --sat (1).
c [w = 146] Encoding starts with w = 146:
c [w = 146] Symmetry breaking highest degree node is applied.
c [w = 146] Encoding duration: 6175 ms.
c [w = 146] Number of clauses: 9206392.
c [w = 146] Number of variables: 1179856.
c [w = 146] SAT Solving starts:
c [Signal] Signal interruption. Caught signal: SIGTERM (15).
c [w = 138] Start task in PID: 14566.
c [w = 138] Cyclic Antibandwidth problem with w = 138 (T-dwt__592.mtx.rnd):
c [w = 138] Initializing CaDiCaL (version 2.1.3).
c [w = 138] Configuring CaDiCaL as --sat (1).
c [w = 138] Encoding starts with w = 138:
c [w = 138] Symmetry breaking highest degree node is applied.
c [w = 138] Encoding duration: 5995 ms.
c [w = 138] Number of clauses: 9130616.
c [w = 138] Number of variables: 1156176.
c [w = 138] SAT Solving starts:
c [Signal] Signal interruption. Caught signal: SIGTERM (15).
c [w = 145] Start task in PID: 14572.
c [w = 145] Cyclic Antibandwidth problem with w = 145 (T-dwt__592.mtx.rnd):
c [w = 145] Initializing CaDiCaL (version 2.1.3).
c [w = 145] Configuring CaDiCaL as --sat (1).
c [w = 145] Encoding starts with w = 145:
c [w = 145] Symmetry breaking highest degree node is applied.
c [w = 145] Encoding duration: 6112 ms.
c [w = 145] Number of clauses: 9196920.
c [w = 145] Number of variables: 1176896.
c [w = 145] SAT Solving starts:
c [Signal] Signal interruption. Caught signal: SIGTERM (15).
c [w = 126] Start task in PID: 14565.
c [w = 126] Cyclic Antibandwidth problem with w = 126 (T-dwt__592.mtx.rnd):
c [w = 126] Initializing CaDiCaL (version 2.1.3).
c [w = 126] Configuring CaDiCaL as --sat (1).
c [w = 126] Encoding starts with w = 126:
c [w = 126] Symmetry breaking highest degree node is applied.
c [w = 126] Encoding duration: 5882 ms.
c [w = 126] Number of clauses: 9016952.
c [w = 126] Number of variables: 1120656.
c [w = 126] SAT Solving starts:
c [Signal] Signal interruption. Caught signal: SIGTERM (15).
c [Main] Lim pid ends with result: 254.
c [Main] All children have completed.
r [Main] 
r [Main] Final results: 
r [Main] Max width SAT:  	-.
r [Main] Min width UNSAT:	148.
r [Main] Total real time: 151015 ms.
r [Main] Total memory consumed: 18227.9 MB.
r [Main] 
c [w = 147] Start task in PID: 14568.
c [w = 147] Cyclic Antibandwidth problem with w = 147 (T-dwt__592.mtx.rnd):
c [w = 147] Initializing CaDiCaL (version 2.1.3).
c [w = 147] Configuring CaDiCaL as --sat (1).
c [w = 147] Encoding starts with w = 147:
c [w = 147] Symmetry breaking highest degree node is applied.
c [w = 147] Encoding duration: 6046 ms.
c [w = 147] Number of clauses: 9215864.
c [w = 147] Number of variables: 1182816.
c [w = 147] SAT Solving starts:
c [Signal] Signal interruption. Caught signal: SIGTERM (15).
c [w = 101] Start task in PID: 14564.
c [w = 101] Cyclic Antibandwidth problem with w = 101 (T-dwt__592.mtx.rnd):
c [w = 101] Initializing CaDiCaL (version 2.1.3).
c [w = 101] Configuring CaDiCaL as --sat (1).
c [w = 101] Encoding starts with w = 101:
c [w = 101] Symmetry breaking highest degree node is applied.
c [w = 101] Encoding duration: 5840 ms.
c [w = 101] Number of clauses: 8950984.
c [w = 101] Number of variables: 1104672.
c [w = 101] SAT Solving starts:
c [Signal] Signal interruption. Caught signal: SIGTERM (15).
