c [Version] Cyclic Bandwidth Encoder version 1.0.0.
c [Param] Real time limit is set to 1800.
c [Param] Memory limit is set to 30000.
c [Param] Worker count is set to 8.
c [Main] Encoding and solving for graph: double_star_150_25.txt.
c [Main] Search strategy: Binary search using BFS.
c [Main] No predefined lower bound is found for double_star_150_25.txt.
c [Main] LB-w = 2 (default value).
c [Main] Upper bound is set to 13.
c [Main] Search order: 7 4 10 2 5 8 12 3 6 9 11 13.
c [w = 4] Start task in PID: 39777.
c [w = 4] Cyclic Antibandwidth problem with w = 4 (double_star_150_25.txt):
c [w = 4] Initializing CaDiCaL (version 2.1.3).
c [w = 4] Configuring CaDiCaL as --sat (1).
c [w = 4] Encoding starts with w = 4:
c [w = 4] Symmetry breaking highest degree node is applied.
c [w = 4] Encoding duration: 490 ms.
c [w = 4] Number of clauses: 522244.
c [w = 4] Number of variables: 77700.
c [w = 4] SAT Solving starts:
c [w = 4] Solving duration: 193 ms.
c [w = 4] Answer:
s [w = 4] SAT (w = 4).
c [w = 4] Solution check = 4.
c [w = 4] The solution is correct.
c [w = 4] Result: 10.
c [Main] Max width SAT is set to 4.
c [Main] Kill lower pid 3.
c [Main] Kill lower pid 2.
c [w = 2] Start task in PID: 39779.
c [w = 2] Cyclic Antibandwidth problem with w = 2 (double_star_150_25.txt):
c [w = 2] Initializing CaDiCaL (version 2.1.3).
c [w = 2] Configuring CaDiCaL as --sat (1).
c [w = 2] Encoding starts with w = 2:
c [w = 2] Symmetry breaking highest degree node is applied.
c [w = 2] Encoding duration: 738 ms.
c [w = 2] Number of clauses: 941851.
c [w = 2] Number of variables: 54775.
c [w = 2] SAT Solving starts:
c [Signal] Signal interruption. Caught signal: SIGTERM (15).
c [w = 3] Start task in PID: 39783.
c [w = 3] Cyclic Antibandwidth problem with w = 3 (double_star_150_25.txt):
c [w = 3] Initializing CaDiCaL (version 2.1.3).
c [w = 3] Configuring CaDiCaL as --sat (1).
c [w = 3] Encoding starts with w = 3:
c [w = 3] Symmetry breaking highest degree node is applied.
c [w = 3] Encoding duration: 553 ms.
c [w = 3] Number of clauses: 627289.
c [w = 3] Number of variables: 70000.
c [w = 3] SAT Solving starts:
c [w = 3] Solving duration: 135 ms.
c [w = 3] Answer:
s [w = 3] SAT (w = 3).
c [w = 3] Solution check = 3.
c [w = 3] The solution is correct.
c [Signal] Signal interruption. Caught signal: SIGTERM (15).
c [Main] Child pid 3 - 39783 terminated by signal 15.
c [Main] Child pid 2 - 39779 terminated by signal 15.
c [w = 5] Start task in PID: 39780.
c [w = 5] Cyclic Antibandwidth problem with w = 5 (double_star_150_25.txt):
c [w = 5] Initializing CaDiCaL (version 2.1.3).
c [w = 5] Configuring CaDiCaL as --sat (1).
c [w = 5] Encoding starts with w = 5:
c [w = 5] Symmetry breaking highest degree node is applied.
c [w = 5] Encoding duration: 472 ms.
c [w = 5] Number of clauses: 477767.
c [w = 5] Number of variables: 82250.
c [w = 5] SAT Solving starts:
c [w = 5] Solving duration: 432 ms.
c [w = 5] Answer:
s [w = 5] SAT (w = 5).
c [w = 5] Solution check = 5.
c [w = 5] The solution is correct.
c [w = 5] Result: 10.
c [Main] Max width SAT is set to 5.
c [w = 8] Start task in PID: 39781.
c [w = 8] Cyclic Antibandwidth problem with w = 8 (double_star_150_25.txt):
c [w = 8] Initializing CaDiCaL (version 2.1.3).
c [w = 8] Configuring CaDiCaL as --sat (1).
c [w = 8] Encoding starts with w = 8:
c [w = 8] Symmetry breaking highest degree node is applied.
c [w = 8] Encoding duration: 441 ms.
c [w = 8] Number of clauses: 440103.
c [w = 8] Number of variables: 89250.
c [w = 8] SAT Solving starts:
c [w = 8] Solving duration: 943 ms.
c [w = 8] Answer:
s [w = 8] SAT (w = 8).
c [w = 8] Solution check = 8.
c [w = 8] The solution is correct.
c [w = 8] Result: 10.
c [Main] Max width SAT is set to 8.
c [Main] Kill lower pid 6.
c [Main] Kill lower pid 7.
c [w = 6] Start task in PID: 39789.
c [w = 6] Cyclic Antibandwidth problem with w = 6 (double_star_150_25.txt):
c [w = 6] Initializing CaDiCaL (version 2.1.3).
c [w = 6] Configuring CaDiCaL as --sat (1).
c [w = 6] Encoding starts with w = 6:
c [w = 6] Symmetry breaking highest degree node is applied.
c [w = 6] Encoding duration: 420 ms.
c [w = 6] Number of clauses: 460252.
c [w = 6] Number of variables: 85225.
c [w = 6] SAT Solving starts:
c [Signal] Signal interruption. Caught signal: SIGTERM (15).
c [w = 7] Start task in PID: 39776.
c [w = 7] Cyclic Antibandwidth problem with w = 7 (double_star_150_25.txt):
c [w = 7] Initializing CaDiCaL (version 2.1.3).
c [w = 7] Configuring CaDiCaL as --sat (1).
c [w = 7] Encoding starts with w = 7:
c [w = 7] Symmetry breaking highest degree node is applied.
c [w = 7] Encoding duration: 445 ms.
c [w = 7] Number of clauses: 445712.
c [w = 7] Number of variables: 87500.
c [w = 7] SAT Solving starts:
c [w = 7] Solving duration: 977 ms.
c [w = 7] Answer:
s [w = 7] SAT (w = 7).
c [w = 7] Solution check = 7.
c [w = 7] The solution is correct.
c [Signal] Signal interruption. Caught signal: SIGTERM (15).
c [Main] Child pid 6 - 39789 terminated by signal 15.
c [Main] Child pid 7 - 39776 terminated by signal 15.
c [w = 13] Start task in PID: 39792.
c [w = 13] Cyclic Antibandwidth problem with w = 13 (double_star_150_25.txt):
c [w = 13] Initializing CaDiCaL (version 2.1.3).
c [w = 13] Configuring CaDiCaL as --sat (1).
c [w = 13] Encoding starts with w = 13:
c [w = 13] Symmetry breaking highest degree node is applied.
c [w = 13] Encoding duration: 429 ms.
c [w = 13] Number of clauses: 435004.
c [w = 13] Number of variables: 94500.
c [w = 13] SAT Solving starts:
c [w = 13] Solving duration: 48 ms.
c [w = 13] Answer:
s [w = 13] SAT (w = 13).
c [w = 13] Solution check = 13.
c [w = 13] The solution is correct.
c [w = 13] Result: 10.
c [w = 11] Start task in PID: 39791.
c [w = 11] Cyclic Antibandwidth problem with w = 11 (double_star_150_25.txt):
c [w = 11] Initializing CaDiCaL (version 2.1.3).
c [w = 11] Configuring CaDiCaL as --sat (1).
c [w = 11] Encoding starts with w = 11:
c [w = 11] Symmetry breaking highest degree node is applied.
c [w = 11] Encoding duration: 437 ms.
c [w = 11] Number of clauses: 432735.
c [w = 11] Number of variables: 92400.
c [w = 11] SAT Solving starts:
c [Signal] Signal interruption. Caught signal: SIGTERM (15).
c [Main] Max width SAT is set to 13.
c [Main] Kill lower pid 11.
c [Main] Kill lower pid 9.
c [Main] Kill lower pid 12.
c [Main] Kill lower pid 10.
c [w = 9] Start task in PID: 39790.
c [w = 9] Cyclic Antibandwidth problem with w = 9 (double_star_150_25.txt):
c [w = 9] Initializing CaDiCaL (version 2.1.3).
c [w = 9] Configuring CaDiCaL as --sat (1).
c [w = 9] Encoding starts with w = 9:
c [w = 9] Symmetry breaking highest degree node is applied.
c [w = 9] Encoding duration: 438 ms.
c [w = 9] Number of clauses: 439047.
c [w = 9] Number of variables: 91000.
c [w = 9] SAT Solving starts:
c [Signal] Signal interruption. Caught signal: SIGTERM (15).
c [w = 12] Start task in PID: 39782.
c [w = 12] Cyclic Antibandwidth problem with w = 12 (double_star_150_25.txt):
c [w = 12] Initializing CaDiCaL (version 2.1.3).
c [w = 12] Configuring CaDiCaL as --sat (1).
c [w = 12] Encoding starts with w = 12:
c [w = 12] Symmetry breaking highest degree node is applied.
c [w = 12] Encoding duration: 462 ms.
c [w = 12] Number of clauses: 434307.
c [w = 12] Number of variables: 93625.
c [w = 12] SAT Solving starts:
c [Signal] Signal interruption. Caught signal: SIGTERM (15).
c [w = 10] Start task in PID: 39778.
c [w = 10] Cyclic Antibandwidth problem with w = 10 (double_star_150_25.txt):
c [w = 10] Initializing CaDiCaL (version 2.1.3).
c [w = 10] Configuring CaDiCaL as --sat (1).
c [w = 10] Encoding starts with w = 10:
c [w = 10] Symmetry breaking highest degree node is applied.
c [w = 10] Encoding duration: 452 ms.
c [w = 10] Number of clauses: 436591.
c [w = 10] Number of variables: 92050.
c [w = 10] SAT Solving starts:
c [Signal] Signal interruption. Caught signal: SIGTERM (15).
c [Main] Child pid 11 - 39791 terminated by signal 15.
c [Main] Child pid 12 - 39782 terminated by signal 15.
c [Main] Child pid 10 - 39778 terminated by signal 15.
c [Main] Child pid 9 - 39790 terminated by signal 15.
c [Main] All children have completed.
r [Main] 
r [Main] Final results: 
r [Main] Max width SAT:  	13.
r [Main] Min width UNSAT:	-.
r [Main] Total real time: 1642 ms.
r [Main] Total memory consumed: 835.9 MB.
r [Main] 
c [Signal] Signal interruption. Caught signal: SIGTERM (15).
