c [Version] Cyclic Bandwidth Encoder version 1.0.0.
c [Param] Real time limit is set to 1800.
c [Param] Memory limit is set to 30000.
c [Param] Worker count is set to 4.
c [Main] Encoding and solving for graph: 3dmesh_2_2_500.txt.
c [Main] Search strategy: Binary search using BFS.
c [Main] No predefined lower bound is found for 3dmesh_2_2_500.txt.
c [Main] LB-w = 2 (default value).
c [Main] Upper bound is set to 998.
c [Main] Search order: 500 250 749 125 375 624 874 63 187 312 437 562 686 811 936 32 94 156 218 281 343 406 468 531 593 655 717 780 842 905 967 16 47 78 109 140 171 202 234 265 296 327 359 390 421 452 484 515 546 577 608 639 670 701 733 764 795 826 858 889 920 951 983 8 24 39 55 70 86 101 117 132 148 163 179 194 210 226 242 257 273 288 304 319 335 351 367 382 398 413 429 444 460 476 492 507 523 538 554 569 585 600 616 631 647 662 678 693 709 725 741 756 772 787 803 818 834 850 866 881 897 912 928 943 959 975 991 4 12 20 28 35 43 51 59 66 74 82 90 97 105 113 121 128 136 144 152 159 167 175 183 190 198 206 214 222 230 238 246 253 261 269 277 284 292 300 308 315 323 331 339 347 355 363 371 378 386 394 402 409 417 425 433 440 448 456 464 472 480 488 496 503 511 519 527 534 542 550 558 565 573 581 589 596 604 612 620 627 635 643 651 658 666 674 682 689 697 705 713 721 729 737 745 752 760 768 776 783 791 799 807 814 822 830 838 846 854 862 870 877 885 893 901 908 916 924 932 939 947 955 963 971 979 987 995 2 6 10 14 18 22 26 30 33 37 41 45 49 53 57 61 64 68 72 76 80 84 88 92 95 99 103 107 111 115 119 123 126 130 134 138 142 146 150 154 157 161 165 169 173 177 181 185 188 192 196 200 204 208 212 216 220 224 228 232 236 240 244 248 251 255 259 263 267 271 275 279 282 286 290 294 298 302 306 310 313 317 321 325 329 333 337 341 345 349 353 357 361 365 369 373 376 380 384 388 392 396 400 404 407 411 415 419 423 427 431 435 438 442 446 450 454 458 462 466 470 474 478 482 486 490 494 498 501 505 509 513 517 521 525 529 532 536 540 544 548 552 556 560 563 567 571 575 579 583 587 591 594 598 602 606 610 614 618 622 625 629 633 637 641 645 649 653 656 660 664 668 672 676 680 684 687 691 695 699 703 707 711 715 719 723 727 731 735 739 743 747 750 754 758 762 766 770 774 778 781 785 789 793 797 801 805 809 812 816 820 824 828 832 836 840 844 848 852 856 860 864 868 872 875 879 883 887 891 895 899 903 906 910 914 918 922 926 930 934 937 941 945 949 953 957 961 965 969 973 977 981 985 989 993 997 3 5 7 9 11 13 15 17 19 21 23 25 27 29 31 34 36 38 40 42 44 46 48 50 52 54 56 58 60 62 65 67 69 71 73 75 77 79 81 83 85 87 89 91 93 96 98 100 102 104 106 108 110 112 114 116 118 120 122 124 127 129 131 133 135 137 139 141 143 145 147 149 151 153 155 158 160 162 164 166 168 170 172 174 176 178 180 182 184 186 189 191 193 195 197 199 201 203 205 207 209 211 213 215 217 219 221 223 225 227 229 231 233 235 237 239 241 243 245 247 249 252 254 256 258 260 262 264 266 268 270 272 274 276 278 280 283 285 287 289 291 293 295 297 299 301 303 305 307 309 311 314 316 318 320 322 324 326 328 330 332 334 336 338 340 342 344 346 348 350 352 354 356 358 360 362 364 366 368 370 372 374 377 379 381 383 385 387 389 391 393 395 397 399 401 403 405 408 410 412 414 416 418 420 422 424 426 428 430 432 434 436 439 441 443 445 447 449 451 453 455 457 459 461 463 465 467 469 471 473 475 477 479 481 483 485 487 489 491 493 495 497 499 502 504 506 508 510 512 514 516 518 520 522 524 526 528 530 533 535 537 539 541 543 545 547 549 551 553 555 557 559 561 564 566 568 570 572 574 576 578 580 582 584 586 588 590 592 595 597 599 601 603 605 607 609 611 613 615 617 619 621 623 626 628 630 632 634 636 638 640 642 644 646 648 650 652 654 657 659 661 663 665 667 669 671 673 675 677 679 681 683 685 688 690 692 694 696 698 700 702 704 706 708 710 712 714 716 718 720 722 724 726 728 730 732 734 736 738 740 742 744 746 748 751 753 755 757 759 761 763 765 767 769 771 773 775 777 779 782 784 786 788 790 792 794 796 798 800 802 804 806 808 810 813 815 817 819 821 823 825 827 829 831 833 835 837 839 841 843 845 847 849 851 853 855 857 859 861 863 865 867 869 871 873 876 878 880 882 884 886 888 890 892 894 896 898 900 902 904 907 909 911 913 915 917 919 921 923 925 927 929 931 933 935 938 940 942 944 946 948 950 952 954 956 958 960 962 964 966 968 970 972 974 976 978 980 982 984 986 988 990 992 994 996 998.
c [w = 500] Start task in PID: 10672.
c [w = 500] Cyclic Antibandwidth problem with w = 500 (3dmesh_2_2_500.txt):
c [w = 500] Initializing CaDiCaL (version 2.1.3).
c [w = 500] Configuring CaDiCaL as --sat (1).
c [w = 500] Encoding starts with w = 500:
c [w = 500] Symmetry breaking highest degree node is applied.
c [Signal] Signal interruption. Caught signal: SIGTERM (15).
c [Main] Lim pid ends with result: 255.
c [Main] All children have completed.
r [Main] 
r [Main] Final results: 
r [Main] Max width SAT:  	-.
r [Main] Min width UNSAT:	-.
r [Main] Total real time: 23108 ms.
r [Main] Total memory consumed: 30319.4 MB.
r [Main] 
c [w = 125] Start task in PID: 10675.
c [w = 125] Cyclic Antibandwidth problem with w = 125 (3dmesh_2_2_500.txt):
c [w = 125] Initializing CaDiCaL (version 2.1.3).
c [w = 125] Configuring CaDiCaL as --sat (1).
c [w = 125] Encoding starts with w = 125:
c [w = 125] Symmetry breaking highest degree node is applied.
c [Signal] Signal interruption. Caught signal: SIGTERM (15).
c [w = 749] Start task in PID: 10674.
c [w = 749] Cyclic Antibandwidth problem with w = 749 (3dmesh_2_2_500.txt):
c [w = 749] Initializing CaDiCaL (version 2.1.3).
c [w = 749] Configuring CaDiCaL as --sat (1).
c [w = 749] Encoding starts with w = 749:
c [w = 749] Symmetry breaking highest degree node is applied.
c [Signal] Signal interruption. Caught signal: SIGTERM (15).
c [w = 250] Start task in PID: 10673.
c [w = 250] Cyclic Antibandwidth problem with w = 250 (3dmesh_2_2_500.txt):
c [w = 250] Initializing CaDiCaL (version 2.1.3).
c [w = 250] Configuring CaDiCaL as --sat (1).
c [w = 250] Encoding starts with w = 250:
c [w = 250] Symmetry breaking highest degree node is applied.
c [Signal] Signal interruption. Caught signal: SIGTERM (15).
