c [Version] Cyclic Bandwidth Encoder version 1.0.0.
c [Param] Real time limit is set to 150.
c [Param] Memory limit is set to 30000.
c [Param] Worker count is set to 8.
c [Main] Encoding and solving for graph: hypercube_7_128.txt.
c [Main] Search strategy: Binary search using BFS.
c [Main] Lower bound is set to 21.
c [Main] Upper bound is set to 41.
c [Main] Search order: 31 25 36 22 28 33 39 21 23 26 29 32 34 37 40 24 27 30 35 38 41.
c [w = 21] Start task in PID: 176822.
c [w = 21] Cyclic Antibandwidth problem with w = 21 (hypercube_7_128.txt):
c [w = 21] Initializing CaDiCaL (version 2.1.3).
c [w = 21] Configuring CaDiCaL as --sat (1).
c [w = 21] Encoding starts with w = 21:
c [w = 21] Symmetry breaking highest degree node is applied.
c [w = 21] Encoding duration: 249 ms.
c [w = 21] Number of clauses: 396544.
c [w = 21] Number of variables: 54272.
c [w = 21] SAT Solving starts:
c [w = 21] Solving duration: 3326 ms.
c [w = 21] Answer:
s [w = 21] SAT (w = 21).
c [w = 21] Solution check = 21.
c [w = 21] The solution is correct.
c [w = 21] Result: 10.
c [Main] Max width SAT is set to 21.
c [w = 22] Start task in PID: 176818.
c [w = 22] Cyclic Antibandwidth problem with w = 22 (hypercube_7_128.txt):
c [w = 22] Initializing CaDiCaL (version 2.1.3).
c [w = 22] Configuring CaDiCaL as --sat (1).
c [w = 22] Encoding starts with w = 22:
c [w = 22] Symmetry breaking highest degree node is applied.
c [w = 22] Encoding duration: 247 ms.
c [w = 22] Number of clauses: 392512.
c [w = 22] Number of variables: 52736.
c [w = 22] SAT Solving starts:
c [w = 22] Solving duration: 3356 ms.
c [w = 22] Answer:
s [w = 22] SAT (w = 22).
c [w = 22] Solution check = 22.
c [w = 22] The solution is correct.
c [w = 22] Result: 10.
c [Main] Max width SAT is set to 22.
c [w = 25] Start task in PID: 176816.
c [w = 25] Cyclic Antibandwidth problem with w = 25 (hypercube_7_128.txt):
c [w = 25] Initializing CaDiCaL (version 2.1.3).
c [w = 25] Configuring CaDiCaL as --sat (1).
c [w = 25] Encoding starts with w = 25:
c [w = 25] Symmetry breaking highest degree node is applied.
c [w = 25] Encoding duration: 244 ms.
c [w = 25] Number of clauses: 399808.
c [w = 25] Number of variables: 55040.
c [w = 25] SAT Solving starts:
c [w = 25] Solving duration: 4183 ms.
c [w = 25] Answer:
s [w = 25] SAT (w = 25).
c [w = 25] Solution check = 25.
c [w = 25] The solution is correct.
c [w = 25] Result: 10.
c [Main] Max width SAT is set to 25.
c [Main] Kill lower pid 23.
c [w = 23] Start task in PID: 176826.
c [w = 23] Cyclic Antibandwidth problem with w = 23 (hypercube_7_128.txt):
c [w = 23] Initializing CaDiCaL (version 2.1.3).
c [w = 23] Configuring CaDiCaL as --sat (1).
c [w = 23] Encoding starts with w = 23:
c [w = 23] Symmetry breaking highest degree node is applied.
c [w = 23] Encoding duration: 248 ms.
c [w = 23] Number of clauses: 394944.
c [w = 23] Number of variables: 53504.
c [w = 23] SAT Solving starts:
c [Signal] Signal interruption. Caught signal: SIGTERM (15).
c [Main] Child pid 23 - 176826 terminated by signal 15.
c [w = 26] Start task in PID: 176827.
c [w = 26] Cyclic Antibandwidth problem with w = 26 (hypercube_7_128.txt):
c [w = 26] Initializing CaDiCaL (version 2.1.3).
c [w = 26] Configuring CaDiCaL as --sat (1).
c [w = 26] Encoding starts with w = 26:
c [w = 26] Symmetry breaking highest degree node is applied.
c [w = 26] Encoding duration: 249 ms.
c [w = 26] Number of clauses: 393984.
c [w = 26] Number of variables: 52864.
c [w = 26] SAT Solving starts:
c [w = 26] Solving duration: 914 ms.
c [w = 26] Answer:
s [w = 26] SAT (w = 26).
c [w = 26] Solution check = 26.
c [w = 26] The solution is correct.
c [w = 26] Result: 10.
c [Main] Max width SAT is set to 26.
c [w = 28] Start task in PID: 176819.
c [w = 28] Cyclic Antibandwidth problem with w = 28 (hypercube_7_128.txt):
c [w = 28] Initializing CaDiCaL (version 2.1.3).
c [w = 28] Configuring CaDiCaL as --sat (1).
c [w = 28] Encoding starts with w = 28:
c [w = 28] Symmetry breaking highest degree node is applied.
c [w = 28] Encoding duration: 254 ms.
c [w = 28] Number of clauses: 398080.
c [w = 28] Number of variables: 54144.
c [w = 28] SAT Solving starts:
c [w = 28] Solving duration: 8846 ms.
c [w = 28] Answer:
s [w = 28] SAT (w = 28).
c [w = 28] Solution check = 28.
c [w = 28] The solution is correct.
c [w = 28] Result: 10.
c [Main] Max width SAT is set to 28.
c [w = 31] Start task in PID: 176815.
c [w = 31] Cyclic Antibandwidth problem with w = 31 (hypercube_7_128.txt):
c [w = 31] Initializing CaDiCaL (version 2.1.3).
c [w = 31] Configuring CaDiCaL as --sat (1).
c [w = 31] Encoding starts with w = 31:
c [w = 31] Symmetry breaking highest degree node is applied.
c [w = 31] Encoding duration: 256 ms.
c [w = 31] Number of clauses: 404224.
c [w = 31] Number of variables: 56064.
c [w = 31] SAT Solving starts:
c [w = 31] Solving duration: 18914 ms.
c [w = 31] Answer:
s [w = 31] SAT (w = 31).
c [w = 31] Solution check = 31.
c [w = 31] The solution is correct.
c [w = 31] Result: 10.
c [Main] Max width SAT is set to 31.
c [Main] Kill lower pid 29.
c [w = 29] Start task in PID: 176828.
c [w = 29] Cyclic Antibandwidth problem with w = 29 (hypercube_7_128.txt):
c [w = 29] Initializing CaDiCaL (version 2.1.3).
c [w = 29] Configuring CaDiCaL as --sat (1).
c [w = 29] Encoding starts with w = 29:
c [w = 29] Symmetry breaking highest degree node is applied.
c [w = 29] Encoding duration: 268 ms.
c [w = 29] Number of clauses: 400128.
c [w = 29] Number of variables: 54784.
c [w = 29] SAT Solving starts:
c [w = 29] Solving duration: 14402 ms.
c [w = 29] Answer:
s [w = 29] SAT (w = 29).
c [w = 29] Solution check = 29.
c [w = 29] The solution is correct.
c [Signal] Signal interruption. Caught signal: SIGTERM (15).
c [Main] Child pid 29 - 176828 terminated by signal 15.
c [w = 33] Start task in PID: 176820.
c [w = 33] Cyclic Antibandwidth problem with w = 33 (hypercube_7_128.txt):
c [w = 33] Initializing CaDiCaL (version 2.1.3).
c [w = 33] Configuring CaDiCaL as --sat (1).
c [w = 33] Encoding starts with w = 33:
c [w = 33] Symmetry breaking highest degree node is applied.
c [w = 33] Encoding duration: 241 ms.
c [w = 33] Number of clauses: 397504.
c [w = 33] Number of variables: 53504.
c [w = 33] SAT Solving starts:
c [w = 33] Solving duration: 32773 ms.
c [w = 33] Answer:
s [w = 33] SAT (w = 33).
c [w = 33] Solution check = 33.
c [w = 33] The solution is correct.
c [w = 33] Result: 10.
c [Main] Max width SAT is set to 33.
c [Main] Kill lower pid 32.
c [w = 32] Start task in PID: 176829.
c [w = 32] Cyclic Antibandwidth problem with w = 32 (hypercube_7_128.txt):
c [w = 32] Initializing CaDiCaL (version 2.1.3).
c [w = 32] Configuring CaDiCaL as --sat (1).
c [w = 32] Encoding starts with w = 32:
c [w = 32] Symmetry breaking highest degree node is applied.
c [w = 32] Encoding duration: 239 ms.
c [w = 32] Number of clauses: 395840.
c [w = 32] Number of variables: 52992.
c [w = 32] SAT Solving starts:
c [Signal] Signal interruption. Caught signal: SIGTERM (15).
c [Main] Child pid 32 - 176829 terminated by signal 15.
c [w = 35] Start task in PID: 176838.
c [w = 35] Cyclic Antibandwidth problem with w = 35 (hypercube_7_128.txt):
c [w = 35] Initializing CaDiCaL (version 2.1.3).
c [w = 35] Configuring CaDiCaL as --sat (1).
c [w = 35] Encoding starts with w = 35:
c [w = 35] Symmetry breaking highest degree node is applied.
c [w = 35] Encoding duration: 270 ms.
c [w = 35] Number of clauses: 400832.
c [w = 35] Number of variables: 54528.
c [w = 35] SAT Solving starts:
c [w = 35] Solving duration: 25759 ms.
c [w = 35] Answer:
s [w = 35] SAT (w = 35).
c [w = 35] Solution check = 35.
c [w = 35] The solution is correct.
c [w = 35] Result: 10.
c [Main] Max width SAT is set to 35.
c [Main] Kill lower pid 34.
c [w = 34] Start task in PID: 176830.
c [w = 34] Cyclic Antibandwidth problem with w = 34 (hypercube_7_128.txt):
c [w = 34] Initializing CaDiCaL (version 2.1.3).
c [w = 34] Configuring CaDiCaL as --sat (1).
c [w = 34] Encoding starts with w = 34:
c [w = 34] Symmetry breaking highest degree node is applied.
c [w = 34] Encoding duration: 266 ms.
c [w = 34] Number of clauses: 399168.
c [w = 34] Number of variables: 54016.
c [w = 34] SAT Solving starts:
c [Signal] Signal interruption. Caught signal: SIGTERM (15).
c [Main] Child pid 34 - 176830 terminated by signal 15.
c [w = 36] Start task in PID: 176817.
c [w = 36] Cyclic Antibandwidth problem with w = 36 (hypercube_7_128.txt):
c [w = 36] Initializing CaDiCaL (version 2.1.3).
c [w = 36] Configuring CaDiCaL as --sat (1).
c [w = 36] Encoding starts with w = 36:
c [w = 36] Symmetry breaking highest degree node is applied.
c [w = 36] Encoding duration: 254 ms.
c [w = 36] Number of clauses: 402496.
c [w = 36] Number of variables: 55040.
c [w = 36] SAT Solving starts:
c [w = 36] Solving duration: 61251 ms.
c [w = 36] Answer:
s [w = 36] SAT (w = 36).
c [w = 36] Solution check = 36.
c [w = 36] The solution is correct.
c [w = 36] Result: 10.
c [Main] Max width SAT is set to 36.
c [w = 41] Start task in PID: 176841.
c [w = 41] Cyclic Antibandwidth problem with w = 41 (hypercube_7_128.txt):
c [w = 41] Initializing CaDiCaL (version 2.1.3).
c [w = 41] Configuring CaDiCaL as --sat (1).
c [w = 41] Encoding starts with w = 41:
c [w = 41] Symmetry breaking highest degree node is applied.
c [w = 41] Encoding duration: 257 ms.
c [w = 41] Number of clauses: 410816.
c [w = 41] Number of variables: 57600.
c [w = 41] SAT Solving starts:
c [Signal] Signal interruption. Caught signal: SIGTERM (15).
c [w = 38] Start task in PID: 176840.
c [w = 38] Cyclic Antibandwidth problem with w = 38 (hypercube_7_128.txt):
c [w = 38] Initializing CaDiCaL (version 2.1.3).
c [w = 38] Configuring CaDiCaL as --sat (1).
c [w = 38] Encoding starts with w = 38:
c [w = 38] Symmetry breaking highest degree node is applied.
c [w = 38] Encoding duration: 268 ms.
c [w = 38] Number of clauses: 405824.
c [w = 38] Number of variables: 56064.
c [w = 38] SAT Solving starts:
c [Signal] Signal interruption. Caught signal: SIGTERM (15).
c [w = 40] Start task in PID: 176837.
c [w = 40] Cyclic Antibandwidth problem with w = 40 (hypercube_7_128.txt):
c [w = 40] Initializing CaDiCaL (version 2.1.3).
c [w = 40] Configuring CaDiCaL as --sat (1).
c [w = 40] Encoding starts with w = 40:
c [w = 40] Symmetry breaking highest degree node is applied.
c [w = 40] Encoding duration: 268 ms.
c [w = 40] Number of clauses: 409152.
c [w = 40] Number of variables: 57088.
c [w = 40] SAT Solving starts:
c [Signal] Signal interruption. Caught signal: SIGTERM (15).
c [w = 37] Start task in PID: 176835.
c [w = 37] Cyclic Antibandwidth problem with w = 37 (hypercube_7_128.txt):
c [w = 37] Initializing CaDiCaL (version 2.1.3).
c [w = 37] Configuring CaDiCaL as --sat (1).
c [w = 37] Encoding starts with w = 37:
c [w = 37] Symmetry breaking highest degree node is applied.
c [w = 37] Encoding duration: 266 ms.
c [w = 37] Number of clauses: 404160.
c [w = 37] Number of variables: 55552.
c [w = 37] SAT Solving starts:
c [Signal] Signal interruption. Caught signal: SIGTERM (15).
c [w = 39] Start task in PID: 176821.
c [w = 39] Cyclic Antibandwidth problem with w = 39 (hypercube_7_128.txt):
c [w = 39] Initializing CaDiCaL (version 2.1.3).
c [w = 39] Configuring CaDiCaL as --sat (1).
c [w = 39] Encoding starts with w = 39:
c [w = 39] Symmetry breaking highest degree node is applied.
c [w = 39] Encoding duration: 260 ms.
c [w = 39] Number of clauses: 407488.
c [w = 39] Number of variables: 56576.
c [w = 39] SAT Solving starts:
c [Signal] Signal interruption. Caught signal: SIGTERM (15).
c [Main] Lim pid ends with result: 254.
c [Main] All children have completed.
r [Main] 
r [Main] Final results: 
r [Main] Max width SAT:  	36.
r [Main] Min width UNSAT:	-.
r [Main] Total real time: 150925 ms.
r [Main] Total memory consumed: 1122 MB.
r [Main] 
