c [Version] Cyclic Bandwidth Encoder version 1.0.0.
c [Param] Real time limit is set to 150.
c [Param] Memory limit is set to 30000.
c [Param] Worker count is set to 4.
c [Main] Encoding and solving for graph: L-bcspwr03.mtx.rnd.
c [Main] Search strategy: Binary search from lower bound.
c [Main] Lower bound is set to 20.
c [Main] Upper bound is set to 39.
c [Main] Search order: 29 24 21 20 22 23 26 25 27 28 34 31 30 32 33 37 35 36 38 39.
c [w = 21] Start task in PID: 7441.
c [w = 21] Cyclic Antibandwidth problem with w = 21 (L-bcspwr03.mtx.rnd):
c [w = 21] Initializing CaDiCaL (version 2.1.3).
c [w = 21] Configuring CaDiCaL as --sat (1).
c [w = 21] Encoding starts with w = 21:
c [w = 21] Symmetry breaking highest degree node is applied.
c [w = 21] Encoding duration: 87 ms.
c [w = 21] Number of clauses: 228235.
c [w = 21] Number of variables: 45312.
c [w = 21] SAT Solving starts:
c [w = 21] Solving duration: 27 ms.
c [w = 21] Answer:
s [w = 21] SAT (w = 21).
c [w = 21] Solution check = 21.
c [w = 21] The solution is correct.
c [w = 21] Result: 10.
c [Main] Max width SAT is set to 21.
c [Main] Kill lower pid 20.
c [w = 20] Start task in PID: 7442.
c [w = 20] Cyclic Antibandwidth problem with w = 20 (L-bcspwr03.mtx.rnd):
c [w = 20] Initializing CaDiCaL (version 2.1.3).
c [w = 20] Configuring CaDiCaL as --sat (1).
c [w = 20] Encoding starts with w = 20:
c [w = 20] Symmetry breaking highest degree node is applied.
c [w = 20] Encoding duration: 89 ms.
c [w = 20] Number of clauses: 225993.
c [w = 20] Number of variables: 44604.
c [w = 20] SAT Solving starts:
c [w = 20] Solving duration: 34 ms.
c [w = 20] Answer:
s [w = 20] SAT (w = 20).
c [w = 20] Solution check = 20.
c [w = 20] The solution is correct.
c [Signal] Signal interruption. Caught signal: SIGTERM (15).
c [Main] Child pid 20 - 7442 terminated by signal 15.
c [w = 24] Start task in PID: 7440.
c [w = 24] Cyclic Antibandwidth problem with w = 24 (L-bcspwr03.mtx.rnd):
c [w = 24] Initializing CaDiCaL (version 2.1.3).
c [w = 24] Configuring CaDiCaL as --sat (1).
c [w = 24] Encoding starts with w = 24:
c [w = 24] Symmetry breaking highest degree node is applied.
c [w = 24] Encoding duration: 90 ms.
c [w = 24] Number of clauses: 227356.
c [w = 24] Number of variables: 44958.
c [w = 24] SAT Solving starts:
c [w = 24] Solving duration: 34 ms.
c [w = 24] Answer:
s [w = 24] SAT (w = 24).
c [w = 24] Solution check = 24.
c [w = 24] The solution is correct.
c [w = 24] Result: 10.
c [Main] Max width SAT is set to 24.
c [Main] Kill lower pid 23.
c [Main] Kill lower pid 22.
c [w = 22] Start task in PID: 7443.
c [w = 22] Cyclic Antibandwidth problem with w = 22 (L-bcspwr03.mtx.rnd):
c [w = 22] Initializing CaDiCaL (version 2.1.3).
c [w = 22] Configuring CaDiCaL as --sat (1).
c [w = 22] Encoding starts with w = 22:
c [w = 22] Symmetry breaking highest degree node is applied.
c [Signal] Signal interruption. Caught signal: SIGTERM (15).
c [w = 23] Start task in PID: 7444.
c [w = 23] Cyclic Antibandwidth problem with w = 23 (L-bcspwr03.mtx.rnd):
c [w = 23] Initializing CaDiCaL (version 2.1.3).
c [w = 23] Configuring CaDiCaL as --sat (1).
c [w = 23] Encoding starts with w = 23:
c [w = 23] Symmetry breaking highest degree node is applied.
c [Signal] Signal interruption. Caught signal: SIGTERM (15).
c [Main] Child pid 23 - 7444 terminated by signal 15.
c [Main] Child pid 22 - 7443 terminated by signal 15.
c [w = 29] Start task in PID: 7439.
c [w = 29] Cyclic Antibandwidth problem with w = 29 (L-bcspwr03.mtx.rnd):
c [w = 29] Initializing CaDiCaL (version 2.1.3).
c [w = 29] Configuring CaDiCaL as --sat (1).
c [w = 29] Encoding starts with w = 29:
c [w = 29] Symmetry breaking highest degree node is applied.
c [w = 29] Encoding duration: 93 ms.
c [w = 29] Number of clauses: 236796.
c [w = 29] Number of variables: 47908.
c [w = 29] SAT Solving starts:
c [w = 29] Solving duration: 37 ms.
c [w = 29] Answer:
s [w = 29] SAT (w = 29).
c [w = 29] Solution check = 29.
c [w = 29] The solution is correct.
c [w = 29] Result: 10.
c [w = 27] Start task in PID: 7447.
c [w = 27] Cyclic Antibandwidth problem with w = 27 (L-bcspwr03.mtx.rnd):
c [w = 27] Initializing CaDiCaL (version 2.1.3).
c [w = 27] Configuring CaDiCaL as --sat (1).
c [w = 27] Encoding starts with w = 27:
c [w = 27] Symmetry breaking highest degree node is applied.
c [Signal] Signal interruption. Caught signal: SIGTERM (15).
c [Main] Max width SAT is set to 29.
c [Main] Kill lower pid 27.
c [Main] Kill lower pid 25.
c [Main] Kill lower pid 26.
c [w = 25] Start task in PID: 7446.
c [w = 25] Cyclic Antibandwidth problem with w = 25 (L-bcspwr03.mtx.rnd):
c [w = 25] Initializing CaDiCaL (version 2.1.3).
c [w = 25] Configuring CaDiCaL as --sat (1).
c [w = 25] Encoding starts with w = 25:
c [w = 25] Symmetry breaking highest degree node is applied.
c [Signal] Signal interruption. Caught signal: SIGTERM (15).
c [w = 26] Start task in PID: 7445.
c [w = 26] Cyclic Antibandwidth problem with w = 26 (L-bcspwr03.mtx.rnd):
c [w = 26] Initializing CaDiCaL (version 2.1.3).
c [w = 26] Configuring CaDiCaL as --sat (1).
c [w = 26] Encoding starts with w = 26:
c [w = 26] Symmetry breaking highest degree node is applied.
c [Signal] Signal interruption. Caught signal: SIGTERM (15).
c [Main] Child pid 27 - 7447 terminated by signal 15.
c [Main] Child pid 26 - 7445 terminated by signal 15.
c [Main] Child pid 25 - 7446 terminated by signal 15.
c [w = 34] Start task in PID: 7448.
c [w = 34] Cyclic Antibandwidth problem with w = 34 (L-bcspwr03.mtx.rnd):
c [w = 34] Initializing CaDiCaL (version 2.1.3).
c [w = 34] Configuring CaDiCaL as --sat (1).
c [w = 34] Encoding starts with w = 34:
c [w = 34] Symmetry breaking highest degree node is applied.
c [w = 34] Encoding duration: 90 ms.
c [w = 34] Number of clauses: 235209.
c [w = 34] Number of variables: 47200.
c [w = 34] SAT Solving starts:
c [w = 34] Solving duration: 16 ms.
c [w = 34] Answer:
s [w = 34] UNSAT (w = 34).
c [w = 34] Result: 20.
c [Main] Min width UNSAT is set to 34
c [w = 30] Start task in PID: 7450.
c [w = 30] Cyclic Antibandwidth problem with w = 30 (L-bcspwr03.mtx.rnd):
c [w = 30] Initializing CaDiCaL (version 2.1.3).
c [w = 30] Configuring CaDiCaL as --sat (1).
c [w = 30] Encoding starts with w = 30:
c [w = 30] Symmetry breaking highest degree node is applied.
c [w = 30] Encoding duration: 88 ms.
c [w = 30] Number of clauses: 229073.
c [w = 30] Number of variables: 45312.
c [w = 30] SAT Solving starts:
c [w = 30] Solving duration: 22 ms.
c [w = 30] Answer:
s [w = 30] UNSAT (w = 30).
c [w = 30] Result: 20.
c [w = 32] Start task in PID: 7451.
c [w = 32] Cyclic Antibandwidth problem with w = 32 (L-bcspwr03.mtx.rnd):
c [w = 32] Initializing CaDiCaL (version 2.1.3).
c [w = 32] Configuring CaDiCaL as --sat (1).
c [w = 32] Encoding starts with w = 32:
c [w = 32] Symmetry breaking highest degree node is applied.
c [w = 32] Encoding duration: 90 ms.
c [w = 32] Number of clauses: 232141.
c [w = 32] Number of variables: 46256.
c [w = 32] SAT Solving starts:
c [w = 32] Solving duration: 21 ms.
c [w = 32] Answer:
s [w = 32] UNSAT (w = 32).
c [w = 32] Result: 20.
c [Main] Min width UNSAT is set to 30
c [Main] Kill higher pid 33.
c [Main] Kill higher pid 32.
c [Main] Kill higher pid 31.
c [w = 33] Start task in PID: 7452.
c [w = 33] Cyclic Antibandwidth problem with w = 33 (L-bcspwr03.mtx.rnd):
c [w = 33] Initializing CaDiCaL (version 2.1.3).
c [w = 33] Configuring CaDiCaL as --sat (1).
c [w = 33] Encoding starts with w = 33:
c [w = 33] Symmetry breaking highest degree node is applied.
c [Signal] Signal interruption. Caught signal: SIGTERM (15).
c [w = 31] Start task in PID: 7449.
c [w = 31] Cyclic Antibandwidth problem with w = 31 (L-bcspwr03.mtx.rnd):
c [w = 31] Initializing CaDiCaL (version 2.1.3).
c [w = 31] Configuring CaDiCaL as --sat (1).
c [w = 31] Encoding starts with w = 31:
c [w = 31] Symmetry breaking highest degree node is applied.
c [w = 31] Encoding duration: 92 ms.
c [w = 31] Number of clauses: 230607.
c [w = 31] Number of variables: 45784.
c [w = 31] SAT Solving starts:
c [w = 31] Solving duration: 26 ms.
c [w = 31] Answer:
s [w = 31] UNSAT (w = 31).
c [Signal] Signal interruption. Caught signal: SIGTERM (15).
c [Main] Child pid 33 - 7452 terminated by signal 15.
c [Main] Child pid 31 - 7449 terminated by signal 15.
c [Signal] Signal interruption. Caught signal: SIGTERM (15).
c [Main] All children have completed.
r [Main] 
r [Main] Final results: 
r [Main] Max width SAT:  	29.
r [Main] Min width UNSAT:	30.
r [Main] Total real time: 303 ms.
r [Main] Total memory consumed: 198.8 MB.
r [Main] 
