c [Version] Cyclic Bandwidth Encoder version 1.0.0.
c [Param] Real time limit is set to 150.
c [Param] Memory limit is set to 30000.
c [Param] Worker count is set to 4.
c [Main] Encoding and solving for graph: S-sherman4.mtx.rnd.
c [Main] Search strategy: Binary search from lower bound.
c [Main] Lower bound is set to 128.
c [Main] Upper bound is set to 272.
c [Main] Search order: 200 163 145 136 131 129 128 130 133 132 134 135 140 138 137 139 142 141 143 144 154 149 147 146 148 151 150 152 153 158 156 155 157 160 159 161 162 181 172 167 165 164 166 169 168 170 171 176 174 173 175 178 177 179 180 190 185 183 182 184 187 186 188 189 195 192 191 193 194 197 196 198 199 236 218 209 204 202 201 203 206 205 207 208 213 211 210 212 215 214 216 217 227 222 220 219 221 224 223 225 226 231 229 228 230 233 232 234 235 254 245 240 238 237 239 242 241 243 244 249 247 246 248 251 250 252 253 263 258 256 255 257 260 259 261 262 268 265 264 266 267 270 269 271 272.
c [w = 136] Start task in PID: 9015.
c [w = 136] Cyclic Antibandwidth problem with w = 136 (S-sherman4.mtx.rnd):
c [w = 136] Initializing CaDiCaL (version 2.1.3).
c [w = 136] Configuring CaDiCaL as --sat (1).
c [w = 136] Encoding starts with w = 136:
c [w = 136] Symmetry breaking highest degree node is applied.
c [w = 136] Encoding duration: 2508 ms.
c [w = 136] Number of clauses: 6237318.
c [w = 136] Number of variables: 1008462.
c [w = 136] SAT Solving starts:
c [w = 136] Solving duration: 108819 ms.
c [w = 136] Answer:
s [w = 136] SAT (w = 136).
c [w = 136] Solution check = 136.
c [w = 136] The solution is correct.
c [w = 136] Result: 10.
c [Main] Max width SAT is set to 136.
c [w = 140] Start task in PID: 9095.
c [w = 140] Cyclic Antibandwidth problem with w = 140 (S-sherman4.mtx.rnd):
c [w = 140] Initializing CaDiCaL (version 2.1.3).
c [w = 140] Configuring CaDiCaL as --sat (1).
c [w = 140] Encoding starts with w = 140:
c [w = 140] Symmetry breaking highest degree node is applied.
c [w = 140] Encoding duration: 2400 ms.
c [w = 140] Number of clauses: 6049149.
c [w = 140] Number of variables: 944580.
c [w = 140] SAT Solving starts:
c [Signal] Signal interruption. Caught signal: SIGTERM (15).
c [w = 145] Start task in PID: 9014.
c [w = 145] Cyclic Antibandwidth problem with w = 145 (S-sherman4.mtx.rnd):
c [w = 145] Initializing CaDiCaL (version 2.1.3).
c [w = 145] Configuring CaDiCaL as --sat (1).
c [w = 145] Encoding starts with w = 145:
c [w = 145] Symmetry breaking highest degree node is applied.
c [w = 145] Encoding duration: 2388 ms.
c [w = 145] Number of clauses: 6084639.
c [w = 145] Number of variables: 955500.
c [w = 145] SAT Solving starts:
c [Signal] Signal interruption. Caught signal: SIGTERM (15).
c [w = 163] Start task in PID: 9013.
c [w = 163] Cyclic Antibandwidth problem with w = 163 (S-sherman4.mtx.rnd):
c [w = 163] Initializing CaDiCaL (version 2.1.3).
c [w = 163] Configuring CaDiCaL as --sat (1).
c [w = 163] Encoding starts with w = 163:
c [w = 163] Symmetry breaking highest degree node is applied.
c [w = 163] Encoding duration: 2480 ms.
c [w = 163] Number of clauses: 6212403.
c [w = 163] Number of variables: 994812.
c [w = 163] SAT Solving starts:
c [Signal] Signal interruption. Caught signal: SIGTERM (15).
c [w = 200] Start task in PID: 9012.
c [w = 200] Cyclic Antibandwidth problem with w = 200 (S-sherman4.mtx.rnd):
c [w = 200] Initializing CaDiCaL (version 2.1.3).
c [w = 200] Configuring CaDiCaL as --sat (1).
c [w = 200] Encoding starts with w = 200:
c [w = 200] Symmetry breaking highest degree node is applied.
c [w = 200] Encoding duration: 2441 ms.
c [w = 200] Number of clauses: 6154182.
c [w = 200] Number of variables: 968058.
c [w = 200] SAT Solving starts:
c [Signal] Signal interruption. Caught signal: SIGTERM (15).
c [Main] Lim pid ends with result: 254.
c [Main] All children have completed.
r [Main] 
r [Main] Final results: 
r [Main] Max width SAT:  	136.
r [Main] Min width UNSAT:	-.
r [Main] Total real time: 150792 ms.
r [Main] Total memory consumed: 6324.3 MB.
r [Main] 
