c [Version] Cyclic Bandwidth Encoder version 1.0.0.
c [Param] Real time limit is set to 150.
c [Param] Memory limit is set to 30000.
c [Param] Worker count is set to 4.
c [Main] Encoding and solving for graph: caterpillar_10_6.txt.
c [Main] Search strategy: Binary search from upper bound.
c [Main] No predefined lower bound is found for caterpillar_10_6.txt.
c [Main] LB-w = 2 (default value).
c [Main] No predefined upper bound is found for caterpillar_10_6.txt.
c [Main] UB-w = 30 (default value calculated as n/2).
c [Main] Search order: 16 23 27 29 30 28 25 26 24 19 21 22 20 17 18 8 12 14 15 13 10 11 9 4 6 7 5 2 3.
c [w = 27] Start task in PID: 193298.
c [w = 27] Cyclic Antibandwidth problem with w = 27 (caterpillar_10_6.txt):
c [w = 27] Initializing CaDiCaL (version 2.1.3).
c [w = 27] Configuring CaDiCaL as --sat (1).
c [w = 27] Encoding starts with w = 27:
c [w = 27] Symmetry breaking highest degree node is applied.
c [w = 27] Encoding duration: 21 ms.
c [w = 27] Number of clauses: 55899.
c [w = 27] Number of variables: 13200.
c [w = 27] SAT Solving starts:
c [w = 27] Solving duration: 31 ms.
c [w = 27] Answer:
s [w = 27] SAT (w = 27).
c [w = 27] Solution check = 27.
c [w = 27] The solution is correct.
c [w = 27] Result: 10.
c [Main] Max width SAT is set to 27.
c [Main] Kill lower pid 23.
c [Main] Kill lower pid 16.
c [w = 23] Start task in PID: 193297.
c [w = 23] Cyclic Antibandwidth problem with w = 23 (caterpillar_10_6.txt):
c [w = 23] Initializing CaDiCaL (version 2.1.3).
c [w = 23] Configuring CaDiCaL as --sat (1).
c [w = 23] Encoding starts with w = 23:
c [w = 23] Symmetry breaking highest degree node is applied.
c [w = 23] Encoding duration: 34 ms.
c [w = 23] Number of clauses: 53499.
c [w = 23] Number of variables: 12480.
c [w = 23] SAT Solving starts:
c [Signal] Signal interruption. Caught signal: SIGTERM (15).
c [w = 16] Start task in PID: 193296.
c [w = 16] Cyclic Antibandwidth problem with w = 16 (caterpillar_10_6.txt):
c [w = 16] Initializing CaDiCaL (version 2.1.3).
c [w = 16] Configuring CaDiCaL as --sat (1).
c [w = 16] Encoding starts with w = 16:
c [w = 16] Symmetry breaking highest degree node is applied.
c [w = 16] Encoding duration: 20 ms.
c [w = 16] Number of clauses: 51702.
c [w = 16] Number of variables: 12000.
c [w = 16] SAT Solving starts:
c [Signal] Signal interruption. Caught signal: SIGTERM (15).
c [Main] Child pid 23 - 193297 terminated by signal 15.
c [Main] Child pid 16 - 193296 terminated by signal 15.
c [w = 30] Start task in PID: 193300.
c [w = 30] Cyclic Antibandwidth problem with w = 30 (caterpillar_10_6.txt):
c [w = 30] Initializing CaDiCaL (version 2.1.3).
c [w = 30] Configuring CaDiCaL as --sat (1).
c [w = 30] Encoding starts with w = 30:
c [w = 30] Symmetry breaking highest degree node is applied.
c [w = 30] Encoding duration: 19 ms.
c [w = 30] Number of clauses: 52836.
c [w = 30] Number of variables: 12120.
c [w = 30] SAT Solving starts:
c [w = 30] Solving duration: 0 ms.
c [w = 30] Answer:
s [w = 30] UNSAT (w = 30).
c [w = 30] Result: 20.
c [Main] Min width UNSAT is set to 30
c [w = 29] Start task in PID: 193299.
c [w = 29] Cyclic Antibandwidth problem with w = 29 (caterpillar_10_6.txt):
c [w = 29] Initializing CaDiCaL (version 2.1.3).
c [w = 29] Configuring CaDiCaL as --sat (1).
c [w = 29] Encoding starts with w = 29:
c [w = 29] Symmetry breaking highest degree node is applied.
c [w = 29] Encoding duration: 35 ms.
c [w = 29] Number of clauses: 57099.
c [w = 29] Number of variables: 13560.
c [w = 29] SAT Solving starts:
c [w = 29] Solving duration: 68 ms.
c [w = 29] Answer:
s [w = 29] UNSAT (w = 29).
c [w = 29] Result: 20.
c [Main] Min width UNSAT is set to 29
c [w = 28] Start task in PID: 193301.
c [w = 28] Cyclic Antibandwidth problem with w = 28 (caterpillar_10_6.txt):
c [w = 28] Initializing CaDiCaL (version 2.1.3).
c [w = 28] Configuring CaDiCaL as --sat (1).
c [w = 28] Encoding starts with w = 28:
c [w = 28] Symmetry breaking highest degree node is applied.
c [w = 28] Encoding duration: 22 ms.
c [w = 28] Number of clauses: 56499.
c [w = 28] Number of variables: 13380.
c [w = 28] SAT Solving starts:
c [w = 28] Solving duration: 71 ms.
c [w = 28] Answer:
s [w = 28] SAT (w = 28).
c [w = 28] Solution check = 28.
c [w = 28] The solution is correct.
c [w = 28] Result: 10.
c [Main] Max width SAT is set to 28.
c [Signal] Signal interruption. Caught signal: SIGTERM (15).
c [Main] All children have completed.
r [Main] 
r [Main] Final results: 
r [Main] Max width SAT:  	28.
r [Main] Min width UNSAT:	29.
r [Main] Total real time: 166 ms.
r [Main] Total memory consumed: 36.4 MB.
r [Main] 
