c [Version] Cyclic Bandwidth Encoder version 1.0.0.
c [Param] Real time limit is set to 150.
c [Param] Memory limit is set to 30000.
c [Param] Worker count is set to 4.
c [Main] Encoding and solving for graph: 3dmesh_3_3_3.txt.
c [Main] Search strategy: Binary search from upper bound.
c [Main] No predefined lower bound is found for 3dmesh_3_3_3.txt.
c [Main] LB-w = 2 (default value).
c [Main] Upper bound is set to 10.
c [Main] Search order: 6 8 9 10 7 3 4 5 2.
c [w = 9] Start task in PID: 13048.
c [w = 9] Cyclic Antibandwidth problem with w = 9 (3dmesh_3_3_3.txt):
c [w = 9] Initializing CaDiCaL (version 2.1.3).
c [w = 9] Configuring CaDiCaL as --sat (1).
c [w = 9] Encoding starts with w = 9:
c [w = 9] Symmetry breaking highest degree node is applied.
c [w = 9] Encoding duration: 8 ms.
c [w = 9] Number of clauses: 12865.
c [w = 9] Number of variables: 2430.
c [w = 9] SAT Solving starts:
c [w = 9] Solving duration: 0 ms.
c [w = 9] Answer:
s [w = 9] SAT (w = 9).
c [w = 9] Solution check = 9.
c [w = 9] The solution is correct.
c [w = 9] Result: 10.
c [w = 8] Start task in PID: 13047.
c [w = 8] Cyclic Antibandwidth problem with w = 8 (3dmesh_3_3_3.txt):
c [w = 8] Initializing CaDiCaL (version 2.1.3).
c [w = 8] Configuring CaDiCaL as --sat (1).
c [w = 8] Encoding starts with w = 8:
c [w = 8] Symmetry breaking highest degree node is applied.
c [w = 8] Encoding duration: 8 ms.
c [w = 8] Number of clauses: 12946.
c [w = 8] Number of variables: 2484.
c [w = 8] SAT Solving starts:
c [Signal] Signal interruption. Caught signal: SIGTERM (15).
c [w = 6] Start task in PID: 13046.
c [w = 6] Cyclic Antibandwidth problem with w = 6 (3dmesh_3_3_3.txt):
c [w = 6] Initializing CaDiCaL (version 2.1.3).
c [w = 6] Configuring CaDiCaL as --sat (1).
c [w = 6] Encoding starts with w = 6:
c [w = 6] Symmetry breaking highest degree node is applied.
c [w = 6] Encoding duration: 8 ms.
c [w = 6] Number of clauses: 12460.
c [w = 6] Number of variables: 2349.
c [w = 6] SAT Solving starts:
c [Signal] Signal interruption. Caught signal: SIGTERM (15).
c [Main] Max width SAT is set to 9.
c [Main] Kill lower pid 8.
c [Main] Kill lower pid 6.
c [Main] Child pid 6 - 13046 terminated by signal 15.
c [Main] Child pid 8 - 13047 terminated by signal 15.
c [w = 10] Start task in PID: 13049.
c [w = 10] Cyclic Antibandwidth problem with w = 10 (3dmesh_3_3_3.txt):
c [w = 10] Initializing CaDiCaL (version 2.1.3).
c [w = 10] Configuring CaDiCaL as --sat (1).
c [w = 10] Encoding starts with w = 10:
c [w = 10] Symmetry breaking highest degree node is applied.
c [w = 10] Encoding duration: 8 ms.
c [w = 10] Number of clauses: 13135.
c [w = 10] Number of variables: 2511.
c [w = 10] SAT Solving starts:
c [w = 10] Solving duration: 481 ms.
c [w = 10] Answer:
s [w = 10] UNSAT (w = 10).
c [w = 10] Result: 20.
c [Main] Min width UNSAT is set to 10
c [Main] All children have completed.
r [Main] 
r [Main] Final results: 
r [Main] Max width SAT:  	9.
r [Main] Min width UNSAT:	10.
r [Main] Total real time: 494 ms.
r [Main] Total memory consumed: 10.8 MB.
r [Main] 
c [Signal] Signal interruption. Caught signal: SIGTERM (15).
