c [Version] Cyclic Bandwidth Encoder version 1.0.0.
c [Param] Real time limit is set to 150.
c [Param] Memory limit is set to 30000.
c [Param] Worker count is set to 4.
c [Main] Encoding and solving for graph: 3dmesh_3_3_135.txt.
c [Main] Search strategy: Binary search from lower bound.
c [Main] No predefined lower bound is found for 3dmesh_3_3_135.txt.
c [Main] LB-w = 2 (default value).
c [Main] Upper bound is set to 604.
c [Main] Search order: 303 152 76 38 19 10 5 3 2 4 7 6 8 9 14 12 11 13 16 15 17 18 28 23 21 20 22 25 24 26 27 33 30 29 31 32 35 34 36 37 57 47 42 40 39 41 44 43 45 46 52 49 48 50 51 54 53 55 56 66 61 59 58 60 63 62 64 65 71 68 67 69 70 73 72 74 75 114 95 85 80 78 77 79 82 81 83 84 90 87 86 88 89 92 91 93 94 104 99 97 96 98 101 100 102 103 109 106 105 107 108 111 110 112 113 133 123 118 116 115 117 120 119 121 122 128 125 124 126 127 130 129 131 132 142 137 135 134 136 139 138 140 141 147 144 143 145 146 149 148 150 151 227 189 170 161 156 154 153 155 158 157 159 160 165 163 162 164 167 166 168 169 179 174 172 171 173 176 175 177 178 184 181 180 182 183 186 185 187 188 208 198 193 191 190 192 195 194 196 197 203 200 199 201 202 205 204 206 207 217 212 210 209 211 214 213 215 216 222 219 218 220 221 224 223 225 226 265 246 236 231 229 228 230 233 232 234 235 241 238 237 239 240 243 242 244 245 255 250 248 247 249 252 251 253 254 260 257 256 258 259 262 261 263 264 284 274 269 267 266 268 271 270 272 273 279 276 275 277 278 281 280 282 283 293 288 286 285 287 290 289 291 292 298 295 294 296 297 300 299 301 302 454 378 340 321 312 307 305 304 306 309 308 310 311 316 314 313 315 318 317 319 320 330 325 323 322 324 327 326 328 329 335 332 331 333 334 337 336 338 339 359 349 344 342 341 343 346 345 347 348 354 351 350 352 353 356 355 357 358 368 363 361 360 362 365 364 366 367 373 370 369 371 372 375 374 376 377 416 397 387 382 380 379 381 384 383 385 386 392 389 388 390 391 394 393 395 396 406 401 399 398 400 403 402 404 405 411 408 407 409 410 413 412 414 415 435 425 420 418 417 419 422 421 423 424 430 427 426 428 429 432 431 433 434 444 439 437 436 438 441 440 442 443 449 446 445 447 448 451 450 452 453 529 491 472 463 458 456 455 457 460 459 461 462 467 465 464 466 469 468 470 471 481 476 474 473 475 478 477 479 480 486 483 482 484 485 488 487 489 490 510 500 495 493 492 494 497 496 498 499 505 502 501 503 504 507 506 508 509 519 514 512 511 513 516 515 517 518 524 521 520 522 523 526 525 527 528 567 548 538 533 531 530 532 535 534 536 537 543 540 539 541 542 545 544 546 547 557 552 550 549 551 554 553 555 556 562 559 558 560 561 564 563 565 566 586 576 571 569 568 570 573 572 574 575 581 578 577 579 580 583 582 584 585 595 590 588 587 589 592 591 593 594 600 597 596 598 599 602 601 603 604.
c [w = 38] Start task in PID: 7198.
c [w = 38] Cyclic Antibandwidth problem with w = 38 (3dmesh_3_3_135.txt):
c [w = 38] Initializing CaDiCaL (version 2.1.3).
c [w = 38] Configuring CaDiCaL as --sat (1).
c [w = 38] Encoding starts with w = 38:
c [w = 38] Symmetry breaking highest degree node is applied.
c [w = 38] Encoding duration: 21219 ms.
c [w = 38] Number of clauses: 28806691.
c [w = 38] Number of variables: 4478490.
c [w = 38] SAT Solving starts:
c [w = 38] Solving duration: 14860 ms.
c [w = 38] Answer:
s [w = 38] SAT (w = 38).
c [w = 38] Solution check = 38.
c [w = 38] The solution is correct.
c [w = 38] Result: 10.
c [Main] Max width SAT is set to 38.
c [w = 57] Start task in PID: 7254.
c [w = 57] Cyclic Antibandwidth problem with w = 57 (3dmesh_3_3_135.txt):
c [w = 57] Initializing CaDiCaL (version 2.1.3).
c [w = 57] Configuring CaDiCaL as --sat (1).
c [w = 57] Encoding starts with w = 57:
c [w = 57] Symmetry breaking highest degree node is applied.
c [w = 57] Encoding duration: 21554 ms.
c [w = 57] Number of clauses: 28828291.
c [w = 57] Number of variables: 4561110.
c [w = 57] SAT Solving starts:
c [Signal] Signal interruption. Caught signal: SIGTERM (15).
c [w = 76] Start task in PID: 7197.
c [w = 76] Cyclic Antibandwidth problem with w = 76 (3dmesh_3_3_135.txt):
c [w = 76] Initializing CaDiCaL (version 2.1.3).
c [w = 76] Configuring CaDiCaL as --sat (1).
c [w = 76] Encoding starts with w = 76:
c [w = 76] Symmetry breaking highest degree node is applied.
c [w = 76] Encoding duration: 20473 ms.
c [w = 76] Number of clauses: 28687189.
c [w = 76] Number of variables: 4536810.
c [w = 76] SAT Solving starts:
c [Signal] Signal interruption. Caught signal: SIGTERM (15).
c [w = 152] Start task in PID: 7196.
c [w = 152] Cyclic Antibandwidth problem with w = 152 (3dmesh_3_3_135.txt):
c [w = 152] Initializing CaDiCaL (version 2.1.3).
c [w = 152] Configuring CaDiCaL as --sat (1).
c [w = 152] Encoding starts with w = 152:
c [w = 152] Symmetry breaking highest degree node is applied.
c [w = 152] Encoding duration: 20101 ms.
c [w = 152] Number of clauses: 28813333.
c [w = 152] Number of variables: 4565970.
c [w = 152] SAT Solving starts:
c [Signal] Signal interruption. Caught signal: SIGTERM (15).
c [w = 303] Start task in PID: 7195.
c [w = 303] Cyclic Antibandwidth problem with w = 303 (3dmesh_3_3_135.txt):
c [w = 303] Initializing CaDiCaL (version 2.1.3).
c [w = 303] Configuring CaDiCaL as --sat (1).
c [w = 303] Encoding starts with w = 303:
c [w = 303] Symmetry breaking highest degree node is applied.
c [w = 303] Encoding duration: 22431 ms.
c [w = 303] Number of clauses: 30119377.
c [w = 303] Number of variables: 4940190.
c [w = 303] SAT Solving starts:
c [Signal] Signal interruption. Caught signal: SIGTERM (15).
c [Main] Lim pid ends with result: 255.
c [Main] All children have completed.
r [Main] 
r [Main] Final results: 
r [Main] Max width SAT:  	38.
r [Main] Min width UNSAT:	-.
r [Main] Total real time: 97464 ms.
r [Main] Total memory consumed: 30036 MB.
r [Main] 
