c [Version] Cyclic Bandwidth Encoder version 1.0.0.
c [Param] Real time limit is set to 150.
c [Param] Memory limit is set to 30000.
c [Param] Worker count is set to 4.
c [Main] Encoding and solving for graph: 3dmesh_2_2_168.txt.
c [Main] Search strategy: Binary search from lower bound.
c [Main] No predefined lower bound is found for 3dmesh_2_2_168.txt.
c [Main] LB-w = 2 (default value).
c [Main] Upper bound is set to 334.
c [Main] Search order: 168 84 42 21 11 6 3 2 4 5 8 7 9 10 16 13 12 14 15 18 17 19 20 31 26 23 22 24 25 28 27 29 30 36 33 32 34 35 39 37 38 40 41 63 52 47 44 43 45 46 49 48 50 51 57 54 53 55 56 60 58 59 61 62 73 68 65 64 66 67 70 69 71 72 78 75 74 76 77 81 79 80 82 83 126 105 94 89 86 85 87 88 91 90 92 93 99 96 95 97 98 102 100 101 103 104 115 110 107 106 108 109 112 111 113 114 120 117 116 118 119 123 121 122 124 125 147 136 131 128 127 129 130 133 132 134 135 141 138 137 139 140 144 142 143 145 146 157 152 149 148 150 151 154 153 155 156 162 159 158 160 161 165 163 164 166 167 251 209 188 178 173 170 169 171 172 175 174 176 177 183 180 179 181 182 185 184 186 187 198 193 190 189 191 192 195 194 196 197 203 200 199 201 202 206 204 205 207 208 230 219 214 211 210 212 213 216 215 217 218 224 221 220 222 223 227 225 226 228 229 240 235 232 231 233 234 237 236 238 239 245 242 241 243 244 248 246 247 249 250 293 272 261 256 253 252 254 255 258 257 259 260 266 263 262 264 265 269 267 268 270 271 282 277 274 273 275 276 279 278 280 281 287 284 283 285 286 290 288 289 291 292 314 303 298 295 294 296 297 300 299 301 302 308 305 304 306 307 311 309 310 312 313 324 319 316 315 317 318 321 320 322 323 329 326 325 327 328 332 330 331 333 334.
c [w = 42] Start task in PID: 18098.
c [w = 42] Cyclic Antibandwidth problem with w = 42 (3dmesh_2_2_168.txt):
c [w = 42] Initializing CaDiCaL (version 2.1.3).
c [w = 42] Configuring CaDiCaL as --sat (1).
c [w = 42] Encoding starts with w = 42:
c [w = 42] Symmetry breaking highest degree node is applied.
c [w = 42] Encoding duration: 3179 ms.
c [w = 42] Number of clauses: 8172720.
c [w = 42] Number of variables: 1389696.
c [w = 42] SAT Solving starts:
c [w = 42] Solving duration: 16309 ms.
c [w = 42] Answer:
s [w = 42] SAT (w = 42).
c [w = 42] Solution check = 42.
c [w = 42] The solution is correct.
c [w = 42] Result: 10.
c [Main] Max width SAT is set to 42.
c [Main] Kill lower pid 21.
c [w = 21] Start task in PID: 18099.
c [w = 21] Cyclic Antibandwidth problem with w = 21 (3dmesh_2_2_168.txt):
c [w = 21] Initializing CaDiCaL (version 2.1.3).
c [w = 21] Configuring CaDiCaL as --sat (1).
c [w = 21] Encoding starts with w = 21:
c [w = 21] Symmetry breaking highest degree node is applied.
c [w = 21] Encoding duration: 3207 ms.
c [w = 21] Number of clauses: 8260944.
c [w = 21] Number of variables: 1357440.
c [w = 21] SAT Solving starts:
c [Signal] Signal interruption. Caught signal: SIGTERM (15).
c [Main] Child pid 21 - 18099 terminated by signal 15.
c [w = 52] Start task in PID: 18106.
c [w = 52] Cyclic Antibandwidth problem with w = 52 (3dmesh_2_2_168.txt):
c [w = 52] Initializing CaDiCaL (version 2.1.3).
c [w = 52] Configuring CaDiCaL as --sat (1).
c [w = 52] Encoding starts with w = 52:
c [w = 52] Symmetry breaking highest degree node is applied.
c [w = 52] Encoding duration: 3241 ms.
c [w = 52] Number of clauses: 8187468.
c [w = 52] Number of variables: 1398432.
c [w = 52] SAT Solving starts:
c [w = 52] Solving duration: 7418 ms.
c [w = 52] Answer:
s [w = 52] SAT (w = 52).
c [w = 52] Solution check = 52.
c [w = 52] The solution is correct.
c [w = 52] Result: 10.
c [Main] Max width SAT is set to 52.
c [w = 84] Start task in PID: 18097.
c [w = 84] Cyclic Antibandwidth problem with w = 84 (3dmesh_2_2_168.txt):
c [w = 84] Initializing CaDiCaL (version 2.1.3).
c [w = 84] Configuring CaDiCaL as --sat (1).
c [w = 84] Encoding starts with w = 84:
c [w = 84] Symmetry breaking highest degree node is applied.
c [w = 84] Encoding duration: 3183 ms.
c [w = 84] Number of clauses: 8214288.
c [w = 84] Number of variables: 1405824.
c [w = 84] SAT Solving starts:
c [w = 84] Solving duration: 67590 ms.
c [w = 84] Answer:
s [w = 84] SAT (w = 84).
c [w = 84] Solution check = 84.
c [w = 84] The solution is correct.
c [w = 84] Result: 10.
c [w = 57] Start task in PID: 18109.
c [w = 57] Cyclic Antibandwidth problem with w = 57 (3dmesh_2_2_168.txt):
c [w = 57] Initializing CaDiCaL (version 2.1.3).
c [w = 57] Configuring CaDiCaL as --sat (1).
c [w = 57] Encoding starts with w = 57:
c [w = 57] Symmetry breaking highest degree node is applied.
c [w = 57] Encoding duration: 3224 ms.
c [w = 57] Number of clauses: 8208288.
c [w = 57] Number of variables: 1405824.
c [w = 57] SAT Solving starts:
c [Signal] Signal interruption. Caught signal: SIGTERM (15).
c [Main] Max width SAT is set to 84.
c [Main] Kill lower pid 57.
c [Main] Kill lower pid 63.
c [w = 63] Start task in PID: 18105.
c [w = 63] Cyclic Antibandwidth problem with w = 63 (3dmesh_2_2_168.txt):
c [w = 63] Initializing CaDiCaL (version 2.1.3).
c [w = 63] Configuring CaDiCaL as --sat (1).
c [w = 63] Encoding starts with w = 63:
c [w = 63] Symmetry breaking highest degree node is applied.
c [w = 63] Encoding duration: 3217 ms.
c [w = 63] Number of clauses: 8232468.
c [w = 63] Number of variables: 1413888.
c [w = 63] SAT Solving starts:
c [Signal] Signal interruption. Caught signal: SIGTERM (15).
c [Main] Child pid 57 - 18109 terminated by signal 15.
c [Main] Child pid 63 - 18105 terminated by signal 15.
c [w = 94] Start task in PID: 18122.
c [w = 94] Cyclic Antibandwidth problem with w = 94 (3dmesh_2_2_168.txt):
c [w = 94] Initializing CaDiCaL (version 2.1.3).
c [w = 94] Configuring CaDiCaL as --sat (1).
c [w = 94] Encoding starts with w = 94:
c [w = 94] Symmetry breaking highest degree node is applied.
c [w = 94] Encoding duration: 3325 ms.
c [w = 94] Number of clauses: 8382288.
c [w = 94] Number of variables: 1459584.
c [w = 94] SAT Solving starts:
c [Signal] Signal interruption. Caught signal: SIGTERM (15).
c [w = 105] Start task in PID: 18121.
c [w = 105] Cyclic Antibandwidth problem with w = 105 (3dmesh_2_2_168.txt):
c [w = 105] Initializing CaDiCaL (version 2.1.3).
c [w = 105] Configuring CaDiCaL as --sat (1).
c [w = 105] Encoding starts with w = 105:
c [w = 105] Symmetry breaking highest degree node is applied.
c [w = 105] Encoding duration: 3341 ms.
c [w = 105] Number of clauses: 8360100.
c [w = 105] Number of variables: 1450176.
c [w = 105] SAT Solving starts:
c [Signal] Signal interruption. Caught signal: SIGTERM (15).
c [w = 168] Start task in PID: 18096.
c [w = 168] Cyclic Antibandwidth problem with w = 168 (3dmesh_2_2_168.txt):
c [w = 168] Initializing CaDiCaL (version 2.1.3).
c [w = 168] Configuring CaDiCaL as --sat (1).
c [w = 168] Encoding starts with w = 168:
c [w = 168] Symmetry breaking highest degree node is applied.
c [w = 168] Encoding duration: 3254 ms.
c [w = 168] Number of clauses: 8293536.
c [w = 168] Number of variables: 1413888.
c [w = 168] SAT Solving starts:
c [Signal] Signal interruption. Caught signal: SIGTERM (15).
c [w = 126] Start task in PID: 18120.
c [w = 126] Cyclic Antibandwidth problem with w = 126 (3dmesh_2_2_168.txt):
c [w = 126] Initializing CaDiCaL (version 2.1.3).
c [w = 126] Configuring CaDiCaL as --sat (1).
c [w = 126] Encoding starts with w = 126:
c [w = 126] Symmetry breaking highest degree node is applied.
c [w = 126] Encoding duration: 3440 ms.
c [w = 126] Number of clauses: 8421912.
c [w = 126] Number of variables: 1466304.
c [w = 126] SAT Solving starts:
c [Signal] Signal interruption. Caught signal: SIGTERM (15).
c [Main] Lim pid ends with result: 254.
c [Main] All children have completed.
r [Main] 
r [Main] Final results: 
r [Main] Max width SAT:  	84.
r [Main] Min width UNSAT:	-.
r [Main] Total real time: 150811 ms.
r [Main] Total memory consumed: 8812.5 MB.
r [Main] 
