c [Version] Cyclic Bandwidth Encoder version 1.0.0.
c [Param] Real time limit is set to 150.
c [Param] Memory limit is set to 30000.
c [Param] Worker count is set to 4.
c [Main] Encoding and solving for graph: 3dmesh_6_6_36.txt.
c [Main] Search strategy: Binary search from lower bound.
c [Main] No predefined lower bound is found for 3dmesh_6_6_36.txt.
c [Main] LB-w = 2 (default value).
c [Main] Upper bound is set to 630.
c [Main] Search order: 316 158 79 40 20 10 5 3 2 4 7 6 8 9 15 12 11 13 14 17 16 18 19 30 25 22 21 23 24 27 26 28 29 35 32 31 33 34 37 36 38 39 59 49 44 42 41 43 46 45 47 48 54 51 50 52 53 56 55 57 58 69 64 61 60 62 63 66 65 67 68 74 71 70 72 73 76 75 77 78 118 98 88 83 81 80 82 85 84 86 87 93 90 89 91 92 95 94 96 97 108 103 100 99 101 102 105 104 106 107 113 110 109 111 112 115 114 116 117 138 128 123 120 119 121 122 125 124 126 127 133 130 129 131 132 135 134 136 137 148 143 140 139 141 142 145 144 146 147 153 150 149 151 152 155 154 156 157 237 197 177 167 162 160 159 161 164 163 165 166 172 169 168 170 171 174 173 175 176 187 182 179 178 180 181 184 183 185 186 192 189 188 190 191 194 193 195 196 217 207 202 199 198 200 201 204 203 205 206 212 209 208 210 211 214 213 215 216 227 222 219 218 220 221 224 223 225 226 232 229 228 230 231 234 233 235 236 276 256 246 241 239 238 240 243 242 244 245 251 248 247 249 250 253 252 254 255 266 261 258 257 259 260 263 262 264 265 271 268 267 269 270 273 272 274 275 296 286 281 278 277 279 280 283 282 284 285 291 288 287 289 290 293 292 294 295 306 301 298 297 299 300 303 302 304 305 311 308 307 309 310 313 312 314 315 473 394 355 335 325 320 318 317 319 322 321 323 324 330 327 326 328 329 332 331 333 334 345 340 337 336 338 339 342 341 343 344 350 347 346 348 349 352 351 353 354 374 364 359 357 356 358 361 360 362 363 369 366 365 367 368 371 370 372 373 384 379 376 375 377 378 381 380 382 383 389 386 385 387 388 391 390 392 393 433 413 403 398 396 395 397 400 399 401 402 408 405 404 406 407 410 409 411 412 423 418 415 414 416 417 420 419 421 422 428 425 424 426 427 430 429 431 432 453 443 438 435 434 436 437 440 439 441 442 448 445 444 446 447 450 449 451 452 463 458 455 454 456 457 460 459 461 462 468 465 464 466 467 470 469 471 472 552 512 492 482 477 475 474 476 479 478 480 481 487 484 483 485 486 489 488 490 491 502 497 494 493 495 496 499 498 500 501 507 504 503 505 506 509 508 510 511 532 522 517 514 513 515 516 519 518 520 521 527 524 523 525 526 529 528 530 531 542 537 534 533 535 536 539 538 540 541 547 544 543 545 546 549 548 550 551 591 571 561 556 554 553 555 558 557 559 560 566 563 562 564 565 568 567 569 570 581 576 573 572 574 575 578 577 579 580 586 583 582 584 585 588 587 589 590 611 601 596 593 592 594 595 598 597 599 600 606 603 602 604 605 608 607 609 610 621 616 613 612 614 615 618 617 619 620 626 623 622 624 625 628 627 629 630.
c [w = 79] Start task in PID: 9141.
c [w = 79] Cyclic Antibandwidth problem with w = 79 (3dmesh_6_6_36.txt):
c [w = 79] Initializing CaDiCaL (version 2.1.3).
c [w = 79] Configuring CaDiCaL as --sat (1).
c [w = 79] Encoding starts with w = 79:
c [w = 79] Symmetry breaking highest degree node is applied.
c [w = 79] Encoding duration: 23901 ms.
c [w = 79] Number of clauses: 34899876.
c [w = 79] Number of variables: 5215104.
c [w = 79] SAT Solving starts:
c [Signal] Signal interruption. Caught signal: SIGTERM (15).
c [w = 158] Start task in PID: 9140.
c [w = 158] Cyclic Antibandwidth problem with w = 158 (3dmesh_6_6_36.txt):
c [w = 158] Initializing CaDiCaL (version 2.1.3).
c [w = 158] Configuring CaDiCaL as --sat (1).
c [w = 158] Encoding starts with w = 158:
c [w = 158] Symmetry breaking highest degree node is applied.
c [w = 158] Encoding duration: 24891 ms.
c [w = 158] Number of clauses: 35344836.
c [w = 158] Number of variables: 5348592.
c [w = 158] SAT Solving starts:
c [Signal] Signal interruption. Caught signal: SIGTERM (15).
c [w = 316] Start task in PID: 9139.
c [w = 316] Cyclic Antibandwidth problem with w = 316 (3dmesh_6_6_36.txt):
c [w = 316] Initializing CaDiCaL (version 2.1.3).
c [w = 316] Configuring CaDiCaL as --sat (1).
c [w = 316] Encoding starts with w = 316:
c [w = 316] Symmetry breaking highest degree node is applied.
c [w = 316] Encoding duration: 24735 ms.
c [w = 316] Number of clauses: 36212724.
c [w = 316] Number of variables: 5568912.
c [w = 316] SAT Solving starts:
c [Signal] Signal interruption. Caught signal: SIGTERM (15).
c [Main] Lim pid ends with result: 255.
c [Main] All children have completed.
r [Main] 
r [Main] Final results: 
r [Main] Max width SAT:  	-.
r [Main] Min width UNSAT:	-.
r [Main] Total real time: 47674 ms.
r [Main] Total memory consumed: 30039.5 MB.
r [Main] 
c [w = 40] Start task in PID: 9142.
c [w = 40] Cyclic Antibandwidth problem with w = 40 (3dmesh_6_6_36.txt):
c [w = 40] Initializing CaDiCaL (version 2.1.3).
c [w = 40] Configuring CaDiCaL as --sat (1).
c [w = 40] Encoding starts with w = 40:
c [w = 40] Symmetry breaking highest degree node is applied.
c [w = 40] Encoding duration: 24343 ms.
c [w = 40] Number of clauses: 34937892.
c [w = 40] Number of variables: 5123088.
c [w = 40] SAT Solving starts:
c [Signal] Signal interruption. Caught signal: SIGTERM (15).
