c [Version] Cyclic Bandwidth Encoder version 1.0.0.
c [Param] Real time limit is set to 150.
c [Param] Memory limit is set to 30000.
c [Param] Worker count is set to 4.
c [Main] Encoding and solving for graph: 3dmesh_5_5_100.txt.
c [Main] Search strategy: Binary search from lower bound.
c [Main] No predefined lower bound is found for 3dmesh_5_5_100.txt.
c [Main] LB-w = 2 (default value).
c [Main] Upper bound is set to 1237.
c [Main] Search order: 619 310 155 78 39 20 10 5 3 2 4 7 6 8 9 15 12 11 13 14 17 16 18 19 29 24 22 21 23 26 25 27 28 34 31 30 32 33 36 35 37 38 58 48 43 41 40 42 45 44 46 47 53 50 49 51 52 55 54 56 57 68 63 60 59 61 62 65 64 66 67 73 70 69 71 72 75 74 76 77 116 97 87 82 80 79 81 84 83 85 86 92 89 88 90 91 94 93 95 96 106 101 99 98 100 103 102 104 105 111 108 107 109 110 113 112 114 115 135 125 120 118 117 119 122 121 123 124 130 127 126 128 129 132 131 133 134 145 140 137 136 138 139 142 141 143 144 150 147 146 148 149 152 151 153 154 232 193 174 164 159 157 156 158 161 160 162 163 169 166 165 167 168 171 170 172 173 183 178 176 175 177 180 179 181 182 188 185 184 186 187 190 189 191 192 212 202 197 195 194 196 199 198 200 201 207 204 203 205 206 209 208 210 211 222 217 214 213 215 216 219 218 220 221 227 224 223 225 226 229 228 230 231 271 251 241 236 234 233 235 238 237 239 240 246 243 242 244 245 248 247 249 250 261 256 253 252 254 255 258 257 259 260 266 263 262 264 265 268 267 269 270 290 280 275 273 272 274 277 276 278 279 285 282 281 283 284 287 286 288 289 300 295 292 291 293 294 297 296 298 299 305 302 301 303 304 307 306 308 309 464 387 348 329 319 314 312 311 313 316 315 317 318 324 321 320 322 323 326 325 327 328 338 333 331 330 332 335 334 336 337 343 340 339 341 342 345 344 346 347 367 357 352 350 349 351 354 353 355 356 362 359 358 360 361 364 363 365 366 377 372 369 368 370 371 374 373 375 376 382 379 378 380 381 384 383 385 386 425 406 396 391 389 388 390 393 392 394 395 401 398 397 399 400 403 402 404 405 415 410 408 407 409 412 411 413 414 420 417 416 418 419 422 421 423 424 444 434 429 427 426 428 431 430 432 433 439 436 435 437 438 441 440 442 443 454 449 446 445 447 448 451 450 452 453 459 456 455 457 458 461 460 462 463 541 502 483 473 468 466 465 467 470 469 471 472 478 475 474 476 477 480 479 481 482 492 487 485 484 486 489 488 490 491 497 494 493 495 496 499 498 500 501 521 511 506 504 503 505 508 507 509 510 516 513 512 514 515 518 517 519 520 531 526 523 522 524 525 528 527 529 530 536 533 532 534 535 538 537 539 540 580 560 550 545 543 542 544 547 546 548 549 555 552 551 553 554 557 556 558 559 570 565 562 561 563 564 567 566 568 569 575 572 571 573 574 577 576 578 579 599 589 584 582 581 583 586 585 587 588 594 591 590 592 593 596 595 597 598 609 604 601 600 602 603 606 605 607 608 614 611 610 612 613 616 615 617 618 928 773 696 657 638 628 623 621 620 622 625 624 626 627 633 630 629 631 632 635 634 636 637 647 642 640 639 641 644 643 645 646 652 649 648 650 651 654 653 655 656 676 666 661 659 658 660 663 662 664 665 671 668 667 669 670 673 672 674 675 686 681 678 677 679 680 683 682 684 685 691 688 687 689 690 693 692 694 695 734 715 705 700 698 697 699 702 701 703 704 710 707 706 708 709 712 711 713 714 724 719 717 716 718 721 720 722 723 729 726 725 727 728 731 730 732 733 753 743 738 736 735 737 740 739 741 742 748 745 744 746 747 750 749 751 752 763 758 755 754 756 757 760 759 761 762 768 765 764 766 767 770 769 771 772 850 811 792 782 777 775 774 776 779 778 780 781 787 784 783 785 786 789 788 790 791 801 796 794 793 795 798 797 799 800 806 803 802 804 805 808 807 809 810 830 820 815 813 812 814 817 816 818 819 825 822 821 823 824 827 826 828 829 840 835 832 831 833 834 837 836 838 839 845 842 841 843 844 847 846 848 849 889 869 859 854 852 851 853 856 855 857 858 864 861 860 862 863 866 865 867 868 879 874 871 870 872 873 876 875 877 878 884 881 880 882 883 886 885 887 888 908 898 893 891 890 892 895 894 896 897 903 900 899 901 902 905 904 906 907 918 913 910 909 911 912 915 914 916 917 923 920 919 921 922 925 924 926 927 1083 1005 966 947 937 932 930 929 931 934 933 935 936 942 939 938 940 941 944 943 945 946 956 951 949 948 950 953 952 954 955 961 958 957 959 960 963 962 964 965 985 975 970 968 967 969 972 971 973 974 980 977 976 978 979 982 981 983 984 995 990 987 986 988 989 992 991 993 994 1000 997 996 998 999 1002 1001 1003 1004 1044 1024 1014 1009 1007 1006 1008 1011 1010 1012 1013 1019 1016 1015 1017 1018 1021 1020 1022 1023 1034 1029 1026 1025 1027 1028 1031 1030 1032 1033 1039 1036 1035 1037 1038 1041 1040 1042 1043 1063 1053 1048 1046 1045 1047 1050 1049 1051 1052 1058 1055 1054 1056 1057 1060 1059 1061 1062 1073 1068 1065 1064 1066 1067 1070 1069 1071 1072 1078 1075 1074 1076 1077 1080 1079 1081 1082 1160 1121 1102 1092 1087 1085 1084 1086 1089 1088 1090 1091 1097 1094 1093 1095 1096 1099 1098 1100 1101 1111 1106 1104 1103 1105 1108 1107 1109 1110 1116 1113 1112 1114 1115 1118 1117 1119 1120 1140 1130 1125 1123 1122 1124 1127 1126 1128 1129 1135 1132 1131 1133 1134 1137 1136 1138 1139 1150 1145 1142 1141 1143 1144 1147 1146 1148 1149 1155 1152 1151 1153 1154 1157 1156 1158 1159 1199 1179 1169 1164 1162 1161 1163 1166 1165 1167 1168 1174 1171 1170 1172 1173 1176 1175 1177 1178 1189 1184 1181 1180 1182 1183 1186 1185 1187 1188 1194 1191 1190 1192 1193 1196 1195 1197 1198 1218 1208 1203 1201 1200 1202 1205 1204 1206 1207 1213 1210 1209 1211 1212 1215 1214 1216 1217 1228 1223 1220 1219 1221 1222 1225 1224 1226 1227 1233 1230 1229 1231 1232 1235 1234 1236 1237.
c [w = 78] Start task in PID: 18402.
c [w = 78] Cyclic Antibandwidth problem with w = 78 (3dmesh_5_5_100.txt):
c [w = 78] Initializing CaDiCaL (version 2.1.3).
c [w = 78] Configuring CaDiCaL as --sat (1).
c [w = 78] Encoding starts with w = 78:
c [w = 78] Symmetry breaking highest degree node is applied.
c [Signal] Signal interruption. Caught signal: SIGTERM (15).
c [w = 155] Start task in PID: 18401.
c [w = 155] Cyclic Antibandwidth problem with w = 155 (3dmesh_5_5_100.txt):
c [w = 155] Initializing CaDiCaL (version 2.1.3).
c [w = 155] Configuring CaDiCaL as --sat (1).
c [w = 155] Encoding starts with w = 155:
c [w = 155] Symmetry breaking highest degree node is applied.
c [Signal] Signal interruption. Caught signal: SIGTERM (15).
c [w = 310] Start task in PID: 18400.
c [w = 310] Cyclic Antibandwidth problem with w = 310 (3dmesh_5_5_100.txt):
c [w = 310] Initializing CaDiCaL (version 2.1.3).
c [w = 310] Configuring CaDiCaL as --sat (1).
c [w = 310] Encoding starts with w = 310:
c [w = 310] Symmetry breaking highest degree node is applied.
c [Signal] Signal interruption. Caught signal: SIGTERM (15).
c [w = 619] Start task in PID: 18399.
c [w = 619] Cyclic Antibandwidth problem with w = 619 (3dmesh_5_5_100.txt):
c [w = 619] Initializing CaDiCaL (version 2.1.3).
c [w = 619] Configuring CaDiCaL as --sat (1).
c [w = 619] Encoding starts with w = 619:
c [w = 619] Symmetry breaking highest degree node is applied.
c [Signal] Signal interruption. Caught signal: SIGTERM (15).
c [Main] Lim pid ends with result: 255.
c [Main] All children have completed.
r [Main] 
r [Main] Final results: 
r [Main] Max width SAT:  	-.
r [Main] Min width UNSAT:	-.
r [Main] Total real time: 12056 ms.
r [Main] Total memory consumed: 30081.1 MB.
r [Main] 
