c [Version] Cyclic Bandwidth Encoder version 1.0.0.
c [Param] Real time limit is set to 150.
c [Param] Memory limit is set to 30000.
c [Param] Worker count is set to 8.
c [Main] Encoding and solving for graph: double_star_50_20.txt.
c [Main] Search strategy: Binary search using BFS.
c [Main] No predefined lower bound is found for double_star_50_20.txt.
c [Main] LB-w = 2 (default value).
c [Main] Upper bound is set to 11.
c [Main] Search order: 6 3 9 2 4 7 10 5 8 11.
c [w = 3] Start task in PID: 4450.
c [w = 3] Cyclic Antibandwidth problem with w = 3 (double_star_50_20.txt):
c [w = 3] Initializing CaDiCaL (version 2.1.3).
c [w = 3] Configuring CaDiCaL as --sat (1).
c [w = 3] Encoding starts with w = 3:
c [w = 3] Symmetry breaking highest degree node is applied.
c [w = 3] Encoding duration: 78 ms.
c [w = 3] Number of clauses: 72417.
c [w = 3] Number of variables: 11900.
c [w = 3] SAT Solving starts:
c [w = 3] Solving duration: 22 ms.
c [w = 3] Answer:
s [w = 3] SAT (w = 3).
c [w = 3] Solution check = 3.
c [w = 3] The solution is correct.
c [w = 3] Result: 10.
c [Main] Max width SAT is set to 3.
c [Main] Kill lower pid 2.
c [w = 2] Start task in PID: 4452.
c [w = 2] Cyclic Antibandwidth problem with w = 2 (double_star_50_20.txt):
c [w = 2] Initializing CaDiCaL (version 2.1.3).
c [w = 2] Configuring CaDiCaL as --sat (1).
c [w = 2] Encoding starts with w = 2:
c [w = 2] Symmetry breaking highest degree node is applied.
c [w = 2] Encoding duration: 85 ms.
c [w = 2] Number of clauses: 85960.
c [w = 2] Number of variables: 9450.
c [w = 2] SAT Solving starts:
c [w = 2] Solving duration: 25 ms.
c [w = 2] Answer:
s [w = 2] SAT (w = 2).
c [w = 2] Solution check = 2.
c [w = 2] The solution is correct.
c [Signal] Signal interruption. Caught signal: SIGTERM (15).
c [Main] Child pid 2 - 4452 terminated by signal 15.
c [w = 4] Start task in PID: 4453.
c [w = 4] Cyclic Antibandwidth problem with w = 4 (double_star_50_20.txt):
c [w = 4] Initializing CaDiCaL (version 2.1.3).
c [w = 4] Configuring CaDiCaL as --sat (1).
c [w = 4] Encoding starts with w = 4:
c [w = 4] Symmetry breaking highest degree node is applied.
c [w = 4] Encoding duration: 76 ms.
c [w = 4] Number of clauses: 68619.
c [w = 4] Number of variables: 13160.
c [w = 4] SAT Solving starts:
c [w = 4] Solving duration: 28 ms.
c [w = 4] Answer:
s [w = 4] SAT (w = 4).
c [w = 4] Solution check = 4.
c [w = 4] The solution is correct.
c [w = 4] Result: 10.
c [Main] Max width SAT is set to 4.
c [w = 6] Start task in PID: 4449.
c [w = 6] Cyclic Antibandwidth problem with w = 6 (double_star_50_20.txt):
c [w = 6] Initializing CaDiCaL (version 2.1.3).
c [w = 6] Configuring CaDiCaL as --sat (1).
c [w = 6] Encoding starts with w = 6:
c [w = 6] Symmetry breaking highest degree node is applied.
c [w = 6] Encoding duration: 77 ms.
c [w = 6] Number of clauses: 67271.
c [w = 6] Number of variables: 14420.
c [w = 6] SAT Solving starts:
c [w = 6] Solving duration: 83 ms.
c [w = 6] Answer:
s [w = 6] SAT (w = 6).
c [w = 6] Solution check = 6.
c [w = 6] The solution is correct.
c [w = 6] Result: 10.
c [Main] Max width SAT is set to 6.
c [Main] Kill lower pid 5.
c [w = 5] Start task in PID: 4456.
c [w = 5] Cyclic Antibandwidth problem with w = 5 (double_star_50_20.txt):
c [w = 5] Initializing CaDiCaL (version 2.1.3).
c [w = 5] Configuring CaDiCaL as --sat (1).
c [w = 5] Encoding starts with w = 5:
c [w = 5] Symmetry breaking highest degree node is applied.
c [w = 5] Encoding duration: 75 ms.
c [w = 5] Number of clauses: 66997.
c [w = 5] Number of variables: 13860.
c [w = 5] SAT Solving starts:
c [Signal] Signal interruption. Caught signal: SIGTERM (15).
c [Main] Child pid 5 - 4456 terminated by signal 15.
c [w = 10] Start task in PID: 4455.
c [w = 10] Cyclic Antibandwidth problem with w = 10 (double_star_50_20.txt):
c [w = 10] Initializing CaDiCaL (version 2.1.3).
c [w = 10] Configuring CaDiCaL as --sat (1).
c [w = 10] Encoding starts with w = 10:
c [w = 10] Symmetry breaking highest degree node is applied.
c [w = 10] Encoding duration: 78 ms.
c [w = 10] Number of clauses: 67816.
c [w = 10] Number of variables: 15330.
c [w = 10] SAT Solving starts:
c [w = 10] Solving duration: 159 ms.
c [w = 10] Answer:
s [w = 10] SAT (w = 10).
c [w = 10] Solution check = 10.
c [w = 10] The solution is correct.
c [w = 10] Result: 10.
c [Main] Max width SAT is set to 10.
c [Main] Kill lower pid 8.
c [Main] Kill lower pid 7.
c [Main] Kill lower pid 9.
c [w = 8] Start task in PID: 4461.
c [w = 8] Cyclic Antibandwidth problem with w = 8 (double_star_50_20.txt):
c [w = 8] Initializing CaDiCaL (version 2.1.3).
c [w = 8] Configuring CaDiCaL as --sat (1).
c [w = 8] Encoding starts with w = 8:
c [w = 8] Symmetry breaking highest degree node is applied.
c [w = 8] Encoding duration: 74 ms.
c [w = 8] Number of clauses: 67612.
c [w = 8] Number of variables: 15050.
c [w = 8] SAT Solving starts:
c [Signal] Signal interruption. Caught signal: SIGTERM (15).
c [w = 7] Start task in PID: 4454.
c [w = 7] Cyclic Antibandwidth problem with w = 7 (double_star_50_20.txt):
c [w = 7] Initializing CaDiCaL (version 2.1.3).
c [w = 7] Configuring CaDiCaL as --sat (1).
c [w = 7] Encoding starts with w = 7:
c [w = 7] Symmetry breaking highest degree node is applied.
c [w = 7] Encoding duration: 78 ms.
c [w = 7] Number of clauses: 66985.
c [w = 7] Number of variables: 14700.
c [w = 7] SAT Solving starts:
c [Signal] Signal interruption. Caught signal: SIGTERM (15).
c [w = 9] Start task in PID: 4451.
c [w = 9] Cyclic Antibandwidth problem with w = 9 (double_star_50_20.txt):
c [w = 9] Initializing CaDiCaL (version 2.1.3).
c [w = 9] Configuring CaDiCaL as --sat (1).
c [w = 9] Encoding starts with w = 9:
c [w = 9] Symmetry breaking highest degree node is applied.
c [w = 9] Encoding duration: 86 ms.
c [w = 9] Number of clauses: 67889.
c [w = 9] Number of variables: 15260.
c [w = 9] SAT Solving starts:
c [Signal] Signal interruption. Caught signal: SIGTERM (15).
c [Main] Child pid 8 - 4461 terminated by signal 15.
c [Main] Child pid 9 - 4451 terminated by signal 15.
c [Main] Child pid 7 - 4454 terminated by signal 15.
c [w = 11] Start task in PID: 4462.
c [w = 11] Cyclic Antibandwidth problem with w = 11 (double_star_50_20.txt):
c [w = 11] Initializing CaDiCaL (version 2.1.3).
c [w = 11] Configuring CaDiCaL as --sat (1).
c [w = 11] Encoding starts with w = 11:
c [w = 11] Symmetry breaking highest degree node is applied.
c [w = 11] Encoding duration: 68 ms.
c [w = 11] Number of clauses: 69356.
c [w = 11] Number of variables: 15820.
c [w = 11] SAT Solving starts:
c [Signal] Signal interruption. Caught signal: SIGTERM (15).
c [Main] Lim pid ends with result: 254.
c [Main] All children have completed.
r [Main] 
r [Main] Final results: 
r [Main] Max width SAT:  	10.
r [Main] Min width UNSAT:	-.
r [Main] Total real time: 150649 ms.
r [Main] Total memory consumed: 150.1 MB.
r [Main] 
