c [Version] Cyclic Bandwidth Encoder version 1.0.0.
c [Param] Real time limit is set to 150.
c [Param] Memory limit is set to 30000.
c [Param] Worker count is set to 8.
c [Main] Encoding and solving for graph: double_star_150_30.txt.
c [Main] Search strategy: Binary search using BFS.
c [Main] No predefined lower bound is found for double_star_150_30.txt.
c [Main] LB-w = 2 (default value).
c [Main] Upper bound is set to 16.
c [Main] Search order: 9 5 13 3 7 11 15 2 4 6 8 10 12 14 16.
c [w = 2] Start task in PID: 4766.
c [w = 2] Cyclic Antibandwidth problem with w = 2 (double_star_150_30.txt):
c [w = 2] Initializing CaDiCaL (version 2.1.3).
c [w = 2] Configuring CaDiCaL as --sat (1).
c [w = 2] Encoding starts with w = 2:
c [w = 2] Symmetry breaking highest degree node is applied.
c [w = 2] Encoding duration: 840 ms.
c [w = 2] Number of clauses: 1008540.
c [w = 2] Number of variables: 57600.
c [w = 2] SAT Solving starts:
c [w = 2] Solving duration: 166 ms.
c [w = 2] Answer:
s [w = 2] SAT (w = 2).
c [w = 2] Solution check = 2.
c [w = 2] The solution is correct.
c [w = 2] Result: 10.
c [Main] Max width SAT is set to 2.
c [w = 3] Start task in PID: 4762.
c [w = 3] Cyclic Antibandwidth problem with w = 3 (double_star_150_30.txt):
c [w = 3] Initializing CaDiCaL (version 2.1.3).
c [w = 3] Configuring CaDiCaL as --sat (1).
c [w = 3] Encoding starts with w = 3:
c [w = 3] Symmetry breaking highest degree node is applied.
c [w = 3] Encoding duration: 635 ms.
c [w = 3] Number of clauses: 665730.
c [w = 3] Number of variables: 73800.
c [w = 3] SAT Solving starts:
c [w = 3] Solving duration: 558 ms.
c [w = 3] Answer:
s [w = 3] SAT (w = 3).
c [w = 3] Solution check = 3.
c [w = 3] The solution is correct.
c [w = 3] Result: 10.
c [w = 13] Start task in PID: 4761.
c [w = 13] Cyclic Antibandwidth problem with w = 13 (double_star_150_30.txt):
c [w = 13] Initializing CaDiCaL (version 2.1.3).
c [w = 13] Configuring CaDiCaL as --sat (1).
c [w = 13] Encoding starts with w = 13:
c [w = 13] Symmetry breaking highest degree node is applied.
c [w = 13] Encoding duration: 526 ms.
c [w = 13] Number of clauses: 457332.
c [w = 13] Number of variables: 99000.
c [w = 13] SAT Solving starts:
c [w = 13] Solving duration: 677 ms.
c [w = 13] Answer:
s [w = 13] SAT (w = 13).
c [w = 13] Solution check = 13.
c [w = 13] The solution is correct.
c [w = 13] Result: 10.
c [Main] Max width SAT is set to 3.
c [w = 6] Start task in PID: 4773.
c [w = 6] Cyclic Antibandwidth problem with w = 6 (double_star_150_30.txt):
c [w = 6] Initializing CaDiCaL (version 2.1.3).
c [w = 6] Configuring CaDiCaL as --sat (1).
c [w = 6] Encoding starts with w = 6:
c [w = 6] Symmetry breaking highest degree node is applied.
c [Signal] Signal interruption. Caught signal: SIGTERM (15).
c [w = 4] Start task in PID: 4772.
c [w = 4] Cyclic Antibandwidth problem with w = 4 (double_star_150_30.txt):
c [w = 4] Initializing CaDiCaL (version 2.1.3).
c [w = 4] Configuring CaDiCaL as --sat (1).
c [w = 4] Encoding starts with w = 4:
c [w = 4] Symmetry breaking highest degree node is applied.
c [Signal] Signal interruption. Caught signal: SIGTERM (15).
c [w = 11] Start task in PID: 4764.
c [w = 11] Cyclic Antibandwidth problem with w = 11 (double_star_150_30.txt):
c [w = 11] Initializing CaDiCaL (version 2.1.3).
c [w = 11] Configuring CaDiCaL as --sat (1).
c [w = 11] Encoding starts with w = 11:
c [w = 11] Symmetry breaking highest degree node is applied.
c [w = 11] Encoding duration: 520 ms.
c [w = 11] Number of clauses: 461841.
c [w = 11] Number of variables: 98280.
c [w = 11] SAT Solving starts:
c [Signal] Signal interruption. Caught signal: SIGTERM (15).
c [w = 7] Start task in PID: 4763.
c [w = 7] Cyclic Antibandwidth problem with w = 7 (double_star_150_30.txt):
c [w = 7] Initializing CaDiCaL (version 2.1.3).
c [w = 7] Configuring CaDiCaL as --sat (1).
c [w = 7] Encoding starts with w = 7:
c [w = 7] Symmetry breaking highest degree node is applied.
c [w = 7] Encoding duration: 515 ms.
c [w = 7] Number of clauses: 474648.
c [w = 7] Number of variables: 92520.
c [w = 7] SAT Solving starts:
c [Signal] Signal interruption. Caught signal: SIGTERM (15).
c [w = 5] Start task in PID: 4760.
c [w = 5] Cyclic Antibandwidth problem with w = 5 (double_star_150_30.txt):
c [w = 5] Initializing CaDiCaL (version 2.1.3).
c [w = 5] Configuring CaDiCaL as --sat (1).
c [w = 5] Encoding starts with w = 5:
c [w = 5] Symmetry breaking highest degree node is applied.
c [w = 5] Encoding duration: 550 ms.
c [w = 5] Number of clauses: 508338.
c [w = 5] Number of variables: 86760.
c [w = 5] SAT Solving starts:
c [w = 5] Solving duration: 682 ms.
c [w = 5] Answer:
s [w = 5] SAT (w = 5).
c [w = 5] Solution check = 5.
c [w = 5] The solution is correct.
c [Signal] Signal interruption. Caught signal: SIGTERM (15).
c [w = 9] Start task in PID: 4759.
c [w = 9] Cyclic Antibandwidth problem with w = 9 (double_star_150_30.txt):
c [w = 9] Initializing CaDiCaL (version 2.1.3).
c [w = 9] Configuring CaDiCaL as --sat (1).
c [w = 9] Encoding starts with w = 9:
c [w = 9] Symmetry breaking highest degree node is applied.
c [w = 9] Encoding duration: 518 ms.
c [w = 9] Number of clauses: 461490.
c [w = 9] Number of variables: 95400.
c [w = 9] SAT Solving starts:
c [w = 9] Solving duration: 741 ms.
c [w = 9] Answer:
s [w = 9] SAT (w = 9).
c [w = 9] Solution check = 9.
c [w = 9] The solution is correct.
c [Signal] Signal interruption. Caught signal: SIGTERM (15).
c [Main] Max width SAT is set to 13.
c [Main] Kill lower pid 6.
c [Main] Kill lower pid 4.
c [Main] Kill lower pid 11.
c [Main] Kill lower pid 7.
c [Main] Kill lower pid 5.
c [Main] Kill lower pid 9.
c [Main] Child pid 6 - 4773 terminated by signal 15.
c [Main] Child pid 4 - 4772 terminated by signal 15.
c [Main] Child pid 9 - 4759 terminated by signal 15.
c [Main] Child pid 5 - 4760 terminated by signal 15.
c [Main] Child pid 7 - 4763 terminated by signal 15.
c [Main] Child pid 11 - 4764 terminated by signal 15.
c [w = 14] Start task in PID: 4774.
c [w = 14] Cyclic Antibandwidth problem with w = 14 (double_star_150_30.txt):
c [w = 14] Initializing CaDiCaL (version 2.1.3).
c [w = 14] Configuring CaDiCaL as --sat (1).
c [w = 14] Encoding starts with w = 14:
c [w = 14] Symmetry breaking highest degree node is applied.
c [w = 14] Encoding duration: 329 ms.
c [w = 14] Number of clauses: 457149.
c [w = 14] Number of variables: 99540.
c [w = 14] SAT Solving starts:
c [w = 14] Solving duration: 459 ms.
c [w = 14] Answer:
s [w = 14] SAT (w = 14).
c [w = 14] Solution check = 14.
c [w = 14] The solution is correct.
c [w = 14] Result: 10.
c [Main] Max width SAT is set to 14.
c [w = 15] Start task in PID: 4765.
c [w = 15] Cyclic Antibandwidth problem with w = 15 (double_star_150_30.txt):
c [w = 15] Initializing CaDiCaL (version 2.1.3).
c [w = 15] Configuring CaDiCaL as --sat (1).
c [w = 15] Encoding starts with w = 15:
c [w = 15] Symmetry breaking highest degree node is applied.
c [w = 15] Encoding duration: 524 ms.
c [w = 15] Number of clauses: 456066.
c [w = 15] Number of variables: 99720.
c [w = 15] SAT Solving starts:
c [w = 15] Solving duration: 2825 ms.
c [w = 15] Answer:
s [w = 15] SAT (w = 15).
c [w = 15] Solution check = 15.
c [w = 15] The solution is correct.
c [w = 15] Result: 10.
c [Main] Max width SAT is set to 15.
c [w = 16] Start task in PID: 4775.
c [w = 16] Cyclic Antibandwidth problem with w = 16 (double_star_150_30.txt):
c [w = 16] Initializing CaDiCaL (version 2.1.3).
c [w = 16] Configuring CaDiCaL as --sat (1).
c [w = 16] Encoding starts with w = 16:
c [w = 16] Symmetry breaking highest degree node is applied.
c [w = 16] Encoding duration: 320 ms.
c [w = 16] Number of clauses: 462726.
c [w = 16] Number of variables: 101880.
c [w = 16] SAT Solving starts:
c [Signal] Signal interruption. Caught signal: SIGTERM (15).
c [Main] Lim pid ends with result: 254.
c [Main] All children have completed.
r [Main] 
r [Main] Final results: 
r [Main] Max width SAT:  	15.
r [Main] Min width UNSAT:	-.
r [Main] Total real time: 150637 ms.
r [Main] Total memory consumed: 938.7 MB.
r [Main] 
