c [Version] Cyclic Bandwidth Encoder version 1.0.0.
c [Param] Real time limit is set to 150.
c [Param] Memory limit is set to 30000.
c [Param] Worker count is set to 4.
c [Main] Encoding and solving for graph: caterpillar_5_4.txt.
c [Main] Search strategy: Binary search from upper bound.
c [Main] No predefined lower bound is found for caterpillar_5_4.txt.
c [Main] LB-w = 2 (default value).
c [Main] No predefined upper bound is found for caterpillar_5_4.txt.
c [Main] UB-w = 10 (default value calculated as n/2).
c [Main] Search order: 6 8 9 10 7 3 4 5 2.
c [w = 8] Start task in PID: 193211.
c [w = 8] Cyclic Antibandwidth problem with w = 8 (caterpillar_5_4.txt):
c [w = 8] Initializing CaDiCaL (version 2.1.3).
c [w = 8] Configuring CaDiCaL as --sat (1).
c [w = 8] Encoding starts with w = 8:
c [w = 8] Symmetry breaking highest degree node is applied.
c [w = 8] Encoding duration: 2 ms.
c [w = 8] Number of clauses: 5619.
c [w = 8] Number of variables: 1380.
c [w = 8] SAT Solving starts:
c [w = 8] Solving duration: 0 ms.
c [w = 8] Answer:
s [w = 8] SAT (w = 8).
c [w = 8] Solution check = 8.
c [w = 8] The solution is correct.
c [w = 8] Result: 10.
c [w = 6] Start task in PID: 193210.
c [w = 6] Cyclic Antibandwidth problem with w = 6 (caterpillar_5_4.txt):
c [w = 6] Initializing CaDiCaL (version 2.1.3).
c [w = 6] Configuring CaDiCaL as --sat (1).
c [w = 6] Encoding starts with w = 6:
c [w = 6] Symmetry breaking highest degree node is applied.
c [w = 6] Encoding duration: 2 ms.
c [w = 6] Number of clauses: 5422.
c [w = 6] Number of variables: 1320.
c [w = 6] SAT Solving starts:
c [w = 6] Solving duration: 0 ms.
c [w = 6] Answer:
s [w = 6] SAT (w = 6).
c [w = 6] Solution check = 6.
c [w = 6] The solution is correct.
c [w = 6] Result: 10.
c [Main] Max width SAT is set to 6.
c [Main] Max width SAT is set to 8.
c [Main] Kill lower pid 7.
c [Signal] Signal interruption. Caught signal: SIGTERM (15).
c [w = 10] Start task in PID: 193213.
c [w = 10] Cyclic Antibandwidth problem with w = 10 (caterpillar_5_4.txt):
c [w = 10] Initializing CaDiCaL (version 2.1.3).
c [w = 10] Configuring CaDiCaL as --sat (1).
c [w = 10] Encoding starts with w = 10:
c [w = 10] Symmetry breaking highest degree node is applied.
c [w = 10] Encoding duration: 2 ms.
c [w = 10] Number of clauses: 5596.
c [w = 10] Number of variables: 1360.
c [w = 10] SAT Solving starts:
c [w = 10] Solving duration: 0 ms.
c [w = 10] Answer:
s [w = 10] UNSAT (w = 10).
c [w = 10] Result: 20.
c [Main] Child pid 7 - 193214 terminated by signal 15.
c [Main] Min width UNSAT is set to 10
c [w = 9] Start task in PID: 193212.
c [w = 9] Cyclic Antibandwidth problem with w = 9 (caterpillar_5_4.txt):
c [w = 9] Initializing CaDiCaL (version 2.1.3).
c [w = 9] Configuring CaDiCaL as --sat (1).
c [w = 9] Encoding starts with w = 9:
c [w = 9] Symmetry breaking highest degree node is applied.
c [w = 9] Encoding duration: 2 ms.
c [w = 9] Number of clauses: 5819.
c [w = 9] Number of variables: 1440.
c [w = 9] SAT Solving starts:
c [w = 9] Solving duration: 7 ms.
c [w = 9] Answer:
s [w = 9] UNSAT (w = 9).
c [w = 9] Result: 20.
c [Main] Min width UNSAT is set to 9
c [Signal] Signal interruption. Caught signal: SIGTERM (15).
c [Main] All children have completed.
r [Main] 
r [Main] Final results: 
r [Main] Max width SAT:  	8.
r [Main] Min width UNSAT:	9.
r [Main] Total real time: 11 ms.
r [Main] Total memory consumed: 13.3 MB.
r [Main] 
