c [Version] Cyclic Bandwidth Encoder version 1.0.0.
c [Param] Real time limit is set to 150.
c [Param] Memory limit is set to 30000.
c [Param] Worker count is set to 4.
c [Main] Encoding and solving for graph: caterpillar_30_25.txt.
c [Main] Search strategy: Binary search from upper bound.
c [Main] No predefined lower bound is found for caterpillar_30_25.txt.
c [Main] LB-w = 2 (default value).
c [Main] No predefined upper bound is found for caterpillar_30_25.txt.
c [Main] UB-w = 375 (default value calculated as n/2).
c [Main] Search order: 188 282 329 352 364 370 373 374 375 371 372 367 368 369 365 366 358 361 362 363 359 360 355 356 357 353 354 340 346 349 350 351 347 348 343 344 345 341 342 334 337 338 339 335 336 331 332 333 330 305 317 323 326 327 328 324 325 320 321 322 318 319 311 314 315 316 312 313 308 309 310 306 307 293 299 302 303 304 300 301 296 297 298 294 295 287 290 291 292 288 289 284 285 286 283 235 258 270 276 279 280 281 277 278 273 274 275 271 272 264 267 268 269 265 266 261 262 263 259 260 246 252 255 256 257 253 254 249 250 251 247 248 240 243 244 245 241 242 237 238 239 236 211 223 229 232 233 234 230 231 226 227 228 224 225 217 220 221 222 218 219 214 215 216 212 213 199 205 208 209 210 206 207 202 203 204 200 201 193 196 197 198 194 195 190 191 192 189 94 141 164 176 182 185 186 187 183 184 179 180 181 177 178 170 173 174 175 171 172 167 168 169 165 166 152 158 161 162 163 159 160 155 156 157 153 154 146 149 150 151 147 148 143 144 145 142 117 129 135 138 139 140 136 137 132 133 134 130 131 123 126 127 128 124 125 120 121 122 118 119 105 111 114 115 116 112 113 108 109 110 106 107 99 102 103 104 100 101 96 97 98 95 47 70 82 88 91 92 93 89 90 85 86 87 83 84 76 79 80 81 77 78 73 74 75 71 72 58 64 67 68 69 65 66 61 62 63 59 60 52 55 56 57 53 54 49 50 51 48 24 35 41 44 45 46 42 43 38 39 40 36 37 29 32 33 34 30 31 26 27 28 25 12 18 21 22 23 19 20 15 16 17 13 14 6 9 10 11 7 8 3 4 5 2.
c [w = 352] Start task in PID: 193903.
c [w = 352] Cyclic Antibandwidth problem with w = 352 (caterpillar_30_25.txt):
c [w = 352] Initializing CaDiCaL (version 2.1.3).
c [w = 352] Configuring CaDiCaL as --sat (1).
c [w = 352] Encoding starts with w = 352:
c [w = 352] Symmetry breaking highest degree node is applied.
c [w = 352] Encoding duration: 5084 ms.
c [w = 352] Number of clauses: 8916384.
c [w = 352] Number of variables: 1989750.
c [w = 352] SAT Solving starts:
c [Signal] Signal interruption. Caught signal: SIGTERM (15).
c [w = 329] Start task in PID: 193902.
c [w = 329] Cyclic Antibandwidth problem with w = 329 (caterpillar_30_25.txt):
c [w = 329] Initializing CaDiCaL (version 2.1.3).
c [w = 329] Configuring CaDiCaL as --sat (1).
c [w = 329] Encoding starts with w = 329:
c [w = 329] Symmetry breaking highest degree node is applied.
c [w = 329] Encoding duration: 4938 ms.
c [w = 329] Number of clauses: 8743884.
c [w = 329] Number of variables: 1938000.
c [w = 329] SAT Solving starts:
c [Signal] Signal interruption. Caught signal: SIGTERM (15).
c [w = 282] Start task in PID: 193901.
c [w = 282] Cyclic Antibandwidth problem with w = 282 (caterpillar_30_25.txt):
c [w = 282] Initializing CaDiCaL (version 2.1.3).
c [w = 282] Configuring CaDiCaL as --sat (1).
c [w = 282] Encoding starts with w = 282:
c [w = 282] Symmetry breaking highest degree node is applied.
c [w = 282] Encoding duration: 4542 ms.
c [w = 282] Number of clauses: 8391384.
c [w = 282] Number of variables: 1832250.
c [w = 282] SAT Solving starts:
c [Signal] Signal interruption. Caught signal: SIGTERM (15).
c [w = 188] Start task in PID: 193900.
c [w = 188] Cyclic Antibandwidth problem with w = 188 (caterpillar_30_25.txt):
c [w = 188] Initializing CaDiCaL (version 2.1.3).
c [w = 188] Configuring CaDiCaL as --sat (1).
c [w = 188] Encoding starts with w = 188:
c [w = 188] Symmetry breaking highest degree node is applied.
c [w = 188] Encoding duration: 4254 ms.
c [w = 188] Number of clauses: 8103387.
c [w = 188] Number of variables: 1759500.
c [w = 188] SAT Solving starts:
c [Signal] Signal interruption. Caught signal: SIGTERM (15).
c [Main] Lim pid ends with result: 254.
c [Main] All children have completed.
r [Main] 
r [Main] Final results: 
r [Main] Max width SAT:  	-.
r [Main] Min width UNSAT:	-.
r [Main] Total real time: 150822 ms.
r [Main] Total memory consumed: 9604 MB.
r [Main] 
