c [Version] Cyclic Bandwidth Encoder version 1.0.0.
c [Param] Real time limit is set to 150.
c [Param] Memory limit is set to 30000.
c [Param] Worker count is set to 4.
c [Main] Encoding and solving for graph: caterpillar_35_25.txt.
c [Main] Search strategy: Binary search from upper bound.
c [Main] No predefined lower bound is found for caterpillar_35_25.txt.
c [Main] LB-w = 2 (default value).
c [Main] No predefined upper bound is found for caterpillar_35_25.txt.
c [Main] UB-w = 437 (default value calculated as n/2).
c [Main] Search order: 219 328 383 410 424 431 434 436 437 435 432 433 427 429 430 428 425 426 417 420 422 423 421 418 419 413 415 416 414 411 412 396 403 406 408 409 407 404 405 399 401 402 400 397 398 389 392 394 395 393 390 391 386 387 388 384 385 355 369 376 379 381 382 380 377 378 372 374 375 373 370 371 362 365 367 368 366 363 364 358 360 361 359 356 357 341 348 351 353 354 352 349 350 344 346 347 345 342 343 334 337 339 340 338 335 336 331 332 333 329 330 273 300 314 321 324 326 327 325 322 323 317 319 320 318 315 316 307 310 312 313 311 308 309 303 305 306 304 301 302 286 293 296 298 299 297 294 295 289 291 292 290 287 288 279 282 284 285 283 280 281 276 277 278 274 275 246 259 266 269 271 272 270 267 268 262 264 265 263 260 261 252 255 257 258 256 253 254 249 250 251 247 248 232 239 242 244 245 243 240 241 235 237 238 236 233 234 225 228 230 231 229 226 227 222 223 224 220 221 110 164 191 205 212 215 217 218 216 213 214 208 210 211 209 206 207 198 201 203 204 202 199 200 194 196 197 195 192 193 177 184 187 189 190 188 185 186 180 182 183 181 178 179 170 173 175 176 174 171 172 167 168 169 165 166 137 150 157 160 162 163 161 158 159 153 155 156 154 151 152 143 146 148 149 147 144 145 140 141 142 138 139 123 130 133 135 136 134 131 132 126 128 129 127 124 125 116 119 121 122 120 117 118 113 114 115 111 112 55 82 96 103 106 108 109 107 104 105 99 101 102 100 97 98 89 92 94 95 93 90 91 85 87 88 86 83 84 68 75 78 80 81 79 76 77 71 73 74 72 69 70 61 64 66 67 65 62 63 58 59 60 56 57 28 41 48 51 53 54 52 49 50 44 46 47 45 42 43 34 37 39 40 38 35 36 31 32 33 29 30 14 21 24 26 27 25 22 23 17 19 20 18 15 16 7 10 12 13 11 8 9 4 5 6 2 3.
c [w = 410] Start task in PID: 194065.
c [w = 410] Cyclic Antibandwidth problem with w = 410 (caterpillar_35_25.txt):
c [w = 410] Initializing CaDiCaL (version 2.1.3).
c [w = 410] Configuring CaDiCaL as --sat (1).
c [w = 410] Encoding starts with w = 410:
c [w = 410] Symmetry breaking highest degree node is applied.
c [w = 410] Encoding duration: 6688 ms.
c [w = 410] Number of clauses: 12126196.
c [w = 410] Number of variables: 2701125.
c [w = 410] SAT Solving starts:
c [Signal] Signal interruption. Caught signal: SIGTERM (15).
c [w = 383] Start task in PID: 194064.
c [w = 383] Cyclic Antibandwidth problem with w = 383 (caterpillar_35_25.txt):
c [w = 383] Initializing CaDiCaL (version 2.1.3).
c [w = 383] Configuring CaDiCaL as --sat (1).
c [w = 383] Encoding starts with w = 383:
c [w = 383] Symmetry breaking highest degree node is applied.
c [w = 383] Encoding duration: 6508 ms.
c [w = 383] Number of clauses: 11889946.
c [w = 383] Number of variables: 2630250.
c [w = 383] SAT Solving starts:
c [Signal] Signal interruption. Caught signal: SIGTERM (15).
c [w = 328] Start task in PID: 194063.
c [w = 328] Cyclic Antibandwidth problem with w = 328 (caterpillar_35_25.txt):
c [w = 328] Initializing CaDiCaL (version 2.1.3).
c [w = 328] Configuring CaDiCaL as --sat (1).
c [w = 328] Encoding starts with w = 328:
c [w = 328] Symmetry breaking highest degree node is applied.
c [w = 328] Encoding duration: 6049 ms.
c [w = 328] Number of clauses: 11408696.
c [w = 328] Number of variables: 2485875.
c [w = 328] SAT Solving starts:
c [Signal] Signal interruption. Caught signal: SIGTERM (15).
c [w = 219] Start task in PID: 194062.
c [w = 219] Cyclic Antibandwidth problem with w = 219 (caterpillar_35_25.txt):
c [w = 219] Initializing CaDiCaL (version 2.1.3).
c [w = 219] Configuring CaDiCaL as --sat (1).
c [w = 219] Encoding starts with w = 219:
c [w = 219] Symmetry breaking highest degree node is applied.
c [w = 219] Encoding duration: 5760 ms.
c [w = 219] Number of clauses: 11022824.
c [w = 219] Number of variables: 2388750.
c [w = 219] SAT Solving starts:
c [Signal] Signal interruption. Caught signal: SIGTERM (15).
c [Main] Lim pid ends with result: 254.
c [Main] All children have completed.
r [Main] 
r [Main] Final results: 
r [Main] Max width SAT:  	-.
r [Main] Min width UNSAT:	-.
r [Main] Total real time: 150823 ms.
r [Main] Total memory consumed: 12858 MB.
r [Main] 
