c [Version] Cyclic Bandwidth Encoder version 1.0.0.
c [Param] Real time limit is set to 1800.
c [Param] Memory limit is set to 30000.
c [Param] Worker count is set to 8.
c [Main] Encoding and solving for graph: double_star_100_30.txt.
c [Main] Search strategy: Binary search from upper bound.
c [Main] No predefined lower bound is found for double_star_100_30.txt.
c [Main] LB-w = 2 (default value).
c [Main] Upper bound is set to 15.
c [Main] Search order: 8 12 14 15 13 10 11 9 4 6 7 5 2 3.
c [w = 13] Start task in PID: 39150.
c [w = 13] Cyclic Antibandwidth problem with w = 13 (double_star_100_30.txt):
c [w = 13] Initializing CaDiCaL (version 2.1.3).
c [w = 13] Configuring CaDiCaL as --sat (1).
c [w = 13] Encoding starts with w = 13:
c [w = 13] Symmetry breaking highest degree node is applied.
c [w = 13] Encoding duration: 1026 ms.
c [w = 13] Number of clauses: 236695.
c [w = 13] Number of variables: 52260.
c [w = 13] SAT Solving starts:
c [w = 13] Solving duration: 642 ms.
c [w = 13] Answer:
s [w = 13] SAT (w = 13).
c [w = 13] Solution check = 13.
c [w = 13] The solution is correct.
c [w = 13] Result: 10.
c [w = 11] Start task in PID: 39152.
c [w = 11] Cyclic Antibandwidth problem with w = 11 (double_star_100_30.txt):
c [w = 11] Initializing CaDiCaL (version 2.1.3).
c [w = 11] Configuring CaDiCaL as --sat (1).
c [w = 11] Encoding starts with w = 11:
c [w = 11] Symmetry breaking highest degree node is applied.
c [w = 11] Encoding duration: 620 ms.
c [w = 11] Number of clauses: 237091.
c [w = 11] Number of variables: 51740.
c [w = 11] SAT Solving starts:
c [Signal] Signal interruption. Caught signal: SIGTERM (15).
c [Main] Max width SAT is set to 13.
c [Main] Kill lower pid 9.
c [Main] Kill lower pid 11.
c [Main] Kill lower pid 10.
c [Main] Kill lower pid 12.
c [Main] Kill lower pid 8.
c [w = 10] Start task in PID: 39151.
c [w = 10] Cyclic Antibandwidth problem with w = 10 (double_star_100_30.txt):
c [w = 10] Initializing CaDiCaL (version 2.1.3).
c [w = 10] Configuring CaDiCaL as --sat (1).
c [w = 10] Encoding starts with w = 10:
c [w = 10] Symmetry breaking highest degree node is applied.
c [w = 10] Encoding duration: 642 ms.
c [w = 10] Number of clauses: 236314.
c [w = 10] Number of variables: 51090.
c [w = 10] SAT Solving starts:
c [Signal] Signal interruption. Caught signal: SIGTERM (15).
c [w = 12] Start task in PID: 39147.
c [w = 12] Cyclic Antibandwidth problem with w = 12 (double_star_100_30.txt):
c [w = 12] Initializing CaDiCaL (version 2.1.3).
c [w = 12] Configuring CaDiCaL as --sat (1).
c [w = 12] Encoding starts with w = 12:
c [w = 12] Symmetry breaking highest degree node is applied.
c [w = 12] Encoding duration: 700 ms.
c [w = 12] Number of clauses: 237218.
c [w = 12] Number of variables: 52130.
c [w = 12] SAT Solving starts:
c [Signal] Signal interruption. Caught signal: SIGTERM (15).
c [w = 8] Start task in PID: 39146.
c [w = 8] Cyclic Antibandwidth problem with w = 8 (double_star_100_30.txt):
c [w = 8] Initializing CaDiCaL (version 2.1.3).
c [w = 8] Configuring CaDiCaL as --sat (1).
c [w = 8] Encoding starts with w = 8:
c [w = 8] Symmetry breaking highest degree node is applied.
c [w = 8] Encoding duration: 663 ms.
c [w = 8] Number of clauses: 240226.
c [w = 8] Number of variables: 50310.
c [w = 8] SAT Solving starts:
c [Signal] Signal interruption. Caught signal: SIGTERM (15).
c [w = 9] Start task in PID: 39153.
c [w = 9] Cyclic Antibandwidth problem with w = 9 (double_star_100_30.txt):
c [w = 9] Initializing CaDiCaL (version 2.1.3).
c [w = 9] Configuring CaDiCaL as --sat (1).
c [w = 9] Encoding starts with w = 9:
c [w = 9] Symmetry breaking highest degree node is applied.
c [w = 9] Encoding duration: 612 ms.
c [w = 9] Number of clauses: 238790.
c [w = 9] Number of variables: 50960.
c [w = 9] SAT Solving starts:
c [Signal] Signal interruption. Caught signal: SIGTERM (15).
c [Main] Child pid 11 - 39152 terminated by signal 15.
c [Main] Child pid 8 - 39146 terminated by signal 15.
c [Main] Child pid 10 - 39151 terminated by signal 15.
c [Main] Child pid 12 - 39147 terminated by signal 15.
c [Main] Child pid 9 - 39153 terminated by signal 15.
c [w = 14] Start task in PID: 39148.
c [w = 14] Cyclic Antibandwidth problem with w = 14 (double_star_100_30.txt):
c [w = 14] Initializing CaDiCaL (version 2.1.3).
c [w = 14] Configuring CaDiCaL as --sat (1).
c [w = 14] Encoding starts with w = 14:
c [w = 14] Symmetry breaking highest degree node is applied.
c [w = 14] Encoding duration: 853 ms.
c [w = 14] Number of clauses: 240725.
c [w = 14] Number of variables: 53560.
c [w = 14] SAT Solving starts:
c [w = 14] Solving duration: 9408 ms.
c [w = 14] Answer:
s [w = 14] SAT (w = 14).
c [w = 14] Solution check = 14.
c [w = 14] The solution is correct.
c [w = 14] Result: 10.
c [Main] Max width SAT is set to 14.
c [w = 15] Start task in PID: 39149.
c [w = 15] Cyclic Antibandwidth problem with w = 15 (double_star_100_30.txt):
c [w = 15] Initializing CaDiCaL (version 2.1.3).
c [w = 15] Configuring CaDiCaL as --sat (1).
c [w = 15] Encoding starts with w = 15:
c [w = 15] Symmetry breaking highest degree node is applied.
c [w = 15] Encoding duration: 683 ms.
c [w = 15] Number of clauses: 239162.
c [w = 15] Number of variables: 53300.
c [w = 15] SAT Solving starts:
c [w = 15] Solving duration: 70608 ms.
c [w = 15] Answer:
s [w = 15] SAT (w = 15).
c [w = 15] Solution check = 15.
c [w = 15] The solution is correct.
c [w = 15] Result: 10.
c [Main] Max width SAT is set to 15.
c [Signal] Signal interruption. Caught signal: SIGTERM (15).
c [Main] All children have completed.
r [Main] 
r [Main] Final results: 
r [Main] Max width SAT:  	15.
r [Main] Min width UNSAT:	-.
r [Main] Total real time: 71337 ms.
r [Main] Total memory consumed: 492.9 MB.
r [Main] 
