c [Version] Cyclic Bandwidth Encoder version 1.0.0.
c [Param] Real time limit is set to 150.
c [Param] Memory limit is set to 30000.
c [Param] Worker count is set to 4.
c [Main] Encoding and solving for graph: 3dmesh_5_5_35.txt.
c [Main] Search strategy: Binary search using BFS.
c [Main] No predefined lower bound is found for 3dmesh_5_5_35.txt.
c [Main] LB-w = 2 (default value).
c [Main] Upper bound is set to 425.
c [Main] Search order: 213 107 319 54 160 266 372 27 80 133 186 239 292 345 399 14 40 67 93 120 146 173 199 226 252 279 305 332 358 385 412 7 20 33 47 60 73 86 100 113 126 139 153 166 179 192 206 219 232 245 259 272 285 298 312 325 338 351 365 378 392 405 419 4 10 17 23 30 36 43 50 57 63 70 76 83 89 96 103 110 116 123 129 136 142 149 156 163 169 176 182 189 195 202 209 216 222 229 235 242 248 255 262 269 275 282 288 295 301 308 315 322 328 335 341 348 354 361 368 375 381 388 395 402 408 415 422 2 5 8 12 15 18 21 25 28 31 34 38 41 45 48 52 55 58 61 65 68 71 74 78 81 84 87 91 94 98 101 105 108 111 114 118 121 124 127 131 134 137 140 144 147 151 154 158 161 164 167 171 174 177 180 184 187 190 193 197 200 204 207 211 214 217 220 224 227 230 233 237 240 243 246 250 253 257 260 264 267 270 273 277 280 283 286 290 293 296 299 303 306 310 313 317 320 323 326 330 333 336 339 343 346 349 352 356 359 363 366 370 373 376 379 383 386 390 393 397 400 403 406 410 413 417 420 424 3 6 9 11 13 16 19 22 24 26 29 32 35 37 39 42 44 46 49 51 53 56 59 62 64 66 69 72 75 77 79 82 85 88 90 92 95 97 99 102 104 106 109 112 115 117 119 122 125 128 130 132 135 138 141 143 145 148 150 152 155 157 159 162 165 168 170 172 175 178 181 183 185 188 191 194 196 198 201 203 205 208 210 212 215 218 221 223 225 228 231 234 236 238 241 244 247 249 251 254 256 258 261 263 265 268 271 274 276 278 281 284 287 289 291 294 297 300 302 304 307 309 311 314 316 318 321 324 327 329 331 334 337 340 342 344 347 350 353 355 357 360 362 364 367 369 371 374 377 380 382 384 387 389 391 394 396 398 401 404 407 409 411 414 416 418 421 423 425.
c [w = 54] Start task in PID: 3684.
c [w = 54] Cyclic Antibandwidth problem with w = 54 (3dmesh_5_5_35.txt):
c [w = 54] Initializing CaDiCaL (version 2.1.3).
c [w = 54] Configuring CaDiCaL as --sat (1).
c [w = 54] Encoding starts with w = 54:
c [w = 54] Symmetry breaking highest degree node is applied.
c [w = 54] Encoding duration: 11125 ms.
c [w = 54] Number of clauses: 15723187.
c [w = 54] Number of variables: 2391375.
c [w = 54] SAT Solving starts:
c [Signal] Signal interruption. Caught signal: SIGTERM (15).
c [w = 319] Start task in PID: 3683.
c [w = 319] Cyclic Antibandwidth problem with w = 319 (3dmesh_5_5_35.txt):
c [w = 319] Initializing CaDiCaL (version 2.1.3).
c [w = 319] Configuring CaDiCaL as --sat (1).
c [w = 319] Encoding starts with w = 319:
c [w = 319] Symmetry breaking highest degree node is applied.
c [w = 319] Encoding duration: 11265 ms.
c [w = 319] Number of clauses: 16133562.
c [w = 319] Number of variables: 2462250.
c [w = 319] SAT Solving starts:
c [Signal] Signal interruption. Caught signal: SIGTERM (15).
c [w = 107] Start task in PID: 3682.
c [w = 107] Cyclic Antibandwidth problem with w = 107 (3dmesh_5_5_35.txt):
c [w = 107] Initializing CaDiCaL (version 2.1.3).
c [w = 107] Configuring CaDiCaL as --sat (1).
c [w = 107] Encoding starts with w = 107:
c [w = 107] Symmetry breaking highest degree node is applied.
c [w = 107] Encoding duration: 11056 ms.
c [w = 107] Number of clauses: 15910187.
c [w = 107] Number of variables: 2451750.
c [w = 107] SAT Solving starts:
c [Signal] Signal interruption. Caught signal: SIGTERM (15).
c [w = 213] Start task in PID: 3681.
c [w = 213] Cyclic Antibandwidth problem with w = 213 (3dmesh_5_5_35.txt):
c [w = 213] Initializing CaDiCaL (version 2.1.3).
c [w = 213] Configuring CaDiCaL as --sat (1).
c [w = 213] Encoding starts with w = 213:
c [w = 213] Symmetry breaking highest degree node is applied.
c [w = 213] Encoding duration: 11478 ms.
c [w = 213] Number of clauses: 16302937.
c [w = 213] Number of variables: 2551500.
c [w = 213] SAT Solving starts:
c [Signal] Signal interruption. Caught signal: SIGTERM (15).
c [Main] Lim pid ends with result: 254.
c [Main] All children have completed.
r [Main] 
r [Main] Final results: 
r [Main] Max width SAT:  	-.
r [Main] Min width UNSAT:	-.
r [Main] Total real time: 150965 ms.
r [Main] Total memory consumed: 15931.9 MB.
r [Main] 
