c [Version] Cyclic Bandwidth Encoder version 1.0.0.
c [Param] Real time limit is set to 150.
c [Param] Memory limit is set to 30000.
c [Param] Worker count is set to 4.
c [Main] Encoding and solving for graph: 3dmesh_3_3_135.txt.
c [Main] Search strategy: Binary search using BFS.
c [Main] No predefined lower bound is found for 3dmesh_3_3_135.txt.
c [Main] LB-w = 2 (default value).
c [Main] Upper bound is set to 604.
c [Main] Search order: 303 152 454 76 227 378 529 38 114 189 265 340 416 491 567 19 57 95 133 170 208 246 284 321 359 397 435 472 510 548 586 10 28 47 66 85 104 123 142 161 179 198 217 236 255 274 293 312 330 349 368 387 406 425 444 463 481 500 519 538 557 576 595 5 14 23 33 42 52 61 71 80 90 99 109 118 128 137 147 156 165 174 184 193 203 212 222 231 241 250 260 269 279 288 298 307 316 325 335 344 354 363 373 382 392 401 411 420 430 439 449 458 467 476 486 495 505 514 524 533 543 552 562 571 581 590 600 3 7 12 16 21 25 30 35 40 44 49 54 59 63 68 73 78 82 87 92 97 101 106 111 116 120 125 130 135 139 144 149 154 158 163 167 172 176 181 186 191 195 200 205 210 214 219 224 229 233 238 243 248 252 257 262 267 271 276 281 286 290 295 300 305 309 314 318 323 327 332 337 342 346 351 356 361 365 370 375 380 384 389 394 399 403 408 413 418 422 427 432 437 441 446 451 456 460 465 469 474 478 483 488 493 497 502 507 512 516 521 526 531 535 540 545 550 554 559 564 569 573 578 583 588 592 597 602 2 4 6 8 11 13 15 17 20 22 24 26 29 31 34 36 39 41 43 45 48 50 53 55 58 60 62 64 67 69 72 74 77 79 81 83 86 88 91 93 96 98 100 102 105 107 110 112 115 117 119 121 124 126 129 131 134 136 138 140 143 145 148 150 153 155 157 159 162 164 166 168 171 173 175 177 180 182 185 187 190 192 194 196 199 201 204 206 209 211 213 215 218 220 223 225 228 230 232 234 237 239 242 244 247 249 251 253 256 258 261 263 266 268 270 272 275 277 280 282 285 287 289 291 294 296 299 301 304 306 308 310 313 315 317 319 322 324 326 328 331 333 336 338 341 343 345 347 350 352 355 357 360 362 364 366 369 371 374 376 379 381 383 385 388 390 393 395 398 400 402 404 407 409 412 414 417 419 421 423 426 428 431 433 436 438 440 442 445 447 450 452 455 457 459 461 464 466 468 470 473 475 477 479 482 484 487 489 492 494 496 498 501 503 506 508 511 513 515 517 520 522 525 527 530 532 534 536 539 541 544 546 549 551 553 555 558 560 563 565 568 570 572 574 577 579 582 584 587 589 591 593 596 598 601 603 9 18 27 32 37 46 51 56 65 70 75 84 89 94 103 108 113 122 127 132 141 146 151 160 169 178 183 188 197 202 207 216 221 226 235 240 245 254 259 264 273 278 283 292 297 302 311 320 329 334 339 348 353 358 367 372 377 386 391 396 405 410 415 424 429 434 443 448 453 462 471 480 485 490 499 504 509 518 523 528 537 542 547 556 561 566 575 580 585 594 599 604.
c [w = 76] Start task in PID: 2589.
c [w = 76] Cyclic Antibandwidth problem with w = 76 (3dmesh_3_3_135.txt):
c [w = 76] Initializing CaDiCaL (version 2.1.3).
c [w = 76] Configuring CaDiCaL as --sat (1).
c [w = 76] Encoding starts with w = 76:
c [w = 76] Symmetry breaking highest degree node is applied.
c [w = 76] Encoding duration: 19772 ms.
c [w = 76] Number of clauses: 28687189.
c [w = 76] Number of variables: 4536810.
c [w = 76] SAT Solving starts:
c [Signal] Signal interruption. Caught signal: SIGTERM (15).
c [w = 454] Start task in PID: 2588.
c [w = 454] Cyclic Antibandwidth problem with w = 454 (3dmesh_3_3_135.txt):
c [w = 454] Initializing CaDiCaL (version 2.1.3).
c [w = 454] Configuring CaDiCaL as --sat (1).
c [w = 454] Encoding starts with w = 454:
c [w = 454] Symmetry breaking highest degree node is applied.
c [w = 454] Encoding duration: 20360 ms.
c [w = 454] Number of clauses: 29773048.
c [w = 454] Number of variables: 4761585.
c [w = 454] SAT Solving starts:
c [Signal] Signal interruption. Caught signal: SIGTERM (15).
c [w = 152] Start task in PID: 2587.
c [w = 152] Cyclic Antibandwidth problem with w = 152 (3dmesh_3_3_135.txt):
c [w = 152] Initializing CaDiCaL (version 2.1.3).
c [w = 152] Configuring CaDiCaL as --sat (1).
c [w = 152] Encoding starts with w = 152:
c [w = 152] Symmetry breaking highest degree node is applied.
c [w = 152] Encoding duration: 19700 ms.
c [w = 152] Number of clauses: 28813333.
c [w = 152] Number of variables: 4565970.
c [w = 152] SAT Solving starts:
c [Signal] Signal interruption. Caught signal: SIGTERM (15).
c [w = 303] Start task in PID: 2586.
c [w = 303] Cyclic Antibandwidth problem with w = 303 (3dmesh_3_3_135.txt):
c [w = 303] Initializing CaDiCaL (version 2.1.3).
c [w = 303] Configuring CaDiCaL as --sat (1).
c [w = 303] Encoding starts with w = 303:
c [w = 303] Symmetry breaking highest degree node is applied.
c [w = 303] Encoding duration: 22010 ms.
c [w = 303] Number of clauses: 30119377.
c [w = 303] Number of variables: 4940190.
c [w = 303] SAT Solving starts:
c [Signal] Signal interruption. Caught signal: SIGTERM (15).
c [Main] Lim pid ends with result: 255.
c [Main] All children have completed.
r [Main] 
r [Main] Final results: 
r [Main] Max width SAT:  	-.
r [Main] Min width UNSAT:	-.
r [Main] Total real time: 86480 ms.
r [Main] Total memory consumed: 30366.1 MB.
r [Main] 
