c [Version] Cyclic Bandwidth Encoder version 1.0.0.
c [Param] Real time limit is set to 150.
c [Param] Memory limit is set to 30000.
c [Param] Worker count is set to 4.
c [Main] Encoding and solving for graph: 3dmesh_5_5_70.txt.
c [Main] Search strategy: Binary search using BFS.
c [Main] No predefined lower bound is found for 3dmesh_5_5_70.txt.
c [Main] LB-w = 2 (default value).
c [Main] Upper bound is set to 863.
c [Main] Search order: 432 216 648 108 324 540 756 54 162 270 378 486 594 702 810 27 81 135 189 243 297 351 405 459 513 567 621 675 729 783 837 14 40 67 94 121 148 175 202 229 256 283 310 337 364 391 418 445 472 499 526 553 580 607 634 661 688 715 742 769 796 823 850 7 20 33 47 60 74 87 101 114 128 141 155 168 182 195 209 222 236 249 263 276 290 303 317 330 344 357 371 384 398 411 425 438 452 465 479 492 506 519 533 546 560 573 587 600 614 627 641 654 668 681 695 708 722 735 749 762 776 789 803 816 830 843 857 4 10 17 23 30 36 43 50 57 63 70 77 84 90 97 104 111 117 124 131 138 144 151 158 165 171 178 185 192 198 205 212 219 225 232 239 246 252 259 266 273 279 286 293 300 306 313 320 327 333 340 347 354 360 367 374 381 387 394 401 408 414 421 428 435 441 448 455 462 468 475 482 489 495 502 509 516 522 529 536 543 549 556 563 570 576 583 590 597 603 610 617 624 630 637 644 651 657 664 671 678 684 691 698 705 711 718 725 732 738 745 752 759 765 772 779 786 792 799 806 813 819 826 833 840 846 853 860 2 5 8 12 15 18 21 25 28 31 34 38 41 45 48 52 55 58 61 65 68 72 75 79 82 85 88 92 95 99 102 106 109 112 115 119 122 126 129 133 136 139 142 146 149 153 156 160 163 166 169 173 176 180 183 187 190 193 196 200 203 207 210 214 217 220 223 227 230 234 237 241 244 247 250 254 257 261 264 268 271 274 277 281 284 288 291 295 298 301 304 308 311 315 318 322 325 328 331 335 338 342 345 349 352 355 358 362 365 369 372 376 379 382 385 389 392 396 399 403 406 409 412 416 419 423 426 430 433 436 439 443 446 450 453 457 460 463 466 470 473 477 480 484 487 490 493 497 500 504 507 511 514 517 520 524 527 531 534 538 541 544 547 551 554 558 561 565 568 571 574 578 581 585 588 592 595 598 601 605 608 612 615 619 622 625 628 632 635 639 642 646 649 652 655 659 662 666 669 673 676 679 682 686 689 693 696 700 703 706 709 713 716 720 723 727 730 733 736 740 743 747 750 754 757 760 763 767 770 774 777 781 784 787 790 794 797 801 804 808 811 814 817 821 824 828 831 835 838 841 844 848 851 855 858 862 3 6 9 11 13 16 19 22 24 26 29 32 35 37 39 42 44 46 49 51 53 56 59 62 64 66 69 71 73 76 78 80 83 86 89 91 93 96 98 100 103 105 107 110 113 116 118 120 123 125 127 130 132 134 137 140 143 145 147 150 152 154 157 159 161 164 167 170 172 174 177 179 181 184 186 188 191 194 197 199 201 204 206 208 211 213 215 218 221 224 226 228 231 233 235 238 240 242 245 248 251 253 255 258 260 262 265 267 269 272 275 278 280 282 285 287 289 292 294 296 299 302 305 307 309 312 314 316 319 321 323 326 329 332 334 336 339 341 343 346 348 350 353 356 359 361 363 366 368 370 373 375 377 380 383 386 388 390 393 395 397 400 402 404 407 410 413 415 417 420 422 424 427 429 431 434 437 440 442 444 447 449 451 454 456 458 461 464 467 469 471 474 476 478 481 483 485 488 491 494 496 498 501 503 505 508 510 512 515 518 521 523 525 528 530 532 535 537 539 542 545 548 550 552 555 557 559 562 564 566 569 572 575 577 579 582 584 586 589 591 593 596 599 602 604 606 609 611 613 616 618 620 623 626 629 631 633 636 638 640 643 645 647 650 653 656 658 660 663 665 667 670 672 674 677 680 683 685 687 690 692 694 697 699 701 704 707 710 712 714 717 719 721 724 726 728 731 734 737 739 741 744 746 748 751 753 755 758 761 764 766 768 771 773 775 778 780 782 785 788 791 793 795 798 800 802 805 807 809 812 815 818 820 822 825 827 829 832 834 836 839 842 845 847 849 852 854 856 859 861 863.
c [w = 108] Start task in PID: 3779.
c [w = 108] Cyclic Antibandwidth problem with w = 108 (3dmesh_5_5_70.txt):
c [w = 108] Initializing CaDiCaL (version 2.1.3).
c [w = 108] Configuring CaDiCaL as --sat (1).
c [w = 108] Encoding starts with w = 108:
c [w = 108] Symmetry breaking highest degree node is applied.
c [Signal] Signal interruption. Caught signal: SIGTERM (15).
c [w = 216] Start task in PID: 3777.
c [w = 216] Cyclic Antibandwidth problem with w = 216 (3dmesh_5_5_70.txt):
c [w = 216] Initializing CaDiCaL (version 2.1.3).
c [w = 216] Configuring CaDiCaL as --sat (1).
c [w = 216] Encoding starts with w = 216:
c [w = 216] Symmetry breaking highest degree node is applied.
c [Signal] Signal interruption. Caught signal: SIGTERM (15).
c [w = 432] Start task in PID: 3776.
c [w = 432] Cyclic Antibandwidth problem with w = 432 (3dmesh_5_5_70.txt):
c [w = 432] Initializing CaDiCaL (version 2.1.3).
c [w = 432] Configuring CaDiCaL as --sat (1).
c [w = 432] Encoding starts with w = 432:
c [w = 432] Symmetry breaking highest degree node is applied.
c [Signal] Signal interruption. Caught signal: SIGTERM (15).
c [w = 648] Start task in PID: 3778.
c [w = 648] Cyclic Antibandwidth problem with w = 648 (3dmesh_5_5_70.txt):
c [w = 648] Initializing CaDiCaL (version 2.1.3).
c [w = 648] Configuring CaDiCaL as --sat (1).
c [w = 648] Encoding starts with w = 648:
c [w = 648] Symmetry breaking highest degree node is applied.
c [Signal] Signal interruption. Caught signal: SIGTERM (15).
c [Main] Lim pid ends with result: 255.
c [Main] All children have completed.
r [Main] 
r [Main] Final results: 
r [Main] Max width SAT:  	-.
r [Main] Min width UNSAT:	-.
r [Main] Total real time: 25751 ms.
r [Main] Total memory consumed: 30029.2 MB.
r [Main] 
