c [Version] Cyclic Anti-bandwidth Encoder version 1.0.0.
c [Param] Real time limit is set to 150.
c [Param] Memory limit is set to 30000.
c [Param] Worker count is set to 4.
c [Param] LB skip threshold is set to 0.25.
c [Main] Encoding and solving for graph: caterpillar_10_5.txt.
c [Main] Search strategy: Binary search from lower bound.
c [Main] No predefined lower bound is found for caterpillar_10_5.txt.
c [Main] LB-w = 2 (default value).
c [Main] No predefined upper bound is found for caterpillar_10_5.txt.
c [Main] UB-w = 25 (default value calculated as n/2).
c [Main] LB is modified to 7 after applying LB skip threshold 0.25.
c [Main] Search order: 16 11 8 7 9 10 13 12 14 15 21 18 17 19 20 23 22 24 25.
c [w = 7] Start task in PID: 53639.
c [w = 7] Cyclic Antibandwidth problem with w = 7 (caterpillar_10_5.txt):
c [w = 7] Initializing CaDiCaL (version 2.1.3).
c [w = 7] Configuring CaDiCaL as --sat (1).
c [w = 7] Encoding starts with w = 7:
c [w = 7] Symmetry breaking highest degree node is applied.
c [w = 7] Encoding duration: 27 ms.
c [w = 7] Number of clauses: 33999.
c [w = 7] Number of variables: 7700.
c [w = 7] SAT Solving starts:
c [w = 7] Solving duration: 4 ms.
c [w = 7] Answer:
s [w = 7] SAT (w = 7).
c [w = 7] Solution check = 7.
c [w = 7] The solution is correct.
c [w = 7] Result: 10.
c [Main] Max width SAT is set to 7.
c [w = 16] Start task in PID: 53636.
c [w = 16] Cyclic Antibandwidth problem with w = 16 (caterpillar_10_5.txt):
c [w = 16] Initializing CaDiCaL (version 2.1.3).
c [w = 16] Configuring CaDiCaL as --sat (1).
c [w = 16] Encoding starts with w = 16:
c [w = 16] Symmetry breaking highest degree node is applied.
c [w = 16] Encoding duration: 29 ms.
c [w = 16] Number of clauses: 37437.
c [w = 16] Number of variables: 8900.
c [w = 16] SAT Solving starts:
c [w = 16] Solving duration: 9 ms.
c [w = 16] Answer:
s [w = 16] SAT (w = 16).
c [w = 16] Solution check = 16.
c [w = 16] The solution is correct.
c [w = 16] Result: 10.
c [w = 9] Start task in PID: 53640.
c [w = 9] Cyclic Antibandwidth problem with w = 9 (caterpillar_10_5.txt):
c [w = 9] Initializing CaDiCaL (version 2.1.3).
c [w = 9] Configuring CaDiCaL as --sat (1).
c [w = 9] Encoding starts with w = 9:
c [w = 9] Symmetry breaking highest degree node is applied.
c [Signal] Signal interruption. Caught signal: SIGTERM (15).
c [Main] Max width SAT is set to 16.
c [Main] Kill lower pid 9.
c [Main] Kill lower pid 8.
c [Main] Kill lower pid 11.
c [w = 8] Start task in PID: 53638.
c [w = 8] Cyclic Antibandwidth problem with w = 8 (caterpillar_10_5.txt):
c [w = 8] Initializing CaDiCaL (version 2.1.3).
c [w = 8] Configuring CaDiCaL as --sat (1).
c [w = 8] Encoding starts with w = 8:
c [w = 8] Symmetry breaking highest degree node is applied.
c [w = 8] Encoding duration: 26 ms.
c [w = 8] Number of clauses: 34946.
c [w = 8] Number of variables: 8050.
c [w = 8] SAT Solving starts:
c [Signal] Signal interruption. Caught signal: SIGTERM (15).
c [w = 11] Start task in PID: 53637.
c [w = 11] Cyclic Antibandwidth problem with w = 11 (caterpillar_10_5.txt):
c [w = 11] Initializing CaDiCaL (version 2.1.3).
c [w = 11] Configuring CaDiCaL as --sat (1).
c [w = 11] Encoding starts with w = 11:
c [w = 11] Symmetry breaking highest degree node is applied.
c [w = 11] Encoding duration: 27 ms.
c [w = 11] Number of clauses: 35490.
c [w = 11] Number of variables: 8300.
c [w = 11] SAT Solving starts:
c [Signal] Signal interruption. Caught signal: SIGTERM (15).
c [Main] Child pid 9 - 53640 terminated by signal 15.
c [Main] Child pid 11 - 53637 terminated by signal 15.
c [Main] Child pid 8 - 53638 terminated by signal 15.
c [w = 17] Start task in PID: 53643.
c [w = 17] Cyclic Antibandwidth problem with w = 17 (caterpillar_10_5.txt):
c [w = 17] Initializing CaDiCaL (version 2.1.3).
c [w = 17] Configuring CaDiCaL as --sat (1).
c [w = 17] Encoding starts with w = 17:
c [w = 17] Symmetry breaking highest degree node is applied.
c [w = 17] Encoding duration: 37 ms.
c [w = 17] Number of clauses: 35934.
c [w = 17] Number of variables: 8400.
c [w = 17] SAT Solving starts:
c [w = 17] Solving duration: 1 ms.
c [w = 17] Answer:
s [w = 17] SAT (w = 17).
c [w = 17] Solution check = 17.
c [w = 17] The solution is correct.
c [w = 17] Result: 10.
c [Main] Max width SAT is set to 17.
c [w = 21] Start task in PID: 53641.
c [w = 21] Cyclic Antibandwidth problem with w = 21 (caterpillar_10_5.txt):
c [w = 21] Initializing CaDiCaL (version 2.1.3).
c [w = 21] Configuring CaDiCaL as --sat (1).
c [w = 21] Encoding starts with w = 21:
c [w = 21] Symmetry breaking highest degree node is applied.
c [w = 21] Encoding duration: 28 ms.
c [w = 21] Number of clauses: 37934.
c [w = 21] Number of variables: 9000.
c [w = 21] SAT Solving starts:
c [w = 21] Solving duration: 27 ms.
c [w = 21] Answer:
s [w = 21] SAT (w = 21).
c [w = 21] Solution check = 21.
c [w = 21] The solution is correct.
c [w = 21] Result: 10.
c [Main] Max width SAT is set to 21.
c [Main] Kill lower pid 20.
c [Main] Kill lower pid 19.
c [Main] Kill lower pid 18.
c [w = 19] Start task in PID: 53644.
c [w = 19] Cyclic Antibandwidth problem with w = 19 (caterpillar_10_5.txt):
c [w = 19] Initializing CaDiCaL (version 2.1.3).
c [w = 19] Configuring CaDiCaL as --sat (1).
c [w = 19] Encoding starts with w = 19:
c [w = 19] Symmetry breaking highest degree node is applied.
c [w = 19] Encoding duration: 39 ms.
c [w = 19] Number of clauses: 36934.
c [w = 19] Number of variables: 8700.
c [w = 19] SAT Solving starts:
c [Signal] Signal interruption. Caught signal: SIGTERM (15).
c [w = 18] Start task in PID: 53642.
c [w = 18] Cyclic Antibandwidth problem with w = 18 (caterpillar_10_5.txt):
c [w = 18] Initializing CaDiCaL (version 2.1.3).
c [w = 18] Configuring CaDiCaL as --sat (1).
c [w = 18] Encoding starts with w = 18:
c [w = 18] Symmetry breaking highest degree node is applied.
c [w = 18] Encoding duration: 27 ms.
c [w = 18] Number of clauses: 36434.
c [w = 18] Number of variables: 8550.
c [w = 18] SAT Solving starts:
c [Signal] Signal interruption. Caught signal: SIGTERM (15).
c [w = 20] Start task in PID: 53645.
c [w = 20] Cyclic Antibandwidth problem with w = 20 (caterpillar_10_5.txt):
c [w = 20] Initializing CaDiCaL (version 2.1.3).
c [w = 20] Configuring CaDiCaL as --sat (1).
c [w = 20] Encoding starts with w = 20:
c [w = 20] Symmetry breaking highest degree node is applied.
c [Signal] Signal interruption. Caught signal: SIGTERM (15).
c [Main] Child pid 20 - 53645 terminated by signal 15.
c [Main] Child pid 18 - 53642 terminated by signal 15.
c [Main] Child pid 19 - 53644 terminated by signal 15.
c [w = 25] Start task in PID: 53649.
c [w = 25] Cyclic Antibandwidth problem with w = 25 (caterpillar_10_5.txt):
c [w = 25] Initializing CaDiCaL (version 2.1.3).
c [w = 25] Configuring CaDiCaL as --sat (1).
c [w = 25] Encoding starts with w = 25:
c [w = 25] Symmetry breaking highest degree node is applied.
c [w = 25] Encoding duration: 27 ms.
c [w = 25] Number of clauses: 36631.
c [w = 25] Number of variables: 8500.
c [w = 25] SAT Solving starts:
c [w = 25] Solving duration: 0 ms.
c [w = 25] Answer:
s [w = 25] UNSAT (w = 25).
c [w = 25] Result: 20.
c [Main] Min width UNSAT is set to 25
c [w = 22] Start task in PID: 53647.
c [w = 22] Cyclic Antibandwidth problem with w = 22 (caterpillar_10_5.txt):
c [w = 22] Initializing CaDiCaL (version 2.1.3).
c [w = 22] Configuring CaDiCaL as --sat (1).
c [w = 22] Encoding starts with w = 22:
c [w = 22] Symmetry breaking highest degree node is applied.
c [w = 22] Encoding duration: 31 ms.
c [w = 22] Number of clauses: 38434.
c [w = 22] Number of variables: 9150.
c [w = 22] SAT Solving starts:
c [w = 22] Solving duration: 5 ms.
c [w = 22] Answer:
s [w = 22] SAT (w = 22).
c [w = 22] Solution check = 22.
c [w = 22] The solution is correct.
c [w = 22] Result: 10.
c [Main] Max width SAT is set to 22.
c [w = 23] Start task in PID: 53646.
c [w = 23] Cyclic Antibandwidth problem with w = 23 (caterpillar_10_5.txt):
c [w = 23] Initializing CaDiCaL (version 2.1.3).
c [w = 23] Configuring CaDiCaL as --sat (1).
c [w = 23] Encoding starts with w = 23:
c [w = 23] Symmetry breaking highest degree node is applied.
c [w = 23] Encoding duration: 29 ms.
c [w = 23] Number of clauses: 38934.
c [w = 23] Number of variables: 9300.
c [w = 23] SAT Solving starts:
c [w = 23] Solving duration: 56 ms.
c [w = 23] Answer:
s [w = 23] SAT (w = 23).
c [w = 23] Solution check = 23.
c [w = 23] The solution is correct.
c [w = 23] Result: 10.
c [Main] Max width SAT is set to 23.
c [w = 24] Start task in PID: 53648.
c [w = 24] Cyclic Antibandwidth problem with w = 24 (caterpillar_10_5.txt):
c [w = 24] Initializing CaDiCaL (version 2.1.3).
c [w = 24] Configuring CaDiCaL as --sat (1).
c [w = 24] Encoding starts with w = 24:
c [w = 24] Symmetry breaking highest degree node is applied.
c [w = 24] Encoding duration: 31 ms.
c [w = 24] Number of clauses: 39434.
c [w = 24] Number of variables: 9450.
c [w = 24] SAT Solving starts:
c [w = 24] Solving duration: 90 ms.
c [w = 24] Answer:
s [w = 24] UNSAT (w = 24).
c [w = 24] Result: 20.
c [Main] Min width UNSAT is set to 24
c [Signal] Signal interruption. Caught signal: SIGTERM (15).
c [Main] All children have completed.
r [Main] 
r [Main] Final results: 
r [Main] Max width SAT:  	23.
r [Main] Min width UNSAT:	24.
r [Main] Total real time: 244 ms.
r [Main] Total memory consumed: 42.4 MB.
r [Main] 
