c [Version] Cyclic Anti-bandwidth Encoder version 1.0.0.
c [Param] Real time limit is set to 150.
c [Param] Memory limit is set to 30000.
c [Param] Worker count is set to 4.
c [Param] LB skip threshold is set to 0.25.
c [Main] Encoding and solving for graph: caterpillar_25_20.txt.
c [Main] Search strategy: Binary search from lower bound.
c [Main] No predefined lower bound is found for caterpillar_25_20.txt.
c [Main] LB-w = 2 (default value).
c [Main] No predefined upper bound is found for caterpillar_25_20.txt.
c [Main] UB-w = 250 (default value calculated as n/2).
c [Main] LB is modified to 64 after applying LB skip threshold 0.25.
c [Main] Search order: 157 110 86 74 68 65 64 66 67 71 69 70 72 73 80 77 75 76 78 79 83 81 82 84 85 98 92 89 87 88 90 91 95 93 94 96 97 104 101 99 100 102 103 107 105 106 108 109 133 121 115 112 111 113 114 118 116 117 119 120 127 124 122 123 125 126 130 128 129 131 132 145 139 136 134 135 137 138 142 140 141 143 144 151 148 146 147 149 150 154 152 153 155 156 204 180 168 162 159 158 160 161 165 163 164 166 167 174 171 169 170 172 173 177 175 176 178 179 192 186 183 181 182 184 185 189 187 188 190 191 198 195 193 194 196 197 201 199 200 202 203 227 215 209 206 205 207 208 212 210 211 213 214 221 218 216 217 219 220 224 222 223 225 226 239 233 230 228 229 231 232 236 234 235 237 238 245 242 240 241 243 244 248 246 247 249 250.
c [w = 74] Start task in PID: 55592.
c [w = 74] Cyclic Antibandwidth problem with w = 74 (caterpillar_25_20.txt):
c [w = 74] Initializing CaDiCaL (version 2.1.3).
c [w = 74] Configuring CaDiCaL as --sat (1).
c [w = 74] Encoding starts with w = 74:
c [w = 74] Symmetry breaking highest degree node is applied.
c [w = 74] Encoding duration: 2467 ms.
c [w = 74] Number of clauses: 3595271.
c [w = 74] Number of variables: 791500.
c [w = 74] SAT Solving starts:
c [w = 74] Solving duration: 5201 ms.
c [w = 74] Answer:
s [w = 74] SAT (w = 74).
c [w = 74] Solution check = 74.
c [w = 74] The solution is correct.
c [w = 74] Result: 10.
c [Main] Max width SAT is set to 74.
c [w = 157] Start task in PID: 55589.
c [w = 157] Cyclic Antibandwidth problem with w = 157 (caterpillar_25_20.txt):
c [w = 157] Initializing CaDiCaL (version 2.1.3).
c [w = 157] Configuring CaDiCaL as --sat (1).
c [w = 157] Encoding starts with w = 157:
c [w = 157] Symmetry breaking highest degree node is applied.
c [w = 157] Encoding duration: 2618 ms.
c [w = 157] Number of clauses: 3810762.
c [w = 157] Number of variables: 851000.
c [w = 157] SAT Solving starts:
c [w = 157] Solving duration: 27268 ms.
c [w = 157] Answer:
s [w = 157] SAT (w = 157).
c [w = 157] Solution check = 157.
c [w = 157] The solution is correct.
c [w = 157] Result: 10.
c [w = 80] Start task in PID: 55594.
c [w = 80] Cyclic Antibandwidth problem with w = 80 (caterpillar_25_20.txt):
c [w = 80] Initializing CaDiCaL (version 2.1.3).
c [w = 80] Configuring CaDiCaL as --sat (1).
c [w = 80] Encoding starts with w = 80:
c [w = 80] Symmetry breaking highest degree node is applied.
c [w = 80] Encoding duration: 2575 ms.
c [w = 80] Number of clauses: 3661271.
c [w = 80] Number of variables: 812500.
c [w = 80] SAT Solving starts:
c [Signal] Signal interruption. Caught signal: SIGTERM (15).
c [Main] Max width SAT is set to 157.
c [Main] Kill lower pid 80.
c [Main] Kill lower pid 86.
c [Main] Kill lower pid 110.
c [w = 86] Start task in PID: 55591.
c [w = 86] Cyclic Antibandwidth problem with w = 86 (caterpillar_25_20.txt):
c [w = 86] Initializing CaDiCaL (version 2.1.3).
c [w = 86] Configuring CaDiCaL as --sat (1).
c [w = 86] Encoding starts with w = 86:
c [w = 86] Symmetry breaking highest degree node is applied.
c [w = 86] Encoding duration: 2442 ms.
c [w = 86] Number of clauses: 3600768.
c [w = 86] Number of variables: 792000.
c [w = 86] SAT Solving starts:
c [Signal] Signal interruption. Caught signal: SIGTERM (15).
c [w = 110] Start task in PID: 55590.
c [w = 110] Cyclic Antibandwidth problem with w = 110 (caterpillar_25_20.txt):
c [w = 110] Initializing CaDiCaL (version 2.1.3).
c [w = 110] Configuring CaDiCaL as --sat (1).
c [w = 110] Encoding starts with w = 110:
c [w = 110] Symmetry breaking highest degree node is applied.
c [w = 110] Encoding duration: 2492 ms.
c [w = 110] Number of clauses: 3666765.
c [w = 110] Number of variables: 810500.
c [w = 110] SAT Solving starts:
c [Signal] Signal interruption. Caught signal: SIGTERM (15).
c [Main] Child pid 86 - 55591 terminated by signal 15.
c [Main] Child pid 80 - 55594 terminated by signal 15.
c [Main] Child pid 110 - 55590 terminated by signal 15.
c [w = 162] Start task in PID: 55602.
c [w = 162] Cyclic Antibandwidth problem with w = 162 (caterpillar_25_20.txt):
c [w = 162] Initializing CaDiCaL (version 2.1.3).
c [w = 162] Configuring CaDiCaL as --sat (1).
c [w = 162] Encoding starts with w = 162:
c [w = 162] Symmetry breaking highest degree node is applied.
c [w = 162] Encoding duration: 2604 ms.
c [w = 162] Number of clauses: 3843262.
c [w = 162] Number of variables: 861000.
c [w = 162] SAT Solving starts:
c [w = 162] Solving duration: 31384 ms.
c [w = 162] Answer:
s [w = 162] SAT (w = 162).
c [w = 162] Solution check = 162.
c [w = 162] The solution is correct.
c [w = 162] Result: 10.
c [Main] Max width SAT is set to 162.
c [w = 168] Start task in PID: 55601.
c [w = 168] Cyclic Antibandwidth problem with w = 168 (caterpillar_25_20.txt):
c [w = 168] Initializing CaDiCaL (version 2.1.3).
c [w = 168] Configuring CaDiCaL as --sat (1).
c [w = 168] Encoding starts with w = 168:
c [w = 168] Symmetry breaking highest degree node is applied.
c [w = 168] Encoding duration: 2454 ms.
c [w = 168] Number of clauses: 3634259.
c [w = 168] Number of variables: 790500.
c [w = 168] SAT Solving starts:
c [Signal] Signal interruption. Caught signal: SIGTERM (15).
c [w = 180] Start task in PID: 55600.
c [w = 180] Cyclic Antibandwidth problem with w = 180 (caterpillar_25_20.txt):
c [w = 180] Initializing CaDiCaL (version 2.1.3).
c [w = 180] Configuring CaDiCaL as --sat (1).
c [w = 180] Encoding starts with w = 180:
c [w = 180] Symmetry breaking highest degree node is applied.
c [w = 180] Encoding duration: 2548 ms.
c [w = 180] Number of clauses: 3694259.
c [w = 180] Number of variables: 808500.
c [w = 180] SAT Solving starts:
c [Signal] Signal interruption. Caught signal: SIGTERM (15).
c [w = 165] Start task in PID: 55610.
c [w = 165] Cyclic Antibandwidth problem with w = 165 (caterpillar_25_20.txt):
c [w = 165] Initializing CaDiCaL (version 2.1.3).
c [w = 165] Configuring CaDiCaL as --sat (1).
c [w = 165] Encoding starts with w = 165:
c [w = 165] Symmetry breaking highest degree node is applied.
c [w = 165] Encoding duration: 2607 ms.
c [w = 165] Number of clauses: 3862762.
c [w = 165] Number of variables: 867000.
c [w = 165] SAT Solving starts:
c [Signal] Signal interruption. Caught signal: SIGTERM (15).
c [w = 204] Start task in PID: 55599.
c [w = 204] Cyclic Antibandwidth problem with w = 204 (caterpillar_25_20.txt):
c [w = 204] Initializing CaDiCaL (version 2.1.3).
c [w = 204] Configuring CaDiCaL as --sat (1).
c [w = 204] Encoding starts with w = 204:
c [w = 204] Symmetry breaking highest degree node is applied.
c [w = 204] Encoding duration: 2606 ms.
c [w = 204] Number of clauses: 3814259.
c [w = 204] Number of variables: 844500.
c [w = 204] SAT Solving starts:
c [Signal] Signal interruption. Caught signal: SIGTERM (15).
c [Main] Lim pid ends with result: 254.
c [Main] All children have completed.
r [Main] 
r [Main] Final results: 
r [Main] Max width SAT:  	162.
r [Main] Min width UNSAT:	-.
r [Main] Total real time: 150956 ms.
r [Main] Total memory consumed: 4129 MB.
r [Main] 
