c [Version] Cyclic Anti-bandwidth Encoder version 1.0.0.
c [Param] Real time limit is set to 150.
c [Param] Memory limit is set to 30000.
c [Param] Worker count is set to 4.
c [Param] LB skip threshold is set to 0.25.
c [Main] Encoding and solving for graph: caterpillar_35_10.txt.
c [Main] Search strategy: Binary search from lower bound.
c [Main] No predefined lower bound is found for caterpillar_35_10.txt.
c [Main] LB-w = 2 (default value).
c [Main] No predefined upper bound is found for caterpillar_35_10.txt.
c [Main] UB-w = 175 (default value calculated as n/2).
c [Main] LB is modified to 45 after applying LB skip threshold 0.25.
c [Main] Search order: 110 77 60 52 48 46 45 47 50 49 51 56 54 53 55 58 57 59 68 64 62 61 63 66 65 67 72 70 69 71 74 73 75 76 93 85 81 79 78 80 83 82 84 89 87 86 88 91 90 92 101 97 95 94 96 99 98 100 105 103 102 104 107 106 108 109 143 126 118 114 112 111 113 116 115 117 122 120 119 121 124 123 125 134 130 128 127 129 132 131 133 138 136 135 137 140 139 141 142 159 151 147 145 144 146 149 148 150 155 153 152 154 157 156 158 167 163 161 160 162 165 164 166 171 169 168 170 173 172 174 175.
c [w = 60] Start task in PID: 56267.
c [w = 60] Cyclic Antibandwidth problem with w = 60 (caterpillar_35_10.txt):
c [w = 60] Initializing CaDiCaL (version 2.1.3).
c [w = 60] Configuring CaDiCaL as --sat (1).
c [w = 60] Encoding starts with w = 60:
c [w = 60] Symmetry breaking highest degree node is applied.
c [w = 60] Encoding duration: 1235 ms.
c [w = 60] Number of clauses: 1762793.
c [w = 60] Number of variables: 389900.
c [w = 60] SAT Solving starts:
c [w = 60] Solving duration: 2769 ms.
c [w = 60] Answer:
s [w = 60] SAT (w = 60).
c [w = 60] Solution check = 60.
c [w = 60] The solution is correct.
c [w = 60] Result: 10.
c [Main] Max width SAT is set to 60.
c [Main] Kill lower pid 52.
c [w = 52] Start task in PID: 56268.
c [w = 52] Cyclic Antibandwidth problem with w = 52 (caterpillar_35_10.txt):
c [w = 52] Initializing CaDiCaL (version 2.1.3).
c [w = 52] Configuring CaDiCaL as --sat (1).
c [w = 52] Encoding starts with w = 52:
c [w = 52] Symmetry breaking highest degree node is applied.
c [w = 52] Encoding duration: 1263 ms.
c [w = 52] Number of clauses: 1762446.
c [w = 52] Number of variables: 390250.
c [w = 52] SAT Solving starts:
c [Signal] Signal interruption. Caught signal: SIGTERM (15).
c [Main] Child pid 52 - 56268 terminated by signal 15.
c [w = 64] Start task in PID: 56270.
c [w = 64] Cyclic Antibandwidth problem with w = 64 (caterpillar_35_10.txt):
c [w = 64] Initializing CaDiCaL (version 2.1.3).
c [w = 64] Configuring CaDiCaL as --sat (1).
c [w = 64] Encoding starts with w = 64:
c [w = 64] Symmetry breaking highest degree node is applied.
c [w = 64] Encoding duration: 1324 ms.
c [w = 64] Number of clauses: 1789393.
c [w = 64] Number of variables: 398300.
c [w = 64] SAT Solving starts:
c [w = 64] Solving duration: 1540 ms.
c [w = 64] Answer:
s [w = 64] SAT (w = 64).
c [w = 64] Solution check = 64.
c [w = 64] The solution is correct.
c [w = 64] Result: 10.
c [Main] Max width SAT is set to 64.
c [w = 68] Start task in PID: 56269.
c [w = 68] Cyclic Antibandwidth problem with w = 68 (caterpillar_35_10.txt):
c [w = 68] Initializing CaDiCaL (version 2.1.3).
c [w = 68] Configuring CaDiCaL as --sat (1).
c [w = 68] Encoding starts with w = 68:
c [w = 68] Symmetry breaking highest degree node is applied.
c [w = 68] Encoding duration: 1358 ms.
c [w = 68] Number of clauses: 1815993.
c [w = 68] Number of variables: 406700.
c [w = 68] SAT Solving starts:
c [w = 68] Solving duration: 11985 ms.
c [w = 68] Answer:
s [w = 68] SAT (w = 68).
c [w = 68] Solution check = 68.
c [w = 68] The solution is correct.
c [w = 68] Result: 10.
c [Main] Max width SAT is set to 68.
c [Main] Kill lower pid 66.
c [w = 66] Start task in PID: 56271.
c [w = 66] Cyclic Antibandwidth problem with w = 66 (caterpillar_35_10.txt):
c [w = 66] Initializing CaDiCaL (version 2.1.3).
c [w = 66] Configuring CaDiCaL as --sat (1).
c [w = 66] Encoding starts with w = 66:
c [w = 66] Symmetry breaking highest degree node is applied.
c [w = 66] Encoding duration: 1260 ms.
c [w = 66] Number of clauses: 1802693.
c [w = 66] Number of variables: 402500.
c [w = 66] SAT Solving starts:
c [Signal] Signal interruption. Caught signal: SIGTERM (15).
c [Main] Child pid 66 - 56271 terminated by signal 15.
c [w = 110] Start task in PID: 56265.
c [w = 110] Cyclic Antibandwidth problem with w = 110 (caterpillar_35_10.txt):
c [w = 110] Initializing CaDiCaL (version 2.1.3).
c [w = 110] Configuring CaDiCaL as --sat (1).
c [w = 110] Encoding starts with w = 110:
c [w = 110] Symmetry breaking highest degree node is applied.
c [w = 110] Encoding duration: 1327 ms.
c [w = 110] Number of clauses: 1868837.
c [w = 110] Number of variables: 420000.
c [w = 110] SAT Solving starts:
c [w = 110] Solving duration: 28905 ms.
c [w = 110] Answer:
s [w = 110] SAT (w = 110).
c [w = 110] Solution check = 110.
c [w = 110] The solution is correct.
c [w = 110] Result: 10.
c [w = 70] Start task in PID: 56274.
c [w = 70] Cyclic Antibandwidth problem with w = 70 (caterpillar_35_10.txt):
c [w = 70] Initializing CaDiCaL (version 2.1.3).
c [w = 70] Configuring CaDiCaL as --sat (1).
c [w = 70] Encoding starts with w = 70:
c [w = 70] Symmetry breaking highest degree node is applied.
c [w = 70] Encoding duration: 1221 ms.
c [w = 70] Number of clauses: 1757890.
c [w = 70] Number of variables: 387450.
c [w = 70] SAT Solving starts:
c [Signal] Signal interruption. Caught signal: SIGTERM (15).
c [Main] Max width SAT is set to 110.
c [Main] Kill lower pid 70.
c [Main] Kill lower pid 72.
c [Main] Kill lower pid 77.
c [w = 72] Start task in PID: 56273.
c [w = 72] Cyclic Antibandwidth problem with w = 72 (caterpillar_35_10.txt):
c [w = 72] Initializing CaDiCaL (version 2.1.3).
c [w = 72] Configuring CaDiCaL as --sat (1).
c [w = 72] Encoding starts with w = 72:
c [w = 72] Symmetry breaking highest degree node is applied.
c [w = 72] Encoding duration: 1243 ms.
c [w = 72] Number of clauses: 1769090.
c [w = 72] Number of variables: 390950.
c [w = 72] SAT Solving starts:
c [Signal] Signal interruption. Caught signal: SIGTERM (15).
c [w = 77] Start task in PID: 56266.
c [w = 77] Cyclic Antibandwidth problem with w = 77 (caterpillar_35_10.txt):
c [w = 77] Initializing CaDiCaL (version 2.1.3).
c [w = 77] Configuring CaDiCaL as --sat (1).
c [w = 77] Encoding starts with w = 77:
c [w = 77] Symmetry breaking highest degree node is applied.
c [w = 77] Encoding duration: 1241 ms.
c [w = 77] Number of clauses: 1797090.
c [w = 77] Number of variables: 399700.
c [w = 77] SAT Solving starts:
c [w = 77] Solving duration: 29518 ms.
c [w = 77] Answer:
s [w = 77] SAT (w = 77).
c [w = 77] Solution check = 77.
c [w = 77] The solution is correct.
c [Signal] Signal interruption. Caught signal: SIGTERM (15).
c [Main] Child pid 77 - 56266 terminated by signal 15.
c [Main] Child pid 70 - 56274 terminated by signal 15.
c [Main] Child pid 72 - 56273 terminated by signal 15.
c [w = 126] Start task in PID: 56278.
c [w = 126] Cyclic Antibandwidth problem with w = 126 (caterpillar_35_10.txt):
c [w = 126] Initializing CaDiCaL (version 2.1.3).
c [w = 126] Configuring CaDiCaL as --sat (1).
c [w = 126] Encoding starts with w = 126:
c [w = 126] Symmetry breaking highest degree node is applied.
c [w = 126] Encoding duration: 1254 ms.
c [w = 126] Number of clauses: 1812134.
c [w = 126] Number of variables: 399350.
c [w = 126] SAT Solving starts:
c [w = 126] Solving duration: 44813 ms.
c [w = 126] Answer:
s [w = 126] SAT (w = 126).
c [w = 126] Solution check = 126.
c [w = 126] The solution is correct.
c [w = 126] Result: 10.
c [Main] Max width SAT is set to 126.
c [Main] Kill lower pid 114.
c [Main] Kill lower pid 118.
c [w = 114] Start task in PID: 56280.
c [w = 114] Cyclic Antibandwidth problem with w = 114 (caterpillar_35_10.txt):
c [w = 114] Initializing CaDiCaL (version 2.1.3).
c [w = 114] Configuring CaDiCaL as --sat (1).
c [w = 114] Encoding starts with w = 114:
c [w = 114] Symmetry breaking highest degree node is applied.
c [w = 114] Encoding duration: 1297 ms.
c [w = 114] Number of clauses: 1887037.
c [w = 114] Number of variables: 425600.
c [w = 114] SAT Solving starts:
c [Signal] Signal interruption. Caught signal: SIGTERM (15).
c [w = 118] Start task in PID: 56279.
c [w = 118] Cyclic Antibandwidth problem with w = 118 (caterpillar_35_10.txt):
c [w = 118] Initializing CaDiCaL (version 2.1.3).
c [w = 118] Configuring CaDiCaL as --sat (1).
c [w = 118] Encoding starts with w = 118:
c [w = 118] Symmetry breaking highest degree node is applied.
c [w = 118] Encoding duration: 1236 ms.
c [w = 118] Number of clauses: 1784134.
c [w = 118] Number of variables: 390950.
c [w = 118] SAT Solving starts:
c [Signal] Signal interruption. Caught signal: SIGTERM (15).
c [Main] Child pid 118 - 56279 terminated by signal 15.
c [Main] Child pid 114 - 56280 terminated by signal 15.
c [w = 128] Start task in PID: 56702.
c [w = 128] Cyclic Antibandwidth problem with w = 128 (caterpillar_35_10.txt):
c [w = 128] Initializing CaDiCaL (version 2.1.3).
c [w = 128] Configuring CaDiCaL as --sat (1).
c [w = 128] Encoding starts with w = 128:
c [w = 128] Symmetry breaking highest degree node is applied.
c [w = 128] Encoding duration: 1253 ms.
c [w = 128] Number of clauses: 1819134.
c [w = 128] Number of variables: 401450.
c [w = 128] SAT Solving starts:
c [w = 128] Solving duration: 15653 ms.
c [w = 128] Answer:
s [w = 128] SAT (w = 128).
c [w = 128] Solution check = 128.
c [w = 128] The solution is correct.
c [w = 128] Result: 10.
c [Main] Max width SAT is set to 128.
c [w = 143] Start task in PID: 56277.
c [w = 143] Cyclic Antibandwidth problem with w = 143 (caterpillar_35_10.txt):
c [w = 143] Initializing CaDiCaL (version 2.1.3).
c [w = 143] Configuring CaDiCaL as --sat (1).
c [w = 143] Encoding starts with w = 143:
c [w = 143] Symmetry breaking highest degree node is applied.
c [w = 143] Encoding duration: 1331 ms.
c [w = 143] Number of clauses: 1871634.
c [w = 143] Number of variables: 417200.
c [w = 143] SAT Solving starts:
c [w = 143] Solving duration: 85294 ms.
c [w = 143] Answer:
s [w = 143] SAT (w = 143).
c [w = 143] Solution check = 143.
c [w = 143] The solution is correct.
c [w = 143] Result: 10.
c [w = 129] Start task in PID: 56705.
c [w = 129] Cyclic Antibandwidth problem with w = 129 (caterpillar_35_10.txt):
c [w = 129] Initializing CaDiCaL (version 2.1.3).
c [w = 129] Configuring CaDiCaL as --sat (1).
c [w = 129] Encoding starts with w = 129:
c [w = 129] Symmetry breaking highest degree node is applied.
c [w = 129] Encoding duration: 1275 ms.
c [w = 129] Number of clauses: 1822634.
c [w = 129] Number of variables: 402500.
c [w = 129] SAT Solving starts:
c [Signal] Signal interruption. Caught signal: SIGTERM (15).
c [Main] Max width SAT is set to 143.
c [Main] Kill lower pid 129.
c [Main] Kill lower pid 134.
c [Main] Kill lower pid 130.
c [w = 134] Start task in PID: 56700.
c [w = 134] Cyclic Antibandwidth problem with w = 134 (caterpillar_35_10.txt):
c [w = 134] Initializing CaDiCaL (version 2.1.3).
c [w = 134] Configuring CaDiCaL as --sat (1).
c [w = 134] Encoding starts with w = 134:
c [w = 134] Symmetry breaking highest degree node is applied.
c [w = 134] Encoding duration: 1272 ms.
c [w = 134] Number of clauses: 1840134.
c [w = 134] Number of variables: 407750.
c [w = 134] SAT Solving starts:
c [Signal] Signal interruption. Caught signal: SIGTERM (15).
c [w = 130] Start task in PID: 56701.
c [w = 130] Cyclic Antibandwidth problem with w = 130 (caterpillar_35_10.txt):
c [w = 130] Initializing CaDiCaL (version 2.1.3).
c [w = 130] Configuring CaDiCaL as --sat (1).
c [w = 130] Encoding starts with w = 130:
c [w = 130] Symmetry breaking highest degree node is applied.
c [w = 130] Encoding duration: 1243 ms.
c [w = 130] Number of clauses: 1826134.
c [w = 130] Number of variables: 403550.
c [w = 130] SAT Solving starts:
c [Signal] Signal interruption. Caught signal: SIGTERM (15).
c [Main] Child pid 129 - 56705 terminated by signal 15.
c [Main] Child pid 130 - 56701 terminated by signal 15.
c [Main] Child pid 134 - 56700 terminated by signal 15.
c [w = 145] Start task in PID: 56716.
c [w = 145] Cyclic Antibandwidth problem with w = 145 (caterpillar_35_10.txt):
c [w = 145] Initializing CaDiCaL (version 2.1.3).
c [w = 145] Configuring CaDiCaL as --sat (1).
c [w = 145] Encoding starts with w = 145:
c [w = 145] Symmetry breaking highest degree node is applied.
c [w = 145] Encoding duration: 1301 ms.
c [w = 145] Number of clauses: 1878634.
c [w = 145] Number of variables: 419300.
c [w = 145] SAT Solving starts:
c [Signal] Signal interruption. Caught signal: SIGTERM (15).
c [w = 147] Start task in PID: 56715.
c [w = 147] Cyclic Antibandwidth problem with w = 147 (caterpillar_35_10.txt):
c [w = 147] Initializing CaDiCaL (version 2.1.3).
c [w = 147] Configuring CaDiCaL as --sat (1).
c [w = 147] Encoding starts with w = 147:
c [w = 147] Symmetry breaking highest degree node is applied.
c [w = 147] Encoding duration: 1297 ms.
c [w = 147] Number of clauses: 1885634.
c [w = 147] Number of variables: 421400.
c [w = 147] SAT Solving starts:
c [Signal] Signal interruption. Caught signal: SIGTERM (15).
c [w = 159] Start task in PID: 56713.
c [w = 159] Cyclic Antibandwidth problem with w = 159 (caterpillar_35_10.txt):
c [w = 159] Initializing CaDiCaL (version 2.1.3).
c [w = 159] Configuring CaDiCaL as --sat (1).
c [w = 159] Encoding starts with w = 159:
c [w = 159] Symmetry breaking highest degree node is applied.
c [w = 159] Encoding duration: 1368 ms.
c [w = 159] Number of clauses: 1927634.
c [w = 159] Number of variables: 434000.
c [w = 159] SAT Solving starts:
c [Signal] Signal interruption. Caught signal: SIGTERM (15).
c [w = 151] Start task in PID: 56714.
c [w = 151] Cyclic Antibandwidth problem with w = 151 (caterpillar_35_10.txt):
c [w = 151] Initializing CaDiCaL (version 2.1.3).
c [w = 151] Configuring CaDiCaL as --sat (1).
c [w = 151] Encoding starts with w = 151:
c [w = 151] Symmetry breaking highest degree node is applied.
c [w = 151] Encoding duration: 1383 ms.
c [w = 151] Number of clauses: 1899634.
c [w = 151] Number of variables: 425600.
c [w = 151] SAT Solving starts:
c [Signal] Signal interruption. Caught signal: SIGTERM (15).
c [Main] Lim pid ends with result: 254.
c [Main] All children have completed.
r [Main] 
r [Main] Final results: 
r [Main] Max width SAT:  	143.
r [Main] Min width UNSAT:	-.
r [Main] Total real time: 150934 ms.
r [Main] Total memory consumed: 2362.9 MB.
r [Main] 
