c [Version] Cyclic Anti-bandwidth Encoder version 1.0.0.
c [Param] Real time limit is set to 150.
c [Param] Memory limit is set to 30000.
c [Param] Worker count is set to 4.
c [Param] LB skip threshold is set to 0.25.
c [Main] Encoding and solving for graph: caterpillar_20_10.txt.
c [Main] Search strategy: Binary search from lower bound.
c [Main] No predefined lower bound is found for caterpillar_20_10.txt.
c [Main] LB-w = 2 (default value).
c [Main] No predefined upper bound is found for caterpillar_20_10.txt.
c [Main] UB-w = 100 (default value calculated as n/2).
c [Main] LB is modified to 26 after applying LB skip threshold 0.25.
c [Main] Search order: 63 44 34 29 27 26 28 31 30 32 33 39 36 35 37 38 41 40 42 43 53 48 46 45 47 50 49 51 52 58 55 54 56 57 60 59 61 62 82 72 67 65 64 66 69 68 70 71 77 74 73 75 76 79 78 80 81 91 86 84 83 85 88 87 89 90 96 93 92 94 95 98 97 99 100.
c [w = 29] Start task in PID: 54429.
c [w = 29] Cyclic Antibandwidth problem with w = 29 (caterpillar_20_10.txt):
c [w = 29] Initializing CaDiCaL (version 2.1.3).
c [w = 29] Configuring CaDiCaL as --sat (1).
c [w = 29] Encoding starts with w = 29:
c [w = 29] Symmetry breaking highest degree node is applied.
c [w = 29] Encoding duration: 432 ms.
c [w = 29] Number of clauses: 570521.
c [w = 29] Number of variables: 127200.
c [w = 29] SAT Solving starts:
c [w = 29] Solving duration: 725 ms.
c [w = 29] Answer:
s [w = 29] SAT (w = 29).
c [w = 29] Solution check = 29.
c [w = 29] The solution is correct.
c [w = 29] Result: 10.
c [Main] Max width SAT is set to 29.
c [w = 34] Start task in PID: 54428.
c [w = 34] Cyclic Antibandwidth problem with w = 34 (caterpillar_20_10.txt):
c [w = 34] Initializing CaDiCaL (version 2.1.3).
c [w = 34] Configuring CaDiCaL as --sat (1).
c [w = 34] Encoding starts with w = 34:
c [w = 34] Symmetry breaking highest degree node is applied.
c [w = 34] Encoding duration: 425 ms.
c [w = 34] Number of clauses: 573118.
c [w = 34] Number of variables: 128000.
c [w = 34] SAT Solving starts:
c [w = 34] Solving duration: 872 ms.
c [w = 34] Answer:
s [w = 34] SAT (w = 34).
c [w = 34] Solution check = 34.
c [w = 34] The solution is correct.
c [w = 34] Result: 10.
c [Main] Max width SAT is set to 34.
c [Main] Kill lower pid 31.
c [w = 31] Start task in PID: 54431.
c [w = 31] Cyclic Antibandwidth problem with w = 31 (caterpillar_20_10.txt):
c [w = 31] Initializing CaDiCaL (version 2.1.3).
c [w = 31] Configuring CaDiCaL as --sat (1).
c [w = 31] Encoding starts with w = 31:
c [w = 31] Symmetry breaking highest degree node is applied.
c [Signal] Signal interruption. Caught signal: SIGTERM (15).
c [Main] Child pid 31 - 54431 terminated by signal 15.
c [w = 36] Start task in PID: 54433.
c [w = 36] Cyclic Antibandwidth problem with w = 36 (caterpillar_20_10.txt):
c [w = 36] Initializing CaDiCaL (version 2.1.3).
c [w = 36] Configuring CaDiCaL as --sat (1).
c [w = 36] Encoding starts with w = 36:
c [w = 36] Symmetry breaking highest degree node is applied.
c [w = 36] Encoding duration: 405 ms.
c [w = 36] Number of clauses: 580718.
c [w = 36] Number of variables: 130400.
c [w = 36] SAT Solving starts:
c [w = 36] Solving duration: 562 ms.
c [w = 36] Answer:
s [w = 36] SAT (w = 36).
c [w = 36] Solution check = 36.
c [w = 36] The solution is correct.
c [w = 36] Result: 10.
c [Main] Max width SAT is set to 36.
e [Pid] Unable to open /proc/54433/task/54433/children
e [Pid] Unable to open /proc/54433/status
c [w = 39] Start task in PID: 54432.
c [w = 39] Cyclic Antibandwidth problem with w = 39 (caterpillar_20_10.txt):
c [w = 39] Initializing CaDiCaL (version 2.1.3).
c [w = 39] Configuring CaDiCaL as --sat (1).
c [w = 39] Encoding starts with w = 39:
c [w = 39] Symmetry breaking highest degree node is applied.
c [w = 39] Encoding duration: 418 ms.
c [w = 39] Number of clauses: 592118.
c [w = 39] Number of variables: 134000.
c [w = 39] SAT Solving starts:
c [w = 39] Solving duration: 1290 ms.
c [w = 39] Answer:
s [w = 39] SAT (w = 39).
c [w = 39] Solution check = 39.
c [w = 39] The solution is correct.
c [w = 39] Result: 10.
c [Main] Max width SAT is set to 39.
c [Main] Kill lower pid 37.
c [w = 37] Start task in PID: 54434.
c [w = 37] Cyclic Antibandwidth problem with w = 37 (caterpillar_20_10.txt):
c [w = 37] Initializing CaDiCaL (version 2.1.3).
c [w = 37] Configuring CaDiCaL as --sat (1).
c [w = 37] Encoding starts with w = 37:
c [w = 37] Symmetry breaking highest degree node is applied.
c [w = 37] Encoding duration: 412 ms.
c [w = 37] Number of clauses: 584518.
c [w = 37] Number of variables: 131600.
c [w = 37] SAT Solving starts:
c [Signal] Signal interruption. Caught signal: SIGTERM (15).
c [Main] Child pid 37 - 54434 terminated by signal 15.
c [w = 44] Start task in PID: 54427.
c [w = 44] Cyclic Antibandwidth problem with w = 44 (caterpillar_20_10.txt):
c [w = 44] Initializing CaDiCaL (version 2.1.3).
c [w = 44] Configuring CaDiCaL as --sat (1).
c [w = 44] Encoding starts with w = 44:
c [w = 44] Symmetry breaking highest degree node is applied.
c [w = 44] Encoding duration: 427 ms.
c [w = 44] Number of clauses: 585915.
c [w = 44] Number of variables: 131800.
c [w = 44] SAT Solving starts:
c [w = 44] Solving duration: 3245 ms.
c [w = 44] Answer:
s [w = 44] SAT (w = 44).
c [w = 44] Solution check = 44.
c [w = 44] The solution is correct.
c [w = 44] Result: 10.
c [Main] Max width SAT is set to 44.
c [Main] Kill lower pid 40.
c [Main] Kill lower pid 41.
c [w = 41] Start task in PID: 54435.
c [w = 41] Cyclic Antibandwidth problem with w = 41 (caterpillar_20_10.txt):
c [w = 41] Initializing CaDiCaL (version 2.1.3).
c [w = 41] Configuring CaDiCaL as --sat (1).
c [w = 41] Encoding starts with w = 41:
c [w = 41] Symmetry breaking highest degree node is applied.
c [w = 41] Encoding duration: 408 ms.
c [w = 41] Number of clauses: 576315.
c [w = 41] Number of variables: 128800.
c [w = 41] SAT Solving starts:
c [Signal] Signal interruption. Caught signal: SIGTERM (15).
c [w = 40] Start task in PID: 54436.
c [w = 40] Cyclic Antibandwidth problem with w = 40 (caterpillar_20_10.txt):
c [w = 40] Initializing CaDiCaL (version 2.1.3).
c [w = 40] Configuring CaDiCaL as --sat (1).
c [w = 40] Encoding starts with w = 40:
c [w = 40] Symmetry breaking highest degree node is applied.
c [w = 40] Encoding duration: 413 ms.
c [w = 40] Number of clauses: 573115.
c [w = 40] Number of variables: 127800.
c [w = 40] SAT Solving starts:
c [w = 40] Solving duration: 156 ms.
c [w = 40] Answer:
s [w = 40] SAT (w = 40).
c [w = 40] Solution check = 40.
c [w = 40] The solution is correct.
c [Signal] Signal interruption. Caught signal: SIGTERM (15).
c [Main] Child pid 41 - 54435 terminated by signal 15.
c [Main] Child pid 40 - 54436 terminated by signal 15.
c [w = 48] Start task in PID: 54438.
c [w = 48] Cyclic Antibandwidth problem with w = 48 (caterpillar_20_10.txt):
c [w = 48] Initializing CaDiCaL (version 2.1.3).
c [w = 48] Configuring CaDiCaL as --sat (1).
c [w = 48] Encoding starts with w = 48:
c [w = 48] Symmetry breaking highest degree node is applied.
c [w = 48] Encoding duration: 419 ms.
c [w = 48] Number of clauses: 598715.
c [w = 48] Number of variables: 135800.
c [w = 48] SAT Solving starts:
c [w = 48] Solving duration: 1361 ms.
c [w = 48] Answer:
s [w = 48] SAT (w = 48).
c [w = 48] Solution check = 48.
c [w = 48] The solution is correct.
c [w = 48] Result: 10.
c [Main] Max width SAT is set to 48.
c [Main] Kill lower pid 46.
c [w = 46] Start task in PID: 54439.
c [w = 46] Cyclic Antibandwidth problem with w = 46 (caterpillar_20_10.txt):
c [w = 46] Initializing CaDiCaL (version 2.1.3).
c [w = 46] Configuring CaDiCaL as --sat (1).
c [w = 46] Encoding starts with w = 46:
c [w = 46] Symmetry breaking highest degree node is applied.
c [w = 46] Encoding duration: 410 ms.
c [w = 46] Number of clauses: 592315.
c [w = 46] Number of variables: 133800.
c [w = 46] SAT Solving starts:
c [Signal] Signal interruption. Caught signal: SIGTERM (15).
c [Main] Child pid 46 - 54439 terminated by signal 15.
c [w = 49] Start task in PID: 54441.
c [w = 49] Cyclic Antibandwidth problem with w = 49 (caterpillar_20_10.txt):
c [w = 49] Initializing CaDiCaL (version 2.1.3).
c [w = 49] Configuring CaDiCaL as --sat (1).
c [w = 49] Encoding starts with w = 49:
c [w = 49] Symmetry breaking highest degree node is applied.
c [w = 49] Encoding duration: 429 ms.
c [w = 49] Number of clauses: 601915.
c [w = 49] Number of variables: 136800.
c [w = 49] SAT Solving starts:
c [w = 49] Solving duration: 1036 ms.
c [w = 49] Answer:
s [w = 49] SAT (w = 49).
c [w = 49] Solution check = 49.
c [w = 49] The solution is correct.
c [w = 49] Result: 10.
c [Main] Max width SAT is set to 49.
c [w = 53] Start task in PID: 54437.
c [w = 53] Cyclic Antibandwidth problem with w = 53 (caterpillar_20_10.txt):
c [w = 53] Initializing CaDiCaL (version 2.1.3).
c [w = 53] Configuring CaDiCaL as --sat (1).
c [w = 53] Encoding starts with w = 53:
c [w = 53] Symmetry breaking highest degree node is applied.
c [w = 53] Encoding duration: 409 ms.
c [w = 53] Number of clauses: 584312.
c [w = 53] Number of variables: 130800.
c [w = 53] SAT Solving starts:
c [w = 53] Solving duration: 5299 ms.
c [w = 53] Answer:
s [w = 53] SAT (w = 53).
c [w = 53] Solution check = 53.
c [w = 53] The solution is correct.
c [w = 53] Result: 10.
c [Main] Max width SAT is set to 53.
c [Main] Kill lower pid 51.
c [Main] Kill lower pid 50.
c [w = 51] Start task in PID: 54442.
c [w = 51] Cyclic Antibandwidth problem with w = 51 (caterpillar_20_10.txt):
c [w = 51] Initializing CaDiCaL (version 2.1.3).
c [w = 51] Configuring CaDiCaL as --sat (1).
c [w = 51] Encoding starts with w = 51:
c [w = 51] Symmetry breaking highest degree node is applied.
c [w = 51] Encoding duration: 403 ms.
c [w = 51] Number of clauses: 579112.
c [w = 51] Number of variables: 129200.
c [w = 51] SAT Solving starts:
c [Signal] Signal interruption. Caught signal: SIGTERM (15).
c [w = 50] Start task in PID: 54440.
c [w = 50] Cyclic Antibandwidth problem with w = 50 (caterpillar_20_10.txt):
c [w = 50] Initializing CaDiCaL (version 2.1.3).
c [w = 50] Configuring CaDiCaL as --sat (1).
c [w = 50] Encoding starts with w = 50:
c [w = 50] Symmetry breaking highest degree node is applied.
c [w = 50] Encoding duration: 400 ms.
c [w = 50] Number of clauses: 576512.
c [w = 50] Number of variables: 128400.
c [w = 50] SAT Solving starts:
c [Signal] Signal interruption. Caught signal: SIGTERM (15).
c [Main] Child pid 51 - 54442 terminated by signal 15.
c [Main] Child pid 50 - 54440 terminated by signal 15.
c [w = 63] Start task in PID: 54426.
c [w = 63] Cyclic Antibandwidth problem with w = 63 (caterpillar_20_10.txt):
c [w = 63] Initializing CaDiCaL (version 2.1.3).
c [w = 63] Configuring CaDiCaL as --sat (1).
c [w = 63] Encoding starts with w = 63:
c [w = 63] Symmetry breaking highest degree node is applied.
c [w = 63] Encoding duration: 459 ms.
c [w = 63] Number of clauses: 610312.
c [w = 63] Number of variables: 138800.
c [w = 63] SAT Solving starts:
c [w = 63] Solving duration: 10893 ms.
c [w = 63] Answer:
s [w = 63] SAT (w = 63).
c [w = 63] Solution check = 63.
c [w = 63] The solution is correct.
c [w = 63] Result: 10.
c [Main] Max width SAT is set to 63.
c [Main] Kill lower pid 54.
c [Main] Kill lower pid 55.
c [Main] Kill lower pid 58.
c [w = 54] Start task in PID: 54445.
c [w = 54] Cyclic Antibandwidth problem with w = 54 (caterpillar_20_10.txt):
c [w = 54] Initializing CaDiCaL (version 2.1.3).
c [w = 54] Configuring CaDiCaL as --sat (1).
c [w = 54] Encoding starts with w = 54:
c [w = 54] Symmetry breaking highest degree node is applied.
c [w = 54] Encoding duration: 412 ms.
c [w = 54] Number of clauses: 586912.
c [w = 54] Number of variables: 131600.
c [w = 54] SAT Solving starts:
c [Signal] Signal interruption. Caught signal: SIGTERM (15).
c [w = 55] Start task in PID: 54444.
c [w = 55] Cyclic Antibandwidth problem with w = 55 (caterpillar_20_10.txt):
c [w = 55] Initializing CaDiCaL (version 2.1.3).
c [w = 55] Configuring CaDiCaL as --sat (1).
c [w = 55] Encoding starts with w = 55:
c [w = 55] Symmetry breaking highest degree node is applied.
c [w = 55] Encoding duration: 416 ms.
c [w = 55] Number of clauses: 589512.
c [w = 55] Number of variables: 132400.
c [w = 55] SAT Solving starts:
c [Signal] Signal interruption. Caught signal: SIGTERM (15).
c [w = 58] Start task in PID: 54443.
c [w = 58] Cyclic Antibandwidth problem with w = 58 (caterpillar_20_10.txt):
c [w = 58] Initializing CaDiCaL (version 2.1.3).
c [w = 58] Configuring CaDiCaL as --sat (1).
c [w = 58] Encoding starts with w = 58:
c [w = 58] Symmetry breaking highest degree node is applied.
c [w = 58] Encoding duration: 416 ms.
c [w = 58] Number of clauses: 597312.
c [w = 58] Number of variables: 134800.
c [w = 58] SAT Solving starts:
c [Signal] Signal interruption. Caught signal: SIGTERM (15).
c [Main] Child pid 58 - 54443 terminated by signal 15.
c [Main] Child pid 55 - 54444 terminated by signal 15.
c [Main] Child pid 54 - 54445 terminated by signal 15.
c [w = 67] Start task in PID: 54450.
c [w = 67] Cyclic Antibandwidth problem with w = 67 (caterpillar_20_10.txt):
c [w = 67] Initializing CaDiCaL (version 2.1.3).
c [w = 67] Configuring CaDiCaL as --sat (1).
c [w = 67] Encoding starts with w = 67:
c [w = 67] Symmetry breaking highest degree node is applied.
c [w = 67] Encoding duration: 406 ms.
c [w = 67] Number of clauses: 582109.
c [w = 67] Number of variables: 129200.
c [w = 67] SAT Solving starts:
c [w = 67] Solving duration: 1686 ms.
c [w = 67] Answer:
s [w = 67] SAT (w = 67).
c [w = 67] Solution check = 67.
c [w = 67] The solution is correct.
c [w = 67] Result: 10.
c [Main] Max width SAT is set to 67.
c [Main] Kill lower pid 65.
c [w = 65] Start task in PID: 54451.
c [w = 65] Cyclic Antibandwidth problem with w = 65 (caterpillar_20_10.txt):
c [w = 65] Initializing CaDiCaL (version 2.1.3).
c [w = 65] Configuring CaDiCaL as --sat (1).
c [w = 65] Encoding starts with w = 65:
c [w = 65] Symmetry breaking highest degree node is applied.
c [w = 65] Encoding duration: 434 ms.
c [w = 65] Number of clauses: 615512.
c [w = 65] Number of variables: 140400.
c [w = 65] SAT Solving starts:
c [Signal] Signal interruption. Caught signal: SIGTERM (15).
c [Main] Child pid 65 - 54451 terminated by signal 15.
c [w = 72] Start task in PID: 54449.
c [w = 72] Cyclic Antibandwidth problem with w = 72 (caterpillar_20_10.txt):
c [w = 72] Initializing CaDiCaL (version 2.1.3).
c [w = 72] Configuring CaDiCaL as --sat (1).
c [w = 72] Encoding starts with w = 72:
c [w = 72] Symmetry breaking highest degree node is applied.
c [w = 72] Encoding duration: 420 ms.
c [w = 72] Number of clauses: 592109.
c [w = 72] Number of variables: 132200.
c [w = 72] SAT Solving starts:
c [w = 72] Solving duration: 5648 ms.
c [w = 72] Answer:
s [w = 72] SAT (w = 72).
c [w = 72] Solution check = 72.
c [w = 72] The solution is correct.
c [w = 72] Result: 10.
c [Main] Max width SAT is set to 72.
c [Main] Kill lower pid 68.
c [Main] Kill lower pid 69.
c [w = 68] Start task in PID: 54453.
c [w = 68] Cyclic Antibandwidth problem with w = 68 (caterpillar_20_10.txt):
c [w = 68] Initializing CaDiCaL (version 2.1.3).
c [w = 68] Configuring CaDiCaL as --sat (1).
c [w = 68] Encoding starts with w = 68:
c [w = 68] Symmetry breaking highest degree node is applied.
c [w = 68] Encoding duration: 419 ms.
c [w = 68] Number of clauses: 584109.
c [w = 68] Number of variables: 129800.
c [w = 68] SAT Solving starts:
c [Signal] Signal interruption. Caught signal: SIGTERM (15).
c [w = 69] Start task in PID: 54452.
c [w = 69] Cyclic Antibandwidth problem with w = 69 (caterpillar_20_10.txt):
c [w = 69] Initializing CaDiCaL (version 2.1.3).
c [w = 69] Configuring CaDiCaL as --sat (1).
c [w = 69] Encoding starts with w = 69:
c [w = 69] Symmetry breaking highest degree node is applied.
c [w = 69] Encoding duration: 412 ms.
c [w = 69] Number of clauses: 586109.
c [w = 69] Number of variables: 130400.
c [w = 69] SAT Solving starts:
c [Signal] Signal interruption. Caught signal: SIGTERM (15).
c [Main] Child pid 69 - 54452 terminated by signal 15.
c [Main] Child pid 68 - 54453 terminated by signal 15.
c [w = 74] Start task in PID: 54455.
c [w = 74] Cyclic Antibandwidth problem with w = 74 (caterpillar_20_10.txt):
c [w = 74] Initializing CaDiCaL (version 2.1.3).
c [w = 74] Configuring CaDiCaL as --sat (1).
c [w = 74] Encoding starts with w = 74:
c [w = 74] Symmetry breaking highest degree node is applied.
c [w = 74] Encoding duration: 413 ms.
c [w = 74] Number of clauses: 596109.
c [w = 74] Number of variables: 133400.
c [w = 74] SAT Solving starts:
c [w = 74] Solving duration: 5582 ms.
c [w = 74] Answer:
s [w = 74] SAT (w = 74).
c [w = 74] Solution check = 74.
c [w = 74] The solution is correct.
c [w = 74] Result: 10.
c [Main] Max width SAT is set to 74.
c [Main] Kill lower pid 73.
c [w = 73] Start task in PID: 54456.
c [w = 73] Cyclic Antibandwidth problem with w = 73 (caterpillar_20_10.txt):
c [w = 73] Initializing CaDiCaL (version 2.1.3).
c [w = 73] Configuring CaDiCaL as --sat (1).
c [w = 73] Encoding starts with w = 73:
c [w = 73] Symmetry breaking highest degree node is applied.
c [w = 73] Encoding duration: 409 ms.
c [w = 73] Number of clauses: 594109.
c [w = 73] Number of variables: 132800.
c [w = 73] SAT Solving starts:
c [Signal] Signal interruption. Caught signal: SIGTERM (15).
c [Main] Child pid 73 - 54456 terminated by signal 15.
c [w = 77] Start task in PID: 54454.
c [w = 77] Cyclic Antibandwidth problem with w = 77 (caterpillar_20_10.txt):
c [w = 77] Initializing CaDiCaL (version 2.1.3).
c [w = 77] Configuring CaDiCaL as --sat (1).
c [w = 77] Encoding starts with w = 77:
c [w = 77] Symmetry breaking highest degree node is applied.
c [w = 77] Encoding duration: 421 ms.
c [w = 77] Number of clauses: 602109.
c [w = 77] Number of variables: 135200.
c [w = 77] SAT Solving starts:
c [w = 77] Solving duration: 22606 ms.
c [w = 77] Answer:
s [w = 77] SAT (w = 77).
c [w = 77] Solution check = 77.
c [w = 77] The solution is correct.
c [w = 77] Result: 10.
c [Main] Max width SAT is set to 77.
c [Main] Kill lower pid 76.
c [Main] Kill lower pid 75.
c [w = 76] Start task in PID: 54459.
c [w = 76] Cyclic Antibandwidth problem with w = 76 (caterpillar_20_10.txt):
c [w = 76] Initializing CaDiCaL (version 2.1.3).
c [w = 76] Configuring CaDiCaL as --sat (1).
c [w = 76] Encoding starts with w = 76:
c [w = 76] Symmetry breaking highest degree node is applied.
c [w = 76] Encoding duration: 429 ms.
c [w = 76] Number of clauses: 600109.
c [w = 76] Number of variables: 134600.
c [w = 76] SAT Solving starts:
c [Signal] Signal interruption. Caught signal: SIGTERM (15).
c [w = 75] Start task in PID: 54458.
c [w = 75] Cyclic Antibandwidth problem with w = 75 (caterpillar_20_10.txt):
c [w = 75] Initializing CaDiCaL (version 2.1.3).
c [w = 75] Configuring CaDiCaL as --sat (1).
c [w = 75] Encoding starts with w = 75:
c [w = 75] Symmetry breaking highest degree node is applied.
c [w = 75] Encoding duration: 425 ms.
c [w = 75] Number of clauses: 598109.
c [w = 75] Number of variables: 134000.
c [w = 75] SAT Solving starts:
c [Signal] Signal interruption. Caught signal: SIGTERM (15).
c [Main] Child pid 75 - 54458 terminated by signal 15.
c [Main] Child pid 76 - 54459 terminated by signal 15.
c [w = 82] Start task in PID: 54448.
c [w = 82] Cyclic Antibandwidth problem with w = 82 (caterpillar_20_10.txt):
c [w = 82] Initializing CaDiCaL (version 2.1.3).
c [w = 82] Configuring CaDiCaL as --sat (1).
c [w = 82] Encoding starts with w = 82:
c [w = 82] Symmetry breaking highest degree node is applied.
c [w = 82] Encoding duration: 432 ms.
c [w = 82] Number of clauses: 612109.
c [w = 82] Number of variables: 138200.
c [w = 82] SAT Solving starts:
c [w = 82] Solving duration: 29798 ms.
c [w = 82] Answer:
s [w = 82] SAT (w = 82).
c [w = 82] Solution check = 82.
c [w = 82] The solution is correct.
c [w = 82] Result: 10.
c [w = 80] Start task in PID: 54463.
c [w = 80] Cyclic Antibandwidth problem with w = 80 (caterpillar_20_10.txt):
c [w = 80] Initializing CaDiCaL (version 2.1.3).
c [w = 80] Configuring CaDiCaL as --sat (1).
c [w = 80] Encoding starts with w = 80:
c [w = 80] Symmetry breaking highest degree node is applied.
c [w = 80] Encoding duration: 437 ms.
c [w = 80] Number of clauses: 608109.
c [w = 80] Number of variables: 137000.
c [w = 80] SAT Solving starts:
c [Signal] Signal interruption. Caught signal: SIGTERM (15).
c [Main] Max width SAT is set to 82.
c [Main] Kill lower pid 80.
c [Main] Kill lower pid 78.
c [Main] Kill lower pid 79.
c [w = 79] Start task in PID: 54461.
c [w = 79] Cyclic Antibandwidth problem with w = 79 (caterpillar_20_10.txt):
c [w = 79] Initializing CaDiCaL (version 2.1.3).
c [w = 79] Configuring CaDiCaL as --sat (1).
c [w = 79] Encoding starts with w = 79:
c [w = 79] Symmetry breaking highest degree node is applied.
c [w = 79] Encoding duration: 442 ms.
c [w = 79] Number of clauses: 606109.
c [w = 79] Number of variables: 136400.
c [w = 79] SAT Solving starts:
c [Signal] Signal interruption. Caught signal: SIGTERM (15).
c [w = 78] Start task in PID: 54462.
c [w = 78] Cyclic Antibandwidth problem with w = 78 (caterpillar_20_10.txt):
c [w = 78] Initializing CaDiCaL (version 2.1.3).
c [w = 78] Configuring CaDiCaL as --sat (1).
c [w = 78] Encoding starts with w = 78:
c [w = 78] Symmetry breaking highest degree node is applied.
c [w = 78] Encoding duration: 426 ms.
c [w = 78] Number of clauses: 604109.
c [w = 78] Number of variables: 135800.
c [w = 78] SAT Solving starts:
c [Signal] Signal interruption. Caught signal: SIGTERM (15).
c [Main] Child pid 80 - 54463 terminated by signal 15.
c [Main] Child pid 79 - 54461 terminated by signal 15.
c [Main] Child pid 78 - 54462 terminated by signal 15.
c [w = 84] Start task in PID: 54467.
c [w = 84] Cyclic Antibandwidth problem with w = 84 (caterpillar_20_10.txt):
c [w = 84] Initializing CaDiCaL (version 2.1.3).
c [w = 84] Configuring CaDiCaL as --sat (1).
c [w = 84] Encoding starts with w = 84:
c [w = 84] Symmetry breaking highest degree node is applied.
c [w = 84] Encoding duration: 428 ms.
c [w = 84] Number of clauses: 616109.
c [w = 84] Number of variables: 139400.
c [w = 84] SAT Solving starts:
c [w = 84] Solving duration: 1481 ms.
c [w = 84] Answer:
s [w = 84] SAT (w = 84).
c [w = 84] Solution check = 84.
c [w = 84] The solution is correct.
c [w = 84] Result: 10.
c [Main] Max width SAT is set to 84.
c [Main] Kill lower pid 83.
c [w = 83] Start task in PID: 54468.
c [w = 83] Cyclic Antibandwidth problem with w = 83 (caterpillar_20_10.txt):
c [w = 83] Initializing CaDiCaL (version 2.1.3).
c [w = 83] Configuring CaDiCaL as --sat (1).
c [w = 83] Encoding starts with w = 83:
c [w = 83] Symmetry breaking highest degree node is applied.
c [w = 83] Encoding duration: 434 ms.
c [w = 83] Number of clauses: 614109.
c [w = 83] Number of variables: 138800.
c [w = 83] SAT Solving starts:
c [Signal] Signal interruption. Caught signal: SIGTERM (15).
c [Main] Child pid 83 - 54468 terminated by signal 15.
c [w = 85] Start task in PID: 54469.
c [w = 85] Cyclic Antibandwidth problem with w = 85 (caterpillar_20_10.txt):
c [w = 85] Initializing CaDiCaL (version 2.1.3).
c [w = 85] Configuring CaDiCaL as --sat (1).
c [w = 85] Encoding starts with w = 85:
c [w = 85] Symmetry breaking highest degree node is applied.
c [w = 85] Encoding duration: 465 ms.
c [w = 85] Number of clauses: 618109.
c [w = 85] Number of variables: 140000.
c [w = 85] SAT Solving starts:
c [w = 85] Solving duration: 8566 ms.
c [w = 85] Answer:
s [w = 85] SAT (w = 85).
c [w = 85] Solution check = 85.
c [w = 85] The solution is correct.
c [w = 85] Result: 10.
c [Main] Max width SAT is set to 85.
c [w = 88] Start task in PID: 54470.
c [w = 88] Cyclic Antibandwidth problem with w = 88 (caterpillar_20_10.txt):
c [w = 88] Initializing CaDiCaL (version 2.1.3).
c [w = 88] Configuring CaDiCaL as --sat (1).
c [w = 88] Encoding starts with w = 88:
c [w = 88] Symmetry breaking highest degree node is applied.
c [w = 88] Encoding duration: 441 ms.
c [w = 88] Number of clauses: 624109.
c [w = 88] Number of variables: 141800.
c [w = 88] SAT Solving starts:
c [w = 88] Solving duration: 11375 ms.
c [w = 88] Answer:
s [w = 88] SAT (w = 88).
c [w = 88] Solution check = 88.
c [w = 88] The solution is correct.
c [w = 88] Result: 10.
c [Main] Max width SAT is set to 88.
c [Main] Kill lower pid 87.
c [Main] Kill lower pid 86.
c [w = 87] Start task in PID: 54474.
c [w = 87] Cyclic Antibandwidth problem with w = 87 (caterpillar_20_10.txt):
c [w = 87] Initializing CaDiCaL (version 2.1.3).
c [w = 87] Configuring CaDiCaL as --sat (1).
c [w = 87] Encoding starts with w = 87:
c [w = 87] Symmetry breaking highest degree node is applied.
c [w = 87] Encoding duration: 445 ms.
c [w = 87] Number of clauses: 622109.
c [w = 87] Number of variables: 141200.
c [w = 87] SAT Solving starts:
c [Signal] Signal interruption. Caught signal: SIGTERM (15).
c [w = 86] Start task in PID: 54466.
c [w = 86] Cyclic Antibandwidth problem with w = 86 (caterpillar_20_10.txt):
c [w = 86] Initializing CaDiCaL (version 2.1.3).
c [w = 86] Configuring CaDiCaL as --sat (1).
c [w = 86] Encoding starts with w = 86:
c [w = 86] Symmetry breaking highest degree node is applied.
c [w = 86] Encoding duration: 430 ms.
c [w = 86] Number of clauses: 620109.
c [w = 86] Number of variables: 140600.
c [w = 86] SAT Solving starts:
c [Signal] Signal interruption. Caught signal: SIGTERM (15).
c [Main] Child pid 87 - 54474 terminated by signal 15.
c [Main] Child pid 86 - 54466 terminated by signal 15.
c [w = 90] Start task in PID: 54476.
c [w = 90] Cyclic Antibandwidth problem with w = 90 (caterpillar_20_10.txt):
c [w = 90] Initializing CaDiCaL (version 2.1.3).
c [w = 90] Configuring CaDiCaL as --sat (1).
c [w = 90] Encoding starts with w = 90:
c [w = 90] Symmetry breaking highest degree node is applied.
c [w = 90] Encoding duration: 435 ms.
c [w = 90] Number of clauses: 628109.
c [w = 90] Number of variables: 143000.
c [w = 90] SAT Solving starts:
c [w = 90] Solving duration: 1534 ms.
c [w = 90] Answer:
s [w = 90] SAT (w = 90).
c [w = 90] Solution check = 90.
c [w = 90] The solution is correct.
c [w = 90] Result: 10.
c [Main] Max width SAT is set to 90.
c [Main] Kill lower pid 89.
c [w = 89] Start task in PID: 54475.
c [w = 89] Cyclic Antibandwidth problem with w = 89 (caterpillar_20_10.txt):
c [w = 89] Initializing CaDiCaL (version 2.1.3).
c [w = 89] Configuring CaDiCaL as --sat (1).
c [w = 89] Encoding starts with w = 89:
c [w = 89] Symmetry breaking highest degree node is applied.
c [w = 89] Encoding duration: 436 ms.
c [w = 89] Number of clauses: 626109.
c [w = 89] Number of variables: 142400.
c [w = 89] SAT Solving starts:
c [Signal] Signal interruption. Caught signal: SIGTERM (15).
c [Main] Child pid 89 - 54475 terminated by signal 15.
c [w = 93] Start task in PID: 54481.
c [w = 93] Cyclic Antibandwidth problem with w = 93 (caterpillar_20_10.txt):
c [w = 93] Initializing CaDiCaL (version 2.1.3).
c [w = 93] Configuring CaDiCaL as --sat (1).
c [w = 93] Encoding starts with w = 93:
c [w = 93] Symmetry breaking highest degree node is applied.
c [w = 93] Encoding duration: 442 ms.
c [w = 93] Number of clauses: 634109.
c [w = 93] Number of variables: 144800.
c [w = 93] SAT Solving starts:
c [w = 93] Solving duration: 15268 ms.
c [w = 93] Answer:
s [w = 93] SAT (w = 93).
c [w = 93] Solution check = 93.
c [w = 93] The solution is correct.
c [w = 93] Result: 10.
c [Main] Max width SAT is set to 93.
c [Main] Kill lower pid 92.
c [Main] Kill lower pid 91.
c [w = 92] Start task in PID: 54482.
c [w = 92] Cyclic Antibandwidth problem with w = 92 (caterpillar_20_10.txt):
c [w = 92] Initializing CaDiCaL (version 2.1.3).
c [w = 92] Configuring CaDiCaL as --sat (1).
c [w = 92] Encoding starts with w = 92:
c [w = 92] Symmetry breaking highest degree node is applied.
c [w = 92] Encoding duration: 435 ms.
c [w = 92] Number of clauses: 632109.
c [w = 92] Number of variables: 144200.
c [w = 92] SAT Solving starts:
c [Signal] Signal interruption. Caught signal: SIGTERM (15).
c [w = 91] Start task in PID: 54465.
c [w = 91] Cyclic Antibandwidth problem with w = 91 (caterpillar_20_10.txt):
c [w = 91] Initializing CaDiCaL (version 2.1.3).
c [w = 91] Configuring CaDiCaL as --sat (1).
c [w = 91] Encoding starts with w = 91:
c [w = 91] Symmetry breaking highest degree node is applied.
c [w = 91] Encoding duration: 457 ms.
c [w = 91] Number of clauses: 630109.
c [w = 91] Number of variables: 143600.
c [w = 91] SAT Solving starts:
c [Signal] Signal interruption. Caught signal: SIGTERM (15).
c [Main] Child pid 91 - 54465 terminated by signal 15.
c [Main] Child pid 92 - 54482 terminated by signal 15.
c [w = 94] Start task in PID: 54895.
c [w = 94] Cyclic Antibandwidth problem with w = 94 (caterpillar_20_10.txt):
c [w = 94] Initializing CaDiCaL (version 2.1.3).
c [w = 94] Configuring CaDiCaL as --sat (1).
c [w = 94] Encoding starts with w = 94:
c [w = 94] Symmetry breaking highest degree node is applied.
c [w = 94] Encoding duration: 454 ms.
c [w = 94] Number of clauses: 636109.
c [w = 94] Number of variables: 145400.
c [w = 94] SAT Solving starts:
c [w = 94] Solving duration: 7676 ms.
c [w = 94] Answer:
s [w = 94] SAT (w = 94).
c [w = 94] Solution check = 94.
c [w = 94] The solution is correct.
c [w = 94] Result: 10.
c [Main] Max width SAT is set to 94.
c [w = 95] Start task in PID: 54896.
c [w = 95] Cyclic Antibandwidth problem with w = 95 (caterpillar_20_10.txt):
c [w = 95] Initializing CaDiCaL (version 2.1.3).
c [w = 95] Configuring CaDiCaL as --sat (1).
c [w = 95] Encoding starts with w = 95:
c [w = 95] Symmetry breaking highest degree node is applied.
c [w = 95] Encoding duration: 443 ms.
c [w = 95] Number of clauses: 638109.
c [w = 95] Number of variables: 146000.
c [w = 95] SAT Solving starts:
c [w = 95] Solving duration: 9513 ms.
c [w = 95] Answer:
s [w = 95] SAT (w = 95).
c [w = 95] Solution check = 95.
c [w = 95] The solution is correct.
c [w = 95] Result: 10.
c [Main] Max width SAT is set to 95.
c [w = 99] Start task in PID: 54900.
c [w = 99] Cyclic Antibandwidth problem with w = 99 (caterpillar_20_10.txt):
c [w = 99] Initializing CaDiCaL (version 2.1.3).
c [w = 99] Configuring CaDiCaL as --sat (1).
c [w = 99] Encoding starts with w = 99:
c [w = 99] Symmetry breaking highest degree node is applied.
c [w = 99] Encoding duration: 457 ms.
c [w = 99] Number of clauses: 646109.
c [w = 99] Number of variables: 148400.
c [w = 99] SAT Solving starts:
c [w = 99] Solving duration: 1468 ms.
c [w = 99] Answer:
s [w = 99] UNSAT (w = 99).
c [w = 99] Result: 20.
c [Main] Min width UNSAT is set to 99
c [w = 97] Start task in PID: 54899.
c [w = 97] Cyclic Antibandwidth problem with w = 97 (caterpillar_20_10.txt):
c [w = 97] Initializing CaDiCaL (version 2.1.3).
c [w = 97] Configuring CaDiCaL as --sat (1).
c [w = 97] Encoding starts with w = 97:
c [w = 97] Symmetry breaking highest degree node is applied.
c [w = 97] Encoding duration: 450 ms.
c [w = 97] Number of clauses: 642109.
c [w = 97] Number of variables: 147200.
c [w = 97] SAT Solving starts:
c [Signal] Signal interruption. Caught signal: SIGTERM (15).
c [w = 98] Start task in PID: 54897.
c [w = 98] Cyclic Antibandwidth problem with w = 98 (caterpillar_20_10.txt):
c [w = 98] Initializing CaDiCaL (version 2.1.3).
c [w = 98] Configuring CaDiCaL as --sat (1).
c [w = 98] Encoding starts with w = 98:
c [w = 98] Symmetry breaking highest degree node is applied.
c [w = 98] Encoding duration: 460 ms.
c [w = 98] Number of clauses: 644109.
c [w = 98] Number of variables: 147800.
c [w = 98] SAT Solving starts:
c [Signal] Signal interruption. Caught signal: SIGTERM (15).
c [w = 96] Start task in PID: 54477.
c [w = 96] Cyclic Antibandwidth problem with w = 96 (caterpillar_20_10.txt):
c [w = 96] Initializing CaDiCaL (version 2.1.3).
c [w = 96] Configuring CaDiCaL as --sat (1).
c [w = 96] Encoding starts with w = 96:
c [w = 96] Symmetry breaking highest degree node is applied.
c [w = 96] Encoding duration: 447 ms.
c [w = 96] Number of clauses: 640109.
c [w = 96] Number of variables: 146600.
c [w = 96] SAT Solving starts:
c [Signal] Signal interruption. Caught signal: SIGTERM (15).
c [Main] Lim pid ends with result: 254.
c [Main] All children have completed.
r [Main] 
r [Main] Final results: 
r [Main] Max width SAT:  	95.
r [Main] Min width UNSAT:	99.
r [Main] Total real time: 150914 ms.
r [Main] Total memory consumed: 914.4 MB.
r [Main] 
