c [Version] Cyclic Bandwidth Encoder version 1.0.0.
c [Param] Real time limit is set to 150.
c [Param] Memory limit is set to 30000.
c [Param] Worker count is set to 8.
c [Main] Encoding and solving for graph: caterpillar_40_20.txt.
c [Main] Search strategy: Binary search from lower bound.
c [Main] No predefined lower bound is found for caterpillar_40_20.txt.
c [Main] LB-w = 2 (default value).
c [Main] No predefined upper bound is found for caterpillar_40_20.txt.
c [Main] UB-w = 400 (default value calculated as n/2).
c [Main] Search order: 201 101 51 26 13 7 4 2 3 5 6 10 8 9 11 12 19 16 14 15 17 18 22 20 21 24 23 25 38 32 29 27 28 30 31 35 33 34 36 37 44 41 39 40 42 43 47 45 46 49 48 50 76 63 57 54 52 53 55 56 60 58 59 61 62 69 66 64 65 67 68 72 70 71 74 73 75 88 82 79 77 78 80 81 85 83 84 86 87 94 91 89 90 92 93 97 95 96 99 98 100 151 126 113 107 104 102 103 105 106 110 108 109 111 112 119 116 114 115 117 118 122 120 121 124 123 125 138 132 129 127 128 130 131 135 133 134 136 137 144 141 139 140 142 143 147 145 146 149 148 150 176 163 157 154 152 153 155 156 160 158 159 161 162 169 166 164 165 167 168 172 170 171 174 173 175 188 182 179 177 178 180 181 185 183 184 186 187 194 191 189 190 192 193 197 195 196 199 198 200 301 251 226 213 207 204 202 203 205 206 210 208 209 211 212 219 216 214 215 217 218 222 220 221 224 223 225 238 232 229 227 228 230 231 235 233 234 236 237 244 241 239 240 242 243 247 245 246 249 248 250 276 263 257 254 252 253 255 256 260 258 259 261 262 269 266 264 265 267 268 272 270 271 274 273 275 288 282 279 277 278 280 281 285 283 284 286 287 294 291 289 290 292 293 297 295 296 299 298 300 351 326 313 307 304 302 303 305 306 310 308 309 311 312 319 316 314 315 317 318 322 320 321 324 323 325 338 332 329 327 328 330 331 335 333 334 336 337 344 341 339 340 342 343 347 345 346 349 348 350 376 363 357 354 352 353 355 356 360 358 359 361 362 369 366 364 365 367 368 372 370 371 374 373 375 388 382 379 377 378 380 381 385 383 384 386 387 394 391 389 390 392 393 397 395 396 399 398 400.
c [w = 7] Start task in PID: 193118.
c [w = 7] Cyclic Antibandwidth problem with w = 7 (caterpillar_40_20.txt):
c [w = 7] Initializing CaDiCaL (version 2.1.3).
c [w = 7] Configuring CaDiCaL as --sat (1).
c [w = 7] Encoding starts with w = 7:
c [w = 7] Symmetry breaking highest degree node is applied.
c [w = 7] Encoding duration: 8223 ms.
c [w = 7] Number of clauses: 13333545.
c [w = 7] Number of variables: 1736000.
c [w = 7] SAT Solving starts:
c [w = 7] Solving duration: 3194 ms.
c [w = 7] Answer:
s [w = 7] SAT (w = 7).
c [w = 7] Solution check = 7.
c [w = 7] The solution is correct.
c [w = 7] Result: 10.
c [Main] Max width SAT is set to 7.
c [Main] Kill lower pid 2.
c [Main] Kill lower pid 4.
c [w = 4] Start task in PID: 193119.
c [w = 4] Cyclic Antibandwidth problem with w = 4 (caterpillar_40_20.txt):
c [w = 4] Initializing CaDiCaL (version 2.1.3).
c [w = 4] Configuring CaDiCaL as --sat (1).
c [w = 4] Encoding starts with w = 4:
c [w = 4] Symmetry breaking highest degree node is applied.
c [w = 4] Encoding duration: 12701 ms.
c [w = 4] Number of clauses: 23247400.
c [w = 4] Number of variables: 1528000.
c [w = 4] SAT Solving starts:
c [Signal] Signal interruption. Caught signal: SIGTERM (15).
c [w = 2] Start task in PID: 193120.
c [w = 2] Cyclic Antibandwidth problem with w = 2 (caterpillar_40_20.txt):
c [w = 2] Initializing CaDiCaL (version 2.1.3).
c [w = 2] Configuring CaDiCaL as --sat (1).
c [w = 2] Encoding starts with w = 2:
c [w = 2] Symmetry breaking highest degree node is applied.
c [Signal] Signal interruption. Caught signal: SIGTERM (15).
c [Main] Child pid 4 - 193119 terminated by signal 15.
c [Main] Child pid 2 - 193120 terminated by signal 15.
c [w = 13] Start task in PID: 193117.
c [w = 13] Cyclic Antibandwidth problem with w = 13 (caterpillar_40_20.txt):
c [w = 13] Initializing CaDiCaL (version 2.1.3).
c [w = 13] Configuring CaDiCaL as --sat (1).
c [w = 13] Encoding starts with w = 13:
c [w = 13] Symmetry breaking highest degree node is applied.
c [w = 13] Encoding duration: 6757 ms.
c [w = 13] Number of clauses: 10075786.
c [w = 13] Number of variables: 1864000.
c [w = 13] SAT Solving starts:
c [w = 13] Solving duration: 8500 ms.
c [w = 13] Answer:
s [w = 13] SAT (w = 13).
c [w = 13] Solution check = 13.
c [w = 13] The solution is correct.
c [w = 13] Result: 10.
c [Main] Max width SAT is set to 13.
c [Main] Kill lower pid 9.
c [Main] Kill lower pid 8.
c [Main] Kill lower pid 10.
c [w = 8] Start task in PID: 193124.
c [w = 8] Cyclic Antibandwidth problem with w = 8 (caterpillar_40_20.txt):
c [w = 8] Initializing CaDiCaL (version 2.1.3).
c [w = 8] Configuring CaDiCaL as --sat (1).
c [w = 8] Encoding starts with w = 8:
c [w = 8] Symmetry breaking highest degree node is applied.
c [Signal] Signal interruption. Caught signal: SIGTERM (15).
c [w = 9] Start task in PID: 193125.
c [w = 9] Cyclic Antibandwidth problem with w = 9 (caterpillar_40_20.txt):
c [w = 9] Initializing CaDiCaL (version 2.1.3).
c [w = 9] Configuring CaDiCaL as --sat (1).
c [w = 9] Encoding starts with w = 9:
c [w = 9] Symmetry breaking highest degree node is applied.
c [Signal] Signal interruption. Caught signal: SIGTERM (15).
c [w = 10] Start task in PID: 193123.
c [w = 10] Cyclic Antibandwidth problem with w = 10 (caterpillar_40_20.txt):
c [w = 10] Initializing CaDiCaL (version 2.1.3).
c [w = 10] Configuring CaDiCaL as --sat (1).
c [w = 10] Encoding starts with w = 10:
c [w = 10] Symmetry breaking highest degree node is applied.
c [Signal] Signal interruption. Caught signal: SIGTERM (15).
c [Main] Child pid 9 - 193125 terminated by signal 15.
c [Main] Child pid 8 - 193124 terminated by signal 15.
c [Main] Child pid 10 - 193123 terminated by signal 15.
c [w = 26] Start task in PID: 193116.
c [w = 26] Cyclic Antibandwidth problem with w = 26 (caterpillar_40_20.txt):
c [w = 26] Initializing CaDiCaL (version 2.1.3).
c [w = 26] Configuring CaDiCaL as --sat (1).
c [w = 26] Encoding starts with w = 26:
c [w = 26] Symmetry breaking highest degree node is applied.
c [w = 26] Encoding duration: 6330 ms.
c [w = 26] Number of clauses: 9218093.
c [w = 26] Number of variables: 1938400.
c [w = 26] SAT Solving starts:
c [w = 26] Solving duration: 15348 ms.
c [w = 26] Answer:
s [w = 26] SAT (w = 26).
c [w = 26] Solution check = 26.
c [w = 26] The solution is correct.
c [w = 26] Result: 10.
c [w = 14] Start task in PID: 193128.
c [w = 14] Cyclic Antibandwidth problem with w = 14 (caterpillar_40_20.txt):
c [w = 14] Initializing CaDiCaL (version 2.1.3).
c [w = 14] Configuring CaDiCaL as --sat (1).
c [w = 14] Encoding starts with w = 14:
c [w = 14] Symmetry breaking highest degree node is applied.
c [Signal] Signal interruption. Caught signal: SIGTERM (15).
c [w = 15] Start task in PID: 193129.
c [w = 15] Cyclic Antibandwidth problem with w = 15 (caterpillar_40_20.txt):
c [w = 15] Initializing CaDiCaL (version 2.1.3).
c [w = 15] Configuring CaDiCaL as --sat (1).
c [w = 15] Encoding starts with w = 15:
c [w = 15] Symmetry breaking highest degree node is applied.
c [Signal] Signal interruption. Caught signal: SIGTERM (15).
c [w = 16] Start task in PID: 193127.
c [w = 16] Cyclic Antibandwidth problem with w = 16 (caterpillar_40_20.txt):
c [w = 16] Initializing CaDiCaL (version 2.1.3).
c [w = 16] Configuring CaDiCaL as --sat (1).
c [w = 16] Encoding starts with w = 16:
c [w = 16] Symmetry breaking highest degree node is applied.
c [Signal] Signal interruption. Caught signal: SIGTERM (15).
c [Main] Max width SAT is set to 26.
c [Main] Kill lower pid 15.
c [Main] Kill lower pid 14.
c [Main] Kill lower pid 16.
c [Main] Kill lower pid 19.
c [w = 19] Start task in PID: 193126.
c [w = 19] Cyclic Antibandwidth problem with w = 19 (caterpillar_40_20.txt):
c [w = 19] Initializing CaDiCaL (version 2.1.3).
c [w = 19] Configuring CaDiCaL as --sat (1).
c [w = 19] Encoding starts with w = 19:
c [w = 19] Symmetry breaking highest degree node is applied.
c [Signal] Signal interruption. Caught signal: SIGTERM (15).
c [Main] Child pid 16 - 193127 terminated by signal 15.
c [Main] Child pid 15 - 193129 terminated by signal 15.
c [Main] Child pid 14 - 193128 terminated by signal 15.
c [Main] Child pid 19 - 193126 terminated by signal 15.
c [w = 28] Start task in PID: 193137.
c [w = 28] Cyclic Antibandwidth problem with w = 28 (caterpillar_40_20.txt):
c [w = 28] Initializing CaDiCaL (version 2.1.3).
c [w = 28] Configuring CaDiCaL as --sat (1).
c [w = 28] Encoding starts with w = 28:
c [w = 28] Symmetry breaking highest degree node is applied.
c [w = 28] Encoding duration: 6023 ms.
c [w = 28] Number of clauses: 9204487.
c [w = 28] Number of variables: 1948000.
c [w = 28] SAT Solving starts:
c [w = 28] Solving duration: 12950 ms.
c [w = 28] Answer:
s [w = 28] SAT (w = 28).
c [w = 28] Solution check = 28.
c [w = 28] The solution is correct.
c [w = 28] Result: 10.
c [Main] Max width SAT is set to 28.
c [Main] Kill lower pid 27.
c [w = 27] Start task in PID: 193136.
c [w = 27] Cyclic Antibandwidth problem with w = 27 (caterpillar_40_20.txt):
c [w = 27] Initializing CaDiCaL (version 2.1.3).
c [w = 27] Configuring CaDiCaL as --sat (1).
c [w = 27] Encoding starts with w = 27:
c [w = 27] Symmetry breaking highest degree node is applied.
c [w = 27] Encoding duration: 6418 ms.
c [w = 27] Number of clauses: 9213290.
c [w = 27] Number of variables: 1944000.
c [w = 27] SAT Solving starts:
c [Signal] Signal interruption. Caught signal: SIGTERM (15).
c [Main] Child pid 27 - 193136 terminated by signal 15.
c [w = 38] Start task in PID: 193133.
c [w = 38] Cyclic Antibandwidth problem with w = 38 (caterpillar_40_20.txt):
c [w = 38] Initializing CaDiCaL (version 2.1.3).
c [w = 38] Configuring CaDiCaL as --sat (1).
c [w = 38] Encoding starts with w = 38:
c [w = 38] Symmetry breaking highest degree node is applied.
c [w = 38] Encoding duration: 6222 ms.
c [w = 38] Number of clauses: 9191666.
c [w = 38] Number of variables: 1984000.
c [w = 38] SAT Solving starts:
c [w = 38] Solving duration: 18438 ms.
c [w = 38] Answer:
s [w = 38] SAT (w = 38).
c [w = 38] Solution check = 38.
c [w = 38] The solution is correct.
c [w = 38] Result: 10.
c [w = 30] Start task in PID: 193142.
c [w = 30] Cyclic Antibandwidth problem with w = 30 (caterpillar_40_20.txt):
c [w = 30] Initializing CaDiCaL (version 2.1.3).
c [w = 30] Configuring CaDiCaL as --sat (1).
c [w = 30] Encoding starts with w = 30:
c [w = 30] Symmetry breaking highest degree node is applied.
c [Signal] Signal interruption. Caught signal: SIGTERM (15).
c [w = 31] Start task in PID: 193143.
c [w = 31] Cyclic Antibandwidth problem with w = 31 (caterpillar_40_20.txt):
c [w = 31] Initializing CaDiCaL (version 2.1.3).
c [w = 31] Configuring CaDiCaL as --sat (1).
c [w = 31] Encoding starts with w = 31:
c [w = 31] Symmetry breaking highest degree node is applied.
c [Signal] Signal interruption. Caught signal: SIGTERM (15).
c [Main] Max width SAT is set to 38.
c [Main] Kill lower pid 31.
c [Main] Kill lower pid 30.
c [Main] Kill lower pid 29.
c [Main] Kill lower pid 32.
c [w = 32] Start task in PID: 193134.
c [w = 32] Cyclic Antibandwidth problem with w = 32 (caterpillar_40_20.txt):
c [w = 32] Initializing CaDiCaL (version 2.1.3).
c [w = 32] Configuring CaDiCaL as --sat (1).
c [w = 32] Encoding starts with w = 32:
c [w = 32] Symmetry breaking highest degree node is applied.
c [w = 32] Encoding duration: 5934 ms.
c [w = 32] Number of clauses: 9129275.
c [w = 32] Number of variables: 1948000.
c [w = 32] SAT Solving starts:
c [Signal] Signal interruption. Caught signal: SIGTERM (15).
c [w = 29] Start task in PID: 193135.
c [w = 29] Cyclic Antibandwidth problem with w = 29 (caterpillar_40_20.txt):
c [w = 29] Initializing CaDiCaL (version 2.1.3).
c [w = 29] Configuring CaDiCaL as --sat (1).
c [w = 29] Encoding starts with w = 29:
c [w = 29] Symmetry breaking highest degree node is applied.
c [w = 29] Encoding duration: 6456 ms.
c [w = 29] Number of clauses: 9191684.
c [w = 29] Number of variables: 1950400.
c [w = 29] SAT Solving starts:
c [Signal] Signal interruption. Caught signal: SIGTERM (15).
c [Main] Child pid 30 - 193142 terminated by signal 15.
c [Main] Child pid 31 - 193143 terminated by signal 15.
c [Main] Child pid 29 - 193135 terminated by signal 15.
c [Main] Child pid 32 - 193134 terminated by signal 15.
c [w = 44] Start task in PID: 193146.
c [w = 44] Cyclic Antibandwidth problem with w = 44 (caterpillar_40_20.txt):
c [w = 44] Initializing CaDiCaL (version 2.1.3).
c [w = 44] Configuring CaDiCaL as --sat (1).
c [w = 44] Encoding starts with w = 44:
c [w = 44] Symmetry breaking highest degree node is applied.
c [w = 44] Encoding duration: 21130 ms.
c [w = 44] Number of clauses: 9174857.
c [w = 44] Number of variables: 1991200.
c [w = 44] SAT Solving starts:
c [w = 44] Solving duration: 12827 ms.
c [w = 44] Answer:
s [w = 44] SAT (w = 44).
c [w = 44] Solution check = 44.
c [w = 44] The solution is correct.
c [w = 44] Result: 10.
c [Main] Max width SAT is set to 44.
c [Main] Kill lower pid 42.
c [Main] Kill lower pid 40.
c [Main] Kill lower pid 39.
c [Main] Kill lower pid 41.
c [w = 40] Start task in PID: 193149.
c [w = 40] Cyclic Antibandwidth problem with w = 40 (caterpillar_40_20.txt):
c [w = 40] Initializing CaDiCaL (version 2.1.3).
c [w = 40] Configuring CaDiCaL as --sat (1).
c [w = 40] Encoding starts with w = 40:
c [w = 40] Symmetry breaking highest degree node is applied.
c [w = 40] Encoding duration: 20761 ms.
c [w = 40] Number of clauses: 9091660.
c [w = 40] Number of variables: 1960000.
c [w = 40] SAT Solving starts:
c [Signal] Signal interruption. Caught signal: SIGTERM (15).
c [w = 42] Start task in PID: 193150.
c [w = 42] Cyclic Antibandwidth problem with w = 42 (caterpillar_40_20.txt):
c [w = 42] Initializing CaDiCaL (version 2.1.3).
c [w = 42] Configuring CaDiCaL as --sat (1).
c [w = 42] Encoding starts with w = 42:
c [w = 42] Symmetry breaking highest degree node is applied.
c [w = 42] Encoding duration: 20890 ms.
c [w = 42] Number of clauses: 9189260.
c [w = 42] Number of variables: 1992000.
c [w = 42] SAT Solving starts:
c [Signal] Signal interruption. Caught signal: SIGTERM (15).
c [w = 41] Start task in PID: 193147.
c [w = 41] Cyclic Antibandwidth problem with w = 41 (caterpillar_40_20.txt):
c [w = 41] Initializing CaDiCaL (version 2.1.3).
c [w = 41] Configuring CaDiCaL as --sat (1).
c [w = 41] Encoding starts with w = 41:
c [w = 41] Symmetry breaking highest degree node is applied.
c [w = 41] Encoding duration: 21257 ms.
c [w = 41] Number of clauses: 9140460.
c [w = 41] Number of variables: 1976000.
c [w = 41] SAT Solving starts:
c [w = 41] Solving duration: 13805 ms.
c [w = 41] Answer:
s [w = 41] SAT (w = 41).
c [w = 41] Solution check = 41.
c [w = 41] The solution is correct.
c [Signal] Signal interruption. Caught signal: SIGTERM (15).
c [w = 39] Start task in PID: 193148.
c [w = 39] Cyclic Antibandwidth problem with w = 39 (caterpillar_40_20.txt):
c [w = 39] Initializing CaDiCaL (version 2.1.3).
c [w = 39] Configuring CaDiCaL as --sat (1).
c [w = 39] Encoding starts with w = 39:
c [w = 39] Symmetry breaking highest degree node is applied.
c [w = 39] Encoding duration: 21274 ms.
c [w = 39] Number of clauses: 9143663.
c [w = 39] Number of variables: 1972800.
c [w = 39] SAT Solving starts:
c [w = 39] Solving duration: 13423 ms.
c [w = 39] Answer:
s [w = 39] SAT (w = 39).
c [w = 39] Solution check = 39.
c [w = 39] The solution is correct.
c [Signal] Signal interruption. Caught signal: SIGTERM (15).
c [Main] Child pid 39 - 193148 terminated by signal 15.
c [Main] Child pid 40 - 193149 terminated by signal 15.
c [Main] Child pid 41 - 193147 terminated by signal 15.
c [Main] Child pid 42 - 193150 terminated by signal 15.
c [w = 48] Start task in PID: 193163.
c [w = 48] Cyclic Antibandwidth problem with w = 48 (caterpillar_40_20.txt):
c [w = 48] Initializing CaDiCaL (version 2.1.3).
c [w = 48] Configuring CaDiCaL as --sat (1).
c [w = 48] Encoding starts with w = 48:
c [w = 48] Symmetry breaking highest degree node is applied.
c [w = 48] Encoding duration: 6079 ms.
c [w = 48] Number of clauses: 9119651.
c [w = 48] Number of variables: 1980000.
c [w = 48] SAT Solving starts:
c [w = 48] Solving duration: 13958 ms.
c [w = 48] Answer:
s [w = 48] SAT (w = 48).
c [w = 48] Solution check = 48.
c [w = 48] The solution is correct.
c [w = 48] Result: 10.
c [Main] Max width SAT is set to 48.
c [Main] Kill lower pid 46.
c [Main] Kill lower pid 47.
c [Main] Kill lower pid 45.
c [w = 46] Start task in PID: 193161.
c [w = 46] Cyclic Antibandwidth problem with w = 46 (caterpillar_40_20.txt):
c [w = 46] Initializing CaDiCaL (version 2.1.3).
c [w = 46] Configuring CaDiCaL as --sat (1).
c [w = 46] Encoding starts with w = 46:
c [w = 46] Symmetry breaking highest degree node is applied.
c [w = 46] Encoding duration: 6408 ms.
c [w = 46] Number of clauses: 9151654.
c [w = 46] Number of variables: 1987200.
c [w = 46] SAT Solving starts:
c [w = 46] Solving duration: 14132 ms.
c [w = 46] Answer:
s [w = 46] SAT (w = 46).
c [w = 46] Solution check = 46.
c [w = 46] The solution is correct.
c [Signal] Signal interruption. Caught signal: SIGTERM (15).
c [w = 47] Start task in PID: 193159.
c [w = 47] Cyclic Antibandwidth problem with w = 47 (caterpillar_40_20.txt):
c [w = 47] Initializing CaDiCaL (version 2.1.3).
c [w = 47] Configuring CaDiCaL as --sat (1).
c [w = 47] Encoding starts with w = 47:
c [w = 47] Symmetry breaking highest degree node is applied.
c [w = 47] Encoding duration: 6367 ms.
c [w = 47] Number of clauses: 9088454.
c [w = 47] Number of variables: 1966400.
c [w = 47] SAT Solving starts:
c [Signal] Signal interruption. Caught signal: SIGTERM (15).
c [w = 45] Start task in PID: 193160.
c [w = 45] Cyclic Antibandwidth problem with w = 45 (caterpillar_40_20.txt):
c [w = 45] Initializing CaDiCaL (version 2.1.3).
c [w = 45] Configuring CaDiCaL as --sat (1).
c [w = 45] Encoding starts with w = 45:
c [w = 45] Symmetry breaking highest degree node is applied.
c [w = 45] Encoding duration: 6376 ms.
c [w = 45] Number of clauses: 9107654.
c [w = 45] Number of variables: 1972800.
c [w = 45] SAT Solving starts:
c [Signal] Signal interruption. Caught signal: SIGTERM (15).
c [Main] Child pid 46 - 193161 terminated by signal 15.
c [Main] Child pid 47 - 193159 terminated by signal 15.
c [Main] Child pid 45 - 193160 terminated by signal 15.
c [w = 76] Start task in PID: 193167.
c [w = 76] Cyclic Antibandwidth problem with w = 76 (caterpillar_40_20.txt):
c [w = 76] Initializing CaDiCaL (version 2.1.3).
c [w = 76] Configuring CaDiCaL as --sat (1).
c [w = 76] Encoding starts with w = 76:
c [w = 76] Symmetry breaking highest degree node is applied.
c [w = 76] Encoding duration: 6328 ms.
c [w = 76] Number of clauses: 9178033.
c [w = 76] Number of variables: 2010400.
c [w = 76] SAT Solving starts:
c [w = 76] Solving duration: 11743 ms.
c [w = 76] Answer:
s [w = 76] SAT (w = 76).
c [w = 76] Solution check = 76.
c [w = 76] The solution is correct.
c [w = 76] Result: 10.
c [Main] Max width SAT is set to 76.
c [Main] Kill lower pid 57.
c [Main] Kill lower pid 63.
c [Main] Kill lower pid 50.
c [Main] Kill lower pid 51.
c [Main] Kill lower pid 49.
c [w = 63] Start task in PID: 193168.
c [w = 63] Cyclic Antibandwidth problem with w = 63 (caterpillar_40_20.txt):
c [w = 63] Initializing CaDiCaL (version 2.1.3).
c [w = 63] Configuring CaDiCaL as --sat (1).
c [w = 63] Encoding starts with w = 63:
c [w = 63] Symmetry breaking highest degree node is applied.
c [w = 63] Encoding duration: 6058 ms.
c [w = 63] Number of clauses: 9127639.
c [w = 63] Number of variables: 1992000.
c [w = 63] SAT Solving starts:
c [Signal] Signal interruption. Caught signal: SIGTERM (15).
c [w = 50] Start task in PID: 193166.
c [w = 50] Cyclic Antibandwidth problem with w = 50 (caterpillar_40_20.txt):
c [w = 50] Initializing CaDiCaL (version 2.1.3).
c [w = 50] Configuring CaDiCaL as --sat (1).
c [w = 50] Encoding starts with w = 50:
c [w = 50] Symmetry breaking highest degree node is applied.
c [w = 50] Encoding duration: 5997 ms.
c [w = 50] Number of clauses: 9078848.
c [w = 50] Number of variables: 1969600.
c [w = 50] SAT Solving starts:
c [Signal] Signal interruption. Caught signal: SIGTERM (15).
c [w = 51] Start task in PID: 193115.
c [w = 51] Cyclic Antibandwidth problem with w = 51 (caterpillar_40_20.txt):
c [w = 51] Initializing CaDiCaL (version 2.1.3).
c [w = 51] Configuring CaDiCaL as --sat (1).
c [w = 51] Encoding starts with w = 51:
c [w = 51] Symmetry breaking highest degree node is applied.
c [w = 51] Encoding duration: 6307 ms.
c [w = 51] Number of clauses: 9118048.
c [w = 51] Number of variables: 1982400.
c [w = 51] SAT Solving starts:
c [Signal] Signal interruption. Caught signal: SIGTERM (15).
c [w = 49] Start task in PID: 193162.
c [w = 49] Cyclic Antibandwidth problem with w = 49 (caterpillar_40_20.txt):
c [w = 49] Initializing CaDiCaL (version 2.1.3).
c [w = 49] Configuring CaDiCaL as --sat (1).
c [w = 49] Encoding starts with w = 49:
c [w = 49] Symmetry breaking highest degree node is applied.
c [w = 49] Encoding duration: 6473 ms.
c [w = 49] Number of clauses: 9161251.
c [w = 49] Number of variables: 1993600.
c [w = 49] SAT Solving starts:
c [Signal] Signal interruption. Caught signal: SIGTERM (15).
c [w = 57] Start task in PID: 193169.
c [w = 57] Cyclic Antibandwidth problem with w = 57 (caterpillar_40_20.txt):
c [w = 57] Initializing CaDiCaL (version 2.1.3).
c [w = 57] Configuring CaDiCaL as --sat (1).
c [w = 57] Encoding starts with w = 57:
c [w = 57] Symmetry breaking highest degree node is applied.
c [w = 57] Encoding duration: 6112 ms.
c [w = 57] Number of clauses: 9213245.
c [w = 57] Number of variables: 2016000.
c [w = 57] SAT Solving starts:
c [Signal] Signal interruption. Caught signal: SIGTERM (15).
c [Main] Child pid 50 - 193166 terminated by signal 15.
c [Main] Child pid 57 - 193169 terminated by signal 15.
c [Main] Child pid 51 - 193115 terminated by signal 15.
c [Main] Child pid 63 - 193168 terminated by signal 15.
c [Main] Child pid 49 - 193162 terminated by signal 15.
c [w = 78] Start task in PID: 193176.
c [w = 78] Cyclic Antibandwidth problem with w = 78 (caterpillar_40_20.txt):
c [w = 78] Initializing CaDiCaL (version 2.1.3).
c [w = 78] Configuring CaDiCaL as --sat (1).
c [w = 78] Encoding starts with w = 78:
c [w = 78] Symmetry breaking highest degree node is applied.
c [w = 78] Encoding duration: 6492 ms.
c [w = 78] Number of clauses: 9232433.
c [w = 78] Number of variables: 2028000.
c [w = 78] SAT Solving starts:
c [Signal] Signal interruption. Caught signal: SIGTERM (15).
c [w = 79] Start task in PID: 193174.
c [w = 79] Cyclic Antibandwidth problem with w = 79 (caterpillar_40_20.txt):
c [w = 79] Initializing CaDiCaL (version 2.1.3).
c [w = 79] Configuring CaDiCaL as --sat (1).
c [w = 79] Encoding starts with w = 79:
c [w = 79] Symmetry breaking highest degree node is applied.
c [w = 79] Encoding duration: 6106 ms.
c [w = 79] Number of clauses: 9259633.
c [w = 79] Number of variables: 2036800.
c [w = 79] SAT Solving starts:
c [Signal] Signal interruption. Caught signal: SIGTERM (15).
c [w = 77] Start task in PID: 193175.
c [w = 77] Cyclic Antibandwidth problem with w = 77 (caterpillar_40_20.txt):
c [w = 77] Initializing CaDiCaL (version 2.1.3).
c [w = 77] Configuring CaDiCaL as --sat (1).
c [w = 77] Encoding starts with w = 77:
c [w = 77] Symmetry breaking highest degree node is applied.
c [w = 77] Encoding duration: 6568 ms.
c [w = 77] Number of clauses: 9205233.
c [w = 77] Number of variables: 2019200.
c [w = 77] SAT Solving starts:
c [Signal] Signal interruption. Caught signal: SIGTERM (15).
c [w = 82] Start task in PID: 193173.
c [w = 82] Cyclic Antibandwidth problem with w = 82 (caterpillar_40_20.txt):
c [w = 82] Initializing CaDiCaL (version 2.1.3).
c [w = 82] Configuring CaDiCaL as --sat (1).
c [w = 82] Encoding starts with w = 82:
c [w = 82] Symmetry breaking highest degree node is applied.
c [w = 82] Encoding duration: 6467 ms.
c [w = 82] Number of clauses: 9145230.
c [w = 82] Number of variables: 2000000.
c [w = 82] SAT Solving starts:
c [Signal] Signal interruption. Caught signal: SIGTERM (15).
c [w = 88] Start task in PID: 193172.
c [w = 88] Cyclic Antibandwidth problem with w = 88 (caterpillar_40_20.txt):
c [w = 88] Initializing CaDiCaL (version 2.1.3).
c [w = 88] Configuring CaDiCaL as --sat (1).
c [w = 88] Encoding starts with w = 88:
c [w = 88] Symmetry breaking highest degree node is applied.
c [w = 88] Encoding duration: 6069 ms.
c [w = 88] Number of clauses: 9294030.
c [w = 88] Number of variables: 2048000.
c [w = 88] SAT Solving starts:
c [Signal] Signal interruption. Caught signal: SIGTERM (15).
c [w = 101] Start task in PID: 193114.
c [w = 101] Cyclic Antibandwidth problem with w = 101 (caterpillar_40_20.txt):
c [w = 101] Initializing CaDiCaL (version 2.1.3).
c [w = 101] Configuring CaDiCaL as --sat (1).
c [w = 101] Encoding starts with w = 101:
c [w = 101] Symmetry breaking highest degree node is applied.
c [w = 101] Encoding duration: 6275 ms.
c [w = 101] Number of clauses: 9135624.
c [w = 101] Number of variables: 1995200.
c [w = 101] SAT Solving starts:
c [Signal] Signal interruption. Caught signal: SIGTERM (15).
c [w = 201] Start task in PID: 193113.
c [w = 201] Cyclic Antibandwidth problem with w = 201 (caterpillar_40_20.txt):
c [w = 201] Initializing CaDiCaL (version 2.1.3).
c [w = 201] Configuring CaDiCaL as --sat (1).
c [w = 201] Encoding starts with w = 201:
c [w = 201] Symmetry breaking highest degree node is applied.
c [w = 201] Encoding duration: 6322 ms.
c [w = 201] Number of clauses: 9223612.
c [w = 201] Number of variables: 2001600.
c [w = 201] SAT Solving starts:
c [Signal] Signal interruption. Caught signal: SIGTERM (15).
c [Main] Lim pid ends with result: 254.
c [Main] All children have completed.
r [Main] 
r [Main] Final results: 
r [Main] Max width SAT:  	76.
r [Main] Min width UNSAT:	-.
r [Main] Total real time: 151253 ms.
r [Main] Total memory consumed: 20951 MB.
r [Main] 
c [w = 80] Start task in PID: 193177.
c [w = 80] Cyclic Antibandwidth problem with w = 80 (caterpillar_40_20.txt):
c [w = 80] Initializing CaDiCaL (version 2.1.3).
c [w = 80] Configuring CaDiCaL as --sat (1).
c [w = 80] Encoding starts with w = 80:
c [w = 80] Symmetry breaking highest degree node is applied.
c [w = 80] Encoding duration: 6350 ms.
c [w = 80] Number of clauses: 9095630.
c [w = 80] Number of variables: 1984000.
c [w = 80] SAT Solving starts:
c [Signal] Signal interruption. Caught signal: SIGTERM (15).
