c [Version] Cyclic Bandwidth Encoder version 1.0.0.
c [Param] Real time limit is set to 150.
c [Param] Memory limit is set to 30000.
c [Param] Worker count is set to 8.
c [Main] Encoding and solving for graph: cbt_600.txt.
c [Main] Search strategy: Binary search from lower bound.
c [Main] No predefined lower bound is found for cbt_600.txt.
c [Main] LB-w = 2 (default value).
c [Main] No predefined upper bound is found for cbt_600.txt.
c [Main] UB-w = 300 (default value calculated as n/2).
c [Main] Search order: 151 76 38 19 10 5 3 2 4 7 6 8 9 14 12 11 13 16 15 17 18 28 23 21 20 22 25 24 26 27 33 30 29 31 32 35 34 36 37 57 47 42 40 39 41 44 43 45 46 52 49 48 50 51 54 53 55 56 66 61 59 58 60 63 62 64 65 71 68 67 69 70 73 72 74 75 113 94 85 80 78 77 79 82 81 83 84 89 87 86 88 91 90 92 93 103 98 96 95 97 100 99 101 102 108 105 104 106 107 110 109 111 112 132 122 117 115 114 116 119 118 120 121 127 124 123 125 126 129 128 130 131 141 136 134 133 135 138 137 139 140 146 143 142 144 145 148 147 149 150 226 188 169 160 155 153 152 154 157 156 158 159 164 162 161 163 166 165 167 168 178 173 171 170 172 175 174 176 177 183 180 179 181 182 185 184 186 187 207 197 192 190 189 191 194 193 195 196 202 199 198 200 201 204 203 205 206 216 211 209 208 210 213 212 214 215 221 218 217 219 220 223 222 224 225 263 244 235 230 228 227 229 232 231 233 234 239 237 236 238 241 240 242 243 253 248 246 245 247 250 249 251 252 258 255 254 256 257 260 259 261 262 282 272 267 265 264 266 269 268 270 271 277 274 273 275 276 279 278 280 281 291 286 284 283 285 288 287 289 290 296 293 292 294 295 298 297 299 300.
c [w = 38] Start task in PID: 173282.
c [w = 38] Cyclic Antibandwidth problem with w = 38 (cbt_600.txt):
c [w = 38] Initializing CaDiCaL (version 2.1.3).
c [w = 38] Configuring CaDiCaL as --sat (1).
c [w = 38] Encoding starts with w = 38:
c [w = 38] Symmetry breaking highest degree node is applied.
c [w = 38] Encoding duration: 3491 ms.
c [w = 38] Number of clauses: 5121948.
c [w = 38] Number of variables: 1112400.
c [w = 38] SAT Solving starts:
c [w = 38] Solving duration: 388 ms.
c [w = 38] Answer:
s [w = 38] SAT (w = 38).
c [w = 38] Solution check = 38.
c [w = 38] The solution is correct.
c [w = 38] Result: 10.
c [w = 3] Start task in PID: 173286.
c [w = 3] Cyclic Antibandwidth problem with w = 3 (cbt_600.txt):
c [w = 3] Initializing CaDiCaL (version 2.1.3).
c [w = 3] Configuring CaDiCaL as --sat (1).
c [w = 3] Encoding starts with w = 3:
c [w = 3] Symmetry breaking highest degree node is applied.
c [Signal] Signal interruption. Caught signal: SIGTERM (15).
c [Main] Max width SAT is set to 38.
c [Main] Kill lower pid 2.
c [Main] Kill lower pid 3.
c [Main] Kill lower pid 5.
c [Main] Kill lower pid 10.
c [Main] Kill lower pid 19.
c [w = 2] Start task in PID: 173287.
c [w = 2] Cyclic Antibandwidth problem with w = 2 (cbt_600.txt):
c [w = 2] Initializing CaDiCaL (version 2.1.3).
c [w = 2] Configuring CaDiCaL as --sat (1).
c [w = 2] Encoding starts with w = 2:
c [w = 2] Symmetry breaking highest degree node is applied.
c [Signal] Signal interruption. Caught signal: SIGTERM (15).
c [w = 10] Start task in PID: 173284.
c [w = 10] Cyclic Antibandwidth problem with w = 10 (cbt_600.txt):
c [w = 10] Initializing CaDiCaL (version 2.1.3).
c [w = 10] Configuring CaDiCaL as --sat (1).
c [w = 10] Encoding starts with w = 10:
c [w = 10] Symmetry breaking highest degree node is applied.
c [w = 10] Encoding duration: 3729 ms.
c [w = 10] Number of clauses: 5790480.
c [w = 10] Number of variables: 1028400.
c [w = 10] SAT Solving starts:
c [w = 10] Solving duration: 379 ms.
c [w = 10] Answer:
s [w = 10] SAT (w = 10).
c [w = 10] Solution check = 10.
c [w = 10] The solution is correct.
c [Signal] Signal interruption. Caught signal: SIGTERM (15).
c [w = 19] Start task in PID: 173283.
c [w = 19] Cyclic Antibandwidth problem with w = 19 (cbt_600.txt):
c [w = 19] Initializing CaDiCaL (version 2.1.3).
c [w = 19] Configuring CaDiCaL as --sat (1).
c [w = 19] Encoding starts with w = 19:
c [w = 19] Symmetry breaking highest degree node is applied.
c [w = 19] Encoding duration: 3561 ms.
c [w = 19] Number of clauses: 5230596.
c [w = 19] Number of variables: 1083600.
c [w = 19] SAT Solving starts:
c [w = 19] Solving duration: 394 ms.
c [w = 19] Answer:
s [w = 19] SAT (w = 19).
c [w = 19] Solution check = 19.
c [w = 19] The solution is correct.
c [Signal] Signal interruption. Caught signal: SIGTERM (15).
c [w = 5] Start task in PID: 173285.
c [w = 5] Cyclic Antibandwidth problem with w = 5 (cbt_600.txt):
c [w = 5] Initializing CaDiCaL (version 2.1.3).
c [w = 5] Configuring CaDiCaL as --sat (1).
c [w = 5] Encoding starts with w = 5:
c [w = 5] Symmetry breaking highest degree node is applied.
c [Signal] Signal interruption. Caught signal: SIGTERM (15).
c [Main] Child pid 19 - 173283 terminated by signal 15.
c [Main] Child pid 10 - 173284 terminated by signal 15.
c [w = 76] Start task in PID: 173281.
c [w = 76] Cyclic Antibandwidth problem with w = 76 (cbt_600.txt):
c [w = 76] Initializing CaDiCaL (version 2.1.3).
c [w = 76] Configuring CaDiCaL as --sat (1).
c [w = 76] Encoding starts with w = 76:
c [w = 76] Symmetry breaking highest degree node is applied.
c [w = 76] Encoding duration: 3516 ms.
c [w = 76] Number of clauses: 5142324.
c [w = 76] Number of variables: 1126800.
c [w = 76] SAT Solving starts:
c [w = 76] Solving duration: 678 ms.
c [w = 76] Answer:
s [w = 76] SAT (w = 76).
c [w = 76] Solution check = 76.
c [w = 76] The solution is correct.
c [w = 76] Result: 10.
c [Main] Child pid 5 - 173285 terminated by signal 15.
c [Main] Child pid 3 - 173286 terminated by signal 15.
c [Main] Child pid 2 - 173287 terminated by signal 15.
c [w = 39] Start task in PID: 173296.
c [w = 39] Cyclic Antibandwidth problem with w = 39 (cbt_600.txt):
c [w = 39] Initializing CaDiCaL (version 2.1.3).
c [w = 39] Configuring CaDiCaL as --sat (1).
c [w = 39] Encoding starts with w = 39:
c [w = 39] Symmetry breaking highest degree node is applied.
c [Signal] Signal interruption. Caught signal: SIGTERM (15).
c [w = 41] Start task in PID: 173297.
c [w = 41] Cyclic Antibandwidth problem with w = 41 (cbt_600.txt):
c [w = 41] Initializing CaDiCaL (version 2.1.3).
c [w = 41] Configuring CaDiCaL as --sat (1).
c [w = 41] Encoding starts with w = 41:
c [w = 41] Symmetry breaking highest degree node is applied.
c [Signal] Signal interruption. Caught signal: SIGTERM (15).
c [w = 42] Start task in PID: 173294.
c [w = 42] Cyclic Antibandwidth problem with w = 42 (cbt_600.txt):
c [w = 42] Initializing CaDiCaL (version 2.1.3).
c [w = 42] Configuring CaDiCaL as --sat (1).
c [w = 42] Encoding starts with w = 42:
c [w = 42] Symmetry breaking highest degree node is applied.
c [Signal] Signal interruption. Caught signal: SIGTERM (15).
c [w = 57] Start task in PID: 173292.
c [w = 57] Cyclic Antibandwidth problem with w = 57 (cbt_600.txt):
c [w = 57] Initializing CaDiCaL (version 2.1.3).
c [w = 57] Configuring CaDiCaL as --sat (1).
c [w = 57] Encoding starts with w = 57:
c [w = 57] Symmetry breaking highest degree node is applied.
c [Signal] Signal interruption. Caught signal: SIGTERM (15).
c [w = 40] Start task in PID: 173295.
c [w = 40] Cyclic Antibandwidth problem with w = 40 (cbt_600.txt):
c [w = 40] Initializing CaDiCaL (version 2.1.3).
c [w = 40] Configuring CaDiCaL as --sat (1).
c [w = 40] Encoding starts with w = 40:
c [w = 40] Symmetry breaking highest degree node is applied.
c [Signal] Signal interruption. Caught signal: SIGTERM (15).
c [w = 47] Start task in PID: 173293.
c [w = 47] Cyclic Antibandwidth problem with w = 47 (cbt_600.txt):
c [w = 47] Initializing CaDiCaL (version 2.1.3).
c [w = 47] Configuring CaDiCaL as --sat (1).
c [w = 47] Encoding starts with w = 47:
c [w = 47] Symmetry breaking highest degree node is applied.
c [Signal] Signal interruption. Caught signal: SIGTERM (15).
c [Main] Max width SAT is set to 76.
c [Main] Kill lower pid 41.
c [Main] Kill lower pid 39.
c [Main] Kill lower pid 40.
c [Main] Kill lower pid 42.
c [Main] Kill lower pid 57.
c [Main] Kill lower pid 47.
c [Main] Child pid 41 - 173297 terminated by signal 15.
c [Main] Child pid 40 - 173295 terminated by signal 15.
c [Main] Child pid 39 - 173296 terminated by signal 15.
c [Main] Child pid 42 - 173294 terminated by signal 15.
c [Main] Child pid 47 - 173293 terminated by signal 15.
c [Main] Child pid 57 - 173292 terminated by signal 15.
c [w = 78] Start task in PID: 173302.
c [w = 78] Cyclic Antibandwidth problem with w = 78 (cbt_600.txt):
c [w = 78] Initializing CaDiCaL (version 2.1.3).
c [w = 78] Configuring CaDiCaL as --sat (1).
c [w = 78] Encoding starts with w = 78:
c [w = 78] Symmetry breaking highest degree node is applied.
c [w = 78] Encoding duration: 3311 ms.
c [w = 78] Number of clauses: 5172324.
c [w = 78] Number of variables: 1136400.
c [w = 78] SAT Solving starts:
c [w = 78] Solving duration: 752 ms.
c [w = 78] Answer:
s [w = 78] SAT (w = 78).
c [w = 78] Solution check = 78.
c [w = 78] The solution is correct.
c [w = 78] Result: 10.
c [Main] Max width SAT is set to 78.
c [Main] Kill lower pid 77.
c [w = 77] Start task in PID: 173303.
c [w = 77] Cyclic Antibandwidth problem with w = 77 (cbt_600.txt):
c [w = 77] Initializing CaDiCaL (version 2.1.3).
c [w = 77] Configuring CaDiCaL as --sat (1).
c [w = 77] Encoding starts with w = 77:
c [w = 77] Symmetry breaking highest degree node is applied.
c [w = 77] Encoding duration: 3575 ms.
c [w = 77] Number of clauses: 5157324.
c [w = 77] Number of variables: 1131600.
c [w = 77] SAT Solving starts:
c [w = 77] Solving duration: 766 ms.
c [w = 77] Answer:
s [w = 77] SAT (w = 77).
c [w = 77] Solution check = 77.
c [w = 77] The solution is correct.
c [Signal] Signal interruption. Caught signal: SIGTERM (15).
c [Main] Child pid 77 - 173303 terminated by signal 15.
c [w = 94] Start task in PID: 173299.
c [w = 94] Cyclic Antibandwidth problem with w = 94 (cbt_600.txt):
c [w = 94] Initializing CaDiCaL (version 2.1.3).
c [w = 94] Configuring CaDiCaL as --sat (1).
c [w = 94] Encoding starts with w = 94:
c [w = 94] Symmetry breaking highest degree node is applied.
c [w = 94] Encoding duration: 3579 ms.
c [w = 94] Number of clauses: 5245521.
c [w = 94] Number of variables: 1158600.
c [w = 94] SAT Solving starts:
c [w = 94] Solving duration: 789 ms.
c [w = 94] Answer:
s [w = 94] SAT (w = 94).
c [w = 94] Solution check = 94.
c [w = 94] The solution is correct.
c [w = 94] Result: 10.
c [w = 79] Start task in PID: 173304.
c [w = 79] Cyclic Antibandwidth problem with w = 79 (cbt_600.txt):
c [w = 79] Initializing CaDiCaL (version 2.1.3).
c [w = 79] Configuring CaDiCaL as --sat (1).
c [w = 79] Encoding starts with w = 79:
c [w = 79] Symmetry breaking highest degree node is applied.
c [w = 79] Encoding duration: 3548 ms.
c [w = 79] Number of clauses: 5187324.
c [w = 79] Number of variables: 1141200.
c [w = 79] SAT Solving starts:
c [w = 79] Solving duration: 767 ms.
c [w = 79] Answer:
s [w = 79] SAT (w = 79).
c [w = 79] Solution check = 79.
c [w = 79] The solution is correct.
c [w = 79] Result: 10.
c [w = 80] Start task in PID: 173301.
c [w = 80] Cyclic Antibandwidth problem with w = 80 (cbt_600.txt):
c [w = 80] Initializing CaDiCaL (version 2.1.3).
c [w = 80] Configuring CaDiCaL as --sat (1).
c [w = 80] Encoding starts with w = 80:
c [w = 80] Symmetry breaking highest degree node is applied.
c [w = 80] Encoding duration: 3603 ms.
c [w = 80] Number of clauses: 5202324.
c [w = 80] Number of variables: 1146000.
c [w = 80] SAT Solving starts:
c [w = 80] Solving duration: 775 ms.
c [w = 80] Answer:
s [w = 80] SAT (w = 80).
c [w = 80] Solution check = 80.
c [w = 80] The solution is correct.
c [w = 80] Result: 10.
c [Main] Max width SAT is set to 79.
c [w = 85] Start task in PID: 173300.
c [w = 85] Cyclic Antibandwidth problem with w = 85 (cbt_600.txt):
c [w = 85] Initializing CaDiCaL (version 2.1.3).
c [w = 85] Configuring CaDiCaL as --sat (1).
c [w = 85] Encoding starts with w = 85:
c [w = 85] Symmetry breaking highest degree node is applied.
c [w = 85] Encoding duration: 3625 ms.
c [w = 85] Number of clauses: 5277324.
c [w = 85] Number of variables: 1170000.
c [w = 85] SAT Solving starts:
c [w = 85] Solving duration: 772 ms.
c [w = 85] Answer:
s [w = 85] SAT (w = 85).
c [w = 85] Solution check = 85.
c [w = 85] The solution is correct.
c [w = 85] Result: 10.
c [Main] Max width SAT is set to 94.
c [Main] Kill lower pid 83.
c [Main] Kill lower pid 82.
c [Main] Kill lower pid 80.
c [Main] Kill lower pid 85.
c [Main] Kill lower pid 81.
c [w = 82] Start task in PID: 173305.
c [w = 82] Cyclic Antibandwidth problem with w = 82 (cbt_600.txt):
c [w = 82] Initializing CaDiCaL (version 2.1.3).
c [w = 82] Configuring CaDiCaL as --sat (1).
c [w = 82] Encoding starts with w = 82:
c [w = 82] Symmetry breaking highest degree node is applied.
c [Signal] Signal interruption. Caught signal: SIGTERM (15).
c [w = 81] Start task in PID: 173306.
c [w = 81] Cyclic Antibandwidth problem with w = 81 (cbt_600.txt):
c [w = 81] Initializing CaDiCaL (version 2.1.3).
c [w = 81] Configuring CaDiCaL as --sat (1).
c [w = 81] Encoding starts with w = 81:
c [w = 81] Symmetry breaking highest degree node is applied.
c [Signal] Signal interruption. Caught signal: SIGTERM (15).
c [w = 83] Start task in PID: 173307.
c [w = 83] Cyclic Antibandwidth problem with w = 83 (cbt_600.txt):
c [w = 83] Initializing CaDiCaL (version 2.1.3).
c [w = 83] Configuring CaDiCaL as --sat (1).
c [w = 83] Encoding starts with w = 83:
c [w = 83] Symmetry breaking highest degree node is applied.
c [Signal] Signal interruption. Caught signal: SIGTERM (15).
c [Main] Child pid 83 - 173307 terminated by signal 15.
c [Main] Child pid 81 - 173306 terminated by signal 15.
c [Main] Child pid 82 - 173305 terminated by signal 15.
c [w = 113] Start task in PID: 173298.
c [w = 113] Cyclic Antibandwidth problem with w = 113 (cbt_600.txt):
c [w = 113] Initializing CaDiCaL (version 2.1.3).
c [w = 113] Configuring CaDiCaL as --sat (1).
c [w = 113] Encoding starts with w = 113:
c [w = 113] Symmetry breaking highest degree node is applied.
c [w = 113] Encoding duration: 3657 ms.
c [w = 113] Number of clauses: 5295918.
c [w = 113] Number of variables: 1172400.
c [w = 113] SAT Solving starts:
c [w = 113] Solving duration: 1416 ms.
c [w = 113] Answer:
s [w = 113] SAT (w = 113).
c [w = 113] Solution check = 113.
c [w = 113] The solution is correct.
c [w = 113] Result: 10.
c [w = 96] Start task in PID: 173310.
c [w = 96] Cyclic Antibandwidth problem with w = 96 (cbt_600.txt):
c [w = 96] Initializing CaDiCaL (version 2.1.3).
c [w = 96] Configuring CaDiCaL as --sat (1).
c [w = 96] Encoding starts with w = 96:
c [w = 96] Symmetry breaking highest degree node is applied.
c [Signal] Signal interruption. Caught signal: SIGTERM (15).
c [w = 95] Start task in PID: 173311.
c [w = 95] Cyclic Antibandwidth problem with w = 95 (cbt_600.txt):
c [w = 95] Initializing CaDiCaL (version 2.1.3).
c [w = 95] Configuring CaDiCaL as --sat (1).
c [w = 95] Encoding starts with w = 95:
c [w = 95] Symmetry breaking highest degree node is applied.
c [Signal] Signal interruption. Caught signal: SIGTERM (15).
c [Main] Max width SAT is set to 113.
c [Main] Kill lower pid 97.
c [Main] Kill lower pid 95.
c [Main] Kill lower pid 96.
c [Main] Kill lower pid 103.
c [Main] Kill lower pid 98.
c [Main] Kill lower pid 100.
c [w = 98] Start task in PID: 173309.
c [w = 98] Cyclic Antibandwidth problem with w = 98 (cbt_600.txt):
c [w = 98] Initializing CaDiCaL (version 2.1.3).
c [w = 98] Configuring CaDiCaL as --sat (1).
c [w = 98] Encoding starts with w = 98:
c [w = 98] Symmetry breaking highest degree node is applied.
c [Signal] Signal interruption. Caught signal: SIGTERM (15).
c [w = 103] Start task in PID: 173308.
c [w = 103] Cyclic Antibandwidth problem with w = 103 (cbt_600.txt):
c [w = 103] Initializing CaDiCaL (version 2.1.3).
c [w = 103] Configuring CaDiCaL as --sat (1).
c [w = 103] Encoding starts with w = 103:
c [w = 103] Symmetry breaking highest degree node is applied.
c [Signal] Signal interruption. Caught signal: SIGTERM (15).
c [w = 100] Start task in PID: 173313.
c [w = 100] Cyclic Antibandwidth problem with w = 100 (cbt_600.txt):
c [w = 100] Initializing CaDiCaL (version 2.1.3).
c [w = 100] Configuring CaDiCaL as --sat (1).
c [w = 100] Encoding starts with w = 100:
c [w = 100] Symmetry breaking highest degree node is applied.
c [Signal] Signal interruption. Caught signal: SIGTERM (15).
c [w = 97] Start task in PID: 173312.
c [w = 97] Cyclic Antibandwidth problem with w = 97 (cbt_600.txt):
c [w = 97] Initializing CaDiCaL (version 2.1.3).
c [w = 97] Configuring CaDiCaL as --sat (1).
c [w = 97] Encoding starts with w = 97:
c [w = 97] Symmetry breaking highest degree node is applied.
c [Signal] Signal interruption. Caught signal: SIGTERM (15).
c [Main] Child pid 96 - 173310 terminated by signal 15.
c [Main] Child pid 100 - 173313 terminated by signal 15.
c [Main] Child pid 98 - 173309 terminated by signal 15.
c [Main] Child pid 97 - 173312 terminated by signal 15.
c [Main] Child pid 103 - 173308 terminated by signal 15.
c [Main] Child pid 95 - 173311 terminated by signal 15.
c [w = 119] Start task in PID: 173320.
c [w = 119] Cyclic Antibandwidth problem with w = 119 (cbt_600.txt):
c [w = 119] Initializing CaDiCaL (version 2.1.3).
c [w = 119] Configuring CaDiCaL as --sat (1).
c [w = 119] Encoding starts with w = 119:
c [w = 119] Symmetry breaking highest degree node is applied.
c [w = 119] Encoding duration: 3414 ms.
c [w = 119] Number of clauses: 5364318.
c [w = 119] Number of variables: 1194000.
c [w = 119] SAT Solving starts:
c [w = 119] Solving duration: 1355 ms.
c [w = 119] Answer:
s [w = 119] SAT (w = 119).
c [w = 119] Solution check = 119.
c [w = 119] The solution is correct.
c [w = 119] Result: 10.
c [w = 122] Start task in PID: 173315.
c [w = 122] Cyclic Antibandwidth problem with w = 122 (cbt_600.txt):
c [w = 122] Initializing CaDiCaL (version 2.1.3).
c [w = 122] Configuring CaDiCaL as --sat (1).
c [w = 122] Encoding starts with w = 122:
c [w = 122] Symmetry breaking highest degree node is applied.
c [w = 122] Encoding duration: 3566 ms.
c [w = 122] Number of clauses: 5182515.
c [w = 122] Number of variables: 1133400.
c [w = 122] SAT Solving starts:
c [w = 122] Solving duration: 1220 ms.
c [w = 122] Answer:
s [w = 122] SAT (w = 122).
c [w = 122] Solution check = 122.
c [w = 122] The solution is correct.
c [w = 122] Result: 10.
c [Main] Max width SAT is set to 119.
c [Main] Kill lower pid 116.
c [Main] Kill lower pid 114.
c [Main] Kill lower pid 115.
c [Main] Kill lower pid 117.
c [w = 116] Start task in PID: 173319.
c [w = 116] Cyclic Antibandwidth problem with w = 116 (cbt_600.txt):
c [w = 116] Initializing CaDiCaL (version 2.1.3).
c [w = 116] Configuring CaDiCaL as --sat (1).
c [w = 116] Encoding starts with w = 116:
c [w = 116] Symmetry breaking highest degree node is applied.
c [w = 116] Encoding duration: 3659 ms.
c [w = 116] Number of clauses: 5330118.
c [w = 116] Number of variables: 1183200.
c [w = 116] SAT Solving starts:
c [w = 116] Solving duration: 1378 ms.
c [w = 116] Answer:
s [w = 116] SAT (w = 116).
c [w = 116] Solution check = 116.
c [w = 116] The solution is correct.
c [Signal] Signal interruption. Caught signal: SIGTERM (15).
c [w = 114] Start task in PID: 173318.
c [w = 114] Cyclic Antibandwidth problem with w = 114 (cbt_600.txt):
c [w = 114] Initializing CaDiCaL (version 2.1.3).
c [w = 114] Configuring CaDiCaL as --sat (1).
c [w = 114] Encoding starts with w = 114:
c [w = 114] Symmetry breaking highest degree node is applied.
c [w = 114] Encoding duration: 3619 ms.
c [w = 114] Number of clauses: 5307318.
c [w = 114] Number of variables: 1176000.
c [w = 114] SAT Solving starts:
c [w = 114] Solving duration: 1333 ms.
c [w = 114] Answer:
s [w = 114] SAT (w = 114).
c [w = 114] Solution check = 114.
c [w = 114] The solution is correct.
c [Signal] Signal interruption. Caught signal: SIGTERM (15).
c [w = 115] Start task in PID: 173317.
c [w = 115] Cyclic Antibandwidth problem with w = 115 (cbt_600.txt):
c [w = 115] Initializing CaDiCaL (version 2.1.3).
c [w = 115] Configuring CaDiCaL as --sat (1).
c [w = 115] Encoding starts with w = 115:
c [w = 115] Symmetry breaking highest degree node is applied.
c [w = 115] Encoding duration: 3651 ms.
c [w = 115] Number of clauses: 5318718.
c [w = 115] Number of variables: 1179600.
c [w = 115] SAT Solving starts:
c [w = 115] Solving duration: 1362 ms.
c [w = 115] Answer:
s [w = 115] SAT (w = 115).
c [w = 115] Solution check = 115.
c [w = 115] The solution is correct.
c [Signal] Signal interruption. Caught signal: SIGTERM (15).
c [w = 117] Start task in PID: 173316.
c [w = 117] Cyclic Antibandwidth problem with w = 117 (cbt_600.txt):
c [w = 117] Initializing CaDiCaL (version 2.1.3).
c [w = 117] Configuring CaDiCaL as --sat (1).
c [w = 117] Encoding starts with w = 117:
c [w = 117] Symmetry breaking highest degree node is applied.
c [w = 117] Encoding duration: 3638 ms.
c [w = 117] Number of clauses: 5341518.
c [w = 117] Number of variables: 1186800.
c [w = 117] SAT Solving starts:
c [w = 117] Solving duration: 1358 ms.
c [w = 117] Answer:
s [w = 117] SAT (w = 117).
c [w = 117] Solution check = 117.
c [w = 117] The solution is correct.
c [Signal] Signal interruption. Caught signal: SIGTERM (15).
c [Main] Max width SAT is set to 122.
c [Main] Kill lower pid 120.
c [Main] Kill lower pid 116.
c [Main] Kill lower pid 114.
c [Main] Kill lower pid 115.
c [Main] Kill lower pid 117.
c [w = 120] Start task in PID: 173322.
c [w = 120] Cyclic Antibandwidth problem with w = 120 (cbt_600.txt):
c [w = 120] Initializing CaDiCaL (version 2.1.3).
c [w = 120] Configuring CaDiCaL as --sat (1).
c [w = 120] Encoding starts with w = 120:
c [w = 120] Symmetry breaking highest degree node is applied.
c [Signal] Signal interruption. Caught signal: SIGTERM (15).
c [Main] Child pid 120 - 173322 terminated by signal 15.
c [Main] Child pid 116 - 173319 terminated by signal 15.
c [Main] Child pid 117 - 173316 terminated by signal 15.
c [Main] Child pid 114 - 173318 terminated by signal 15.
c [Main] Child pid 115 - 173317 terminated by signal 15.
c [w = 132] Start task in PID: 173314.
c [w = 132] Cyclic Antibandwidth problem with w = 132 (cbt_600.txt):
c [w = 132] Initializing CaDiCaL (version 2.1.3).
c [w = 132] Configuring CaDiCaL as --sat (1).
c [w = 132] Encoding starts with w = 132:
c [w = 132] Symmetry breaking highest degree node is applied.
c [w = 132] Encoding duration: 3624 ms.
c [w = 132] Number of clauses: 5278515.
c [w = 132] Number of variables: 1163400.
c [w = 132] SAT Solving starts:
c [w = 132] Solving duration: 3999 ms.
c [w = 132] Answer:
s [w = 132] SAT (w = 132).
c [w = 132] Solution check = 132.
c [w = 132] The solution is correct.
c [w = 132] Result: 10.
c [w = 123] Start task in PID: 173325.
c [w = 123] Cyclic Antibandwidth problem with w = 123 (cbt_600.txt):
c [w = 123] Initializing CaDiCaL (version 2.1.3).
c [w = 123] Configuring CaDiCaL as --sat (1).
c [w = 123] Encoding starts with w = 123:
c [w = 123] Symmetry breaking highest degree node is applied.
c [Signal] Signal interruption. Caught signal: SIGTERM (15).
c [w = 126] Start task in PID: 173327.
c [w = 126] Cyclic Antibandwidth problem with w = 126 (cbt_600.txt):
c [w = 126] Initializing CaDiCaL (version 2.1.3).
c [w = 126] Configuring CaDiCaL as --sat (1).
c [w = 126] Encoding starts with w = 126:
c [w = 126] Symmetry breaking highest degree node is applied.
c [Signal] Signal interruption. Caught signal: SIGTERM (15).
c [Main] Max width SAT is set to 132.
c [Main] Kill lower pid 129.
c [Main] Kill lower pid 126.
c [Main] Kill lower pid 123.
c [Main] Kill lower pid 124.
c [Main] Kill lower pid 127.
c [Main] Kill lower pid 125.
c [w = 127] Start task in PID: 173323.
c [w = 127] Cyclic Antibandwidth problem with w = 127 (cbt_600.txt):
c [w = 127] Initializing CaDiCaL (version 2.1.3).
c [w = 127] Configuring CaDiCaL as --sat (1).
c [w = 127] Encoding starts with w = 127:
c [w = 127] Symmetry breaking highest degree node is applied.
c [Signal] Signal interruption. Caught signal: SIGTERM (15).
c [w = 125] Start task in PID: 173326.
c [w = 125] Cyclic Antibandwidth problem with w = 125 (cbt_600.txt):
c [w = 125] Initializing CaDiCaL (version 2.1.3).
c [w = 125] Configuring CaDiCaL as --sat (1).
c [w = 125] Encoding starts with w = 125:
c [w = 125] Symmetry breaking highest degree node is applied.
c [Signal] Signal interruption. Caught signal: SIGTERM (15).
c [w = 124] Start task in PID: 173324.
c [w = 124] Cyclic Antibandwidth problem with w = 124 (cbt_600.txt):
c [w = 124] Initializing CaDiCaL (version 2.1.3).
c [w = 124] Configuring CaDiCaL as --sat (1).
c [w = 124] Encoding starts with w = 124:
c [w = 124] Symmetry breaking highest degree node is applied.
c [Signal] Signal interruption. Caught signal: SIGTERM (15).
c [w = 129] Start task in PID: 173328.
c [w = 129] Cyclic Antibandwidth problem with w = 129 (cbt_600.txt):
c [w = 129] Initializing CaDiCaL (version 2.1.3).
c [w = 129] Configuring CaDiCaL as --sat (1).
c [w = 129] Encoding starts with w = 129:
c [w = 129] Symmetry breaking highest degree node is applied.
c [Signal] Signal interruption. Caught signal: SIGTERM (15).
c [Main] Child pid 126 - 173327 terminated by signal 15.
c [Main] Child pid 129 - 173328 terminated by signal 15.
c [Main] Child pid 127 - 173323 terminated by signal 15.
c [Main] Child pid 123 - 173325 terminated by signal 15.
c [Main] Child pid 125 - 173326 terminated by signal 15.
c [Main] Child pid 124 - 173324 terminated by signal 15.
c [w = 133] Start task in PID: 173332.
c [w = 133] Cyclic Antibandwidth problem with w = 133 (cbt_600.txt):
c [w = 133] Initializing CaDiCaL (version 2.1.3).
c [w = 133] Configuring CaDiCaL as --sat (1).
c [w = 133] Encoding starts with w = 133:
c [w = 133] Symmetry breaking highest degree node is applied.
c [w = 133] Encoding duration: 3655 ms.
c [w = 133] Number of clauses: 5288115.
c [w = 133] Number of variables: 1166400.
c [w = 133] SAT Solving starts:
c [w = 133] Solving duration: 3929 ms.
c [w = 133] Answer:
s [w = 133] SAT (w = 133).
c [w = 133] Solution check = 133.
c [w = 133] The solution is correct.
c [w = 133] Result: 10.
c [Main] Max width SAT is set to 133.
c [w = 135] Start task in PID: 173333.
c [w = 135] Cyclic Antibandwidth problem with w = 135 (cbt_600.txt):
c [w = 135] Initializing CaDiCaL (version 2.1.3).
c [w = 135] Configuring CaDiCaL as --sat (1).
c [w = 135] Encoding starts with w = 135:
c [w = 135] Symmetry breaking highest degree node is applied.
c [w = 135] Encoding duration: 3634 ms.
c [w = 135] Number of clauses: 5307315.
c [w = 135] Number of variables: 1172400.
c [w = 135] SAT Solving starts:
c [w = 135] Solving duration: 4051 ms.
c [w = 135] Answer:
s [w = 135] SAT (w = 135).
c [w = 135] Solution check = 135.
c [w = 135] The solution is correct.
c [w = 135] Result: 10.
c [Main] Max width SAT is set to 135.
c [Main] Kill lower pid 134.
c [w = 134] Start task in PID: 173331.
c [w = 134] Cyclic Antibandwidth problem with w = 134 (cbt_600.txt):
c [w = 134] Initializing CaDiCaL (version 2.1.3).
c [w = 134] Configuring CaDiCaL as --sat (1).
c [w = 134] Encoding starts with w = 134:
c [w = 134] Symmetry breaking highest degree node is applied.
c [w = 134] Encoding duration: 3647 ms.
c [w = 134] Number of clauses: 5297715.
c [w = 134] Number of variables: 1169400.
c [w = 134] SAT Solving starts:
c [Signal] Signal interruption. Caught signal: SIGTERM (15).
c [w = 138] Start task in PID: 173334.
c [w = 138] Cyclic Antibandwidth problem with w = 138 (cbt_600.txt):
c [w = 138] Initializing CaDiCaL (version 2.1.3).
c [w = 138] Configuring CaDiCaL as --sat (1).
c [w = 138] Encoding starts with w = 138:
c [w = 138] Symmetry breaking highest degree node is applied.
c [w = 138] Encoding duration: 3622 ms.
c [w = 138] Number of clauses: 5336115.
c [w = 138] Number of variables: 1181400.
c [w = 138] SAT Solving starts:
c [w = 138] Solving duration: 4245 ms.
c [w = 138] Answer:
s [w = 138] SAT (w = 138).
c [w = 138] Solution check = 138.
c [w = 138] The solution is correct.
c [w = 138] Result: 10.
c [w = 136] Start task in PID: 173330.
c [w = 136] Cyclic Antibandwidth problem with w = 136 (cbt_600.txt):
c [w = 136] Initializing CaDiCaL (version 2.1.3).
c [w = 136] Configuring CaDiCaL as --sat (1).
c [w = 136] Encoding starts with w = 136:
c [w = 136] Symmetry breaking highest degree node is applied.
c [w = 136] Encoding duration: 3646 ms.
c [w = 136] Number of clauses: 5316915.
c [w = 136] Number of variables: 1175400.
c [w = 136] SAT Solving starts:
c [w = 136] Solving duration: 4203 ms.
c [w = 136] Answer:
s [w = 136] SAT (w = 136).
c [w = 136] Solution check = 136.
c [w = 136] The solution is correct.
c [w = 136] Result: 10.
c [Main] Child pid 134 - 173331 terminated by signal 15.
c [Main] Max width SAT is set to 138.
c [Main] Kill lower pid 137.
c [Main] Kill lower pid 136.
c [w = 137] Start task in PID: 173335.
c [w = 137] Cyclic Antibandwidth problem with w = 137 (cbt_600.txt):
c [w = 137] Initializing CaDiCaL (version 2.1.3).
c [w = 137] Configuring CaDiCaL as --sat (1).
c [w = 137] Encoding starts with w = 137:
c [w = 137] Symmetry breaking highest degree node is applied.
c [w = 137] Encoding duration: 3650 ms.
c [w = 137] Number of clauses: 5326515.
c [w = 137] Number of variables: 1178400.
c [w = 137] SAT Solving starts:
c [Signal] Signal interruption. Caught signal: SIGTERM (15).
c [Main] Child pid 137 - 173335 terminated by signal 15.
c [w = 144] Start task in PID: 173342.
c [w = 144] Cyclic Antibandwidth problem with w = 144 (cbt_600.txt):
c [w = 144] Initializing CaDiCaL (version 2.1.3).
c [w = 144] Configuring CaDiCaL as --sat (1).
c [w = 144] Encoding starts with w = 144:
c [w = 144] Symmetry breaking highest degree node is applied.
c [w = 144] Encoding duration: 3618 ms.
c [w = 144] Number of clauses: 5393715.
c [w = 144] Number of variables: 1199400.
c [w = 144] SAT Solving starts:
c [Signal] Signal interruption. Caught signal: SIGTERM (15).
c [w = 142] Start task in PID: 173341.
c [w = 142] Cyclic Antibandwidth problem with w = 142 (cbt_600.txt):
c [w = 142] Initializing CaDiCaL (version 2.1.3).
c [w = 142] Configuring CaDiCaL as --sat (1).
c [w = 142] Encoding starts with w = 142:
c [w = 142] Symmetry breaking highest degree node is applied.
c [w = 142] Encoding duration: 3680 ms.
c [w = 142] Number of clauses: 5374515.
c [w = 142] Number of variables: 1193400.
c [w = 142] SAT Solving starts:
c [Signal] Signal interruption. Caught signal: SIGTERM (15).
c [w = 146] Start task in PID: 173339.
c [w = 146] Cyclic Antibandwidth problem with w = 146 (cbt_600.txt):
c [w = 146] Initializing CaDiCaL (version 2.1.3).
c [w = 146] Configuring CaDiCaL as --sat (1).
c [w = 146] Encoding starts with w = 146:
c [w = 146] Symmetry breaking highest degree node is applied.
c [w = 146] Encoding duration: 3673 ms.
c [w = 146] Number of clauses: 5412915.
c [w = 146] Number of variables: 1205400.
c [w = 146] SAT Solving starts:
c [Signal] Signal interruption. Caught signal: SIGTERM (15).
c [w = 140] Start task in PID: 173338.
c [w = 140] Cyclic Antibandwidth problem with w = 140 (cbt_600.txt):
c [w = 140] Initializing CaDiCaL (version 2.1.3).
c [w = 140] Configuring CaDiCaL as --sat (1).
c [w = 140] Encoding starts with w = 140:
c [w = 140] Symmetry breaking highest degree node is applied.
c [w = 140] Encoding duration: 3663 ms.
c [w = 140] Number of clauses: 5355315.
c [w = 140] Number of variables: 1187400.
c [w = 140] SAT Solving starts:
c [Signal] Signal interruption. Caught signal: SIGTERM (15).
c [w = 139] Start task in PID: 173337.
c [w = 139] Cyclic Antibandwidth problem with w = 139 (cbt_600.txt):
c [w = 139] Initializing CaDiCaL (version 2.1.3).
c [w = 139] Configuring CaDiCaL as --sat (1).
c [w = 139] Encoding starts with w = 139:
c [w = 139] Symmetry breaking highest degree node is applied.
c [w = 139] Encoding duration: 3655 ms.
c [w = 139] Number of clauses: 5345715.
c [w = 139] Number of variables: 1184400.
c [w = 139] SAT Solving starts:
c [Signal] Signal interruption. Caught signal: SIGTERM (15).
c [w = 141] Start task in PID: 173329.
c [w = 141] Cyclic Antibandwidth problem with w = 141 (cbt_600.txt):
c [w = 141] Initializing CaDiCaL (version 2.1.3).
c [w = 141] Configuring CaDiCaL as --sat (1).
c [w = 141] Encoding starts with w = 141:
c [w = 141] Symmetry breaking highest degree node is applied.
c [w = 141] Encoding duration: 3703 ms.
c [w = 141] Number of clauses: 5364915.
c [w = 141] Number of variables: 1190400.
c [w = 141] SAT Solving starts:
c [Signal] Signal interruption. Caught signal: SIGTERM (15).
c [w = 151] Start task in PID: 173280.
c [w = 151] Cyclic Antibandwidth problem with w = 151 (cbt_600.txt):
c [w = 151] Initializing CaDiCaL (version 2.1.3).
c [w = 151] Configuring CaDiCaL as --sat (1).
c [w = 151] Encoding starts with w = 151:
c [w = 151] Symmetry breaking highest degree node is applied.
c [w = 151] Encoding duration: 3510 ms.
c [w = 151] Number of clauses: 5193312.
c [w = 151] Number of variables: 1131600.
c [w = 151] SAT Solving starts:
c [Signal] Signal interruption. Caught signal: SIGTERM (15).
c [Main] Lim pid ends with result: 254.
c [Main] All children have completed.
r [Main] 
r [Main] Final results: 
r [Main] Max width SAT:  	138.
r [Main] Min width UNSAT:	-.
r [Main] Total real time: 151046 ms.
r [Main] Total memory consumed: 11869.5 MB.
r [Main] 
c [w = 143] Start task in PID: 173340.
c [w = 143] Cyclic Antibandwidth problem with w = 143 (cbt_600.txt):
c [w = 143] Initializing CaDiCaL (version 2.1.3).
c [w = 143] Configuring CaDiCaL as --sat (1).
c [w = 143] Encoding starts with w = 143:
c [w = 143] Symmetry breaking highest degree node is applied.
c [w = 143] Encoding duration: 3400 ms.
c [w = 143] Number of clauses: 5384115.
c [w = 143] Number of variables: 1196400.
c [w = 143] SAT Solving starts:
c [Signal] Signal interruption. Caught signal: SIGTERM (15).
