c [Version] Cyclic Bandwidth Encoder version 1.0.0.
c [Param] Real time limit is set to 1800.
c [Param] Memory limit is set to 30000.
c [Param] Worker count is set to 8.
c [Main] Encoding and solving for graph: caterpillar_25_10.txt.
c [Main] Search strategy: Binary search from lower bound.
c [Main] No predefined lower bound is found for caterpillar_25_10.txt.
c [Main] LB-w = 2 (default value).
c [Main] No predefined upper bound is found for caterpillar_25_10.txt.
c [Main] UB-w = 125 (default value calculated as n/2).
c [Main] Search order: 63 32 16 8 4 2 3 6 5 7 12 10 9 11 14 13 15 24 20 18 17 19 22 21 23 28 26 25 27 30 29 31 47 39 35 33 34 37 36 38 43 41 40 42 45 44 46 55 51 49 48 50 53 52 54 59 57 56 58 61 60 62 94 78 70 66 64 65 68 67 69 74 72 71 73 76 75 77 86 82 80 79 81 84 83 85 90 88 87 89 92 91 93 110 102 98 96 95 97 100 99 101 106 104 103 105 108 107 109 118 114 112 111 113 116 115 117 122 120 119 121 124 123 125.
c [w = 6] Start task in PID: 13830.
c [w = 6] Cyclic Antibandwidth problem with w = 6 (caterpillar_25_10.txt):
c [w = 6] Initializing CaDiCaL (version 2.1.3).
c [w = 6] Configuring CaDiCaL as --sat (1).
c [w = 6] Encoding starts with w = 6:
c [w = 6] Symmetry breaking highest degree node is applied.
c [w = 6] Encoding duration: 1030 ms.
c [w = 6] Number of clauses: 997751.
c [w = 6] Number of variables: 171500.
c [w = 6] SAT Solving starts:
c [w = 6] Solving duration: 279 ms.
c [w = 6] Answer:
s [w = 6] SAT (w = 6).
c [w = 6] Solution check = 6.
c [w = 6] The solution is correct.
c [w = 6] Result: 10.
c [Main] Max width SAT is set to 6.
c [Main] Kill lower pid 2.
c [Main] Kill lower pid 4.
c [Main] Kill lower pid 3.
c [w = 4] Start task in PID: 13827.
c [w = 4] Cyclic Antibandwidth problem with w = 4 (caterpillar_25_10.txt):
c [w = 4] Initializing CaDiCaL (version 2.1.3).
c [w = 4] Configuring CaDiCaL as --sat (1).
c [w = 4] Encoding starts with w = 4:
c [w = 4] Symmetry breaking highest degree node is applied.
c [w = 4] Encoding duration: 1167 ms.
c [w = 4] Number of clauses: 1212564.
c [w = 4] Number of variables: 155750.
c [w = 4] SAT Solving starts:
c [w = 4] Solving duration: 383 ms.
c [w = 4] Answer:
s [w = 4] SAT (w = 4).
c [w = 4] Solution check = 4.
c [w = 4] The solution is correct.
c [Signal] Signal interruption. Caught signal: SIGTERM (15).
c [w = 2] Start task in PID: 13828.
c [w = 2] Cyclic Antibandwidth problem with w = 2 (caterpillar_25_10.txt):
c [w = 2] Initializing CaDiCaL (version 2.1.3).
c [w = 2] Configuring CaDiCaL as --sat (1).
c [w = 2] Encoding starts with w = 2:
c [w = 2] Symmetry breaking highest degree node is applied.
c [Signal] Signal interruption. Caught signal: SIGTERM (15).
c [w = 3] Start task in PID: 13829.
c [w = 3] Cyclic Antibandwidth problem with w = 3 (caterpillar_25_10.txt):
c [w = 3] Initializing CaDiCaL (version 2.1.3).
c [w = 3] Configuring CaDiCaL as --sat (1).
c [w = 3] Encoding starts with w = 3:
c [w = 3] Symmetry breaking highest degree node is applied.
c [w = 3] Encoding duration: 1401 ms.
c [w = 3] Number of clauses: 1537377.
c [w = 3] Number of variables: 140000.
c [w = 3] SAT Solving starts:
c [w = 3] Solving duration: 54 ms.
c [w = 3] Answer:
s [w = 3] SAT (w = 3).
c [w = 3] Solution check = 3.
c [w = 3] The solution is correct.
c [Signal] Signal interruption. Caught signal: SIGTERM (15).
c [Main] Child pid 4 - 13827 terminated by signal 15.
c [Main] Child pid 3 - 13829 terminated by signal 15.
c [Main] Child pid 2 - 13828 terminated by signal 15.
c [w = 8] Start task in PID: 13826.
c [w = 8] Cyclic Antibandwidth problem with w = 8 (caterpillar_25_10.txt):
c [w = 8] Initializing CaDiCaL (version 2.1.3).
c [w = 8] Configuring CaDiCaL as --sat (1).
c [w = 8] Encoding starts with w = 8:
c [w = 8] Symmetry breaking highest degree node is applied.
c [w = 8] Encoding duration: 994 ms.
c [w = 8] Number of clauses: 937471.
c [w = 8] Number of variables: 180000.
c [w = 8] SAT Solving starts:
c [w = 8] Solving duration: 1444 ms.
c [w = 8] Answer:
s [w = 8] SAT (w = 8).
c [w = 8] Solution check = 8.
c [w = 8] The solution is correct.
c [w = 8] Result: 10.
c [Main] Max width SAT is set to 8.
c [Main] Kill lower pid 7.
c [w = 7] Start task in PID: 13831.
c [w = 7] Cyclic Antibandwidth problem with w = 7 (caterpillar_25_10.txt):
c [w = 7] Initializing CaDiCaL (version 2.1.3).
c [w = 7] Configuring CaDiCaL as --sat (1).
c [w = 7] Encoding starts with w = 7:
c [w = 7] Symmetry breaking highest degree node is applied.
c [w = 7] Encoding duration: 944 ms.
c [w = 7] Number of clauses: 956733.
c [w = 7] Number of variables: 176000.
c [w = 7] SAT Solving starts:
c [Signal] Signal interruption. Caught signal: SIGTERM (15).
c [Main] Child pid 7 - 13831 terminated by signal 15.
c [w = 16] Start task in PID: 13825.
c [w = 16] Cyclic Antibandwidth problem with w = 16 (caterpillar_25_10.txt):
c [w = 16] Initializing CaDiCaL (version 2.1.3).
c [w = 16] Configuring CaDiCaL as --sat (1).
c [w = 16] Encoding starts with w = 16:
c [w = 16] Symmetry breaking highest degree node is applied.
c [w = 16] Encoding duration: 989 ms.
c [w = 16] Number of clauses: 889423.
c [w = 16] Number of variables: 192000.
c [w = 16] SAT Solving starts:
c [w = 16] Solving duration: 1900 ms.
c [w = 16] Answer:
s [w = 16] SAT (w = 16).
c [w = 16] Solution check = 16.
c [w = 16] The solution is correct.
c [w = 16] Result: 10.
c [w = 14] Start task in PID: 13836.
c [w = 14] Cyclic Antibandwidth problem with w = 14 (caterpillar_25_10.txt):
c [w = 14] Initializing CaDiCaL (version 2.1.3).
c [w = 14] Configuring CaDiCaL as --sat (1).
c [w = 14] Encoding starts with w = 14:
c [w = 14] Symmetry breaking highest degree node is applied.
c [Signal] Signal interruption. Caught signal: SIGTERM (15).
c [Main] Max width SAT is set to 16.
c [Main] Kill lower pid 14.
c [Main] Kill lower pid 9.
c [Main] Kill lower pid 10.
c [Main] Kill lower pid 12.
c [Main] Kill lower pid 11.
c [w = 9] Start task in PID: 13834.
c [w = 9] Cyclic Antibandwidth problem with w = 9 (caterpillar_25_10.txt):
c [w = 9] Initializing CaDiCaL (version 2.1.3).
c [w = 9] Configuring CaDiCaL as --sat (1).
c [w = 9] Encoding starts with w = 9:
c [w = 9] Symmetry breaking highest degree node is applied.
c [w = 9] Encoding duration: 976 ms.
c [w = 9] Number of clauses: 916209.
c [w = 9] Number of variables: 182000.
c [w = 9] SAT Solving starts:
c [Signal] Signal interruption. Caught signal: SIGTERM (15).
c [w = 12] Start task in PID: 13832.
c [w = 12] Cyclic Antibandwidth problem with w = 12 (caterpillar_25_10.txt):
c [w = 12] Initializing CaDiCaL (version 2.1.3).
c [w = 12] Configuring CaDiCaL as --sat (1).
c [w = 12] Encoding starts with w = 12:
c [w = 12] Symmetry breaking highest degree node is applied.
c [w = 12] Encoding duration: 958 ms.
c [w = 12] Number of clauses: 894188.
c [w = 12] Number of variables: 187250.
c [w = 12] SAT Solving starts:
c [Signal] Signal interruption. Caught signal: SIGTERM (15).
c [w = 10] Start task in PID: 13833.
c [w = 10] Cyclic Antibandwidth problem with w = 10 (caterpillar_25_10.txt):
c [w = 10] Initializing CaDiCaL (version 2.1.3).
c [w = 10] Configuring CaDiCaL as --sat (1).
c [w = 10] Encoding starts with w = 10:
c [w = 10] Symmetry breaking highest degree node is applied.
c [w = 10] Encoding duration: 921 ms.
c [w = 10] Number of clauses: 903700.
c [w = 10] Number of variables: 183750.
c [w = 10] SAT Solving starts:
c [Signal] Signal interruption. Caught signal: SIGTERM (15).
c [w = 11] Start task in PID: 13835.
c [w = 11] Cyclic Antibandwidth problem with w = 11 (caterpillar_25_10.txt):
c [w = 11] Initializing CaDiCaL (version 2.1.3).
c [w = 11] Configuring CaDiCaL as --sat (1).
c [w = 11] Encoding starts with w = 11:
c [w = 11] Symmetry breaking highest degree node is applied.
c [Signal] Signal interruption. Caught signal: SIGTERM (15).
c [Main] Child pid 11 - 13835 terminated by signal 15.
c [Main] Child pid 14 - 13836 terminated by signal 15.
c [Main] Child pid 12 - 13832 terminated by signal 15.
c [Main] Child pid 9 - 13834 terminated by signal 15.
c [Main] Child pid 10 - 13833 terminated by signal 15.
c [w = 17] Start task in PID: 13840.
c [w = 17] Cyclic Antibandwidth problem with w = 17 (caterpillar_25_10.txt):
c [w = 17] Initializing CaDiCaL (version 2.1.3).
c [w = 17] Configuring CaDiCaL as --sat (1).
c [w = 17] Encoding starts with w = 17:
c [w = 17] Symmetry breaking highest degree node is applied.
c [w = 17] Encoding duration: 973 ms.
c [w = 17] Number of clauses: 887920.
c [w = 17] Number of variables: 192500.
c [w = 17] SAT Solving starts:
c [w = 17] Solving duration: 834 ms.
c [w = 17] Answer:
s [w = 17] SAT (w = 17).
c [w = 17] Solution check = 17.
c [w = 17] The solution is correct.
c [w = 17] Result: 10.
c [Main] Max width SAT is set to 17.
c [w = 24] Start task in PID: 13837.
c [w = 24] Cyclic Antibandwidth problem with w = 24 (caterpillar_25_10.txt):
c [w = 24] Initializing CaDiCaL (version 2.1.3).
c [w = 24] Configuring CaDiCaL as --sat (1).
c [w = 24] Encoding starts with w = 24:
c [w = 24] Symmetry breaking highest degree node is applied.
c [w = 24] Encoding duration: 998 ms.
c [w = 24] Number of clauses: 894908.
c [w = 24] Number of variables: 197750.
c [w = 24] SAT Solving starts:
c [w = 24] Solving duration: 969 ms.
c [w = 24] Answer:
s [w = 24] SAT (w = 24).
c [w = 24] Solution check = 24.
c [w = 24] The solution is correct.
c [w = 24] Result: 10.
c [w = 21] Start task in PID: 13843.
c [w = 21] Cyclic Antibandwidth problem with w = 21 (caterpillar_25_10.txt):
c [w = 21] Initializing CaDiCaL (version 2.1.3).
c [w = 21] Configuring CaDiCaL as --sat (1).
c [w = 21] Encoding starts with w = 21:
c [w = 21] Symmetry breaking highest degree node is applied.
c [Signal] Signal interruption. Caught signal: SIGTERM (15).
c [w = 22] Start task in PID: 13842.
c [w = 22] Cyclic Antibandwidth problem with w = 22 (caterpillar_25_10.txt):
c [w = 22] Initializing CaDiCaL (version 2.1.3).
c [w = 22] Configuring CaDiCaL as --sat (1).
c [w = 22] Encoding starts with w = 22:
c [w = 22] Symmetry breaking highest degree node is applied.
c [w = 22] Encoding duration: 903 ms.
c [w = 22] Number of clauses: 894411.
c [w = 22] Number of variables: 197000.
c [w = 22] SAT Solving starts:
c [Signal] Signal interruption. Caught signal: SIGTERM (15).
c [w = 18] Start task in PID: 13839.
c [w = 18] Cyclic Antibandwidth problem with w = 18 (caterpillar_25_10.txt):
c [w = 18] Initializing CaDiCaL (version 2.1.3).
c [w = 18] Configuring CaDiCaL as --sat (1).
c [w = 18] Encoding starts with w = 18:
c [w = 18] Symmetry breaking highest degree node is applied.
c [w = 18] Encoding duration: 976 ms.
c [w = 18] Number of clauses: 885167.
c [w = 18] Number of variables: 192500.
c [w = 18] SAT Solving starts:
c [Signal] Signal interruption. Caught signal: SIGTERM (15).
c [Main] Max width SAT is set to 24.
c [Main] Kill lower pid 21.
c [Main] Kill lower pid 22.
c [Main] Kill lower pid 18.
c [Main] Kill lower pid 20.
c [Main] Kill lower pid 19.
c [w = 20] Start task in PID: 13838.
c [w = 20] Cyclic Antibandwidth problem with w = 20 (caterpillar_25_10.txt):
c [w = 20] Initializing CaDiCaL (version 2.1.3).
c [w = 20] Configuring CaDiCaL as --sat (1).
c [w = 20] Encoding starts with w = 20:
c [w = 20] Symmetry breaking highest degree node is applied.
c [w = 20] Encoding duration: 938 ms.
c [w = 20] Number of clauses: 891164.
c [w = 20] Number of variables: 195250.
c [w = 20] SAT Solving starts:
c [Signal] Signal interruption. Caught signal: SIGTERM (15).
c [w = 19] Start task in PID: 13841.
c [w = 19] Cyclic Antibandwidth problem with w = 19 (caterpillar_25_10.txt):
c [w = 19] Initializing CaDiCaL (version 2.1.3).
c [w = 19] Configuring CaDiCaL as --sat (1).
c [w = 19] Encoding starts with w = 19:
c [w = 19] Symmetry breaking highest degree node is applied.
c [w = 19] Encoding duration: 978 ms.
c [w = 19] Number of clauses: 895917.
c [w = 19] Number of variables: 196000.
c [w = 19] SAT Solving starts:
c [Signal] Signal interruption. Caught signal: SIGTERM (15).
c [Main] Child pid 21 - 13843 terminated by signal 15.
c [Main] Child pid 19 - 13841 terminated by signal 15.
c [Main] Child pid 22 - 13842 terminated by signal 15.
c [Main] Child pid 18 - 13839 terminated by signal 15.
c [Main] Child pid 20 - 13838 terminated by signal 15.
c [w = 63] Start task in PID: 13823.
c [w = 63] Cyclic Antibandwidth problem with w = 63 (caterpillar_25_10.txt):
c [w = 63] Initializing CaDiCaL (version 2.1.3).
c [w = 63] Configuring CaDiCaL as --sat (1).
c [w = 63] Encoding starts with w = 63:
c [w = 63] Symmetry breaking highest degree node is applied.
c [w = 63] Encoding duration: 973 ms.
c [w = 63] Number of clauses: 902637.
c [w = 63] Number of variables: 200000.
c [w = 63] SAT Solving starts:
c [w = 63] Solving duration: 4487 ms.
c [w = 63] Answer:
s [w = 63] SAT (w = 63).
c [w = 63] Solution check = 63.
c [w = 63] The solution is correct.
c [w = 63] Result: 10.
c [w = 27] Start task in PID: 13847.
c [w = 27] Cyclic Antibandwidth problem with w = 27 (caterpillar_25_10.txt):
c [w = 27] Initializing CaDiCaL (version 2.1.3).
c [w = 27] Configuring CaDiCaL as --sat (1).
c [w = 27] Encoding starts with w = 27:
c [w = 27] Symmetry breaking highest degree node is applied.
c [Signal] Signal interruption. Caught signal: SIGTERM (15).
c [w = 30] Start task in PID: 13848.
c [w = 30] Cyclic Antibandwidth problem with w = 30 (caterpillar_25_10.txt):
c [w = 30] Initializing CaDiCaL (version 2.1.3).
c [w = 30] Configuring CaDiCaL as --sat (1).
c [w = 30] Encoding starts with w = 30:
c [w = 30] Symmetry breaking highest degree node is applied.
c [Signal] Signal interruption. Caught signal: SIGTERM (15).
c [w = 25] Start task in PID: 13846.
c [w = 25] Cyclic Antibandwidth problem with w = 25 (caterpillar_25_10.txt):
c [w = 25] Initializing CaDiCaL (version 2.1.3).
c [w = 25] Configuring CaDiCaL as --sat (1).
c [w = 25] Encoding starts with w = 25:
c [w = 25] Symmetry breaking highest degree node is applied.
c [Signal] Signal interruption. Caught signal: SIGTERM (15).
c [w = 26] Start task in PID: 13845.
c [w = 26] Cyclic Antibandwidth problem with w = 26 (caterpillar_25_10.txt):
c [w = 26] Initializing CaDiCaL (version 2.1.3).
c [w = 26] Configuring CaDiCaL as --sat (1).
c [w = 26] Encoding starts with w = 26:
c [w = 26] Symmetry breaking highest degree node is applied.
c [Signal] Signal interruption. Caught signal: SIGTERM (15).
c [Main] Max width SAT is set to 63.
c [Main] Kill lower pid 29.
c [Main] Kill lower pid 30.
c [Main] Kill lower pid 27.
c [Main] Kill lower pid 25.
c [Main] Kill lower pid 26.
c [Main] Kill lower pid 28.
c [Main] Kill lower pid 32.
c [w = 28] Start task in PID: 13844.
c [w = 28] Cyclic Antibandwidth problem with w = 28 (caterpillar_25_10.txt):
c [w = 28] Initializing CaDiCaL (version 2.1.3).
c [w = 28] Configuring CaDiCaL as --sat (1).
c [w = 28] Encoding starts with w = 28:
c [w = 28] Symmetry breaking highest degree node is applied.
c [Signal] Signal interruption. Caught signal: SIGTERM (15).
c [w = 32] Start task in PID: 13824.
c [w = 32] Cyclic Antibandwidth problem with w = 32 (caterpillar_25_10.txt):
c [w = 32] Initializing CaDiCaL (version 2.1.3).
c [w = 32] Configuring CaDiCaL as --sat (1).
c [w = 32] Encoding starts with w = 32:
c [w = 32] Symmetry breaking highest degree node is applied.
c [w = 32] Encoding duration: 970 ms.
c [w = 32] Number of clauses: 892399.
c [w = 32] Number of variables: 198000.
c [w = 32] SAT Solving starts:
c [Signal] Signal interruption. Caught signal: SIGTERM (15).
c [w = 29] Start task in PID: 13849.
c [w = 29] Cyclic Antibandwidth problem with w = 29 (caterpillar_25_10.txt):
c [w = 29] Initializing CaDiCaL (version 2.1.3).
c [w = 29] Configuring CaDiCaL as --sat (1).
c [w = 29] Encoding starts with w = 29:
c [w = 29] Symmetry breaking highest degree node is applied.
c [Signal] Signal interruption. Caught signal: SIGTERM (15).
c [Main] Child pid 25 - 13846 terminated by signal 15.
c [Main] Child pid 26 - 13845 terminated by signal 15.
c [Main] Child pid 29 - 13849 terminated by signal 15.
c [Main] Child pid 28 - 13844 terminated by signal 15.
c [Main] Child pid 30 - 13848 terminated by signal 15.
c [Main] Child pid 27 - 13847 terminated by signal 15.
c [Main] Child pid 32 - 13824 terminated by signal 15.
c [w = 65] Start task in PID: 13855.
c [w = 65] Cyclic Antibandwidth problem with w = 65 (caterpillar_25_10.txt):
c [w = 65] Initializing CaDiCaL (version 2.1.3).
c [w = 65] Configuring CaDiCaL as --sat (1).
c [w = 65] Encoding starts with w = 65:
c [w = 65] Symmetry breaking highest degree node is applied.
c [w = 65] Encoding duration: 1009 ms.
c [w = 65] Number of clauses: 909137.
c [w = 65] Number of variables: 202000.
c [w = 65] SAT Solving starts:
c [w = 65] Solving duration: 10866 ms.
c [w = 65] Answer:
s [w = 65] SAT (w = 65).
c [w = 65] Solution check = 65.
c [w = 65] The solution is correct.
c [w = 65] Result: 10.
c [Main] Max width SAT is set to 65.
c [Main] Kill lower pid 64.
c [w = 64] Start task in PID: 13854.
c [w = 64] Cyclic Antibandwidth problem with w = 64 (caterpillar_25_10.txt):
c [w = 64] Initializing CaDiCaL (version 2.1.3).
c [w = 64] Configuring CaDiCaL as --sat (1).
c [w = 64] Encoding starts with w = 64:
c [w = 64] Symmetry breaking highest degree node is applied.
c [w = 64] Encoding duration: 993 ms.
c [w = 64] Number of clauses: 905887.
c [w = 64] Number of variables: 201000.
c [w = 64] SAT Solving starts:
c [Signal] Signal interruption. Caught signal: SIGTERM (15).
c [Main] Child pid 64 - 13854 terminated by signal 15.
c [w = 67] Start task in PID: 13857.
c [w = 67] Cyclic Antibandwidth problem with w = 67 (caterpillar_25_10.txt):
c [w = 67] Initializing CaDiCaL (version 2.1.3).
c [w = 67] Configuring CaDiCaL as --sat (1).
c [w = 67] Encoding starts with w = 67:
c [w = 67] Symmetry breaking highest degree node is applied.
c [w = 67] Encoding duration: 1006 ms.
c [w = 67] Number of clauses: 915637.
c [w = 67] Number of variables: 204000.
c [w = 67] SAT Solving starts:
c [w = 67] Solving duration: 11491 ms.
c [w = 67] Answer:
s [w = 67] SAT (w = 67).
c [w = 67] Solution check = 67.
c [w = 67] The solution is correct.
c [w = 67] Result: 10.
c [Main] Max width SAT is set to 67.
c [Main] Kill lower pid 66.
c [w = 66] Start task in PID: 13853.
c [w = 66] Cyclic Antibandwidth problem with w = 66 (caterpillar_25_10.txt):
c [w = 66] Initializing CaDiCaL (version 2.1.3).
c [w = 66] Configuring CaDiCaL as --sat (1).
c [w = 66] Encoding starts with w = 66:
c [w = 66] Symmetry breaking highest degree node is applied.
c [w = 66] Encoding duration: 1003 ms.
c [w = 66] Number of clauses: 912387.
c [w = 66] Number of variables: 203000.
c [w = 66] SAT Solving starts:
c [Signal] Signal interruption. Caught signal: SIGTERM (15).
c [Main] Child pid 66 - 13853 terminated by signal 15.
c [w = 94] Start task in PID: 13850.
c [w = 94] Cyclic Antibandwidth problem with w = 94 (caterpillar_25_10.txt):
c [w = 94] Initializing CaDiCaL (version 2.1.3).
c [w = 94] Configuring CaDiCaL as --sat (1).
c [w = 94] Encoding starts with w = 94:
c [w = 94] Symmetry breaking highest degree node is applied.
c [w = 94] Encoding duration: 1004 ms.
c [w = 94] Number of clauses: 934884.
c [w = 94] Number of variables: 208250.
c [w = 94] SAT Solving starts:
c [w = 94] Solving duration: 12525 ms.
c [w = 94] Answer:
s [w = 94] SAT (w = 94).
c [w = 94] Solution check = 94.
c [w = 94] The solution is correct.
c [w = 94] Result: 10.
c [w = 71] Start task in PID: 13861.
c [w = 71] Cyclic Antibandwidth problem with w = 71 (caterpillar_25_10.txt):
c [w = 71] Initializing CaDiCaL (version 2.1.3).
c [w = 71] Configuring CaDiCaL as --sat (1).
c [w = 71] Encoding starts with w = 71:
c [w = 71] Symmetry breaking highest degree node is applied.
c [w = 71] Encoding duration: 958 ms.
c [w = 71] Number of clauses: 928637.
c [w = 71] Number of variables: 208000.
c [w = 71] SAT Solving starts:
c [Signal] Signal interruption. Caught signal: SIGTERM (15).
c [w = 72] Start task in PID: 13860.
c [w = 72] Cyclic Antibandwidth problem with w = 72 (caterpillar_25_10.txt):
c [w = 72] Initializing CaDiCaL (version 2.1.3).
c [w = 72] Configuring CaDiCaL as --sat (1).
c [w = 72] Encoding starts with w = 72:
c [w = 72] Symmetry breaking highest degree node is applied.
c [w = 72] Encoding duration: 973 ms.
c [w = 72] Number of clauses: 931887.
c [w = 72] Number of variables: 209000.
c [w = 72] SAT Solving starts:
c [Signal] Signal interruption. Caught signal: SIGTERM (15).
c [w = 74] Start task in PID: 13859.
c [w = 74] Cyclic Antibandwidth problem with w = 74 (caterpillar_25_10.txt):
c [w = 74] Initializing CaDiCaL (version 2.1.3).
c [w = 74] Configuring CaDiCaL as --sat (1).
c [w = 74] Encoding starts with w = 74:
c [w = 74] Symmetry breaking highest degree node is applied.
c [w = 74] Encoding duration: 982 ms.
c [w = 74] Number of clauses: 938387.
c [w = 74] Number of variables: 211000.
c [w = 74] SAT Solving starts:
c [Signal] Signal interruption. Caught signal: SIGTERM (15).
c [w = 70] Start task in PID: 13852.
c [w = 70] Cyclic Antibandwidth problem with w = 70 (caterpillar_25_10.txt):
c [w = 70] Initializing CaDiCaL (version 2.1.3).
c [w = 70] Configuring CaDiCaL as --sat (1).
c [w = 70] Encoding starts with w = 70:
c [w = 70] Symmetry breaking highest degree node is applied.
c [w = 70] Encoding duration: 1012 ms.
c [w = 70] Number of clauses: 925387.
c [w = 70] Number of variables: 207000.
c [w = 70] SAT Solving starts:
c [Signal] Signal interruption. Caught signal: SIGTERM (15).
c [w = 69] Start task in PID: 13858.
c [w = 69] Cyclic Antibandwidth problem with w = 69 (caterpillar_25_10.txt):
c [w = 69] Initializing CaDiCaL (version 2.1.3).
c [w = 69] Configuring CaDiCaL as --sat (1).
c [w = 69] Encoding starts with w = 69:
c [w = 69] Symmetry breaking highest degree node is applied.
c [w = 69] Encoding duration: 935 ms.
c [w = 69] Number of clauses: 922137.
c [w = 69] Number of variables: 206000.
c [w = 69] SAT Solving starts:
c [Signal] Signal interruption. Caught signal: SIGTERM (15).
c [Main] Max width SAT is set to 94.
c [Main] Kill lower pid 71.
c [Main] Kill lower pid 72.
c [Main] Kill lower pid 74.
c [Main] Kill lower pid 69.
c [Main] Kill lower pid 70.
c [Main] Kill lower pid 68.
c [Main] Kill lower pid 78.
c [w = 68] Start task in PID: 13856.
c [w = 68] Cyclic Antibandwidth problem with w = 68 (caterpillar_25_10.txt):
c [w = 68] Initializing CaDiCaL (version 2.1.3).
c [w = 68] Configuring CaDiCaL as --sat (1).
c [w = 68] Encoding starts with w = 68:
c [w = 68] Symmetry breaking highest degree node is applied.
c [w = 68] Encoding duration: 1006 ms.
c [w = 68] Number of clauses: 918887.
c [w = 68] Number of variables: 205000.
c [w = 68] SAT Solving starts:
c [Signal] Signal interruption. Caught signal: SIGTERM (15).
c [w = 78] Start task in PID: 13851.
c [w = 78] Cyclic Antibandwidth problem with w = 78 (caterpillar_25_10.txt):
c [w = 78] Initializing CaDiCaL (version 2.1.3).
c [w = 78] Configuring CaDiCaL as --sat (1).
c [w = 78] Encoding starts with w = 78:
c [w = 78] Symmetry breaking highest degree node is applied.
c [w = 78] Encoding duration: 1056 ms.
c [w = 78] Number of clauses: 951387.
c [w = 78] Number of variables: 215000.
c [w = 78] SAT Solving starts:
c [Signal] Signal interruption. Caught signal: SIGTERM (15).
c [Main] Child pid 74 - 13859 terminated by signal 15.
c [Main] Child pid 69 - 13858 terminated by signal 15.
c [Main] Child pid 71 - 13861 terminated by signal 15.
c [Main] Child pid 72 - 13860 terminated by signal 15.
c [Main] Child pid 78 - 13851 terminated by signal 15.
e [Pid] Unable to open /proc/13851/status
c [Main] Child pid 70 - 13852 terminated by signal 15.
c [Main] Child pid 68 - 13856 terminated by signal 15.
c [w = 98] Start task in PID: 13864.
c [w = 98] Cyclic Antibandwidth problem with w = 98 (caterpillar_25_10.txt):
c [w = 98] Initializing CaDiCaL (version 2.1.3).
c [w = 98] Configuring CaDiCaL as --sat (1).
c [w = 98] Encoding starts with w = 98:
c [w = 98] Symmetry breaking highest degree node is applied.
c [w = 98] Encoding duration: 1037 ms.
c [w = 98] Number of clauses: 944884.
c [w = 98] Number of variables: 211250.
c [w = 98] SAT Solving starts:
c [w = 98] Solving duration: 12096 ms.
c [w = 98] Answer:
s [w = 98] SAT (w = 98).
c [w = 98] Solution check = 98.
c [w = 98] The solution is correct.
c [w = 98] Result: 10.
c [Main] Max width SAT is set to 98.
c [Main] Kill lower pid 95.
c [Main] Kill lower pid 97.
c [Main] Kill lower pid 96.
c [w = 95] Start task in PID: 13866.
c [w = 95] Cyclic Antibandwidth problem with w = 95 (caterpillar_25_10.txt):
c [w = 95] Initializing CaDiCaL (version 2.1.3).
c [w = 95] Configuring CaDiCaL as --sat (1).
c [w = 95] Encoding starts with w = 95:
c [w = 95] Symmetry breaking highest degree node is applied.
c [w = 95] Encoding duration: 1027 ms.
c [w = 95] Number of clauses: 937384.
c [w = 95] Number of variables: 209000.
c [w = 95] SAT Solving starts:
c [Signal] Signal interruption. Caught signal: SIGTERM (15).
c [w = 97] Start task in PID: 13867.
c [w = 97] Cyclic Antibandwidth problem with w = 97 (caterpillar_25_10.txt):
c [w = 97] Initializing CaDiCaL (version 2.1.3).
c [w = 97] Configuring CaDiCaL as --sat (1).
c [w = 97] Encoding starts with w = 97:
c [w = 97] Symmetry breaking highest degree node is applied.
c [w = 97] Encoding duration: 1045 ms.
c [w = 97] Number of clauses: 942384.
c [w = 97] Number of variables: 210500.
c [w = 97] SAT Solving starts:
c [Signal] Signal interruption. Caught signal: SIGTERM (15).
c [w = 96] Start task in PID: 13865.
c [w = 96] Cyclic Antibandwidth problem with w = 96 (caterpillar_25_10.txt):
c [w = 96] Initializing CaDiCaL (version 2.1.3).
c [w = 96] Configuring CaDiCaL as --sat (1).
c [w = 96] Encoding starts with w = 96:
c [w = 96] Symmetry breaking highest degree node is applied.
c [w = 96] Encoding duration: 1037 ms.
c [w = 96] Number of clauses: 939884.
c [w = 96] Number of variables: 209750.
c [w = 96] SAT Solving starts:
c [Signal] Signal interruption. Caught signal: SIGTERM (15).
c [Main] Child pid 95 - 13866 terminated by signal 15.
c [Main] Child pid 97 - 13867 terminated by signal 15.
c [Main] Child pid 96 - 13865 terminated by signal 15.
c [w = 99] Start task in PID: 13869.
c [w = 99] Cyclic Antibandwidth problem with w = 99 (caterpillar_25_10.txt):
c [w = 99] Initializing CaDiCaL (version 2.1.3).
c [w = 99] Configuring CaDiCaL as --sat (1).
c [w = 99] Encoding starts with w = 99:
c [w = 99] Symmetry breaking highest degree node is applied.
c [w = 99] Encoding duration: 1037 ms.
c [w = 99] Number of clauses: 947384.
c [w = 99] Number of variables: 212000.
c [w = 99] SAT Solving starts:
c [w = 99] Solving duration: 32278 ms.
c [w = 99] Answer:
s [w = 99] SAT (w = 99).
c [w = 99] Solution check = 99.
c [w = 99] The solution is correct.
c [w = 99] Result: 10.
c [Main] Max width SAT is set to 99.
c [w = 106] Start task in PID: 13871.
c [w = 106] Cyclic Antibandwidth problem with w = 106 (caterpillar_25_10.txt):
c [w = 106] Initializing CaDiCaL (version 2.1.3).
c [w = 106] Configuring CaDiCaL as --sat (1).
c [w = 106] Encoding starts with w = 106:
c [w = 106] Symmetry breaking highest degree node is applied.
c [w = 106] Encoding duration: 1046 ms.
c [w = 106] Number of clauses: 964884.
c [w = 106] Number of variables: 217250.
c [w = 106] SAT Solving starts:
c [w = 106] Solving duration: 25119 ms.
c [w = 106] Answer:
s [w = 106] SAT (w = 106).
c [w = 106] Solution check = 106.
c [w = 106] The solution is correct.
c [w = 106] Result: 10.
c [w = 103] Start task in PID: 13873.
c [w = 103] Cyclic Antibandwidth problem with w = 103 (caterpillar_25_10.txt):
c [w = 103] Initializing CaDiCaL (version 2.1.3).
c [w = 103] Configuring CaDiCaL as --sat (1).
c [w = 103] Encoding starts with w = 103:
c [w = 103] Symmetry breaking highest degree node is applied.
c [w = 103] Encoding duration: 991 ms.
c [w = 103] Number of clauses: 957384.
c [w = 103] Number of variables: 215000.
c [w = 103] SAT Solving starts:
c [Signal] Signal interruption. Caught signal: SIGTERM (15).
c [w = 105] Start task in PID: 13874.
c [w = 105] Cyclic Antibandwidth problem with w = 105 (caterpillar_25_10.txt):
c [w = 105] Initializing CaDiCaL (version 2.1.3).
c [w = 105] Configuring CaDiCaL as --sat (1).
c [w = 105] Encoding starts with w = 105:
c [w = 105] Symmetry breaking highest degree node is applied.
c [w = 105] Encoding duration: 969 ms.
c [w = 105] Number of clauses: 962384.
c [w = 105] Number of variables: 216500.
c [w = 105] SAT Solving starts:
c [Signal] Signal interruption. Caught signal: SIGTERM (15).
c [w = 101] Start task in PID: 13870.
c [w = 101] Cyclic Antibandwidth problem with w = 101 (caterpillar_25_10.txt):
c [w = 101] Initializing CaDiCaL (version 2.1.3).
c [w = 101] Configuring CaDiCaL as --sat (1).
c [w = 101] Encoding starts with w = 101:
c [w = 101] Symmetry breaking highest degree node is applied.
c [w = 101] Encoding duration: 1033 ms.
c [w = 101] Number of clauses: 952384.
c [w = 101] Number of variables: 213500.
c [w = 101] SAT Solving starts:
c [Signal] Signal interruption. Caught signal: SIGTERM (15).
c [Main] Max width SAT is set to 106.
c [Main] Kill lower pid 105.
c [Main] Kill lower pid 103.
c [Main] Kill lower pid 104.
c [Main] Kill lower pid 101.
c [Main] Kill lower pid 100.
c [Main] Kill lower pid 102.
c [w = 104] Start task in PID: 13872.
c [w = 104] Cyclic Antibandwidth problem with w = 104 (caterpillar_25_10.txt):
c [w = 104] Initializing CaDiCaL (version 2.1.3).
c [w = 104] Configuring CaDiCaL as --sat (1).
c [w = 104] Encoding starts with w = 104:
c [w = 104] Symmetry breaking highest degree node is applied.
c [w = 104] Encoding duration: 997 ms.
c [w = 104] Number of clauses: 959884.
c [w = 104] Number of variables: 215750.
c [w = 104] SAT Solving starts:
c [Signal] Signal interruption. Caught signal: SIGTERM (15).
c [w = 100] Start task in PID: 13868.
c [w = 100] Cyclic Antibandwidth problem with w = 100 (caterpillar_25_10.txt):
c [w = 100] Initializing CaDiCaL (version 2.1.3).
c [w = 100] Configuring CaDiCaL as --sat (1).
c [w = 100] Encoding starts with w = 100:
c [w = 100] Symmetry breaking highest degree node is applied.
c [w = 100] Encoding duration: 1036 ms.
c [w = 100] Number of clauses: 949884.
c [w = 100] Number of variables: 212750.
c [w = 100] SAT Solving starts:
c [Signal] Signal interruption. Caught signal: SIGTERM (15).
c [w = 102] Start task in PID: 13863.
c [w = 102] Cyclic Antibandwidth problem with w = 102 (caterpillar_25_10.txt):
c [w = 102] Initializing CaDiCaL (version 2.1.3).
c [w = 102] Configuring CaDiCaL as --sat (1).
c [w = 102] Encoding starts with w = 102:
c [w = 102] Symmetry breaking highest degree node is applied.
c [w = 102] Encoding duration: 1063 ms.
c [w = 102] Number of clauses: 954884.
c [w = 102] Number of variables: 214250.
c [w = 102] SAT Solving starts:
c [Signal] Signal interruption. Caught signal: SIGTERM (15).
c [Main] Child pid 105 - 13874 terminated by signal 15.
c [Main] Child pid 104 - 13872 terminated by signal 15.
c [Main] Child pid 100 - 13868 terminated by signal 15.
c [Main] Child pid 102 - 13863 terminated by signal 15.
c [Main] Child pid 101 - 13870 terminated by signal 15.
c [Main] Child pid 103 - 13873 terminated by signal 15.
c [w = 107] Start task in PID: 13876.
c [w = 107] Cyclic Antibandwidth problem with w = 107 (caterpillar_25_10.txt):
c [w = 107] Initializing CaDiCaL (version 2.1.3).
c [w = 107] Configuring CaDiCaL as --sat (1).
c [w = 107] Encoding starts with w = 107:
c [w = 107] Symmetry breaking highest degree node is applied.
c [w = 107] Encoding duration: 1080 ms.
c [w = 107] Number of clauses: 967384.
c [w = 107] Number of variables: 218000.
c [w = 107] SAT Solving starts:
c [w = 107] Solving duration: 12968 ms.
c [w = 107] Answer:
s [w = 107] SAT (w = 107).
c [w = 107] Solution check = 107.
c [w = 107] The solution is correct.
c [w = 107] Result: 10.
c [Main] Max width SAT is set to 107.
c [w = 110] Start task in PID: 13862.
c [w = 110] Cyclic Antibandwidth problem with w = 110 (caterpillar_25_10.txt):
c [w = 110] Initializing CaDiCaL (version 2.1.3).
c [w = 110] Configuring CaDiCaL as --sat (1).
c [w = 110] Encoding starts with w = 110:
c [w = 110] Symmetry breaking highest degree node is applied.
c [w = 110] Encoding duration: 1080 ms.
c [w = 110] Number of clauses: 974884.
c [w = 110] Number of variables: 220250.
c [w = 110] SAT Solving starts:
c [w = 110] Solving duration: 66812 ms.
c [w = 110] Answer:
s [w = 110] SAT (w = 110).
c [w = 110] Solution check = 110.
c [w = 110] The solution is correct.
c [w = 110] Result: 10.
c [Main] Max width SAT is set to 110.
c [Main] Kill lower pid 109.
c [Main] Kill lower pid 108.
c [w = 109] Start task in PID: 13877.
c [w = 109] Cyclic Antibandwidth problem with w = 109 (caterpillar_25_10.txt):
c [w = 109] Initializing CaDiCaL (version 2.1.3).
c [w = 109] Configuring CaDiCaL as --sat (1).
c [w = 109] Encoding starts with w = 109:
c [w = 109] Symmetry breaking highest degree node is applied.
c [w = 109] Encoding duration: 1079 ms.
c [w = 109] Number of clauses: 972384.
c [w = 109] Number of variables: 219500.
c [w = 109] SAT Solving starts:
c [Signal] Signal interruption. Caught signal: SIGTERM (15).
c [w = 108] Start task in PID: 13875.
c [w = 108] Cyclic Antibandwidth problem with w = 108 (caterpillar_25_10.txt):
c [w = 108] Initializing CaDiCaL (version 2.1.3).
c [w = 108] Configuring CaDiCaL as --sat (1).
c [w = 108] Encoding starts with w = 108:
c [w = 108] Symmetry breaking highest degree node is applied.
c [w = 108] Encoding duration: 1062 ms.
c [w = 108] Number of clauses: 969884.
c [w = 108] Number of variables: 218750.
c [w = 108] SAT Solving starts:
c [Signal] Signal interruption. Caught signal: SIGTERM (15).
c [Main] Child pid 109 - 13877 terminated by signal 15.
c [Main] Child pid 108 - 13875 terminated by signal 15.
c [w = 112] Start task in PID: 13880.
c [w = 112] Cyclic Antibandwidth problem with w = 112 (caterpillar_25_10.txt):
c [w = 112] Initializing CaDiCaL (version 2.1.3).
c [w = 112] Configuring CaDiCaL as --sat (1).
c [w = 112] Encoding starts with w = 112:
c [w = 112] Symmetry breaking highest degree node is applied.
c [w = 112] Encoding duration: 1069 ms.
c [w = 112] Number of clauses: 979884.
c [w = 112] Number of variables: 221750.
c [w = 112] SAT Solving starts:
c [w = 112] Solving duration: 31571 ms.
c [w = 112] Answer:
s [w = 112] SAT (w = 112).
c [w = 112] Solution check = 112.
c [w = 112] The solution is correct.
c [w = 112] Result: 10.
c [Main] Max width SAT is set to 112.
c [Main] Kill lower pid 111.
c [w = 111] Start task in PID: 13881.
c [w = 111] Cyclic Antibandwidth problem with w = 111 (caterpillar_25_10.txt):
c [w = 111] Initializing CaDiCaL (version 2.1.3).
c [w = 111] Configuring CaDiCaL as --sat (1).
c [w = 111] Encoding starts with w = 111:
c [w = 111] Symmetry breaking highest degree node is applied.
c [w = 111] Encoding duration: 1066 ms.
c [w = 111] Number of clauses: 977384.
c [w = 111] Number of variables: 221000.
c [w = 111] SAT Solving starts:
c [Signal] Signal interruption. Caught signal: SIGTERM (15).
c [Main] Child pid 111 - 13881 terminated by signal 15.
c [w = 118] Start task in PID: 13878.
c [w = 118] Cyclic Antibandwidth problem with w = 118 (caterpillar_25_10.txt):
c [w = 118] Initializing CaDiCaL (version 2.1.3).
c [w = 118] Configuring CaDiCaL as --sat (1).
c [w = 118] Encoding starts with w = 118:
c [w = 118] Symmetry breaking highest degree node is applied.
c [w = 118] Encoding duration: 1081 ms.
c [w = 118] Number of clauses: 994884.
c [w = 118] Number of variables: 226250.
c [w = 118] SAT Solving starts:
c [w = 118] Solving duration: 44185 ms.
c [w = 118] Answer:
s [w = 118] SAT (w = 118).
c [w = 118] Solution check = 118.
c [w = 118] The solution is correct.
c [w = 118] Result: 10.
c [w = 115] Start task in PID: 13884.
c [w = 115] Cyclic Antibandwidth problem with w = 115 (caterpillar_25_10.txt):
c [w = 115] Initializing CaDiCaL (version 2.1.3).
c [w = 115] Configuring CaDiCaL as --sat (1).
c [w = 115] Encoding starts with w = 115:
c [w = 115] Symmetry breaking highest degree node is applied.
c [w = 115] Encoding duration: 988 ms.
c [w = 115] Number of clauses: 987384.
c [w = 115] Number of variables: 224000.
c [w = 115] SAT Solving starts:
c [Signal] Signal interruption. Caught signal: SIGTERM (15).
c [w = 117] Start task in PID: 13885.
c [w = 117] Cyclic Antibandwidth problem with w = 117 (caterpillar_25_10.txt):
c [w = 117] Initializing CaDiCaL (version 2.1.3).
c [w = 117] Configuring CaDiCaL as --sat (1).
c [w = 117] Encoding starts with w = 117:
c [w = 117] Symmetry breaking highest degree node is applied.
c [w = 117] Encoding duration: 999 ms.
c [w = 117] Number of clauses: 992384.
c [w = 117] Number of variables: 225500.
c [w = 117] SAT Solving starts:
c [Signal] Signal interruption. Caught signal: SIGTERM (15).
c [Main] Max width SAT is set to 118.
c [Main] Kill lower pid 117.
c [Main] Kill lower pid 115.
c [Main] Kill lower pid 116.
c [Main] Kill lower pid 113.
c [Main] Kill lower pid 114.
c [w = 116] Start task in PID: 13883.
c [w = 116] Cyclic Antibandwidth problem with w = 116 (caterpillar_25_10.txt):
c [w = 116] Initializing CaDiCaL (version 2.1.3).
c [w = 116] Configuring CaDiCaL as --sat (1).
c [w = 116] Encoding starts with w = 116:
c [w = 116] Symmetry breaking highest degree node is applied.
c [w = 116] Encoding duration: 1002 ms.
c [w = 116] Number of clauses: 989884.
c [w = 116] Number of variables: 224750.
c [w = 116] SAT Solving starts:
c [Signal] Signal interruption. Caught signal: SIGTERM (15).
c [w = 113] Start task in PID: 13882.
c [w = 113] Cyclic Antibandwidth problem with w = 113 (caterpillar_25_10.txt):
c [w = 113] Initializing CaDiCaL (version 2.1.3).
c [w = 113] Configuring CaDiCaL as --sat (1).
c [w = 113] Encoding starts with w = 113:
c [w = 113] Symmetry breaking highest degree node is applied.
c [w = 113] Encoding duration: 954 ms.
c [w = 113] Number of clauses: 982384.
c [w = 113] Number of variables: 222500.
c [w = 113] SAT Solving starts:
c [Signal] Signal interruption. Caught signal: SIGTERM (15).
c [w = 114] Start task in PID: 13879.
c [w = 114] Cyclic Antibandwidth problem with w = 114 (caterpillar_25_10.txt):
c [w = 114] Initializing CaDiCaL (version 2.1.3).
c [w = 114] Configuring CaDiCaL as --sat (1).
c [w = 114] Encoding starts with w = 114:
c [w = 114] Symmetry breaking highest degree node is applied.
c [w = 114] Encoding duration: 1072 ms.
c [w = 114] Number of clauses: 984884.
c [w = 114] Number of variables: 223250.
c [w = 114] SAT Solving starts:
c [Signal] Signal interruption. Caught signal: SIGTERM (15).
c [Main] Child pid 116 - 13883 terminated by signal 15.
c [Main] Child pid 115 - 13884 terminated by signal 15.
c [Main] Child pid 117 - 13885 terminated by signal 15.
c [Main] Child pid 114 - 13879 terminated by signal 15.
c [Main] Child pid 113 - 13882 terminated by signal 15.
c [w = 125] Start task in PID: 13892.
c [w = 125] Cyclic Antibandwidth problem with w = 125 (caterpillar_25_10.txt):
c [w = 125] Initializing CaDiCaL (version 2.1.3).
c [w = 125] Configuring CaDiCaL as --sat (1).
c [w = 125] Encoding starts with w = 125:
c [w = 125] Symmetry breaking highest degree node is applied.
c [w = 125] Encoding duration: 867 ms.
c [w = 125] Number of clauses: 920881.
c [w = 125] Number of variables: 201000.
c [w = 125] SAT Solving starts:
c [w = 125] Solving duration: 5 ms.
c [w = 125] Answer:
s [w = 125] UNSAT (w = 125).
c [w = 125] Result: 20.
c [Main] Min width UNSAT is set to 125
c [w = 124] Start task in PID: 13890.
c [w = 124] Cyclic Antibandwidth problem with w = 124 (caterpillar_25_10.txt):
c [w = 124] Initializing CaDiCaL (version 2.1.3).
c [w = 124] Configuring CaDiCaL as --sat (1).
c [w = 124] Encoding starts with w = 124:
c [w = 124] Symmetry breaking highest degree node is applied.
c [w = 124] Encoding duration: 1101 ms.
c [w = 124] Number of clauses: 1009884.
c [w = 124] Number of variables: 230750.
c [w = 124] SAT Solving starts:
c [w = 124] Solving duration: 4177 ms.
c [w = 124] Answer:
s [w = 124] UNSAT (w = 124).
c [w = 124] Result: 20.
c [Main] Min width UNSAT is set to 124
c [w = 120] Start task in PID: 13887.
c [w = 120] Cyclic Antibandwidth problem with w = 120 (caterpillar_25_10.txt):
c [w = 120] Initializing CaDiCaL (version 2.1.3).
c [w = 120] Configuring CaDiCaL as --sat (1).
c [w = 120] Encoding starts with w = 120:
c [w = 120] Symmetry breaking highest degree node is applied.
c [w = 120] Encoding duration: 1024 ms.
c [w = 120] Number of clauses: 999884.
c [w = 120] Number of variables: 227750.
c [w = 120] SAT Solving starts:
c [w = 120] Solving duration: 183558 ms.
c [w = 120] Answer:
s [w = 120] SAT (w = 120).
c [w = 120] Solution check = 120.
c [w = 120] The solution is correct.
c [w = 120] Result: 10.
c [Main] Max width SAT is set to 120.
c [Main] Kill lower pid 119.
c [w = 119] Start task in PID: 13888.
c [w = 119] Cyclic Antibandwidth problem with w = 119 (caterpillar_25_10.txt):
c [w = 119] Initializing CaDiCaL (version 2.1.3).
c [w = 119] Configuring CaDiCaL as --sat (1).
c [w = 119] Encoding starts with w = 119:
c [w = 119] Symmetry breaking highest degree node is applied.
c [w = 119] Encoding duration: 1107 ms.
c [w = 119] Number of clauses: 997384.
c [w = 119] Number of variables: 227000.
c [w = 119] SAT Solving starts:
c [Signal] Signal interruption. Caught signal: SIGTERM (15).
c [Main] Child pid 119 - 13888 terminated by signal 15.
c [w = 123] Start task in PID: 13891.
c [w = 123] Cyclic Antibandwidth problem with w = 123 (caterpillar_25_10.txt):
c [w = 123] Initializing CaDiCaL (version 2.1.3).
c [w = 123] Configuring CaDiCaL as --sat (1).
c [w = 123] Encoding starts with w = 123:
c [w = 123] Symmetry breaking highest degree node is applied.
c [w = 123] Encoding duration: 1102 ms.
c [w = 123] Number of clauses: 1007384.
c [w = 123] Number of variables: 230000.
c [w = 123] SAT Solving starts:
c [Signal] Signal interruption. Caught signal: SIGTERM (15).
c [w = 121] Start task in PID: 13889.
c [w = 121] Cyclic Antibandwidth problem with w = 121 (caterpillar_25_10.txt):
c [w = 121] Initializing CaDiCaL (version 2.1.3).
c [w = 121] Configuring CaDiCaL as --sat (1).
c [w = 121] Encoding starts with w = 121:
c [w = 121] Symmetry breaking highest degree node is applied.
c [w = 121] Encoding duration: 1112 ms.
c [w = 121] Number of clauses: 1002384.
c [w = 121] Number of variables: 228500.
c [w = 121] SAT Solving starts:
c [Signal] Signal interruption. Caught signal: SIGTERM (15).
c [w = 122] Start task in PID: 13886.
c [w = 122] Cyclic Antibandwidth problem with w = 122 (caterpillar_25_10.txt):
c [w = 122] Initializing CaDiCaL (version 2.1.3).
c [w = 122] Configuring CaDiCaL as --sat (1).
c [w = 122] Encoding starts with w = 122:
c [w = 122] Symmetry breaking highest degree node is applied.
c [w = 122] Encoding duration: 1051 ms.
c [w = 122] Number of clauses: 1004884.
c [w = 122] Number of variables: 229250.
c [w = 122] SAT Solving starts:
c [Signal] Signal interruption. Caught signal: SIGTERM (15).
c [Main] Lim pid ends with result: 254.
c [Main] All children have completed.
r [Main] 
r [Main] Final results: 
r [Main] Max width SAT:  	120.
r [Main] Min width UNSAT:	124.
r [Main] Total real time: 1807710 ms.
r [Main] Total memory consumed: 2556.2 MB.
r [Main] 
