c [Version] Cyclic Bandwidth Encoder version 1.0.0.
c [Param] Real time limit is set to 1800.
c [Param] Memory limit is set to 30000.
c [Param] Worker count is set to 8.
c [Main] Encoding and solving for graph: caterpillar_15_6.txt.
c [Main] Search strategy: Binary search from lower bound.
c [Main] No predefined lower bound is found for caterpillar_15_6.txt.
c [Main] LB-w = 2 (default value).
c [Main] No predefined upper bound is found for caterpillar_15_6.txt.
c [Main] UB-w = 45 (default value calculated as n/2).
c [Main] Search order: 23 12 6 3 2 4 5 9 7 8 10 11 17 14 13 15 16 20 18 19 21 22 34 28 25 24 26 27 31 29 30 32 33 40 37 35 36 38 39 43 41 42 44 45.
c [w = 4] Start task in PID: 12377.
c [w = 4] Cyclic Antibandwidth problem with w = 4 (caterpillar_15_6.txt):
c [w = 4] Initializing CaDiCaL (version 2.1.3).
c [w = 4] Configuring CaDiCaL as --sat (1).
c [w = 4] Encoding starts with w = 4:
c [w = 4] Symmetry breaking highest degree node is applied.
c [w = 4] Encoding duration: 118 ms.
c [w = 4] Number of clauses: 118014.
c [w = 4] Number of variables: 21330.
c [w = 4] SAT Solving starts:
c [w = 4] Solving duration: 21 ms.
c [w = 4] Answer:
s [w = 4] SAT (w = 4).
c [w = 4] Solution check = 4.
c [w = 4] The solution is correct.
c [w = 4] Result: 10.
c [Main] Max width SAT is set to 4.
c [Main] Kill lower pid 2.
c [Main] Kill lower pid 3.
c [w = 2] Start task in PID: 12376.
c [w = 2] Cyclic Antibandwidth problem with w = 2 (caterpillar_15_6.txt):
c [w = 2] Initializing CaDiCaL (version 2.1.3).
c [w = 2] Configuring CaDiCaL as --sat (1).
c [w = 2] Encoding starts with w = 2:
c [w = 2] Symmetry breaking highest degree node is applied.
c [w = 2] Encoding duration: 146 ms.
c [w = 2] Number of clauses: 161910.
c [w = 2] Number of variables: 15210.
c [w = 2] SAT Solving starts:
c [w = 2] Solving duration: 5 ms.
c [w = 2] Answer:
s [w = 2] SAT (w = 2).
c [w = 2] Solution check = 2.
c [w = 2] The solution is correct.
c [Signal] Signal interruption. Caught signal: SIGTERM (15).
c [w = 3] Start task in PID: 12375.
c [w = 3] Cyclic Antibandwidth problem with w = 3 (caterpillar_15_6.txt):
c [w = 3] Initializing CaDiCaL (version 2.1.3).
c [w = 3] Configuring CaDiCaL as --sat (1).
c [w = 3] Encoding starts with w = 3:
c [w = 3] Symmetry breaking highest degree node is applied.
c [w = 3] Encoding duration: 122 ms.
c [w = 3] Number of clauses: 126855.
c [w = 3] Number of variables: 19260.
c [w = 3] SAT Solving starts:
c [w = 3] Solving duration: 27 ms.
c [w = 3] Answer:
s [w = 3] SAT (w = 3).
c [w = 3] Solution check = 3.
c [w = 3] The solution is correct.
c [Signal] Signal interruption. Caught signal: SIGTERM (15).
c [w = 5] Start task in PID: 12378.
c [w = 5] Cyclic Antibandwidth problem with w = 5 (caterpillar_15_6.txt):
c [w = 5] Initializing CaDiCaL (version 2.1.3).
c [w = 5] Configuring CaDiCaL as --sat (1).
c [w = 5] Encoding starts with w = 5:
c [w = 5] Symmetry breaking highest degree node is applied.
c [w = 5] Encoding duration: 116 ms.
c [w = 5] Number of clauses: 113499.
c [w = 5] Number of variables: 22500.
c [w = 5] SAT Solving starts:
c [w = 5] Solving duration: 28 ms.
c [w = 5] Answer:
s [w = 5] SAT (w = 5).
c [w = 5] Solution check = 5.
c [w = 5] The solution is correct.
c [w = 5] Result: 10.
c [Main] Child pid 3 - 12375 terminated by signal 15.
c [Main] Child pid 2 - 12376 terminated by signal 15.
c [Main] Max width SAT is set to 5.
c [w = 6] Start task in PID: 12374.
c [w = 6] Cyclic Antibandwidth problem with w = 6 (caterpillar_15_6.txt):
c [w = 6] Initializing CaDiCaL (version 2.1.3).
c [w = 6] Configuring CaDiCaL as --sat (1).
c [w = 6] Encoding starts with w = 6:
c [w = 6] Symmetry breaking highest degree node is applied.
c [w = 6] Encoding duration: 123 ms.
c [w = 6] Number of clauses: 112230.
c [w = 6] Number of variables: 23310.
c [w = 6] SAT Solving starts:
c [w = 6] Solving duration: 32 ms.
c [w = 6] Answer:
s [w = 6] SAT (w = 6).
c [w = 6] Solution check = 6.
c [w = 6] The solution is correct.
c [w = 6] Result: 10.
c [Main] Max width SAT is set to 6.
c [w = 9] Start task in PID: 12379.
c [w = 9] Cyclic Antibandwidth problem with w = 9 (caterpillar_15_6.txt):
c [w = 9] Initializing CaDiCaL (version 2.1.3).
c [w = 9] Configuring CaDiCaL as --sat (1).
c [w = 9] Encoding starts with w = 9:
c [w = 9] Symmetry breaking highest degree node is applied.
c [w = 9] Encoding duration: 121 ms.
c [w = 9] Number of clauses: 112035.
c [w = 9] Number of variables: 24660.
c [w = 9] SAT Solving starts:
c [w = 9] Solving duration: 69 ms.
c [w = 9] Answer:
s [w = 9] SAT (w = 9).
c [w = 9] Solution check = 9.
c [w = 9] The solution is correct.
c [w = 9] Result: 10.
c [Main] Max width SAT is set to 9.
c [Main] Kill lower pid 8.
c [Main] Kill lower pid 7.
c [w = 8] Start task in PID: 12381.
c [w = 8] Cyclic Antibandwidth problem with w = 8 (caterpillar_15_6.txt):
c [w = 8] Initializing CaDiCaL (version 2.1.3).
c [w = 8] Configuring CaDiCaL as --sat (1).
c [w = 8] Encoding starts with w = 8:
c [w = 8] Symmetry breaking highest degree node is applied.
c [Signal] Signal interruption. Caught signal: SIGTERM (15).
c [w = 7] Start task in PID: 12380.
c [w = 7] Cyclic Antibandwidth problem with w = 7 (caterpillar_15_6.txt):
c [w = 7] Initializing CaDiCaL (version 2.1.3).
c [w = 7] Configuring CaDiCaL as --sat (1).
c [w = 7] Encoding starts with w = 7:
c [w = 7] Symmetry breaking highest degree node is applied.
c [Signal] Signal interruption. Caught signal: SIGTERM (15).
c [Main] Child pid 8 - 12381 terminated by signal 15.
c [Main] Child pid 7 - 12380 terminated by signal 15.
c [w = 12] Start task in PID: 12373.
c [w = 12] Cyclic Antibandwidth problem with w = 12 (caterpillar_15_6.txt):
c [w = 12] Initializing CaDiCaL (version 2.1.3).
c [w = 12] Configuring CaDiCaL as --sat (1).
c [w = 12] Encoding starts with w = 12:
c [w = 12] Symmetry breaking highest degree node is applied.
c [w = 12] Encoding duration: 124 ms.
c [w = 12] Number of clauses: 114369.
c [w = 12] Number of variables: 25740.
c [w = 12] SAT Solving starts:
c [w = 12] Solving duration: 155 ms.
c [w = 12] Answer:
s [w = 12] SAT (w = 12).
c [w = 12] Solution check = 12.
c [w = 12] The solution is correct.
c [w = 12] Result: 10.
c [Main] Max width SAT is set to 12.
c [Main] Kill lower pid 11.
c [Main] Kill lower pid 10.
c [w = 11] Start task in PID: 12383.
c [w = 11] Cyclic Antibandwidth problem with w = 11 (caterpillar_15_6.txt):
c [w = 11] Initializing CaDiCaL (version 2.1.3).
c [w = 11] Configuring CaDiCaL as --sat (1).
c [w = 11] Encoding starts with w = 11:
c [w = 11] Symmetry breaking highest degree node is applied.
c [w = 11] Encoding duration: 117 ms.
c [w = 11] Number of clauses: 114822.
c [w = 11] Number of variables: 25740.
c [w = 11] SAT Solving starts:
c [Signal] Signal interruption. Caught signal: SIGTERM (15).
c [w = 10] Start task in PID: 12382.
c [w = 10] Cyclic Antibandwidth problem with w = 10 (caterpillar_15_6.txt):
c [w = 10] Initializing CaDiCaL (version 2.1.3).
c [w = 10] Configuring CaDiCaL as --sat (1).
c [w = 10] Encoding starts with w = 10:
c [w = 10] Symmetry breaking highest degree node is applied.
c [w = 10] Encoding duration: 122 ms.
c [w = 10] Number of clauses: 112302.
c [w = 10] Number of variables: 24930.
c [w = 10] SAT Solving starts:
c [Signal] Signal interruption. Caught signal: SIGTERM (15).
c [Main] Child pid 10 - 12382 terminated by signal 15.
c [Main] Child pid 11 - 12383 terminated by signal 15.
c [w = 13] Start task in PID: 12386.
c [w = 13] Cyclic Antibandwidth problem with w = 13 (caterpillar_15_6.txt):
c [w = 13] Initializing CaDiCaL (version 2.1.3).
c [w = 13] Configuring CaDiCaL as --sat (1).
c [w = 13] Encoding starts with w = 13:
c [w = 13] Symmetry breaking highest degree node is applied.
c [w = 13] Encoding duration: 121 ms.
c [w = 13] Number of clauses: 113466.
c [w = 13] Number of variables: 25560.
c [w = 13] SAT Solving starts:
c [w = 13] Solving duration: 183 ms.
c [w = 13] Answer:
s [w = 13] SAT (w = 13).
c [w = 13] Solution check = 13.
c [w = 13] The solution is correct.
c [w = 13] Result: 10.
c [Main] Max width SAT is set to 13.
c [w = 17] Start task in PID: 12384.
c [w = 17] Cyclic Antibandwidth problem with w = 17 (caterpillar_15_6.txt):
c [w = 17] Initializing CaDiCaL (version 2.1.3).
c [w = 17] Configuring CaDiCaL as --sat (1).
c [w = 17] Encoding starts with w = 17:
c [w = 17] Symmetry breaking highest degree node is applied.
c [w = 17] Encoding duration: 127 ms.
c [w = 17] Number of clauses: 117243.
c [w = 17] Number of variables: 26820.
c [w = 17] SAT Solving starts:
c [w = 17] Solving duration: 272 ms.
c [w = 17] Answer:
s [w = 17] SAT (w = 17).
c [w = 17] Solution check = 17.
c [w = 17] The solution is correct.
c [w = 17] Result: 10.
c [Main] Max width SAT is set to 17.
c [Main] Kill lower pid 16.
c [Main] Kill lower pid 15.
c [Main] Kill lower pid 14.
c [w = 16] Start task in PID: 12388.
c [w = 16] Cyclic Antibandwidth problem with w = 16 (caterpillar_15_6.txt):
c [w = 16] Initializing CaDiCaL (version 2.1.3).
c [w = 16] Configuring CaDiCaL as --sat (1).
c [w = 16] Encoding starts with w = 16:
c [w = 16] Symmetry breaking highest degree node is applied.
c [w = 16] Encoding duration: 120 ms.
c [w = 16] Number of clauses: 115533.
c [w = 16] Number of variables: 26280.
c [w = 16] SAT Solving starts:
c [Signal] Signal interruption. Caught signal: SIGTERM (15).
c [w = 15] Start task in PID: 12387.
c [w = 15] Cyclic Antibandwidth problem with w = 15 (caterpillar_15_6.txt):
c [w = 15] Initializing CaDiCaL (version 2.1.3).
c [w = 15] Configuring CaDiCaL as --sat (1).
c [w = 15] Encoding starts with w = 15:
c [w = 15] Symmetry breaking highest degree node is applied.
c [w = 15] Encoding duration: 118 ms.
c [w = 15] Number of clauses: 113823.
c [w = 15] Number of variables: 25740.
c [w = 15] SAT Solving starts:
c [w = 15] Solving duration: 271 ms.
c [w = 15] Answer:
s [w = 15] SAT (w = 15).
c [w = 15] Solution check = 15.
c [w = 15] The solution is correct.
c [Signal] Signal interruption. Caught signal: SIGTERM (15).
c [w = 14] Start task in PID: 12385.
c [w = 14] Cyclic Antibandwidth problem with w = 14 (caterpillar_15_6.txt):
c [w = 14] Initializing CaDiCaL (version 2.1.3).
c [w = 14] Configuring CaDiCaL as --sat (1).
c [w = 14] Encoding starts with w = 14:
c [w = 14] Symmetry breaking highest degree node is applied.
c [w = 14] Encoding duration: 121 ms.
c [w = 14] Number of clauses: 115446.
c [w = 14] Number of variables: 26190.
c [w = 14] SAT Solving starts:
c [w = 14] Solving duration: 246 ms.
c [w = 14] Answer:
s [w = 14] SAT (w = 14).
c [w = 14] Solution check = 14.
c [w = 14] The solution is correct.
c [Signal] Signal interruption. Caught signal: SIGTERM (15).
c [Main] Child pid 14 - 12385 terminated by signal 15.
c [Main] Child pid 16 - 12388 terminated by signal 15.
c [Main] Child pid 15 - 12387 terminated by signal 15.
c [w = 19] Start task in PID: 12391.
c [w = 19] Cyclic Antibandwidth problem with w = 19 (caterpillar_15_6.txt):
c [w = 19] Initializing CaDiCaL (version 2.1.3).
c [w = 19] Configuring CaDiCaL as --sat (1).
c [w = 19] Encoding starts with w = 19:
c [w = 19] Symmetry breaking highest degree node is applied.
c [w = 19] Encoding duration: 122 ms.
c [w = 19] Number of clauses: 116070.
c [w = 19] Number of variables: 26460.
c [w = 19] SAT Solving starts:
c [w = 19] Solving duration: 66 ms.
c [w = 19] Answer:
s [w = 19] SAT (w = 19).
c [w = 19] Solution check = 19.
c [w = 19] The solution is correct.
c [w = 19] Result: 10.
c [Main] Max width SAT is set to 19.
c [Main] Kill lower pid 18.
c [w = 18] Start task in PID: 12390.
c [w = 18] Cyclic Antibandwidth problem with w = 18 (caterpillar_15_6.txt):
c [w = 18] Initializing CaDiCaL (version 2.1.3).
c [w = 18] Configuring CaDiCaL as --sat (1).
c [w = 18] Encoding starts with w = 18:
c [w = 18] Symmetry breaking highest degree node is applied.
c [w = 18] Encoding duration: 127 ms.
c [w = 18] Number of clauses: 114630.
c [w = 18] Number of variables: 26010.
c [w = 18] SAT Solving starts:
c [Signal] Signal interruption. Caught signal: SIGTERM (15).
c [Main] Child pid 18 - 12390 terminated by signal 15.
c [w = 20] Start task in PID: 12389.
c [w = 20] Cyclic Antibandwidth problem with w = 20 (caterpillar_15_6.txt):
c [w = 20] Initializing CaDiCaL (version 2.1.3).
c [w = 20] Configuring CaDiCaL as --sat (1).
c [w = 20] Encoding starts with w = 20:
c [w = 20] Symmetry breaking highest degree node is applied.
c [w = 20] Encoding duration: 132 ms.
c [w = 20] Number of clauses: 117510.
c [w = 20] Number of variables: 26910.
c [w = 20] SAT Solving starts:
c [w = 20] Solving duration: 334 ms.
c [w = 20] Answer:
s [w = 20] SAT (w = 20).
c [w = 20] Solution check = 20.
c [w = 20] The solution is correct.
c [w = 20] Result: 10.
c [Main] Max width SAT is set to 20.
c [w = 24] Start task in PID: 12397.
c [w = 24] Cyclic Antibandwidth problem with w = 24 (caterpillar_15_6.txt):
c [w = 24] Initializing CaDiCaL (version 2.1.3).
c [w = 24] Configuring CaDiCaL as --sat (1).
c [w = 24] Encoding starts with w = 24:
c [w = 24] Symmetry breaking highest degree node is applied.
c [w = 24] Encoding duration: 128 ms.
c [w = 24] Number of clauses: 117417.
c [w = 24] Number of variables: 26820.
c [w = 24] SAT Solving starts:
c [w = 24] Solving duration: 191 ms.
c [w = 24] Answer:
s [w = 24] SAT (w = 24).
c [w = 24] Solution check = 24.
c [w = 24] The solution is correct.
c [w = 24] Result: 10.
c [Main] Max width SAT is set to 24.
c [Main] Kill lower pid 22.
c [Main] Kill lower pid 21.
c [Main] Kill lower pid 23.
c [w = 21] Start task in PID: 12392.
c [w = 21] Cyclic Antibandwidth problem with w = 21 (caterpillar_15_6.txt):
c [w = 21] Initializing CaDiCaL (version 2.1.3).
c [w = 21] Configuring CaDiCaL as --sat (1).
c [w = 21] Encoding starts with w = 21:
c [w = 21] Symmetry breaking highest degree node is applied.
c [w = 21] Encoding duration: 148 ms.
c [w = 21] Number of clauses: 118950.
c [w = 21] Number of variables: 27360.
c [w = 21] SAT Solving starts:
c [Signal] Signal interruption. Caught signal: SIGTERM (15).
c [w = 22] Start task in PID: 12393.
c [w = 22] Cyclic Antibandwidth problem with w = 22 (caterpillar_15_6.txt):
c [w = 22] Initializing CaDiCaL (version 2.1.3).
c [w = 22] Configuring CaDiCaL as --sat (1).
c [w = 22] Encoding starts with w = 22:
c [w = 22] Symmetry breaking highest degree node is applied.
c [w = 22] Encoding duration: 132 ms.
c [w = 22] Number of clauses: 120390.
c [w = 22] Number of variables: 27810.
c [w = 22] SAT Solving starts:
c [Signal] Signal interruption. Caught signal: SIGTERM (15).
c [w = 23] Start task in PID: 12372.
c [w = 23] Cyclic Antibandwidth problem with w = 23 (caterpillar_15_6.txt):
c [w = 23] Initializing CaDiCaL (version 2.1.3).
c [w = 23] Configuring CaDiCaL as --sat (1).
c [w = 23] Encoding starts with w = 23:
c [w = 23] Symmetry breaking highest degree node is applied.
c [w = 23] Encoding duration: 130 ms.
c [w = 23] Number of clauses: 116247.
c [w = 23] Number of variables: 26460.
c [w = 23] SAT Solving starts:
c [Signal] Signal interruption. Caught signal: SIGTERM (15).
c [Main] Child pid 23 - 12372 terminated by signal 15.
c [Main] Child pid 22 - 12393 terminated by signal 15.
c [Main] Child pid 21 - 12392 terminated by signal 15.
c [w = 28] Start task in PID: 12395.
c [w = 28] Cyclic Antibandwidth problem with w = 28 (caterpillar_15_6.txt):
c [w = 28] Initializing CaDiCaL (version 2.1.3).
c [w = 28] Configuring CaDiCaL as --sat (1).
c [w = 28] Encoding starts with w = 28:
c [w = 28] Symmetry breaking highest degree node is applied.
c [w = 28] Encoding duration: 123 ms.
c [w = 28] Number of clauses: 122097.
c [w = 28] Number of variables: 28260.
c [w = 28] SAT Solving starts:
c [w = 28] Solving duration: 653 ms.
c [w = 28] Answer:
s [w = 28] SAT (w = 28).
c [w = 28] Solution check = 28.
c [w = 28] The solution is correct.
c [w = 28] Result: 10.
c [Main] Max width SAT is set to 28.
c [Main] Kill lower pid 27.
c [Main] Kill lower pid 26.
c [Main] Kill lower pid 25.
c [w = 27] Start task in PID: 12399.
c [w = 27] Cyclic Antibandwidth problem with w = 27 (caterpillar_15_6.txt):
c [w = 27] Initializing CaDiCaL (version 2.1.3).
c [w = 27] Configuring CaDiCaL as --sat (1).
c [w = 27] Encoding starts with w = 27:
c [w = 27] Symmetry breaking highest degree node is applied.
c [w = 27] Encoding duration: 137 ms.
c [w = 27] Number of clauses: 120927.
c [w = 27] Number of variables: 27900.
c [w = 27] SAT Solving starts:
c [Signal] Signal interruption. Caught signal: SIGTERM (15).
c [w = 26] Start task in PID: 12398.
c [w = 26] Cyclic Antibandwidth problem with w = 26 (caterpillar_15_6.txt):
c [w = 26] Initializing CaDiCaL (version 2.1.3).
c [w = 26] Configuring CaDiCaL as --sat (1).
c [w = 26] Encoding starts with w = 26:
c [w = 26] Symmetry breaking highest degree node is applied.
c [w = 26] Encoding duration: 133 ms.
c [w = 26] Number of clauses: 119757.
c [w = 26] Number of variables: 27540.
c [w = 26] SAT Solving starts:
c [Signal] Signal interruption. Caught signal: SIGTERM (15).
c [w = 25] Start task in PID: 12396.
c [w = 25] Cyclic Antibandwidth problem with w = 25 (caterpillar_15_6.txt):
c [w = 25] Initializing CaDiCaL (version 2.1.3).
c [w = 25] Configuring CaDiCaL as --sat (1).
c [w = 25] Encoding starts with w = 25:
c [w = 25] Symmetry breaking highest degree node is applied.
c [w = 25] Encoding duration: 126 ms.
c [w = 25] Number of clauses: 118587.
c [w = 25] Number of variables: 27180.
c [w = 25] SAT Solving starts:
c [w = 25] Solving duration: 488 ms.
c [w = 25] Answer:
s [w = 25] SAT (w = 25).
c [w = 25] Solution check = 25.
c [w = 25] The solution is correct.
c [Signal] Signal interruption. Caught signal: SIGTERM (15).
c [Main] Child pid 26 - 12398 terminated by signal 15.
c [Main] Child pid 25 - 12396 terminated by signal 15.
c [Main] Child pid 27 - 12399 terminated by signal 15.
c [w = 31] Start task in PID: 12400.
c [w = 31] Cyclic Antibandwidth problem with w = 31 (caterpillar_15_6.txt):
c [w = 31] Initializing CaDiCaL (version 2.1.3).
c [w = 31] Configuring CaDiCaL as --sat (1).
c [w = 31] Encoding starts with w = 31:
c [w = 31] Symmetry breaking highest degree node is applied.
c [w = 31] Encoding duration: 133 ms.
c [w = 31] Number of clauses: 117954.
c [w = 31] Number of variables: 26820.
c [w = 31] SAT Solving starts:
c [w = 31] Solving duration: 299 ms.
c [w = 31] Answer:
s [w = 31] SAT (w = 31).
c [w = 31] Solution check = 31.
c [w = 31] The solution is correct.
c [w = 31] Result: 10.
c [Main] Max width SAT is set to 31.
c [Main] Kill lower pid 30.
c [Main] Kill lower pid 29.
c [w = 29] Start task in PID: 12401.
c [w = 29] Cyclic Antibandwidth problem with w = 29 (caterpillar_15_6.txt):
c [w = 29] Initializing CaDiCaL (version 2.1.3).
c [w = 29] Configuring CaDiCaL as --sat (1).
c [w = 29] Encoding starts with w = 29:
c [w = 29] Symmetry breaking highest degree node is applied.
c [w = 29] Encoding duration: 136 ms.
c [w = 29] Number of clauses: 123267.
c [w = 29] Number of variables: 28620.
c [w = 29] SAT Solving starts:
c [w = 29] Solving duration: 306 ms.
c [w = 29] Answer:
s [w = 29] SAT (w = 29).
c [w = 29] Solution check = 29.
c [w = 29] The solution is correct.
c [Signal] Signal interruption. Caught signal: SIGTERM (15).
c [w = 30] Start task in PID: 12402.
c [w = 30] Cyclic Antibandwidth problem with w = 30 (caterpillar_15_6.txt):
c [w = 30] Initializing CaDiCaL (version 2.1.3).
c [w = 30] Configuring CaDiCaL as --sat (1).
c [w = 30] Encoding starts with w = 30:
c [w = 30] Symmetry breaking highest degree node is applied.
c [w = 30] Encoding duration: 153 ms.
c [w = 30] Number of clauses: 117054.
c [w = 30] Number of variables: 26550.
c [w = 30] SAT Solving starts:
c [Signal] Signal interruption. Caught signal: SIGTERM (15).
c [Main] Child pid 29 - 12401 terminated by signal 15.
c [Main] Child pid 30 - 12402 terminated by signal 15.
c [w = 40] Start task in PID: 12415.
c [w = 40] Cyclic Antibandwidth problem with w = 40 (caterpillar_15_6.txt):
c [w = 40] Initializing CaDiCaL (version 2.1.3).
c [w = 40] Configuring CaDiCaL as --sat (1).
c [w = 40] Encoding starts with w = 40:
c [w = 40] Symmetry breaking highest degree node is applied.
c [w = 40] Encoding duration: 141 ms.
c [w = 40] Number of clauses: 126054.
c [w = 40] Number of variables: 29250.
c [w = 40] SAT Solving starts:
c [w = 40] Solving duration: 151 ms.
c [w = 40] Answer:
s [w = 40] SAT (w = 40).
c [w = 40] Solution check = 40.
c [w = 40] The solution is correct.
c [w = 40] Result: 10.
c [w = 38] Start task in PID: 12419.
c [w = 38] Cyclic Antibandwidth problem with w = 38 (caterpillar_15_6.txt):
c [w = 38] Initializing CaDiCaL (version 2.1.3).
c [w = 38] Configuring CaDiCaL as --sat (1).
c [w = 38] Encoding starts with w = 38:
c [w = 38] Symmetry breaking highest degree node is applied.
c [Signal] Signal interruption. Caught signal: SIGTERM (15).
c [w = 36] Start task in PID: 12418.
c [w = 36] Cyclic Antibandwidth problem with w = 36 (caterpillar_15_6.txt):
c [w = 36] Initializing CaDiCaL (version 2.1.3).
c [w = 36] Configuring CaDiCaL as --sat (1).
c [w = 36] Encoding starts with w = 36:
c [w = 36] Symmetry breaking highest degree node is applied.
c [Signal] Signal interruption. Caught signal: SIGTERM (15).
c [w = 35] Start task in PID: 12417.
c [w = 35] Cyclic Antibandwidth problem with w = 35 (caterpillar_15_6.txt):
c [w = 35] Initializing CaDiCaL (version 2.1.3).
c [w = 35] Configuring CaDiCaL as --sat (1).
c [w = 35] Encoding starts with w = 35:
c [w = 35] Symmetry breaking highest degree node is applied.
c [w = 35] Encoding duration: 132 ms.
c [w = 35] Number of clauses: 121554.
c [w = 35] Number of variables: 27900.
c [w = 35] SAT Solving starts:
c [Signal] Signal interruption. Caught signal: SIGTERM (15).
c [w = 37] Start task in PID: 12416.
c [w = 37] Cyclic Antibandwidth problem with w = 37 (caterpillar_15_6.txt):
c [w = 37] Initializing CaDiCaL (version 2.1.3).
c [w = 37] Configuring CaDiCaL as --sat (1).
c [w = 37] Encoding starts with w = 37:
c [w = 37] Symmetry breaking highest degree node is applied.
c [w = 37] Encoding duration: 136 ms.
c [w = 37] Number of clauses: 123354.
c [w = 37] Number of variables: 28440.
c [w = 37] SAT Solving starts:
c [Signal] Signal interruption. Caught signal: SIGTERM (15).
c [Main] Max width SAT is set to 40.
c [Main] Kill lower pid 38.
c [Main] Kill lower pid 36.
c [Main] Kill lower pid 35.
c [Main] Kill lower pid 37.
c [Main] Kill lower pid 33.
c [Main] Kill lower pid 32.
c [Main] Kill lower pid 34.
c [w = 33] Start task in PID: 12414.
c [w = 33] Cyclic Antibandwidth problem with w = 33 (caterpillar_15_6.txt):
c [w = 33] Initializing CaDiCaL (version 2.1.3).
c [w = 33] Configuring CaDiCaL as --sat (1).
c [w = 33] Encoding starts with w = 33:
c [w = 33] Symmetry breaking highest degree node is applied.
c [w = 33] Encoding duration: 121 ms.
c [w = 33] Number of clauses: 119754.
c [w = 33] Number of variables: 27360.
c [w = 33] SAT Solving starts:
c [w = 33] Solving duration: 206 ms.
c [w = 33] Answer:
s [w = 33] SAT (w = 33).
c [w = 33] Solution check = 33.
c [w = 33] The solution is correct.
c [Signal] Signal interruption. Caught signal: SIGTERM (15).
c [w = 32] Start task in PID: 12413.
c [w = 32] Cyclic Antibandwidth problem with w = 32 (caterpillar_15_6.txt):
c [w = 32] Initializing CaDiCaL (version 2.1.3).
c [w = 32] Configuring CaDiCaL as --sat (1).
c [w = 32] Encoding starts with w = 32:
c [w = 32] Symmetry breaking highest degree node is applied.
c [w = 32] Encoding duration: 133 ms.
c [w = 32] Number of clauses: 118854.
c [w = 32] Number of variables: 27090.
c [w = 32] SAT Solving starts:
c [w = 32] Solving duration: 194 ms.
c [w = 32] Answer:
s [w = 32] SAT (w = 32).
c [w = 32] Solution check = 32.
c [w = 32] The solution is correct.
c [Signal] Signal interruption. Caught signal: SIGTERM (15).
c [w = 34] Start task in PID: 12394.
c [w = 34] Cyclic Antibandwidth problem with w = 34 (caterpillar_15_6.txt):
c [w = 34] Initializing CaDiCaL (version 2.1.3).
c [w = 34] Configuring CaDiCaL as --sat (1).
c [w = 34] Encoding starts with w = 34:
c [w = 34] Symmetry breaking highest degree node is applied.
c [w = 34] Encoding duration: 126 ms.
c [w = 34] Number of clauses: 120654.
c [w = 34] Number of variables: 27630.
c [w = 34] SAT Solving starts:
c [Signal] Signal interruption. Caught signal: SIGTERM (15).
c [Main] Child pid 36 - 12418 terminated by signal 15.
c [Main] Child pid 35 - 12417 terminated by signal 15.
c [Main] Child pid 34 - 12394 terminated by signal 15.
c [Main] Child pid 33 - 12414 terminated by signal 15.
c [Main] Child pid 37 - 12416 terminated by signal 15.
c [Main] Child pid 38 - 12419 terminated by signal 15.
c [Main] Child pid 32 - 12413 terminated by signal 15.
c [w = 45] Start task in PID: 12424.
c [w = 45] Cyclic Antibandwidth problem with w = 45 (caterpillar_15_6.txt):
c [w = 45] Initializing CaDiCaL (version 2.1.3).
c [w = 45] Configuring CaDiCaL as --sat (1).
c [w = 45] Encoding starts with w = 45:
c [w = 45] Symmetry breaking highest degree node is applied.
c [w = 45] Encoding duration: 126 ms.
c [w = 45] Number of clauses: 119211.
c [w = 45] Number of variables: 26820.
c [w = 45] SAT Solving starts:
c [w = 45] Solving duration: 1 ms.
c [w = 45] Answer:
s [w = 45] UNSAT (w = 45).
c [w = 45] Result: 20.
c [Main] Min width UNSAT is set to 45
c [w = 42] Start task in PID: 12422.
c [w = 42] Cyclic Antibandwidth problem with w = 42 (caterpillar_15_6.txt):
c [w = 42] Initializing CaDiCaL (version 2.1.3).
c [w = 42] Configuring CaDiCaL as --sat (1).
c [w = 42] Encoding starts with w = 42:
c [w = 42] Symmetry breaking highest degree node is applied.
c [w = 42] Encoding duration: 84 ms.
c [w = 42] Number of clauses: 127854.
c [w = 42] Number of variables: 29790.
c [w = 42] SAT Solving starts:
c [w = 42] Solving duration: 60 ms.
c [w = 42] Answer:
s [w = 42] SAT (w = 42).
c [w = 42] Solution check = 42.
c [w = 42] The solution is correct.
c [w = 42] Result: 10.
c [Main] Max width SAT is set to 42.
c [Main] Kill lower pid 41.
c [w = 41] Start task in PID: 12421.
c [w = 41] Cyclic Antibandwidth problem with w = 41 (caterpillar_15_6.txt):
c [w = 41] Initializing CaDiCaL (version 2.1.3).
c [w = 41] Configuring CaDiCaL as --sat (1).
c [w = 41] Encoding starts with w = 41:
c [w = 41] Symmetry breaking highest degree node is applied.
c [w = 41] Encoding duration: 139 ms.
c [w = 41] Number of clauses: 126954.
c [w = 41] Number of variables: 29520.
c [w = 41] SAT Solving starts:
c [Signal] Signal interruption. Caught signal: SIGTERM (15).
c [Main] Child pid 41 - 12421 terminated by signal 15.
c [w = 44] Start task in PID: 12423.
c [w = 44] Cyclic Antibandwidth problem with w = 44 (caterpillar_15_6.txt):
c [w = 44] Initializing CaDiCaL (version 2.1.3).
c [w = 44] Configuring CaDiCaL as --sat (1).
c [w = 44] Encoding starts with w = 44:
c [w = 44] Symmetry breaking highest degree node is applied.
c [w = 44] Encoding duration: 87 ms.
c [w = 44] Number of clauses: 129654.
c [w = 44] Number of variables: 30330.
c [w = 44] SAT Solving starts:
c [w = 44] Solving duration: 251 ms.
c [w = 44] Answer:
s [w = 44] UNSAT (w = 44).
c [w = 44] Result: 20.
c [Main] Min width UNSAT is set to 44
c [w = 43] Start task in PID: 12420.
c [w = 43] Cyclic Antibandwidth problem with w = 43 (caterpillar_15_6.txt):
c [w = 43] Initializing CaDiCaL (version 2.1.3).
c [w = 43] Configuring CaDiCaL as --sat (1).
c [w = 43] Encoding starts with w = 43:
c [w = 43] Symmetry breaking highest degree node is applied.
c [w = 43] Encoding duration: 90 ms.
c [w = 43] Number of clauses: 128754.
c [w = 43] Number of variables: 30060.
c [w = 43] SAT Solving starts:
c [w = 43] Solving duration: 786762 ms.
c [w = 43] Answer:
s [w = 43] UNSAT (w = 43).
c [w = 43] Result: 20.
c [Main] Min width UNSAT is set to 43
c [Signal] Signal interruption. Caught signal: SIGTERM (15).
c [Main] All children have completed.
r [Main] 
r [Main] Final results: 
r [Main] Max width SAT:  	42.
r [Main] Min width UNSAT:	43.
r [Main] Total real time: 788643 ms.
r [Main] Total memory consumed: 282.5 MB.
r [Main] 
