c [Version] Cyclic Bandwidth Encoder version 1.0.0.
c [Param] Real time limit is set to 150.
c [Param] Memory limit is set to 30000.
c [Param] Worker count is set to 4.
c [Main] Encoding and solving for graph: hypercube_8_256.txt.
c [Main] Search strategy: Binary search using BFS.
c [Main] Lower bound is set to 43.
c [Main] Upper bound is set to 85.
c [Main] Search order: 64 53 75 47 58 69 80 44 50 55 61 66 72 77 83 43 45 48 51 54 56 59 62 65 67 70 73 76 78 81 84 46 49 52 57 60 63 68 71 74 79 82 85.
c [w = 47] Start task in PID: 176693.
c [w = 47] Cyclic Antibandwidth problem with w = 47 (hypercube_8_256.txt):
c [w = 47] Initializing CaDiCaL (version 2.1.3).
c [w = 47] Configuring CaDiCaL as --sat (1).
c [w = 47] Encoding starts with w = 47:
c [w = 47] Symmetry breaking highest degree node is applied.
c [w = 47] Encoding duration: 709 ms.
c [w = 47] Number of clauses: 1730432.
c [w = 47] Number of variables: 214016.
c [w = 47] SAT Solving starts:
c [w = 47] Solving duration: 26877 ms.
c [w = 47] Answer:
s [w = 47] SAT (w = 47).
c [w = 47] Solution check = 47.
c [w = 47] The solution is correct.
c [w = 47] Result: 10.
c [Main] Max width SAT is set to 47.
c [w = 58] Start task in PID: 176697.
c [w = 58] Cyclic Antibandwidth problem with w = 58 (hypercube_8_256.txt):
c [w = 58] Initializing CaDiCaL (version 2.1.3).
c [w = 58] Configuring CaDiCaL as --sat (1).
c [w = 58] Encoding starts with w = 58:
c [w = 58] Symmetry breaking highest degree node is applied.
c [w = 58] Encoding duration: 710 ms.
c [w = 58] Number of clauses: 1743232.
c [w = 58] Number of variables: 216832.
c [w = 58] SAT Solving starts:
c [Signal] Signal interruption. Caught signal: SIGTERM (15).
c [w = 75] Start task in PID: 176692.
c [w = 75] Cyclic Antibandwidth problem with w = 75 (hypercube_8_256.txt):
c [w = 75] Initializing CaDiCaL (version 2.1.3).
c [w = 75] Configuring CaDiCaL as --sat (1).
c [w = 75] Encoding starts with w = 75:
c [w = 75] Symmetry breaking highest degree node is applied.
c [w = 75] Encoding duration: 731 ms.
c [w = 75] Number of clauses: 1759360.
c [w = 75] Number of variables: 220160.
c [w = 75] SAT Solving starts:
c [Signal] Signal interruption. Caught signal: SIGTERM (15).
c [w = 53] Start task in PID: 176691.
c [w = 53] Cyclic Antibandwidth problem with w = 53 (hypercube_8_256.txt):
c [w = 53] Initializing CaDiCaL (version 2.1.3).
c [w = 53] Configuring CaDiCaL as --sat (1).
c [w = 53] Encoding starts with w = 53:
c [w = 53] Symmetry breaking highest degree node is applied.
c [w = 53] Encoding duration: 717 ms.
c [w = 53] Number of clauses: 1722752.
c [w = 53] Number of variables: 210432.
c [w = 53] SAT Solving starts:
c [Signal] Signal interruption. Caught signal: SIGTERM (15).
c [w = 64] Start task in PID: 176690.
c [w = 64] Cyclic Antibandwidth problem with w = 64 (hypercube_8_256.txt):
c [w = 64] Initializing CaDiCaL (version 2.1.3).
c [w = 64] Configuring CaDiCaL as --sat (1).
c [w = 64] Encoding starts with w = 64:
c [w = 64] Symmetry breaking highest degree node is applied.
c [w = 64] Encoding duration: 708 ms.
c [w = 64] Number of clauses: 1722752.
c [w = 64] Number of variables: 208896.
c [w = 64] SAT Solving starts:
c [Signal] Signal interruption. Caught signal: SIGTERM (15).
c [Main] Lim pid ends with result: 254.
c [Main] All children have completed.
r [Main] 
r [Main] Final results: 
r [Main] Max width SAT:  	47.
r [Main] Min width UNSAT:	-.
r [Main] Total real time: 151049 ms.
r [Main] Total memory consumed: 2022 MB.
r [Main] 
