c [Version] Cyclic Bandwidth Encoder version 1.0.0.
c [Param] Real time limit is set to 1800.
c [Param] Memory limit is set to 30000.
c [Param] Worker count is set to 8.
c [Main] Encoding and solving for graph: P-can__445.mtx.rnd.
c [Main] Search strategy: Binary search using BFS.
c [Main] Lower bound is set to 39.
c [Main] Upper bound is set to 120.
c [Main] Search order: 79 58 100 48 68 89 110 43 53 63 73 84 94 105 115 40 45 50 55 60 65 70 76 81 86 91 97 102 107 112 118 39 41 44 46 49 51 54 56 59 61 64 66 69 71 74 77 80 82 85 87 90 92 95 98 101 103 106 108 111 113 116 119 42 47 52 57 62 67 72 75 78 83 88 93 96 99 104 109 114 117 120.
c [w = 43] Start task in PID: 419168.
c [w = 43] Antibandwidth problem with w = 43 (P-can__445.mtx.rnd):
c [w = 43] Initializing CaDiCaL (version 2.1.3).
c [w = 43] Configuring CaDiCaL as --sat (1).
c [w = 43] Encoding starts with w = 43:
c [w = 43] Symmetry breaking highest degree node is applied.
c [w = 43] Encoding duration: 3431 ms.
c [w = 43] Number of clauses: 5012376.
c [w = 43] Number of variables: 628340.
c [w = 43] SAT Solving starts:
c [w = 43] Solving duration: 6818 ms.
c [w = 43] Answer:
s [w = 43] SAT (w = 43).
c [w = 43] Solution check = 43.
c [w = 43] The solution is correct.
c [w = 43] Result: 10.
c [Main] Max width SAT is set to 43.
c [w = 48] Start task in PID: 419164.
c [w = 48] Antibandwidth problem with w = 48 (P-can__445.mtx.rnd):
c [w = 48] Initializing CaDiCaL (version 2.1.3).
c [w = 48] Configuring CaDiCaL as --sat (1).
c [w = 48] Encoding starts with w = 48:
c [w = 48] Symmetry breaking highest degree node is applied.
c [w = 48] Encoding duration: 3455 ms.
c [w = 48] Number of clauses: 5028102.
c [w = 48] Number of variables: 632790.
c [w = 48] SAT Solving starts:
c [w = 48] Solving duration: 34597 ms.
c [w = 48] Answer:
s [w = 48] SAT (w = 48).
c [w = 48] Solution check = 48.
c [w = 48] The solution is correct.
c [w = 48] Result: 10.
c [Main] Max width SAT is set to 48.
c [w = 79] Start task in PID: 419161.
c [w = 79] Antibandwidth problem with w = 79 (P-can__445.mtx.rnd):
c [w = 79] Initializing CaDiCaL (version 2.1.3).
c [w = 79] Configuring CaDiCaL as --sat (1).
c [w = 79] Encoding starts with w = 79:
c [w = 79] Symmetry breaking highest degree node is applied.
c [w = 79] Encoding duration: 3489 ms.
c [w = 79] Number of clauses: 5054961.
c [w = 79] Number of variables: 635460.
c [w = 79] SAT Solving starts:
c [w = 79] Solving duration: 109668 ms.
c [w = 79] Answer:
s [w = 79] SAT (w = 79).
c [w = 79] Solution check = 79.
c [w = 79] The solution is correct.
c [w = 79] Result: 10.
c [w = 63] Start task in PID: 419170.
c [w = 63] Antibandwidth problem with w = 63 (P-can__445.mtx.rnd):
c [w = 63] Initializing CaDiCaL (version 2.1.3).
c [w = 63] Configuring CaDiCaL as --sat (1).
c [w = 63] Encoding starts with w = 63:
c [w = 63] Symmetry breaking highest degree node is applied.
c [w = 63] Encoding duration: 3302 ms.
c [w = 63] Number of clauses: 5076464.
c [w = 63] Number of variables: 646140.
c [w = 63] SAT Solving starts:
c [Signal] Signal interruption. Caught signal: SIGTERM (15).
c [Main] Max width SAT is set to 79.
c [Main] Kill lower pid 63.
c [Main] Kill lower pid 68.
c [Main] Kill lower pid 58.
c [Main] Kill lower pid 53.
c [w = 68] Start task in PID: 419165.
c [w = 68] Antibandwidth problem with w = 68 (P-can__445.mtx.rnd):
c [w = 68] Initializing CaDiCaL (version 2.1.3).
c [w = 68] Configuring CaDiCaL as --sat (1).
c [w = 68] Encoding starts with w = 68:
c [w = 68] Symmetry breaking highest degree node is applied.
c [w = 68] Encoding duration: 3498 ms.
c [w = 68] Number of clauses: 5046800.
c [w = 68] Number of variables: 635015.
c [w = 68] SAT Solving starts:
c [Signal] Signal interruption. Caught signal: SIGTERM (15).
c [w = 58] Start task in PID: 419162.
c [w = 58] Antibandwidth problem with w = 58 (P-can__445.mtx.rnd):
c [w = 58] Initializing CaDiCaL (version 2.1.3).
c [w = 58] Configuring CaDiCaL as --sat (1).
c [w = 58] Encoding starts with w = 58:
c [w = 58] Symmetry breaking highest degree node is applied.
c [w = 58] Encoding duration: 3458 ms.
c [w = 58] Number of clauses: 5020839.
c [w = 58] Number of variables: 628340.
c [w = 58] SAT Solving starts:
c [Signal] Signal interruption. Caught signal: SIGTERM (15).
c [w = 53] Start task in PID: 419169.
c [w = 53] Antibandwidth problem with w = 53 (P-can__445.mtx.rnd):
c [w = 53] Initializing CaDiCaL (version 2.1.3).
c [w = 53] Configuring CaDiCaL as --sat (1).
c [w = 53] Encoding starts with w = 53:
c [w = 53] Symmetry breaking highest degree node is applied.
c [w = 53] Encoding duration: 3278 ms.
c [w = 53] Number of clauses: 5030923.
c [w = 53] Number of variables: 632790.
c [w = 53] SAT Solving starts:
c [w = 53] Solving duration: 99574 ms.
c [w = 53] Answer:
s [w = 53] SAT (w = 53).
c [w = 53] Solution check = 53.
c [w = 53] The solution is correct.
c [Signal] Signal interruption. Caught signal: SIGTERM (15).
c [Main] Child pid 68 - 419165 terminated by signal 15.
c [Main] Child pid 58 - 419162 terminated by signal 15.
c [Main] Child pid 53 - 419169 terminated by signal 15.
c [Main] Child pid 63 - 419170 terminated by signal 15.
c [w = 115] Start task in PID: 419174.
c [w = 115] Antibandwidth problem with w = 115 (P-can__445.mtx.rnd):
c [w = 115] Initializing CaDiCaL (version 2.1.3).
c [w = 115] Configuring CaDiCaL as --sat (1).
c [w = 115] Encoding starts with w = 115:
c [w = 115] Symmetry breaking highest degree node is applied.
c [w = 115] Encoding duration: 3306 ms.
c [w = 115] Number of clauses: 5065498.
c [w = 115] Number of variables: 631900.
c [w = 115] SAT Solving starts:
c [w = 115] Solving duration: 348 ms.
c [w = 115] Answer:
s [w = 115] UNSAT (w = 115).
c [w = 115] Result: 20.
c [Main] Min width UNSAT is set to 115
c [w = 84] Start task in PID: 419171.
c [w = 84] Antibandwidth problem with w = 84 (P-can__445.mtx.rnd):
c [w = 84] Initializing CaDiCaL (version 2.1.3).
c [w = 84] Configuring CaDiCaL as --sat (1).
c [w = 84] Encoding starts with w = 84:
c [w = 84] Symmetry breaking highest degree node is applied.
c [w = 84] Encoding duration: 3383 ms.
c [w = 84] Number of clauses: 5097236.
c [w = 84] Number of variables: 648810.
c [w = 84] SAT Solving starts:
c [w = 84] Solving duration: 485987 ms.
c [w = 84] Answer:
s [w = 84] SAT (w = 84).
c [w = 84] Solution check = 84.
c [w = 84] The solution is correct.
c [w = 84] Result: 10.
c [Main] Max width SAT is set to 84.
c [Main] Kill lower pid 81.
c [w = 81] Start task in PID: 419175.
c [w = 81] Antibandwidth problem with w = 81 (P-can__445.mtx.rnd):
c [w = 81] Initializing CaDiCaL (version 2.1.3).
c [w = 81] Configuring CaDiCaL as --sat (1).
c [w = 81] Encoding starts with w = 81:
c [w = 81] Symmetry breaking highest degree node is applied.
c [w = 81] Encoding duration: 3350 ms.
c [w = 81] Number of clauses: 5071871.
c [w = 81] Number of variables: 640800.
c [w = 81] SAT Solving starts:
c [Signal] Signal interruption. Caught signal: SIGTERM (15).
c [Main] Child pid 81 - 419175 terminated by signal 15.
c [w = 86] Start task in PID: 419176.
c [w = 86] Antibandwidth problem with w = 86 (P-can__445.mtx.rnd):
c [w = 86] Initializing CaDiCaL (version 2.1.3).
c [w = 86] Configuring CaDiCaL as --sat (1).
c [w = 86] Encoding starts with w = 86:
c [w = 86] Symmetry breaking highest degree node is applied.
c [w = 86] Encoding duration: 3229 ms.
c [w = 86] Number of clauses: 5114146.
c [w = 86] Number of variables: 654150.
c [w = 86] SAT Solving starts:
c [w = 86] Solving duration: 600465 ms.
c [w = 86] Answer:
s [w = 86] SAT (w = 86).
c [w = 86] Solution check = 86.
c [w = 86] The solution is correct.
c [w = 86] Result: 10.
c [Main] Max width SAT is set to 86.
c [w = 91] Start task in PID: 419879.
c [w = 91] Antibandwidth problem with w = 91 (P-can__445.mtx.rnd):
c [w = 91] Initializing CaDiCaL (version 2.1.3).
c [w = 91] Configuring CaDiCaL as --sat (1).
c [w = 91] Encoding starts with w = 91:
c [w = 91] Symmetry breaking highest degree node is applied.
c [w = 91] Encoding duration: 3472 ms.
c [w = 91] Number of clauses: 5041317.
c [w = 91] Number of variables: 628340.
c [w = 91] SAT Solving starts:
c [Signal] Signal interruption. Caught signal: SIGTERM (15).
c [w = 94] Start task in PID: 419172.
c [w = 94] Antibandwidth problem with w = 94 (P-can__445.mtx.rnd):
c [w = 94] Initializing CaDiCaL (version 2.1.3).
c [w = 94] Configuring CaDiCaL as --sat (1).
c [w = 94] Encoding starts with w = 94:
c [w = 94] Symmetry breaking highest degree node is applied.
c [w = 94] Encoding duration: 3208 ms.
c [w = 94] Number of clauses: 5062677.
c [w = 94] Number of variables: 635015.
c [w = 94] SAT Solving starts:
c [Signal] Signal interruption. Caught signal: SIGTERM (15).
c [w = 102] Start task in PID: 419883.
c [w = 102] Antibandwidth problem with w = 102 (P-can__445.mtx.rnd):
c [w = 102] Initializing CaDiCaL (version 2.1.3).
c [w = 102] Configuring CaDiCaL as --sat (1).
c [w = 102] Encoding starts with w = 102:
c [w = 102] Symmetry breaking highest degree node is applied.
c [w = 102] Encoding duration: 3273 ms.
c [w = 102] Number of clauses: 5119637.
c [w = 102] Number of variables: 652815.
c [w = 102] SAT Solving starts:
c [Signal] Signal interruption. Caught signal: SIGTERM (15).
c [w = 100] Start task in PID: 419163.
c [w = 100] Antibandwidth problem with w = 100 (P-can__445.mtx.rnd):
c [w = 100] Initializing CaDiCaL (version 2.1.3).
c [w = 100] Configuring CaDiCaL as --sat (1).
c [w = 100] Encoding starts with w = 100:
c [w = 100] Symmetry breaking highest degree node is applied.
c [w = 100] Encoding duration: 3511 ms.
c [w = 100] Number of clauses: 5105397.
c [w = 100] Number of variables: 648365.
c [w = 100] SAT Solving starts:
c [Signal] Signal interruption. Caught signal: SIGTERM (15).
c [w = 89] Start task in PID: 419166.
c [w = 89] Antibandwidth problem with w = 89 (P-can__445.mtx.rnd):
c [w = 89] Initializing CaDiCaL (version 2.1.3).
c [w = 89] Configuring CaDiCaL as --sat (1).
c [w = 89] Encoding starts with w = 89:
c [w = 89] Symmetry breaking highest degree node is applied.
c [w = 89] Encoding duration: 3463 ms.
c [w = 89] Number of clauses: 5027077.
c [w = 89] Number of variables: 623890.
c [w = 89] SAT Solving starts:
c [Signal] Signal interruption. Caught signal: SIGTERM (15).
c [w = 97] Start task in PID: 419880.
c [w = 97] Antibandwidth problem with w = 97 (P-can__445.mtx.rnd):
c [w = 97] Initializing CaDiCaL (version 2.1.3).
c [w = 97] Configuring CaDiCaL as --sat (1).
c [w = 97] Encoding starts with w = 97:
c [w = 97] Symmetry breaking highest degree node is applied.
c [w = 97] Encoding duration: 3320 ms.
c [w = 97] Number of clauses: 5084037.
c [w = 97] Number of variables: 641690.
c [w = 97] SAT Solving starts:
c [Signal] Signal interruption. Caught signal: SIGTERM (15).
c [w = 105] Start task in PID: 419173.
c [w = 105] Antibandwidth problem with w = 105 (P-can__445.mtx.rnd):
c [w = 105] Initializing CaDiCaL (version 2.1.3).
c [w = 105] Configuring CaDiCaL as --sat (1).
c [w = 105] Encoding starts with w = 105:
c [w = 105] Symmetry breaking highest degree node is applied.
c [w = 105] Encoding duration: 3438 ms.
c [w = 105] Number of clauses: 5140997.
c [w = 105] Number of variables: 659490.
c [w = 105] SAT Solving starts:
c [Signal] Signal interruption. Caught signal: SIGTERM (15).
c [Main] Lim pid ends with result: 254.
c [Main] All children have completed.
r [Main] 
r [Main] Final results: 
r [Main] Max width SAT:  	86.
r [Main] Min width UNSAT:	115.
r [Main] Total real time: 1811852 ms.
r [Main] Total memory consumed: 10522.2 MB.
r [Main] 
c [w = 110] Start task in PID: 419167.
c [w = 110] Antibandwidth problem with w = 110 (P-can__445.mtx.rnd):
c [w = 110] Initializing CaDiCaL (version 2.1.3).
c [w = 110] Configuring CaDiCaL as --sat (1).
c [w = 110] Encoding starts with w = 110:
c [w = 110] Symmetry breaking highest degree node is applied.
c [w = 110] Encoding duration: 3563 ms.
c [w = 110] Number of clauses: 5176597.
c [w = 110] Number of variables: 670615.
c [w = 110] SAT Solving starts:
c [Signal] Signal interruption. Caught signal: SIGTERM (15).
