c [Version] Cyclic Bandwidth Encoder version 1.0.0.
c [Param] Real time limit is set to 150.
c [Param] Memory limit is set to 30000.
c [Param] Worker count is set to 8.
c [Main] Encoding and solving for graph: 3dmesh_3_3_270.txt.
c [Main] Search strategy: Binary search using BFS.
c [Main] No predefined lower bound is found for 3dmesh_3_3_270.txt.
c [Main] LB-w = 2 (default value).
c [Main] Upper bound is set to 1212.
c [Main] Search order: 607 304 910 152 455 758 1061 76 228 379 531 682 834 985 1137 38 114 190 266 341 417 493 569 644 720 796 872 947 1023 1099 1175 19 57 95 133 171 209 247 285 322 360 398 436 474 512 550 588 625 663 701 739 777 815 853 891 928 966 1004 1042 1080 1118 1156 1194 10 28 47 66 85 104 123 142 161 180 199 218 237 256 275 294 313 331 350 369 388 407 426 445 464 483 502 521 540 559 578 597 616 634 653 672 691 710 729 748 767 786 805 824 843 862 881 900 919 937 956 975 994 1013 1032 1051 1070 1089 1108 1127 1146 1165 1184 1203 5 14 23 33 42 52 61 71 80 90 99 109 118 128 137 147 156 166 175 185 194 204 213 223 232 242 251 261 270 280 289 299 308 317 326 336 345 355 364 374 383 393 402 412 421 431 440 450 459 469 478 488 497 507 516 526 535 545 554 564 573 583 592 602 611 620 629 639 648 658 667 677 686 696 705 715 724 734 743 753 762 772 781 791 800 810 819 829 838 848 857 867 876 886 895 905 914 923 932 942 951 961 970 980 989 999 1008 1018 1027 1037 1046 1056 1065 1075 1084 1094 1103 1113 1122 1132 1141 1151 1160 1170 1179 1189 1198 1208 3 7 12 16 21 25 30 35 40 44 49 54 59 63 68 73 78 82 87 92 97 101 106 111 116 120 125 130 135 139 144 149 154 158 163 168 173 177 182 187 192 196 201 206 211 215 220 225 230 234 239 244 249 253 258 263 268 272 277 282 287 291 296 301 306 310 315 319 324 328 333 338 343 347 352 357 362 366 371 376 381 385 390 395 400 404 409 414 419 423 428 433 438 442 447 452 457 461 466 471 476 480 485 490 495 499 504 509 514 518 523 528 533 537 542 547 552 556 561 566 571 575 580 585 590 594 599 604 609 613 618 622 627 631 636 641 646 650 655 660 665 669 674 679 684 688 693 698 703 707 712 717 722 726 731 736 741 745 750 755 760 764 769 774 779 783 788 793 798 802 807 812 817 821 826 831 836 840 845 850 855 859 864 869 874 878 883 888 893 897 902 907 912 916 921 925 930 934 939 944 949 953 958 963 968 972 977 982 987 991 996 1001 1006 1010 1015 1020 1025 1029 1034 1039 1044 1048 1053 1058 1063 1067 1072 1077 1082 1086 1091 1096 1101 1105 1110 1115 1120 1124 1129 1134 1139 1143 1148 1153 1158 1162 1167 1172 1177 1181 1186 1191 1196 1200 1205 1210 2 4 6 8 11 13 15 17 20 22 24 26 29 31 34 36 39 41 43 45 48 50 53 55 58 60 62 64 67 69 72 74 77 79 81 83 86 88 91 93 96 98 100 102 105 107 110 112 115 117 119 121 124 126 129 131 134 136 138 140 143 145 148 150 153 155 157 159 162 164 167 169 172 174 176 178 181 183 186 188 191 193 195 197 200 202 205 207 210 212 214 216 219 221 224 226 229 231 233 235 238 240 243 245 248 250 252 254 257 259 262 264 267 269 271 273 276 278 281 283 286 288 290 292 295 297 300 302 305 307 309 311 314 316 318 320 323 325 327 329 332 334 337 339 342 344 346 348 351 353 356 358 361 363 365 367 370 372 375 377 380 382 384 386 389 391 394 396 399 401 403 405 408 410 413 415 418 420 422 424 427 429 432 434 437 439 441 443 446 448 451 453 456 458 460 462 465 467 470 472 475 477 479 481 484 486 489 491 494 496 498 500 503 505 508 510 513 515 517 519 522 524 527 529 532 534 536 538 541 543 546 548 551 553 555 557 560 562 565 567 570 572 574 576 579 581 584 586 589 591 593 595 598 600 603 605 608 610 612 614 617 619 621 623 626 628 630 632 635 637 640 642 645 647 649 651 654 656 659 661 664 666 668 670 673 675 678 680 683 685 687 689 692 694 697 699 702 704 706 708 711 713 716 718 721 723 725 727 730 732 735 737 740 742 744 746 749 751 754 756 759 761 763 765 768 770 773 775 778 780 782 784 787 789 792 794 797 799 801 803 806 808 811 813 816 818 820 822 825 827 830 832 835 837 839 841 844 846 849 851 854 856 858 860 863 865 868 870 873 875 877 879 882 884 887 889 892 894 896 898 901 903 906 908 911 913 915 917 920 922 924 926 929 931 933 935 938 940 943 945 948 950 952 954 957 959 962 964 967 969 971 973 976 978 981 983 986 988 990 992 995 997 1000 1002 1005 1007 1009 1011 1014 1016 1019 1021 1024 1026 1028 1030 1033 1035 1038 1040 1043 1045 1047 1049 1052 1054 1057 1059 1062 1064 1066 1068 1071 1073 1076 1078 1081 1083 1085 1087 1090 1092 1095 1097 1100 1102 1104 1106 1109 1111 1114 1116 1119 1121 1123 1125 1128 1130 1133 1135 1138 1140 1142 1144 1147 1149 1152 1154 1157 1159 1161 1163 1166 1168 1171 1173 1176 1178 1180 1182 1185 1187 1190 1192 1195 1197 1199 1201 1204 1206 1209 1211 9 18 27 32 37 46 51 56 65 70 75 84 89 94 103 108 113 122 127 132 141 146 151 160 165 170 179 184 189 198 203 208 217 222 227 236 241 246 255 260 265 274 279 284 293 298 303 312 321 330 335 340 349 354 359 368 373 378 387 392 397 406 411 416 425 430 435 444 449 454 463 468 473 482 487 492 501 506 511 520 525 530 539 544 549 558 563 568 577 582 587 596 601 606 615 624 633 638 643 652 657 662 671 676 681 690 695 700 709 714 719 728 733 738 747 752 757 766 771 776 785 790 795 804 809 814 823 828 833 842 847 852 861 866 871 880 885 890 899 904 909 918 927 936 941 946 955 960 965 974 979 984 993 998 1003 1012 1017 1022 1031 1036 1041 1050 1055 1060 1069 1074 1079 1088 1093 1098 1107 1112 1117 1126 1131 1136 1145 1150 1155 1164 1169 1174 1183 1188 1193 1202 1207 1212.
c [w = 1061] Start task in PID: 4983.
c [w = 1061] Cyclic Antibandwidth problem with w = 1061 (3dmesh_3_3_270.txt):
c [w = 1061] Initializing CaDiCaL (version 2.1.3).
c [w = 1061] Configuring CaDiCaL as --sat (1).
c [w = 1061] Encoding starts with w = 1061:
c [w = 1061] Symmetry breaking highest degree node is applied.
c [Signal] Signal interruption. Caught signal: SIGTERM (15).
c [w = 455] Start task in PID: 4981.
c [w = 455] Cyclic Antibandwidth problem with w = 455 (3dmesh_3_3_270.txt):
c [w = 455] Initializing CaDiCaL (version 2.1.3).
c [w = 455] Configuring CaDiCaL as --sat (1).
c [w = 455] Encoding starts with w = 455:
c [w = 455] Symmetry breaking highest degree node is applied.
c [Signal] Signal interruption. Caught signal: SIGTERM (15).
c [w = 758] Start task in PID: 4982.
c [w = 758] Cyclic Antibandwidth problem with w = 758 (3dmesh_3_3_270.txt):
c [w = 758] Initializing CaDiCaL (version 2.1.3).
c [w = 758] Configuring CaDiCaL as --sat (1).
c [w = 758] Encoding starts with w = 758:
c [w = 758] Symmetry breaking highest degree node is applied.
c [Signal] Signal interruption. Caught signal: SIGTERM (15).
c [w = 910] Start task in PID: 4979.
c [w = 910] Cyclic Antibandwidth problem with w = 910 (3dmesh_3_3_270.txt):
c [w = 910] Initializing CaDiCaL (version 2.1.3).
c [w = 910] Configuring CaDiCaL as --sat (1).
c [w = 910] Encoding starts with w = 910:
c [w = 910] Symmetry breaking highest degree node is applied.
c [Signal] Signal interruption. Caught signal: SIGTERM (15).
c [w = 304] Start task in PID: 4978.
c [w = 304] Cyclic Antibandwidth problem with w = 304 (3dmesh_3_3_270.txt):
c [w = 304] Initializing CaDiCaL (version 2.1.3).
c [w = 304] Configuring CaDiCaL as --sat (1).
c [w = 304] Encoding starts with w = 304:
c [w = 304] Symmetry breaking highest degree node is applied.
c [Signal] Signal interruption. Caught signal: SIGTERM (15).
c [w = 152] Start task in PID: 4980.
c [w = 152] Cyclic Antibandwidth problem with w = 152 (3dmesh_3_3_270.txt):
c [w = 152] Initializing CaDiCaL (version 2.1.3).
c [w = 152] Configuring CaDiCaL as --sat (1).
c [w = 152] Encoding starts with w = 152:
c [w = 152] Symmetry breaking highest degree node is applied.
c [Signal] Signal interruption. Caught signal: SIGTERM (15).
c [w = 607] Start task in PID: 4977.
c [w = 607] Cyclic Antibandwidth problem with w = 607 (3dmesh_3_3_270.txt):
c [w = 607] Initializing CaDiCaL (version 2.1.3).
c [w = 607] Configuring CaDiCaL as --sat (1).
c [w = 607] Encoding starts with w = 607:
c [w = 607] Symmetry breaking highest degree node is applied.
c [Signal] Signal interruption. Caught signal: SIGTERM (15).
c [Main] Lim pid ends with result: 255.
c [Main] All children have completed.
r [Main] 
r [Main] Final results: 
r [Main] Max width SAT:  	-.
r [Main] Min width UNSAT:	-.
r [Main] Total real time: 17031 ms.
r [Main] Total memory consumed: 30099.5 MB.
r [Main] 
c [w = 76] Start task in PID: 4984.
c [w = 76] Cyclic Antibandwidth problem with w = 76 (3dmesh_3_3_270.txt):
c [w = 76] Initializing CaDiCaL (version 2.1.3).
c [w = 76] Configuring CaDiCaL as --sat (1).
c [w = 76] Encoding starts with w = 76:
c [w = 76] Symmetry breaking highest degree node is applied.
c [Signal] Signal interruption. Caught signal: SIGTERM (15).
