c [Version] Cyclic Bandwidth Encoder version 1.0.0.
c [Param] Real time limit is set to 1800.
c [Param] Memory limit is set to 30000.
c [Param] Worker count is set to 4.
c [Main] Encoding and solving for graph: p22_200_400.
c [Main] Search strategy: Binary search from lower bound.
c [Main] No predefined lower bound is found for p22_200_400.
c [Main] LB-w = 2 (default value).
c [Main] No predefined upper bound is found for p22_200_400.
c [Main] UB-w = 100 (default value calculated as n/2).
c [Main] Search order: 51 26 13 7 4 2 3 5 6 10 8 9 11 12 19 16 14 15 17 18 22 20 21 24 23 25 38 32 29 27 28 30 31 35 33 34 36 37 44 41 39 40 42 43 47 45 46 49 48 50 76 63 57 54 52 53 55 56 60 58 59 61 62 69 66 64 65 67 68 72 70 71 74 73 75 88 82 79 77 78 80 81 85 83 84 86 87 94 91 89 90 92 93 97 95 96 99 98 100.
c [w = 7] Start task in PID: 5157.
c [w = 7] Cyclic Antibandwidth problem with w = 7 (p22_200_400):
c [w = 7] Initializing CaDiCaL (version 2.1.3).
c [w = 7] Configuring CaDiCaL as --sat (1).
c [w = 7] Encoding starts with w = 7:
c [w = 7] Symmetry breaking highest degree node is applied.
c [w = 7] Encoding duration: 312 ms.
c [w = 7] Number of clauses: 738100.
c [w = 7] Number of variables: 114000.
c [w = 7] SAT Solving starts:
c [w = 7] Solving duration: 37 ms.
c [w = 7] Answer:
s [w = 7] SAT (w = 7).
c [w = 7] Solution check = 7.
c [w = 7] The solution is correct.
c [w = 7] Result: 10.
c [Main] Max width SAT is set to 7.
c [w = 13] Start task in PID: 5156.
c [w = 13] Cyclic Antibandwidth problem with w = 13 (p22_200_400):
c [w = 13] Initializing CaDiCaL (version 2.1.3).
c [w = 13] Configuring CaDiCaL as --sat (1).
c [w = 13] Encoding starts with w = 13:
c [w = 13] Symmetry breaking highest degree node is applied.
c [w = 13] Encoding duration: 340 ms.
c [w = 13] Number of clauses: 721500.
c [w = 13] Number of variables: 122800.
c [w = 13] SAT Solving starts:
c [w = 13] Solving duration: 114 ms.
c [w = 13] Answer:
s [w = 13] SAT (w = 13).
c [w = 13] Solution check = 13.
c [w = 13] The solution is correct.
c [w = 13] Result: 10.
c [w = 26] Start task in PID: 5155.
c [w = 26] Cyclic Antibandwidth problem with w = 26 (p22_200_400):
c [w = 26] Initializing CaDiCaL (version 2.1.3).
c [w = 26] Configuring CaDiCaL as --sat (1).
c [w = 26] Encoding starts with w = 26:
c [w = 26] Symmetry breaking highest degree node is applied.
c [w = 26] Encoding duration: 350 ms.
c [w = 26] Number of clauses: 728100.
c [w = 26] Number of variables: 127600.
c [w = 26] SAT Solving starts:
c [w = 26] Solving duration: 120 ms.
c [w = 26] Answer:
s [w = 26] SAT (w = 26).
c [w = 26] Solution check = 26.
c [w = 26] The solution is correct.
c [w = 26] Result: 10.
c [Main] Max width SAT is set to 13.
c [Main] Kill lower pid 10.
c [w = 10] Start task in PID: 5158.
c [w = 10] Cyclic Antibandwidth problem with w = 10 (p22_200_400):
c [w = 10] Initializing CaDiCaL (version 2.1.3).
c [w = 10] Configuring CaDiCaL as --sat (1).
c [w = 10] Encoding starts with w = 10:
c [w = 10] Symmetry breaking highest degree node is applied.
c [Signal] Signal interruption. Caught signal: SIGTERM (15).
c [Main] Child pid 10 - 5158 terminated by signal 15.
c [w = 16] Start task in PID: 5160.
c [w = 16] Cyclic Antibandwidth problem with w = 16 (p22_200_400):
c [w = 16] Initializing CaDiCaL (version 2.1.3).
c [w = 16] Configuring CaDiCaL as --sat (1).
c [w = 16] Encoding starts with w = 16:
c [w = 16] Symmetry breaking highest degree node is applied.
c [Signal] Signal interruption. Caught signal: SIGTERM (15).
c [Main] Max width SAT is set to 26.
c [Main] Kill lower pid 16.
c [Main] Kill lower pid 19.
c [w = 19] Start task in PID: 5159.
c [w = 19] Cyclic Antibandwidth problem with w = 19 (p22_200_400):
c [w = 19] Initializing CaDiCaL (version 2.1.3).
c [w = 19] Configuring CaDiCaL as --sat (1).
c [w = 19] Encoding starts with w = 19:
c [w = 19] Symmetry breaking highest degree node is applied.
c [Signal] Signal interruption. Caught signal: SIGTERM (15).
c [Main] Child pid 16 - 5160 terminated by signal 15.
c [Main] Child pid 19 - 5159 terminated by signal 15.
c [w = 51] Start task in PID: 5154.
c [w = 51] Cyclic Antibandwidth problem with w = 51 (p22_200_400):
c [w = 51] Initializing CaDiCaL (version 2.1.3).
c [w = 51] Configuring CaDiCaL as --sat (1).
c [w = 51] Encoding starts with w = 51:
c [w = 51] Symmetry breaking highest degree node is applied.
c [w = 51] Encoding duration: 314 ms.
c [w = 51] Number of clauses: 737500.
c [w = 51] Number of variables: 129200.
c [w = 51] SAT Solving starts:
c [w = 51] Solving duration: 741 ms.
c [w = 51] Answer:
s [w = 51] SAT (w = 51).
c [w = 51] Solution check = 51.
c [w = 51] The solution is correct.
c [w = 51] Result: 10.
c [Main] Max width SAT is set to 51.
c [Main] Kill lower pid 29.
c [Main] Kill lower pid 32.
c [Main] Kill lower pid 38.
c [w = 29] Start task in PID: 5163.
c [w = 29] Cyclic Antibandwidth problem with w = 29 (p22_200_400):
c [w = 29] Initializing CaDiCaL (version 2.1.3).
c [w = 29] Configuring CaDiCaL as --sat (1).
c [w = 29] Encoding starts with w = 29:
c [w = 29] Symmetry breaking highest degree node is applied.
c [w = 29] Encoding duration: 323 ms.
c [w = 29] Number of clauses: 727100.
c [w = 29] Number of variables: 127200.
c [w = 29] SAT Solving starts:
c [w = 29] Solving duration: 123 ms.
c [w = 29] Answer:
s [w = 29] SAT (w = 29).
c [w = 29] Solution check = 29.
c [w = 29] The solution is correct.
c [Signal] Signal interruption. Caught signal: SIGTERM (15).
c [w = 32] Start task in PID: 5162.
c [w = 32] Cyclic Antibandwidth problem with w = 32 (p22_200_400):
c [w = 32] Initializing CaDiCaL (version 2.1.3).
c [w = 32] Configuring CaDiCaL as --sat (1).
c [w = 32] Encoding starts with w = 32:
c [w = 32] Symmetry breaking highest degree node is applied.
c [w = 32] Encoding duration: 330 ms.
c [w = 32] Number of clauses: 740300.
c [w = 32] Number of variables: 131400.
c [w = 32] SAT Solving starts:
c [Signal] Signal interruption. Caught signal: SIGTERM (15).
c [w = 38] Start task in PID: 5161.
c [w = 38] Cyclic Antibandwidth problem with w = 38 (p22_200_400):
c [w = 38] Initializing CaDiCaL (version 2.1.3).
c [w = 38] Configuring CaDiCaL as --sat (1).
c [w = 38] Encoding starts with w = 38:
c [w = 38] Symmetry breaking highest degree node is applied.
c [w = 38] Encoding duration: 330 ms.
c [w = 38] Number of clauses: 745500.
c [w = 38] Number of variables: 132800.
c [w = 38] SAT Solving starts:
c [Signal] Signal interruption. Caught signal: SIGTERM (15).
c [Main] Child pid 38 - 5161 terminated by signal 15.
c [Main] Child pid 32 - 5162 terminated by signal 15.
c [Main] Child pid 29 - 5163 terminated by signal 15.
c [w = 76] Start task in PID: 5164.
c [w = 76] Cyclic Antibandwidth problem with w = 76 (p22_200_400):
c [w = 76] Initializing CaDiCaL (version 2.1.3).
c [w = 76] Configuring CaDiCaL as --sat (1).
c [w = 76] Encoding starts with w = 76:
c [w = 76] Symmetry breaking highest degree node is applied.
c [w = 76] Encoding duration: 348 ms.
c [w = 76] Number of clauses: 759100.
c [w = 76] Number of variables: 134600.
c [w = 76] SAT Solving starts:
c [w = 76] Solving duration: 26 ms.
c [w = 76] Answer:
s [w = 76] UNSAT (w = 76).
c [w = 76] Result: 20.
c [Main] Min width UNSAT is set to 76
c [w = 52] Start task in PID: 5168.
c [w = 52] Cyclic Antibandwidth problem with w = 52 (p22_200_400):
c [w = 52] Initializing CaDiCaL (version 2.1.3).
c [w = 52] Configuring CaDiCaL as --sat (1).
c [w = 52] Encoding starts with w = 52:
c [w = 52] Symmetry breaking highest degree node is applied.
c [w = 52] Encoding duration: 322 ms.
c [w = 52] Number of clauses: 740100.
c [w = 52] Number of variables: 130000.
c [w = 52] SAT Solving starts:
c [w = 52] Solving duration: 96 ms.
c [w = 52] Answer:
s [w = 52] SAT (w = 52).
c [w = 52] Solution check = 52.
c [w = 52] The solution is correct.
c [w = 52] Result: 10.
c [Main] Max width SAT is set to 52.
c [w = 54] Start task in PID: 5167.
c [w = 54] Cyclic Antibandwidth problem with w = 54 (p22_200_400):
c [w = 54] Initializing CaDiCaL (version 2.1.3).
c [w = 54] Configuring CaDiCaL as --sat (1).
c [w = 54] Encoding starts with w = 54:
c [w = 54] Symmetry breaking highest degree node is applied.
c [w = 54] Encoding duration: 330 ms.
c [w = 54] Number of clauses: 745300.
c [w = 54] Number of variables: 131600.
c [w = 54] SAT Solving starts:
c [w = 54] Solving duration: 3967 ms.
c [w = 54] Answer:
s [w = 54] SAT (w = 54).
c [w = 54] Solution check = 54.
c [w = 54] The solution is correct.
c [w = 54] Result: 10.
c [Main] Max width SAT is set to 54.
c [Main] Kill lower pid 53.
c [w = 53] Start task in PID: 5169.
c [w = 53] Cyclic Antibandwidth problem with w = 53 (p22_200_400):
c [w = 53] Initializing CaDiCaL (version 2.1.3).
c [w = 53] Configuring CaDiCaL as --sat (1).
c [w = 53] Encoding starts with w = 53:
c [w = 53] Symmetry breaking highest degree node is applied.
c [w = 53] Encoding duration: 346 ms.
c [w = 53] Number of clauses: 742700.
c [w = 53] Number of variables: 130800.
c [w = 53] SAT Solving starts:
c [Signal] Signal interruption. Caught signal: SIGTERM (15).
c [Main] Child pid 53 - 5169 terminated by signal 15.
c [w = 57] Start task in PID: 5166.
c [w = 57] Cyclic Antibandwidth problem with w = 57 (p22_200_400):
c [w = 57] Initializing CaDiCaL (version 2.1.3).
c [w = 57] Configuring CaDiCaL as --sat (1).
c [w = 57] Encoding starts with w = 57:
c [w = 57] Symmetry breaking highest degree node is applied.
c [w = 57] Encoding duration: 325 ms.
c [w = 57] Number of clauses: 753100.
c [w = 57] Number of variables: 134000.
c [w = 57] SAT Solving starts:
c [w = 57] Solving duration: 4085 ms.
c [w = 57] Answer:
s [w = 57] SAT (w = 57).
c [w = 57] Solution check = 57.
c [w = 57] The solution is correct.
c [w = 57] Result: 10.
c [Main] Max width SAT is set to 57.
c [Main] Kill lower pid 56.
c [Main] Kill lower pid 55.
c [w = 56] Start task in PID: 5171.
c [w = 56] Cyclic Antibandwidth problem with w = 56 (p22_200_400):
c [w = 56] Initializing CaDiCaL (version 2.1.3).
c [w = 56] Configuring CaDiCaL as --sat (1).
c [w = 56] Encoding starts with w = 56:
c [w = 56] Symmetry breaking highest degree node is applied.
c [Signal] Signal interruption. Caught signal: SIGTERM (15).
c [w = 55] Start task in PID: 5170.
c [w = 55] Cyclic Antibandwidth problem with w = 55 (p22_200_400):
c [w = 55] Initializing CaDiCaL (version 2.1.3).
c [w = 55] Configuring CaDiCaL as --sat (1).
c [w = 55] Encoding starts with w = 55:
c [w = 55] Symmetry breaking highest degree node is applied.
c [Signal] Signal interruption. Caught signal: SIGTERM (15).
c [Main] Child pid 56 - 5171 terminated by signal 15.
c [Main] Child pid 55 - 5170 terminated by signal 15.
c [w = 59] Start task in PID: 5174.
c [w = 59] Cyclic Antibandwidth problem with w = 59 (p22_200_400):
c [w = 59] Initializing CaDiCaL (version 2.1.3).
c [w = 59] Configuring CaDiCaL as --sat (1).
c [w = 59] Encoding starts with w = 59:
c [w = 59] Symmetry breaking highest degree node is applied.
c [w = 59] Encoding duration: 336 ms.
c [w = 59] Number of clauses: 758300.
c [w = 59] Number of variables: 135600.
c [w = 59] SAT Solving starts:
c [w = 59] Solving duration: 10687 ms.
c [w = 59] Answer:
s [w = 59] SAT (w = 59).
c [w = 59] Solution check = 59.
c [w = 59] The solution is correct.
c [w = 59] Result: 10.
c [Main] Max width SAT is set to 59.
c [Main] Kill lower pid 58.
c [w = 58] Start task in PID: 5173.
c [w = 58] Cyclic Antibandwidth problem with w = 58 (p22_200_400):
c [w = 58] Initializing CaDiCaL (version 2.1.3).
c [w = 58] Configuring CaDiCaL as --sat (1).
c [w = 58] Encoding starts with w = 58:
c [w = 58] Symmetry breaking highest degree node is applied.
c [w = 58] Encoding duration: 330 ms.
c [w = 58] Number of clauses: 755700.
c [w = 58] Number of variables: 134800.
c [w = 58] SAT Solving starts:
c [Signal] Signal interruption. Caught signal: SIGTERM (15).
c [Main] Child pid 58 - 5173 terminated by signal 15.
c [w = 61] Start task in PID: 5176.
c [w = 61] Cyclic Antibandwidth problem with w = 61 (p22_200_400):
c [w = 61] Initializing CaDiCaL (version 2.1.3).
c [w = 61] Configuring CaDiCaL as --sat (1).
c [w = 61] Encoding starts with w = 61:
c [w = 61] Symmetry breaking highest degree node is applied.
c [w = 61] Encoding duration: 338 ms.
c [w = 61] Number of clauses: 763500.
c [w = 61] Number of variables: 137200.
c [w = 61] SAT Solving starts:
c [w = 61] Solving duration: 9373 ms.
c [w = 61] Answer:
s [w = 61] SAT (w = 61).
c [w = 61] Solution check = 61.
c [w = 61] The solution is correct.
c [w = 61] Result: 10.
c [Main] Max width SAT is set to 61.
c [Main] Kill lower pid 60.
c [w = 60] Start task in PID: 5172.
c [w = 60] Cyclic Antibandwidth problem with w = 60 (p22_200_400):
c [w = 60] Initializing CaDiCaL (version 2.1.3).
c [w = 60] Configuring CaDiCaL as --sat (1).
c [w = 60] Encoding starts with w = 60:
c [w = 60] Symmetry breaking highest degree node is applied.
c [w = 60] Encoding duration: 343 ms.
c [w = 60] Number of clauses: 760900.
c [w = 60] Number of variables: 136400.
c [w = 60] SAT Solving starts:
c [Signal] Signal interruption. Caught signal: SIGTERM (15).
c [Main] Child pid 60 - 5172 terminated by signal 15.
c [w = 69] Start task in PID: 5178.
c [w = 69] Cyclic Antibandwidth problem with w = 69 (p22_200_400):
c [w = 69] Initializing CaDiCaL (version 2.1.3).
c [w = 69] Configuring CaDiCaL as --sat (1).
c [w = 69] Encoding starts with w = 69:
c [w = 69] Symmetry breaking highest degree node is applied.
c [w = 69] Encoding duration: 334 ms.
c [w = 69] Number of clauses: 745100.
c [w = 69] Number of variables: 130400.
c [w = 69] SAT Solving starts:
c [w = 69] Solving duration: 22 ms.
c [w = 69] Answer:
s [w = 69] UNSAT (w = 69).
c [w = 69] Result: 20.
c [Main] Min width UNSAT is set to 69
c [w = 63] Start task in PID: 5165.
c [w = 63] Cyclic Antibandwidth problem with w = 63 (p22_200_400):
c [w = 63] Initializing CaDiCaL (version 2.1.3).
c [w = 63] Configuring CaDiCaL as --sat (1).
c [w = 63] Encoding starts with w = 63:
c [w = 63] Symmetry breaking highest degree node is applied.
c [w = 63] Encoding duration: 337 ms.
c [w = 63] Number of clauses: 768700.
c [w = 63] Number of variables: 138800.
c [w = 63] SAT Solving starts:
c [w = 63] Solving duration: 59094 ms.
c [w = 63] Answer:
s [w = 63] SAT (w = 63).
c [w = 63] Solution check = 63.
c [w = 63] The solution is correct.
c [w = 63] Result: 10.
c [Main] Max width SAT is set to 63.
c [Main] Kill lower pid 62.
c [w = 62] Start task in PID: 5177.
c [w = 62] Cyclic Antibandwidth problem with w = 62 (p22_200_400):
c [w = 62] Initializing CaDiCaL (version 2.1.3).
c [w = 62] Configuring CaDiCaL as --sat (1).
c [w = 62] Encoding starts with w = 62:
c [w = 62] Symmetry breaking highest degree node is applied.
c [w = 62] Encoding duration: 340 ms.
c [w = 62] Number of clauses: 766100.
c [w = 62] Number of variables: 138000.
c [w = 62] SAT Solving starts:
c [Signal] Signal interruption. Caught signal: SIGTERM (15).
c [Main] Child pid 62 - 5177 terminated by signal 15.
c [w = 67] Start task in PID: 5185.
c [w = 67] Cyclic Antibandwidth problem with w = 67 (p22_200_400):
c [w = 67] Initializing CaDiCaL (version 2.1.3).
c [w = 67] Configuring CaDiCaL as --sat (1).
c [w = 67] Encoding starts with w = 67:
c [w = 67] Symmetry breaking highest degree node is applied.
c [w = 67] Encoding duration: 320 ms.
c [w = 67] Number of clauses: 741100.
c [w = 67] Number of variables: 129200.
c [w = 67] SAT Solving starts:
c [w = 67] Solving duration: 22 ms.
c [w = 67] Answer:
s [w = 67] UNSAT (w = 67).
c [w = 67] Result: 20.
c [Main] Min width UNSAT is set to 67
c [w = 66] Start task in PID: 5179.
c [w = 66] Cyclic Antibandwidth problem with w = 66 (p22_200_400):
c [w = 66] Initializing CaDiCaL (version 2.1.3).
c [w = 66] Configuring CaDiCaL as --sat (1).
c [w = 66] Encoding starts with w = 66:
c [w = 66] Symmetry breaking highest degree node is applied.
c [w = 66] Encoding duration: 340 ms.
c [w = 66] Number of clauses: 776500.
c [w = 66] Number of variables: 141200.
c [w = 66] SAT Solving starts:
c [w = 66] Solving duration: 256649 ms.
c [w = 66] Answer:
s [w = 66] UNSAT (w = 66).
c [w = 66] Result: 20.
c [Main] Min width UNSAT is set to 66
c [w = 64] Start task in PID: 5180.
c [w = 64] Cyclic Antibandwidth problem with w = 64 (p22_200_400):
c [w = 64] Initializing CaDiCaL (version 2.1.3).
c [w = 64] Configuring CaDiCaL as --sat (1).
c [w = 64] Encoding starts with w = 64:
c [w = 64] Symmetry breaking highest degree node is applied.
c [w = 64] Encoding duration: 356 ms.
c [w = 64] Number of clauses: 771300.
c [w = 64] Number of variables: 139600.
c [w = 64] SAT Solving starts:
c [w = 64] Solving duration: 423956 ms.
c [w = 64] Answer:
s [w = 64] SAT (w = 64).
c [w = 64] Solution check = 64.
c [w = 64] The solution is correct.
c [w = 64] Result: 10.
c [Main] Max width SAT is set to 64.
c [w = 65] Start task in PID: 5184.
c [w = 65] Cyclic Antibandwidth problem with w = 65 (p22_200_400):
c [w = 65] Initializing CaDiCaL (version 2.1.3).
c [w = 65] Configuring CaDiCaL as --sat (1).
c [w = 65] Encoding starts with w = 65:
c [w = 65] Symmetry breaking highest degree node is applied.
c [w = 65] Encoding duration: 343 ms.
c [w = 65] Number of clauses: 773900.
c [w = 65] Number of variables: 140400.
c [w = 65] SAT Solving starts:
c [Signal] Signal interruption. Caught signal: SIGTERM (15).
c [Main] Lim pid ends with result: 254.
c [Main] All children have completed.
r [Main] 
r [Main] Final results: 
r [Main] Max width SAT:  	64.
r [Main] Min width UNSAT:	66.
r [Main] Total real time: 1805585 ms.
r [Main] Total memory consumed: 1051.9 MB.
r [Main] 
