c [Version] Cyclic Bandwidth Encoder version 1.0.0.
c [Param] Real time limit is set to 1800.
c [Param] Memory limit is set to 30000.
c [Param] Worker count is set to 4.
c [Main] Encoding and solving for graph: p38_200_2000.
c [Main] Search strategy: Binary search from lower bound.
c [Main] No predefined lower bound is found for p38_200_2000.
c [Main] LB-w = 2 (default value).
c [Main] No predefined upper bound is found for p38_200_2000.
c [Main] UB-w = 100 (default value calculated as n/2).
c [Main] Search order: 51 26 13 7 4 2 3 5 6 10 8 9 11 12 19 16 14 15 17 18 22 20 21 24 23 25 38 32 29 27 28 30 31 35 33 34 36 37 44 41 39 40 42 43 47 45 46 49 48 50 76 63 57 54 52 53 55 56 60 58 59 61 62 69 66 64 65 67 68 72 70 71 74 73 75 88 82 79 77 78 80 81 85 83 84 86 87 94 91 89 90 92 93 97 95 96 99 98 100.
c [w = 51] Start task in PID: 33400.
c [w = 51] Cyclic Antibandwidth problem with w = 51 (p38_200_2000):
c [w = 51] Initializing CaDiCaL (version 2.1.3).
c [w = 51] Configuring CaDiCaL as --sat (1).
c [w = 51] Encoding starts with w = 51:
c [w = 51] Symmetry breaking highest degree node is applied.
c [w = 51] Encoding duration: 892 ms.
c [w = 51] Number of clauses: 1998300.
c [w = 51] Number of variables: 129200.
c [w = 51] SAT Solving starts:
c [w = 51] Solving duration: 52 ms.
c [w = 51] Answer:
s [w = 51] UNSAT (w = 51).
c [w = 51] Result: 20.
c [Main] Min width UNSAT is set to 51
c [w = 7] Start task in PID: 33403.
c [w = 7] Cyclic Antibandwidth problem with w = 7 (p38_200_2000):
c [w = 7] Initializing CaDiCaL (version 2.1.3).
c [w = 7] Configuring CaDiCaL as --sat (1).
c [w = 7] Encoding starts with w = 7:
c [w = 7] Symmetry breaking highest degree node is applied.
c [w = 7] Encoding duration: 840 ms.
c [w = 7] Number of clauses: 1878900.
c [w = 7] Number of variables: 114000.
c [w = 7] SAT Solving starts:
c [w = 7] Solving duration: 108 ms.
c [w = 7] Answer:
s [w = 7] SAT (w = 7).
c [w = 7] Solution check = 7.
c [w = 7] The solution is correct.
c [w = 7] Result: 10.
c [Main] Max width SAT is set to 7.
c [Main] Kill lower pid 4.
c [w = 4] Start task in PID: 33404.
c [w = 4] Cyclic Antibandwidth problem with w = 4 (p38_200_2000):
c [w = 4] Initializing CaDiCaL (version 2.1.3).
c [w = 4] Configuring CaDiCaL as --sat (1).
c [w = 4] Encoding starts with w = 4:
c [w = 4] Symmetry breaking highest degree node is applied.
c [Signal] Signal interruption. Caught signal: SIGTERM (15).
c [w = 13] Start task in PID: 33402.
c [w = 13] Cyclic Antibandwidth problem with w = 13 (p38_200_2000):
c [w = 13] Initializing CaDiCaL (version 2.1.3).
c [w = 13] Configuring CaDiCaL as --sat (1).
c [w = 13] Encoding starts with w = 13:
c [w = 13] Symmetry breaking highest degree node is applied.
c [w = 13] Encoding duration: 821 ms.
c [w = 13] Number of clauses: 1924700.
c [w = 13] Number of variables: 122800.
c [w = 13] SAT Solving starts:
c [w = 13] Solving duration: 187 ms.
c [w = 13] Answer:
s [w = 13] SAT (w = 13).
c [w = 13] Solution check = 13.
c [w = 13] The solution is correct.
c [w = 13] Result: 10.
c [Main] Child pid 4 - 33404 terminated by signal 15.
c [Main] Max width SAT is set to 13.
c [Main] Kill lower pid 8.
c [Main] Kill lower pid 10.
c [w = 8] Start task in PID: 33406.
c [w = 8] Cyclic Antibandwidth problem with w = 8 (p38_200_2000):
c [w = 8] Initializing CaDiCaL (version 2.1.3).
c [w = 8] Configuring CaDiCaL as --sat (1).
c [w = 8] Encoding starts with w = 8:
c [w = 8] Symmetry breaking highest degree node is applied.
c [Signal] Signal interruption. Caught signal: SIGTERM (15).
c [w = 10] Start task in PID: 33405.
c [w = 10] Cyclic Antibandwidth problem with w = 10 (p38_200_2000):
c [w = 10] Initializing CaDiCaL (version 2.1.3).
c [w = 10] Configuring CaDiCaL as --sat (1).
c [w = 10] Encoding starts with w = 10:
c [w = 10] Symmetry breaking highest degree node is applied.
c [Signal] Signal interruption. Caught signal: SIGTERM (15).
c [Main] Child pid 8 - 33406 terminated by signal 15.
c [Main] Child pid 10 - 33405 terminated by signal 15.
c [w = 14] Start task in PID: 33409.
c [w = 14] Cyclic Antibandwidth problem with w = 14 (p38_200_2000):
c [w = 14] Initializing CaDiCaL (version 2.1.3).
c [w = 14] Configuring CaDiCaL as --sat (1).
c [w = 14] Encoding starts with w = 14:
c [w = 14] Symmetry breaking highest degree node is applied.
c [w = 14] Encoding duration: 887 ms.
c [w = 14] Number of clauses: 1930700.
c [w = 14] Number of variables: 123800.
c [w = 14] SAT Solving starts:
c [w = 14] Solving duration: 957 ms.
c [w = 14] Answer:
s [w = 14] SAT (w = 14).
c [w = 14] Solution check = 14.
c [w = 14] The solution is correct.
c [w = 14] Result: 10.
c [Main] Max width SAT is set to 14.
c [w = 15] Start task in PID: 33410.
c [w = 15] Cyclic Antibandwidth problem with w = 15 (p38_200_2000):
c [w = 15] Initializing CaDiCaL (version 2.1.3).
c [w = 15] Configuring CaDiCaL as --sat (1).
c [w = 15] Encoding starts with w = 15:
c [w = 15] Symmetry breaking highest degree node is applied.
c [w = 15] Encoding duration: 839 ms.
c [w = 15] Number of clauses: 1935700.
c [w = 15] Number of variables: 124400.
c [w = 15] SAT Solving starts:
c [w = 15] Solving duration: 372 ms.
c [w = 15] Answer:
s [w = 15] SAT (w = 15).
c [w = 15] Solution check = 15.
c [w = 15] The solution is correct.
c [w = 15] Result: 10.
c [Main] Max width SAT is set to 15.
c [w = 16] Start task in PID: 33408.
c [w = 16] Cyclic Antibandwidth problem with w = 16 (p38_200_2000):
c [w = 16] Initializing CaDiCaL (version 2.1.3).
c [w = 16] Configuring CaDiCaL as --sat (1).
c [w = 16] Encoding starts with w = 16:
c [w = 16] Symmetry breaking highest degree node is applied.
c [w = 16] Encoding duration: 904 ms.
c [w = 16] Number of clauses: 1939700.
c [w = 16] Number of variables: 124600.
c [w = 16] SAT Solving starts:
c [w = 16] Solving duration: 3108 ms.
c [w = 16] Answer:
s [w = 16] SAT (w = 16).
c [w = 16] Solution check = 16.
c [w = 16] The solution is correct.
c [w = 16] Result: 10.
c [Main] Max width SAT is set to 16.
c [w = 19] Start task in PID: 33407.
c [w = 19] Cyclic Antibandwidth problem with w = 19 (p38_200_2000):
c [w = 19] Initializing CaDiCaL (version 2.1.3).
c [w = 19] Configuring CaDiCaL as --sat (1).
c [w = 19] Encoding starts with w = 19:
c [w = 19] Symmetry breaking highest degree node is applied.
c [w = 19] Encoding duration: 819 ms.
c [w = 19] Number of clauses: 1951500.
c [w = 19] Number of variables: 126000.
c [w = 19] SAT Solving starts:
c [w = 19] Solving duration: 7262 ms.
c [w = 19] Answer:
s [w = 19] SAT (w = 19).
c [w = 19] Solution check = 19.
c [w = 19] The solution is correct.
c [w = 19] Result: 10.
c [Main] Max width SAT is set to 19.
c [Main] Kill lower pid 18.
c [Main] Kill lower pid 17.
c [w = 18] Start task in PID: 33412.
c [w = 18] Cyclic Antibandwidth problem with w = 18 (p38_200_2000):
c [w = 18] Initializing CaDiCaL (version 2.1.3).
c [w = 18] Configuring CaDiCaL as --sat (1).
c [w = 18] Encoding starts with w = 18:
c [w = 18] Symmetry breaking highest degree node is applied.
c [w = 18] Encoding duration: 868 ms.
c [w = 18] Number of clauses: 1950100.
c [w = 18] Number of variables: 126800.
c [w = 18] SAT Solving starts:
c [Signal] Signal interruption. Caught signal: SIGTERM (15).
c [w = 17] Start task in PID: 33411.
c [w = 17] Cyclic Antibandwidth problem with w = 17 (p38_200_2000):
c [w = 17] Initializing CaDiCaL (version 2.1.3).
c [w = 17] Configuring CaDiCaL as --sat (1).
c [w = 17] Encoding starts with w = 17:
c [w = 17] Symmetry breaking highest degree node is applied.
c [w = 17] Encoding duration: 794 ms.
c [w = 17] Number of clauses: 1942700.
c [w = 17] Number of variables: 124400.
c [w = 17] SAT Solving starts:
c [Signal] Signal interruption. Caught signal: SIGTERM (15).
c [Main] Child pid 18 - 33412 terminated by signal 15.
c [Main] Child pid 17 - 33411 terminated by signal 15.
c [w = 21] Start task in PID: 33415.
c [w = 21] Cyclic Antibandwidth problem with w = 21 (p38_200_2000):
c [w = 21] Initializing CaDiCaL (version 2.1.3).
c [w = 21] Configuring CaDiCaL as --sat (1).
c [w = 21] Encoding starts with w = 21:
c [w = 21] Symmetry breaking highest degree node is applied.
c [w = 21] Encoding duration: 838 ms.
c [w = 21] Number of clauses: 1958100.
c [w = 21] Number of variables: 126800.
c [w = 21] SAT Solving starts:
c [w = 21] Solving duration: 18250 ms.
c [w = 21] Answer:
s [w = 21] SAT (w = 21).
c [w = 21] Solution check = 21.
c [w = 21] The solution is correct.
c [w = 21] Result: 10.
c [Main] Max width SAT is set to 21.
c [Main] Kill lower pid 20.
c [w = 20] Start task in PID: 33414.
c [w = 20] Cyclic Antibandwidth problem with w = 20 (p38_200_2000):
c [w = 20] Initializing CaDiCaL (version 2.1.3).
c [w = 20] Configuring CaDiCaL as --sat (1).
c [w = 20] Encoding starts with w = 20:
c [w = 20] Symmetry breaking highest degree node is applied.
c [w = 20] Encoding duration: 862 ms.
c [w = 20] Number of clauses: 1951900.
c [w = 20] Number of variables: 124800.
c [w = 20] SAT Solving starts:
c [Signal] Signal interruption. Caught signal: SIGTERM (15).
c [Main] Child pid 20 - 33414 terminated by signal 15.
c [w = 22] Start task in PID: 33413.
c [w = 22] Cyclic Antibandwidth problem with w = 22 (p38_200_2000):
c [w = 22] Initializing CaDiCaL (version 2.1.3).
c [w = 22] Configuring CaDiCaL as --sat (1).
c [w = 22] Encoding starts with w = 22:
c [w = 22] Symmetry breaking highest degree node is applied.
c [w = 22] Encoding duration: 867 ms.
c [w = 22] Number of clauses: 1964300.
c [w = 22] Number of variables: 128800.
c [w = 22] SAT Solving starts:
c [w = 22] Solving duration: 500320 ms.
c [w = 22] Answer:
s [w = 22] SAT (w = 22).
c [w = 22] Solution check = 22.
c [w = 22] The solution is correct.
c [w = 22] Result: 10.
c [Main] Max width SAT is set to 22.
c [w = 25] Start task in PID: 34092.
c [w = 25] Cyclic Antibandwidth problem with w = 25 (p38_200_2000):
c [w = 25] Initializing CaDiCaL (version 2.1.3).
c [w = 25] Configuring CaDiCaL as --sat (1).
c [w = 25] Encoding starts with w = 25:
c [w = 25] Symmetry breaking highest degree node is applied.
c [w = 25] Encoding duration: 830 ms.
c [w = 25] Number of clauses: 1964700.
c [w = 25] Number of variables: 126000.
c [w = 25] SAT Solving starts:
c [Signal] Signal interruption. Caught signal: SIGTERM (15).
c [w = 24] Start task in PID: 33416.
c [w = 24] Cyclic Antibandwidth problem with w = 24 (p38_200_2000):
c [w = 24] Initializing CaDiCaL (version 2.1.3).
c [w = 24] Configuring CaDiCaL as --sat (1).
c [w = 24] Encoding starts with w = 24:
c [w = 24] Symmetry breaking highest degree node is applied.
c [w = 24] Encoding duration: 911 ms.
c [w = 24] Number of clauses: 1968100.
c [w = 24] Number of variables: 128600.
c [w = 24] SAT Solving starts:
c [Signal] Signal interruption. Caught signal: SIGTERM (15).
c [w = 23] Start task in PID: 33417.
c [w = 23] Cyclic Antibandwidth problem with w = 23 (p38_200_2000):
c [w = 23] Initializing CaDiCaL (version 2.1.3).
c [w = 23] Configuring CaDiCaL as --sat (1).
c [w = 23] Encoding starts with w = 23:
c [w = 23] Symmetry breaking highest degree node is applied.
c [w = 23] Encoding duration: 844 ms.
c [w = 23] Number of clauses: 1962500.
c [w = 23] Number of variables: 126800.
c [w = 23] SAT Solving starts:
c [Signal] Signal interruption. Caught signal: SIGTERM (15).
c [w = 26] Start task in PID: 33401.
c [w = 26] Cyclic Antibandwidth problem with w = 26 (p38_200_2000):
c [w = 26] Initializing CaDiCaL (version 2.1.3).
c [w = 26] Configuring CaDiCaL as --sat (1).
c [w = 26] Encoding starts with w = 26:
c [w = 26] Symmetry breaking highest degree node is applied.
c [w = 26] Encoding duration: 885 ms.
c [w = 26] Number of clauses: 1969700.
c [w = 26] Number of variables: 127600.
c [w = 26] SAT Solving starts:
c [Signal] Signal interruption. Caught signal: SIGTERM (15).
c [Main] Lim pid ends with result: 254.
c [Main] All children have completed.
r [Main] 
r [Main] Final results: 
r [Main] Max width SAT:  	22.
r [Main] Min width UNSAT:	51.
r [Main] Total real time: 1808518 ms.
r [Main] Total memory consumed: 2368.8 MB.
r [Main] 
