c [Version] Cyclic Bandwidth Encoder version 1.0.0.
c [Param] Real time limit is set to 1800.
c [Param] Memory limit is set to 30000.
c [Param] Worker count is set to 8.
c [Main] Encoding and solving for graph: G-will57.mtx.rnd
c [Main] Search strategy: Iterating from lower bound.
c [w = 6] Start task in PID: 827170.
c [w = 6] Antibandwidth problem with w = 6 (G-will57.mtx.rnd):
c [w = 6] Initializing CaDiCaL (version 2.1.3).
c [w = 6] Configuring CaDiCaL as --sat (1).
c [w = 6] Encoding starts with w = 6:
c [w = 6] Symmetry breaking highest degree node is applied.
c [w = 6] Encoding duration: 36 ms
c [w = 6] Number of clauses: 58519
c [w = 6] Number of variables: 9804
c [w = 10] Start task in PID: 827174.
c [w = 10] Antibandwidth problem with w = 10 (G-will57.mtx.rnd):
c [w = 10] Initializing CaDiCaL (version 2.1.3).
c [w = 10] Configuring CaDiCaL as --sat (1).
c [w = 10] Encoding starts with w = 10:
c [w = 10] Symmetry breaking highest degree node is applied.
c [w = 10] Encoding duration: 37 ms
c [w = 10] Number of clauses: 60385
c [w = 10] Number of variables: 10488
c [w = 7] Start task in PID: 827171.
c [w = 7] Antibandwidth problem with w = 7 (G-will57.mtx.rnd):
c [w = 7] Initializing CaDiCaL (version 2.1.3).
c [w = 7] Configuring CaDiCaL as --sat (1).
c [w = 7] Encoding starts with w = 7:
c [w = 7] Symmetry breaking highest degree node is applied.
c [w = 7] Encoding duration: 38 ms
c [w = 7] Number of clauses: 58615
c [w = 9] Start task in PID: 827173.
c [w = 9] Antibandwidth problem with w = 9 (G-will57.mtx.rnd):
c [w = 9] Initializing CaDiCaL (version 2.1.3).
c [w = 9] Configuring CaDiCaL as --sat (1).
c [w = 9] Encoding starts with w = 9:
c [w = 9] Symmetry breaking highest degree node is applied.
c [w = 9] Encoding duration: 38 ms
c [w = 9] Number of clauses: 60346
c [w = 9] Number of variables: 10488
c [w = 7] Number of variables: 9918
c [w = 12] Start task in PID: 827176.
c [w = 12] Antibandwidth problem with w = 12 (G-will57.mtx.rnd):
c [w = 12] Initializing CaDiCaL (version 2.1.3).
c [w = 12] Configuring CaDiCaL as --sat (1).
c [w = 12] Encoding starts with w = 12:
c [w = 12] Symmetry breaking highest degree node is applied.
c [w = 12] Encoding duration: 39 ms
c [w = 12] Number of clauses: 61051
c [w = 11] Start task in PID: 827175.
c [w = 11] Antibandwidth problem with w = 11 (G-will57.mtx.rnd):
c [w = 11] Initializing CaDiCaL (version 2.1.3).
c [w = 11] Configuring CaDiCaL as --sat (1).
c [w = 11] Encoding starts with w = 11:
c [w = 11] Symmetry breaking highest degree node is applied.
c [w = 11] Encoding duration: 39 ms
c [w = 11] Number of clauses: 61468
c [w = 11] Number of variables: 10830
c [w = 12] Number of variables: 10659
c [w = 13] Start task in PID: 827177.
c [w = 13] Antibandwidth problem with w = 13 (G-will57.mtx.rnd):
c [w = 13] Initializing CaDiCaL (version 2.1.3).
c [w = 13] Configuring CaDiCaL as --sat (1).
c [w = 13] Encoding starts with w = 13:
c [w = 13] Symmetry breaking highest degree node is applied.
c [w = 13] Encoding duration: 43 ms
c [w = 13] Number of clauses: 61963
c [w = 13] Number of variables: 10944
c [w = 8] Start task in PID: 827172.
c [w = 8] Antibandwidth problem with w = 8 (G-will57.mtx.rnd):
c [w = 8] Initializing CaDiCaL (version 2.1.3).
c [w = 8] Configuring CaDiCaL as --sat (1).
c [w = 8] Encoding starts with w = 8:
c [w = 8] Symmetry breaking highest degree node is applied.
c [w = 8] Encoding duration: 51 ms
c [w = 8] Number of clauses: 59053
c [w = 8] Number of variables: 10089
c [w = 9] SAT Solving starts:
c [w = 9] Solving duration: 7 ms
c [w = 9] Answer: 
s [w = 9] SAT (w = 9)
c [w = 9] Solution check = 9.
c [w = 9] The solution is correct.
c [w = 9] Result: 10
c [w = 8] SAT Solving starts:
c [Signal] Signal interruption. Caught signal: SIGTERM (15)
c [Main] Max width SAT is set to 9
c [Main] Kill lower pid 8.
c [Main] Kill lower pid 7.
c [Main] Kill lower pid 6.
c [w = 7] SAT Solving starts:
c [Signal] Signal interruption. Caught signal: SIGTERM (15)
c [w = 6] SAT Solving starts:
c [w = 6] Solving duration: 9 ms
c [w = 6] Answer: 
s [w = 6] SAT (w = 6)
c [w = 6] Solution check = 6.
c [w = 6] The solution is correct.
c [Signal] Signal interruption. Caught signal: SIGTERM (15)
c [Main] Child pid 8 - 827172 terminated by signal 15
c [Main] Child pid 6 - 827170 terminated by signal 15
c [Main] Child pid 7 - 827171 terminated by signal 15
c [w = 12] SAT Solving starts:
c [w = 12] Solving duration: 16 ms
c [w = 12] Answer: 
s [w = 12] UNSAT (w = 12)
c [w = 12] Result: 20
c [Main] Min width UNSAT is set to 12
c [Main] Kill higher pid 14.
c [Main] Kill higher pid 13.
c [w = 14] Start task in PID: 827178.
c [w = 14] Antibandwidth problem with w = 14 (G-will57.mtx.rnd):
c [w = 14] Initializing CaDiCaL (version 2.1.3).
c [w = 14] Configuring CaDiCaL as --sat (1).
c [w = 14] Encoding starts with w = 14:
c [w = 14] Symmetry breaking highest degree node is applied.
c [Signal] Signal interruption. Caught signal: SIGTERM (15)
c [w = 13] SAT Solving starts:
c [w = 13] Solving duration: 20 ms
c [w = 13] Answer: 
s [w = 13] UNSAT (w = 13)
c [Signal] Signal interruption. Caught signal: SIGTERM (15)
c [Main] Child pid 14 - 827178 terminated by signal 15
c [Main] Child pid 13 - 827177 terminated by signal 15
c [w = 11] SAT Solving starts:
c [w = 11] Solving duration: 44 ms
c [w = 11] Answer: 
s [w = 11] SAT (w = 11)
c [w = 11] Solution check = 11.
c [w = 11] The solution is correct.
c [w = 11] Result: 10
c [Main] Max width SAT is set to 11
c [Main] Kill lower pid 10.
c [w = 10] SAT Solving starts:
c [Signal] Signal interruption. Caught signal: SIGTERM (15)
c [Main] Child pid 10 - 827174 terminated by signal 15
c [Signal] Signal interruption. Caught signal: SIGTERM (15)
c [Main] All children have completed.
r [Main] 
r [Main] Final results: 
r [Main] Max width SAT:  	11
r [Main] Min width UNSAT:	12
r [Main] Total real time: 100 ms
r [Main] Total memory consumed 3.7 MB
r [Main] 
