c [Version] Cyclic Bandwidth Encoder version 1.0.0.
c [Param] Real time limit is set to 1800.
c [Param] Memory limit is set to 30000.
c [Param] Worker count is set to 8.
c [Main] Encoding and solving for graph: 3dmesh_2_2_168.txt.
c [Main] Search strategy: Binary search from lower bound.
c [Main] No predefined lower bound is found for 3dmesh_2_2_168.txt.
c [Main] LB-w = 2 (default value).
c [Main] Upper bound is set to 334.
c [Main] Search order: 168 84 42 21 11 6 3 2 4 5 8 7 9 10 16 13 12 14 15 18 17 19 20 31 26 23 22 24 25 28 27 29 30 36 33 32 34 35 39 37 38 40 41 63 52 47 44 43 45 46 49 48 50 51 57 54 53 55 56 60 58 59 61 62 73 68 65 64 66 67 70 69 71 72 78 75 74 76 77 81 79 80 82 83 126 105 94 89 86 85 87 88 91 90 92 93 99 96 95 97 98 102 100 101 103 104 115 110 107 106 108 109 112 111 113 114 120 117 116 118 119 123 121 122 124 125 147 136 131 128 127 129 130 133 132 134 135 141 138 137 139 140 144 142 143 145 146 157 152 149 148 150 151 154 153 155 156 162 159 158 160 161 165 163 164 166 167 251 209 188 178 173 170 169 171 172 175 174 176 177 183 180 179 181 182 185 184 186 187 198 193 190 189 191 192 195 194 196 197 203 200 199 201 202 206 204 205 207 208 230 219 214 211 210 212 213 216 215 217 218 224 221 220 222 223 227 225 226 228 229 240 235 232 231 233 234 237 236 238 239 245 242 241 243 244 248 246 247 249 250 293 272 261 256 253 252 254 255 258 257 259 260 266 263 262 264 265 269 267 268 270 271 282 277 274 273 275 276 279 278 280 281 287 284 283 285 286 290 288 289 291 292 314 303 298 295 294 296 297 300 299 301 302 308 305 304 306 307 311 309 310 312 313 324 319 316 315 317 318 321 320 322 323 329 326 325 327 328 332 330 331 333 334.
c [w = 11] Start task in PID: 2136.
c [w = 11] Cyclic Antibandwidth problem with w = 11 (3dmesh_2_2_168.txt):
c [w = 11] Initializing CaDiCaL (version 2.1.3).
c [w = 11] Configuring CaDiCaL as --sat (1).
c [w = 11] Encoding starts with w = 11:
c [w = 11] Symmetry breaking highest degree node is applied.
c [w = 11] Encoding duration: 10083 ms.
c [w = 11] Number of clauses: 8912472.
c [w = 11] Number of variables: 1298304.
c [w = 11] SAT Solving starts:
c [w = 11] Solving duration: 2593 ms.
c [w = 11] Answer:
s [w = 11] SAT (w = 11).
c [w = 11] Solution check = 11.
c [w = 11] The solution is correct.
c [w = 11] Result: 10.
c [Main] Max width SAT is set to 11.
c [Main] Kill lower pid 2.
c [Main] Kill lower pid 3.
c [Main] Kill lower pid 6.
c [w = 3] Start task in PID: 2138.
c [w = 3] Cyclic Antibandwidth problem with w = 3 (3dmesh_2_2_168.txt):
c [w = 3] Initializing CaDiCaL (version 2.1.3).
c [w = 3] Configuring CaDiCaL as --sat (1).
c [w = 3] Encoding starts with w = 3:
c [w = 3] Symmetry breaking highest degree node is applied.
c [Signal] Signal interruption. Caught signal: SIGTERM (15).
c [w = 6] Start task in PID: 2137.
c [w = 6] Cyclic Antibandwidth problem with w = 6 (3dmesh_2_2_168.txt):
c [w = 6] Initializing CaDiCaL (version 2.1.3).
c [w = 6] Configuring CaDiCaL as --sat (1).
c [w = 6] Encoding starts with w = 6:
c [w = 6] Symmetry breaking highest degree node is applied.
c [w = 6] Encoding duration: 11500 ms.
c [w = 6] Number of clauses: 11343024.
c [w = 6] Number of variables: 1196160.
c [w = 6] SAT Solving starts:
c [w = 6] Solving duration: 1781 ms.
c [w = 6] Answer:
s [w = 6] SAT (w = 6).
c [w = 6] Solution check = 6.
c [w = 6] The solution is correct.
c [Signal] Signal interruption. Caught signal: SIGTERM (15).
c [w = 2] Start task in PID: 2139.
c [w = 2] Cyclic Antibandwidth problem with w = 2 (3dmesh_2_2_168.txt):
c [w = 2] Initializing CaDiCaL (version 2.1.3).
c [w = 2] Configuring CaDiCaL as --sat (1).
c [w = 2] Encoding starts with w = 2:
c [w = 2] Symmetry breaking highest degree node is applied.
c [Signal] Signal interruption. Caught signal: SIGTERM (15).
c [Main] Child pid 6 - 2137 terminated by signal 15.
c [Main] Child pid 3 - 2138 terminated by signal 15.
c [Main] Child pid 2 - 2139 terminated by signal 15.
c [w = 14] Start task in PID: 2180.
c [w = 14] Cyclic Antibandwidth problem with w = 14 (3dmesh_2_2_168.txt):
c [w = 14] Initializing CaDiCaL (version 2.1.3).
c [w = 14] Configuring CaDiCaL as --sat (1).
c [w = 14] Encoding starts with w = 14:
c [w = 14] Symmetry breaking highest degree node is applied.
c [w = 14] Encoding duration: 8829 ms.
c [w = 14] Number of clauses: 8530608.
c [w = 14] Number of variables: 1325184.
c [w = 14] SAT Solving starts:
c [w = 14] Solving duration: 1856 ms.
c [w = 14] Answer:
s [w = 14] SAT (w = 14).
c [w = 14] Solution check = 14.
c [w = 14] The solution is correct.
c [w = 14] Result: 10.
c [Main] Max width SAT is set to 14.
c [Main] Kill lower pid 13.
c [Main] Kill lower pid 12.
c [w = 13] Start task in PID: 2178.
c [w = 13] Cyclic Antibandwidth problem with w = 13 (3dmesh_2_2_168.txt):
c [w = 13] Initializing CaDiCaL (version 2.1.3).
c [w = 13] Configuring CaDiCaL as --sat (1).
c [w = 13] Encoding starts with w = 13:
c [w = 13] Symmetry breaking highest degree node is applied.
c [w = 13] Encoding duration: 9882 ms.
c [w = 13] Number of clauses: 8633472.
c [w = 13] Number of variables: 1319808.
c [w = 13] SAT Solving starts:
c [Signal] Signal interruption. Caught signal: SIGTERM (15).
c [w = 12] Start task in PID: 2179.
c [w = 12] Cyclic Antibandwidth problem with w = 12 (3dmesh_2_2_168.txt):
c [w = 12] Initializing CaDiCaL (version 2.1.3).
c [w = 12] Configuring CaDiCaL as --sat (1).
c [w = 12] Encoding starts with w = 12:
c [w = 12] Symmetry breaking highest degree node is applied.
c [w = 12] Encoding duration: 8943 ms.
c [w = 12] Number of clauses: 8730960.
c [w = 12] Number of variables: 1309056.
c [w = 12] SAT Solving starts:
c [w = 12] Solving duration: 1831 ms.
c [w = 12] Answer:
s [w = 12] SAT (w = 12).
c [w = 12] Solution check = 12.
c [w = 12] The solution is correct.
c [Signal] Signal interruption. Caught signal: SIGTERM (15).
c [Main] Child pid 13 - 2178 terminated by signal 15.
c [Main] Child pid 12 - 2179 terminated by signal 15.
c [w = 16] Start task in PID: 2177.
c [w = 16] Cyclic Antibandwidth problem with w = 16 (3dmesh_2_2_168.txt):
c [w = 16] Initializing CaDiCaL (version 2.1.3).
c [w = 16] Configuring CaDiCaL as --sat (1).
c [w = 16] Encoding starts with w = 16:
c [w = 16] Symmetry breaking highest degree node is applied.
c [w = 16] Encoding duration: 9794 ms.
c [w = 16] Number of clauses: 8408904.
c [w = 16] Number of variables: 1337280.
c [w = 16] SAT Solving starts:
c [w = 16] Solving duration: 15064 ms.
c [w = 16] Answer:
s [w = 16] SAT (w = 16).
c [w = 16] Solution check = 16.
c [w = 16] The solution is correct.
c [w = 16] Result: 10.
c [w = 42] Start task in PID: 2134.
c [w = 42] Cyclic Antibandwidth problem with w = 42 (3dmesh_2_2_168.txt):
c [w = 42] Initializing CaDiCaL (version 2.1.3).
c [w = 42] Configuring CaDiCaL as --sat (1).
c [w = 42] Encoding starts with w = 42:
c [w = 42] Symmetry breaking highest degree node is applied.
c [w = 42] Encoding duration: 9363 ms.
c [w = 42] Number of clauses: 8172720.
c [w = 42] Number of variables: 1389696.
c [w = 42] SAT Solving starts:
c [w = 42] Solving duration: 30751 ms.
c [w = 42] Answer:
s [w = 42] SAT (w = 42).
c [w = 42] Solution check = 42.
c [w = 42] The solution is correct.
c [w = 42] Result: 10.
c [Main] Max width SAT is set to 16.
c [Main] Kill lower pid 15.
c [w = 15] Start task in PID: 2235.
c [w = 15] Cyclic Antibandwidth problem with w = 15 (3dmesh_2_2_168.txt):
c [w = 15] Initializing CaDiCaL (version 2.1.3).
c [w = 15] Configuring CaDiCaL as --sat (1).
c [w = 15] Encoding starts with w = 15:
c [w = 15] Symmetry breaking highest degree node is applied.
c [w = 15] Encoding duration: 8650 ms.
c [w = 15] Number of clauses: 8472780.
c [w = 15] Number of variables: 1333248.
c [w = 15] SAT Solving starts:
c [Signal] Signal interruption. Caught signal: SIGTERM (15).
c [w = 17] Start task in PID: 2237.
c [w = 17] Cyclic Antibandwidth problem with w = 17 (3dmesh_2_2_168.txt):
c [w = 17] Initializing CaDiCaL (version 2.1.3).
c [w = 17] Configuring CaDiCaL as --sat (1).
c [w = 17] Encoding starts with w = 17:
c [w = 17] Symmetry breaking highest degree node is applied.
c [w = 17] Encoding duration: 8769 ms.
c [w = 17] Number of clauses: 8390064.
c [w = 17] Number of variables: 1346688.
c [w = 17] SAT Solving starts:
c [Signal] Signal interruption. Caught signal: SIGTERM (15).
c [w = 18] Start task in PID: 2236.
c [w = 18] Cyclic Antibandwidth problem with w = 18 (3dmesh_2_2_168.txt):
c [w = 18] Initializing CaDiCaL (version 2.1.3).
c [w = 18] Configuring CaDiCaL as --sat (1).
c [w = 18] Encoding starts with w = 18:
c [w = 18] Symmetry breaking highest degree node is applied.
c [w = 18] Encoding duration: 8823 ms.
c [w = 18] Number of clauses: 8365848.
c [w = 18] Number of variables: 1353408.
c [w = 18] SAT Solving starts:
c [Signal] Signal interruption. Caught signal: SIGTERM (15).
c [Main] Max width SAT is set to 42.
c [Main] Kill lower pid 17.
c [Main] Kill lower pid 18.
c [Main] Kill lower pid 15.
c [Main] Kill lower pid 21.
c [Main] Kill lower pid 19.
c [w = 21] Start task in PID: 2135.
c [w = 21] Cyclic Antibandwidth problem with w = 21 (3dmesh_2_2_168.txt):
c [w = 21] Initializing CaDiCaL (version 2.1.3).
c [w = 21] Configuring CaDiCaL as --sat (1).
c [w = 21] Encoding starts with w = 21:
c [w = 21] Symmetry breaking highest degree node is applied.
c [w = 21] Encoding duration: 9455 ms.
c [w = 21] Number of clauses: 8260944.
c [w = 21] Number of variables: 1357440.
c [w = 21] SAT Solving starts:
c [Signal] Signal interruption. Caught signal: SIGTERM (15).
c [w = 19] Start task in PID: 2274.
c [w = 19] Cyclic Antibandwidth problem with w = 19 (3dmesh_2_2_168.txt):
c [w = 19] Initializing CaDiCaL (version 2.1.3).
c [w = 19] Configuring CaDiCaL as --sat (1).
c [w = 19] Encoding starts with w = 19:
c [w = 19] Symmetry breaking highest degree node is applied.
c [Signal] Signal interruption. Caught signal: SIGTERM (15).
c [Main] Child pid 19 - 2274 terminated by signal 15.
c [Main] Child pid 15 - 2235 terminated by signal 15.
c [Main] Child pid 21 - 2135 terminated by signal 15.
c [Main] Child pid 17 - 2237 terminated by signal 15.
c [Main] Child pid 18 - 2236 terminated by signal 15.
c [w = 52] Start task in PID: 2276.
c [w = 52] Cyclic Antibandwidth problem with w = 52 (3dmesh_2_2_168.txt):
c [w = 52] Initializing CaDiCaL (version 2.1.3).
c [w = 52] Configuring CaDiCaL as --sat (1).
c [w = 52] Encoding starts with w = 52:
c [w = 52] Symmetry breaking highest degree node is applied.
c [w = 52] Encoding duration: 9403 ms.
c [w = 52] Number of clauses: 8187468.
c [w = 52] Number of variables: 1398432.
c [w = 52] SAT Solving starts:
c [w = 52] Solving duration: 16403 ms.
c [w = 52] Answer:
s [w = 52] SAT (w = 52).
c [w = 52] Solution check = 52.
c [w = 52] The solution is correct.
c [w = 52] Result: 10.
c [Main] Max width SAT is set to 52.
c [Main] Kill lower pid 43.
c [Main] Kill lower pid 44.
c [Main] Kill lower pid 47.
c [Main] Kill lower pid 45.
c [w = 43] Start task in PID: 2279.
c [w = 43] Cyclic Antibandwidth problem with w = 43 (3dmesh_2_2_168.txt):
c [w = 43] Initializing CaDiCaL (version 2.1.3).
c [w = 43] Configuring CaDiCaL as --sat (1).
c [w = 43] Encoding starts with w = 43:
c [w = 43] Symmetry breaking highest degree node is applied.
c [w = 43] Encoding duration: 8414 ms.
c [w = 43] Number of clauses: 8205648.
c [w = 43] Number of variables: 1400448.
c [w = 43] SAT Solving starts:
c [Signal] Signal interruption. Caught signal: SIGTERM (15).
c [w = 44] Start task in PID: 2278.
c [w = 44] Cyclic Antibandwidth problem with w = 44 (3dmesh_2_2_168.txt):
c [w = 44] Initializing CaDiCaL (version 2.1.3).
c [w = 44] Configuring CaDiCaL as --sat (1).
c [w = 44] Encoding starts with w = 44:
c [w = 44] Symmetry breaking highest degree node is applied.
c [w = 44] Encoding duration: 9351 ms.
c [w = 44] Number of clauses: 8238576.
c [w = 44] Number of variables: 1411200.
c [w = 44] SAT Solving starts:
c [Signal] Signal interruption. Caught signal: SIGTERM (15).
c [w = 47] Start task in PID: 2277.
c [w = 47] Cyclic Antibandwidth problem with w = 47 (3dmesh_2_2_168.txt):
c [w = 47] Initializing CaDiCaL (version 2.1.3).
c [w = 47] Configuring CaDiCaL as --sat (1).
c [w = 47] Encoding starts with w = 47:
c [w = 47] Symmetry breaking highest degree node is applied.
c [w = 47] Encoding duration: 8464 ms.
c [w = 47] Number of clauses: 8241924.
c [w = 47] Number of variables: 1413888.
c [w = 47] SAT Solving starts:
c [Signal] Signal interruption. Caught signal: SIGTERM (15).
c [w = 45] Start task in PID: 2280.
c [w = 45] Cyclic Antibandwidth problem with w = 45 (3dmesh_2_2_168.txt):
c [w = 45] Initializing CaDiCaL (version 2.1.3).
c [w = 45] Configuring CaDiCaL as --sat (1).
c [w = 45] Encoding starts with w = 45:
c [w = 45] Symmetry breaking highest degree node is applied.
c [w = 45] Encoding duration: 9283 ms.
c [w = 45] Number of clauses: 8180100.
c [w = 45] Number of variables: 1393728.
c [w = 45] SAT Solving starts:
c [Signal] Signal interruption. Caught signal: SIGTERM (15).
c [Main] Child pid 47 - 2277 terminated by signal 15.
c [Main] Child pid 44 - 2278 terminated by signal 15.
c [Main] Child pid 45 - 2280 terminated by signal 15.
c [Main] Child pid 43 - 2279 terminated by signal 15.
c [w = 54] Start task in PID: 2333.
c [w = 54] Cyclic Antibandwidth problem with w = 54 (3dmesh_2_2_168.txt):
c [w = 54] Initializing CaDiCaL (version 2.1.3).
c [w = 54] Configuring CaDiCaL as --sat (1).
c [w = 54] Encoding starts with w = 54:
c [w = 54] Symmetry breaking highest degree node is applied.
c [w = 54] Encoding duration: 8533 ms.
c [w = 54] Number of clauses: 8241228.
c [w = 54] Number of variables: 1415904.
c [w = 54] SAT Solving starts:
c [w = 54] Solving duration: 2011 ms.
c [w = 54] Answer:
s [w = 54] SAT (w = 54).
c [w = 54] Solution check = 54.
c [w = 54] The solution is correct.
c [w = 54] Result: 10.
c [Main] Max width SAT is set to 54.
c [Main] Kill lower pid 53.
c [w = 53] Start task in PID: 2334.
c [w = 53] Cyclic Antibandwidth problem with w = 53 (3dmesh_2_2_168.txt):
c [w = 53] Initializing CaDiCaL (version 2.1.3).
c [w = 53] Configuring CaDiCaL as --sat (1).
c [w = 53] Encoding starts with w = 53:
c [w = 53] Symmetry breaking highest degree node is applied.
c [w = 53] Encoding duration: 8376 ms.
c [w = 53] Number of clauses: 8214348.
c [w = 53] Number of variables: 1407168.
c [w = 53] SAT Solving starts:
c [Signal] Signal interruption. Caught signal: SIGTERM (15).
c [Main] Child pid 53 - 2334 terminated by signal 15.
c [w = 84] Start task in PID: 2133.
c [w = 84] Cyclic Antibandwidth problem with w = 84 (3dmesh_2_2_168.txt):
c [w = 84] Initializing CaDiCaL (version 2.1.3).
c [w = 84] Configuring CaDiCaL as --sat (1).
c [w = 84] Encoding starts with w = 84:
c [w = 84] Symmetry breaking highest degree node is applied.
c [w = 84] Encoding duration: 9312 ms.
c [w = 84] Number of clauses: 8214288.
c [w = 84] Number of variables: 1405824.
c [w = 84] SAT Solving starts:
c [w = 84] Solving duration: 114819 ms.
c [w = 84] Answer:
s [w = 84] SAT (w = 84).
c [w = 84] Solution check = 84.
c [w = 84] The solution is correct.
c [w = 84] Result: 10.
c [w = 60] Start task in PID: 2373.
c [w = 60] Cyclic Antibandwidth problem with w = 60 (3dmesh_2_2_168.txt):
c [w = 60] Initializing CaDiCaL (version 2.1.3).
c [w = 60] Configuring CaDiCaL as --sat (1).
c [w = 60] Encoding starts with w = 60:
c [w = 60] Symmetry breaking highest degree node is applied.
c [w = 60] Encoding duration: 8448 ms.
c [w = 60] Number of clauses: 8282880.
c [w = 60] Number of variables: 1430016.
c [w = 60] SAT Solving starts:
c [Signal] Signal interruption. Caught signal: SIGTERM (15).
c [w = 56] Start task in PID: 2336.
c [w = 56] Cyclic Antibandwidth problem with w = 56 (3dmesh_2_2_168.txt):
c [w = 56] Initializing CaDiCaL (version 2.1.3).
c [w = 56] Configuring CaDiCaL as --sat (1).
c [w = 56] Encoding starts with w = 56:
c [w = 56] Symmetry breaking highest degree node is applied.
c [w = 56] Encoding duration: 8259 ms.
c [w = 56] Number of clauses: 8183424.
c [w = 56] Number of variables: 1397760.
c [w = 56] SAT Solving starts:
c [Signal] Signal interruption. Caught signal: SIGTERM (15).
c [w = 55] Start task in PID: 2335.
c [w = 55] Cyclic Antibandwidth problem with w = 55 (3dmesh_2_2_168.txt):
c [w = 55] Initializing CaDiCaL (version 2.1.3).
c [w = 55] Configuring CaDiCaL as --sat (1).
c [w = 55] Encoding starts with w = 55:
c [w = 55] Symmetry breaking highest degree node is applied.
c [w = 55] Encoding duration: 9490 ms.
c [w = 55] Number of clauses: 8268108.
c [w = 55] Number of variables: 1424640.
c [w = 55] SAT Solving starts:
c [Signal] Signal interruption. Caught signal: SIGTERM (15).
c [w = 63] Start task in PID: 2275.
c [w = 63] Cyclic Antibandwidth problem with w = 63 (3dmesh_2_2_168.txt):
c [w = 63] Initializing CaDiCaL (version 2.1.3).
c [w = 63] Configuring CaDiCaL as --sat (1).
c [w = 63] Encoding starts with w = 63:
c [w = 63] Symmetry breaking highest degree node is applied.
c [w = 63] Encoding duration: 9423 ms.
c [w = 63] Number of clauses: 8232468.
c [w = 63] Number of variables: 1413888.
c [w = 63] SAT Solving starts:
c [Signal] Signal interruption. Caught signal: SIGTERM (15).
c [w = 57] Start task in PID: 2332.
c [w = 57] Cyclic Antibandwidth problem with w = 57 (3dmesh_2_2_168.txt):
c [w = 57] Initializing CaDiCaL (version 2.1.3).
c [w = 57] Configuring CaDiCaL as --sat (1).
c [w = 57] Encoding starts with w = 57:
c [w = 57] Symmetry breaking highest degree node is applied.
c [w = 57] Encoding duration: 9320 ms.
c [w = 57] Number of clauses: 8208288.
c [w = 57] Number of variables: 1405824.
c [w = 57] SAT Solving starts:
c [Signal] Signal interruption. Caught signal: SIGTERM (15).
c [w = 58] Start task in PID: 2374.
c [w = 58] Cyclic Antibandwidth problem with w = 58 (3dmesh_2_2_168.txt):
c [w = 58] Initializing CaDiCaL (version 2.1.3).
c [w = 58] Configuring CaDiCaL as --sat (1).
c [w = 58] Encoding starts with w = 58:
c [w = 58] Symmetry breaking highest degree node is applied.
c [w = 58] Encoding duration: 8399 ms.
c [w = 58] Number of clauses: 8233152.
c [w = 58] Number of variables: 1413888.
c [w = 58] SAT Solving starts:
c [Signal] Signal interruption. Caught signal: SIGTERM (15).
c [Main] Max width SAT is set to 84.
c [Main] Kill lower pid 60.
c [Main] Kill lower pid 56.
c [Main] Kill lower pid 55.
c [Main] Kill lower pid 63.
c [Main] Kill lower pid 57.
c [Main] Kill lower pid 58.
c [Main] Child pid 58 - 2374 terminated by signal 15.
c [Main] Child pid 63 - 2275 terminated by signal 15.
c [Main] Child pid 57 - 2332 terminated by signal 15.
c [Main] Child pid 55 - 2335 terminated by signal 15.
c [Main] Child pid 56 - 2336 terminated by signal 15.
c [Main] Child pid 60 - 2373 terminated by signal 15.
c [w = 105] Start task in PID: 2431.
c [w = 105] Cyclic Antibandwidth problem with w = 105 (3dmesh_2_2_168.txt):
c [w = 105] Initializing CaDiCaL (version 2.1.3).
c [w = 105] Configuring CaDiCaL as --sat (1).
c [w = 105] Encoding starts with w = 105:
c [w = 105] Symmetry breaking highest degree node is applied.
c [w = 105] Encoding duration: 9612 ms.
c [w = 105] Number of clauses: 8360100.
c [w = 105] Number of variables: 1450176.
c [w = 105] SAT Solving starts:
c [w = 105] Solving duration: 194253 ms.
c [w = 105] Answer:
s [w = 105] SAT (w = 105).
c [w = 105] Solution check = 105.
c [w = 105] The solution is correct.
c [w = 105] Result: 10.
c [w = 85] Start task in PID: 2435.
c [w = 85] Cyclic Antibandwidth problem with w = 85 (3dmesh_2_2_168.txt):
c [w = 85] Initializing CaDiCaL (version 2.1.3).
c [w = 85] Configuring CaDiCaL as --sat (1).
c [w = 85] Encoding starts with w = 85:
c [w = 85] Symmetry breaking highest degree node is applied.
c [w = 85] Encoding duration: 8338 ms.
c [w = 85] Number of clauses: 8231088.
c [w = 85] Number of variables: 1411200.
c [w = 85] SAT Solving starts:
c [Signal] Signal interruption. Caught signal: SIGTERM (15).
c [w = 89] Start task in PID: 2433.
c [w = 89] Cyclic Antibandwidth problem with w = 89 (3dmesh_2_2_168.txt):
c [w = 89] Initializing CaDiCaL (version 2.1.3).
c [w = 89] Configuring CaDiCaL as --sat (1).
c [w = 89] Encoding starts with w = 89:
c [w = 89] Symmetry breaking highest degree node is applied.
c [w = 89] Encoding duration: 9547 ms.
c [w = 89] Number of clauses: 8298288.
c [w = 89] Number of variables: 1432704.
c [w = 89] SAT Solving starts:
c [Signal] Signal interruption. Caught signal: SIGTERM (15).
c [w = 87] Start task in PID: 2436.
c [w = 87] Cyclic Antibandwidth problem with w = 87 (3dmesh_2_2_168.txt):
c [w = 87] Initializing CaDiCaL (version 2.1.3).
c [w = 87] Configuring CaDiCaL as --sat (1).
c [w = 87] Encoding starts with w = 87:
c [w = 87] Symmetry breaking highest degree node is applied.
c [w = 87] Encoding duration: 9427 ms.
c [w = 87] Number of clauses: 8264688.
c [w = 87] Number of variables: 1421952.
c [w = 87] SAT Solving starts:
c [Signal] Signal interruption. Caught signal: SIGTERM (15).
c [Main] Max width SAT is set to 105.
c [Main] Kill lower pid 85.
c [Main] Kill lower pid 89.
c [Main] Kill lower pid 87.
c [Main] Kill lower pid 86.
c [Main] Kill lower pid 94.
c [w = 86] Start task in PID: 2434.
c [w = 86] Cyclic Antibandwidth problem with w = 86 (3dmesh_2_2_168.txt):
c [w = 86] Initializing CaDiCaL (version 2.1.3).
c [w = 86] Configuring CaDiCaL as --sat (1).
c [w = 86] Encoding starts with w = 86:
c [w = 86] Symmetry breaking highest degree node is applied.
c [w = 86] Encoding duration: 9372 ms.
c [w = 86] Number of clauses: 8247888.
c [w = 86] Number of variables: 1416576.
c [w = 86] SAT Solving starts:
c [Signal] Signal interruption. Caught signal: SIGTERM (15).
c [w = 94] Start task in PID: 2432.
c [w = 94] Cyclic Antibandwidth problem with w = 94 (3dmesh_2_2_168.txt):
c [w = 94] Initializing CaDiCaL (version 2.1.3).
c [w = 94] Configuring CaDiCaL as --sat (1).
c [w = 94] Encoding starts with w = 94:
c [w = 94] Symmetry breaking highest degree node is applied.
c [w = 94] Encoding duration: 9630 ms.
c [w = 94] Number of clauses: 8382288.
c [w = 94] Number of variables: 1459584.
c [w = 94] SAT Solving starts:
c [Signal] Signal interruption. Caught signal: SIGTERM (15).
c [Main] Child pid 86 - 2434 terminated by signal 15.
c [Main] Child pid 87 - 2436 terminated by signal 15.
c [Main] Child pid 89 - 2433 terminated by signal 15.
c [Main] Child pid 85 - 2435 terminated by signal 15.
c [Main] Child pid 94 - 2432 terminated by signal 15.
c [w = 110] Start task in PID: 2539.
c [w = 110] Cyclic Antibandwidth problem with w = 110 (3dmesh_2_2_168.txt):
c [w = 110] Initializing CaDiCaL (version 2.1.3).
c [w = 110] Configuring CaDiCaL as --sat (1).
c [w = 110] Encoding starts with w = 110:
c [w = 110] Symmetry breaking highest degree node is applied.
c [w = 110] Encoding duration: 8634 ms.
c [w = 110] Number of clauses: 8434020.
c [w = 110] Number of variables: 1473696.
c [w = 110] SAT Solving starts:
c [w = 110] Solving duration: 1603 ms.
c [w = 110] Answer:
s [w = 110] SAT (w = 110).
c [w = 110] Solution check = 110.
c [w = 110] The solution is correct.
c [w = 110] Result: 10.
c [Main] Max width SAT is set to 110.
c [Main] Kill lower pid 109.
c [Main] Kill lower pid 108.
c [Main] Kill lower pid 106.
c [Main] Kill lower pid 107.
c [w = 109] Start task in PID: 2543.
c [w = 109] Cyclic Antibandwidth problem with w = 109 (3dmesh_2_2_168.txt):
c [w = 109] Initializing CaDiCaL (version 2.1.3).
c [w = 109] Configuring CaDiCaL as --sat (1).
c [w = 109] Encoding starts with w = 109:
c [w = 109] Symmetry breaking highest degree node is applied.
c [w = 109] Encoding duration: 9807 ms.
c [w = 109] Number of clauses: 8419236.
c [w = 109] Number of variables: 1468992.
c [w = 109] SAT Solving starts:
c [Signal] Signal interruption. Caught signal: SIGTERM (15).
c [w = 108] Start task in PID: 2542.
c [w = 108] Cyclic Antibandwidth problem with w = 108 (3dmesh_2_2_168.txt):
c [w = 108] Initializing CaDiCaL (version 2.1.3).
c [w = 108] Configuring CaDiCaL as --sat (1).
c [w = 108] Encoding starts with w = 108:
c [w = 108] Symmetry breaking highest degree node is applied.
c [w = 108] Encoding duration: 8669 ms.
c [w = 108] Number of clauses: 8404452.
c [w = 108] Number of variables: 1464288.
c [w = 108] SAT Solving starts:
c [Signal] Signal interruption. Caught signal: SIGTERM (15).
c [w = 107] Start task in PID: 2540.
c [w = 107] Cyclic Antibandwidth problem with w = 107 (3dmesh_2_2_168.txt):
c [w = 107] Initializing CaDiCaL (version 2.1.3).
c [w = 107] Configuring CaDiCaL as --sat (1).
c [w = 107] Encoding starts with w = 107:
c [w = 107] Symmetry breaking highest degree node is applied.
c [w = 107] Encoding duration: 9822 ms.
c [w = 107] Number of clauses: 8389668.
c [w = 107] Number of variables: 1459584.
c [w = 107] SAT Solving starts:
c [Signal] Signal interruption. Caught signal: SIGTERM (15).
c [w = 106] Start task in PID: 2541.
c [w = 106] Cyclic Antibandwidth problem with w = 106 (3dmesh_2_2_168.txt):
c [w = 106] Initializing CaDiCaL (version 2.1.3).
c [w = 106] Configuring CaDiCaL as --sat (1).
c [w = 106] Encoding starts with w = 106:
c [w = 106] Symmetry breaking highest degree node is applied.
c [w = 106] Encoding duration: 9727 ms.
c [w = 106] Number of clauses: 8374884.
c [w = 106] Number of variables: 1454880.
c [w = 106] SAT Solving starts:
c [Signal] Signal interruption. Caught signal: SIGTERM (15).
c [Main] Child pid 108 - 2542 terminated by signal 15.
c [Main] Child pid 107 - 2540 terminated by signal 15.
c [Main] Child pid 109 - 2543 terminated by signal 15.
c [Main] Child pid 106 - 2541 terminated by signal 15.
c [w = 120] Start task in PID: 2585.
c [w = 120] Cyclic Antibandwidth problem with w = 120 (3dmesh_2_2_168.txt):
c [w = 120] Initializing CaDiCaL (version 2.1.3).
c [w = 120] Configuring CaDiCaL as --sat (1).
c [w = 120] Encoding starts with w = 120:
c [w = 120] Symmetry breaking highest degree node is applied.
c [w = 120] Encoding duration: 9511 ms.
c [w = 120] Number of clauses: 8345304.
c [w = 120] Number of variables: 1442112.
c [w = 120] SAT Solving starts:
c [w = 120] Solving duration: 13330 ms.
c [w = 120] Answer:
s [w = 120] SAT (w = 120).
c [w = 120] Solution check = 120.
c [w = 120] The solution is correct.
c [w = 120] Result: 10.
c [w = 114] Start task in PID: 2584.
c [w = 114] Cyclic Antibandwidth problem with w = 114 (3dmesh_2_2_168.txt):
c [w = 114] Initializing CaDiCaL (version 2.1.3).
c [w = 114] Configuring CaDiCaL as --sat (1).
c [w = 114] Encoding starts with w = 114:
c [w = 114] Symmetry breaking highest degree node is applied.
c [w = 114] Encoding duration: 9449 ms.
c [w = 114] Number of clauses: 8268696.
c [w = 114] Number of variables: 1417920.
c [w = 114] SAT Solving starts:
c [Signal] Signal interruption. Caught signal: SIGTERM (15).
c [Main] Max width SAT is set to 120.
c [Main] Kill lower pid 114.
c [Main] Kill lower pid 111.
c [Main] Kill lower pid 112.
c [Main] Kill lower pid 115.
c [Main] Kill lower pid 113.
c [w = 111] Start task in PID: 2582.
c [w = 111] Cyclic Antibandwidth problem with w = 111 (3dmesh_2_2_168.txt):
c [w = 111] Initializing CaDiCaL (version 2.1.3).
c [w = 111] Configuring CaDiCaL as --sat (1).
c [w = 111] Encoding starts with w = 111:
c [w = 111] Symmetry breaking highest degree node is applied.
c [w = 111] Encoding duration: 9017 ms.
c [w = 111] Number of clauses: 8448804.
c [w = 111] Number of variables: 1478400.
c [w = 111] SAT Solving starts:
c [Signal] Signal interruption. Caught signal: SIGTERM (15).
c [w = 112] Start task in PID: 2580.
c [w = 112] Cyclic Antibandwidth problem with w = 112 (3dmesh_2_2_168.txt):
c [w = 112] Initializing CaDiCaL (version 2.1.3).
c [w = 112] Configuring CaDiCaL as --sat (1).
c [w = 112] Encoding starts with w = 112:
c [w = 112] Symmetry breaking highest degree node is applied.
c [w = 112] Encoding duration: 8655 ms.
c [w = 112] Number of clauses: 8243160.
c [w = 112] Number of variables: 1409856.
c [w = 112] SAT Solving starts:
c [Signal] Signal interruption. Caught signal: SIGTERM (15).
c [w = 115] Start task in PID: 2538.
c [w = 115] Cyclic Antibandwidth problem with w = 115 (3dmesh_2_2_168.txt):
c [w = 115] Initializing CaDiCaL (version 2.1.3).
c [w = 115] Configuring CaDiCaL as --sat (1).
c [w = 115] Encoding starts with w = 115:
c [w = 115] Symmetry breaking highest degree node is applied.
c [w = 115] Encoding duration: 9405 ms.
c [w = 115] Number of clauses: 8281464.
c [w = 115] Number of variables: 1421952.
c [w = 115] SAT Solving starts:
c [Signal] Signal interruption. Caught signal: SIGTERM (15).
c [w = 113] Start task in PID: 2583.
c [w = 113] Cyclic Antibandwidth problem with w = 113 (3dmesh_2_2_168.txt):
c [w = 113] Initializing CaDiCaL (version 2.1.3).
c [w = 113] Configuring CaDiCaL as --sat (1).
c [w = 113] Encoding starts with w = 113:
c [w = 113] Symmetry breaking highest degree node is applied.
c [w = 113] Encoding duration: 8728 ms.
c [w = 113] Number of clauses: 8255928.
c [w = 113] Number of variables: 1413888.
c [w = 113] SAT Solving starts:
c [Signal] Signal interruption. Caught signal: SIGTERM (15).
c [Main] Child pid 113 - 2583 terminated by signal 15.
c [Main] Child pid 114 - 2584 terminated by signal 15.
c [Main] Child pid 115 - 2538 terminated by signal 15.
c [Main] Child pid 112 - 2580 terminated by signal 15.
c [Main] Child pid 111 - 2582 terminated by signal 15.
c [w = 168] Start task in PID: 2132.
c [w = 168] Cyclic Antibandwidth problem with w = 168 (3dmesh_2_2_168.txt):
c [w = 168] Initializing CaDiCaL (version 2.1.3).
c [w = 168] Configuring CaDiCaL as --sat (1).
c [w = 168] Encoding starts with w = 168:
c [w = 168] Symmetry breaking highest degree node is applied.
c [w = 168] Encoding duration: 9295 ms.
c [w = 168] Number of clauses: 8293536.
c [w = 168] Number of variables: 1413888.
c [w = 168] SAT Solving starts:
c [w = 168] Solving duration: 364864 ms.
c [w = 168] Answer:
s [w = 168] SAT (w = 168).
c [w = 168] Solution check = 168.
c [w = 168] The solution is correct.
c [w = 168] Result: 10.
c [w = 122] Start task in PID: 2639.
c [w = 122] Cyclic Antibandwidth problem with w = 122 (3dmesh_2_2_168.txt):
c [w = 122] Initializing CaDiCaL (version 2.1.3).
c [w = 122] Configuring CaDiCaL as --sat (1).
c [w = 122] Encoding starts with w = 122:
c [w = 122] Symmetry breaking highest degree node is applied.
c [Signal] Signal interruption. Caught signal: SIGTERM (15).
c [w = 147] Start task in PID: 2642.
c [w = 147] Cyclic Antibandwidth problem with w = 147 (3dmesh_2_2_168.txt):
c [w = 147] Initializing CaDiCaL (version 2.1.3).
c [w = 147] Configuring CaDiCaL as --sat (1).
c [w = 147] Encoding starts with w = 147:
c [w = 147] Symmetry breaking highest degree node is applied.
c [Signal] Signal interruption. Caught signal: SIGTERM (15).
c [w = 123] Start task in PID: 2637.
c [w = 123] Cyclic Antibandwidth problem with w = 123 (3dmesh_2_2_168.txt):
c [w = 123] Initializing CaDiCaL (version 2.1.3).
c [w = 123] Configuring CaDiCaL as --sat (1).
c [w = 123] Encoding starts with w = 123:
c [w = 123] Symmetry breaking highest degree node is applied.
c [Signal] Signal interruption. Caught signal: SIGTERM (15).
c [Main] Max width SAT is set to 168.
c [Main] Kill lower pid 125.
c [Main] Kill lower pid 122.
c [Main] Kill lower pid 147.
c [Main] Kill lower pid 121.
c [Main] Kill lower pid 123.
c [Main] Kill lower pid 124.
c [Main] Kill lower pid 126.
c [w = 121] Start task in PID: 2638.
c [w = 121] Cyclic Antibandwidth problem with w = 121 (3dmesh_2_2_168.txt):
c [w = 121] Initializing CaDiCaL (version 2.1.3).
c [w = 121] Configuring CaDiCaL as --sat (1).
c [w = 121] Encoding starts with w = 121:
c [w = 121] Symmetry breaking highest degree node is applied.
c [Signal] Signal interruption. Caught signal: SIGTERM (15).
c [w = 124] Start task in PID: 2640.
c [w = 124] Cyclic Antibandwidth problem with w = 124 (3dmesh_2_2_168.txt):
c [w = 124] Initializing CaDiCaL (version 2.1.3).
c [w = 124] Configuring CaDiCaL as --sat (1).
c [w = 124] Encoding starts with w = 124:
c [w = 124] Symmetry breaking highest degree node is applied.
c [Signal] Signal interruption. Caught signal: SIGTERM (15).
c [w = 126] Start task in PID: 2430.
c [w = 126] Cyclic Antibandwidth problem with w = 126 (3dmesh_2_2_168.txt):
c [w = 126] Initializing CaDiCaL (version 2.1.3).
c [w = 126] Configuring CaDiCaL as --sat (1).
c [w = 126] Encoding starts with w = 126:
c [w = 126] Symmetry breaking highest degree node is applied.
c [w = 126] Encoding duration: 9823 ms.
c [w = 126] Number of clauses: 8421912.
c [w = 126] Number of variables: 1466304.
c [w = 126] SAT Solving starts:
c [Signal] Signal interruption. Caught signal: SIGTERM (15).
c [w = 125] Start task in PID: 2641.
c [w = 125] Cyclic Antibandwidth problem with w = 125 (3dmesh_2_2_168.txt):
c [w = 125] Initializing CaDiCaL (version 2.1.3).
c [w = 125] Configuring CaDiCaL as --sat (1).
c [w = 125] Encoding starts with w = 125:
c [w = 125] Symmetry breaking highest degree node is applied.
c [Signal] Signal interruption. Caught signal: SIGTERM (15).
c [Main] Child pid 124 - 2640 terminated by signal 15.
c [Main] Child pid 123 - 2637 terminated by signal 15.
c [Main] Child pid 121 - 2638 terminated by signal 15.
c [Main] Child pid 122 - 2639 terminated by signal 15.
c [Main] Child pid 147 - 2642 terminated by signal 15.
c [Main] Child pid 125 - 2641 terminated by signal 15.
c [Main] Child pid 126 - 2430 terminated by signal 15.
c [w = 173] Start task in PID: 2679.
c [w = 173] Cyclic Antibandwidth problem with w = 173 (3dmesh_2_2_168.txt):
c [w = 173] Initializing CaDiCaL (version 2.1.3).
c [w = 173] Configuring CaDiCaL as --sat (1).
c [w = 173] Encoding starts with w = 173:
c [w = 173] Symmetry breaking highest degree node is applied.
c [w = 173] Encoding duration: 9642 ms.
c [w = 173] Number of clauses: 8337216.
c [w = 173] Number of variables: 1427328.
c [w = 173] SAT Solving starts:
c [w = 173] Solving duration: 148119 ms.
c [w = 173] Answer:
s [w = 173] SAT (w = 173).
c [w = 173] Solution check = 173.
c [w = 173] The solution is correct.
c [w = 173] Result: 10.
c [Main] Max width SAT is set to 173.
c [Main] Kill lower pid 171.
c [Main] Kill lower pid 169.
c [Main] Kill lower pid 170.
c [w = 171] Start task in PID: 2682.
c [w = 171] Cyclic Antibandwidth problem with w = 171 (3dmesh_2_2_168.txt):
c [w = 171] Initializing CaDiCaL (version 2.1.3).
c [w = 171] Configuring CaDiCaL as --sat (1).
c [w = 171] Encoding starts with w = 171:
c [w = 171] Symmetry breaking highest degree node is applied.
c [w = 171] Encoding duration: 9521 ms.
c [w = 171] Number of clauses: 8319744.
c [w = 171] Number of variables: 1421952.
c [w = 171] SAT Solving starts:
c [Signal] Signal interruption. Caught signal: SIGTERM (15).
c [w = 169] Start task in PID: 2681.
c [w = 169] Cyclic Antibandwidth problem with w = 169 (3dmesh_2_2_168.txt):
c [w = 169] Initializing CaDiCaL (version 2.1.3).
c [w = 169] Configuring CaDiCaL as --sat (1).
c [w = 169] Encoding starts with w = 169:
c [w = 169] Symmetry breaking highest degree node is applied.
c [w = 169] Encoding duration: 9405 ms.
c [w = 169] Number of clauses: 8302272.
c [w = 169] Number of variables: 1416576.
c [w = 169] SAT Solving starts:
c [Signal] Signal interruption. Caught signal: SIGTERM (15).
c [w = 170] Start task in PID: 2680.
c [w = 170] Cyclic Antibandwidth problem with w = 170 (3dmesh_2_2_168.txt):
c [w = 170] Initializing CaDiCaL (version 2.1.3).
c [w = 170] Configuring CaDiCaL as --sat (1).
c [w = 170] Encoding starts with w = 170:
c [w = 170] Symmetry breaking highest degree node is applied.
c [w = 170] Encoding duration: 9474 ms.
c [w = 170] Number of clauses: 8311008.
c [w = 170] Number of variables: 1419264.
c [w = 170] SAT Solving starts:
c [Signal] Signal interruption. Caught signal: SIGTERM (15).
c [Main] Child pid 170 - 2680 terminated by signal 15.
c [Main] Child pid 169 - 2681 terminated by signal 15.
c [Main] Child pid 171 - 2682 terminated by signal 15.
c [w = 178] Start task in PID: 2678.
c [w = 178] Cyclic Antibandwidth problem with w = 178 (3dmesh_2_2_168.txt):
c [w = 178] Initializing CaDiCaL (version 2.1.3).
c [w = 178] Configuring CaDiCaL as --sat (1).
c [w = 178] Encoding starts with w = 178:
c [w = 178] Symmetry breaking highest degree node is applied.
c [w = 178] Encoding duration: 9669 ms.
c [w = 178] Number of clauses: 8380896.
c [w = 178] Number of variables: 1440768.
c [w = 178] SAT Solving starts:
c [w = 178] Solving duration: 373356 ms.
c [w = 178] Answer:
s [w = 178] SAT (w = 178).
c [w = 178] Solution check = 178.
c [w = 178] The solution is correct.
c [w = 178] Result: 10.
c [Main] Max width SAT is set to 178.
c [Main] Kill lower pid 177.
c [Main] Kill lower pid 176.
c [Main] Kill lower pid 174.
c [Main] Kill lower pid 175.
c [w = 174] Start task in PID: 2769.
c [w = 174] Cyclic Antibandwidth problem with w = 174 (3dmesh_2_2_168.txt):
c [w = 174] Initializing CaDiCaL (version 2.1.3).
c [w = 174] Configuring CaDiCaL as --sat (1).
c [w = 174] Encoding starts with w = 174:
c [w = 174] Symmetry breaking highest degree node is applied.
c [w = 174] Encoding duration: 9626 ms.
c [w = 174] Number of clauses: 8345952.
c [w = 174] Number of variables: 1430016.
c [w = 174] SAT Solving starts:
c [Signal] Signal interruption. Caught signal: SIGTERM (15).
c [w = 176] Start task in PID: 2770.
c [w = 176] Cyclic Antibandwidth problem with w = 176 (3dmesh_2_2_168.txt):
c [w = 176] Initializing CaDiCaL (version 2.1.3).
c [w = 176] Configuring CaDiCaL as --sat (1).
c [w = 176] Encoding starts with w = 176:
c [w = 176] Symmetry breaking highest degree node is applied.
c [w = 176] Encoding duration: 9806 ms.
c [w = 176] Number of clauses: 8363424.
c [w = 176] Number of variables: 1435392.
c [w = 176] SAT Solving starts:
c [Signal] Signal interruption. Caught signal: SIGTERM (15).
c [w = 175] Start task in PID: 2768.
c [w = 175] Cyclic Antibandwidth problem with w = 175 (3dmesh_2_2_168.txt):
c [w = 175] Initializing CaDiCaL (version 2.1.3).
c [w = 175] Configuring CaDiCaL as --sat (1).
c [w = 175] Encoding starts with w = 175:
c [w = 175] Symmetry breaking highest degree node is applied.
c [w = 175] Encoding duration: 9630 ms.
c [w = 175] Number of clauses: 8354688.
c [w = 175] Number of variables: 1432704.
c [w = 175] SAT Solving starts:
c [Signal] Signal interruption. Caught signal: SIGTERM (15).
c [w = 177] Start task in PID: 2771.
c [w = 177] Cyclic Antibandwidth problem with w = 177 (3dmesh_2_2_168.txt):
c [w = 177] Initializing CaDiCaL (version 2.1.3).
c [w = 177] Configuring CaDiCaL as --sat (1).
c [w = 177] Encoding starts with w = 177:
c [w = 177] Symmetry breaking highest degree node is applied.
c [w = 177] Encoding duration: 9682 ms.
c [w = 177] Number of clauses: 8372160.
c [w = 177] Number of variables: 1438080.
c [w = 177] SAT Solving starts:
c [Signal] Signal interruption. Caught signal: SIGTERM (15).
c [Main] Child pid 176 - 2770 terminated by signal 15.
c [Main] Child pid 177 - 2771 terminated by signal 15.
c [Main] Child pid 175 - 2768 terminated by signal 15.
c [Main] Child pid 174 - 2769 terminated by signal 15.
c [w = 209] Start task in PID: 2676.
c [w = 209] Cyclic Antibandwidth problem with w = 209 (3dmesh_2_2_168.txt):
c [w = 209] Initializing CaDiCaL (version 2.1.3).
c [w = 209] Configuring CaDiCaL as --sat (1).
c [w = 209] Encoding starts with w = 209:
c [w = 209] Symmetry breaking highest degree node is applied.
c [w = 209] Encoding duration: 10184 ms.
c [w = 209] Number of clauses: 8651712.
c [w = 209] Number of variables: 1524096.
c [w = 209] SAT Solving starts:
c [w = 209] Solving duration: 466730 ms.
c [w = 209] Answer:
s [w = 209] SAT (w = 209).
c [w = 209] Solution check = 209.
c [w = 209] The solution is correct.
c [w = 209] Result: 10.
c [w = 182] Start task in PID: 2875.
c [w = 182] Cyclic Antibandwidth problem with w = 182 (3dmesh_2_2_168.txt):
c [w = 182] Initializing CaDiCaL (version 2.1.3).
c [w = 182] Configuring CaDiCaL as --sat (1).
c [w = 182] Encoding starts with w = 182:
c [w = 182] Symmetry breaking highest degree node is applied.
c [w = 182] Encoding duration: 9862 ms.
c [w = 182] Number of clauses: 8415840.
c [w = 182] Number of variables: 1451520.
c [w = 182] SAT Solving starts:
c [Signal] Signal interruption. Caught signal: SIGTERM (15).
c [w = 181] Start task in PID: 2874.
c [w = 181] Cyclic Antibandwidth problem with w = 181 (3dmesh_2_2_168.txt):
c [w = 181] Initializing CaDiCaL (version 2.1.3).
c [w = 181] Configuring CaDiCaL as --sat (1).
c [w = 181] Encoding starts with w = 181:
c [w = 181] Symmetry breaking highest degree node is applied.
c [w = 181] Encoding duration: 8937 ms.
c [w = 181] Number of clauses: 8407104.
c [w = 181] Number of variables: 1448832.
c [w = 181] SAT Solving starts:
c [Signal] Signal interruption. Caught signal: SIGTERM (15).
c [w = 180] Start task in PID: 2872.
c [w = 180] Cyclic Antibandwidth problem with w = 180 (3dmesh_2_2_168.txt):
c [w = 180] Initializing CaDiCaL (version 2.1.3).
c [w = 180] Configuring CaDiCaL as --sat (1).
c [w = 180] Encoding starts with w = 180:
c [w = 180] Symmetry breaking highest degree node is applied.
c [w = 180] Encoding duration: 9810 ms.
c [w = 180] Number of clauses: 8398368.
c [w = 180] Number of variables: 1446144.
c [w = 180] SAT Solving starts:
c [Signal] Signal interruption. Caught signal: SIGTERM (15).
c [Main] Max width SAT is set to 209.
c [Main] Kill lower pid 182.
c [Main] Kill lower pid 181.
c [Main] Kill lower pid 179.
c [Main] Kill lower pid 180.
c [Main] Kill lower pid 188.
c [Main] Kill lower pid 183.
c [w = 188] Start task in PID: 2677.
c [w = 188] Cyclic Antibandwidth problem with w = 188 (3dmesh_2_2_168.txt):
c [w = 188] Initializing CaDiCaL (version 2.1.3).
c [w = 188] Configuring CaDiCaL as --sat (1).
c [w = 188] Encoding starts with w = 188:
c [w = 188] Symmetry breaking highest degree node is applied.
c [w = 188] Encoding duration: 9915 ms.
c [w = 188] Number of clauses: 8468256.
c [w = 188] Number of variables: 1467648.
c [w = 188] SAT Solving starts:
c [Signal] Signal interruption. Caught signal: SIGTERM (15).
c [w = 183] Start task in PID: 2871.
c [w = 183] Cyclic Antibandwidth problem with w = 183 (3dmesh_2_2_168.txt):
c [w = 183] Initializing CaDiCaL (version 2.1.3).
c [w = 183] Configuring CaDiCaL as --sat (1).
c [w = 183] Encoding starts with w = 183:
c [w = 183] Symmetry breaking highest degree node is applied.
c [w = 183] Encoding duration: 9698 ms.
c [w = 183] Number of clauses: 8424576.
c [w = 183] Number of variables: 1454208.
c [w = 183] SAT Solving starts:
c [Signal] Signal interruption. Caught signal: SIGTERM (15).
c [w = 179] Start task in PID: 2873.
c [w = 179] Cyclic Antibandwidth problem with w = 179 (3dmesh_2_2_168.txt):
c [w = 179] Initializing CaDiCaL (version 2.1.3).
c [w = 179] Configuring CaDiCaL as --sat (1).
c [w = 179] Encoding starts with w = 179:
c [w = 179] Symmetry breaking highest degree node is applied.
c [w = 179] Encoding duration: 9597 ms.
c [w = 179] Number of clauses: 8389632.
c [w = 179] Number of variables: 1443456.
c [w = 179] SAT Solving starts:
c [Signal] Signal interruption. Caught signal: SIGTERM (15).
c [Main] Child pid 179 - 2873 terminated by signal 15.
c [Main] Child pid 188 - 2677 terminated by signal 15.
c [Main] Child pid 183 - 2871 terminated by signal 15.
c [Main] Child pid 182 - 2875 terminated by signal 15.
c [Main] Child pid 181 - 2874 terminated by signal 15.
c [Main] Child pid 180 - 2872 terminated by signal 15.
c [w = 212] Start task in PID: 2946.
c [w = 212] Cyclic Antibandwidth problem with w = 212 (3dmesh_2_2_168.txt):
c [w = 212] Initializing CaDiCaL (version 2.1.3).
c [w = 212] Configuring CaDiCaL as --sat (1).
c [w = 212] Encoding starts with w = 212:
c [w = 212] Symmetry breaking highest degree node is applied.
c [w = 212] Encoding duration: 10232 ms.
c [w = 212] Number of clauses: 8677920.
c [w = 212] Number of variables: 1532160.
c [w = 212] SAT Solving starts:
c [w = 212] Solving duration: 335889 ms.
c [w = 212] Answer:
s [w = 212] SAT (w = 212).
c [w = 212] Solution check = 212.
c [w = 212] The solution is correct.
c [w = 212] Result: 10.
c [Main] Max width SAT is set to 212.
c [Main] Kill lower pid 210.
c [Main] Kill lower pid 211.
c [w = 210] Start task in PID: 2945.
c [w = 210] Cyclic Antibandwidth problem with w = 210 (3dmesh_2_2_168.txt):
c [w = 210] Initializing CaDiCaL (version 2.1.3).
c [w = 210] Configuring CaDiCaL as --sat (1).
c [w = 210] Encoding starts with w = 210:
c [w = 210] Symmetry breaking highest degree node is applied.
c [w = 210] Encoding duration: 10043 ms.
c [w = 210] Number of clauses: 8660448.
c [w = 210] Number of variables: 1526784.
c [w = 210] SAT Solving starts:
c [Signal] Signal interruption. Caught signal: SIGTERM (15).
c [w = 211] Start task in PID: 2944.
c [w = 211] Cyclic Antibandwidth problem with w = 211 (3dmesh_2_2_168.txt):
c [w = 211] Initializing CaDiCaL (version 2.1.3).
c [w = 211] Configuring CaDiCaL as --sat (1).
c [w = 211] Encoding starts with w = 211:
c [w = 211] Symmetry breaking highest degree node is applied.
c [w = 211] Encoding duration: 10148 ms.
c [w = 211] Number of clauses: 8669184.
c [w = 211] Number of variables: 1529472.
c [w = 211] SAT Solving starts:
c [Signal] Signal interruption. Caught signal: SIGTERM (15).
c [Main] Child pid 211 - 2944 terminated by signal 15.
c [Main] Child pid 210 - 2945 terminated by signal 15.
c [w = 251] Start task in PID: 2675.
c [w = 251] Cyclic Antibandwidth problem with w = 251 (3dmesh_2_2_168.txt):
c [w = 251] Initializing CaDiCaL (version 2.1.3).
c [w = 251] Configuring CaDiCaL as --sat (1).
c [w = 251] Encoding starts with w = 251:
c [w = 251] Symmetry breaking highest degree node is applied.
c [w = 251] Encoding duration: 9876 ms.
c [w = 251] Number of clauses: 8519988.
c [w = 251] Number of variables: 1470336.
c [w = 251] SAT Solving starts:
c [w = 251] Solving duration: 864285 ms.
c [w = 251] Answer:
s [w = 251] SAT (w = 251).
c [w = 251] Solution check = 251.
c [w = 251] The solution is correct.
c [w = 251] Result: 10.
c [w = 213] Start task in PID: 2947.
c [w = 213] Cyclic Antibandwidth problem with w = 213 (3dmesh_2_2_168.txt):
c [w = 213] Initializing CaDiCaL (version 2.1.3).
c [w = 213] Configuring CaDiCaL as --sat (1).
c [w = 213] Encoding starts with w = 213:
c [w = 213] Symmetry breaking highest degree node is applied.
c [w = 213] Encoding duration: 10202 ms.
c [w = 213] Number of clauses: 8686656.
c [w = 213] Number of variables: 1534848.
c [w = 213] SAT Solving starts:
c [Signal] Signal interruption. Caught signal: SIGTERM (15).
c [w = 216] Start task in PID: 3079.
c [w = 216] Cyclic Antibandwidth problem with w = 216 (3dmesh_2_2_168.txt):
c [w = 216] Initializing CaDiCaL (version 2.1.3).
c [w = 216] Configuring CaDiCaL as --sat (1).
c [w = 216] Encoding starts with w = 216:
c [w = 216] Symmetry breaking highest degree node is applied.
c [w = 216] Encoding duration: 9212 ms.
c [w = 216] Number of clauses: 8712864.
c [w = 216] Number of variables: 1542912.
c [w = 216] SAT Solving starts:
c [Signal] Signal interruption. Caught signal: SIGTERM (15).
c [w = 215] Start task in PID: 3080.
c [w = 215] Cyclic Antibandwidth problem with w = 215 (3dmesh_2_2_168.txt):
c [w = 215] Initializing CaDiCaL (version 2.1.3).
c [w = 215] Configuring CaDiCaL as --sat (1).
c [w = 215] Encoding starts with w = 215:
c [w = 215] Symmetry breaking highest degree node is applied.
c [w = 215] Encoding duration: 9304 ms.
c [w = 215] Number of clauses: 8704128.
c [w = 215] Number of variables: 1540224.
c [w = 215] SAT Solving starts:
c [Signal] Signal interruption. Caught signal: SIGTERM (15).
c [w = 214] Start task in PID: 2943.
c [w = 214] Cyclic Antibandwidth problem with w = 214 (3dmesh_2_2_168.txt):
c [w = 214] Initializing CaDiCaL (version 2.1.3).
c [w = 214] Configuring CaDiCaL as --sat (1).
c [w = 214] Encoding starts with w = 214:
c [w = 214] Symmetry breaking highest degree node is applied.
c [w = 214] Encoding duration: 10244 ms.
c [w = 214] Number of clauses: 8695392.
c [w = 214] Number of variables: 1537536.
c [w = 214] SAT Solving starts:
c [Signal] Signal interruption. Caught signal: SIGTERM (15).
c [w = 217] Start task in PID: 3081.
c [w = 217] Cyclic Antibandwidth problem with w = 217 (3dmesh_2_2_168.txt):
c [w = 217] Initializing CaDiCaL (version 2.1.3).
c [w = 217] Configuring CaDiCaL as --sat (1).
c [w = 217] Encoding starts with w = 217:
c [w = 217] Symmetry breaking highest degree node is applied.
c [w = 217] Encoding duration: 9117 ms.
c [w = 217] Number of clauses: 8721600.
c [w = 217] Number of variables: 1545600.
c [w = 217] SAT Solving starts:
c [Signal] Signal interruption. Caught signal: SIGTERM (15).
c [Main] Max width SAT is set to 251.
c [Main] Kill lower pid 215.
c [Main] Kill lower pid 216.
c [Main] Kill lower pid 213.
c [Main] Kill lower pid 214.
c [Main] Kill lower pid 217.
c [Main] Kill lower pid 230.
c [Main] Kill lower pid 219.
c [w = 230] Start task in PID: 2941.
c [w = 230] Cyclic Antibandwidth problem with w = 230 (3dmesh_2_2_168.txt):
c [w = 230] Initializing CaDiCaL (version 2.1.3).
c [w = 230] Configuring CaDiCaL as --sat (1).
c [w = 230] Encoding starts with w = 230:
c [w = 230] Symmetry breaking highest degree node is applied.
c [w = 230] Encoding duration: 8760 ms.
c [w = 230] Number of clauses: 8378868.
c [w = 230] Number of variables: 1428000.
c [w = 230] SAT Solving starts:
c [Signal] Signal interruption. Caught signal: SIGTERM (15).
c [w = 219] Start task in PID: 2942.
c [w = 219] Cyclic Antibandwidth problem with w = 219 (3dmesh_2_2_168.txt):
c [w = 219] Initializing CaDiCaL (version 2.1.3).
c [w = 219] Configuring CaDiCaL as --sat (1).
c [w = 219] Encoding starts with w = 219:
c [w = 219] Symmetry breaking highest degree node is applied.
c [w = 219] Encoding duration: 10266 ms.
c [w = 219] Number of clauses: 8739072.
c [w = 219] Number of variables: 1550976.
c [w = 219] SAT Solving starts:
c [Signal] Signal interruption. Caught signal: SIGTERM (15).
c [Main] Child pid 230 - 2941 terminated by signal 15.
c [Main] Child pid 213 - 2947 terminated by signal 15.
c [Main] Child pid 219 - 2942 terminated by signal 15.
c [Main] Child pid 216 - 3079 terminated by signal 15.
c [Main] Child pid 214 - 2943 terminated by signal 15.
c [Main] Child pid 215 - 3080 terminated by signal 15.
c [Main] Child pid 217 - 3081 terminated by signal 15.
c [w = 254] Start task in PID: 3103.
c [w = 254] Cyclic Antibandwidth problem with w = 254 (3dmesh_2_2_168.txt):
c [w = 254] Initializing CaDiCaL (version 2.1.3).
c [w = 254] Configuring CaDiCaL as --sat (1).
c [w = 254] Encoding starts with w = 254:
c [w = 254] Symmetry breaking highest degree node is applied.
c [w = 254] Encoding duration: 9919 ms.
c [w = 254] Number of clauses: 8540148.
c [w = 254] Number of variables: 1476384.
c [w = 254] SAT Solving starts:
c [w = 254] Solving duration: 500363 ms.
c [w = 254] Answer:
s [w = 254] SAT (w = 254).
c [w = 254] Solution check = 254.
c [w = 254] The solution is correct.
c [w = 254] Result: 10.
c [Main] Max width SAT is set to 254.
c [Main] Kill lower pid 252.
c [Main] Kill lower pid 253.
c [w = 252] Start task in PID: 3102.
c [w = 252] Cyclic Antibandwidth problem with w = 252 (3dmesh_2_2_168.txt):
c [w = 252] Initializing CaDiCaL (version 2.1.3).
c [w = 252] Configuring CaDiCaL as --sat (1).
c [w = 252] Encoding starts with w = 252:
c [w = 252] Symmetry breaking highest degree node is applied.
c [w = 252] Encoding duration: 9967 ms.
c [w = 252] Number of clauses: 8526708.
c [w = 252] Number of variables: 1472352.
c [w = 252] SAT Solving starts:
c [Signal] Signal interruption. Caught signal: SIGTERM (15).
c [w = 253] Start task in PID: 3101.
c [w = 253] Cyclic Antibandwidth problem with w = 253 (3dmesh_2_2_168.txt):
c [w = 253] Initializing CaDiCaL (version 2.1.3).
c [w = 253] Configuring CaDiCaL as --sat (1).
c [w = 253] Encoding starts with w = 253:
c [w = 253] Symmetry breaking highest degree node is applied.
c [w = 253] Encoding duration: 10170 ms.
c [w = 253] Number of clauses: 8533428.
c [w = 253] Number of variables: 1474368.
c [w = 253] SAT Solving starts:
c [Signal] Signal interruption. Caught signal: SIGTERM (15).
c [Main] Child pid 252 - 3102 terminated by signal 15.
c [Main] Child pid 253 - 3101 terminated by signal 15.
c [w = 257] Start task in PID: 3305.
c [w = 257] Cyclic Antibandwidth problem with w = 257 (3dmesh_2_2_168.txt):
c [w = 257] Initializing CaDiCaL (version 2.1.3).
c [w = 257] Configuring CaDiCaL as --sat (1).
c [w = 257] Encoding starts with w = 257:
c [w = 257] Symmetry breaking highest degree node is applied.
c [w = 257] Encoding duration: 9013 ms.
c [w = 257] Number of clauses: 8560308.
c [w = 257] Number of variables: 1482432.
c [w = 257] SAT Solving starts:
c [Signal] Signal interruption. Caught signal: SIGTERM (15).
c [w = 258] Start task in PID: 3304.
c [w = 258] Cyclic Antibandwidth problem with w = 258 (3dmesh_2_2_168.txt):
c [w = 258] Initializing CaDiCaL (version 2.1.3).
c [w = 258] Configuring CaDiCaL as --sat (1).
c [w = 258] Encoding starts with w = 258:
c [w = 258] Symmetry breaking highest degree node is applied.
c [w = 258] Encoding duration: 8805 ms.
c [w = 258] Number of clauses: 8567028.
c [w = 258] Number of variables: 1484448.
c [w = 258] SAT Solving starts:
c [Signal] Signal interruption. Caught signal: SIGTERM (15).
c [w = 255] Start task in PID: 3104.
c [w = 255] Cyclic Antibandwidth problem with w = 255 (3dmesh_2_2_168.txt):
c [w = 255] Initializing CaDiCaL (version 2.1.3).
c [w = 255] Configuring CaDiCaL as --sat (1).
c [w = 255] Encoding starts with w = 255:
c [w = 255] Symmetry breaking highest degree node is applied.
c [w = 255] Encoding duration: 10140 ms.
c [w = 255] Number of clauses: 8546868.
c [w = 255] Number of variables: 1478400.
c [w = 255] SAT Solving starts:
c [Signal] Signal interruption. Caught signal: SIGTERM (15).
c [w = 261] Start task in PID: 3099.
c [w = 261] Cyclic Antibandwidth problem with w = 261 (3dmesh_2_2_168.txt):
c [w = 261] Initializing CaDiCaL (version 2.1.3).
c [w = 261] Configuring CaDiCaL as --sat (1).
c [w = 261] Encoding starts with w = 261:
c [w = 261] Symmetry breaking highest degree node is applied.
c [w = 261] Encoding duration: 10012 ms.
c [w = 261] Number of clauses: 8587188.
c [w = 261] Number of variables: 1490496.
c [w = 261] SAT Solving starts:
c [Signal] Signal interruption. Caught signal: SIGTERM (15).
c [w = 272] Start task in PID: 3098.
c [w = 272] Cyclic Antibandwidth problem with w = 272 (3dmesh_2_2_168.txt):
c [w = 272] Initializing CaDiCaL (version 2.1.3).
c [w = 272] Configuring CaDiCaL as --sat (1).
c [w = 272] Encoding starts with w = 272:
c [w = 272] Symmetry breaking highest degree node is applied.
c [w = 272] Encoding duration: 10139 ms.
c [w = 272] Number of clauses: 8661108.
c [w = 272] Number of variables: 1512672.
c [w = 272] SAT Solving starts:
c [Signal] Signal interruption. Caught signal: SIGTERM (15).
c [w = 256] Start task in PID: 3100.
c [w = 256] Cyclic Antibandwidth problem with w = 256 (3dmesh_2_2_168.txt):
c [w = 256] Initializing CaDiCaL (version 2.1.3).
c [w = 256] Configuring CaDiCaL as --sat (1).
c [w = 256] Encoding starts with w = 256:
c [w = 256] Symmetry breaking highest degree node is applied.
c [w = 256] Encoding duration: 10028 ms.
c [w = 256] Number of clauses: 8553588.
c [w = 256] Number of variables: 1480416.
c [w = 256] SAT Solving starts:
c [Signal] Signal interruption. Caught signal: SIGTERM (15).
c [w = 293] Start task in PID: 3097.
c [w = 293] Cyclic Antibandwidth problem with w = 293 (3dmesh_2_2_168.txt):
c [w = 293] Initializing CaDiCaL (version 2.1.3).
c [w = 293] Configuring CaDiCaL as --sat (1).
c [w = 293] Encoding starts with w = 293:
c [w = 293] Symmetry breaking highest degree node is applied.
c [w = 293] Encoding duration: 10357 ms.
c [w = 293] Number of clauses: 8802228.
c [w = 293] Number of variables: 1555008.
c [w = 293] SAT Solving starts:
c [Signal] Signal interruption. Caught signal: SIGTERM (15).
c [Main] Lim pid ends with result: 254.
c [Main] All children have completed.
r [Main] 
r [Main] Final results: 
r [Main] Max width SAT:  	254.
r [Main] Min width UNSAT:	-.
r [Main] Total real time: 1811867 ms.
r [Main] Total memory consumed: 17538.6 MB.
r [Main] 
c [w = 259] Start task in PID: 3306.
c [w = 259] Cyclic Antibandwidth problem with w = 259 (3dmesh_2_2_168.txt):
c [w = 259] Initializing CaDiCaL (version 2.1.3).
c [w = 259] Configuring CaDiCaL as --sat (1).
c [w = 259] Encoding starts with w = 259:
c [w = 259] Symmetry breaking highest degree node is applied.
c [w = 259] Encoding duration: 8881 ms.
c [w = 259] Number of clauses: 8573748.
c [w = 259] Number of variables: 1486464.
c [w = 259] SAT Solving starts:
c [Signal] Signal interruption. Caught signal: SIGTERM (15).
