c [Version] Cyclic Bandwidth Encoder version 1.0.0.
c [Param] Real time limit is set to 150.
c [Param] Memory limit is set to 30000.
c [Param] Worker count is set to 8.
c [Main] Encoding and solving for graph: cbt_46.txt.
c [Main] Search strategy: Binary search from lower bound.
c [Main] No predefined lower bound is found for cbt_46.txt.
c [Main] LB-w = 2 (default value).
c [Main] No predefined upper bound is found for cbt_46.txt.
c [Main] UB-w = 23 (default value calculated as n/2).
c [Main] Search order: 12 6 3 2 4 5 9 7 8 10 11 18 15 13 14 16 17 21 19 20 22 23.
c [w = 2] Start task in PID: 172897.
c [w = 2] Cyclic Antibandwidth problem with w = 2 (cbt_46.txt):
c [w = 2] Initializing CaDiCaL (version 2.1.3).
c [w = 2] Configuring CaDiCaL as --sat (1).
c [w = 2] Encoding starts with w = 2:
c [w = 2] Symmetry breaking highest degree node is applied.
c [w = 2] Encoding duration: 17 ms.
c [w = 2] Number of clauses: 30958.
c [w = 2] Number of variables: 4278.
c [w = 2] SAT Solving starts:
c [w = 2] Solving duration: 0 ms.
c [w = 2] Answer:
s [w = 2] SAT (w = 2).
c [w = 2] Solution check = 2.
c [w = 2] The solution is correct.
c [w = 2] Result: 10.
c [w = 6] Start task in PID: 172895.
c [w = 6] Cyclic Antibandwidth problem with w = 6 (cbt_46.txt):
c [w = 6] Initializing CaDiCaL (version 2.1.3).
c [w = 6] Configuring CaDiCaL as --sat (1).
c [w = 6] Encoding starts with w = 6:
c [w = 6] Symmetry breaking highest degree node is applied.
c [w = 6] Encoding duration: 18 ms.
c [w = 6] Number of clauses: 28613.
c [w = 6] Number of variables: 6440.
c [w = 6] SAT Solving starts:
c [w = 6] Solving duration: 0 ms.
c [w = 6] Answer:
s [w = 6] SAT (w = 6).
c [w = 6] Solution check = 6.
c [w = 6] The solution is correct.
c [w = 6] Result: 10.
c [w = 4] Start task in PID: 172898.
c [w = 4] Cyclic Antibandwidth problem with w = 4 (cbt_46.txt):
c [w = 4] Initializing CaDiCaL (version 2.1.3).
c [w = 4] Configuring CaDiCaL as --sat (1).
c [w = 4] Encoding starts with w = 4:
c [w = 4] Symmetry breaking highest degree node is applied.
c [w = 4] Encoding duration: 17 ms.
c [w = 4] Number of clauses: 28257.
c [w = 4] Number of variables: 5888.
c [w = 4] SAT Solving starts:
c [w = 4] Solving duration: 1 ms.
c [w = 4] Answer:
s [w = 4] SAT (w = 4).
c [w = 4] Solution check = 4.
c [w = 4] The solution is correct.
c [w = 4] Result: 10.
c [w = 3] Start task in PID: 172896.
c [w = 3] Cyclic Antibandwidth problem with w = 3 (cbt_46.txt):
c [w = 3] Initializing CaDiCaL (version 2.1.3).
c [w = 3] Configuring CaDiCaL as --sat (1).
c [w = 3] Encoding starts with w = 3:
c [w = 3] Symmetry breaking highest degree node is applied.
c [w = 3] Encoding duration: 17 ms.
c [w = 3] Number of clauses: 28591.
c [w = 3] Number of variables: 5336.
c [w = 3] SAT Solving starts:
c [w = 3] Solving duration: 1 ms.
c [w = 3] Answer:
s [w = 3] SAT (w = 3).
c [w = 3] Solution check = 3.
c [w = 3] The solution is correct.
c [w = 3] Result: 10.
c [Main] Max width SAT is set to 2.
c [w = 5] Start task in PID: 172899.
c [w = 5] Cyclic Antibandwidth problem with w = 5 (cbt_46.txt):
c [w = 5] Initializing CaDiCaL (version 2.1.3).
c [w = 5] Configuring CaDiCaL as --sat (1).
c [w = 5] Encoding starts with w = 5:
c [w = 5] Symmetry breaking highest degree node is applied.
c [w = 5] Encoding duration: 17 ms.
c [w = 5] Number of clauses: 28251.
c [w = 5] Number of variables: 6164.
c [w = 5] SAT Solving starts:
c [w = 5] Solving duration: 0 ms.
c [w = 5] Answer:
s [w = 5] SAT (w = 5).
c [w = 5] Solution check = 5.
c [w = 5] The solution is correct.
c [w = 5] Result: 10.
c [w = 12] Start task in PID: 172894.
c [w = 12] Cyclic Antibandwidth problem with w = 12 (cbt_46.txt):
c [w = 12] Initializing CaDiCaL (version 2.1.3).
c [w = 12] Configuring CaDiCaL as --sat (1).
c [w = 12] Encoding starts with w = 12:
c [w = 12] Symmetry breaking highest degree node is applied.
c [w = 12] Encoding duration: 19 ms.
c [w = 12] Number of clauses: 29889.
c [w = 12] Number of variables: 6992.
c [w = 12] SAT Solving starts:
c [w = 12] Solving duration: 0 ms.
c [w = 12] Answer:
s [w = 12] SAT (w = 12).
c [w = 12] Solution check = 12.
c [w = 12] The solution is correct.
c [w = 12] Result: 10.
c [Main] Max width SAT is set to 6.
c [Main] Kill lower pid 5.
c [Main] Kill lower pid 4.
c [Main] Kill lower pid 3.
c [w = 11] Start task in PID: 172904.
c [w = 11] Cyclic Antibandwidth problem with w = 11 (cbt_46.txt):
c [w = 11] Initializing CaDiCaL (version 2.1.3).
c [w = 11] Configuring CaDiCaL as --sat (1).
c [w = 11] Encoding starts with w = 11:
c [w = 11] Symmetry breaking highest degree node is applied.
c [Signal] Signal interruption. Caught signal: SIGTERM (15).
c [w = 10] Start task in PID: 172903.
c [w = 10] Cyclic Antibandwidth problem with w = 10 (cbt_46.txt):
c [w = 10] Initializing CaDiCaL (version 2.1.3).
c [w = 10] Configuring CaDiCaL as --sat (1).
c [w = 10] Encoding starts with w = 10:
c [w = 10] Symmetry breaking highest degree node is applied.
c [Signal] Signal interruption. Caught signal: SIGTERM (15).
c [w = 8] Start task in PID: 172902.
c [w = 8] Cyclic Antibandwidth problem with w = 8 (cbt_46.txt):
c [w = 8] Initializing CaDiCaL (version 2.1.3).
c [w = 8] Configuring CaDiCaL as --sat (1).
c [w = 8] Encoding starts with w = 8:
c [w = 8] Symmetry breaking highest degree node is applied.
c [Signal] Signal interruption. Caught signal: SIGTERM (15).
c [Main] Max width SAT is set to 12.
c [Main] Kill lower pid 11.
c [Main] Kill lower pid 10.
c [Main] Kill lower pid 8.
c [Main] Kill lower pid 7.
c [Main] Kill lower pid 9.
c [w = 7] Start task in PID: 172901.
c [w = 7] Cyclic Antibandwidth problem with w = 7 (cbt_46.txt):
c [w = 7] Initializing CaDiCaL (version 2.1.3).
c [w = 7] Configuring CaDiCaL as --sat (1).
c [w = 7] Encoding starts with w = 7:
c [w = 7] Symmetry breaking highest degree node is applied.
c [w = 7] Encoding duration: 19 ms.
c [w = 7] Number of clauses: 28978.
c [w = 7] Number of variables: 6624.
c [w = 7] SAT Solving starts:
c [w = 7] Solving duration: 1 ms.
c [w = 7] Answer:
s [w = 7] SAT (w = 7).
c [w = 7] Solution check = 7.
c [w = 7] The solution is correct.
c [Signal] Signal interruption. Caught signal: SIGTERM (15).
c [w = 9] Start task in PID: 172900.
c [w = 9] Cyclic Antibandwidth problem with w = 9 (cbt_46.txt):
c [w = 9] Initializing CaDiCaL (version 2.1.3).
c [w = 9] Configuring CaDiCaL as --sat (1).
c [w = 9] Encoding starts with w = 9:
c [w = 9] Symmetry breaking highest degree node is applied.
c [w = 9] Encoding duration: 20 ms.
c [w = 9] Number of clauses: 29067.
c [w = 9] Number of variables: 6716.
c [w = 9] SAT Solving starts:
c [w = 9] Solving duration: 1 ms.
c [w = 9] Answer:
s [w = 9] SAT (w = 9).
c [w = 9] Solution check = 9.
c [w = 9] The solution is correct.
c [Signal] Signal interruption. Caught signal: SIGTERM (15).
c [Main] Child pid 10 - 172903 terminated by signal 15.
c [Main] Child pid 8 - 172902 terminated by signal 15.
c [Main] Child pid 11 - 172904 terminated by signal 15.
c [Main] Child pid 7 - 172901 terminated by signal 15.
c [Main] Child pid 9 - 172900 terminated by signal 15.
c [w = 14] Start task in PID: 172908.
c [w = 14] Cyclic Antibandwidth problem with w = 14 (cbt_46.txt):
c [w = 14] Initializing CaDiCaL (version 2.1.3).
c [w = 14] Configuring CaDiCaL as --sat (1).
c [w = 14] Encoding starts with w = 14:
c [w = 14] Symmetry breaking highest degree node is applied.
c [w = 14] Encoding duration: 19 ms.
c [w = 14] Number of clauses: 31085.
c [w = 14] Number of variables: 7360.
c [w = 14] SAT Solving starts:
c [w = 14] Solving duration: 2 ms.
c [w = 14] Answer:
s [w = 14] SAT (w = 14).
c [w = 14] Solution check = 14.
c [w = 14] The solution is correct.
c [w = 14] Result: 10.
c [Main] Max width SAT is set to 14.
c [Main] Kill lower pid 13.
c [w = 13] Start task in PID: 172907.
c [w = 13] Cyclic Antibandwidth problem with w = 13 (cbt_46.txt):
c [w = 13] Initializing CaDiCaL (version 2.1.3).
c [w = 13] Configuring CaDiCaL as --sat (1).
c [w = 13] Encoding starts with w = 13:
c [w = 13] Symmetry breaking highest degree node is applied.
c [w = 13] Encoding duration: 20 ms.
c [w = 13] Number of clauses: 30487.
c [w = 13] Number of variables: 7176.
c [w = 13] SAT Solving starts:
c [w = 13] Solving duration: 4 ms.
c [w = 13] Answer:
s [w = 13] SAT (w = 13).
c [w = 13] Solution check = 13.
c [w = 13] The solution is correct.
c [Signal] Signal interruption. Caught signal: SIGTERM (15).
c [Main] Child pid 13 - 172907 terminated by signal 15.
c [w = 15] Start task in PID: 172906.
c [w = 15] Cyclic Antibandwidth problem with w = 15 (cbt_46.txt):
c [w = 15] Initializing CaDiCaL (version 2.1.3).
c [w = 15] Configuring CaDiCaL as --sat (1).
c [w = 15] Encoding starts with w = 15:
c [w = 15] Symmetry breaking highest degree node is applied.
c [w = 15] Encoding duration: 19 ms.
c [w = 15] Number of clauses: 29935.
c [w = 15] Number of variables: 6992.
c [w = 15] SAT Solving starts:
c [w = 15] Solving duration: 13 ms.
c [w = 15] Answer:
s [w = 15] SAT (w = 15).
c [w = 15] Solution check = 15.
c [w = 15] The solution is correct.
c [w = 15] Result: 10.
c [Main] Max width SAT is set to 15.
c [w = 23] Start task in PID: 172915.
c [w = 23] Cyclic Antibandwidth problem with w = 23 (cbt_46.txt):
c [w = 23] Initializing CaDiCaL (version 2.1.3).
c [w = 23] Configuring CaDiCaL as --sat (1).
c [w = 23] Encoding starts with w = 23:
c [w = 23] Symmetry breaking highest degree node is applied.
c [w = 23] Encoding duration: 20 ms.
c [w = 23] Number of clauses: 30895.
c [w = 23] Number of variables: 7176.
c [w = 23] SAT Solving starts:
c [w = 23] Solving duration: 0 ms.
c [w = 23] Answer:
s [w = 23] UNSAT (w = 23).
c [w = 23] Result: 20.
c [Main] Min width UNSAT is set to 23
c [w = 16] Start task in PID: 172909.
c [w = 16] Cyclic Antibandwidth problem with w = 16 (cbt_46.txt):
c [w = 16] Initializing CaDiCaL (version 2.1.3).
c [w = 16] Configuring CaDiCaL as --sat (1).
c [w = 16] Encoding starts with w = 16:
c [w = 16] Symmetry breaking highest degree node is applied.
c [w = 16] Encoding duration: 19 ms.
c [w = 16] Number of clauses: 30438.
c [w = 16] Number of variables: 7130.
c [w = 16] SAT Solving starts:
c [w = 16] Solving duration: 44 ms.
c [w = 16] Answer:
s [w = 16] SAT (w = 16).
c [w = 16] Solution check = 16.
c [w = 16] The solution is correct.
c [w = 16] Result: 10.
c [Main] Max width SAT is set to 16.
c [w = 19] Start task in PID: 172912.
c [w = 19] Cyclic Antibandwidth problem with w = 19 (cbt_46.txt):
c [w = 19] Initializing CaDiCaL (version 2.1.3).
c [w = 19] Configuring CaDiCaL as --sat (1).
c [w = 19] Encoding starts with w = 19:
c [w = 19] Symmetry breaking highest degree node is applied.
c [w = 19] Encoding duration: 21 ms.
c [w = 19] Number of clauses: 31818.
c [w = 19] Number of variables: 7544.
c [w = 19] SAT Solving starts:
c [w = 19] Solving duration: 53 ms.
c [w = 19] Answer:
s [w = 19] SAT (w = 19).
c [w = 19] Solution check = 19.
c [w = 19] The solution is correct.
c [w = 19] Result: 10.
c [Main] Max width SAT is set to 19.
c [Main] Kill lower pid 17.
c [Main] Kill lower pid 18.
c [w = 17] Start task in PID: 172910.
c [w = 17] Cyclic Antibandwidth problem with w = 17 (cbt_46.txt):
c [w = 17] Initializing CaDiCaL (version 2.1.3).
c [w = 17] Configuring CaDiCaL as --sat (1).
c [w = 17] Encoding starts with w = 17:
c [w = 17] Symmetry breaking highest degree node is applied.
c [w = 17] Encoding duration: 19 ms.
c [w = 17] Number of clauses: 30898.
c [w = 17] Number of variables: 7268.
c [w = 17] SAT Solving starts:
c [Signal] Signal interruption. Caught signal: SIGTERM (15).
c [w = 18] Start task in PID: 172905.
c [w = 18] Cyclic Antibandwidth problem with w = 18 (cbt_46.txt):
c [w = 18] Initializing CaDiCaL (version 2.1.3).
c [w = 18] Configuring CaDiCaL as --sat (1).
c [w = 18] Encoding starts with w = 18:
c [w = 18] Symmetry breaking highest degree node is applied.
c [w = 18] Encoding duration: 19 ms.
c [w = 18] Number of clauses: 31358.
c [w = 18] Number of variables: 7406.
c [w = 18] SAT Solving starts:
c [Signal] Signal interruption. Caught signal: SIGTERM (15).
c [Main] Child pid 17 - 172910 terminated by signal 15.
c [Main] Child pid 18 - 172905 terminated by signal 15.
c [w = 22] Start task in PID: 172914.
c [w = 22] Cyclic Antibandwidth problem with w = 22 (cbt_46.txt):
c [w = 22] Initializing CaDiCaL (version 2.1.3).
c [w = 22] Configuring CaDiCaL as --sat (1).
c [w = 22] Encoding starts with w = 22:
c [w = 22] Symmetry breaking highest degree node is applied.
c [w = 22] Encoding duration: 23 ms.
c [w = 22] Number of clauses: 33198.
c [w = 22] Number of variables: 7958.
c [w = 22] SAT Solving starts:
c [w = 22] Solving duration: 42 ms.
c [w = 22] Answer:
s [w = 22] UNSAT (w = 22).
c [w = 22] Result: 20.
c [Main] Min width UNSAT is set to 22
c [w = 21] Start task in PID: 172911.
c [w = 21] Cyclic Antibandwidth problem with w = 21 (cbt_46.txt):
c [w = 21] Initializing CaDiCaL (version 2.1.3).
c [w = 21] Configuring CaDiCaL as --sat (1).
c [w = 21] Encoding starts with w = 21:
c [w = 21] Symmetry breaking highest degree node is applied.
c [w = 21] Encoding duration: 21 ms.
c [w = 21] Number of clauses: 32738.
c [w = 21] Number of variables: 7820.
c [w = 21] SAT Solving starts:
c [w = 21] Solving duration: 475 ms.
c [w = 21] Answer:
s [w = 21] UNSAT (w = 21).
c [w = 21] Result: 20.
c [Main] Min width UNSAT is set to 21
c [w = 20] Start task in PID: 172913.
c [w = 20] Cyclic Antibandwidth problem with w = 20 (cbt_46.txt):
c [w = 20] Initializing CaDiCaL (version 2.1.3).
c [w = 20] Configuring CaDiCaL as --sat (1).
c [w = 20] Encoding starts with w = 20:
c [w = 20] Symmetry breaking highest degree node is applied.
c [w = 20] Encoding duration: 21 ms.
c [w = 20] Number of clauses: 32278.
c [w = 20] Number of variables: 7682.
c [w = 20] SAT Solving starts:
c [w = 20] Solving duration: 1600 ms.
c [w = 20] Answer:
s [w = 20] UNSAT (w = 20).
c [w = 20] Result: 20.
c [Main] Min width UNSAT is set to 20
c [Signal] Signal interruption. Caught signal: SIGTERM (15).
c [Main] All children have completed.
r [Main] 
r [Main] Final results: 
r [Main] Max width SAT:  	19.
r [Main] Min width UNSAT:	20.
r [Main] Total real time: 1679 ms.
r [Main] Total memory consumed: 70.2 MB.
r [Main] 
