c Cyclic Bandwidth Encoder version 1.0.0.
c Real time limit is set to 1800.
c Memory limit is set to 30000.
c Encoding and solving for graph: M-bcsstk06.mtx.rnd
c Search strategy: from lower bound.
c Encoding and solving from lower bound.
c [w = 14] Start task in PID: 433240.
c [w = 14] Antibandwidth problem with w = 14 (M-bcsstk06.mtx.rnd):
c [w = 14] Initializing CaDiCaL (version 2.1.3).
c [w = 14] Configuring CaDiCaL as --sat (1).
c [w = 14] Encoding starts with w = 14:
c [w = 14] Encoding duration: 3128ms
c [w = 14] Number of clauses: 7812780
c [w = 14] Number of variables: 524160
c [w = 14] SAT Solving starts:
c [w = 14] Solving duration: 1221 ms
c [w = 14] Answer: 
s [w = 14] SAT (w = 14)
c [w = 14] Solution check = 14.
c [w = 14] The solution is correct.
c [w = 14] Result: 10
c Search strategy: from lower bound.
c Encoding and solving from lower bound.
c [w = 15] Start task in PID: 433276.
c [w = 15] Antibandwidth problem with w = 15 (M-bcsstk06.mtx.rnd):
c [w = 15] Initializing CaDiCaL (version 2.1.3).
c [w = 15] Configuring CaDiCaL as --sat (1).
c [w = 15] Encoding starts with w = 15:
c [w = 15] Encoding duration: 2996ms
c [w = 15] Number of clauses: 7818300
c [w = 15] Number of variables: 526680
c [w = 15] SAT Solving starts:
c [w = 15] Solving duration: 1217 ms
c [w = 15] Answer: 
s [w = 15] SAT (w = 15)
c [w = 15] Solution check = 15.
c [w = 15] The solution is correct.
c [w = 15] Result: 10
c Search strategy: from lower bound.
c Encoding and solving from lower bound.
c [w = 16] Start task in PID: 433304.
c [w = 16] Antibandwidth problem with w = 16 (M-bcsstk06.mtx.rnd):
c [w = 16] Initializing CaDiCaL (version 2.1.3).
c [w = 16] Configuring CaDiCaL as --sat (1).
c [w = 16] Encoding starts with w = 16:
c [w = 16] Encoding duration: 3084ms
c [w = 16] Number of clauses: 7837020
c [w = 16] Number of variables: 532980
c [w = 16] SAT Solving starts:
c [w = 16] Solving duration: 1462 ms
c [w = 16] Answer: 
s [w = 16] SAT (w = 16)
c [w = 16] Solution check = 16.
c [w = 16] The solution is correct.
c [w = 16] Result: 10
c Search strategy: from lower bound.
c Encoding and solving from lower bound.
c [w = 17] Start task in PID: 433332.
c [w = 17] Antibandwidth problem with w = 17 (M-bcsstk06.mtx.rnd):
c [w = 17] Initializing CaDiCaL (version 2.1.3).
c [w = 17] Configuring CaDiCaL as --sat (1).
c [w = 17] Encoding starts with w = 17:
c [w = 17] Encoding duration: 2988ms
c [w = 17] Number of clauses: 7836240
c [w = 17] Number of variables: 532560
c [w = 17] SAT Solving starts:
c [w = 17] Solving duration: 3942 ms
c [w = 17] Answer: 
s [w = 17] SAT (w = 17)
c [w = 17] Solution check = 17.
c [w = 17] The solution is correct.
c [w = 17] Result: 10
c Search strategy: from lower bound.
c Encoding and solving from lower bound.
c [w = 18] Start task in PID: 433357.
c [w = 18] Antibandwidth problem with w = 18 (M-bcsstk06.mtx.rnd):
c [w = 18] Initializing CaDiCaL (version 2.1.3).
c [w = 18] Configuring CaDiCaL as --sat (1).
c [w = 18] Encoding starts with w = 18:
c [w = 18] Encoding duration: 3061ms
c [w = 18] Number of clauses: 7849920
c [w = 18] Number of variables: 536760
c [w = 18] SAT Solving starts:
c [w = 18] Solving duration: 1600 ms
c [w = 18] Answer: 
s [w = 18] SAT (w = 18)
c [w = 18] Solution check = 18.
c [w = 18] The solution is correct.
c [w = 18] Result: 10
c Search strategy: from lower bound.
c Encoding and solving from lower bound.
c [w = 19] Start task in PID: 433399.
c [w = 19] Antibandwidth problem with w = 19 (M-bcsstk06.mtx.rnd):
c [w = 19] Initializing CaDiCaL (version 2.1.3).
c [w = 19] Configuring CaDiCaL as --sat (1).
c [w = 19] Encoding starts with w = 19:
c [w = 19] Encoding duration: 3033ms
c [w = 19] Number of clauses: 7861500
c [w = 19] Number of variables: 540120
c [w = 19] SAT Solving starts:
c [w = 19] Solving duration: 3464 ms
c [w = 19] Answer: 
s [w = 19] SAT (w = 19)
c [w = 19] Solution check = 19.
c [w = 19] The solution is correct.
c [w = 19] Result: 10
c Search strategy: from lower bound.
c Encoding and solving from lower bound.
c [w = 20] Start task in PID: 433439.
c [w = 20] Antibandwidth problem with w = 20 (M-bcsstk06.mtx.rnd):
c [w = 20] Initializing CaDiCaL (version 2.1.3).
c [w = 20] Configuring CaDiCaL as --sat (1).
c [w = 20] Encoding starts with w = 20:
c [w = 20] Encoding duration: 3072ms
c [w = 20] Number of clauses: 7851480
c [w = 20] Number of variables: 535500
c [w = 20] SAT Solving starts:
c [w = 20] Solving duration: 1246 ms
c [w = 20] Answer: 
s [w = 20] SAT (w = 20)
c [w = 20] Solution check = 20.
c [w = 20] The solution is correct.
c [w = 20] Result: 10
c Search strategy: from lower bound.
c Encoding and solving from lower bound.
c [w = 21] Start task in PID: 433464.
c [w = 21] Antibandwidth problem with w = 21 (M-bcsstk06.mtx.rnd):
c [w = 21] Initializing CaDiCaL (version 2.1.3).
c [w = 21] Configuring CaDiCaL as --sat (1).
c [w = 21] Encoding starts with w = 21:
c [w = 21] Encoding duration: 3000ms
c [w = 21] Number of clauses: 7858020
c [w = 21] Number of variables: 536760
c [w = 21] SAT Solving starts:
c [w = 21] Solving duration: 1605 ms
c [w = 21] Answer: 
s [w = 21] SAT (w = 21)
c [w = 21] Solution check = 21.
c [w = 21] The solution is correct.
c [w = 21] Result: 10
c Search strategy: from lower bound.
c Encoding and solving from lower bound.
c [w = 22] Start task in PID: 433491.
c [w = 22] Antibandwidth problem with w = 22 (M-bcsstk06.mtx.rnd):
c [w = 22] Initializing CaDiCaL (version 2.1.3).
c [w = 22] Configuring CaDiCaL as --sat (1).
c [w = 22] Encoding starts with w = 22:
c [w = 22] Encoding duration: 2948ms
c [w = 22] Number of clauses: 7883640
c [w = 22] Number of variables: 545160
c [w = 22] SAT Solving starts:
c [w = 22] Solving duration: 1563 ms
c [w = 22] Answer: 
s [w = 22] SAT (w = 22)
c [w = 22] Solution check = 22.
c [w = 22] The solution is correct.
c [w = 22] Result: 10
c Search strategy: from lower bound.
c Encoding and solving from lower bound.
c [w = 23] Start task in PID: 433519.
c [w = 23] Antibandwidth problem with w = 23 (M-bcsstk06.mtx.rnd):
c [w = 23] Initializing CaDiCaL (version 2.1.3).
c [w = 23] Configuring CaDiCaL as --sat (1).
c [w = 23] Encoding starts with w = 23:
c [w = 23] Encoding duration: 2948ms
c [w = 23] Number of clauses: 7886820
c [w = 23] Number of variables: 545160
c [w = 23] SAT Solving starts:
c [w = 23] Solving duration: 1215 ms
c [w = 23] Answer: 
s [w = 23] SAT (w = 23)
c [w = 23] Solution check = 23.
c [w = 23] The solution is correct.
c [w = 23] Result: 10
c Search strategy: from lower bound.
c Encoding and solving from lower bound.
c [w = 24] Start task in PID: 433544.
c [w = 24] Antibandwidth problem with w = 24 (M-bcsstk06.mtx.rnd):
c [w = 24] Initializing CaDiCaL (version 2.1.3).
c [w = 24] Configuring CaDiCaL as --sat (1).
c [w = 24] Encoding starts with w = 24:
c [w = 24] Encoding duration: 2998ms
c [w = 24] Number of clauses: 7887900
c [w = 24] Number of variables: 544320
c [w = 24] SAT Solving starts:
c [w = 24] Solving duration: 3623 ms
c [w = 24] Answer: 
s [w = 24] SAT (w = 24)
c [w = 24] Solution check = 24.
c [w = 24] The solution is correct.
c [w = 24] Result: 10
c Search strategy: from lower bound.
c Encoding and solving from lower bound.
c [w = 25] Start task in PID: 433586.
c [w = 25] Antibandwidth problem with w = 25 (M-bcsstk06.mtx.rnd):
c [w = 25] Initializing CaDiCaL (version 2.1.3).
c [w = 25] Configuring CaDiCaL as --sat (1).
c [w = 25] Encoding starts with w = 25:
c [w = 25] Encoding duration: 3065ms
c [w = 25] Number of clauses: 7886880
c [w = 25] Number of variables: 542640
c [w = 25] SAT Solving starts:
c [w = 25] Solving duration: 1676 ms
c [w = 25] Answer: 
s [w = 25] SAT (w = 25)
c [w = 25] Solution check = 25.
c [w = 25] The solution is correct.
c [w = 25] Result: 10
c Search strategy: from lower bound.
c Encoding and solving from lower bound.
c [w = 26] Start task in PID: 433623.
c [w = 26] Antibandwidth problem with w = 26 (M-bcsstk06.mtx.rnd):
c [w = 26] Initializing CaDiCaL (version 2.1.3).
c [w = 26] Configuring CaDiCaL as --sat (1).
c [w = 26] Encoding starts with w = 26:
c [w = 26] Encoding duration: 3100ms
c [w = 26] Number of clauses: 7908720
c [w = 26] Number of variables: 549780
c [w = 26] SAT Solving starts:
c [w = 26] Solving duration: 3667 ms
c [w = 26] Answer: 
s [w = 26] SAT (w = 26)
c [w = 26] Solution check = 26.
c [w = 26] The solution is correct.
c [w = 26] Result: 10
c Search strategy: from lower bound.
c Encoding and solving from lower bound.
c [w = 27] Start task in PID: 433651.
c [w = 27] Antibandwidth problem with w = 27 (M-bcsstk06.mtx.rnd):
c [w = 27] Initializing CaDiCaL (version 2.1.3).
c [w = 27] Configuring CaDiCaL as --sat (1).
c [w = 27] Encoding starts with w = 27:
c [w = 27] Encoding duration: 3084ms
c [w = 27] Number of clauses: 7904340
c [w = 27] Number of variables: 546840
c [w = 27] SAT Solving starts:
c [w = 27] Solving duration: 52376 ms
c [w = 27] Answer: 
s [w = 27] SAT (w = 27)
c [w = 27] Solution check = 27.
c [w = 27] The solution is correct.
c [w = 27] Result: 10
c Search strategy: from lower bound.
c Encoding and solving from lower bound.
c [w = 28] Start task in PID: 433706.
c [w = 28] Antibandwidth problem with w = 28 (M-bcsstk06.mtx.rnd):
c [w = 28] Initializing CaDiCaL (version 2.1.3).
c [w = 28] Configuring CaDiCaL as --sat (1).
c [w = 28] Encoding starts with w = 28:
c [w = 28] Encoding duration: 3019ms
c [w = 28] Number of clauses: 7897860
c [w = 28] Number of variables: 543060
c [w = 28] SAT Solving starts:
c [w = 28] Solving duration: 3537 ms
c [w = 28] Answer: 
s [w = 28] SAT (w = 28)
c [w = 28] Solution check = 28.
c [w = 28] The solution is correct.
c [w = 28] Result: 10
c Search strategy: from lower bound.
c Encoding and solving from lower bound.
c [w = 29] Start task in PID: 433758.
c [w = 29] Antibandwidth problem with w = 29 (M-bcsstk06.mtx.rnd):
c [w = 29] Initializing CaDiCaL (version 2.1.3).
c [w = 29] Configuring CaDiCaL as --sat (1).
c [w = 29] Encoding starts with w = 29:
c [w = 29] Encoding duration: 3064ms
c [w = 29] Number of clauses: 7917180
c [w = 29] Number of variables: 549360
c [w = 29] SAT Solving starts:
c [w = 29] Solving duration: 4074 ms
c [w = 29] Answer: 
s [w = 29] SAT (w = 29)
c [w = 29] Solution check = 29.
c [w = 29] The solution is correct.
c [w = 29] Result: 10
c Search strategy: from lower bound.
c Encoding and solving from lower bound.
c [w = 30] Start task in PID: 433788.
c [w = 30] Antibandwidth problem with w = 30 (M-bcsstk06.mtx.rnd):
c [w = 30] Initializing CaDiCaL (version 2.1.3).
c [w = 30] Configuring CaDiCaL as --sat (1).
c [w = 30] Encoding starts with w = 30:
c [w = 30] Encoding duration: 3011ms
c [w = 30] Number of clauses: 7907340
c [w = 30] Number of variables: 544320
c [w = 30] SAT Solving starts:
c [w = 30] Solving duration: 11074 ms
c [w = 30] Answer: 
s [w = 30] SAT (w = 30)
c [w = 30] Solution check = 30.
c [w = 30] The solution is correct.
c [w = 30] Result: 10
c Search strategy: from lower bound.
c Encoding and solving from lower bound.
c [w = 31] Start task in PID: 433843.
c [w = 31] Antibandwidth problem with w = 31 (M-bcsstk06.mtx.rnd):
c [w = 31] Initializing CaDiCaL (version 2.1.3).
c [w = 31] Configuring CaDiCaL as --sat (1).
c [w = 31] Encoding starts with w = 31:
c [w = 31] Encoding duration: 3082ms
c [w = 31] Number of clauses: 7925400
c [w = 31] Number of variables: 550200
c [w = 31] SAT Solving starts:
c [w = 31] Solving duration: 75145 ms
c [w = 31] Answer: 
s [w = 31] SAT (w = 31)
c [w = 31] Solution check = 31.
c [w = 31] The solution is correct.
c [w = 31] Result: 10
c Search strategy: from lower bound.
c Encoding and solving from lower bound.
c [w = 32] Start task in PID: 433910.
c [w = 32] Antibandwidth problem with w = 32 (M-bcsstk06.mtx.rnd):
c [w = 32] Initializing CaDiCaL (version 2.1.3).
c [w = 32] Configuring CaDiCaL as --sat (1).
c [w = 32] Encoding starts with w = 32:
c [w = 32] Encoding duration: 3199ms
c [w = 32] Number of clauses: 7943460
c [w = 32] Number of variables: 556080
c [w = 32] SAT Solving starts:
c [w = 32] Solving duration: 97514 ms
c [w = 32] Answer: 
s [w = 32] SAT (w = 32)
c [w = 32] Solution check = 32.
c [w = 32] The solution is correct.
c [w = 32] Result: 10
c Search strategy: from lower bound.
c Encoding and solving from lower bound.
c [w = 33] Start task in PID: 434643.
c [w = 33] Antibandwidth problem with w = 33 (M-bcsstk06.mtx.rnd):
c [w = 33] Initializing CaDiCaL (version 2.1.3).
c [w = 33] Configuring CaDiCaL as --sat (1).
c [w = 33] Encoding starts with w = 33:
c [w = 33] Encoding duration: 3119ms
c [w = 33] Number of clauses: 7929000
c [w = 33] Number of variables: 549360
c Search strategy: from lower bound.
c Encoding and solving from lower bound.
c [Lim] Sampler:	Memory: 1203.7 MB	Real time: 10s	Elapsed time: 10s
c [Lim] Sampler:	Memory: 1388.8 MB	Real time: 20s	Elapsed time: 20s
c [Lim] Sampler:	Memory: 457.5 MB	Real time: 30.0001s	Elapsed time: 30.0001s
c [Lim] Sampler:	Memory: 1394.1 MB	Real time: 40s	Elapsed time: 40s
c [Lim] Sampler:	Memory: 1335.2 MB	Real time: 49.9998s	Elapsed time: 49.9998s
c [Lim] Sampler:	Memory: 1140.7 MB	Real time: 59.9997s	Elapsed time: 59.9997s
c [Lim] Sampler:	Memory: 1216.3 MB	Real time: 69.9995s	Elapsed time: 69.9995s
c [Lim] Sampler:	Memory: 1001.9 MB	Real time: 79.9994s	Elapsed time: 79.9994s
c [Lim] Sampler:	Memory: 1692.5 MB	Real time: 89.9992s	Elapsed time: 89.9992s
c [Lim] Sampler:	Memory: 1688.4 MB	Real time: 99.999s	Elapsed time: 99.999s
c [Lim] Sampler:	Memory: 1691.3 MB	Real time: 109.999s	Elapsed time: 109.999s
c [Lim] Sampler:	Memory: 1671.1 MB	Real time: 119.999s	Elapsed time: 119.999s
c [Lim] Sampler:	Memory: 1950.6 MB	Real time: 129.999s	Elapsed time: 129.999s
c [Lim] Sampler:	Memory: 1701.6 MB	Real time: 139.999s	Elapsed time: 139.999s
c [Lim] Sampler:	Memory: 570.6 MB	Real time: 150s	Elapsed time: 150s
c [Lim] Sampler:	Memory: 1673.2 MB	Real time: 160.001s	Elapsed time: 160.001s
c [Lim] Sampler:	Memory: 1709.6 MB	Real time: 170.001s	Elapsed time: 170.001s
c [Lim] Sampler:	Memory: 1864.9 MB	Real time: 180.002s	Elapsed time: 180.002s
c [Lim] Sampler:	Memory: 1697.4 MB	Real time: 190.002s	Elapsed time: 190.002s
c [Lim] Sampler:	Memory: 1651.7 MB	Real time: 200.003s	Elapsed time: 200.003s
c [Lim] Sampler:	Memory: 1679 MB	Real time: 210.004s	Elapsed time: 210.004s
c [Lim] Sampler:	Memory: 1653.2 MB	Real time: 220.004s	Elapsed time: 220.004s
c [Lim] Sampler:	Memory: 1926.2 MB	Real time: 230.005s	Elapsed time: 230.005s
c [Lim] Sampler:	Memory: 1651.9 MB	Real time: 240.005s	Elapsed time: 240.005s
c [Lim] Sampler:	Memory: 1898.8 MB	Real time: 250.006s	Elapsed time: 250.006s
c [Lim] Sampler:	Memory: 1698.9 MB	Real time: 260.007s	Elapsed time: 260.007s
c [Lim] Sampler:	Memory: 1714.8 MB	Real time: 270.007s	Elapsed time: 270.007s
c [Lim] Sampler:	Memory: 1715.3 MB	Real time: 280.008s	Elapsed time: 280.008s
c [Lim] Sampler:	Memory: 1714.1 MB	Real time: 290.008s	Elapsed time: 290.008s
c [Lim] Sampler:	Memory: 1716.3 MB	Real time: 300.009s	Elapsed time: 300.009s
c [Lim] Sampler:	Memory: 1714.8 MB	Real time: 310.01s	Elapsed time: 310.01s
c [Lim] Sampler:	Memory: 1716.3 MB	Real time: 320.01s	Elapsed time: 320.01s
c [Lim] Sampler:	Memory: 1716.8 MB	Real time: 330.011s	Elapsed time: 330.011s
c [Lim] Sampler:	Memory: 1963.1 MB	Real time: 340.012s	Elapsed time: 340.012s
c [Lim] Sampler:	Memory: 1705 MB	Real time: 350.012s	Elapsed time: 350.012s
c [Lim] Sampler:	Memory: 1690.1 MB	Real time: 360.013s	Elapsed time: 360.013s
c [Lim] Sampler:	Memory: 1704.8 MB	Real time: 370.013s	Elapsed time: 370.013s
c [Lim] Sampler:	Memory: 1752.7 MB	Real time: 380.014s	Elapsed time: 380.014s
c [Lim] Sampler:	Memory: 1704.1 MB	Real time: 390.015s	Elapsed time: 390.015s
c [Lim] Sampler:	Memory: 1705.1 MB	Real time: 400.015s	Elapsed time: 400.015s
c [Lim] Sampler:	Memory: 1952 MB	Real time: 410.016s	Elapsed time: 410.016s
c [Lim] Sampler:	Memory: 1705.6 MB	Real time: 420.016s	Elapsed time: 420.016s
c [Lim] Sampler:	Memory: 1705.6 MB	Real time: 430.017s	Elapsed time: 430.017s
c [Lim] Sampler:	Memory: 2013.4 MB	Real time: 440.018s	Elapsed time: 440.018s
c [Lim] Sampler:	Memory: 1707 MB	Real time: 450.018s	Elapsed time: 450.018s
c [Lim] Sampler:	Memory: 1707 MB	Real time: 460.019s	Elapsed time: 460.019s
c [Lim] Sampler:	Memory: 1956.2 MB	Real time: 470.019s	Elapsed time: 470.019s
c [Lim] Sampler:	Memory: 2018.3 MB	Real time: 480.02s	Elapsed time: 480.02s
c [Lim] Sampler:	Memory: 1955.9 MB	Real time: 490.021s	Elapsed time: 490.021s
c [Lim] Sampler:	Memory: 1708 MB	Real time: 500.021s	Elapsed time: 500.021s
c [Lim] Sampler:	Memory: 1667.1 MB	Real time: 510.022s	Elapsed time: 510.022s
c [Lim] Sampler:	Memory: 1699.7 MB	Real time: 520.02s	Elapsed time: 520.02s
c [Lim] Sampler:	Memory:c [w = 33] SAT Solving starts:
c [w = 33] Solving duration: 359946 ms
c [w = 33] Answer: 
s [w = 33] SAT (w = 33)
c [w = 33] Solution check = 33.
c [w = 33] The solution is correct.
c [w = 33] Result: 10
c Search strategy: from lower bound.
c Encoding and solving from lower bound.
c [w = 34] Start task in PID: 434774.
c [w = 34] Antibandwidth problem with w = 34 (M-bcsstk06.mtx.rnd):
c [w = 34] Initializing CaDiCaL (version 2.1.3).
c [w = 34] Configuring CaDiCaL as --sat (1).
c [w = 34] Encoding starts with w = 34:
c [w = 34] Encoding duration: 3199ms
c [w = 34] Number of clauses: 7945800
c [w = 34] Number of variables: 554820
 1665.7 MB	Real time: 530.018s	Elapsed time: 530.018s
c [Lim] Sampler:	Memory: 1917.4 MB	Real time: 540.015s	Elapsed time: 540.015s
c [Lim] Sampler:	Memory: 1711 MB	Real time: 550.013s	Elapsed time: 550.013s
c [Lim] Sampler:	Memory: 1710.7 MB	Real time: 560.01s	Elapsed time: 560.01s
c [Lim] Sampler:	Memory: 1709.9 MB	Real time: 570.008s	Elapsed time: 570.008s
c [Lim] Sampler:	Memory: 1669.7 MB	Real time: 580.005s	Elapsed time: 580.005s
c [Lim] Sampler:	Memory: 1955.1 MB	Real time: 590.003s	Elapsed time: 590.003s
c [Lim] Sampler:	Memory: 1707.7 MB	Real time: 600.001s	Elapsed time: 600.001s
c [Lim] Sampler:	Memory: 1669 MB	Real time: 609.998s	Elapsed time: 609.998s
c [Lim] Sampler:	Memory: 1713.2 MB	Real time: 619.996s	Elapsed time: 619.996s
c [Lim] Sampler:	Memory: 1709.5 MB	Real time: 629.993s	Elapsed time: 629.993s
c [Lim] Sampler:	Memory: 1672.3 MB	Real time: 639.991s	Elapsed time: 639.991s
c [Lim] Sampler:	Memory: 1672.9 MB	Real time: 649.988s	Elapsed time: 649.988s
c [Lim] Sampler:	Memory: 1687.8 MB	Real time: 659.986s	Elapsed time: 659.986s
c [Lim] Sampler:	Memory: 1673.9 MB	Real time: 669.983s	Elapsed time: 669.983s
c [Lim] Sampler:	Memory: 1715.1 MB	Real time: 679.981s	Elapsed time: 679.981s
c [Lim] Sampler:	Memory: 1673.4 MB	Real time: 689.979s	Elapsed time: 689.979s
c [Lim] Sampler:	Memory: 1675 MB	Real time: 699.976s	Elapsed time: 699.976s
c [Lim] Sampler:	Memory: 1389 MB	Real time: 709.974s	Elapsed time: 709.974s
c [Lim] Sampler:	Memory: 1653.9 MB	Real time: 719.971s	Elapsed time: 719.971s
c [Lim] Sampler:	Memory: 1945.8 MB	Real time: 729.969s	Elapsed time: 729.969s
c [Lim] Sampler:	Memory: 1716 MB	Real time: 739.966s	Elapsed time: 739.966s
c [Lim] Sampler:	Memory: 1715.9 MB	Real time: 749.964s	Elapsed time: 749.964s
c [Lim] Sampler:	Memory: 1717.2 MB	Real time: 759.961s	Elapsed time: 759.961s
c [Lim] Sampler:	Memory: 1715.4 MB	Real time: 769.959s	Elapsed time: 769.959s
c [Lim] Sampler:	Memory: 1717.3 MB	Real time: 779.957s	Elapsed time: 779.957s
c [Lim] Sampler:	Memory: 1718.4 MB	Real time: 789.954s	Elapsed time: 789.954s
c [Lim] Sampler:	Memory: 1965.9 MB	Real time: 799.952s	Elapsed time: 799.952s
c [Lim] Sampler:	Memory: 1717.1 MB	Real time: 809.949s	Elapsed time: 809.949s
c [Lim] Sampler:	Memory: 1719.1 MB	Real time: 819.947s	Elapsed time: 819.947s
c [Lim] Sampler:	Memory: 2025.3 MB	Real time: 829.944s	Elapsed time: 829.944s
c [Lim] Sampler:	Memory: 1718.3 MB	Real time: 839.942s	Elapsed time: 839.942s
c [Lim] Sampler:	Memory: 1721.1 MB	Real time: 849.94s	Elapsed time: 849.94s
c [Lim] Sampler:	Memory: 1722.6 MB	Real time: 859.937s	Elapsed time: 859.937s
c [Lim] Sampler:	Memory: 1722.7 MB	Real time: 869.935s	Elapsed time: 869.935s
c [Lim] Sampler:	Memory: 1722.6 MB	Real time: 879.932s	Elapsed time: 879.932s
c [Lim] Sampler:	Memory: 1719.8 MB	Real time: 889.93s	Elapsed time: 889.93s
c [Lim] Sampler:	Memory: 1721 MB	Real time: 899.927s	Elapsed time: 899.927s
c [Lim] Sampler:	Memory: 1725.4 MB	Real time: 909.925s	Elapsed time: 909.925s
c [Lim] Sampler:	Memory: 1723.6 MB	Real time: 919.922s	Elapsed time: 919.922s
c [Lim] Sampler:	Memory: 1719.4 MB	Real time: 929.92s	Elapsed time: 929.92s
c [Lim] Sampler:	Memory: 1721 MB	Real time: 939.918s	Elapsed time: 939.918s
c [Lim] Sampler:	Memory: 1724.2 MB	Real time: 949.915s	Elapsed time: 949.915s
c [Lim] Sampler:	Memory: 1733.1 MB	Real time: 959.913s	Elapsed time: 959.913s
c [Lim] Sampler:	Memory: 1733.1 MB	Real time: 969.91s	Elapsed time: 969.91s
c [Lim] Sampler:	Memory: 1724.3 MB	Real time: 979.908s	Elapsed time: 979.908s
c [Lim] Sampler:	Memory: 1723 MB	Real time: 989.905s	Elapsed time: 989.905s
c [Lim] Sampler:	Memory: 1690.6 MB	Real time: 999.903s	Elapsed time: 999.903s
c [Lim] Sampler:	Memory: 1682.7 MB	Real time: 1009.9s	Elapsed time: 1009.9s
c [Lim] Sampler:	Memory: 1682 MB	Real time: 1019.9s	Elapsed time: 1019.9s
c [Lim] Sampler:	Memory: 1680.9 MB	Real time: 1029.9s	Elapsed time: 1029.9s
c [Lim] Sampler:	Memory: 1680.9 MB	Real time: 1039.89s	Elapsed time: 1039.89s
c [Lim] Sampler:	Memory: 1940 MB	Real time: 1049.89s	Elapsed time: 1049.89s
c [Lim] Sampler:	Memory: 1709.9 MB	Real time: 1059.89s	Elapsed time: 1059.89s
c [Lim] Sampler:	Memory: 1707.9 MB	Real time: 1069.89s	Elapsed time: 1069.89s
c [Lim] Sampler:	Memory: 1702 MB	Real time: 1079.88s	Elapsed time: 1079.88s
c [Lim] Sampler:	Memory: 1686.7 MB	Real time: 1089.88s	Elapsed time: 1089.88s
c [Lim] Sampler:	Memory: 1687.2 MB	Real time: 1099.88s	Elapsed time: 1099.88s
c [Lim] Sampler:	Memory: 1687.2 MB	Real time: 1109.88s	Elapsed time: 1109.88s
c [Lim] Sampler:	Memory: 1686 MB	Real time: 1119.87s	Elapsed time: 1119.87s
c [Lim] Sampler:	Memory: 1687.4 MB	Real time: 1129.87s	Elapsed time: 1129.87s
c [Lim] Sampler:	Memory: 1947.2 MB	Real time: 1139.87s	Elapsed time: 1139.87s
c [Lim] Sampler:	Memory: 1690.2 MB	Real time: 1149.87s	Elapsed time: 1149.87s
c [Lim] Sampler:	Memory: 1695.1 MB	Real time: 1159.86s	Elapsed time: 1159.86s
c [Lim] Sampler:	Memory: 1689.1 MB	Real time: 1169.86s	Elapsed time: 1169.86s
c [Lim] Sampler:	Memory: 1996 MB	Real time: 1179.86s	Elapsed time: 1179.86s
c [Lim] Sampler:	Memory: 1687 MB	Real time: 1189.86s	Elapsed time: 1189.86s
c [Lim] Sampler:	Memory: 1687 MB	Real time: 1199.85s	Elapsed time: 1199.85s
c [Lim] Sampler:	Memory: 1942.6 MB	Real time: 1209.85s	Elapsed time: 1209.85s
c [Lim] Sampler:	Memory: 1725.6 MB	Real time: 1219.85s	Elapsed time: 1219.85s
c [Lim] Sampler:	Memory: 1980.1 MB	Real time: 1229.85s	Elapsed time: 1229.85s
c [Lim] Sampler:	Memory: 1726.7 MB	Real time: 1239.84s	Elapsed time: 1239.84s
c [Lim] Sampler:	Memory: 1726.7 MB	Real time: 1249.84s	Elapsed time: 1249.84s
c [Lim] Sampler:	Memory: 1725.5 MB	Real time: 1259.84s	Elapsed time: 1259.84s
c [Lim] Sampler:	Memory: 1727.4 MB	Real time: 1269.84s	Elapsed time: 1269.84s
c [Lim] Sampler:	Memory: 1685.2 MB	Real time: 1279.83s	Elapsed time: 1279.83s
c [Lim] Sampler:	Memory: 1689.1 MB	Real time: 1289.83s	Elapsed time: 1289.83s
c [Lim] Sampler:	Memory: 1730.2 MB	Real time: 1299.83s	Elapsed time: 1299.83s
c [Lim] Sampler:	Memory: 1679.9 MB	Real time: 1309.83s	Elapsed time: 1309.83s
c [Lim] Sampler:	Memory: 1686.1 MB	Real time: 1319.82s	Elapsed time: 1319.82s
c [Lim] Sampler:	Memory: 1688.1 MB	Real time: 1329.82s	Elapsed time: 1329.82s
c [Lim] Sampler:	Memory: 1694.7 MB	Real time: 1339.82s	Elapsed time: 1339.82s
c [Lim] Sampler:	Memory: 1957 MB	Real time: 1349.82s	Elapsed time: 1349.82s
c [Lim] Sampler:	Memory: 1717.5 MB	Real time: 1359.82s	Elapsed time: 1359.82s
c [Lim] Sampler:	Memory: 1715.9 MB	Real time: 1369.81s	Elapsed time: 1369.81s
c [Lim] Sampler:	Memory: 1713.6 MB	Real time: 1379.81s	Elapsed time: 1379.81s
c [Lim] Sampler:	Memory: 1688.9 MB	Real time: 1389.81s	Elapsed time: 1389.81s
c [Lim] Sampler:	Memory: 1692.1 MB	Real time: 1399.81s	Elapsed time: 1399.81s
c [Lim] Sampler:	Memory: 1691.8 MB	Real time: 1409.8s	Elapsed time: 1409.8s
c [Lim] Sampler:	Memory: 1689.4 MB	Real time: 1419.8s	Elapsed time: 1419.8s
c [Lim] Sampler:	Memory: 1689.4 MB	Real time: 1429.8s	Elapsed time: 1429.8s
c [Lim] Sampler:	Memory: 1690.3 MB	Real time: 1439.8s	Elapsed time: 1439.8s
c [Lim] Sampler:	Memory: 1690.3 MB	Real time: 1449.79s	Elapsed time: 1449.79s
c [Lim] Sampler:	Memory: 1743 MB	Real time: 1459.79s	Elapsed time: 1459.79s
c [Lim] Sampler:	Memory: 1692.4 MB	Real time: 1469.79s	Elapsed time: 1469.79s
c [Lim] Sampler:	Memory: 1705.6 MB	Real time: 1479.79s	Elapsed time: 1479.79s
c [Lim] Sampler:	Memory: 1708.4 MB	Real time: 1489.78s	Elapsed time: 1489.78s
c [Lim] Sampler:	Memory: 1708.4 MB	Real time: 1499.78s	Elapsed time: 1499.78s
c [Lim] Sampler:	Memory: 1763.5 MB	Real time: 1509.78s	Elapsed time: 1509.78s
c [Lim] Sampler:	Memory: 1738.4 MB	Real time: 1519.78s	Elapsed time: 1519.78s
c [Lim] Sampler:	Memory: 1736.7 MB	Real time: 1529.77s	Elapsed time: 1529.77s
c [Lim] Sampler:	Memory: 1724.1 MB	Real time: 1539.77s	Elapsed time: 1539.77s
c [Lim] Sampler:	Memory: 1746.3 MB	Real time: 1549.77s	Elapsed time: 1549.77s
c [Lim] Sampler:	Memory: 1746.6 MB	Real time: 1559.77s	Elapsed time: 1559.77s
c [Lim] Sampler:	Memory: 1747.5 MB	Real time: 1569.76s	Elapsed time: 1569.76s
c [Lim] Sampler:	Memory: 2023.8 MB	Real time: 1579.76s	Elapsed time: 1579.76s
c [Lim] Sampler:	Memory: 1776.2 MB	Real time: 1589.76s	Elapsed time: 1589.76s
c [Lim] Sampler:	Memory: 1776.2 MB	Real time: 1599.76s	Elapsed time: 1599.76s
c [Lim] Sampler:	Memory: 1787.7 MB	Real time: 1609.75s	Elapsed time: 1609.75s
c [Lim] Sampler:	Memory: 1740.2 MB	Real time: 1619.75s	Elapsed time: 1619.75s
c [Lim] Sampler:	Memory: 1744.1 MB	Real time: 1629.75s	Elapsed time: 1629.75s
c [Lim] Sampler:	Memory: 1751.6 MB	Real time: 1639.75s	Elapsed time: 1639.75s
c [Lim] Sampler:	Memory: 1760.3 MB	Real time: 1649.74s	Elapsed time: 1649.74s
c [Lim] Sampler:	Memory: 1760.3 MB	Real time: 1659.74s	Elapsed time: 1659.74s
c [Lim] Sampler:	Memory: 1760.9 MB	Real time: 1669.74s	Elapsed time: 1669.74s
c [Lim] Sampler:	Memory: 1760.9 MB	Real time: 1679.74s	Elapsed time: 1679.74s
c [Lim] Sampler:	Memory: 1719.4 MB	Real time: 1689.73s	Elapsed time: 1689.73s
c [Lim] Sampler:	Memory: 1719.4 MB	Real time: 1699.73s	Elapsed time: 1699.73s
c [Lim] Sampler:	Memory: 1987.2 MB	Real time: 1709.73s	Elapsed time: 1709.73s
c [Lim] Sampler:	Memory: 1721.6 MB	Real time: 1719.73s	Elapsed time: 1719.73s
c [Lim] Sampler:	Memory: 1731.1 MB	Real time: 1729.72s	Elapsed time: 1729.72s
c [Lim] Sampler:	Memory: 1733.2 MB	Real time: 1739.72s	Elapsed time: 1739.72s
c [Lim] Sampler:	Memory: 1730.1 MB	Real time: 1749.72s	Elapsed time: 1749.72s
c [Lim] Sampler:	Memory: 1728 MB	Real time: 1759.72s	Elapsed time: 1759.72s
c [Lim] Sampler:	Memory: 1716 MB	Real time: 1769.71s	Elapsed time: 1769.71s
c [Lim] Sampler:	Memory: 1702 MB	Real time: 1779.71s	Elapsed time: 1779.71s
c [Lim] Sampler:	Memory: 1706.1 MB	Real time: 1789.71s	Elapsed time: 1789.71s
c [Lim] Sampler:	Memory: 1706.1 MB	Real time: 1799.71s	Elapsed time: 1799.71s
c [w = 34] SAT Solving starts:
c Signal interruption. Caught signal: SIGTERM (15)
c Search strategy: from lower bound.
c Encoding and solving from lower bound.
c [Lim] End with result: 254
c All children have completed.
r
r Final results: 
r Max width SAT:  	33
r Min width UNSAT:	-
r Total real time: 1805775 ms
r Total memory consumed: 2102.4 MB
r
r
