c [Version] Cyclic Bandwidth Encoder version 1.0.0.
c [Param] Real time limit is set to 150.
c [Param] Memory limit is set to 30000.
c [Param] Worker count is set to 8.
c [Main] Encoding and solving for graph: 3dmesh_4_4_200.txt.
c [Main] Search strategy: Binary search from lower bound.
c [Main] No predefined lower bound is found for 3dmesh_4_4_200.txt.
c [Main] LB-w = 2 (default value).
c [Main] Upper bound is set to 1593.
c [Main] Search order: 797 399 200 100 50 25 13 7 4 2 3 5 6 10 8 9 11 12 19 16 14 15 17 18 22 20 21 23 24 37 31 28 26 27 29 30 34 32 33 35 36 43 40 38 39 41 42 46 44 45 48 47 49 75 62 56 53 51 52 54 55 59 57 58 60 61 68 65 63 64 66 67 71 69 70 73 72 74 87 81 78 76 77 79 80 84 82 83 85 86 93 90 88 89 91 92 96 94 95 98 97 99 150 125 112 106 103 101 102 104 105 109 107 108 110 111 118 115 113 114 116 117 121 119 120 123 122 124 137 131 128 126 127 129 130 134 132 133 135 136 143 140 138 139 141 142 146 144 145 148 147 149 175 162 156 153 151 152 154 155 159 157 158 160 161 168 165 163 164 166 167 171 169 170 173 172 174 187 181 178 176 177 179 180 184 182 183 185 186 193 190 188 189 191 192 196 194 195 198 197 199 299 249 224 212 206 203 201 202 204 205 209 207 208 210 211 218 215 213 214 216 217 221 219 220 222 223 236 230 227 225 226 228 229 233 231 232 234 235 242 239 237 238 240 241 245 243 244 247 246 248 274 261 255 252 250 251 253 254 258 256 257 259 260 267 264 262 263 265 266 270 268 269 272 271 273 286 280 277 275 276 278 279 283 281 282 284 285 292 289 287 288 290 291 295 293 294 297 296 298 349 324 311 305 302 300 301 303 304 308 306 307 309 310 317 314 312 313 315 316 320 318 319 322 321 323 336 330 327 325 326 328 329 333 331 332 334 335 342 339 337 338 340 341 345 343 344 347 346 348 374 361 355 352 350 351 353 354 358 356 357 359 360 367 364 362 363 365 366 370 368 369 372 371 373 386 380 377 375 376 378 379 383 381 382 384 385 392 389 387 388 390 391 395 393 394 397 396 398 598 498 448 423 411 405 402 400 401 403 404 408 406 407 409 410 417 414 412 413 415 416 420 418 419 421 422 435 429 426 424 425 427 428 432 430 431 433 434 441 438 436 437 439 440 444 442 443 446 445 447 473 460 454 451 449 450 452 453 457 455 456 458 459 466 463 461 462 464 465 469 467 468 471 470 472 485 479 476 474 475 477 478 482 480 481 483 484 491 488 486 487 489 490 494 492 493 496 495 497 548 523 510 504 501 499 500 502 503 507 505 506 508 509 516 513 511 512 514 515 519 517 518 521 520 522 535 529 526 524 525 527 528 532 530 531 533 534 541 538 536 537 539 540 544 542 543 546 545 547 573 560 554 551 549 550 552 553 557 555 556 558 559 566 563 561 562 564 565 569 567 568 571 570 572 585 579 576 574 575 577 578 582 580 581 583 584 591 588 586 587 589 590 594 592 593 596 595 597 697 647 622 610 604 601 599 600 602 603 607 605 606 608 609 616 613 611 612 614 615 619 617 618 620 621 634 628 625 623 624 626 627 631 629 630 632 633 640 637 635 636 638 639 643 641 642 645 644 646 672 659 653 650 648 649 651 652 656 654 655 657 658 665 662 660 661 663 664 668 666 667 670 669 671 684 678 675 673 674 676 677 681 679 680 682 683 690 687 685 686 688 689 693 691 692 695 694 696 747 722 709 703 700 698 699 701 702 706 704 705 707 708 715 712 710 711 713 714 718 716 717 720 719 721 734 728 725 723 724 726 727 731 729 730 732 733 740 737 735 736 738 739 743 741 742 745 744 746 772 759 753 750 748 749 751 752 756 754 755 757 758 765 762 760 761 763 764 768 766 767 770 769 771 784 778 775 773 774 776 777 781 779 780 782 783 790 787 785 786 788 789 793 791 792 795 794 796 1195 996 896 846 821 809 803 800 798 799 801 802 806 804 805 807 808 815 812 810 811 813 814 818 816 817 819 820 833 827 824 822 823 825 826 830 828 829 831 832 839 836 834 835 837 838 842 840 841 844 843 845 871 858 852 849 847 848 850 851 855 853 854 856 857 864 861 859 860 862 863 867 865 866 869 868 870 883 877 874 872 873 875 876 880 878 879 881 882 889 886 884 885 887 888 892 890 891 894 893 895 946 921 908 902 899 897 898 900 901 905 903 904 906 907 914 911 909 910 912 913 917 915 916 919 918 920 933 927 924 922 923 925 926 930 928 929 931 932 939 936 934 935 937 938 942 940 941 944 943 945 971 958 952 949 947 948 950 951 955 953 954 956 957 964 961 959 960 962 963 967 965 966 969 968 970 983 977 974 972 973 975 976 980 978 979 981 982 989 986 984 985 987 988 992 990 991 994 993 995 1095 1045 1020 1008 1002 999 997 998 1000 1001 1005 1003 1004 1006 1007 1014 1011 1009 1010 1012 1013 1017 1015 1016 1018 1019 1032 1026 1023 1021 1022 1024 1025 1029 1027 1028 1030 1031 1038 1035 1033 1034 1036 1037 1041 1039 1040 1043 1042 1044 1070 1057 1051 1048 1046 1047 1049 1050 1054 1052 1053 1055 1056 1063 1060 1058 1059 1061 1062 1066 1064 1065 1068 1067 1069 1082 1076 1073 1071 1072 1074 1075 1079 1077 1078 1080 1081 1088 1085 1083 1084 1086 1087 1091 1089 1090 1093 1092 1094 1145 1120 1107 1101 1098 1096 1097 1099 1100 1104 1102 1103 1105 1106 1113 1110 1108 1109 1111 1112 1116 1114 1115 1118 1117 1119 1132 1126 1123 1121 1122 1124 1125 1129 1127 1128 1130 1131 1138 1135 1133 1134 1136 1137 1141 1139 1140 1143 1142 1144 1170 1157 1151 1148 1146 1147 1149 1150 1154 1152 1153 1155 1156 1163 1160 1158 1159 1161 1162 1166 1164 1165 1168 1167 1169 1182 1176 1173 1171 1172 1174 1175 1179 1177 1178 1180 1181 1188 1185 1183 1184 1186 1187 1191 1189 1190 1193 1192 1194 1394 1294 1244 1219 1207 1201 1198 1196 1197 1199 1200 1204 1202 1203 1205 1206 1213 1210 1208 1209 1211 1212 1216 1214 1215 1217 1218 1231 1225 1222 1220 1221 1223 1224 1228 1226 1227 1229 1230 1237 1234 1232 1233 1235 1236 1240 1238 1239 1242 1241 1243 1269 1256 1250 1247 1245 1246 1248 1249 1253 1251 1252 1254 1255 1262 1259 1257 1258 1260 1261 1265 1263 1264 1267 1266 1268 1281 1275 1272 1270 1271 1273 1274 1278 1276 1277 1279 1280 1287 1284 1282 1283 1285 1286 1290 1288 1289 1292 1291 1293 1344 1319 1306 1300 1297 1295 1296 1298 1299 1303 1301 1302 1304 1305 1312 1309 1307 1308 1310 1311 1315 1313 1314 1317 1316 1318 1331 1325 1322 1320 1321 1323 1324 1328 1326 1327 1329 1330 1337 1334 1332 1333 1335 1336 1340 1338 1339 1342 1341 1343 1369 1356 1350 1347 1345 1346 1348 1349 1353 1351 1352 1354 1355 1362 1359 1357 1358 1360 1361 1365 1363 1364 1367 1366 1368 1381 1375 1372 1370 1371 1373 1374 1378 1376 1377 1379 1380 1387 1384 1382 1383 1385 1386 1390 1388 1389 1392 1391 1393 1494 1444 1419 1406 1400 1397 1395 1396 1398 1399 1403 1401 1402 1404 1405 1412 1409 1407 1408 1410 1411 1415 1413 1414 1417 1416 1418 1431 1425 1422 1420 1421 1423 1424 1428 1426 1427 1429 1430 1437 1434 1432 1433 1435 1436 1440 1438 1439 1442 1441 1443 1469 1456 1450 1447 1445 1446 1448 1449 1453 1451 1452 1454 1455 1462 1459 1457 1458 1460 1461 1465 1463 1464 1467 1466 1468 1481 1475 1472 1470 1471 1473 1474 1478 1476 1477 1479 1480 1487 1484 1482 1483 1485 1486 1490 1488 1489 1492 1491 1493 1544 1519 1506 1500 1497 1495 1496 1498 1499 1503 1501 1502 1504 1505 1512 1509 1507 1508 1510 1511 1515 1513 1514 1517 1516 1518 1531 1525 1522 1520 1521 1523 1524 1528 1526 1527 1529 1530 1537 1534 1532 1533 1535 1536 1540 1538 1539 1542 1541 1543 1569 1556 1550 1547 1545 1546 1548 1549 1553 1551 1552 1554 1555 1562 1559 1557 1558 1560 1561 1565 1563 1564 1567 1566 1568 1581 1575 1572 1570 1571 1573 1574 1578 1576 1577 1579 1580 1587 1584 1582 1583 1585 1586 1590 1588 1589 1592 1591 1593.
c [w = 13] Start task in PID: 10844.
c [w = 13] Cyclic Antibandwidth problem with w = 13 (3dmesh_4_4_200.txt):
c [w = 13] Initializing CaDiCaL (version 2.1.3).
c [w = 13] Configuring CaDiCaL as --sat (1).
c [w = 13] Encoding starts with w = 13:
c [w = 13] Symmetry breaking highest degree node is applied.
c [Signal] Signal interruption. Caught signal: SIGTERM (15).
c [w = 25] Start task in PID: 10843.
c [w = 25] Cyclic Antibandwidth problem with w = 25 (3dmesh_4_4_200.txt):
c [w = 25] Initializing CaDiCaL (version 2.1.3).
c [w = 25] Configuring CaDiCaL as --sat (1).
c [w = 25] Encoding starts with w = 25:
c [w = 25] Symmetry breaking highest degree node is applied.
c [Signal] Signal interruption. Caught signal: SIGTERM (15).
c [w = 100] Start task in PID: 10841.
c [w = 100] Cyclic Antibandwidth problem with w = 100 (3dmesh_4_4_200.txt):
c [w = 100] Initializing CaDiCaL (version 2.1.3).
c [w = 100] Configuring CaDiCaL as --sat (1).
c [w = 100] Encoding starts with w = 100:
c [w = 100] Symmetry breaking highest degree node is applied.
c [Signal] Signal interruption. Caught signal: SIGTERM (15).
c [w = 797] Start task in PID: 10838.
c [w = 797] Cyclic Antibandwidth problem with w = 797 (3dmesh_4_4_200.txt):
c [w = 797] Initializing CaDiCaL (version 2.1.3).
c [w = 797] Configuring CaDiCaL as --sat (1).
c [w = 797] Encoding starts with w = 797:
c [w = 797] Symmetry breaking highest degree node is applied.
c [Signal] Signal interruption. Caught signal: SIGTERM (15).
c [w = 399] Start task in PID: 10839.
c [w = 399] Cyclic Antibandwidth problem with w = 399 (3dmesh_4_4_200.txt):
c [w = 399] Initializing CaDiCaL (version 2.1.3).
c [w = 399] Configuring CaDiCaL as --sat (1).
c [w = 399] Encoding starts with w = 399:
c [w = 399] Symmetry breaking highest degree node is applied.
c [Signal] Signal interruption. Caught signal: SIGTERM (15).
c [Main] Lim pid ends with result: 255.
c [Main] All children have completed.
r [Main] 
r [Main] Final results: 
r [Main] Max width SAT:  	-.
r [Main] Min width UNSAT:	-.
r [Main] Total real time: 11899 ms.
r [Main] Total memory consumed: 30061.9 MB.
r [Main] 
c [w = 7] Start task in PID: 10845.
c [w = 7] Cyclic Antibandwidth problem with w = 7 (3dmesh_4_4_200.txt):
c [w = 7] Initializing CaDiCaL (version 2.1.3).
c [w = 7] Configuring CaDiCaL as --sat (1).
c [w = 7] Encoding starts with w = 7:
c [w = 7] Symmetry breaking highest degree node is applied.
c [Signal] Signal interruption. Caught signal: SIGTERM (15).
c [w = 200] Start task in PID: 10840.
c [w = 200] Cyclic Antibandwidth problem with w = 200 (3dmesh_4_4_200.txt):
c [w = 200] Initializing CaDiCaL (version 2.1.3).
c [w = 200] Configuring CaDiCaL as --sat (1).
c [w = 200] Encoding starts with w = 200:
c [w = 200] Symmetry breaking highest degree node is applied.
c [Signal] Signal interruption. Caught signal: SIGTERM (15).
c [w = 50] Start task in PID: 10842.
c [w = 50] Cyclic Antibandwidth problem with w = 50 (3dmesh_4_4_200.txt):
c [w = 50] Initializing CaDiCaL (version 2.1.3).
c [w = 50] Configuring CaDiCaL as --sat (1).
c [w = 50] Encoding starts with w = 50:
c [w = 50] Symmetry breaking highest degree node is applied.
c [Signal] Signal interruption. Caught signal: SIGTERM (15).
