c [Version] Cyclic Bandwidth Encoder version 1.0.0.
c [Param] Real time limit is set to 150.
c [Param] Memory limit is set to 30000.
c [Param] Worker count is set to 4.
c [Main] Encoding and solving for graph: hypercube_10_1024.txt.
c [Main] Search strategy: Binary search from upper bound.
c [Main] Lower bound is set to 182.
c [Main] Upper bound is set to 364.
c [Main] Search order: 273 319 342 353 359 362 363 364 360 361 356 357 358 354 355 347 350 351 352 348 349 344 345 346 343 330 336 339 340 341 337 338 333 334 335 331 332 324 327 328 329 325 326 321 322 323 320 296 307 313 316 317 318 314 315 310 311 312 308 309 301 304 305 306 302 303 298 299 300 297 284 290 293 294 295 291 292 287 288 289 285 286 278 281 282 283 279 280 275 276 277 274 227 250 261 267 270 271 272 268 269 264 265 266 262 263 255 258 259 260 256 257 252 253 254 251 238 244 247 248 249 245 246 241 242 243 239 240 232 235 236 237 233 234 229 230 231 228 204 215 221 224 225 226 222 223 218 219 220 216 217 209 212 213 214 210 211 206 207 208 205 192 198 201 202 203 199 200 195 196 197 193 194 186 189 190 191 187 188 183 184 185 182.
c [w = 353] Start task in PID: 177442.
c [w = 353] Cyclic Antibandwidth problem with w = 353 (hypercube_10_1024.txt):
c [w = 353] Initializing CaDiCaL (version 2.1.3).
c [w = 353] Configuring CaDiCaL as --sat (1).
c [w = 353] Encoding starts with w = 353:
c [w = 353] Symmetry breaking highest degree node is applied.
c [w = 353] Encoding duration: 14341 ms.
c [w = 353] Number of clauses: 32042496.
c [w = 353] Number of variables: 3299328.
c [w = 353] SAT Solving starts:
c [Signal] Signal interruption. Caught signal: SIGTERM (15).
c [w = 342] Start task in PID: 177441.
c [w = 342] Cyclic Antibandwidth problem with w = 342 (hypercube_10_1024.txt):
c [w = 342] Initializing CaDiCaL (version 2.1.3).
c [w = 342] Configuring CaDiCaL as --sat (1).
c [w = 342] Encoding starts with w = 342:
c [w = 342] Symmetry breaking highest degree node is applied.
c [w = 342] Encoding duration: 14280 ms.
c [w = 342] Number of clauses: 31929856.
c [w = 342] Number of variables: 3265536.
c [w = 342] SAT Solving starts:
c [Signal] Signal interruption. Caught signal: SIGTERM (15).
c [w = 319] Start task in PID: 177440.
c [w = 319] Cyclic Antibandwidth problem with w = 319 (hypercube_10_1024.txt):
c [w = 319] Initializing CaDiCaL (version 2.1.3).
c [w = 319] Configuring CaDiCaL as --sat (1).
c [w = 319] Encoding starts with w = 319:
c [w = 319] Symmetry breaking highest degree node is applied.
c [w = 319] Encoding duration: 14455 ms.
c [w = 319] Number of clauses: 32653824.
c [w = 319] Number of variables: 3518464.
c [w = 319] SAT Solving starts:
c [Signal] Signal interruption. Caught signal: SIGTERM (15).
c [w = 273] Start task in PID: 177439.
c [w = 273] Cyclic Antibandwidth problem with w = 273 (hypercube_10_1024.txt):
c [w = 273] Initializing CaDiCaL (version 2.1.3).
c [w = 273] Configuring CaDiCaL as --sat (1).
c [w = 273] Encoding starts with w = 273:
c [w = 273] Symmetry breaking highest degree node is applied.
c [w = 273] Encoding duration: 14362 ms.
c [w = 273] Number of clauses: 32041472.
c [w = 273] Number of variables: 3330048.
c [w = 273] SAT Solving starts:
c [Signal] Signal interruption. Caught signal: SIGTERM (15).
c [Main] Lim pid ends with result: 255.
c [Main] All children have completed.
r [Main] 
r [Main] Final results: 
r [Main] Max width SAT:  	-.
r [Main] Min width UNSAT:	-.
r [Main] Total real time: 83794 ms.
r [Main] Total memory consumed: 30079.4 MB.
r [Main] 
