c [Version] Cyclic Bandwidth Encoder version 1.0.0.
c [Param] Real time limit is set to 1800.
c [Param] Memory limit is set to 30000.
c [Param] Worker count is set to 8.
c [Main] Encoding and solving for graph: caterpillar_20_4.txt.
c [Main] Search strategy: Binary search from upper bound.
c [Main] No predefined lower bound is found for caterpillar_20_4.txt.
c [Main] LB-w = 2 (default value).
c [Main] No predefined upper bound is found for caterpillar_20_4.txt.
c [Main] UB-w = 40 (default value calculated as n/2).
c [Main] Search order: 21 31 36 38 39 40 37 33 34 35 32 26 28 29 30 27 23 24 25 22 11 16 18 19 20 17 13 14 15 12 6 8 9 10 7 3 4 5 2.
c [w = 40] Start task in PID: 7010.
c [w = 40] Cyclic Antibandwidth problem with w = 40 (caterpillar_20_4.txt):
c [w = 40] Initializing CaDiCaL (version 2.1.3).
c [w = 40] Configuring CaDiCaL as --sat (1).
c [w = 40] Encoding starts with w = 40:
c [w = 40] Symmetry breaking highest degree node is applied.
c [w = 40] Encoding duration: 102 ms.
c [w = 40] Number of clauses: 94126.
c [w = 40] Number of variables: 21280.
c [w = 40] SAT Solving starts:
c [w = 40] Solving duration: 0 ms.
c [w = 40] Answer:
s [w = 40] UNSAT (w = 40).
c [w = 40] Result: 20.
c [Main] Min width UNSAT is set to 40
c [w = 38] Start task in PID: 7008.
c [w = 38] Cyclic Antibandwidth problem with w = 38 (caterpillar_20_4.txt):
c [w = 38] Initializing CaDiCaL (version 2.1.3).
c [w = 38] Configuring CaDiCaL as --sat (1).
c [w = 38] Encoding starts with w = 38:
c [w = 38] Symmetry breaking highest degree node is applied.
c [w = 38] Encoding duration: 111 ms.
c [w = 38] Number of clauses: 101409.
c [w = 38] Number of variables: 23760.
c [w = 38] SAT Solving starts:
c [w = 38] Solving duration: 27 ms.
c [w = 38] Answer:
s [w = 38] SAT (w = 38).
c [w = 38] Solution check = 38.
c [w = 38] The solution is correct.
c [w = 38] Result: 10.
c [w = 37] Start task in PID: 7011.
c [w = 37] Cyclic Antibandwidth problem with w = 37 (caterpillar_20_4.txt):
c [w = 37] Initializing CaDiCaL (version 2.1.3).
c [w = 37] Configuring CaDiCaL as --sat (1).
c [w = 37] Encoding starts with w = 37:
c [w = 37] Symmetry breaking highest degree node is applied.
c [w = 37] Encoding duration: 111 ms.
c [w = 37] Number of clauses: 100609.
c [w = 37] Number of variables: 23520.
c [w = 37] SAT Solving starts:
c [w = 37] Solving duration: 56 ms.
c [w = 37] Answer:
s [w = 37] SAT (w = 37).
c [Signal] Signal interruption. Caught signal: SIGTERM (15).
c [w = 36] Start task in PID: 7007.
c [w = 36] Cyclic Antibandwidth problem with w = 36 (caterpillar_20_4.txt):
c [w = 36] Initializing CaDiCaL (version 2.1.3).
c [w = 36] Configuring CaDiCaL as --sat (1).
c [w = 36] Encoding starts with w = 36:
c [w = 36] Symmetry breaking highest degree node is applied.
c [w = 36] Encoding duration: 112 ms.
c [w = 36] Number of clauses: 99809.
c [w = 36] Number of variables: 23280.
c [w = 36] SAT Solving starts:
c [Signal] Signal interruption. Caught signal: SIGTERM (15).
c [w = 31] Start task in PID: 7006.
c [w = 31] Cyclic Antibandwidth problem with w = 31 (caterpillar_20_4.txt):
c [w = 31] Initializing CaDiCaL (version 2.1.3).
c [w = 31] Configuring CaDiCaL as --sat (1).
c [w = 31] Encoding starts with w = 31:
c [w = 31] Symmetry breaking highest degree node is applied.
c [w = 31] Encoding duration: 107 ms.
c [w = 31] Number of clauses: 95809.
c [w = 31] Number of variables: 22080.
c [w = 31] SAT Solving starts:
c [Signal] Signal interruption. Caught signal: SIGTERM (15).
c [Main] Max width SAT is set to 38.
c [Main] Kill lower pid 33.
c [Main] Kill lower pid 37.
c [Main] Kill lower pid 36.
c [Main] Kill lower pid 31.
c [Main] Kill lower pid 34.
c [Main] Kill lower pid 21.
c [w = 34] Start task in PID: 7013.
c [w = 34] Cyclic Antibandwidth problem with w = 34 (caterpillar_20_4.txt):
c [w = 34] Initializing CaDiCaL (version 2.1.3).
c [w = 34] Configuring CaDiCaL as --sat (1).
c [w = 34] Encoding starts with w = 34:
c [w = 34] Symmetry breaking highest degree node is applied.
c [Signal] Signal interruption. Caught signal: SIGTERM (15).
c [w = 21] Start task in PID: 7005.
c [w = 21] Cyclic Antibandwidth problem with w = 21 (caterpillar_20_4.txt):
c [w = 21] Initializing CaDiCaL (version 2.1.3).
c [w = 21] Configuring CaDiCaL as --sat (1).
c [w = 21] Encoding starts with w = 21:
c [w = 21] Symmetry breaking highest degree node is applied.
c [w = 21] Encoding duration: 103 ms.
c [w = 21] Number of clauses: 92212.
c [w = 21] Number of variables: 21120.
c [w = 21] SAT Solving starts:
c [Signal] Signal interruption. Caught signal: SIGTERM (15).
c [w = 33] Start task in PID: 7012.
c [w = 33] Cyclic Antibandwidth problem with w = 33 (caterpillar_20_4.txt):
c [w = 33] Initializing CaDiCaL (version 2.1.3).
c [w = 33] Configuring CaDiCaL as --sat (1).
c [w = 33] Encoding starts with w = 33:
c [w = 33] Symmetry breaking highest degree node is applied.
c [w = 33] Encoding duration: 108 ms.
c [w = 33] Number of clauses: 97409.
c [w = 33] Number of variables: 22560.
c [w = 33] SAT Solving starts:
c [w = 33] Solving duration: 38 ms.
c [w = 33] Answer:
s [w = 33] SAT (w = 33).
c [w = 33] Solution check = 33.
c [w = 33] The solution is correct.
c [Signal] Signal interruption. Caught signal: SIGTERM (15).
c [Main] Child pid 34 - 7013 terminated by signal 15.
c [Main] Child pid 33 - 7012 terminated by signal 15.
c [Main] Child pid 36 - 7007 terminated by signal 15.
c [Main] Child pid 37 - 7011 terminated by signal 15.
c [Main] Child pid 31 - 7006 terminated by signal 15.
c [Main] Child pid 21 - 7005 terminated by signal 15.
c [w = 39] Start task in PID: 7009.
c [w = 39] Cyclic Antibandwidth problem with w = 39 (caterpillar_20_4.txt):
c [w = 39] Initializing CaDiCaL (version 2.1.3).
c [w = 39] Configuring CaDiCaL as --sat (1).
c [w = 39] Encoding starts with w = 39:
c [w = 39] Symmetry breaking highest degree node is applied.
c [w = 39] Encoding duration: 112 ms.
c [w = 39] Number of clauses: 102209.
c [w = 39] Number of variables: 24000.
c [w = 39] SAT Solving starts:
c [w = 39] Solving duration: 540 ms.
c [w = 39] Answer:
s [w = 39] UNSAT (w = 39).
c [w = 39] Result: 20.
c [Main] Min width UNSAT is set to 39
c [Signal] Signal interruption. Caught signal: SIGTERM (15).
c [Main] All children have completed.
r [Main] 
r [Main] Final results: 
r [Main] Max width SAT:  	38.
r [Main] Min width UNSAT:	39.
r [Main] Total real time: 669 ms.
r [Main] Total memory consumed: 186.4 MB.
r [Main] 
