c [Version] Cyclic Bandwidth Encoder version 1.0.0.
c [Param] Real time limit is set to 1800.
c [Param] Memory limit is set to 30000.
c [Param] Worker count is set to 8.
c [Main] Encoding and solving for graph: double_star_15_7.txt.
c [Main] Search strategy: Binary search from upper bound.
c [Main] No predefined lower bound is found for double_star_15_7.txt.
c [Main] LB-w = 2 (default value).
c [Main] Upper bound is set to 4.
c [Main] Search order: 3 4 2.
c [w = 3] Start task in PID: 38900.
c [w = 3] Cyclic Antibandwidth problem with w = 3 (double_star_15_7.txt):
c [w = 3] Initializing CaDiCaL (version 2.1.3).
c [w = 3] Configuring CaDiCaL as --sat (1).
c [w = 3] Encoding starts with w = 3:
c [w = 3] Symmetry breaking highest degree node is applied.
c [w = 3] Encoding duration: 6 ms.
c [w = 3] Number of clauses: 5931.
c [w = 3] Number of variables: 1320.
c [w = 3] SAT Solving starts:
c [w = 3] Solving duration: 0 ms.
c [w = 3] Answer:
s [w = 3] SAT (w = 3).
c [w = 3] Solution check = 3.
c [w = 3] The solution is correct.
c [w = 3] Result: 10.
c [Main] Max width SAT is set to 3.
c [Main] Kill lower pid 2.
c [w = 2] Start task in PID: 38902.
c [w = 2] Cyclic Antibandwidth problem with w = 2 (double_star_15_7.txt):
c [w = 2] Initializing CaDiCaL (version 2.1.3).
c [w = 2] Configuring CaDiCaL as --sat (1).
c [w = 2] Encoding starts with w = 2:
c [w = 2] Symmetry breaking highest degree node is applied.
c [w = 2] Encoding duration: 6 ms.
c [w = 2] Number of clauses: 5698.
c [w = 2] Number of variables: 1078.
c [w = 2] SAT Solving starts:
c [Signal] Signal interruption. Caught signal: SIGTERM (15).
c [Main] Child pid 2 - 38902 terminated by signal 15.
c [w = 4] Start task in PID: 38901.
c [w = 4] Cyclic Antibandwidth problem with w = 4 (double_star_15_7.txt):
c [w = 4] Initializing CaDiCaL (version 2.1.3).
c [w = 4] Configuring CaDiCaL as --sat (1).
c [w = 4] Encoding starts with w = 4:
c [w = 4] Symmetry breaking highest degree node is applied.
c [w = 4] Encoding duration: 7 ms.
c [w = 4] Number of clauses: 6189.
c [w = 4] Number of variables: 1452.
c [w = 4] SAT Solving starts:
c [w = 4] Solving duration: 2 ms.
c [w = 4] Answer:
s [w = 4] SAT (w = 4).
c [w = 4] Solution check = 4.
c [w = 4] The solution is correct.
c [w = 4] Result: 10.
c [Main] Max width SAT is set to 4.
c [Signal] Signal interruption. Caught signal: SIGTERM (15).
c [Main] All children have completed.
r [Main] 
r [Main] Final results: 
r [Main] Max width SAT:  	4.
r [Main] Min width UNSAT:	-.
r [Main] Total real time: 11 ms.
r [Main] Total memory consumed: 4.9 MB.
r [Main] 
