c [Version] Cyclic Anti-bandwidth Encoder version 1.0.0.
c [Param] Real time limit is set to 150.
c [Param] Memory limit is set to 30000.
c [Param] Worker count is set to 4.
c [Param] LB skip threshold is set to 0.25.
c [Main] Encoding and solving for graph: caterpillar_5_5.txt.
c [Main] Search strategy: Binary search using BFS.
c [Main] No predefined lower bound is found for caterpillar_5_5.txt.
c [Main] LB-w = 2 (default value).
c [Main] No predefined upper bound is found for caterpillar_5_5.txt.
c [Main] UB-w = 12 (default value calculated as n/2).
c [Main] LB is modified to 4 after applying LB skip threshold 0.25.
c [Main] Search order: 8 5 10 4 6 9 11 7 12.
c [w = 5] Start task in PID: 42597.
c [w = 5] Cyclic Antibandwidth problem with w = 5 (caterpillar_5_5.txt):
c [w = 5] Initializing CaDiCaL (version 2.1.3).
c [w = 5] Configuring CaDiCaL as --sat (1).
c [w = 5] Encoding starts with w = 5:
c [w = 5] Symmetry breaking highest degree node is applied.
c [w = 5] Encoding duration: 5 ms.
c [w = 5] Number of clauses: 8102.
c [w = 5] Number of variables: 1900.
c [w = 5] SAT Solving starts:
c [w = 5] Solving duration: 0 ms.
c [w = 5] Answer:
s [w = 5] SAT (w = 5).
c [w = 5] Solution check = 5.
c [w = 5] The solution is correct.
c [w = 5] Result: 10.
c [Main] Max width SAT is set to 5.
c [Main] Kill lower pid 4.
c [w = 4] Start task in PID: 42599.
c [w = 4] Cyclic Antibandwidth problem with w = 4 (caterpillar_5_5.txt):
c [w = 4] Initializing CaDiCaL (version 2.1.3).
c [w = 4] Configuring CaDiCaL as --sat (1).
c [w = 4] Encoding starts with w = 4:
c [w = 4] Symmetry breaking highest degree node is applied.
c [w = 4] Encoding duration: 5 ms.
c [w = 4] Number of clauses: 7908.
c [w = 4] Number of variables: 1800.
c [w = 4] SAT Solving starts:
c [w = 4] Solving duration: 1 ms.
c [w = 4] Answer:
s [w = 4] SAT (w = 4).
c [w = 4] Solution check = 4.
c [w = 4] The solution is correct.
c [Signal] Signal interruption. Caught signal: SIGTERM (15).
c [Main] Child pid 4 - 42599 terminated by signal 15.
c [w = 10] Start task in PID: 42598.
c [w = 10] Cyclic Antibandwidth problem with w = 10 (caterpillar_5_5.txt):
c [w = 10] Initializing CaDiCaL (version 2.1.3).
c [w = 10] Configuring CaDiCaL as --sat (1).
c [w = 10] Encoding starts with w = 10:
c [w = 10] Symmetry breaking highest degree node is applied.
c [w = 10] Encoding duration: 6 ms.
c [w = 10] Number of clauses: 8971.
c [w = 10] Number of variables: 2175.
c [w = 10] SAT Solving starts:
c [w = 10] Solving duration: 1 ms.
c [w = 10] Answer:
s [w = 10] SAT (w = 10).
c [w = 10] Solution check = 10.
c [w = 10] The solution is correct.
c [w = 10] Result: 10.
c [w = 9] Start task in PID: 42601.
c [w = 9] Cyclic Antibandwidth problem with w = 9 (caterpillar_5_5.txt):
c [w = 9] Initializing CaDiCaL (version 2.1.3).
c [w = 9] Configuring CaDiCaL as --sat (1).
c [w = 9] Encoding starts with w = 9:
c [w = 9] Symmetry breaking highest degree node is applied.
c [Signal] Signal interruption. Caught signal: SIGTERM (15).
c [Main] Max width SAT is set to 10.
c [Main] Kill lower pid 9.
c [Main] Kill lower pid 6.
c [Main] Kill lower pid 8.
c [w = 6] Start task in PID: 42600.
c [w = 6] Cyclic Antibandwidth problem with w = 6 (caterpillar_5_5.txt):
c [w = 6] Initializing CaDiCaL (version 2.1.3).
c [w = 6] Configuring CaDiCaL as --sat (1).
c [w = 6] Encoding starts with w = 6:
c [w = 6] Symmetry breaking highest degree node is applied.
c [Signal] Signal interruption. Caught signal: SIGTERM (15).
c [w = 8] Start task in PID: 42596.
c [w = 8] Cyclic Antibandwidth problem with w = 8 (caterpillar_5_5.txt):
c [w = 8] Initializing CaDiCaL (version 2.1.3).
c [w = 8] Configuring CaDiCaL as --sat (1).
c [w = 8] Encoding starts with w = 8:
c [w = 8] Symmetry breaking highest degree node is applied.
c [w = 8] Encoding duration: 6 ms.
c [w = 8] Number of clauses: 8449.
c [w = 8] Number of variables: 2025.
c [w = 8] SAT Solving starts:
c [Signal] Signal interruption. Caught signal: SIGTERM (15).
c [Main] Child pid 6 - 42600 terminated by signal 15.
c [Main] Child pid 9 - 42601 terminated by signal 15.
c [Main] Child pid 8 - 42596 terminated by signal 15.
c [w = 12] Start task in PID: 42603.
c [w = 12] Cyclic Antibandwidth problem with w = 12 (caterpillar_5_5.txt):
c [w = 12] Initializing CaDiCaL (version 2.1.3).
c [w = 12] Configuring CaDiCaL as --sat (1).
c [w = 12] Encoding starts with w = 12:
c [w = 12] Symmetry breaking highest degree node is applied.
c [w = 12] Encoding duration: 5 ms.
c [w = 12] Number of clauses: 8746.
c [w = 12] Number of variables: 2100.
c [w = 12] SAT Solving starts:
c [w = 12] Solving duration: 1 ms.
c [w = 12] Answer:
s [w = 12] UNSAT (w = 12).
c [w = 12] Result: 20.
c [Main] Min width UNSAT is set to 12
c [w = 11] Start task in PID: 42602.
c [w = 11] Cyclic Antibandwidth problem with w = 11 (caterpillar_5_5.txt):
c [w = 11] Initializing CaDiCaL (version 2.1.3).
c [w = 11] Configuring CaDiCaL as --sat (1).
c [w = 11] Encoding starts with w = 11:
c [w = 11] Symmetry breaking highest degree node is applied.
c [w = 11] Encoding duration: 6 ms.
c [w = 11] Number of clauses: 9221.
c [w = 11] Number of variables: 2250.
c [w = 11] SAT Solving starts:
c [w = 11] Solving duration: 1 ms.
c [w = 11] Answer:
s [w = 11] SAT (w = 11).
c [w = 11] Solution check = 11.
c [w = 11] The solution is correct.
c [w = 11] Result: 10.
c [Main] Max width SAT is set to 11.
c [Main] All children have completed.
r [Main] 
r [Main] Final results: 
r [Main] Max width SAT:  	11.
r [Main] Min width UNSAT:	12.
r [Main] Total real time: 20 ms.
r [Main] Total memory consumed: 5.1 MB.
r [Main] 
c [Signal] Signal interruption. Caught signal: SIGTERM (15).
