c [Version] Cyclic Anti-bandwidth Encoder version 1.0.0.
c [Param] Real time limit is set to 150.
c [Param] Memory limit is set to 30000.
c [Param] Worker count is set to 4.
c [Param] LB skip threshold is set to 0.25.
c [Main] Encoding and solving for graph: caterpillar_30_15.txt.
c [Main] Search strategy: Binary search using BFS.
c [Main] No predefined lower bound is found for caterpillar_30_15.txt.
c [Main] LB-w = 2 (default value).
c [Main] No predefined upper bound is found for caterpillar_30_15.txt.
c [Main] UB-w = 225 (default value calculated as n/2).
c [Main] LB is modified to 57 after applying LB skip threshold 0.25.
c [Main] Search order: 141 98 183 77 119 162 204 66 87 108 130 151 172 193 215 61 71 82 92 103 113 124 135 146 156 167 177 188 198 209 220 58 63 68 74 79 84 89 95 100 105 110 116 121 127 132 138 143 148 153 159 164 169 174 180 185 190 195 201 206 212 217 223 57 59 62 64 67 69 72 75 78 80 83 85 88 90 93 96 99 101 104 106 109 111 114 117 120 122 125 128 131 133 136 139 142 144 147 149 152 154 157 160 163 165 168 170 173 175 178 181 184 186 189 191 194 196 199 202 205 207 210 213 216 218 221 224 60 65 70 73 76 81 86 91 94 97 102 107 112 115 118 123 126 129 134 137 140 145 150 155 158 161 166 171 176 179 182 187 192 197 200 203 208 211 214 219 222 225.
c [w = 77] Start task in PID: 47085.
c [w = 77] Cyclic Antibandwidth problem with w = 77 (caterpillar_30_15.txt):
c [w = 77] Initializing CaDiCaL (version 2.1.3).
c [w = 77] Configuring CaDiCaL as --sat (1).
c [w = 77] Encoding starts with w = 77:
c [w = 77] Symmetry breaking highest degree node is applied.
c [w = 77] Encoding duration: 1971 ms.
c [w = 77] Number of clauses: 2913543.
c [w = 77] Number of variables: 641700.
c [w = 77] SAT Solving starts:
c [w = 77] Solving duration: 4602 ms.
c [w = 77] Answer:
s [w = 77] SAT (w = 77).
c [w = 77] Solution check = 77.
c [w = 77] The solution is correct.
c [w = 77] Result: 10.
c [Main] Max width SAT is set to 77.
c [w = 98] Start task in PID: 47083.
c [w = 98] Cyclic Antibandwidth problem with w = 98 (caterpillar_30_15.txt):
c [w = 98] Initializing CaDiCaL (version 2.1.3).
c [w = 98] Configuring CaDiCaL as --sat (1).
c [w = 98] Encoding starts with w = 98:
c [w = 98] Symmetry breaking highest degree node is applied.
c [w = 98] Encoding duration: 1987 ms.
c [w = 98] Number of clauses: 2963490.
c [w = 98] Number of variables: 655650.
c [w = 98] SAT Solving starts:
c [w = 98] Solving duration: 24853 ms.
c [w = 98] Answer:
s [w = 98] SAT (w = 98).
c [w = 98] Solution check = 98.
c [w = 98] The solution is correct.
c [w = 98] Result: 10.
c [Main] Max width SAT is set to 98.
c [w = 183] Start task in PID: 47084.
c [w = 183] Cyclic Antibandwidth problem with w = 183 (caterpillar_30_15.txt):
c [w = 183] Initializing CaDiCaL (version 2.1.3).
c [w = 183] Configuring CaDiCaL as --sat (1).
c [w = 183] Encoding starts with w = 183:
c [w = 183] Symmetry breaking highest degree node is applied.
c [w = 183] Encoding duration: 2095 ms.
c [w = 183] Number of clauses: 3088134.
c [w = 183] Number of variables: 684900.
c [w = 183] SAT Solving starts:
c [w = 183] Solving duration: 28559 ms.
c [w = 183] Answer:
s [w = 183] SAT (w = 183).
c [w = 183] Solution check = 183.
c [w = 183] The solution is correct.
c [w = 183] Result: 10.
c [Main] Max width SAT is set to 183.
c [Main] Kill lower pid 162.
c [Main] Kill lower pid 119.
c [Main] Kill lower pid 141.
c [w = 119] Start task in PID: 47117.
c [w = 119] Cyclic Antibandwidth problem with w = 119 (caterpillar_30_15.txt):
c [w = 119] Initializing CaDiCaL (version 2.1.3).
c [w = 119] Configuring CaDiCaL as --sat (1).
c [w = 119] Encoding starts with w = 119:
c [w = 119] Symmetry breaking highest degree node is applied.
c [w = 119] Encoding duration: 1995 ms.
c [w = 119] Number of clauses: 2957187.
c [w = 119] Number of variables: 650700.
c [w = 119] SAT Solving starts:
c [Signal] Signal interruption. Caught signal: SIGTERM (15).
c [w = 162] Start task in PID: 47138.
c [w = 162] Cyclic Antibandwidth problem with w = 162 (caterpillar_30_15.txt):
c [w = 162] Initializing CaDiCaL (version 2.1.3).
c [w = 162] Configuring CaDiCaL as --sat (1).
c [w = 162] Encoding starts with w = 162:
c [w = 162] Symmetry breaking highest degree node is applied.
c [w = 162] Encoding duration: 1974 ms.
c [w = 162] Number of clauses: 2993634.
c [w = 162] Number of variables: 656550.
c [w = 162] SAT Solving starts:
c [Signal] Signal interruption. Caught signal: SIGTERM (15).
c [w = 141] Start task in PID: 47082.
c [w = 141] Cyclic Antibandwidth problem with w = 141 (caterpillar_30_15.txt):
c [w = 141] Initializing CaDiCaL (version 2.1.3).
c [w = 141] Configuring CaDiCaL as --sat (1).
c [w = 141] Encoding starts with w = 141:
c [w = 141] Symmetry breaking highest degree node is applied.
c [w = 141] Encoding duration: 2093 ms.
c [w = 141] Number of clauses: 3085887.
c [w = 141] Number of variables: 690300.
c [w = 141] SAT Solving starts:
c [Signal] Signal interruption. Caught signal: SIGTERM (15).
c [Main] Child pid 162 - 47138 terminated by signal 15.
c [Main] Child pid 119 - 47117 terminated by signal 15.
c [Main] Child pid 141 - 47082 terminated by signal 15.
c [w = 188] Start task in PID: 47157.
c [w = 188] Cyclic Antibandwidth problem with w = 188 (caterpillar_30_15.txt):
c [w = 188] Initializing CaDiCaL (version 2.1.3).
c [w = 188] Configuring CaDiCaL as --sat (1).
c [w = 188] Encoding starts with w = 188:
c [w = 188] Symmetry breaking highest degree node is applied.
c [w = 188] Encoding duration: 2084 ms.
c [w = 188] Number of clauses: 3110634.
c [w = 188] Number of variables: 691650.
c [w = 188] SAT Solving starts:
c [w = 188] Solving duration: 94557 ms.
c [w = 188] Answer:
s [w = 188] SAT (w = 188).
c [w = 188] Solution check = 188.
c [w = 188] The solution is correct.
c [w = 188] Result: 10.
c [Main] Max width SAT is set to 188.
c [w = 204] Start task in PID: 47154.
c [w = 204] Cyclic Antibandwidth problem with w = 204 (caterpillar_30_15.txt):
c [w = 204] Initializing CaDiCaL (version 2.1.3).
c [w = 204] Configuring CaDiCaL as --sat (1).
c [w = 204] Encoding starts with w = 204:
c [w = 204] Symmetry breaking highest degree node is applied.
c [w = 204] Encoding duration: 2159 ms.
c [w = 204] Number of clauses: 3182634.
c [w = 204] Number of variables: 713250.
c [w = 204] SAT Solving starts:
c [w = 204] Solving duration: 115942 ms.
c [w = 204] Answer:
s [w = 204] SAT (w = 204).
c [w = 204] Solution check = 204.
c [w = 204] The solution is correct.
c [w = 204] Result: 10.
c [Main] Max width SAT is set to 204.
c [Main] Kill lower pid 198.
c [Main] Kill lower pid 193.
c [w = 193] Start task in PID: 47155.
c [w = 193] Cyclic Antibandwidth problem with w = 193 (caterpillar_30_15.txt):
c [w = 193] Initializing CaDiCaL (version 2.1.3).
c [w = 193] Configuring CaDiCaL as --sat (1).
c [w = 193] Encoding starts with w = 193:
c [w = 193] Symmetry breaking highest degree node is applied.
c [w = 193] Encoding duration: 2130 ms.
c [w = 193] Number of clauses: 3133134.
c [w = 193] Number of variables: 698400.
c [w = 193] SAT Solving starts:
c [Signal] Signal interruption. Caught signal: SIGTERM (15).
c [w = 198] Start task in PID: 47221.
c [w = 198] Cyclic Antibandwidth problem with w = 198 (caterpillar_30_15.txt):
c [w = 198] Initializing CaDiCaL (version 2.1.3).
c [w = 198] Configuring CaDiCaL as --sat (1).
c [w = 198] Encoding starts with w = 198:
c [w = 198] Symmetry breaking highest degree node is applied.
c [w = 198] Encoding duration: 2117 ms.
c [w = 198] Number of clauses: 3155634.
c [w = 198] Number of variables: 705150.
c [w = 198] SAT Solving starts:
c [Signal] Signal interruption. Caught signal: SIGTERM (15).
c [Main] Child pid 198 - 47221 terminated by signal 15.
c [Main] Child pid 193 - 47155 terminated by signal 15.
c [w = 220] Start task in PID: 47244.
c [w = 220] Cyclic Antibandwidth problem with w = 220 (caterpillar_30_15.txt):
c [w = 220] Initializing CaDiCaL (version 2.1.3).
c [w = 220] Configuring CaDiCaL as --sat (1).
c [w = 220] Encoding starts with w = 220:
c [w = 220] Symmetry breaking highest degree node is applied.
c [Signal] Signal interruption. Caught signal: SIGTERM (15).
c [w = 209] Start task in PID: 47243.
c [w = 209] Cyclic Antibandwidth problem with w = 209 (caterpillar_30_15.txt):
c [w = 209] Initializing CaDiCaL (version 2.1.3).
c [w = 209] Configuring CaDiCaL as --sat (1).
c [w = 209] Encoding starts with w = 209:
c [w = 209] Symmetry breaking highest degree node is applied.
c [Signal] Signal interruption. Caught signal: SIGTERM (15).
c [w = 215] Start task in PID: 47156.
c [w = 215] Cyclic Antibandwidth problem with w = 215 (caterpillar_30_15.txt):
c [w = 215] Initializing CaDiCaL (version 2.1.3).
c [w = 215] Configuring CaDiCaL as --sat (1).
c [w = 215] Encoding starts with w = 215:
c [w = 215] Symmetry breaking highest degree node is applied.
c [w = 215] Encoding duration: 2178 ms.
c [w = 215] Number of clauses: 3232134.
c [w = 215] Number of variables: 728100.
c [w = 215] SAT Solving starts:
c [Signal] Signal interruption. Caught signal: SIGTERM (15).
c [Main] Lim pid ends with result: 254.
c [Main] All children have completed.
r [Main] 
r [Main] Final results: 
r [Main] Max width SAT:  	204.
r [Main] Min width UNSAT:	-.
r [Main] Total real time: 150915 ms.
r [Main] Total memory consumed: 3654 MB.
r [Main] 
c [w = 206] Start task in PID: 47245.
c [w = 206] Cyclic Antibandwidth problem with w = 206 (caterpillar_30_15.txt):
c [w = 206] Initializing CaDiCaL (version 2.1.3).
c [w = 206] Configuring CaDiCaL as --sat (1).
c [w = 206] Encoding starts with w = 206:
c [w = 206] Symmetry breaking highest degree node is applied.
c [Signal] Signal interruption. Caught signal: SIGTERM (15).
