c [Version] Cyclic Anti-bandwidth Encoder version 1.0.0.
c [Param] Real time limit is set to 150.
c [Param] Memory limit is set to 30000.
c [Param] Worker count is set to 4.
c [Param] LB skip threshold is set to 0.25.
c [Main] Encoding and solving for graph: caterpillar_15_7.txt.
c [Main] Search strategy: Binary search using BFS.
c [Main] No predefined lower bound is found for caterpillar_15_7.txt.
c [Main] LB-w = 2 (default value).
c [Main] No predefined upper bound is found for caterpillar_15_7.txt.
c [Main] UB-w = 52 (default value calculated as n/2).
c [Main] LB is modified to 14 after applying LB skip threshold 0.25.
c [Main] Search order: 33 23 43 18 28 38 48 15 20 25 30 35 40 45 50 14 16 19 21 24 26 29 31 34 36 39 41 44 46 49 51 17 22 27 32 37 42 47 52.
c [w = 18] Start task in PID: 43007.
c [w = 18] Cyclic Antibandwidth problem with w = 18 (caterpillar_15_7.txt):
c [w = 18] Initializing CaDiCaL (version 2.1.3).
c [w = 18] Configuring CaDiCaL as --sat (1).
c [w = 18] Encoding starts with w = 18:
c [w = 18] Symmetry breaking highest degree node is applied.
c [w = 18] Encoding duration: 113 ms.
c [w = 18] Number of clauses: 156730.
c [w = 18] Number of variables: 35490.
c [w = 18] SAT Solving starts:
c [w = 18] Solving duration: 275 ms.
c [w = 18] Answer:
s [w = 18] SAT (w = 18).
c [w = 18] Solution check = 18.
c [w = 18] The solution is correct.
c [w = 18] Result: 10.
c [Main] Max width SAT is set to 18.
c [w = 23] Start task in PID: 43005.
c [w = 23] Cyclic Antibandwidth problem with w = 23 (caterpillar_15_7.txt):
c [w = 23] Initializing CaDiCaL (version 2.1.3).
c [w = 23] Configuring CaDiCaL as --sat (1).
c [w = 23] Encoding starts with w = 23:
c [w = 23] Symmetry breaking highest degree node is applied.
c [w = 23] Encoding duration: 114 ms.
c [w = 23] Number of clauses: 160087.
c [w = 23] Number of variables: 36540.
c [w = 23] SAT Solving starts:
c [w = 23] Solving duration: 346 ms.
c [w = 23] Answer:
s [w = 23] SAT (w = 23).
c [w = 23] Solution check = 23.
c [w = 23] The solution is correct.
c [w = 23] Result: 10.
c [Main] Max width SAT is set to 23.
c [w = 43] Start task in PID: 43006.
c [w = 43] Cyclic Antibandwidth problem with w = 43 (caterpillar_15_7.txt):
c [w = 43] Initializing CaDiCaL (version 2.1.3).
c [w = 43] Configuring CaDiCaL as --sat (1).
c [w = 43] Encoding starts with w = 43:
c [w = 43] Symmetry breaking highest degree node is applied.
c [w = 43] Encoding duration: 119 ms.
c [w = 43] Number of clauses: 168166.
c [w = 43] Number of variables: 38640.
c [w = 43] SAT Solving starts:
c [w = 43] Solving duration: 640 ms.
c [w = 43] Answer:
s [w = 43] SAT (w = 43).
c [w = 43] Solution check = 43.
c [w = 43] The solution is correct.
c [w = 43] Result: 10.
c [Main] Max width SAT is set to 43.
c [Main] Kill lower pid 38.
c [Main] Kill lower pid 28.
c [Main] Kill lower pid 33.
c [w = 38] Start task in PID: 43009.
c [w = 38] Cyclic Antibandwidth problem with w = 38 (caterpillar_15_7.txt):
c [w = 38] Initializing CaDiCaL (version 2.1.3).
c [w = 38] Configuring CaDiCaL as --sat (1).
c [w = 38] Encoding starts with w = 38:
c [w = 38] Symmetry breaking highest degree node is applied.
c [w = 38] Encoding duration: 117 ms.
c [w = 38] Number of clauses: 162916.
c [w = 38] Number of variables: 37065.
c [w = 38] SAT Solving starts:
c [Signal] Signal interruption. Caught signal: SIGTERM (15).
c [w = 28] Start task in PID: 43008.
c [w = 28] Cyclic Antibandwidth problem with w = 28 (caterpillar_15_7.txt):
c [w = 28] Initializing CaDiCaL (version 2.1.3).
c [w = 28] Configuring CaDiCaL as --sat (1).
c [w = 28] Encoding starts with w = 28:
c [w = 28] Symmetry breaking highest degree node is applied.
c [w = 28] Encoding duration: 114 ms.
c [w = 28] Number of clauses: 160399.
c [w = 28] Number of variables: 36540.
c [w = 28] SAT Solving starts:
c [Signal] Signal interruption. Caught signal: SIGTERM (15).
c [w = 33] Start task in PID: 43004.
c [w = 33] Cyclic Antibandwidth problem with w = 33 (caterpillar_15_7.txt):
c [w = 33] Initializing CaDiCaL (version 2.1.3).
c [w = 33] Configuring CaDiCaL as --sat (1).
c [w = 33] Encoding starts with w = 33:
c [w = 33] Symmetry breaking highest degree node is applied.
c [w = 33] Encoding duration: 120 ms.
c [w = 33] Number of clauses: 167224.
c [w = 33] Number of variables: 38640.
c [w = 33] SAT Solving starts:
c [Signal] Signal interruption. Caught signal: SIGTERM (15).
c [Main] Child pid 38 - 43009 terminated by signal 15.
c [Main] Child pid 28 - 43008 terminated by signal 15.
c [Main] Child pid 33 - 43004 terminated by signal 15.
c [w = 45] Start task in PID: 43011.
c [w = 45] Cyclic Antibandwidth problem with w = 45 (caterpillar_15_7.txt):
c [w = 45] Initializing CaDiCaL (version 2.1.3).
c [w = 45] Configuring CaDiCaL as --sat (1).
c [w = 45] Encoding starts with w = 45:
c [w = 45] Symmetry breaking highest degree node is applied.
c [w = 45] Encoding duration: 119 ms.
c [w = 45] Number of clauses: 170266.
c [w = 45] Number of variables: 39270.
c [w = 45] SAT Solving starts:
c [w = 45] Solving duration: 10 ms.
c [w = 45] Answer:
s [w = 45] SAT (w = 45).
c [w = 45] Solution check = 45.
c [w = 45] The solution is correct.
c [w = 45] Result: 10.
c [Main] Max width SAT is set to 45.
c [Main] Kill lower pid 44.
c [w = 44] Start task in PID: 43013.
c [w = 44] Cyclic Antibandwidth problem with w = 44 (caterpillar_15_7.txt):
c [w = 44] Initializing CaDiCaL (version 2.1.3).
c [w = 44] Configuring CaDiCaL as --sat (1).
c [w = 44] Encoding starts with w = 44:
c [w = 44] Symmetry breaking highest degree node is applied.
c [w = 44] Encoding duration: 121 ms.
c [w = 44] Number of clauses: 169216.
c [w = 44] Number of variables: 38955.
c [w = 44] SAT Solving starts:
c [Signal] Signal interruption. Caught signal: SIGTERM (15).
c [Main] Child pid 44 - 43013 terminated by signal 15.
c [w = 48] Start task in PID: 43010.
c [w = 48] Cyclic Antibandwidth problem with w = 48 (caterpillar_15_7.txt):
c [w = 48] Initializing CaDiCaL (version 2.1.3).
c [w = 48] Configuring CaDiCaL as --sat (1).
c [w = 48] Encoding starts with w = 48:
c [w = 48] Symmetry breaking highest degree node is applied.
c [w = 48] Encoding duration: 145 ms.
c [w = 48] Number of clauses: 173416.
c [w = 48] Number of variables: 40215.
c [w = 48] SAT Solving starts:
c [w = 48] Solving duration: 288 ms.
c [w = 48] Answer:
s [w = 48] SAT (w = 48).
c [w = 48] Solution check = 48.
c [w = 48] The solution is correct.
c [w = 48] Result: 10.
c [Main] Max width SAT is set to 48.
c [Main] Kill lower pid 46.
c [w = 46] Start task in PID: 43014.
c [w = 46] Cyclic Antibandwidth problem with w = 46 (caterpillar_15_7.txt):
c [w = 46] Initializing CaDiCaL (version 2.1.3).
c [w = 46] Configuring CaDiCaL as --sat (1).
c [w = 46] Encoding starts with w = 46:
c [w = 46] Symmetry breaking highest degree node is applied.
c [w = 46] Encoding duration: 135 ms.
c [w = 46] Number of clauses: 171316.
c [w = 46] Number of variables: 39585.
c [w = 46] SAT Solving starts:
c [Signal] Signal interruption. Caught signal: SIGTERM (15).
c [Main] Child pid 46 - 43014 terminated by signal 15.
c [w = 52] Start task in PID: 43027.
c [w = 52] Cyclic Antibandwidth problem with w = 52 (caterpillar_15_7.txt):
c [w = 52] Initializing CaDiCaL (version 2.1.3).
c [w = 52] Configuring CaDiCaL as --sat (1).
c [w = 52] Encoding starts with w = 52:
c [w = 52] Symmetry breaking highest degree node is applied.
c [w = 52] Encoding duration: 112 ms.
c [w = 52] Number of clauses: 161971.
c [w = 52] Number of variables: 36330.
c [w = 52] SAT Solving starts:
c [w = 52] Solving duration: 21 ms.
c [w = 52] Answer:
s [w = 52] UNSAT (w = 52).
c [w = 52] Result: 20.
c [Main] Min width UNSAT is set to 52
c [w = 50] Start task in PID: 43012.
c [w = 50] Cyclic Antibandwidth problem with w = 50 (caterpillar_15_7.txt):
c [w = 50] Initializing CaDiCaL (version 2.1.3).
c [w = 50] Configuring CaDiCaL as --sat (1).
c [w = 50] Encoding starts with w = 50:
c [w = 50] Symmetry breaking highest degree node is applied.
c [w = 50] Encoding duration: 142 ms.
c [w = 50] Number of clauses: 175516.
c [w = 50] Number of variables: 40845.
c [w = 50] SAT Solving starts:
c [w = 50] Solving duration: 2815 ms.
c [w = 50] Answer:
s [w = 50] SAT (w = 50).
c [w = 50] Solution check = 50.
c [w = 50] The solution is correct.
c [w = 50] Result: 10.
c [Main] Max width SAT is set to 50.
c [Main] Kill lower pid 49.
c [w = 49] Start task in PID: 43015.
c [w = 49] Cyclic Antibandwidth problem with w = 49 (caterpillar_15_7.txt):
c [w = 49] Initializing CaDiCaL (version 2.1.3).
c [w = 49] Configuring CaDiCaL as --sat (1).
c [w = 49] Encoding starts with w = 49:
c [w = 49] Symmetry breaking highest degree node is applied.
c [w = 49] Encoding duration: 127 ms.
c [w = 49] Number of clauses: 174466.
c [w = 49] Number of variables: 40530.
c [w = 49] SAT Solving starts:
c [Signal] Signal interruption. Caught signal: SIGTERM (15).
c [Main] Child pid 49 - 43015 terminated by signal 15.
c [w = 51] Start task in PID: 43026.
c [w = 51] Cyclic Antibandwidth problem with w = 51 (caterpillar_15_7.txt):
c [w = 51] Initializing CaDiCaL (version 2.1.3).
c [w = 51] Configuring CaDiCaL as --sat (1).
c [w = 51] Encoding starts with w = 51:
c [w = 51] Symmetry breaking highest degree node is applied.
c [w = 51] Encoding duration: 125 ms.
c [w = 51] Number of clauses: 176566.
c [w = 51] Number of variables: 41160.
c [w = 51] SAT Solving starts:
c [w = 51] Solving duration: 18235 ms.
c [w = 51] Answer:
s [w = 51] UNSAT (w = 51).
c [w = 51] Result: 20.
c [Main] Min width UNSAT is set to 51
c [Signal] Signal interruption. Caught signal: SIGTERM (15).
c [Main] All children have completed.
r [Main] 
r [Main] Final results: 
r [Main] Max width SAT:  	50.
r [Main] Min width UNSAT:	51.
r [Main] Total real time: 19651 ms.
r [Main] Total memory consumed: 192 MB.
r [Main] 
