c [Version] Cyclic Anti-bandwidth Encoder version 1.0.0.
c [Param] Real time limit is set to 150.
c [Param] Memory limit is set to 30000.
c [Param] Worker count is set to 4.
c [Param] LB skip threshold is set to 0.25.
c [Main] Encoding and solving for graph: caterpillar_40_10.txt.
c [Main] Search strategy: Binary search using BFS.
c [Main] No predefined lower bound is found for caterpillar_40_10.txt.
c [Main] LB-w = 2 (default value).
c [Main] No predefined upper bound is found for caterpillar_40_10.txt.
c [Main] UB-w = 200 (default value calculated as n/2).
c [Main] LB is modified to 51 after applying LB skip threshold 0.25.
c [Main] Search order: 125 87 163 68 106 144 182 59 77 96 115 134 153 172 191 54 63 72 82 91 101 110 120 129 139 148 158 167 177 186 196 52 56 61 65 70 74 79 84 89 93 98 103 108 112 117 122 127 131 136 141 146 150 155 160 165 169 174 179 184 188 193 198 51 53 55 57 60 62 64 66 69 71 73 75 78 80 83 85 88 90 92 94 97 99 102 104 107 109 111 113 116 118 121 123 126 128 130 132 135 137 140 142 145 147 149 151 154 156 159 161 164 166 168 170 173 175 178 180 183 185 187 189 192 194 197 199 58 67 76 81 86 95 100 105 114 119 124 133 138 143 152 157 162 171 176 181 190 195 200.
c [w = 87] Start task in PID: 48706.
c [w = 87] Cyclic Antibandwidth problem with w = 87 (caterpillar_40_10.txt):
c [w = 87] Initializing CaDiCaL (version 2.1.3).
c [w = 87] Configuring CaDiCaL as --sat (1).
c [w = 87] Encoding starts with w = 87:
c [w = 87] Symmetry breaking highest degree node is applied.
c [w = 87] Encoding duration: 1633 ms.
c [w = 87] Number of clauses: 2340215.
c [w = 87] Number of variables: 518400.
c [w = 87] SAT Solving starts:
c [w = 87] Solving duration: 54500 ms.
c [w = 87] Answer:
s [w = 87] SAT (w = 87).
c [w = 87] Solution check = 87.
c [w = 87] The solution is correct.
c [w = 87] Result: 10.
c [Main] Max width SAT is set to 87.
c [Main] Kill lower pid 68.
c [w = 68] Start task in PID: 48708.
c [w = 68] Cyclic Antibandwidth problem with w = 68 (caterpillar_40_10.txt):
c [w = 68] Initializing CaDiCaL (version 2.1.3).
c [w = 68] Configuring CaDiCaL as --sat (1).
c [w = 68] Encoding starts with w = 68:
c [w = 68] Symmetry breaking highest degree node is applied.
c [w = 68] Encoding duration: 1595 ms.
c [w = 68] Number of clauses: 2297818.
c [w = 68] Number of variables: 506400.
c [w = 68] SAT Solving starts:
c [Signal] Signal interruption. Caught signal: SIGTERM (15).
c [Main] Child pid 68 - 48708 terminated by signal 15.
c [w = 144] Start task in PID: 48719.
c [w = 144] Cyclic Antibandwidth problem with w = 144 (caterpillar_40_10.txt):
c [w = 144] Initializing CaDiCaL (version 2.1.3).
c [w = 144] Configuring CaDiCaL as --sat (1).
c [w = 144] Encoding starts with w = 144:
c [w = 144] Symmetry breaking highest degree node is applied.
c [w = 144] Encoding duration: 1621 ms.
c [w = 144] Number of clauses: 2365409.
c [w = 144] Number of variables: 519600.
c [w = 144] SAT Solving starts:
c [w = 144] Solving duration: 12695 ms.
c [w = 144] Answer:
s [w = 144] SAT (w = 144).
c [w = 144] Solution check = 144.
c [w = 144] The solution is correct.
c [w = 144] Result: 10.
c [Main] Max width SAT is set to 144.
c [Main] Kill lower pid 106.
c [Main] Kill lower pid 125.
c [w = 106] Start task in PID: 48718.
c [w = 106] Cyclic Antibandwidth problem with w = 106 (caterpillar_40_10.txt):
c [w = 106] Initializing CaDiCaL (version 2.1.3).
c [w = 106] Configuring CaDiCaL as --sat (1).
c [w = 106] Encoding starts with w = 106:
c [w = 106] Symmetry breaking highest degree node is applied.
c [w = 106] Encoding duration: 1657 ms.
c [w = 106] Number of clauses: 2337412.
c [w = 106] Number of variables: 515200.
c [w = 106] SAT Solving starts:
c [Signal] Signal interruption. Caught signal: SIGTERM (15).
c [w = 125] Start task in PID: 48705.
c [w = 125] Cyclic Antibandwidth problem with w = 125 (caterpillar_40_10.txt):
c [w = 125] Initializing CaDiCaL (version 2.1.3).
c [w = 125] Configuring CaDiCaL as --sat (1).
c [w = 125] Encoding starts with w = 125:
c [w = 125] Symmetry breaking highest degree node is applied.
c [w = 125] Encoding duration: 1683 ms.
c [w = 125] Number of clauses: 2436212.
c [w = 125] Number of variables: 545600.
c [w = 125] SAT Solving starts:
c [Signal] Signal interruption. Caught signal: SIGTERM (15).
c [Main] Child pid 125 - 48705 terminated by signal 15.
c [Main] Child pid 106 - 48718 terminated by signal 15.
c [w = 153] Start task in PID: 48724.
c [w = 153] Cyclic Antibandwidth problem with w = 153 (caterpillar_40_10.txt):
c [w = 153] Initializing CaDiCaL (version 2.1.3).
c [w = 153] Configuring CaDiCaL as --sat (1).
c [w = 153] Encoding starts with w = 153:
c [w = 153] Symmetry breaking highest degree node is applied.
c [w = 153] Encoding duration: 1635 ms.
c [w = 153] Number of clauses: 2401409.
c [w = 153] Number of variables: 530400.
c [w = 153] SAT Solving starts:
c [w = 153] Solving duration: 44810 ms.
c [w = 153] Answer:
s [w = 153] SAT (w = 153).
c [w = 153] Solution check = 153.
c [w = 153] The solution is correct.
c [w = 153] Result: 10.
c [Main] Max width SAT is set to 153.
c [w = 191] Start task in PID: 49147.
c [w = 191] Cyclic Antibandwidth problem with w = 191 (caterpillar_40_10.txt):
c [w = 191] Initializing CaDiCaL (version 2.1.3).
c [w = 191] Configuring CaDiCaL as --sat (1).
c [w = 191] Encoding starts with w = 191:
c [w = 191] Symmetry breaking highest degree node is applied.
c [w = 191] Encoding duration: 1817 ms.
c [w = 191] Number of clauses: 2553409.
c [w = 191] Number of variables: 576000.
c [w = 191] SAT Solving starts:
c [Signal] Signal interruption. Caught signal: SIGTERM (15).
c [w = 172] Start task in PID: 48725.
c [w = 172] Cyclic Antibandwidth problem with w = 172 (caterpillar_40_10.txt):
c [w = 172] Initializing CaDiCaL (version 2.1.3).
c [w = 172] Configuring CaDiCaL as --sat (1).
c [w = 172] Encoding starts with w = 172:
c [w = 172] Symmetry breaking highest degree node is applied.
c [w = 172] Encoding duration: 1701 ms.
c [w = 172] Number of clauses: 2477409.
c [w = 172] Number of variables: 553200.
c [w = 172] SAT Solving starts:
c [Signal] Signal interruption. Caught signal: SIGTERM (15).
c [w = 182] Start task in PID: 48723.
c [w = 182] Cyclic Antibandwidth problem with w = 182 (caterpillar_40_10.txt):
c [w = 182] Initializing CaDiCaL (version 2.1.3).
c [w = 182] Configuring CaDiCaL as --sat (1).
c [w = 182] Encoding starts with w = 182:
c [w = 182] Symmetry breaking highest degree node is applied.
c [w = 182] Encoding duration: 1717 ms.
c [w = 182] Number of clauses: 2517409.
c [w = 182] Number of variables: 565200.
c [w = 182] SAT Solving starts:
c [Signal] Signal interruption. Caught signal: SIGTERM (15).
c [w = 163] Start task in PID: 48707.
c [w = 163] Cyclic Antibandwidth problem with w = 163 (caterpillar_40_10.txt):
c [w = 163] Initializing CaDiCaL (version 2.1.3).
c [w = 163] Configuring CaDiCaL as --sat (1).
c [w = 163] Encoding starts with w = 163:
c [w = 163] Symmetry breaking highest degree node is applied.
c [w = 163] Encoding duration: 1673 ms.
c [w = 163] Number of clauses: 2441409.
c [w = 163] Number of variables: 542400.
c [w = 163] SAT Solving starts:
c [Signal] Signal interruption. Caught signal: SIGTERM (15).
c [Main] Lim pid ends with result: 254.
c [Main] All children have completed.
r [Main] 
r [Main] Final results: 
r [Main] Max width SAT:  	153.
r [Main] Min width UNSAT:	-.
r [Main] Total real time: 150940 ms.
r [Main] Total memory consumed: 2948.6 MB.
r [Main] 
