c [Version] Cyclic Anti-bandwidth Encoder version 1.0.0.
c [Param] Real time limit is set to 150.
c [Param] Memory limit is set to 30000.
c [Param] Worker count is set to 4.
c [Param] LB skip threshold is set to 0.25.
c [Main] Encoding and solving for graph: caterpillar_10_5.txt.
c [Main] Search strategy: Binary search using BFS.
c [Main] No predefined lower bound is found for caterpillar_10_5.txt.
c [Main] LB-w = 2 (default value).
c [Main] No predefined upper bound is found for caterpillar_10_5.txt.
c [Main] UB-w = 25 (default value calculated as n/2).
c [Main] LB is modified to 7 after applying LB skip threshold 0.25.
c [Main] Search order: 16 11 21 8 13 18 23 7 9 12 14 17 19 22 24 10 15 20 25.
c [w = 16] Start task in PID: 42746.
c [w = 16] Cyclic Antibandwidth problem with w = 16 (caterpillar_10_5.txt):
c [w = 16] Initializing CaDiCaL (version 2.1.3).
c [w = 16] Configuring CaDiCaL as --sat (1).
c [w = 16] Encoding starts with w = 16:
c [w = 16] Symmetry breaking highest degree node is applied.
c [w = 16] Encoding duration: 27 ms.
c [w = 16] Number of clauses: 37437.
c [w = 16] Number of variables: 8900.
c [w = 16] SAT Solving starts:
c [w = 16] Solving duration: 7 ms.
c [w = 16] Answer:
s [w = 16] SAT (w = 16).
c [w = 16] Solution check = 16.
c [w = 16] The solution is correct.
c [w = 16] Result: 10.
c [w = 8] Start task in PID: 42749.
c [w = 8] Cyclic Antibandwidth problem with w = 8 (caterpillar_10_5.txt):
c [w = 8] Initializing CaDiCaL (version 2.1.3).
c [w = 8] Configuring CaDiCaL as --sat (1).
c [w = 8] Encoding starts with w = 8:
c [w = 8] Symmetry breaking highest degree node is applied.
c [w = 8] Encoding duration: 27 ms.
c [w = 8] Number of clauses: 34946.
c [w = 8] Number of variables: 8050.
c [w = 8] SAT Solving starts:
c [Signal] Signal interruption. Caught signal: SIGTERM (15).
c [Main] Max width SAT is set to 16.
c [Main] Kill lower pid 8.
c [Main] Kill lower pid 11.
c [w = 11] Start task in PID: 42747.
c [w = 11] Cyclic Antibandwidth problem with w = 11 (caterpillar_10_5.txt):
c [w = 11] Initializing CaDiCaL (version 2.1.3).
c [w = 11] Configuring CaDiCaL as --sat (1).
c [w = 11] Encoding starts with w = 11:
c [w = 11] Symmetry breaking highest degree node is applied.
c [w = 11] Encoding duration: 25 ms.
c [w = 11] Number of clauses: 35490.
c [w = 11] Number of variables: 8300.
c [w = 11] SAT Solving starts:
c [Signal] Signal interruption. Caught signal: SIGTERM (15).
c [Main] Child pid 8 - 42749 terminated by signal 15.
c [Main] Child pid 11 - 42747 terminated by signal 15.
c [w = 21] Start task in PID: 42748.
c [w = 21] Cyclic Antibandwidth problem with w = 21 (caterpillar_10_5.txt):
c [w = 21] Initializing CaDiCaL (version 2.1.3).
c [w = 21] Configuring CaDiCaL as --sat (1).
c [w = 21] Encoding starts with w = 21:
c [w = 21] Symmetry breaking highest degree node is applied.
c [w = 21] Encoding duration: 27 ms.
c [w = 21] Number of clauses: 37934.
c [w = 21] Number of variables: 9000.
c [w = 21] SAT Solving starts:
c [w = 21] Solving duration: 27 ms.
c [w = 21] Answer:
s [w = 21] SAT (w = 21).
c [w = 21] Solution check = 21.
c [w = 21] The solution is correct.
c [w = 21] Result: 10.
c [Main] Max width SAT is set to 21.
c [Main] Kill lower pid 17.
c [Main] Kill lower pid 18.
c [w = 17] Start task in PID: 42752.
c [w = 17] Cyclic Antibandwidth problem with w = 17 (caterpillar_10_5.txt):
c [w = 17] Initializing CaDiCaL (version 2.1.3).
c [w = 17] Configuring CaDiCaL as --sat (1).
c [w = 17] Encoding starts with w = 17:
c [w = 17] Symmetry breaking highest degree node is applied.
c [Signal] Signal interruption. Caught signal: SIGTERM (15).
c [w = 18] Start task in PID: 42750.
c [w = 18] Cyclic Antibandwidth problem with w = 18 (caterpillar_10_5.txt):
c [w = 18] Initializing CaDiCaL (version 2.1.3).
c [w = 18] Configuring CaDiCaL as --sat (1).
c [w = 18] Encoding starts with w = 18:
c [w = 18] Symmetry breaking highest degree node is applied.
c [Signal] Signal interruption. Caught signal: SIGTERM (15).
c [Main] Child pid 18 - 42750 terminated by signal 15.
c [Main] Child pid 17 - 42752 terminated by signal 15.
c [w = 25] Start task in PID: 42755.
c [w = 25] Cyclic Antibandwidth problem with w = 25 (caterpillar_10_5.txt):
c [w = 25] Initializing CaDiCaL (version 2.1.3).
c [w = 25] Configuring CaDiCaL as --sat (1).
c [w = 25] Encoding starts with w = 25:
c [w = 25] Symmetry breaking highest degree node is applied.
c [w = 25] Encoding duration: 25 ms.
c [w = 25] Number of clauses: 36631.
c [w = 25] Number of variables: 8500.
c [w = 25] SAT Solving starts:
c [w = 25] Solving duration: 0 ms.
c [w = 25] Answer:
s [w = 25] UNSAT (w = 25).
c [w = 25] Result: 20.
c [Main] Min width UNSAT is set to 25
c [w = 22] Start task in PID: 42753.
c [w = 22] Cyclic Antibandwidth problem with w = 22 (caterpillar_10_5.txt):
c [w = 22] Initializing CaDiCaL (version 2.1.3).
c [w = 22] Configuring CaDiCaL as --sat (1).
c [w = 22] Encoding starts with w = 22:
c [w = 22] Symmetry breaking highest degree node is applied.
c [w = 22] Encoding duration: 28 ms.
c [w = 22] Number of clauses: 38434.
c [w = 22] Number of variables: 9150.
c [w = 22] SAT Solving starts:
c [w = 22] Solving duration: 5 ms.
c [w = 22] Answer:
s [w = 22] SAT (w = 22).
c [w = 22] Solution check = 22.
c [w = 22] The solution is correct.
c [w = 22] Result: 10.
c [Main] Max width SAT is set to 22.
c [w = 23] Start task in PID: 42751.
c [w = 23] Cyclic Antibandwidth problem with w = 23 (caterpillar_10_5.txt):
c [w = 23] Initializing CaDiCaL (version 2.1.3).
c [w = 23] Configuring CaDiCaL as --sat (1).
c [w = 23] Encoding starts with w = 23:
c [w = 23] Symmetry breaking highest degree node is applied.
c [w = 23] Encoding duration: 28 ms.
c [w = 23] Number of clauses: 38934.
c [w = 23] Number of variables: 9300.
c [w = 23] SAT Solving starts:
c [w = 23] Solving duration: 54 ms.
c [w = 23] Answer:
s [w = 23] SAT (w = 23).
c [w = 23] Solution check = 23.
c [w = 23] The solution is correct.
c [w = 23] Result: 10.
c [Main] Max width SAT is set to 23.
c [w = 24] Start task in PID: 42754.
c [w = 24] Cyclic Antibandwidth problem with w = 24 (caterpillar_10_5.txt):
c [w = 24] Initializing CaDiCaL (version 2.1.3).
c [w = 24] Configuring CaDiCaL as --sat (1).
c [w = 24] Encoding starts with w = 24:
c [w = 24] Symmetry breaking highest degree node is applied.
c [w = 24] Encoding duration: 28 ms.
c [w = 24] Number of clauses: 39434.
c [w = 24] Number of variables: 9450.
c [w = 24] SAT Solving starts:
c [w = 24] Solving duration: 85 ms.
c [w = 24] Answer:
s [w = 24] UNSAT (w = 24).
c [w = 24] Result: 20.
c [Main] Min width UNSAT is set to 24
c [Signal] Signal interruption. Caught signal: SIGTERM (15).
c [Main] All children have completed.
r [Main] 
r [Main] Final results: 
r [Main] Max width SAT:  	23.
r [Main] Min width UNSAT:	24.
r [Main] Total real time: 185 ms.
r [Main] Total memory consumed: 37.7 MB.
r [Main] 
