c [Version] Cyclic Anti-bandwidth Encoder version 1.0.0.
c [Param] Real time limit is set to 150.
c [Param] Memory limit is set to 30000.
c [Param] Worker count is set to 4.
c [Param] LB skip threshold is set to 0.25.
c [Main] Encoding and solving for graph: caterpillar_15_5.txt.
c [Main] Search strategy: Binary search using BFS.
c [Main] No predefined lower bound is found for caterpillar_15_5.txt.
c [Main] LB-w = 2 (default value).
c [Main] No predefined upper bound is found for caterpillar_15_5.txt.
c [Main] UB-w = 37 (default value calculated as n/2).
c [Main] LB is modified to 10 after applying LB skip threshold 0.25.
c [Main] Search order: 23 16 30 12 19 26 34 10 14 17 21 24 28 32 36 11 13 15 18 20 22 25 27 29 31 33 35 37.
c [w = 30] Start task in PID: 42826.
c [w = 30] Cyclic Antibandwidth problem with w = 30 (caterpillar_15_5.txt):
c [w = 30] Initializing CaDiCaL (version 2.1.3).
c [w = 30] Configuring CaDiCaL as --sat (1).
c [w = 30] Encoding starts with w = 30:
c [w = 30] Symmetry breaking highest degree node is applied.
c [w = 30] Encoding duration: 63 ms.
c [w = 30] Number of clauses: 84946.
c [w = 30] Number of variables: 19725.
c [w = 30] SAT Solving starts:
c [w = 30] Solving duration: 63 ms.
c [w = 30] Answer:
s [w = 30] SAT (w = 30).
c [w = 30] Solution check = 30.
c [w = 30] The solution is correct.
c [w = 30] Result: 10.
c [w = 12] Start task in PID: 42827.
c [w = 12] Cyclic Antibandwidth problem with w = 12 (caterpillar_15_5.txt):
c [w = 12] Initializing CaDiCaL (version 2.1.3).
c [w = 12] Configuring CaDiCaL as --sat (1).
c [w = 12] Encoding starts with w = 12:
c [w = 12] Symmetry breaking highest degree node is applied.
c [w = 12] Encoding duration: 55 ms.
c [w = 12] Number of clauses: 80308.
c [w = 12] Number of variables: 18375.
c [w = 12] SAT Solving starts:
c [Signal] Signal interruption. Caught signal: SIGTERM (15).
c [Main] Max width SAT is set to 30.
c [Main] Kill lower pid 12.
c [Main] Kill lower pid 16.
c [Main] Kill lower pid 23.
c [w = 16] Start task in PID: 42825.
c [w = 16] Cyclic Antibandwidth problem with w = 16 (caterpillar_15_5.txt):
c [w = 16] Initializing CaDiCaL (version 2.1.3).
c [w = 16] Configuring CaDiCaL as --sat (1).
c [w = 16] Encoding starts with w = 16:
c [w = 16] Symmetry breaking highest degree node is applied.
c [w = 16] Encoding duration: 56 ms.
c [w = 16] Number of clauses: 80527.
c [w = 16] Number of variables: 18525.
c [w = 16] SAT Solving starts:
c [Signal] Signal interruption. Caught signal: SIGTERM (15).
c [w = 23] Start task in PID: 42824.
c [w = 23] Cyclic Antibandwidth problem with w = 23 (caterpillar_15_5.txt):
c [w = 23] Initializing CaDiCaL (version 2.1.3).
c [w = 23] Configuring CaDiCaL as --sat (1).
c [w = 23] Encoding starts with w = 23:
c [w = 23] Symmetry breaking highest degree node is applied.
c [w = 23] Encoding duration: 62 ms.
c [w = 23] Number of clauses: 84274.
c [w = 23] Number of variables: 19650.
c [w = 23] SAT Solving starts:
c [Signal] Signal interruption. Caught signal: SIGTERM (15).
c [Main] Child pid 16 - 42825 terminated by signal 15.
c [Main] Child pid 12 - 42827 terminated by signal 15.
c [Main] Child pid 23 - 42824 terminated by signal 15.
c [w = 32] Start task in PID: 42829.
c [w = 32] Cyclic Antibandwidth problem with w = 32 (caterpillar_15_5.txt):
c [w = 32] Initializing CaDiCaL (version 2.1.3).
c [w = 32] Configuring CaDiCaL as --sat (1).
c [w = 32] Encoding starts with w = 32:
c [w = 32] Symmetry breaking highest degree node is applied.
c [w = 32] Encoding duration: 63 ms.
c [w = 32] Number of clauses: 86446.
c [w = 32] Number of variables: 20175.
c [w = 32] SAT Solving starts:
c [w = 32] Solving duration: 15 ms.
c [w = 32] Answer:
s [w = 32] SAT (w = 32).
c [w = 32] Solution check = 32.
c [w = 32] The solution is correct.
c [w = 32] Result: 10.
c [Main] Max width SAT is set to 32.
c [Main] Kill lower pid 31.
c [w = 31] Start task in PID: 42831.
c [w = 31] Cyclic Antibandwidth problem with w = 31 (caterpillar_15_5.txt):
c [w = 31] Initializing CaDiCaL (version 2.1.3).
c [w = 31] Configuring CaDiCaL as --sat (1).
c [w = 31] Encoding starts with w = 31:
c [w = 31] Symmetry breaking highest degree node is applied.
c [w = 31] Encoding duration: 63 ms.
c [w = 31] Number of clauses: 85696.
c [w = 31] Number of variables: 19950.
c [w = 31] SAT Solving starts:
c [w = 31] Solving duration: 36 ms.
c [w = 31] Answer:
s [w = 31] SAT (w = 31).
c [Signal] Signal interruption. Caught signal: SIGTERM (15).
c [Main] Child pid 31 - 42831 terminated by signal 15.
c [w = 34] Start task in PID: 42828.
c [w = 34] Cyclic Antibandwidth problem with w = 34 (caterpillar_15_5.txt):
c [w = 34] Initializing CaDiCaL (version 2.1.3).
c [w = 34] Configuring CaDiCaL as --sat (1).
c [w = 34] Encoding starts with w = 34:
c [w = 34] Symmetry breaking highest degree node is applied.
c [w = 34] Encoding duration: 65 ms.
c [w = 34] Number of clauses: 87946.
c [w = 34] Number of variables: 20625.
c [w = 34] SAT Solving starts:
c [w = 34] Solving duration: 59 ms.
c [w = 34] Answer:
s [w = 34] SAT (w = 34).
c [w = 34] Solution check = 34.
c [w = 34] The solution is correct.
c [w = 34] Result: 10.
c [Main] Max width SAT is set to 34.
c [Main] Kill lower pid 33.
c [w = 33] Start task in PID: 42832.
c [w = 33] Cyclic Antibandwidth problem with w = 33 (caterpillar_15_5.txt):
c [w = 33] Initializing CaDiCaL (version 2.1.3).
c [w = 33] Configuring CaDiCaL as --sat (1).
c [w = 33] Encoding starts with w = 33:
c [w = 33] Symmetry breaking highest degree node is applied.
c [Signal] Signal interruption. Caught signal: SIGTERM (15).
c [Main] Child pid 33 - 42832 terminated by signal 15.
c [w = 37] Start task in PID: 42834.
c [w = 37] Cyclic Antibandwidth problem with w = 37 (caterpillar_15_5.txt):
c [w = 37] Initializing CaDiCaL (version 2.1.3).
c [w = 37] Configuring CaDiCaL as --sat (1).
c [w = 37] Encoding starts with w = 37:
c [w = 37] Symmetry breaking highest degree node is applied.
c [w = 37] Encoding duration: 73 ms.
c [w = 37] Number of clauses: 82396.
c [w = 37] Number of variables: 18750.
c [w = 37] SAT Solving starts:
c [w = 37] Solving duration: 10 ms.
c [w = 37] Answer:
s [w = 37] UNSAT (w = 37).
c [w = 37] Result: 20.
c [Main] Min width UNSAT is set to 37
c [w = 35] Start task in PID: 42833.
c [w = 35] Cyclic Antibandwidth problem with w = 35 (caterpillar_15_5.txt):
c [w = 35] Initializing CaDiCaL (version 2.1.3).
c [w = 35] Configuring CaDiCaL as --sat (1).
c [w = 35] Encoding starts with w = 35:
c [w = 35] Symmetry breaking highest degree node is applied.
c [w = 35] Encoding duration: 83 ms.
c [w = 35] Number of clauses: 88696.
c [w = 35] Number of variables: 20850.
c [w = 35] SAT Solving starts:
c [w = 35] Solving duration: 555 ms.
c [w = 35] Answer:
s [w = 35] SAT (w = 35).
c [w = 35] Solution check = 35.
c [w = 35] The solution is correct.
c [w = 35] Result: 10.
c [Main] Max width SAT is set to 35.
c [w = 36] Start task in PID: 42830.
c [w = 36] Cyclic Antibandwidth problem with w = 36 (caterpillar_15_5.txt):
c [w = 36] Initializing CaDiCaL (version 2.1.3).
c [w = 36] Configuring CaDiCaL as --sat (1).
c [w = 36] Encoding starts with w = 36:
c [w = 36] Symmetry breaking highest degree node is applied.
c [w = 36] Encoding duration: 65 ms.
c [w = 36] Number of clauses: 89446.
c [w = 36] Number of variables: 21075.
c [w = 36] SAT Solving starts:
c [w = 36] Solving duration: 8975 ms.
c [w = 36] Answer:
s [w = 36] UNSAT (w = 36).
c [w = 36] Result: 20.
c [Main] Min width UNSAT is set to 36
c [Signal] Signal interruption. Caught signal: SIGTERM (15).
c [Main] All children have completed.
r [Main] 
r [Main] Final results: 
r [Main] Max width SAT:  	35.
r [Main] Min width UNSAT:	36.
r [Main] Total real time: 9206 ms.
r [Main] Total memory consumed: 90.1 MB.
r [Main] 
