c [Version] Cyclic Bandwidth Encoder version 1.0.0.
c [Param] Real time limit is set to 150.
c [Param] Memory limit is set to 30000.
c [Param] Worker count is set to 8.
c [Main] Encoding and solving for graph: p27_200_400.
c [Main] Search strategy: Binary search from lower bound.
c [Main] No predefined lower bound is found for p27_200_400.
c [Main] LB-w = 2 (default value).
c [Main] No predefined upper bound is found for p27_200_400.
c [Main] UB-w = 100 (default value calculated as n/2).
c [Main] Search order: 51 26 13 7 4 2 3 5 6 10 8 9 11 12 19 16 14 15 17 18 22 20 21 24 23 25 38 32 29 27 28 30 31 35 33 34 36 37 44 41 39 40 42 43 47 45 46 49 48 50 76 63 57 54 52 53 55 56 60 58 59 61 62 69 66 64 65 67 68 72 70 71 74 73 75 88 82 79 77 78 80 81 85 83 84 86 87 94 91 89 90 92 93 97 95 96 99 98 100.
c [w = 5] Start task in PID: 185070.
c [w = 5] Cyclic Antibandwidth problem with w = 5 (p27_200_400):
c [w = 5] Initializing CaDiCaL (version 2.1.3).
c [w = 5] Configuring CaDiCaL as --sat (1).
c [w = 5] Encoding starts with w = 5:
c [w = 5] Symmetry breaking highest degree node is applied.
c [w = 5] Encoding duration: 512 ms.
c [w = 5] Number of clauses: 779900.
c [w = 5] Number of variables: 106800.
c [w = 5] SAT Solving starts:
c [w = 5] Solving duration: 31 ms.
c [w = 5] Answer:
s [w = 5] SAT (w = 5).
c [w = 5] Solution check = 5.
c [w = 5] The solution is correct.
c [w = 5] Result: 10.
c [w = 4] Start task in PID: 185067.
c [w = 4] Cyclic Antibandwidth problem with w = 4 (p27_200_400):
c [w = 4] Initializing CaDiCaL (version 2.1.3).
c [w = 4] Configuring CaDiCaL as --sat (1).
c [w = 4] Encoding starts with w = 4:
c [w = 4] Symmetry breaking highest degree node is applied.
c [w = 4] Encoding duration: 543 ms.
c [w = 4] Number of clauses: 840700.
c [w = 4] Number of variables: 100800.
c [w = 4] SAT Solving starts:
c [w = 4] Solving duration: 26 ms.
c [w = 4] Answer:
s [w = 4] SAT (w = 4).
c [w = 4] Solution check = 4.
c [w = 4] The solution is correct.
c [w = 4] Result: 10.
c [Main] Max width SAT is set to 5.
c [Main] Kill lower pid 3.
c [Main] Kill lower pid 2.
c [Main] Kill lower pid 4.
c [w = 3] Start task in PID: 185069.
c [w = 3] Cyclic Antibandwidth problem with w = 3 (p27_200_400):
c [w = 3] Initializing CaDiCaL (version 2.1.3).
c [w = 3] Configuring CaDiCaL as --sat (1).
c [w = 3] Encoding starts with w = 3:
c [w = 3] Symmetry breaking highest degree node is applied.
c [w = 3] Encoding duration: 595 ms.
c [w = 3] Number of clauses: 990700.
c [w = 3] Number of variables: 90800.
c [w = 3] SAT Solving starts:
c [w = 3] Solving duration: 27 ms.
c [w = 3] Answer:
s [w = 3] SAT (w = 3).
c [w = 3] Solution check = 3.
c [w = 3] The solution is correct.
c [Signal] Signal interruption. Caught signal: SIGTERM (15).
c [w = 2] Start task in PID: 185068.
c [w = 2] Cyclic Antibandwidth problem with w = 2 (p27_200_400):
c [w = 2] Initializing CaDiCaL (version 2.1.3).
c [w = 2] Configuring CaDiCaL as --sat (1).
c [w = 2] Encoding starts with w = 2:
c [w = 2] Symmetry breaking highest degree node is applied.
c [w = 2] Encoding duration: 710 ms.
c [w = 2] Number of clauses: 1445300.
c [w = 2] Number of variables: 70800.
c [w = 2] SAT Solving starts:
c [w = 2] Solving duration: 21 ms.
c [w = 2] Answer:
s [w = 2] SAT (w = 2).
c [w = 2] Solution check = 2.
c [w = 2] The solution is correct.
c [Signal] Signal interruption. Caught signal: SIGTERM (15).
c [w = 26] Start task in PID: 185064.
c [w = 26] Cyclic Antibandwidth problem with w = 26 (p27_200_400):
c [w = 26] Initializing CaDiCaL (version 2.1.3).
c [w = 26] Configuring CaDiCaL as --sat (1).
c [w = 26] Encoding starts with w = 26:
c [w = 26] Symmetry breaking highest degree node is applied.
c [w = 26] Encoding duration: 484 ms.
c [w = 26] Number of clauses: 728100.
c [w = 26] Number of variables: 127600.
c [w = 26] SAT Solving starts:
c [w = 26] Solving duration: 149 ms.
c [w = 26] Answer:
s [w = 26] SAT (w = 26).
c [w = 26] Solution check = 26.
c [w = 26] The solution is correct.
c [w = 26] Result: 10.
c [Main] Kill lower pid 3.
c [Main] Kill lower pid 2.
c [w = 6] Start task in PID: 185076.
c [w = 6] Cyclic Antibandwidth problem with w = 6 (p27_200_400):
c [w = 6] Initializing CaDiCaL (version 2.1.3).
c [w = 6] Configuring CaDiCaL as --sat (1).
c [w = 6] Encoding starts with w = 6:
c [w = 6] Symmetry breaking highest degree node is applied.
c [Signal] Signal interruption. Caught signal: SIGTERM (15).
c [w = 10] Start task in PID: 185077.
c [w = 10] Cyclic Antibandwidth problem with w = 10 (p27_200_400):
c [w = 10] Initializing CaDiCaL (version 2.1.3).
c [w = 10] Configuring CaDiCaL as --sat (1).
c [w = 10] Encoding starts with w = 10:
c [w = 10] Symmetry breaking highest degree node is applied.
c [Signal] Signal interruption. Caught signal: SIGTERM (15).
c [w = 7] Start task in PID: 185066.
c [w = 7] Cyclic Antibandwidth problem with w = 7 (p27_200_400):
c [w = 7] Initializing CaDiCaL (version 2.1.3).
c [w = 7] Configuring CaDiCaL as --sat (1).
c [w = 7] Encoding starts with w = 7:
c [w = 7] Symmetry breaking highest degree node is applied.
c [w = 7] Encoding duration: 504 ms.
c [w = 7] Number of clauses: 738100.
c [w = 7] Number of variables: 114000.
c [w = 7] SAT Solving starts:
c [w = 7] Solving duration: 150 ms.
c [w = 7] Answer:
s [w = 7] SAT (w = 7).
c [w = 7] Solution check = 7.
c [w = 7] The solution is correct.
c [Signal] Signal interruption. Caught signal: SIGTERM (15).
c [w = 13] Start task in PID: 185065.
c [w = 13] Cyclic Antibandwidth problem with w = 13 (p27_200_400):
c [w = 13] Initializing CaDiCaL (version 2.1.3).
c [w = 13] Configuring CaDiCaL as --sat (1).
c [w = 13] Encoding starts with w = 13:
c [w = 13] Symmetry breaking highest degree node is applied.
c [w = 13] Encoding duration: 506 ms.
c [w = 13] Number of clauses: 721500.
c [w = 13] Number of variables: 122800.
c [w = 13] SAT Solving starts:
c [w = 13] Solving duration: 182 ms.
c [w = 13] Answer:
s [w = 13] SAT (w = 13).
c [w = 13] Solution check = 13.
c [w = 13] The solution is correct.
c [Signal] Signal interruption. Caught signal: SIGTERM (15).
c [Main] Max width SAT is set to 26.
c [Main] Kill lower pid 10.
c [Main] Kill lower pid 6.
c [Main] Kill lower pid 3.
c [Main] Kill lower pid 2.
c [Main] Kill lower pid 7.
c [Main] Kill lower pid 13.
c [Main] Child pid 3 - 185069 terminated by signal 15.
c [Main] Child pid 10 - 185077 terminated by signal 15.
c [Main] Child pid 2 - 185068 terminated by signal 15.
c [Main] Child pid 6 - 185076 terminated by signal 15.
c [Main] Child pid 13 - 185065 terminated by signal 15.
c [Main] Child pid 7 - 185066 terminated by signal 15.
c [w = 29] Start task in PID: 185080.
c [w = 29] Cyclic Antibandwidth problem with w = 29 (p27_200_400):
c [w = 29] Initializing CaDiCaL (version 2.1.3).
c [w = 29] Configuring CaDiCaL as --sat (1).
c [w = 29] Encoding starts with w = 29:
c [w = 29] Symmetry breaking highest degree node is applied.
c [w = 29] Encoding duration: 506 ms.
c [w = 29] Number of clauses: 727100.
c [w = 29] Number of variables: 127200.
c [w = 29] SAT Solving starts:
c [w = 29] Solving duration: 171 ms.
c [w = 29] Answer:
s [w = 29] SAT (w = 29).
c [w = 29] Solution check = 29.
c [w = 29] The solution is correct.
c [w = 29] Result: 10.
c [w = 28] Start task in PID: 185082.
c [w = 28] Cyclic Antibandwidth problem with w = 28 (p27_200_400):
c [w = 28] Initializing CaDiCaL (version 2.1.3).
c [w = 28] Configuring CaDiCaL as --sat (1).
c [w = 28] Encoding starts with w = 28:
c [w = 28] Symmetry breaking highest degree node is applied.
c [w = 28] Encoding duration: 513 ms.
c [w = 28] Number of clauses: 738100.
c [w = 28] Number of variables: 130800.
c [w = 28] SAT Solving starts:
c [w = 28] Solving duration: 167 ms.
c [w = 28] Answer:
s [w = 28] SAT (w = 28).
c [w = 28] Solution check = 28.
c [w = 28] The solution is correct.
c [w = 28] Result: 10.
c [w = 31] Start task in PID: 185084.
c [w = 31] Cyclic Antibandwidth problem with w = 31 (p27_200_400):
c [w = 31] Initializing CaDiCaL (version 2.1.3).
c [w = 31] Configuring CaDiCaL as --sat (1).
c [w = 31] Encoding starts with w = 31:
c [w = 31] Symmetry breaking highest degree node is applied.
c [w = 31] Encoding duration: 506 ms.
c [w = 31] Number of clauses: 735900.
c [w = 31] Number of variables: 130000.
c [w = 31] SAT Solving starts:
c [w = 31] Solving duration: 174 ms.
c [w = 31] Answer:
s [w = 31] SAT (w = 31).
c [w = 31] Solution check = 31.
c [w = 31] The solution is correct.
c [w = 31] Result: 10.
c [w = 27] Start task in PID: 185081.
c [w = 27] Cyclic Antibandwidth problem with w = 27 (p27_200_400):
c [w = 27] Initializing CaDiCaL (version 2.1.3).
c [w = 27] Configuring CaDiCaL as --sat (1).
c [w = 27] Encoding starts with w = 27:
c [w = 27] Symmetry breaking highest degree node is applied.
c [w = 27] Encoding duration: 514 ms.
c [w = 27] Number of clauses: 733100.
c [w = 27] Number of variables: 129200.
c [w = 27] SAT Solving starts:
c [w = 27] Solving duration: 169 ms.
c [w = 27] Answer:
s [w = 27] SAT (w = 27).
c [w = 27] Solution check = 27.
c [w = 27] The solution is correct.
c [w = 27] Result: 10.
c [Main] Max width SAT is set to 29.
c [Main] Kill lower pid 28.
c [Main] Kill lower pid 27.
c [Main] Kill lower pid 27.
c [Main] Max width SAT is set to 31.
c [Main] Kill lower pid 30.
c [Main] Kill lower pid 27.
c [w = 30] Start task in PID: 185083.
c [w = 30] Cyclic Antibandwidth problem with w = 30 (p27_200_400):
c [w = 30] Initializing CaDiCaL (version 2.1.3).
c [w = 30] Configuring CaDiCaL as --sat (1).
c [w = 30] Encoding starts with w = 30:
c [w = 30] Symmetry breaking highest degree node is applied.
c [w = 30] Encoding duration: 493 ms.
c [w = 30] Number of clauses: 731500.
c [w = 30] Number of variables: 128600.
c [w = 30] SAT Solving starts:
c [Signal] Signal interruption. Caught signal: SIGTERM (15).
c [Main] Child pid 30 - 185083 terminated by signal 15.
c [w = 32] Start task in PID: 185079.
c [w = 32] Cyclic Antibandwidth problem with w = 32 (p27_200_400):
c [w = 32] Initializing CaDiCaL (version 2.1.3).
c [w = 32] Configuring CaDiCaL as --sat (1).
c [w = 32] Encoding starts with w = 32:
c [w = 32] Symmetry breaking highest degree node is applied.
c [w = 32] Encoding duration: 522 ms.
c [w = 32] Number of clauses: 740300.
c [w = 32] Number of variables: 131400.
c [w = 32] SAT Solving starts:
c [w = 32] Solving duration: 484 ms.
c [w = 32] Answer:
s [w = 32] SAT (w = 32).
c [w = 32] Solution check = 32.
c [w = 32] The solution is correct.
c [w = 32] Result: 10.
c [Main] Max width SAT is set to 32.
c [w = 38] Start task in PID: 185078.
c [w = 38] Cyclic Antibandwidth problem with w = 38 (p27_200_400):
c [w = 38] Initializing CaDiCaL (version 2.1.3).
c [w = 38] Configuring CaDiCaL as --sat (1).
c [w = 38] Encoding starts with w = 38:
c [w = 38] Symmetry breaking highest degree node is applied.
c [w = 38] Encoding duration: 523 ms.
c [w = 38] Number of clauses: 745500.
c [w = 38] Number of variables: 132800.
c [w = 38] SAT Solving starts:
c [w = 38] Solving duration: 934 ms.
c [w = 38] Answer:
s [w = 38] SAT (w = 38).
c [w = 38] Solution check = 38.
c [w = 38] The solution is correct.
c [w = 38] Result: 10.
c [w = 37] Start task in PID: 185089.
c [w = 37] Cyclic Antibandwidth problem with w = 37 (p27_200_400):
c [w = 37] Initializing CaDiCaL (version 2.1.3).
c [w = 37] Configuring CaDiCaL as --sat (1).
c [w = 37] Encoding starts with w = 37:
c [w = 37] Symmetry breaking highest degree node is applied.
c [w = 37] Encoding duration: 526 ms.
c [w = 37] Number of clauses: 741700.
c [w = 37] Number of variables: 131600.
c [w = 37] SAT Solving starts:
c [Signal] Signal interruption. Caught signal: SIGTERM (15).
c [w = 36] Start task in PID: 185088.
c [w = 36] Cyclic Antibandwidth problem with w = 36 (p27_200_400):
c [w = 36] Initializing CaDiCaL (version 2.1.3).
c [w = 36] Configuring CaDiCaL as --sat (1).
c [w = 36] Encoding starts with w = 36:
c [w = 36] Symmetry breaking highest degree node is applied.
c [w = 36] Encoding duration: 513 ms.
c [w = 36] Number of clauses: 737900.
c [w = 36] Number of variables: 130400.
c [w = 36] SAT Solving starts:
c [w = 36] Solving duration: 170 ms.
c [w = 36] Answer:
s [w = 36] SAT (w = 36).
c [w = 36] Solution check = 36.
c [w = 36] The solution is correct.
c [Signal] Signal interruption. Caught signal: SIGTERM (15).
c [w = 33] Start task in PID: 185086.
c [w = 33] Cyclic Antibandwidth problem with w = 33 (p27_200_400):
c [w = 33] Initializing CaDiCaL (version 2.1.3).
c [w = 33] Configuring CaDiCaL as --sat (1).
c [w = 33] Encoding starts with w = 33:
c [w = 33] Symmetry breaking highest degree node is applied.
c [w = 33] Encoding duration: 521 ms.
c [w = 33] Number of clauses: 744700.
c [w = 33] Number of variables: 132800.
c [w = 33] SAT Solving starts:
c [Signal] Signal interruption. Caught signal: SIGTERM (15).
c [Main] Max width SAT is set to 38.
c [Main] Kill lower pid 37.
c [Main] Kill lower pid 36.
c [Main] Kill lower pid 34.
c [Main] Kill lower pid 33.
c [Main] Kill lower pid 35.
c [w = 34] Start task in PID: 185087.
c [w = 34] Cyclic Antibandwidth problem with w = 34 (p27_200_400):
c [w = 34] Initializing CaDiCaL (version 2.1.3).
c [w = 34] Configuring CaDiCaL as --sat (1).
c [w = 34] Encoding starts with w = 34:
c [w = 34] Symmetry breaking highest degree node is applied.
c [w = 34] Encoding duration: 503 ms.
c [w = 34] Number of clauses: 730300.
c [w = 34] Number of variables: 128000.
c [w = 34] SAT Solving starts:
c [Signal] Signal interruption. Caught signal: SIGTERM (15).
c [w = 35] Start task in PID: 185085.
c [w = 35] Cyclic Antibandwidth problem with w = 35 (p27_200_400):
c [w = 35] Initializing CaDiCaL (version 2.1.3).
c [w = 35] Configuring CaDiCaL as --sat (1).
c [w = 35] Encoding starts with w = 35:
c [w = 35] Symmetry breaking highest degree node is applied.
c [w = 35] Encoding duration: 516 ms.
c [w = 35] Number of clauses: 734100.
c [w = 35] Number of variables: 129200.
c [w = 35] SAT Solving starts:
c [Signal] Signal interruption. Caught signal: SIGTERM (15).
c [Main] Child pid 35 - 185085 terminated by signal 15.
c [Main] Child pid 33 - 185086 terminated by signal 15.
c [Main] Child pid 34 - 185087 terminated by signal 15.
c [Main] Child pid 36 - 185088 terminated by signal 15.
c [Main] Child pid 37 - 185089 terminated by signal 15.
c [w = 42] Start task in PID: 185094.
c [w = 42] Cyclic Antibandwidth problem with w = 42 (p27_200_400):
c [w = 42] Initializing CaDiCaL (version 2.1.3).
c [w = 42] Configuring CaDiCaL as --sat (1).
c [w = 42] Encoding starts with w = 42:
c [w = 42] Symmetry breaking highest degree node is applied.
c [w = 42] Encoding duration: 502 ms.
c [w = 42] Number of clauses: 737300.
c [w = 42] Number of variables: 129800.
c [w = 42] SAT Solving starts:
c [w = 42] Solving duration: 1973 ms.
c [w = 42] Answer:
s [w = 42] SAT (w = 42).
c [w = 42] Solution check = 42.
c [w = 42] The solution is correct.
c [w = 42] Result: 10.
c [Main] Max width SAT is set to 42.
c [Main] Kill lower pid 40.
c [Main] Kill lower pid 39.
c [Main] Kill lower pid 41.
c [w = 40] Start task in PID: 185093.
c [w = 40] Cyclic Antibandwidth problem with w = 40 (p27_200_400):
c [w = 40] Initializing CaDiCaL (version 2.1.3).
c [w = 40] Configuring CaDiCaL as --sat (1).
c [w = 40] Encoding starts with w = 40:
c [w = 40] Symmetry breaking highest degree node is applied.
c [w = 40] Encoding duration: 506 ms.
c [w = 40] Number of clauses: 730900.
c [w = 40] Number of variables: 127800.
c [w = 40] SAT Solving starts:
c [Signal] Signal interruption. Caught signal: SIGTERM (15).
c [w = 39] Start task in PID: 185092.
c [w = 39] Cyclic Antibandwidth problem with w = 39 (p27_200_400):
c [w = 39] Initializing CaDiCaL (version 2.1.3).
c [w = 39] Configuring CaDiCaL as --sat (1).
c [w = 39] Encoding starts with w = 39:
c [w = 39] Symmetry breaking highest degree node is applied.
c [w = 39] Encoding duration: 522 ms.
c [w = 39] Number of clauses: 749300.
c [w = 39] Number of variables: 134000.
c [w = 39] SAT Solving starts:
c [Signal] Signal interruption. Caught signal: SIGTERM (15).
c [w = 41] Start task in PID: 185091.
c [w = 41] Cyclic Antibandwidth problem with w = 41 (p27_200_400):
c [w = 41] Initializing CaDiCaL (version 2.1.3).
c [w = 41] Configuring CaDiCaL as --sat (1).
c [w = 41] Encoding starts with w = 41:
c [w = 41] Symmetry breaking highest degree node is applied.
c [w = 41] Encoding duration: 523 ms.
c [w = 41] Number of clauses: 734100.
c [w = 41] Number of variables: 128800.
c [w = 41] SAT Solving starts:
c [Signal] Signal interruption. Caught signal: SIGTERM (15).
c [Main] Child pid 41 - 185091 terminated by signal 15.
c [Main] Child pid 39 - 185092 terminated by signal 15.
c [Main] Child pid 40 - 185093 terminated by signal 15.
c [w = 46] Start task in PID: 185098.
c [w = 46] Cyclic Antibandwidth problem with w = 46 (p27_200_400):
c [w = 46] Initializing CaDiCaL (version 2.1.3).
c [w = 46] Configuring CaDiCaL as --sat (1).
c [w = 46] Encoding starts with w = 46:
c [w = 46] Symmetry breaking highest degree node is applied.
c [w = 46] Encoding duration: 507 ms.
c [w = 46] Number of clauses: 750100.
c [w = 46] Number of variables: 133800.
c [w = 46] SAT Solving starts:
c [w = 46] Solving duration: 193 ms.
c [w = 46] Answer:
s [w = 46] SAT (w = 46).
c [w = 46] Solution check = 46.
c [w = 46] The solution is correct.
c [w = 46] Result: 10.
c [w = 45] Start task in PID: 185097.
c [w = 45] Cyclic Antibandwidth problem with w = 45 (p27_200_400):
c [w = 45] Initializing CaDiCaL (version 2.1.3).
c [w = 45] Configuring CaDiCaL as --sat (1).
c [w = 45] Encoding starts with w = 45:
c [w = 45] Symmetry breaking highest degree node is applied.
c [w = 45] Encoding duration: 522 ms.
c [w = 45] Number of clauses: 746900.
c [w = 45] Number of variables: 132800.
c [w = 45] SAT Solving starts:
c [Signal] Signal interruption. Caught signal: SIGTERM (15).
c [w = 43] Start task in PID: 185095.
c [w = 43] Cyclic Antibandwidth problem with w = 43 (p27_200_400):
c [w = 43] Initializing CaDiCaL (version 2.1.3).
c [w = 43] Configuring CaDiCaL as --sat (1).
c [w = 43] Encoding starts with w = 43:
c [w = 43] Symmetry breaking highest degree node is applied.
c [w = 43] Encoding duration: 515 ms.
c [w = 43] Number of clauses: 740500.
c [w = 43] Number of variables: 130800.
c [w = 43] SAT Solving starts:
c [Signal] Signal interruption. Caught signal: SIGTERM (15).
c [w = 44] Start task in PID: 185090.
c [w = 44] Cyclic Antibandwidth problem with w = 44 (p27_200_400):
c [w = 44] Initializing CaDiCaL (version 2.1.3).
c [w = 44] Configuring CaDiCaL as --sat (1).
c [w = 44] Encoding starts with w = 44:
c [w = 44] Symmetry breaking highest degree node is applied.
c [w = 44] Encoding duration: 513 ms.
c [w = 44] Number of clauses: 743700.
c [w = 44] Number of variables: 131800.
c [w = 44] SAT Solving starts:
c [Signal] Signal interruption. Caught signal: SIGTERM (15).
c [Main] Max width SAT is set to 46.
c [Main] Kill lower pid 45.
c [Main] Kill lower pid 43.
c [Main] Kill lower pid 44.
c [Main] Child pid 45 - 185097 terminated by signal 15.
c [Main] Child pid 44 - 185090 terminated by signal 15.
c [Main] Child pid 43 - 185095 terminated by signal 15.
c [w = 48] Start task in PID: 185100.
c [w = 48] Cyclic Antibandwidth problem with w = 48 (p27_200_400):
c [w = 48] Initializing CaDiCaL (version 2.1.3).
c [w = 48] Configuring CaDiCaL as --sat (1).
c [w = 48] Encoding starts with w = 48:
c [w = 48] Symmetry breaking highest degree node is applied.
c [w = 48] Encoding duration: 519 ms.
c [w = 48] Number of clauses: 756500.
c [w = 48] Number of variables: 135800.
c [w = 48] SAT Solving starts:
c [w = 48] Solving duration: 321 ms.
c [w = 48] Answer:
s [w = 48] SAT (w = 48).
c [w = 48] Solution check = 48.
c [w = 48] The solution is correct.
c [w = 48] Result: 10.
c [Main] Max width SAT is set to 48.
c [Main] Kill lower pid 47.
c [w = 47] Start task in PID: 185096.
c [w = 47] Cyclic Antibandwidth problem with w = 47 (p27_200_400):
c [w = 47] Initializing CaDiCaL (version 2.1.3).
c [w = 47] Configuring CaDiCaL as --sat (1).
c [w = 47] Encoding starts with w = 47:
c [w = 47] Symmetry breaking highest degree node is applied.
c [w = 47] Encoding duration: 495 ms.
c [w = 47] Number of clauses: 753300.
c [w = 47] Number of variables: 134800.
c [w = 47] SAT Solving starts:
c [Signal] Signal interruption. Caught signal: SIGTERM (15).
c [Main] Child pid 47 - 185096 terminated by signal 15.
c [w = 76] Start task in PID: 185102.
c [w = 76] Cyclic Antibandwidth problem with w = 76 (p27_200_400):
c [w = 76] Initializing CaDiCaL (version 2.1.3).
c [w = 76] Configuring CaDiCaL as --sat (1).
c [w = 76] Encoding starts with w = 76:
c [w = 76] Symmetry breaking highest degree node is applied.
c [w = 76] Encoding duration: 530 ms.
c [w = 76] Number of clauses: 759100.
c [w = 76] Number of variables: 134600.
c [w = 76] SAT Solving starts:
c [w = 76] Solving duration: 18 ms.
c [w = 76] Answer:
s [w = 76] UNSAT (w = 76).
c [w = 76] Result: 20.
c [Main] Min width UNSAT is set to 76
c [w = 51] Start task in PID: 185063.
c [w = 51] Cyclic Antibandwidth problem with w = 51 (p27_200_400):
c [w = 51] Initializing CaDiCaL (version 2.1.3).
c [w = 51] Configuring CaDiCaL as --sat (1).
c [w = 51] Encoding starts with w = 51:
c [w = 51] Symmetry breaking highest degree node is applied.
c [w = 51] Encoding duration: 505 ms.
c [w = 51] Number of clauses: 737500.
c [w = 51] Number of variables: 129200.
c [w = 51] SAT Solving starts:
c [w = 51] Solving duration: 6565 ms.
c [w = 51] Answer:
s [w = 51] SAT (w = 51).
c [w = 51] Solution check = 51.
c [w = 51] The solution is correct.
c [w = 51] Result: 10.
c [Main] Max width SAT is set to 51.
c [Main] Kill lower pid 50.
c [Main] Kill lower pid 49.
c [w = 50] Start task in PID: 185101.
c [w = 50] Cyclic Antibandwidth problem with w = 50 (p27_200_400):
c [w = 50] Initializing CaDiCaL (version 2.1.3).
c [w = 50] Configuring CaDiCaL as --sat (1).
c [w = 50] Encoding starts with w = 50:
c [w = 50] Symmetry breaking highest degree node is applied.
c [w = 50] Encoding duration: 519 ms.
c [w = 50] Number of clauses: 734900.
c [w = 50] Number of variables: 128400.
c [w = 50] SAT Solving starts:
c [Signal] Signal interruption. Caught signal: SIGTERM (15).
c [w = 49] Start task in PID: 185099.
c [w = 49] Cyclic Antibandwidth problem with w = 49 (p27_200_400):
c [w = 49] Initializing CaDiCaL (version 2.1.3).
c [w = 49] Configuring CaDiCaL as --sat (1).
c [w = 49] Encoding starts with w = 49:
c [w = 49] Symmetry breaking highest degree node is applied.
c [w = 49] Encoding duration: 522 ms.
c [w = 49] Number of clauses: 759700.
c [w = 49] Number of variables: 136800.
c [w = 49] SAT Solving starts:
c [Signal] Signal interruption. Caught signal: SIGTERM (15).
c [Main] Child pid 50 - 185101 terminated by signal 15.
c [Main] Child pid 49 - 185099 terminated by signal 15.
c [w = 54] Start task in PID: 185105.
c [w = 54] Cyclic Antibandwidth problem with w = 54 (p27_200_400):
c [w = 54] Initializing CaDiCaL (version 2.1.3).
c [w = 54] Configuring CaDiCaL as --sat (1).
c [w = 54] Encoding starts with w = 54:
c [w = 54] Symmetry breaking highest degree node is applied.
c [w = 54] Encoding duration: 504 ms.
c [w = 54] Number of clauses: 745300.
c [w = 54] Number of variables: 131600.
c [w = 54] SAT Solving starts:
c [w = 54] Solving duration: 2224 ms.
c [w = 54] Answer:
s [w = 54] SAT (w = 54).
c [w = 54] Solution check = 54.
c [w = 54] The solution is correct.
c [w = 54] Result: 10.
c [Main] Max width SAT is set to 54.
c [Main] Kill lower pid 53.
c [Main] Kill lower pid 52.
c [w = 52] Start task in PID: 185106.
c [w = 52] Cyclic Antibandwidth problem with w = 52 (p27_200_400):
c [w = 52] Initializing CaDiCaL (version 2.1.3).
c [w = 52] Configuring CaDiCaL as --sat (1).
c [w = 52] Encoding starts with w = 52:
c [w = 52] Symmetry breaking highest degree node is applied.
c [w = 52] Encoding duration: 489 ms.
c [w = 52] Number of clauses: 740100.
c [w = 52] Number of variables: 130000.
c [w = 52] SAT Solving starts:
c [Signal] Signal interruption. Caught signal: SIGTERM (15).
c [w = 53] Start task in PID: 185107.
c [w = 53] Cyclic Antibandwidth problem with w = 53 (p27_200_400):
c [w = 53] Initializing CaDiCaL (version 2.1.3).
c [w = 53] Configuring CaDiCaL as --sat (1).
c [w = 53] Encoding starts with w = 53:
c [w = 53] Symmetry breaking highest degree node is applied.
c [w = 53] Encoding duration: 507 ms.
c [w = 53] Number of clauses: 742700.
c [w = 53] Number of variables: 130800.
c [w = 53] SAT Solving starts:
c [Signal] Signal interruption. Caught signal: SIGTERM (15).
c [Main] Child pid 52 - 185106 terminated by signal 15.
c [Main] Child pid 53 - 185107 terminated by signal 15.
c [w = 57] Start task in PID: 185104.
c [w = 57] Cyclic Antibandwidth problem with w = 57 (p27_200_400):
c [w = 57] Initializing CaDiCaL (version 2.1.3).
c [w = 57] Configuring CaDiCaL as --sat (1).
c [w = 57] Encoding starts with w = 57:
c [w = 57] Symmetry breaking highest degree node is applied.
c [w = 57] Encoding duration: 528 ms.
c [w = 57] Number of clauses: 753100.
c [w = 57] Number of variables: 134000.
c [w = 57] SAT Solving starts:
c [w = 57] Solving duration: 5638 ms.
c [w = 57] Answer:
s [w = 57] SAT (w = 57).
c [w = 57] Solution check = 57.
c [w = 57] The solution is correct.
c [w = 57] Result: 10.
c [Main] Max width SAT is set to 57.
c [Main] Kill lower pid 56.
c [Main] Kill lower pid 55.
c [w = 56] Start task in PID: 185109.
c [w = 56] Cyclic Antibandwidth problem with w = 56 (p27_200_400):
c [w = 56] Initializing CaDiCaL (version 2.1.3).
c [w = 56] Configuring CaDiCaL as --sat (1).
c [w = 56] Encoding starts with w = 56:
c [w = 56] Symmetry breaking highest degree node is applied.
c [w = 56] Encoding duration: 516 ms.
c [w = 56] Number of clauses: 750500.
c [w = 56] Number of variables: 133200.
c [w = 56] SAT Solving starts:
c [Signal] Signal interruption. Caught signal: SIGTERM (15).
c [w = 55] Start task in PID: 185108.
c [w = 55] Cyclic Antibandwidth problem with w = 55 (p27_200_400):
c [w = 55] Initializing CaDiCaL (version 2.1.3).
c [w = 55] Configuring CaDiCaL as --sat (1).
c [w = 55] Encoding starts with w = 55:
c [w = 55] Symmetry breaking highest degree node is applied.
c [w = 55] Encoding duration: 511 ms.
c [w = 55] Number of clauses: 747900.
c [w = 55] Number of variables: 132400.
c [w = 55] SAT Solving starts:
c [Signal] Signal interruption. Caught signal: SIGTERM (15).
c [Main] Child pid 56 - 185109 terminated by signal 15.
c [Main] Child pid 55 - 185108 terminated by signal 15.
c [w = 69] Start task in PID: 185116.
c [w = 69] Cyclic Antibandwidth problem with w = 69 (p27_200_400):
c [w = 69] Initializing CaDiCaL (version 2.1.3).
c [w = 69] Configuring CaDiCaL as --sat (1).
c [w = 69] Encoding starts with w = 69:
c [w = 69] Symmetry breaking highest degree node is applied.
c [w = 69] Encoding duration: 492 ms.
c [w = 69] Number of clauses: 745100.
c [w = 69] Number of variables: 130400.
c [w = 69] SAT Solving starts:
c [w = 69] Solving duration: 23 ms.
c [w = 69] Answer:
s [w = 69] UNSAT (w = 69).
c [w = 69] Result: 20.
c [Main] Min width UNSAT is set to 69
c [w = 60] Start task in PID: 185110.
c [w = 60] Cyclic Antibandwidth problem with w = 60 (p27_200_400):
c [w = 60] Initializing CaDiCaL (version 2.1.3).
c [w = 60] Configuring CaDiCaL as --sat (1).
c [w = 60] Encoding starts with w = 60:
c [w = 60] Symmetry breaking highest degree node is applied.
c [w = 60] Encoding duration: 525 ms.
c [w = 60] Number of clauses: 760900.
c [w = 60] Number of variables: 136400.
c [w = 60] SAT Solving starts:
c [w = 60] Solving duration: 6752 ms.
c [w = 60] Answer:
s [w = 60] SAT (w = 60).
c [w = 60] Solution check = 60.
c [w = 60] The solution is correct.
c [w = 60] Result: 10.
c [Main] Max width SAT is set to 60.
c [Main] Kill lower pid 59.
c [Main] Kill lower pid 58.
c [w = 58] Start task in PID: 185111.
c [w = 58] Cyclic Antibandwidth problem with w = 58 (p27_200_400):
c [w = 58] Initializing CaDiCaL (version 2.1.3).
c [w = 58] Configuring CaDiCaL as --sat (1).
c [w = 58] Encoding starts with w = 58:
c [w = 58] Symmetry breaking highest degree node is applied.
c [w = 58] Encoding duration: 507 ms.
c [w = 58] Number of clauses: 755700.
c [w = 58] Number of variables: 134800.
c [w = 58] SAT Solving starts:
c [Signal] Signal interruption. Caught signal: SIGTERM (15).
c [w = 59] Start task in PID: 185112.
c [w = 59] Cyclic Antibandwidth problem with w = 59 (p27_200_400):
c [w = 59] Initializing CaDiCaL (version 2.1.3).
c [w = 59] Configuring CaDiCaL as --sat (1).
c [w = 59] Encoding starts with w = 59:
c [w = 59] Symmetry breaking highest degree node is applied.
c [w = 59] Encoding duration: 525 ms.
c [w = 59] Number of clauses: 758300.
c [w = 59] Number of variables: 135600.
c [w = 59] SAT Solving starts:
c [Signal] Signal interruption. Caught signal: SIGTERM (15).
c [Main] Child pid 58 - 185111 terminated by signal 15.
c [Main] Child pid 59 - 185112 terminated by signal 15.
c [w = 67] Start task in PID: 185120.
c [w = 67] Cyclic Antibandwidth problem with w = 67 (p27_200_400):
c [w = 67] Initializing CaDiCaL (version 2.1.3).
c [w = 67] Configuring CaDiCaL as --sat (1).
c [w = 67] Encoding starts with w = 67:
c [w = 67] Symmetry breaking highest degree node is applied.
c [w = 67] Encoding duration: 488 ms.
c [w = 67] Number of clauses: 741100.
c [w = 67] Number of variables: 129200.
c [w = 67] SAT Solving starts:
c [w = 67] Solving duration: 16 ms.
c [w = 67] Answer:
s [w = 67] UNSAT (w = 67).
c [w = 67] Result: 20.
c [Main] Min width UNSAT is set to 67
c [Main] Kill higher pid 68.
c [w = 68] Start task in PID: 185121.
c [w = 68] Cyclic Antibandwidth problem with w = 68 (p27_200_400):
c [w = 68] Initializing CaDiCaL (version 2.1.3).
c [w = 68] Configuring CaDiCaL as --sat (1).
c [w = 68] Encoding starts with w = 68:
c [w = 68] Symmetry breaking highest degree node is applied.
c [w = 68] Encoding duration: 509 ms.
c [w = 68] Number of clauses: 743100.
c [w = 68] Number of variables: 129800.
c [w = 68] SAT Solving starts:
c [w = 68] Solving duration: 22 ms.
c [w = 68] Answer:
s [w = 68] UNSAT (w = 68).
c [Signal] Signal interruption. Caught signal: SIGTERM (15).
c [Main] Child pid 68 - 185121 terminated by signal 15.
c [w = 62] Start task in PID: 185115.
c [w = 62] Cyclic Antibandwidth problem with w = 62 (p27_200_400):
c [w = 62] Initializing CaDiCaL (version 2.1.3).
c [w = 62] Configuring CaDiCaL as --sat (1).
c [w = 62] Encoding starts with w = 62:
c [w = 62] Symmetry breaking highest degree node is applied.
c [w = 62] Encoding duration: 503 ms.
c [w = 62] Number of clauses: 766100.
c [w = 62] Number of variables: 138000.
c [w = 62] SAT Solving starts:
c [w = 62] Solving duration: 14464 ms.
c [w = 62] Answer:
s [w = 62] SAT (w = 62).
c [w = 62] Solution check = 62.
c [w = 62] The solution is correct.
c [w = 62] Result: 10.
c [Main] Max width SAT is set to 62.
c [Main] Kill lower pid 61.
c [w = 61] Start task in PID: 185113.
c [w = 61] Cyclic Antibandwidth problem with w = 61 (p27_200_400):
c [w = 61] Initializing CaDiCaL (version 2.1.3).
c [w = 61] Configuring CaDiCaL as --sat (1).
c [w = 61] Encoding starts with w = 61:
c [w = 61] Symmetry breaking highest degree node is applied.
c [w = 61] Encoding duration: 525 ms.
c [w = 61] Number of clauses: 763500.
c [w = 61] Number of variables: 137200.
c [w = 61] SAT Solving starts:
c [Signal] Signal interruption. Caught signal: SIGTERM (15).
c [Main] Child pid 61 - 185113 terminated by signal 15.
c [w = 63] Start task in PID: 185103.
c [w = 63] Cyclic Antibandwidth problem with w = 63 (p27_200_400):
c [w = 63] Initializing CaDiCaL (version 2.1.3).
c [w = 63] Configuring CaDiCaL as --sat (1).
c [w = 63] Encoding starts with w = 63:
c [w = 63] Symmetry breaking highest degree node is applied.
c [w = 63] Encoding duration: 540 ms.
c [w = 63] Number of clauses: 768700.
c [w = 63] Number of variables: 138800.
c [w = 63] SAT Solving starts:
c [w = 63] Solving duration: 107038 ms.
c [w = 63] Answer:
s [w = 63] SAT (w = 63).
c [w = 63] Solution check = 63.
c [w = 63] The solution is correct.
c [w = 63] Result: 10.
c [Main] Max width SAT is set to 63.
c [w = 65] Start task in PID: 185119.
c [w = 65] Cyclic Antibandwidth problem with w = 65 (p27_200_400):
c [w = 65] Initializing CaDiCaL (version 2.1.3).
c [w = 65] Configuring CaDiCaL as --sat (1).
c [w = 65] Encoding starts with w = 65:
c [w = 65] Symmetry breaking highest degree node is applied.
c [w = 65] Encoding duration: 521 ms.
c [w = 65] Number of clauses: 773900.
c [w = 65] Number of variables: 140400.
c [w = 65] SAT Solving starts:
c [Signal] Signal interruption. Caught signal: SIGTERM (15).
c [w = 64] Start task in PID: 185118.
c [w = 64] Cyclic Antibandwidth problem with w = 64 (p27_200_400):
c [w = 64] Initializing CaDiCaL (version 2.1.3).
c [w = 64] Configuring CaDiCaL as --sat (1).
c [w = 64] Encoding starts with w = 64:
c [w = 64] Symmetry breaking highest degree node is applied.
c [w = 64] Encoding duration: 513 ms.
c [w = 64] Number of clauses: 771300.
c [w = 64] Number of variables: 139600.
c [w = 64] SAT Solving starts:
c [Signal] Signal interruption. Caught signal: SIGTERM (15).
c [w = 66] Start task in PID: 185117.
c [w = 66] Cyclic Antibandwidth problem with w = 66 (p27_200_400):
c [w = 66] Initializing CaDiCaL (version 2.1.3).
c [w = 66] Configuring CaDiCaL as --sat (1).
c [w = 66] Encoding starts with w = 66:
c [w = 66] Symmetry breaking highest degree node is applied.
c [w = 66] Encoding duration: 522 ms.
c [w = 66] Number of clauses: 776500.
c [w = 66] Number of variables: 141200.
c [w = 66] SAT Solving starts:
c [Signal] Signal interruption. Caught signal: SIGTERM (15).
c [Main] Lim pid ends with result: 254.
c [Main] All children have completed.
r [Main] 
r [Main] Final results: 
r [Main] Max width SAT:  	63.
r [Main] Min width UNSAT:	67.
r [Main] Total real time: 150817 ms.
r [Main] Total memory consumed: 1726.4 MB.
r [Main] 
