c [Version] Cyclic Bandwidth Encoder version 1.0.0.
c [Param] Real time limit is set to 1800.
c [Param] Memory limit is set to 30000.
c [Param] Worker count is set to 4.
c [Main] Encoding and solving for graph: cbt_500.txt.
c [Main] Search strategy: Binary search using BFS.
c [Main] No predefined lower bound is found for cbt_500.txt.
c [Main] LB-w = 2 (default value).
c [Main] No predefined upper bound is found for cbt_500.txt.
c [Main] UB-w = 250 (default value calculated as n/2).
c [Main] Search order: 126 63 188 32 94 157 219 16 47 78 110 141 172 203 235 8 24 39 55 70 86 102 118 133 149 164 180 195 211 227 243 4 12 20 28 35 43 51 59 66 74 82 90 98 106 114 122 129 137 145 153 160 168 176 184 191 199 207 215 223 231 239 247 2 6 10 14 18 22 26 30 33 37 41 45 49 53 57 61 64 68 72 76 80 84 88 92 96 100 104 108 112 116 120 124 127 131 135 139 143 147 151 155 158 162 166 170 174 178 182 186 189 193 197 201 205 209 213 217 221 225 229 233 237 241 245 249 3 5 7 9 11 13 15 17 19 21 23 25 27 29 31 34 36 38 40 42 44 46 48 50 52 54 56 58 60 62 65 67 69 71 73 75 77 79 81 83 85 87 89 91 93 95 97 99 101 103 105 107 109 111 113 115 117 119 121 123 125 128 130 132 134 136 138 140 142 144 146 148 150 152 154 156 159 161 163 165 167 169 171 173 175 177 179 181 183 185 187 190 192 194 196 198 200 202 204 206 208 210 212 214 216 218 220 222 224 226 228 230 232 234 236 238 240 242 244 246 248 250.
c [w = 63] Start task in PID: 140598.
c [w = 63] Cyclic Antibandwidth problem with w = 63 (cbt_500.txt):
c [w = 63] Initializing CaDiCaL (version 2.1.3).
c [w = 63] Configuring CaDiCaL as --sat (1).
c [w = 63] Encoding starts with w = 63:
c [w = 63] Symmetry breaking highest degree node is applied.
c [w = 63] Encoding duration: 3222 ms.
c [w = 63] Number of clauses: 3566774.
c [w = 63] Number of variables: 783000.
c [w = 63] SAT Solving starts:
c [w = 63] Solving duration: 263 ms.
c [w = 63] Answer:
s [w = 63] SAT (w = 63).
c [w = 63] Solution check = 63.
c [w = 63] The solution is correct.
c [w = 63] Result: 10.
c [Main] Max width SAT is set to 63.
c [Main] Kill lower pid 32.
c [w = 32] Start task in PID: 140600.
c [w = 32] Cyclic Antibandwidth problem with w = 32 (cbt_500.txt):
c [w = 32] Initializing CaDiCaL (version 2.1.3).
c [w = 32] Configuring CaDiCaL as --sat (1).
c [w = 32] Encoding starts with w = 32:
c [w = 32] Symmetry breaking highest degree node is applied.
c [w = 32] Encoding duration: 3220 ms.
c [w = 32] Number of clauses: 3565298.
c [w = 32] Number of variables: 775000.
c [w = 32] SAT Solving starts:
c [w = 32] Solving duration: 288 ms.
c [w = 32] Answer:
s [w = 32] SAT (w = 32).
c [w = 32] Solution check = 32.
c [w = 32] The solution is correct.
c [Signal] Signal interruption. Caught signal: SIGTERM (15).
c [Main] Child pid 32 - 140600 terminated by signal 15.
c [w = 126] Start task in PID: 140597.
c [w = 126] Cyclic Antibandwidth problem with w = 126 (cbt_500.txt):
c [w = 126] Initializing CaDiCaL (version 2.1.3).
c [w = 126] Configuring CaDiCaL as --sat (1).
c [w = 126] Encoding starts with w = 126:
c [w = 126] Symmetry breaking highest degree node is applied.
c [w = 126] Encoding duration: 3260 ms.
c [w = 126] Number of clauses: 3609262.
c [w = 126] Number of variables: 789000.
c [w = 126] SAT Solving starts:
c [w = 126] Solving duration: 652 ms.
c [w = 126] Answer:
s [w = 126] SAT (w = 126).
c [w = 126] Solution check = 126.
c [w = 126] The solution is correct.
c [w = 126] Result: 10.
c [Main] Max width SAT is set to 126.
c [Main] Kill lower pid 94.
c [w = 94] Start task in PID: 140602.
c [w = 94] Cyclic Antibandwidth problem with w = 94 (cbt_500.txt):
c [w = 94] Initializing CaDiCaL (version 2.1.3).
c [w = 94] Configuring CaDiCaL as --sat (1).
c [w = 94] Encoding starts with w = 94:
c [w = 94] Symmetry breaking highest degree node is applied.
c [Signal] Signal interruption. Caught signal: SIGTERM (15).
c [Main] Child pid 94 - 140602 terminated by signal 15.
c [w = 141] Start task in PID: 140605.
c [w = 141] Cyclic Antibandwidth problem with w = 141 (cbt_500.txt):
c [w = 141] Initializing CaDiCaL (version 2.1.3).
c [w = 141] Configuring CaDiCaL as --sat (1).
c [w = 141] Encoding starts with w = 141:
c [w = 141] Symmetry breaking highest degree node is applied.
c [w = 141] Encoding duration: 1796 ms.
c [w = 141] Number of clauses: 3706762.
c [w = 141] Number of variables: 819000.
c [w = 141] SAT Solving starts:
c [w = 141] Solving duration: 631 ms.
c [w = 141] Answer:
s [w = 141] SAT (w = 141).
c [w = 141] Solution check = 141.
c [w = 141] The solution is correct.
c [w = 141] Result: 10.
c [Main] Max width SAT is set to 141.
c [w = 157] Start task in PID: 140603.
c [w = 157] Cyclic Antibandwidth problem with w = 157 (cbt_500.txt):
c [w = 157] Initializing CaDiCaL (version 2.1.3).
c [w = 157] Configuring CaDiCaL as --sat (1).
c [w = 157] Encoding starts with w = 157:
c [w = 157] Symmetry breaking highest degree node is applied.
c [w = 157] Encoding duration: 1822 ms.
c [w = 157] Number of clauses: 3810762.
c [w = 157] Number of variables: 851000.
c [w = 157] SAT Solving starts:
c [w = 157] Solving duration: 115407 ms.
c [w = 157] Answer:
s [w = 157] SAT (w = 157).
c [w = 157] Solution check = 157.
c [w = 157] The solution is correct.
c [w = 157] Result: 10.
c [Main] Max width SAT is set to 157.
c [w = 188] Start task in PID: 140599.
c [w = 188] Cyclic Antibandwidth problem with w = 188 (cbt_500.txt):
c [w = 188] Initializing CaDiCaL (version 2.1.3).
c [w = 188] Configuring CaDiCaL as --sat (1).
c [w = 188] Encoding starts with w = 188:
c [w = 188] Symmetry breaking highest degree node is applied.
c [w = 188] Encoding duration: 3409 ms.
c [w = 188] Number of clauses: 3734259.
c [w = 188] Number of variables: 820500.
c [w = 188] SAT Solving starts:
c [w = 188] Solving duration: 172370 ms.
c [w = 188] Answer:
s [w = 188] SAT (w = 188).
c [w = 188] Solution check = 188.
c [w = 188] The solution is correct.
c [w = 188] Result: 10.
c [Main] Max width SAT is set to 188.
c [Main] Kill lower pid 172.
c [w = 172] Start task in PID: 140606.
c [w = 172] Cyclic Antibandwidth problem with w = 172 (cbt_500.txt):
c [w = 172] Initializing CaDiCaL (version 2.1.3).
c [w = 172] Configuring CaDiCaL as --sat (1).
c [w = 172] Encoding starts with w = 172:
c [w = 172] Symmetry breaking highest degree node is applied.
c [w = 172] Encoding duration: 2577 ms.
c [w = 172] Number of clauses: 3654259.
c [w = 172] Number of variables: 796500.
c [w = 172] SAT Solving starts:
c [Signal] Signal interruption. Caught signal: SIGTERM (15).
c [Main] Child pid 172 - 140606 terminated by signal 15.
c [w = 203] Start task in PID: 140610.
c [w = 203] Cyclic Antibandwidth problem with w = 203 (cbt_500.txt):
c [w = 203] Initializing CaDiCaL (version 2.1.3).
c [w = 203] Configuring CaDiCaL as --sat (1).
c [w = 203] Encoding starts with w = 203:
c [w = 203] Symmetry breaking highest degree node is applied.
c [w = 203] Encoding duration: 1749 ms.
c [w = 203] Number of clauses: 3809259.
c [w = 203] Number of variables: 843000.
c [w = 203] SAT Solving starts:
c [w = 203] Solving duration: 156584 ms.
c [w = 203] Answer:
s [w = 203] SAT (w = 203).
c [w = 203] Solution check = 203.
c [w = 203] The solution is correct.
c [w = 203] Result: 10.
c [Main] Max width SAT is set to 203.
c [Main] Kill lower pid 195.
c [w = 195] Start task in PID: 140711.
c [w = 195] Cyclic Antibandwidth problem with w = 195 (cbt_500.txt):
c [w = 195] Initializing CaDiCaL (version 2.1.3).
c [w = 195] Configuring CaDiCaL as --sat (1).
c [w = 195] Encoding starts with w = 195:
c [w = 195] Symmetry breaking highest degree node is applied.
c [w = 195] Encoding duration: 2795 ms.
c [w = 195] Number of clauses: 3769259.
c [w = 195] Number of variables: 831000.
c [w = 195] SAT Solving starts:
c [Signal] Signal interruption. Caught signal: SIGTERM (15).
c [Main] Child pid 195 - 140711 terminated by signal 15.
c [w = 211] Start task in PID: 141290.
c [w = 211] Cyclic Antibandwidth problem with w = 211 (cbt_500.txt):
c [w = 211] Initializing CaDiCaL (version 2.1.3).
c [w = 211] Configuring CaDiCaL as --sat (1).
c [w = 211] Encoding starts with w = 211:
c [w = 211] Symmetry breaking highest degree node is applied.
c [w = 211] Encoding duration: 1797 ms.
c [w = 211] Number of clauses: 3849259.
c [w = 211] Number of variables: 855000.
c [w = 211] SAT Solving starts:
c [w = 211] Solving duration: 407041 ms.
c [w = 211] Answer:
s [w = 211] SAT (w = 211).
c [w = 211] Solution check = 211.
c [w = 211] The solution is correct.
c [w = 211] Result: 10.
c [Main] Max width SAT is set to 211.
c [w = 243] Start task in PID: 141307.
c [w = 243] Cyclic Antibandwidth problem with w = 243 (cbt_500.txt):
c [w = 243] Initializing CaDiCaL (version 2.1.3).
c [w = 243] Configuring CaDiCaL as --sat (1).
c [w = 243] Encoding starts with w = 243:
c [w = 243] Symmetry breaking highest degree node is applied.
c [w = 243] Encoding duration: 1863 ms.
c [w = 243] Number of clauses: 4009259.
c [w = 243] Number of variables: 903000.
c [w = 243] SAT Solving starts:
c [Signal] Signal interruption. Caught signal: SIGTERM (15).
c [w = 227] Start task in PID: 141291.
c [w = 227] Cyclic Antibandwidth problem with w = 227 (cbt_500.txt):
c [w = 227] Initializing CaDiCaL (version 2.1.3).
c [w = 227] Configuring CaDiCaL as --sat (1).
c [w = 227] Encoding starts with w = 227:
c [w = 227] Symmetry breaking highest degree node is applied.
c [w = 227] Encoding duration: 1830 ms.
c [w = 227] Number of clauses: 3929259.
c [w = 227] Number of variables: 879000.
c [w = 227] SAT Solving starts:
c [Signal] Signal interruption. Caught signal: SIGTERM (15).
c [w = 235] Start task in PID: 140647.
c [w = 235] Cyclic Antibandwidth problem with w = 235 (cbt_500.txt):
c [w = 235] Initializing CaDiCaL (version 2.1.3).
c [w = 235] Configuring CaDiCaL as --sat (1).
c [w = 235] Encoding starts with w = 235:
c [w = 235] Symmetry breaking highest degree node is applied.
c [w = 235] Encoding duration: 2986 ms.
c [w = 235] Number of clauses: 3969259.
c [w = 235] Number of variables: 891000.
c [w = 235] SAT Solving starts:
c [Signal] Signal interruption. Caught signal: SIGTERM (15).
c [w = 219] Start task in PID: 140604.
c [w = 219] Cyclic Antibandwidth problem with w = 219 (cbt_500.txt):
c [w = 219] Initializing CaDiCaL (version 2.1.3).
c [w = 219] Configuring CaDiCaL as --sat (1).
c [w = 219] Encoding starts with w = 219:
c [w = 219] Symmetry breaking highest degree node is applied.
c [w = 219] Encoding duration: 1962 ms.
c [w = 219] Number of clauses: 3889259.
c [w = 219] Number of variables: 867000.
c [w = 219] SAT Solving starts:
c [Signal] Signal interruption. Caught signal: SIGTERM (15).
c [Main] Lim pid ends with result: 254.
c [Main] All children have completed.
r [Main] 
r [Main] Final results: 
r [Main] Max width SAT:  	211.
r [Main] Min width UNSAT:	-.
r [Main] Total real time: 1809473 ms.
r [Main] Total memory consumed: 4950.3 MB.
r [Main] 
