c Cyclic Bandwidth Encoder version 1.0.0.
c Real time limit is set to 1800.
c Memory limit is set to 30000.
c Encoding and solving for graph: Q-494_bus.mtx.rnd
c Search strategy: from lower bound.
c Encoding and solving from lower bound.
c [w = 110] Start task in PID: 582355.
c [w = 110] Antibandwidth problem with w = 110 (Q-494_bus.mtx.rnd):
c [w = 110] Initializing CaDiCaL (version 2.1.3).
c [w = 110] Configuring CaDiCaL as --sat (1).
c [w = 110] Encoding starts with w = 110:
c [w = 110] Symmetry breaking highest degree node is applied.
c [w = 110] Encoding duration: 1702ms
c [w = 110] Number of clauses: 3772533
c [w = 110] Number of variables: 794846
c [w = 110] SAT Solving starts:
c [w = 110] Solving duration: 27557 ms
c [w = 110] Answer: 
s [w = 110] SAT (w = 110)
c [w = 110] Solution check = 110.
c [w = 110] The solution is correct.
c [w = 110] Result: 10
c Search strategy: from lower bound.
c Encoding and solving from lower bound.
c [w = 111] Start task in PID: 582427.
c [w = 111] Antibandwidth problem with w = 111 (Q-494_bus.mtx.rnd):
c [w = 111] Initializing CaDiCaL (version 2.1.3).
c [w = 111] Configuring CaDiCaL as --sat (1).
c [w = 111] Encoding starts with w = 111:
c [w = 111] Symmetry breaking highest degree node is applied.
c [w = 111] Encoding duration: 1797ms
c [w = 111] Number of clauses: 3780437
c [w = 111] Number of variables: 797316
c [w = 111] SAT Solving starts:
c [w = 111] Solving duration: 47633 ms
c [w = 111] Answer: 
s [w = 111] SAT (w = 111)
c [w = 111] Solution check = 111.
c [w = 111] The solution is correct.
c [w = 111] Result: 10
c Search strategy: from lower bound.
c Encoding and solving from lower bound.
c [w = 112] Start task in PID: 582489.
c [w = 112] Antibandwidth problem with w = 112 (Q-494_bus.mtx.rnd):
c [w = 112] Initializing CaDiCaL (version 2.1.3).
c [w = 112] Configuring CaDiCaL as --sat (1).
c [w = 112] Encoding starts with w = 112:
c [w = 112] Symmetry breaking highest degree node is applied.
c [w = 112] Encoding duration: 1717ms
c [w = 112] Number of clauses: 3788341
c [w = 112] Number of variables: 799786
c [w = 112] SAT Solving starts:
c [w = 112] Solving duration: 84667 ms
c [w = 112] Answer: 
s [w = 112] SAT (w = 112)
c [w = 112] Solution check = 112.
c [w = 112] The solution is correct.
c [w = 112] Result: 10
c Search strategy: from lower bound.
c Encoding and solving from lower bound.
c [w = 113] Start task in PID: 582546.
c [w = 113] Antibandwidth problem with w = 113 (Q-494_bus.mtx.rnd):
c [w = 113] Initializing CaDiCaL (version 2.1.3).
c [w = 113] Configuring CaDiCaL as --sat (1).
c [w = 113] Encoding starts with w = 113:
c [w = 113] Symmetry breaking highest degree node is applied.
c [w = 113] Encoding duration: 1911ms
c [w = 113] Number of clauses: 3796245
c [w = 113] Number of variables: 802256
c [w = 113] SAT Solving starts:
c [w = 113] Solving duration: 63355 ms
c [w = 113] Answer: 
s [w = 113] SAT (w = 113)
c [w = 113] Solution check = 113.
c [w = 113] The solution is correct.
c [w = 113] Result: 10
c Search strategy: from lower bound.
c Encoding and solving from lower bound.
c [w = 114] Start task in PID: 582600.
c [w = 114] Antibandwidth problem with w = 114 (Q-494_bus.mtx.rnd):
c [w = 114] Initializing CaDiCaL (version 2.1.3).
c [w = 114] Configuring CaDiCaL as --sat (1).
c [w = 114] Encoding starts with w = 114:
c [w = 114] Symmetry breaking highest degree node is applied.
c [w = 114] Encoding duration: 2320ms
c [w = 114] Number of clauses: 3804149
c [w = 114] Number of variables: 804726
c [w = 114] SAT Solving starts:
c [w = 114] Solving duration: 88007 ms
c [w = 114] Answer: 
s [w = 114] SAT (w = 114)
c [w = 114] Solution check = 114.
c [w = 114] The solution is correct.
c [w = 114] Result: 10
c Search strategy: from lower bound.
c Encoding and solving from lower bound.
c [w = 115] Start task in PID: 582660.
c [w = 115] Antibandwidth problem with w = 115 (Q-494_bus.mtx.rnd):
c [w = 115] Initializing CaDiCaL (version 2.1.3).
c [w = 115] Configuring CaDiCaL as --sat (1).
c [w = 115] Encoding starts with w = 115:
c [w = 115] Symmetry breaking highest degree node is applied.
c [w = 115] Encoding duration: 1937ms
c [w = 115] Number of clauses: 3812053
c [w = 115] Number of variables: 807196
c [w = 115] SAT Solving starts:
c [w = 115] Solving duration: 31403 ms
c [w = 115] Answer: 
s [w = 115] SAT (w = 115)
c [w = 115] Solution check = 115.
c [w = 115] The solution is correct.
c [w = 115] Result: 10
c Search strategy: from lower bound.
c Encoding and solving from lower bound.
c [w = 116] Start task in PID: 582712.
c [w = 116] Antibandwidth problem with w = 116 (Q-494_bus.mtx.rnd):
c [w = 116] Initializing CaDiCaL (version 2.1.3).
c [w = 116] Configuring CaDiCaL as --sat (1).
c [w = 116] Encoding starts with w = 116:
c [w = 116] Symmetry breaking highest degree node is applied.
c [w = 116] Encoding duration: 1826ms
c [w = 116] Number of clauses: 3819957
c [w = 116] Number of variables: 809666
c [w = 116] SAT Solving starts:
c [w = 116] Solving duration: 29904 ms
c [w = 116] Answer: 
s [w = 116] SAT (w = 116)
c [w = 116] Solution check = 116.
c [w = 116] The solution is correct.
c [w = 116] Result: 10
c Search strategy: from lower bound.
c Encoding and solving from lower bound.
c [w = 117] Start task in PID: 582769.
c [w = 117] Antibandwidth problem with w = 117 (Q-494_bus.mtx.rnd):
c [w = 117] Initializing CaDiCaL (version 2.1.3).
c [w = 117] Configuring CaDiCaL as --sat (1).
c [w = 117] Encoding starts with w = 117:
c [w = 117] Symmetry breaking highest degree node is applied.
c [w = 117] Encoding duration: 1743ms
c [w = 117] Number of clauses: 3827861
c [w = 117] Number of variables: 812136
c [w = 117] SAT Solving starts:
c [w = 117] Solving duration: 18386 ms
c [w = 117] Answer: 
s [w = 117] SAT (w = 117)
c [w = 117] Solution check = 117.
c [w = 117] The solution is correct.
c [w = 117] Result: 10
c Search strategy: from lower bound.
c Encoding and solving from lower bound.
c [w = 118] Start task in PID: 582832.
c [w = 118] Antibandwidth problem with w = 118 (Q-494_bus.mtx.rnd):
c [w = 118] Initializing CaDiCaL (version 2.1.3).
c [w = 118] Configuring CaDiCaL as --sat (1).
c [w = 118] Encoding starts with w = 118:
c [w = 118] Symmetry breaking highest degree node is applied.
c [w = 118] Encoding duration: 1822ms
c [w = 118] Number of clauses: 3835765
c [w = 118] Number of variables: 814606
c [w = 118] SAT Solving starts:
c [w = 118] Solving duration: 66789 ms
c [w = 118] Answer: 
s [w = 118] SAT (w = 118)
c [w = 118] Solution check = 118.
c [w = 118] The solution is correct.
c [w = 118] Result: 10
c Search strategy: from lower bound.
c Encoding and solving from lower bound.
c [w = 119] Start task in PID: 583562.
c [w = 119] Antibandwidth problem with w = 119 (Q-494_bus.mtx.rnd):
c [w = 119] Initializing CaDiCaL (version 2.1.3).
c [w = 119] Configuring CaDiCaL as --sat (1).
c [w = 119] Encoding starts with w = 119:
c [w = 119] Symmetry breaking highest degree node is applied.
c [w = 119] Encoding duration: 1767ms
c [w = 119] Number of clauses: 3843669
c [w = 119] Number of variables: 817076
c [w = 119] SAT Solving starts:
c [w = 119] Solving duration: 1689 ms
c [w = 119] Answer: 
s [w = 119] SAT (w = 119)
c [w = 119] Solution check = 119.
c [w = 119] The solution is correct.
c [w = 119] Result: 10
c Search strategy: from lower bound.
c Encoding and solving from lower bound.
c [w = 120] Start task in PID: 583587.
c [w = 120] Antibandwidth problem with w = 120 (Q-494_bus.mtx.rnd):
c [w = 120] Initializing CaDiCaL (version 2.1.3).
c [w = 120] Configuring CaDiCaL as --sat (1).
c [w = 120] Encoding starts with w = 120:
c [w = 120] Symmetry breaking highest degree node is applied.
c [w = 120] Encoding duration: 1799ms
c [w = 120] Number of clauses: 3851573
c [w = 120] Number of variables: 819546
c [w = 120] SAT Solving starts:
c [w = 120] Solving duration: 33337 ms
c [w = 120] Answer: 
s [w = 120] SAT (w = 120)
c [w = 120] Solution check = 120.
c [w = 120] The solution is correct.
c [w = 120] Result: 10
c Search strategy: from lower bound.
c Encoding and solving from lower bound.
c [w = 121] Start task in PID: 583636.
c [w = 121] Antibandwidth problem with w = 121 (Q-494_bus.mtx.rnd):
c [w = 121] Initializing CaDiCaL (version 2.1.3).
c [w = 121] Configuring CaDiCaL as --sat (1).
c [w = 121] Encoding starts with w = 121:
c [w = 121] Symmetry breaking highest degree node is applied.
c [w = 121] Encoding duration: 1880ms
c [w = 121] Number of clauses: 3859477
c [w = 121] Number of variables: 822016
c Search strategy: from lower bound.
c Encoding and solving from lower bound.
c [Lim] Sampler:	Memory: 994.5 MB	Real time: 10s	Elapsed time: 10s
c [Lim] Sampler:	Memory: 1044.3 MB	Real time: 20s	Elapsed time: 20s
c [Lim] Sampler:	Memory: 770.6 MB	Real time: 30.0001s	Elapsed time: 30.0001s
c [Lim] Sampler:	Memory: 1001.7 MB	Real time: 40s	Elapsed time: 40s
c [Lim] Sampler:	Memory: 979.7 MB	Real time: 49.9998s	Elapsed time: 49.9998s
c [Lim] Sampler:	Memory: 1011.6 MB	Real time: 59.9997s	Elapsed time: 59.9997s
c [Lim] Sampler:	Memory: 1046.4 MB	Real time: 69.9995s	Elapsed time: 69.9995s
c [Lim] Sampler:	Memory: 774.4 MB	Real time: 79.9994s	Elapsed time: 79.9994s
c [Lim] Sampler:	Memory: 1004.3 MB	Real time: 89.9992s	Elapsed time: 89.9992s
c [Lim] Sampler:	Memory: 1029.1 MB	Real time: 99.999s	Elapsed time: 99.999s
c [Lim] Sampler:	Memory: 1094.5 MB	Real time: 109.999s	Elapsed time: 109.999s
c [Lim] Sampler:	Memory: 999.4 MB	Real time: 119.999s	Elapsed time: 119.999s
c [Lim] Sampler:	Memory: 1149.8 MB	Real time: 129.999s	Elapsed time: 129.999s
c [Lim] Sampler:	Memory: 1027.8 MB	Real time: 139.999s	Elapsed time: 139.999s
c [Lim] Sampler:	Memory: 972.6 MB	Real time: 150s	Elapsed time: 150s
c [Lim] Sampler:	Memory: 1064.9 MB	Real time: 160.001s	Elapsed time: 160.001s
c [Lim] Sampler:	Memory: 829.7 MB	Real time: 170.001s	Elapsed time: 170.001s
c [Lim] Sampler:	Memory: 1003.6 MB	Real time: 180.002s	Elapsed time: 180.002s
c [Lim] Sampler:	Memory: 979.5 MB	Real time: 190.002s	Elapsed time: 190.002s
c [Lim] Sampler:	Memory: 1033.7 MB	Real time: 200.003s	Elapsed time: 200.003s
c [Lim] Sampler:	Memory: 1031.4 MB	Real time: 210.004s	Elapsed time: 210.004s
c [Lim] Sampler:	Memory: 1029.6 MB	Real time: 220.004s	Elapsed time: 220.004s
c [Lim] Sampler:	Memory: 1150.8 MB	Real time: 230.005s	Elapsed time: 230.005s
c [Lim] Sampler:	Memory: 950 MB	Real time: 240.005s	Elapsed time: 240.005s
c [Lim] Sampler:	Memory: 1003.1 MB	Real time: 250.006s	Elapsed time: 250.006s
c [Lim] Sampler:	Memory: 976.7 MB	Real time: 260.007s	Elapsed time: 260.007s
c [Lim] Sampler:	Memory: 1150.4 MB	Real time: 270.007s	Elapsed time: 270.007s
c [Lim] Sampler:	Memory: 1002.4 MB	Real time: 280.008s	Elapsed time: 280.008s
c [Lim] Sampler:	Memory: 1032.1 MB	Real time: 290.008s	Elapsed time: 290.008s
c [Lim] Sampler:	Memory: 1032.5 MB	Real time: 300.009s	Elapsed time: 300.009s
c [Lim] Sampler:	Memory: 1010.1 MB	Real time: 310.01s	Elapsed time: 310.01s
c [Lim] Sampler:	Memory: 1039.7 MB	Real time: 320.01s	Elapsed time: 320.01s
c [Lim] Sampler:	Memory: 951.5 MB	Real time: 330.011s	Elapsed time: 330.011s
c [Lim] Sampler:	Memory: 1004.8 MB	Real time: 340.012s	Elapsed time: 340.012s
c [Lim] Sampler:	Memory: 973 MB	Real time: 350.012s	Elapsed time: 350.012s
c [Lim] Sampler:	Memory: 741.8 MB	Real time: 360.013s	Elapsed time: 360.013s
c [Lim] Sampler:	Memory: 948.2 MB	Real time: 370.013s	Elapsed time: 370.013s
c [Lim] Sampler:	Memory: 1037.6 MB	Real time: 380.014s	Elapsed time: 380.014s
c [Lim] Sampler:	Memory: 1038 MB	Real time: 390.015s	Elapsed time: 390.015s
c [Lim] Sampler:	Memory: 1123.7 MB	Real time: 400.015s	Elapsed time: 400.015s
c [Lim] Sampler:	Memory: 1006.1 MB	Real time: 410.016s	Elapsed time: 410.016s
c [Lim] Sampler:	Memory: 1124.2 MB	Real time: 420.016s	Elapsed time: 420.016s
c [Lim] Sampler:	Memory: 1006.3 MB	Real time: 430.017s	Elapsed time: 430.017s
c [Lim] Sampler:	Memory: 1035.6 MB	Real time: 440.018s	Elapsed time: 440.018s
c [Lim] Sampler:	Memory: 1037.8 MB	Real time: 450.018s	Elapsed time: 450.018s
c [Lim] Sampler:	Memory: 1037.8 MB	Real time: 460.019s	Elapsed time: 460.019s
c [Lim] Sampler:	Memory: 1153.4 MB	Real time: 470.019s	Elapsed time: 470.019s
c [Lim] Sampler:	Memory: 1033.2 MB	Real time: 480.02s	Elapsed time: 480.02s
c [Lim] Sampler:	Memory: 961.3 MB	Real time: 490.021s	Elapsed time: 490.021s
c [Lim] Sampler:	Memory: 1016.2 MB	Real time: 500.021s	Elapsed time: 500.021s
c [Lim] Sampler:	Memory: 1041.2 MB	Real time: 510.022s	Elapsed time: 510.022s
c [Lim] Sampler:	Memory: 951.3 MB	Real time: 520.02s	Elapsed time: 520.02s
c [Lim] Sampler:	Memory: 1015.4 c [w = 121] SAT Solving starts:
c [w = 121] Solving duration: 26505 ms
c [w = 121] Answer: 
s [w = 121] SAT (w = 121)
c [w = 121] Solution check = 121.
c [w = 121] The solution is correct.
c [w = 121] Result: 10
c Search strategy: from lower bound.
c Encoding and solving from lower bound.
c [w = 122] Start task in PID: 583714.
c [w = 122] Antibandwidth problem with w = 122 (Q-494_bus.mtx.rnd):
c [w = 122] Initializing CaDiCaL (version 2.1.3).
c [w = 122] Configuring CaDiCaL as --sat (1).
c [w = 122] Encoding starts with w = 122:
c [w = 122] Symmetry breaking highest degree node is applied.
c [w = 122] Encoding duration: 1891ms
c [w = 122] Number of clauses: 3867381
c [w = 122] Number of variables: 824486
c [w = 122] SAT Solving starts:
c [w = 122] Solving duration: 28352 ms
c [w = 122] Answer: 
s [w = 122] SAT (w = 122)
c [w = 122] Solution check = 122.
c [w = 122] The solution is correct.
c [w = 122] Result: 10
c Search strategy: from lower bound.
c Encoding and solving from lower bound.
c [w = 123] Start task in PID: 583766.
c [w = 123] Antibandwidth problem with w = 123 (Q-494_bus.mtx.rnd):
c [w = 123] Initializing CaDiCaL (version 2.1.3).
c [w = 123] Configuring CaDiCaL as --sat (1).
c [w = 123] Encoding starts with w = 123:
c [w = 123] Symmetry breaking highest degree node is applied.
c [w = 123] Encoding duration: 1800ms
c [w = 123] Number of clauses: 3875285
c [w = 123] Number of variables: 826956
c [w = 123] SAT Solving starts:
c [w = 123] Solving duration: 91709 ms
c [w = 123] Answer: 
s [w = 123] SAT (w = 123)
c [w = 123] Solution check = 123.
c [w = 123] The solution is correct.
c [w = 123] Result: 10
c Search strategy: from lower bound.
c Encoding and solving from lower bound.
c [w = 124] Start task in PID: 583820.
c [w = 124] Antibandwidth problem with w = 124 (Q-494_bus.mtx.rnd):
c [w = 124] Initializing CaDiCaL (version 2.1.3).
c [w = 124] Configuring CaDiCaL as --sat (1).
c [w = 124] Encoding starts with w = 124:
c [w = 124] Symmetry breaking highest degree node is applied.
c [w = 124] Encoding duration: 1657ms
c [w = 124] Number of clauses: 3703155
c [w = 124] Number of variables: 769652
c [w = 124] SAT Solving starts:
c [w = 124] Solving duration: 43545 ms
c [w = 124] Answer: 
s [w = 124] SAT (w = 124)
c [w = 124] Solution check = 124.
c [w = 124] The solution is correct.
c [w = 124] Result: 10
c Search strategy: from lower bound.
c Encoding and solving from lower bound.
c [w = 125] Start task in PID: 583874.
c [w = 125] Antibandwidth problem with w = 125 (Q-494_bus.mtx.rnd):
c [w = 125] Initializing CaDiCaL (version 2.1.3).
c [w = 125] Configuring CaDiCaL as --sat (1).
c [w = 125] Encoding starts with w = 125:
c [w = 125] Symmetry breaking highest degree node is applied.
c [w = 125] Encoding duration: 1741ms
c [w = 125] Number of clauses: 3709577
c [w = 125] Number of variables: 771628
c [w = 125] SAT Solving starts:
c [w = 125] Solving duration: 27247 ms
c [w = 125] Answer: 
s [w = 125] SAT (w = 125)
c [w = 125] Solution check = 125.
c [w = 125] The solution is correct.
c [w = 125] Result: 10
c Search strategy: from lower bound.
c Encoding and solving from lower bound.
c [w = 126] Start task in PID: 583926.
c [w = 126] Antibandwidth problem with w = 126 (Q-494_bus.mtx.rnd):
c [w = 126] Initializing CaDiCaL (version 2.1.3).
c [w = 126] Configuring CaDiCaL as --sat (1).
c [w = 126] Encoding starts with w = 126:
c [w = 126] Symmetry breaking highest degree node is applied.
c [w = 126] Encoding duration: 1722ms
c [w = 126] Number of clauses: 3715999
c [w = 126] Number of variables: 773604
c [w = 126] SAT Solving starts:
c [w = 126] Solving duration: 5143 ms
c [w = 126] Answer: 
s [w = 126] SAT (w = 126)
c [w = 126] Solution check = 126.
c [w = 126] The solution is correct.
c [w = 126] Result: 10
c Search strategy: from lower bound.
c Encoding and solving from lower bound.
c [w = 127] Start task in PID: 583975.
c [w = 127] Antibandwidth problem with w = 127 (Q-494_bus.mtx.rnd):
c [w = 127] Initializing CaDiCaL (version 2.1.3).
c [w = 127] Configuring CaDiCaL as --sat (1).
c [w = 127] Encoding starts with w = 127:
c [w = 127] Symmetry breaking highest degree node is applied.
c [w = 127] Encoding duration: 1629ms
c [w = 127] Number of clauses: 3722421
c [w = 127] Number of variables: 775580
c [w = 127] SAT Solving starts:
c [w = 127] Solving duration: 82670 ms
c [w = 127] Answer: 
s [w = 127] SAT (w = 127)
c [w = 127] Solution check = 127.
c [w = 127] The solution is correct.
c [w = 127] Result: 10
c Search strategy: from lower bound.
c Encoding and solving from lower bound.
c [w = 128] Start task in PID: 584002.
c [w = 128] Antibandwidth problem with w = 128 (Q-494_bus.mtx.rnd):
c [w = 128] Initializing CaDiCaL (version 2.1.3).
c [w = 128] Configuring CaDiCaL as --sat (1).
c [w = 128] Encoding starts with w = 128:
c [w = 128] Symmetry breaking highest degree node is applied.
c [w = 128] Encoding duration: 1748ms
c [w = 128] Number of clauses: 3728843
c [w = 128] Number of variables: 777556
c [w = 128] SAT Solving starts:
c [w = 128] Solving duration: 89067 ms
c [w = 128] Answer: 
s [w = 128] SAT (w = 128)
c [w = 128] Solution check = 128.
c [w = 128] The solution is correct.
c [w = 128] Result: 10
c Search strategy: from lower bound.
c Encoding and solving from lower bound.
c [w = 129] Start task in PID: 584058.
c [w = 129] Antibandwidth problem with w = 129 (Q-494_bus.mtx.rnd):
c [w = 129] Initializing CaDiCaL (version 2.1.3).
c [w = 129] Configuring CaDiCaL as --sat (1).
c [w = 129] Encoding starts with w = 129:
c [w = 129] Symmetry breaking highest degree node is applied.
c [w = 129] Encoding duration: 1708ms
c [w = 129] Number of clauses: 3735265
c [w = 129] Number of variables: 779532
c [w = 129] SAT Solving starts:
c [w = 129] Solving duration: 73527 ms
c [w = 129] Answer: 
s [w = 129] SAT (w = 129)
c [w = 129] Solution check = 129.
c [w = 129] The solution is correct.
c [w = 129] Result: 10
c Search strategy: from lower bound.
c Encoding and solving from lower bound.
c [w = 130] Start task in PID: 584119.
c [w = 130] Antibandwidth problem with w = 130 (Q-494_bus.mtx.rnd):
c [w = 130] Initializing CaDiCaL (version 2.1.3).
c [w = 130] Configuring CaDiCaL as --sat (1).
c [w = 130] Encoding starts with w = 130:
c [w = 130] Symmetry breaking highest degree node is applied.
c [w = 130] Encoding duration: 1748ms
c [w = 130] Number of clauses: 3741687
c [w = 130] Number of variables: 781508
MB	Real time: 530.018s	Elapsed time: 530.018s
c [Lim] Sampler:	Memory: 1013.3 MB	Real time: 540.015s	Elapsed time: 540.015s
c [Lim] Sampler:	Memory: 127.4 MB	Real time: 550.013s	Elapsed time: 550.013s
c [Lim] Sampler:	Memory: 1016.6 MB	Real time: 560.01s	Elapsed time: 560.01s
c [Lim] Sampler:	Memory: 1043.8 MB	Real time: 570.008s	Elapsed time: 570.008s
c [Lim] Sampler:	Memory: 1040.8 MB	Real time: 580.005s	Elapsed time: 580.005s
c [Lim] Sampler:	Memory: 1018.4 MB	Real time: 590.003s	Elapsed time: 590.003s
c [Lim] Sampler:	Memory: 1087.7 MB	Real time: 600.001s	Elapsed time: 600.001s
c [Lim] Sampler:	Memory: 1169.8 MB	Real time: 609.998s	Elapsed time: 609.998s
c [Lim] Sampler:	Memory: 1017.9 MB	Real time: 619.996s	Elapsed time: 619.996s
c [Lim] Sampler:	Memory: 1168.3 MB	Real time: 629.993s	Elapsed time: 629.993s
c [Lim] Sampler:	Memory: 1047.1 MB	Real time: 639.991s	Elapsed time: 639.991s
c [Lim] Sampler:	Memory: 1012.8 MB	Real time: 649.988s	Elapsed time: 649.988s
c [Lim] Sampler:	Memory: 1185.4 MB	Real time: 659.986s	Elapsed time: 659.986s
c [Lim] Sampler:	Memory: 1064 MB	Real time: 669.983s	Elapsed time: 669.983s
c [Lim] Sampler:	Memory: 958.3 MB	Real time: 679.981s	Elapsed time: 679.981s
c [Lim] Sampler:	Memory: 982.8 MB	Real time: 689.979s	Elapsed time: 689.979s
c [Lim] Sampler:	Memory: 988.4 MB	Real time: 699.976s	Elapsed time: 699.976s
c [Lim] Sampler:	Memory: 965.6 MB	Real time: 709.974s	Elapsed time: 709.974s
c [Lim] Sampler:	Memory: 911.1 MB	Real time: 719.971s	Elapsed time: 719.971s
c [Lim] Sampler:	Memory: 982 MB	Real time: 729.969s	Elapsed time: 729.969s
c [Lim] Sampler:	Memory: 982.1 MB	Real time: 739.966s	Elapsed time: 739.966s
c [Lim] Sampler:	Memory: 749.6 MB	Real time: 749.964s	Elapsed time: 749.964s
c [Lim] Sampler:	Memory: 817.3 MB	Real time: 759.961s	Elapsed time: 759.961s
c [Lim] Sampler:	Memory: 988.6 MB	Real time: 769.959s	Elapsed time: 769.959s
c [Lim] Sampler:	Memory: 996.1 MB	Real time: 779.957s	Elapsed time: 779.957s
c [Lim] Sampler:	Memory: 996.5 MB	Real time: 789.954s	Elapsed time: 789.954s
c [Lim] Sampler:	Memory: 994.8 MB	Real time: 799.952s	Elapsed time: 799.952s
c [Lim] Sampler:	Memory: 1016.9 MB	Real time: 809.949s	Elapsed time: 809.949s
c [Lim] Sampler:	Memory: 1016.8 MB	Real time: 819.947s	Elapsed time: 819.947s
c [Lim] Sampler:	Memory: 1138.5 MB	Real time: 829.944s	Elapsed time: 829.944s
c [Lim] Sampler:	Memory: 1017.5 MB	Real time: 839.942s	Elapsed time: 839.942s
c [Lim] Sampler:	Memory: 1085.2 MB	Real time: 849.94s	Elapsed time: 849.94s
c [Lim] Sampler:	Memory: 990.7 MB	Real time: 859.937s	Elapsed time: 859.937s
c [Lim] Sampler:	Memory: 993 MB	Real time: 869.935s	Elapsed time: 869.935s
c [Lim] Sampler:	Memory: 934.3 MB	Real time: 879.932s	Elapsed time: 879.932s
c [Lim] Sampler:	Memory: 989.5 MB	Real time: 889.93s	Elapsed time: 889.93s
c [Lim] Sampler:	Memory: 998.2 MB	Real time: 899.927s	Elapsed time: 899.927s
c [Lim] Sampler:	Memory: 978.3 MB	Real time: 909.925s	Elapsed time: 909.925s
c [Lim] Sampler:	Memory: 1020.7 MB	Real time: 919.922s	Elapsed time: 919.922s
c [Lim] Sampler:	Memory: 1018.5 MB	Real time: 929.92s	Elapsed time: 929.92s
c [Lim] Sampler:	Memory: 962.8 MB	Real time: 939.918s	Elapsed time: 939.918s
c [Lim] Sampler:	Memory: 987.8 MB	Real time: 949.915s	Elapsed time: 949.915s
c [Lim] Sampler:	Memory: 990 MB	Real time: 959.913s	Elapsed time: 959.913s
c [Lim] Sampler:	Memory: 990.7 MB	Real time: 969.91s	Elapsed time: 969.91s
c [Lim] Sampler:	Memory: 988.8 MB	Real time: 979.908s	Elapsed time: 979.908s
c [Lim] Sampler:	Memory: 1109.1 MB	Real time: 989.905s	Elapsed time: 989.905s
c [Lim] Sampler:	Memory: 987.8 MB	Real time: 999.903s	Elapsed time: 999.903s
c [Lim] Sampler:	Memory: 326.9 MB	Real time: 1009.9s	Elapsed time: 1009.9s
c [Lim] Sampler:	Memory: 968 MB	Real time: 1019.9s	Elapsed time: 1019.9s
c [Lim] Sampler:	Memory: 1023.2 MB	Real time: 1029.9s	Elapsed time: 1029.9s
c [Lim] Sampler:	Memory: 996.3 MB	Real time: 1039.89s	Elapsed time: 1039.89s
c [Lim] Sampler:	Memory: 994.4 MB	Real time: 1049.89s	Elapsed time: 1049.89s
c [Lim] Sampler:	Memory: 1054.3 MB	Real time: 1059c [w = 130] SAT Solving starts:
c [w = 130] Solving duration: 113799 ms
c [w = 130] Answer: 
s [w = 130] SAT (w = 130)
c [w = 130] Solution check = 130.
c [w = 130] The solution is correct.
c [w = 130] Result: 10
c Search strategy: from lower bound.
c Encoding and solving from lower bound.
c [w = 131] Start task in PID: 584904.
c [w = 131] Antibandwidth problem with w = 131 (Q-494_bus.mtx.rnd):
c [w = 131] Initializing CaDiCaL (version 2.1.3).
c [w = 131] Configuring CaDiCaL as --sat (1).
c [w = 131] Encoding starts with w = 131:
c [w = 131] Symmetry breaking highest degree node is applied.
c [w = 131] Encoding duration: 1638ms
c [w = 131] Number of clauses: 3748109
c [w = 131] Number of variables: 783484
c [w = 131] SAT Solving starts:
c [w = 131] Solving duration: 95112 ms
c [w = 131] Answer: 
s [w = 131] SAT (w = 131)
c [w = 131] Solution check = 131.
c [w = 131] The solution is correct.
c [w = 131] Result: 10
c Search strategy: from lower bound.
c Encoding and solving from lower bound.
c [w = 132] Start task in PID: 584957.
c [w = 132] Antibandwidth problem with w = 132 (Q-494_bus.mtx.rnd):
c [w = 132] Initializing CaDiCaL (version 2.1.3).
c [w = 132] Configuring CaDiCaL as --sat (1).
c [w = 132] Encoding starts with w = 132:
c [w = 132] Symmetry breaking highest degree node is applied.
c [w = 132] Encoding duration: 1693ms
c [w = 132] Number of clauses: 3754531
c [w = 132] Number of variables: 785460
c [w = 132] SAT Solving starts:
c [w = 132] Solving duration: 109057 ms
c [w = 132] Answer: 
s [w = 132] SAT (w = 132)
c [w = 132] Solution check = 132.
c [w = 132] The solution is correct.
c [w = 132] Result: 10
c Search strategy: from lower bound.
c Encoding and solving from lower bound.
c [w = 133] Start task in PID: 585014.
c [w = 133] Antibandwidth problem with w = 133 (Q-494_bus.mtx.rnd):
c [w = 133] Initializing CaDiCaL (version 2.1.3).
c [w = 133] Configuring CaDiCaL as --sat (1).
c [w = 133] Encoding starts with w = 133:
c [w = 133] Symmetry breaking highest degree node is applied.
c [w = 133] Encoding duration: 1716ms
c [w = 133] Number of clauses: 3760953
c [w = 133] Number of variables: 787436
c [w = 133] SAT Solving starts:
c [w = 133] Solving duration: 86573 ms
c [w = 133] Answer: 
s [w = 133] SAT (w = 133)
c [w = 133] Solution check = 133.
c [w = 133] The solution is correct.
c [w = 133] Result: 10
c Search strategy: from lower bound.
c Encoding and solving from lower bound.
c [w = 134] Start task in PID: 585074.
c [w = 134] Antibandwidth problem with w = 134 (Q-494_bus.mtx.rnd):
c [w = 134] Initializing CaDiCaL (version 2.1.3).
c [w = 134] Configuring CaDiCaL as --sat (1).
c [w = 134] Encoding starts with w = 134:
c [w = 134] Symmetry breaking highest degree node is applied.
c [w = 134] Encoding duration: 1680ms
c [w = 134] Number of clauses: 3767375
c [w = 134] Number of variables: 789412
c [w = 134] SAT Solving starts:
c [w = 134] Solving duration: 30028 ms
c [w = 134] Answer: 
s [w = 134] SAT (w = 134)
c [w = 134] Solution check = 134.
c [w = 134] The solution is correct.
c [w = 134] Result: 10
c Search strategy: from lower bound.
c Encoding and solving from lower bound.
c [w = 135] Start task in PID: 585131.
c [w = 135] Antibandwidth problem with w = 135 (Q-494_bus.mtx.rnd):
c [w = 135] Initializing CaDiCaL (version 2.1.3).
c [w = 135] Configuring CaDiCaL as --sat (1).
c [w = 135] Encoding starts with w = 135:
c [w = 135] Symmetry breaking highest degree node is applied.
c [w = 135] Encoding duration: 1672ms
c [w = 135] Number of clauses: 3773797
c [w = 135] Number of variables: 791388
c [w = 135] SAT Solving starts:
c [w = 135] Solving duration: 68153 ms
c [w = 135] Answer: 
s [w = 135] SAT (w = 135)
c [w = 135] Solution check = 135.
c [w = 135] The solution is correct.
c [w = 135] Result: 10
c Search strategy: from lower bound.
c Encoding and solving from lower bound.
c [w = 136] Start task in PID: 585188.
c [w = 136] Antibandwidth problem with w = 136 (Q-494_bus.mtx.rnd):
c [w = 136] Initializing CaDiCaL (version 2.1.3).
c [w = 136] Configuring CaDiCaL as --sat (1).
c [w = 136] Encoding starts with w = 136:
c [w = 136] Symmetry breaking highest degree node is applied.
c [w = 136] Encoding duration: 1712ms
c [w = 136] Number of clauses: 3780219
c [w = 136] Number of variables: 793364
.89s	Elapsed time: 1059.89s
c [Lim] Sampler:	Memory: 1008.1 MB	Real time: 1069.89s	Elapsed time: 1069.89s
c [Lim] Sampler:	Memory: 1011.1 MB	Real time: 1079.88s	Elapsed time: 1079.88s
c [Lim] Sampler:	Memory: 1014.7 MB	Real time: 1089.88s	Elapsed time: 1089.88s
c [Lim] Sampler:	Memory: 1022.4 MB	Real time: 1099.88s	Elapsed time: 1099.88s
c [Lim] Sampler:	Memory: 1050.3 MB	Real time: 1109.88s	Elapsed time: 1109.88s
c [Lim] Sampler:	Memory: 1058.6 MB	Real time: 1119.87s	Elapsed time: 1119.87s
c [Lim] Sampler:	Memory: 965.4 MB	Real time: 1129.87s	Elapsed time: 1129.87s
c [Lim] Sampler:	Memory: 1007.3 MB	Real time: 1139.87s	Elapsed time: 1139.87s
c [Lim] Sampler:	Memory: 1009.2 MB	Real time: 1149.87s	Elapsed time: 1149.87s
c [Lim] Sampler:	Memory: 1010.2 MB	Real time: 1159.86s	Elapsed time: 1159.86s
c [Lim] Sampler:	Memory: 1008.4 MB	Real time: 1169.86s	Elapsed time: 1169.86s
c [Lim] Sampler:	Memory: 1008.2 MB	Real time: 1179.86s	Elapsed time: 1179.86s
c [Lim] Sampler:	Memory: 1027 MB	Real time: 1189.86s	Elapsed time: 1189.86s
c [Lim] Sampler:	Memory: 1031.2 MB	Real time: 1199.85s	Elapsed time: 1199.85s
c [Lim] Sampler:	Memory: 999.7 MB	Real time: 1209.85s	Elapsed time: 1209.85s
c [Lim] Sampler:	Memory: 1037.1 MB	Real time: 1219.85s	Elapsed time: 1219.85s
c [Lim] Sampler:	Memory: 967.5 MB	Real time: 1229.85s	Elapsed time: 1229.85s
c [Lim] Sampler:	Memory: 996 MB	Real time: 1239.84s	Elapsed time: 1239.84s
c [Lim] Sampler:	Memory: 997 MB	Real time: 1249.84s	Elapsed time: 1249.84s
c [Lim] Sampler:	Memory: 937.3 MB	Real time: 1259.84s	Elapsed time: 1259.84s
c [Lim] Sampler:	Memory: 994.8 MB	Real time: 1269.84s	Elapsed time: 1269.84s
c [Lim] Sampler:	Memory: 995.8 MB	Real time: 1279.83s	Elapsed time: 1279.83s
c [Lim] Sampler:	Memory: 1005.2 MB	Real time: 1289.83s	Elapsed time: 1289.83s
c [Lim] Sampler:	Memory: 1008 MB	Real time: 1299.83s	Elapsed time: 1299.83s
c [Lim] Sampler:	Memory: 1020.3 MB	Real time: 1309.83s	Elapsed time: 1309.83s
c [Lim] Sampler:	Memory: 1045 MB	Real time: 1319.82s	Elapsed time: 1319.82s
c [Lim] Sampler:	Memory: 1048.4 MB	Real time: 1329.82s	Elapsed time: 1329.82s
c [Lim] Sampler:	Memory: 1089.9 MB	Real time: 1339.82s	Elapsed time: 1339.82s
c [Lim] Sampler:	Memory: 1000.4 MB	Real time: 1349.82s	Elapsed time: 1349.82s
c [Lim] Sampler:	Memory: 1003.6 MB	Real time: 1359.82s	Elapsed time: 1359.82s
c [Lim] Sampler:	Memory: 1009.2 MB	Real time: 1369.81s	Elapsed time: 1369.81s
c [Lim] Sampler:	Memory: 1007.3 MB	Real time: 1379.81s	Elapsed time: 1379.81s
c [Lim] Sampler:	Memory: 1006.8 MB	Real time: 1389.81s	Elapsed time: 1389.81s
c [Lim] Sampler:	Memory: 1025.8 MB	Real time: 1399.81s	Elapsed time: 1399.81s
c [Lim] Sampler:	Memory: 1026.2 MB	Real time: 1409.8s	Elapsed time: 1409.8s
c [Lim] Sampler:	Memory: 1034.2 MB	Real time: 1419.8s	Elapsed time: 1419.8s
c [Lim] Sampler:	Memory: 1109.9 MB	Real time: 1429.8s	Elapsed time: 1429.8s
c [Lim] Sampler:	Memory: 971.6 MB	Real time: 1439.8s	Elapsed time: 1439.8s
c [Lim] Sampler:	Memory: 1002.6 MB	Real time: 1449.79s	Elapsed time: 1449.79s
c [Lim] Sampler:	Memory: 943.6 MB	Real time: 1459.79s	Elapsed time: 1459.79s
c [Lim] Sampler:	Memory: 1003.8 MB	Real time: 1469.79s	Elapsed time: 1469.79s
c [Lim] Sampler:	Memory: 1001.2 MB	Real time: 1479.79s	Elapsed time: 1479.79s
c [Lim] Sampler:	Memory: 1001 MB	Real time: 1489.78s	Elapsed time: 1489.78s
c [Lim] Sampler:	Memory: 1001.3 MB	Real time: 1499.78s	Elapsed time: 1499.78s
c [Lim] Sampler:	Memory: 1002.9 MB	Real time: 1509.78s	Elapsed time: 1509.78s
c [Lim] Sampler:	Memory: 1011.3 MB	Real time: 1519.78s	Elapsed time: 1519.78s
c [Lim] Sampler:	Memory: 945.7 MB	Real time: 1529.77s	Elapsed time: 1529.67s
c [Lim] Sampler:	Memory: 1061.4 MB	Real time: 1539.77s	Elapsed time: 1539.67s
c [Lim] Sampler:	Memory: 1047.5 MB	Real time: 1549.77s	Elapsed time: 1549.67s
c [Lim] Sampler:	Memory: 1009.3 MB	Real time: 1559.77s	Elapsed time: 1559.67s
c [Lim] Sampler:	Memory: 1009.6 MB	Real time: 1569.76s	Elapsed time: 1569.66s
c [Lim] Sampler:	Memory: 1009.8 MB	Real time: 1579.76s	Elapsed time: 1579.66s
c [Lim] Sampler:	Memory: 1049.4 MB	Real timc [w = 136] SAT Solving starts:
c [w = 136] Solving duration: 112200 ms
c [w = 136] Answer: 
s [w = 136] SAT (w = 136)
c [w = 136] Solution check = 136.
c [w = 136] The solution is correct.
c [w = 136] Result: 10
c Search strategy: from lower bound.
c Encoding and solving from lower bound.
c [w = 137] Start task in PID: 585313.
c [w = 137] Antibandwidth problem with w = 137 (Q-494_bus.mtx.rnd):
c [w = 137] Initializing CaDiCaL (version 2.1.3).
c [w = 137] Configuring CaDiCaL as --sat (1).
c [w = 137] Encoding starts with w = 137:
c [w = 137] Symmetry breaking highest degree node is applied.
c [w = 137] Encoding duration: 1718ms
c [w = 137] Number of clauses: 3786641
c [w = 137] Number of variables: 795340
e: 1589.76s	Elapsed time: 1589.66s
c [Lim] Sampler:	Memory: 1050.5 MB	Real time: 1599.76s	Elapsed time: 1599.66s
c [Lim] Sampler:	Memory: 1051.6 MB	Real time: 1609.75s	Elapsed time: 1609.65s
c [Lim] Sampler:	Memory: 1047 MB	Real time: 1619.75s	Elapsed time: 1619.65s
c [Lim] Sampler:	Memory: 1048.8 MB	Real time: 1629.75s	Elapsed time: 1629.65s
c [Lim] Sampler:	Memory: 559.9 MB	Real time: 1639.75s	Elapsed time: 1639.65s
c [Lim] Sampler:	Memory: 998.7 MB	Real time: 1649.74s	Elapsed time: 1649.64s
c [Lim] Sampler:	Memory: 1041.1 MB	Real time: 1659.74s	Elapsed time: 1659.64s
c [Lim] Sampler:	Memory: 1009.6 MB	Real time: 1669.74s	Elapsed time: 1669.64s
c [Lim] Sampler:	Memory: 978.9 MB	Real time: 1679.74s	Elapsed time: 1679.64s
c [Lim] Sampler:	Memory: 1010.8 MB	Real time: 1689.73s	Elapsed time: 1689.63s
c [Lim] Sampler:	Memory: 1012.3 MB	Real time: 1699.73s	Elapsed time: 1699.63s
c [Lim] Sampler:	Memory: 1052.5 MB	Real time: 1709.73s	Elapsed time: 1709.63s
c [Lim] Sampler:	Memory: 1052 MB	Real time: 1719.73s	Elapsed time: 1719.63s
c [Lim] Sampler:	Memory: 1022.4 MB	Real time: 1729.72s	Elapsed time: 1729.62s
c [Lim] Sampler:	Memory: 1045.2 MB	Real time: 1739.72s	Elapsed time: 1739.62s
c [Lim] Sampler:	Memory: 1049.5 MB	Real time: 1749.72s	Elapsed time: 1749.62s
c [Lim] Sampler:	Memory: 1080.7 MB	Real time: 1759.72s	Elapsed time: 1759.62s
c [Lim] Sampler:	Memory: 1082.2 MB	Real time: 1769.71s	Elapsed time: 1769.61s
c [Lim] Sampler:	Memory: 1082.3 MB	Real time: 1779.71s	Elapsed time: 1779.61s
c [Lim] Sampler:	Memory: 1080.6 MB	Real time: 1789.71s	Elapsed time: 1789.61s
c [Lim] Sampler:	Memory: 1131 MB	Real time: 1799.71s	Elapsed time: 1799.61s
c [w = 137] SAT Solving starts:
c [w = 137] Solving duration: 159778 ms
c [w = 137] Answer: 
s [w = 137] SAT (w = 137)
c [w = 137] Solution check = 137.
c [w = 137] The solution is correct.
c Signal interruption. Caught signal: SIGTERM (15)
c Search strategy: from lower bound.
c Encoding and solving from lower bound.
c [Lim] End with result: 254
c All children have completed.
r
r Final results: 
r Max width SAT:  	136
r Min width UNSAT:	-
r Total real time: 1806722 ms
r Total memory consumed: 1257.4 MB
r
r
