c [Version] Cyclic Bandwidth Encoder version 1.0.0.
c [Param] Real time limit is set to 150.
c [Param] Memory limit is set to 30000.
c [Param] Worker count is set to 4.
c [Main] Encoding and solving for graph: cbt_950.txt.
c [Main] Search strategy: Binary search using BFS.
c [Main] No predefined lower bound is found for cbt_950.txt.
c [Main] LB-w = 2 (default value).
c [Main] No predefined upper bound is found for cbt_950.txt.
c [Main] UB-w = 475 (default value calculated as n/2).
c [Main] Search order: 238 119 357 60 178 297 416 30 89 148 208 267 327 386 446 15 45 74 104 133 163 193 223 252 282 312 342 371 401 431 461 8 22 37 52 67 81 96 111 126 140 155 170 185 200 215 230 245 259 274 289 304 319 334 349 364 378 393 408 423 438 453 468 4 11 18 26 33 41 48 56 63 70 77 85 92 100 107 115 122 129 136 144 151 159 166 174 181 189 196 204 211 219 226 234 241 248 255 263 270 278 285 293 300 308 315 323 330 338 345 353 360 367 374 382 389 397 404 412 419 427 434 442 449 457 464 472 2 6 9 13 16 20 24 28 31 35 39 43 46 50 54 58 61 65 68 72 75 79 83 87 90 94 98 102 105 109 113 117 120 124 127 131 134 138 142 146 149 153 157 161 164 168 172 176 179 183 187 191 194 198 202 206 209 213 217 221 224 228 232 236 239 243 246 250 253 257 261 265 268 272 276 280 283 287 291 295 298 302 306 310 313 317 321 325 328 332 336 340 343 347 351 355 358 362 365 369 372 376 380 384 387 391 395 399 402 406 410 414 417 421 425 429 432 436 440 444 447 451 455 459 462 466 470 474 3 5 7 10 12 14 17 19 21 23 25 27 29 32 34 36 38 40 42 44 47 49 51 53 55 57 59 62 64 66 69 71 73 76 78 80 82 84 86 88 91 93 95 97 99 101 103 106 108 110 112 114 116 118 121 123 125 128 130 132 135 137 139 141 143 145 147 150 152 154 156 158 160 162 165 167 169 171 173 175 177 180 182 184 186 188 190 192 195 197 199 201 203 205 207 210 212 214 216 218 220 222 225 227 229 231 233 235 237 240 242 244 247 249 251 254 256 258 260 262 264 266 269 271 273 275 277 279 281 284 286 288 290 292 294 296 299 301 303 305 307 309 311 314 316 318 320 322 324 326 329 331 333 335 337 339 341 344 346 348 350 352 354 356 359 361 363 366 368 370 373 375 377 379 381 383 385 388 390 392 394 396 398 400 403 405 407 409 411 413 415 418 420 422 424 426 428 430 433 435 437 439 441 443 445 448 450 452 454 456 458 460 463 465 467 469 471 473 475.
c [w = 119] Start task in PID: 197251.
c [w = 119] Cyclic Antibandwidth problem with w = 119 (cbt_950.txt):
c [w = 119] Initializing CaDiCaL (version 2.1.3).
c [w = 119] Configuring CaDiCaL as --sat (1).
c [w = 119] Encoding starts with w = 119:
c [w = 119] Symmetry breaking highest degree node is applied.
c [w = 119] Encoding duration: 5610 ms.
c [w = 119] Number of clauses: 12857799.
c [w = 119] Number of variables: 2800600.
c [w = 119] SAT Solving starts:
c [w = 119] Solving duration: 781 ms.
c [w = 119] Answer:
s [w = 119] SAT (w = 119).
c [w = 119] Solution check = 119.
c [w = 119] The solution is correct.
c [w = 119] Result: 10.
c [Main] Max width SAT is set to 119.
c [Main] Kill lower pid 60.
c [w = 60] Start task in PID: 197253.
c [w = 60] Cyclic Antibandwidth problem with w = 60 (cbt_950.txt):
c [w = 60] Initializing CaDiCaL (version 2.1.3).
c [w = 60] Configuring CaDiCaL as --sat (1).
c [w = 60] Encoding starts with w = 60:
c [w = 60] Symmetry breaking highest degree node is applied.
c [w = 60] Encoding duration: 5632 ms.
c [w = 60] Number of clauses: 12828373.
c [w = 60] Number of variables: 2785400.
c [w = 60] SAT Solving starts:
c [w = 60] Solving duration: 814 ms.
c [w = 60] Answer:
s [w = 60] SAT (w = 60).
c [w = 60] Solution check = 60.
c [w = 60] The solution is correct.
c [Signal] Signal interruption. Caught signal: SIGTERM (15).
c [Main] Child pid 60 - 197253 terminated by signal 15.
c [w = 238] Start task in PID: 197250.
c [w = 238] Cyclic Antibandwidth problem with w = 238 (cbt_950.txt):
c [w = 238] Initializing CaDiCaL (version 2.1.3).
c [w = 238] Configuring CaDiCaL as --sat (1).
c [w = 238] Encoding starts with w = 238:
c [w = 238] Symmetry breaking highest degree node is applied.
c [w = 238] Encoding duration: 5701 ms.
c [w = 238] Number of clauses: 12991737.
c [w = 238] Number of variables: 2812000.
c [w = 238] SAT Solving starts:
c [w = 238] Solving duration: 1333 ms.
c [w = 238] Answer:
s [w = 238] SAT (w = 238).
c [w = 238] Solution check = 238.
c [w = 238] The solution is correct.
c [w = 238] Result: 10.
c [Main] Max width SAT is set to 238.
c [Main] Kill lower pid 178.
c [w = 178] Start task in PID: 197257.
c [w = 178] Cyclic Antibandwidth problem with w = 178 (cbt_950.txt):
c [w = 178] Initializing CaDiCaL (version 2.1.3).
c [w = 178] Configuring CaDiCaL as --sat (1).
c [w = 178] Encoding starts with w = 178:
c [w = 178] Symmetry breaking highest degree node is applied.
c [Signal] Signal interruption. Caught signal: SIGTERM (15).
c [Main] Child pid 178 - 197257 terminated by signal 15.
c [w = 297] Start task in PID: 197258.
c [w = 297] Cyclic Antibandwidth problem with w = 297 (cbt_950.txt):
c [w = 297] Initializing CaDiCaL (version 2.1.3).
c [w = 297] Configuring CaDiCaL as --sat (1).
c [w = 297] Encoding starts with w = 297:
c [w = 297] Symmetry breaking highest degree node is applied.
c [w = 297] Encoding duration: 6114 ms.
c [w = 297] Number of clauses: 13720387.
c [w = 297] Number of variables: 3036200.
c [w = 297] SAT Solving starts:
c [w = 297] Solving duration: 2209 ms.
c [w = 297] Answer:
s [w = 297] SAT (w = 297).
c [w = 297] Solution check = 297.
c [w = 297] The solution is correct.
c [w = 297] Result: 10.
c [w = 267] Start task in PID: 197260.
c [w = 267] Cyclic Antibandwidth problem with w = 267 (cbt_950.txt):
c [w = 267] Initializing CaDiCaL (version 2.1.3).
c [w = 267] Configuring CaDiCaL as --sat (1).
c [w = 267] Encoding starts with w = 267:
c [w = 267] Symmetry breaking highest degree node is applied.
c [w = 267] Encoding duration: 5839 ms.
c [w = 267] Number of clauses: 13349887.
c [w = 267] Number of variables: 2922200.
c [w = 267] SAT Solving starts:
c [w = 267] Solving duration: 2137 ms.
c [w = 267] Answer:
s [w = 267] SAT (w = 267).
c [w = 267] Solution check = 267.
c [w = 267] The solution is correct.
c [w = 267] Result: 10.
c [Main] Max width SAT is set to 297.
c [Main] Kill lower pid 267.
c [w = 386] Start task in PID: 197265.
c [w = 386] Cyclic Antibandwidth problem with w = 386 (cbt_950.txt):
c [w = 386] Initializing CaDiCaL (version 2.1.3).
c [w = 386] Configuring CaDiCaL as --sat (1).
c [w = 386] Encoding starts with w = 386:
c [w = 386] Symmetry breaking highest degree node is applied.
c [w = 386] Encoding duration: 6046 ms.
c [w = 386] Number of clauses: 13727034.
c [w = 386] Number of variables: 3010550.
c [w = 386] SAT Solving starts:
c [Signal] Signal interruption. Caught signal: SIGTERM (15).
c [w = 327] Start task in PID: 197264.
c [w = 327] Cyclic Antibandwidth problem with w = 327 (cbt_950.txt):
c [w = 327] Initializing CaDiCaL (version 2.1.3).
c [w = 327] Configuring CaDiCaL as --sat (1).
c [w = 327] Encoding starts with w = 327:
c [w = 327] Symmetry breaking highest degree node is applied.
c [w = 327] Encoding duration: 5820 ms.
c [w = 327] Number of clauses: 13166534.
c [w = 327] Number of variables: 2842400.
c [w = 327] SAT Solving starts:
c [Signal] Signal interruption. Caught signal: SIGTERM (15).
c [w = 416] Start task in PID: 197259.
c [w = 416] Cyclic Antibandwidth problem with w = 416 (cbt_950.txt):
c [w = 416] Initializing CaDiCaL (version 2.1.3).
c [w = 416] Configuring CaDiCaL as --sat (1).
c [w = 416] Encoding starts with w = 416:
c [w = 416] Symmetry breaking highest degree node is applied.
c [w = 416] Encoding duration: 6281 ms.
c [w = 416] Number of clauses: 14012034.
c [w = 416] Number of variables: 3096050.
c [w = 416] SAT Solving starts:
c [Signal] Signal interruption. Caught signal: SIGTERM (15).
c [w = 357] Start task in PID: 197252.
c [w = 357] Cyclic Antibandwidth problem with w = 357 (cbt_950.txt):
c [w = 357] Initializing CaDiCaL (version 2.1.3).
c [w = 357] Configuring CaDiCaL as --sat (1).
c [w = 357] Encoding starts with w = 357:
c [w = 357] Symmetry breaking highest degree node is applied.
c [w = 357] Encoding duration: 5886 ms.
c [w = 357] Number of clauses: 13451534.
c [w = 357] Number of variables: 2927900.
c [w = 357] SAT Solving starts:
c [Signal] Signal interruption. Caught signal: SIGTERM (15).
c [Main] Lim pid ends with result: 254.
c [Main] All children have completed.
r [Main] 
r [Main] Final results: 
r [Main] Max width SAT:  	297.
r [Main] Min width UNSAT:	-.
r [Main] Total real time: 150815 ms.
r [Main] Total memory consumed: 14622.5 MB.
r [Main] 
