c [Version] Cyclic Bandwidth Encoder version 1.0.0.
c [Param] Real time limit is set to 150.
c [Param] Memory limit is set to 30000.
c [Param] Worker count is set to 4.
c [Main] Encoding and solving for graph: cbt_49.txt.
c [Main] Search strategy: Binary search using BFS.
c [Main] No predefined lower bound is found for cbt_49.txt.
c [Main] LB-w = 2 (default value).
c [Main] No predefined upper bound is found for cbt_49.txt.
c [Main] UB-w = 24 (default value calculated as n/2).
c [Main] Search order: 13 7 19 4 10 16 22 2 5 8 11 14 17 20 23 3 6 9 12 15 18 21 24.
c [w = 4] Start task in PID: 196348.
c [w = 4] Cyclic Antibandwidth problem with w = 4 (cbt_49.txt):
c [w = 4] Initializing CaDiCaL (version 2.1.3).
c [w = 4] Configuring CaDiCaL as --sat (1).
c [w = 4] Encoding starts with w = 4:
c [w = 4] Symmetry breaking highest degree node is applied.
c [w = 4] Encoding duration: 12 ms.
c [w = 4] Number of clauses: 32109.
c [w = 4] Number of variables: 6566.
c [w = 4] SAT Solving starts:
c [w = 4] Solving duration: 0 ms.
c [w = 4] Answer:
s [w = 4] SAT (w = 4).
c [w = 4] Solution check = 4.
c [w = 4] The solution is correct.
c [w = 4] Result: 10.
c [Main] Max width SAT is set to 4.
c [w = 7] Start task in PID: 196346.
c [w = 7] Cyclic Antibandwidth problem with w = 7 (cbt_49.txt):
c [w = 7] Initializing CaDiCaL (version 2.1.3).
c [w = 7] Configuring CaDiCaL as --sat (1).
c [w = 7] Encoding starts with w = 7:
c [w = 7] Symmetry breaking highest degree node is applied.
c [w = 7] Encoding duration: 13 ms.
c [w = 7] Number of clauses: 32483.
c [w = 7] Number of variables: 7350.
c [w = 7] SAT Solving starts:
c [w = 7] Solving duration: 1 ms.
c [w = 7] Answer:
s [w = 7] SAT (w = 7).
c [w = 7] Solution check = 7.
c [w = 7] The solution is correct.
c [w = 7] Result: 10.
c [Main] Max width SAT is set to 7.
c [w = 13] Start task in PID: 196345.
c [w = 13] Cyclic Antibandwidth problem with w = 13 (cbt_49.txt):
c [w = 13] Initializing CaDiCaL (version 2.1.3).
c [w = 13] Configuring CaDiCaL as --sat (1).
c [w = 13] Encoding starts with w = 13:
c [w = 13] Symmetry breaking highest degree node is applied.
c [w = 13] Encoding duration: 14 ms.
c [w = 13] Number of clauses: 34091.
c [w = 13] Number of variables: 7938.
c [w = 13] SAT Solving starts:
c [w = 13] Solving duration: 1 ms.
c [w = 13] Answer:
s [w = 13] SAT (w = 13).
c [w = 13] Solution check = 13.
c [w = 13] The solution is correct.
c [w = 13] Result: 10.
c [Main] Max width SAT is set to 13.
c [Main] Kill lower pid 10.
c [w = 10] Start task in PID: 196349.
c [w = 10] Cyclic Antibandwidth problem with w = 10 (cbt_49.txt):
c [w = 10] Initializing CaDiCaL (version 2.1.3).
c [w = 10] Configuring CaDiCaL as --sat (1).
c [w = 10] Encoding starts with w = 10:
c [w = 10] Symmetry breaking highest degree node is applied.
c [Signal] Signal interruption. Caught signal: SIGTERM (15).
c [Main] Child pid 10 - 196349 terminated by signal 15.
c [w = 14] Start task in PID: 196352.
c [w = 14] Cyclic Antibandwidth problem with w = 14 (cbt_49.txt):
c [w = 14] Initializing CaDiCaL (version 2.1.3).
c [w = 14] Configuring CaDiCaL as --sat (1).
c [w = 14] Encoding starts with w = 14:
c [w = 14] Symmetry breaking highest degree node is applied.
c [w = 14] Encoding duration: 13 ms.
c [w = 14] Number of clauses: 34728.
c [w = 14] Number of variables: 8134.
c [w = 14] SAT Solving starts:
c [w = 14] Solving duration: 0 ms.
c [w = 14] Answer:
s [w = 14] SAT (w = 14).
c [w = 14] Solution check = 14.
c [w = 14] The solution is correct.
c [w = 14] Result: 10.
c [Main] Max width SAT is set to 14.
c [w = 16] Start task in PID: 196350.
c [w = 16] Cyclic Antibandwidth problem with w = 16 (cbt_49.txt):
c [w = 16] Initializing CaDiCaL (version 2.1.3).
c [w = 16] Configuring CaDiCaL as --sat (1).
c [w = 16] Encoding starts with w = 16:
c [w = 16] Symmetry breaking highest degree node is applied.
c [w = 16] Encoding duration: 15 ms.
c [w = 16] Number of clauses: 33993.
c [w = 16] Number of variables: 7889.
c [w = 16] SAT Solving starts:
c [w = 16] Solving duration: 37 ms.
c [w = 16] Answer:
s [w = 16] SAT (w = 16).
c [w = 16] Solution check = 16.
c [w = 16] The solution is correct.
c [w = 16] Result: 10.
c [Main] Max width SAT is set to 16.
c [w = 20] Start task in PID: 196354.
c [w = 20] Cyclic Antibandwidth problem with w = 20 (cbt_49.txt):
c [w = 20] Initializing CaDiCaL (version 2.1.3).
c [w = 20] Configuring CaDiCaL as --sat (1).
c [w = 20] Encoding starts with w = 20:
c [w = 20] Symmetry breaking highest degree node is applied.
c [w = 20] Encoding duration: 15 ms.
c [w = 20] Number of clauses: 35999.
c [w = 20] Number of variables: 8477.
c [w = 20] SAT Solving starts:
c [w = 20] Solving duration: 39 ms.
c [w = 20] Answer:
s [w = 20] SAT (w = 20).
c [w = 20] Solution check = 20.
c [w = 20] The solution is correct.
c [w = 20] Result: 10.
c [Main] Max width SAT is set to 20.
c [Main] Kill lower pid 17.
c [Main] Kill lower pid 19.
c [w = 17] Start task in PID: 196353.
c [w = 17] Cyclic Antibandwidth problem with w = 17 (cbt_49.txt):
c [w = 17] Initializing CaDiCaL (version 2.1.3).
c [w = 17] Configuring CaDiCaL as --sat (1).
c [w = 17] Encoding starts with w = 17:
c [w = 17] Symmetry breaking highest degree node is applied.
c [w = 17] Encoding duration: 13 ms.
c [w = 17] Number of clauses: 34529.
c [w = 17] Number of variables: 8036.
c [w = 17] SAT Solving starts:
c [Signal] Signal interruption. Caught signal: SIGTERM (15).
c [w = 19] Start task in PID: 196347.
c [w = 19] Cyclic Antibandwidth problem with w = 19 (cbt_49.txt):
c [w = 19] Initializing CaDiCaL (version 2.1.3).
c [w = 19] Configuring CaDiCaL as --sat (1).
c [w = 19] Encoding starts with w = 19:
c [w = 19] Symmetry breaking highest degree node is applied.
c [w = 19] Encoding duration: 14 ms.
c [w = 19] Number of clauses: 35509.
c [w = 19] Number of variables: 8330.
c [w = 19] SAT Solving starts:
c [Signal] Signal interruption. Caught signal: SIGTERM (15).
c [Main] Child pid 17 - 196353 terminated by signal 15.
c [Main] Child pid 19 - 196347 terminated by signal 15.
c [w = 24] Start task in PID: 196357.
c [w = 24] Cyclic Antibandwidth problem with w = 24 (cbt_49.txt):
c [w = 24] Initializing CaDiCaL (version 2.1.3).
c [w = 24] Configuring CaDiCaL as --sat (1).
c [w = 24] Encoding starts with w = 24:
c [w = 24] Symmetry breaking highest degree node is applied.
c [w = 24] Encoding duration: 13 ms.
c [w = 24] Number of clauses: 34774.
c [w = 24] Number of variables: 8036.
c [w = 24] SAT Solving starts:
c [w = 24] Solving duration: 2 ms.
c [w = 24] Answer:
s [w = 24] UNSAT (w = 24).
c [w = 24] Result: 20.
c [Main] Min width UNSAT is set to 24
c [w = 21] Start task in PID: 196356.
c [w = 21] Cyclic Antibandwidth problem with w = 21 (cbt_49.txt):
c [w = 21] Initializing CaDiCaL (version 2.1.3).
c [w = 21] Configuring CaDiCaL as --sat (1).
c [w = 21] Encoding starts with w = 21:
c [w = 21] Symmetry breaking highest degree node is applied.
c [w = 21] Encoding duration: 14 ms.
c [w = 21] Number of clauses: 36489.
c [w = 21] Number of variables: 8624.
c [w = 21] SAT Solving starts:
c [w = 21] Solving duration: 228 ms.
c [w = 21] Answer:
s [w = 21] SAT (w = 21).
c [w = 21] Solution check = 21.
c [w = 21] The solution is correct.
c [w = 21] Result: 10.
c [Main] Max width SAT is set to 21.
c [w = 23] Start task in PID: 196355.
c [w = 23] Cyclic Antibandwidth problem with w = 23 (cbt_49.txt):
c [w = 23] Initializing CaDiCaL (version 2.1.3).
c [w = 23] Configuring CaDiCaL as --sat (1).
c [w = 23] Encoding starts with w = 23:
c [w = 23] Symmetry breaking highest degree node is applied.
c [w = 23] Encoding duration: 15 ms.
c [w = 23] Number of clauses: 37469.
c [w = 23] Number of variables: 8918.
c [w = 23] SAT Solving starts:
c [w = 23] Solving duration: 520 ms.
c [w = 23] Answer:
s [w = 23] UNSAT (w = 23).
c [w = 23] Result: 20.
c [Main] Min width UNSAT is set to 23
c [w = 22] Start task in PID: 196351.
c [w = 22] Cyclic Antibandwidth problem with w = 22 (cbt_49.txt):
c [w = 22] Initializing CaDiCaL (version 2.1.3).
c [w = 22] Configuring CaDiCaL as --sat (1).
c [w = 22] Encoding starts with w = 22:
c [w = 22] Symmetry breaking highest degree node is applied.
c [w = 22] Encoding duration: 15 ms.
c [w = 22] Number of clauses: 36979.
c [w = 22] Number of variables: 8771.
c [w = 22] SAT Solving starts:
c [w = 22] Solving duration: 1068 ms.
c [w = 22] Answer:
s [w = 22] UNSAT (w = 22).
c [w = 22] Result: 20.
c [Main] Min width UNSAT is set to 22
c [Signal] Signal interruption. Caught signal: SIGTERM (15).
c [Main] All children have completed.
r [Main] 
r [Main] Final results: 
r [Main] Max width SAT:  	21.
r [Main] Min width UNSAT:	22.
r [Main] Total real time: 1109 ms.
r [Main] Total memory consumed: 56.5 MB.
r [Main] 
