c [Version] Cyclic Anti-bandwidth Encoder version 1.0.0.
c [Param] Real time limit is set to 3600.
c [Param] Memory limit is set to 30000.
c [Param] Worker count is set to 1.
c [Param] LB is predefined as 35.
c [Param] UB is predefined as 35.
c [Main] Encoding and solving for graph: M-bcsstk06.mtx.rnd.
c [Main] Search strategy: Iterating from lower bound.
c [Main] Lower bound is set to 14.
c [Main] Upper bound is set to 72.
c [Main] LB 14 is overwritten with 35.
c [Main] UB 72 is overwritten with 35.
c [Main] Search order: 35.
c [w = 35] Start task in PID: 20999.
c [w = 35] Cyclic Antibandwidth problem with w = 35 (M-bcsstk06.mtx.rnd):
c [w = 35] Initializing CaDiCaL (version 2.2.1).
c [w = 35] Configuring CaDiCaL as --sat (1).
c [w = 35] Encoding starts with w = 35:
c [w = 35] Symmetry breaking highest degree node is applied.
c [w = 35] Encoding duration: 3577 ms.
c [w = 35] Number of clauses: 7928190.
c [w = 35] Number of variables: 546840.
c [w = 35] SAT Solving starts:
c [Signal] Signal interruption. Caught signal: SIGTERM (15).
c [Main] Lim pid ends with result: 254.
c [Main] All children have completed.
r [Main] 
r [Main] Final results: 
r [Main] Max width SAT:  	-.
r [Main] Min width UNSAT:	-.
r [Main] Total real time: 3611333 ms.
r [Main] Total memory consumed: 2308.3 MB.
r [Main] 
