c [Version] Cyclic Anti-bandwidth Encoder version 1.0.0.
c [Param] Real time limit is set to 3600.
c [Param] Memory limit is set to 30000.
c [Param] Worker count is set to 1.
c [Param] LB is predefined as 227.
c [Param] UB is predefined as 227.
c [Main] Encoding and solving for graph: S-sherman4.mtx.rnd.
c [Main] Search strategy: Iterating from lower bound.
c [Main] Lower bound is set to 128.
c [Main] Upper bound is set to 272.
c [Main] LB 128 is overwritten with 227.
c [Main] UB 272 is overwritten with 227.
c [Main] Search order: 227.
c [w = 227] Start task in PID: 56595.
c [w = 227] Cyclic Antibandwidth problem with w = 227 (S-sherman4.mtx.rnd):
c [w = 227] Initializing CaDiCaL (version 2.2.1).
c [w = 227] Configuring CaDiCaL as --sat (1).
c [w = 227] Encoding starts with w = 227:
c [w = 227] Symmetry breaking highest degree node is applied.
c [w = 227] Encoding duration: 2883 ms.
c [w = 227] Number of clauses: 6301602.
c [w = 227] Number of variables: 1012284.
c [w = 227] SAT Solving starts:
c [w = 227] Solving duration: 2277710 ms.
c [w = 227] Answer:
s [w = 227] SAT (w = 227).
c [w = 227] Solution check = 227.
c [w = 227] The solution is correct.
c [w = 227] Result: 10.
c [Main] Max width SAT is set to 227.
c [Main] All children have completed.
r [Main] 
r [Main] Final results: 
r [Main] Max width SAT:  	227.
r [Main] Min width UNSAT:	-.
r [Main] Total real time: 2281355 ms.
r [Main] Total memory consumed: 2374.5 MB.
r [Main] 
c [Signal] Signal interruption. Caught signal: SIGTERM (15).
