c [Version] Cyclic Anti-bandwidth Encoder version 1.0.0.
c [Param] Real time limit is set to 3600.
c [Param] Memory limit is set to 30000.
c [Param] Worker count is set to 1.
c [Param] LB is predefined as 295.
c [Param] UB is predefined as 295.
c [Main] Encoding and solving for graph: V-nos6.mtx.rnd.
c [Main] Search strategy: Iterating from lower bound.
c [Main] Lower bound is set to 163.
c [Main] Upper bound is set to 337.
c [Main] LB 163 is overwritten with 295.
c [Main] UB 337 is overwritten with 295.
c [Main] Search order: 295.
c [w = 295] Start task in PID: 62585.
c [w = 295] Cyclic Antibandwidth problem with w = 295 (V-nos6.mtx.rnd):
c [w = 295] Initializing CaDiCaL (version 2.2.1).
c [w = 295] Configuring CaDiCaL as --sat (1).
c [w = 295] Encoding starts with w = 295:
c [w = 295] Symmetry breaking highest degree node is applied.
c [w = 295] Encoding duration: 6073 ms.
c [w = 295] Number of clauses: 8734702.
c [w = 295] Number of variables: 1570050.
c [w = 295] SAT Solving starts:
c [Signal] Signal interruption. Caught signal: SIGTERM (15).
c [Main] Lim pid ends with result: 254.
c [Main] All children have completed.
r [Main] 
r [Main] Final results: 
r [Main] Max width SAT:  	-.
r [Main] Min width UNSAT:	-.
r [Main] Total real time: 3610970 ms.
r [Main] Total memory consumed: 3149.1 MB.
r [Main] 
