c [Version] Cyclic Bandwidth Encoder version 1.0.0.
c [Param] Real time limit is set to 150.
c [Param] Memory limit is set to 30000.
c [Param] Worker count is set to 4.
c [Main] Encoding and solving for graph: caterpillar_10_5.txt.
c [Main] Search strategy: Binary search using BFS.
c [Main] No predefined lower bound is found for caterpillar_10_5.txt.
c [Main] LB-w = 2 (default value).
c [Main] No predefined upper bound is found for caterpillar_10_5.txt.
c [Main] UB-w = 25 (default value calculated as n/2).
c [Main] Search order: 13 7 19 4 10 16 22 2 5 8 11 14 17 20 24 3 6 9 12 15 18 21 23 25.
c [w = 7] Start task in PID: 186189.
c [w = 7] Cyclic Antibandwidth problem with w = 7 (caterpillar_10_5.txt):
c [w = 7] Initializing CaDiCaL (version 2.1.3).
c [w = 7] Configuring CaDiCaL as --sat (1).
c [w = 7] Encoding starts with w = 7:
c [w = 7] Symmetry breaking highest degree node is applied.
c [w = 7] Encoding duration: 13 ms.
c [w = 7] Number of clauses: 33999.
c [w = 7] Number of variables: 7700.
c [w = 7] SAT Solving starts:
c [w = 7] Solving duration: 1 ms.
c [w = 7] Answer:
s [w = 7] SAT (w = 7).
c [w = 7] Solution check = 7.
c [w = 7] The solution is correct.
c [w = 7] Result: 10.
c [Main] Max width SAT is set to 7.
c [Main] Kill lower pid 4.
c [w = 4] Start task in PID: 186191.
c [w = 4] Cyclic Antibandwidth problem with w = 4 (caterpillar_10_5.txt):
c [w = 4] Initializing CaDiCaL (version 2.1.3).
c [w = 4] Configuring CaDiCaL as --sat (1).
c [w = 4] Encoding starts with w = 4:
c [w = 4] Symmetry breaking highest degree node is applied.
c [Signal] Signal interruption. Caught signal: SIGTERM (15).
c [Main] Child pid 4 - 186191 terminated by signal 15.
c [w = 10] Start task in PID: 186192.
c [w = 10] Cyclic Antibandwidth problem with w = 10 (caterpillar_10_5.txt):
c [w = 10] Initializing CaDiCaL (version 2.1.3).
c [w = 10] Configuring CaDiCaL as --sat (1).
c [w = 10] Encoding starts with w = 10:
c [w = 10] Symmetry breaking highest degree node is applied.
c [w = 10] Encoding duration: 13 ms.
c [w = 10] Number of clauses: 34690.
c [w = 10] Number of variables: 8050.
c [w = 10] SAT Solving starts:
c [w = 10] Solving duration: 3 ms.
c [w = 10] Answer:
s [w = 10] SAT (w = 10).
c [w = 10] Solution check = 10.
c [w = 10] The solution is correct.
c [w = 10] Result: 10.
c [Main] Max width SAT is set to 10.
c [w = 16] Start task in PID: 186193.
c [w = 16] Cyclic Antibandwidth problem with w = 16 (caterpillar_10_5.txt):
c [w = 16] Initializing CaDiCaL (version 2.1.3).
c [w = 16] Configuring CaDiCaL as --sat (1).
c [w = 16] Encoding starts with w = 16:
c [w = 16] Symmetry breaking highest degree node is applied.
c [w = 16] Encoding duration: 16 ms.
c [w = 16] Number of clauses: 37437.
c [w = 16] Number of variables: 8900.
c [w = 16] SAT Solving starts:
c [w = 16] Solving duration: 4 ms.
c [w = 16] Answer:
s [w = 16] SAT (w = 16).
c [w = 16] Solution check = 16.
c [w = 16] The solution is correct.
c [w = 16] Result: 10.
c [Main] Max width SAT is set to 16.
c [Main] Kill lower pid 13.
c [w = 13] Start task in PID: 186188.
c [w = 13] Cyclic Antibandwidth problem with w = 13 (caterpillar_10_5.txt):
c [w = 13] Initializing CaDiCaL (version 2.1.3).
c [w = 13] Configuring CaDiCaL as --sat (1).
c [w = 13] Encoding starts with w = 13:
c [w = 13] Symmetry breaking highest degree node is applied.
c [w = 13] Encoding duration: 23 ms.
c [w = 13] Number of clauses: 35487.
c [w = 13] Number of variables: 8300.
c [w = 13] SAT Solving starts:
c [Signal] Signal interruption. Caught signal: SIGTERM (15).
c [Main] Child pid 13 - 186188 terminated by signal 15.
c [w = 22] Start task in PID: 186194.
c [w = 22] Cyclic Antibandwidth problem with w = 22 (caterpillar_10_5.txt):
c [w = 22] Initializing CaDiCaL (version 2.1.3).
c [w = 22] Configuring CaDiCaL as --sat (1).
c [w = 22] Encoding starts with w = 22:
c [w = 22] Symmetry breaking highest degree node is applied.
c [w = 22] Encoding duration: 15 ms.
c [w = 22] Number of clauses: 38434.
c [w = 22] Number of variables: 9150.
c [w = 22] SAT Solving starts:
c [w = 22] Solving duration: 2 ms.
c [w = 22] Answer:
s [w = 22] SAT (w = 22).
c [w = 22] Solution check = 22.
c [w = 22] The solution is correct.
c [w = 22] Result: 10.
c [w = 17] Start task in PID: 186195.
c [w = 17] Cyclic Antibandwidth problem with w = 17 (caterpillar_10_5.txt):
c [w = 17] Initializing CaDiCaL (version 2.1.3).
c [w = 17] Configuring CaDiCaL as --sat (1).
c [w = 17] Encoding starts with w = 17:
c [w = 17] Symmetry breaking highest degree node is applied.
c [w = 17] Encoding duration: 15 ms.
c [w = 17] Number of clauses: 35934.
c [w = 17] Number of variables: 8400.
c [w = 17] SAT Solving starts:
c [Signal] Signal interruption. Caught signal: SIGTERM (15).
c [Main] Max width SAT is set to 22.
c [Main] Kill lower pid 20.
c [Main] Kill lower pid 17.
c [Main] Kill lower pid 19.
c [w = 20] Start task in PID: 186196.
c [w = 20] Cyclic Antibandwidth problem with w = 20 (caterpillar_10_5.txt):
c [w = 20] Initializing CaDiCaL (version 2.1.3).
c [w = 20] Configuring CaDiCaL as --sat (1).
c [w = 20] Encoding starts with w = 20:
c [w = 20] Symmetry breaking highest degree node is applied.
c [Signal] Signal interruption. Caught signal: SIGTERM (15).
c [w = 19] Start task in PID: 186190.
c [w = 19] Cyclic Antibandwidth problem with w = 19 (caterpillar_10_5.txt):
c [w = 19] Initializing CaDiCaL (version 2.1.3).
c [w = 19] Configuring CaDiCaL as --sat (1).
c [w = 19] Encoding starts with w = 19:
c [w = 19] Symmetry breaking highest degree node is applied.
c [w = 19] Encoding duration: 15 ms.
c [w = 19] Number of clauses: 36934.
c [w = 19] Number of variables: 8700.
c [w = 19] SAT Solving starts:
c [Signal] Signal interruption. Caught signal: SIGTERM (15).
c [Main] Child pid 17 - 186195 terminated by signal 15.
c [Main] Child pid 20 - 186196 terminated by signal 15.
c [Main] Child pid 19 - 186190 terminated by signal 15.
c [w = 25] Start task in PID: 186199.
c [w = 25] Cyclic Antibandwidth problem with w = 25 (caterpillar_10_5.txt):
c [w = 25] Initializing CaDiCaL (version 2.1.3).
c [w = 25] Configuring CaDiCaL as --sat (1).
c [w = 25] Encoding starts with w = 25:
c [w = 25] Symmetry breaking highest degree node is applied.
c [w = 25] Encoding duration: 15 ms.
c [w = 25] Number of clauses: 36631.
c [w = 25] Number of variables: 8500.
c [w = 25] SAT Solving starts:
c [w = 25] Solving duration: 0 ms.
c [w = 25] Answer:
s [w = 25] UNSAT (w = 25).
c [w = 25] Result: 20.
c [Main] Min width UNSAT is set to 25
c [w = 23] Start task in PID: 186198.
c [w = 23] Cyclic Antibandwidth problem with w = 23 (caterpillar_10_5.txt):
c [w = 23] Initializing CaDiCaL (version 2.1.3).
c [w = 23] Configuring CaDiCaL as --sat (1).
c [w = 23] Encoding starts with w = 23:
c [w = 23] Symmetry breaking highest degree node is applied.
c [w = 23] Encoding duration: 17 ms.
c [w = 23] Number of clauses: 38934.
c [w = 23] Number of variables: 9300.
c [w = 23] SAT Solving starts:
c [w = 23] Solving duration: 35 ms.
c [w = 23] Answer:
s [w = 23] SAT (w = 23).
c [w = 23] Solution check = 23.
c [w = 23] The solution is correct.
c [w = 23] Result: 10.
c [Main] Max width SAT is set to 23.
c [w = 24] Start task in PID: 186197.
c [w = 24] Cyclic Antibandwidth problem with w = 24 (caterpillar_10_5.txt):
c [w = 24] Initializing CaDiCaL (version 2.1.3).
c [w = 24] Configuring CaDiCaL as --sat (1).
c [w = 24] Encoding starts with w = 24:
c [w = 24] Symmetry breaking highest degree node is applied.
c [w = 24] Encoding duration: 15 ms.
c [w = 24] Number of clauses: 39434.
c [w = 24] Number of variables: 9450.
c [w = 24] SAT Solving starts:
c [w = 24] Solving duration: 48 ms.
c [w = 24] Answer:
s [w = 24] UNSAT (w = 24).
c [w = 24] Result: 20.
c [Main] Min width UNSAT is set to 24
c [Signal] Signal interruption. Caught signal: SIGTERM (15).
c [Main] All children have completed.
r [Main] 
r [Main] Final results: 
r [Main] Max width SAT:  	23.
r [Main] Min width UNSAT:	24.
r [Main] Total real time: 131 ms.
r [Main] Total memory consumed: 29.9 MB.
r [Main] 
