c [Version] Cyclic Bandwidth Encoder version 1.0.0.
c [Param] Real time limit is set to 150.
c [Param] Memory limit is set to 30000.
c [Param] Worker count is set to 4.
c [Main] Encoding and solving for graph: caterpillar_5_7.txt.
c [Main] Search strategy: Binary search using BFS.
c [Main] No predefined lower bound is found for caterpillar_5_7.txt.
c [Main] LB-w = 2 (default value).
c [Main] No predefined upper bound is found for caterpillar_5_7.txt.
c [Main] UB-w = 17 (default value calculated as n/2).
c [Main] Search order: 9 5 13 3 7 11 15 2 4 6 8 10 12 14 16 17.
c [w = 5] Start task in PID: 186107.
c [w = 5] Cyclic Antibandwidth problem with w = 5 (caterpillar_5_7.txt):
c [w = 5] Initializing CaDiCaL (version 2.1.3).
c [w = 5] Configuring CaDiCaL as --sat (1).
c [w = 5] Encoding starts with w = 5:
c [w = 5] Symmetry breaking highest degree node is applied.
c [w = 5] Encoding duration: 6 ms.
c [w = 5] Number of clauses: 16068.
c [w = 5] Number of variables: 3640.
c [w = 5] SAT Solving starts:
c [w = 5] Solving duration: 0 ms.
c [w = 5] Answer:
s [w = 5] SAT (w = 5).
c [w = 5] Solution check = 5.
c [w = 5] The solution is correct.
c [w = 5] Result: 10.
c [Main] Max width SAT is set to 5.
c [Main] Kill lower pid 3.
c [w = 3] Start task in PID: 186109.
c [w = 3] Cyclic Antibandwidth problem with w = 3 (caterpillar_5_7.txt):
c [w = 3] Initializing CaDiCaL (version 2.1.3).
c [w = 3] Configuring CaDiCaL as --sat (1).
c [w = 3] Encoding starts with w = 3:
c [w = 3] Symmetry breaking highest degree node is applied.
c [w = 3] Encoding duration: 6 ms.
c [w = 3] Number of clauses: 15768.
c [w = 3] Number of variables: 3150.
c [w = 3] SAT Solving starts:
c [w = 3] Solving duration: 1 ms.
c [w = 3] Answer:
s [w = 3] SAT (w = 3).
c [w = 3] Solution check = 3.
c [w = 3] The solution is correct.
c [Signal] Signal interruption. Caught signal: SIGTERM (15).
c [Main] Child pid 3 - 186109 terminated by signal 15.
c [w = 7] Start task in PID: 186110.
c [w = 7] Cyclic Antibandwidth problem with w = 7 (caterpillar_5_7.txt):
c [w = 7] Initializing CaDiCaL (version 2.1.3).
c [w = 7] Configuring CaDiCaL as --sat (1).
c [w = 7] Encoding starts with w = 7:
c [w = 7] Symmetry breaking highest degree node is applied.
c [w = 7] Encoding duration: 6 ms.
c [w = 7] Number of clauses: 16517.
c [w = 7] Number of variables: 3850.
c [w = 7] SAT Solving starts:
c [w = 7] Solving duration: 1 ms.
c [w = 7] Answer:
s [w = 7] SAT (w = 7).
c [w = 7] Solution check = 7.
c [w = 7] The solution is correct.
c [w = 7] Result: 10.
c [Main] Max width SAT is set to 7.
c [w = 15] Start task in PID: 186112.
c [w = 15] Cyclic Antibandwidth problem with w = 15 (caterpillar_5_7.txt):
c [w = 15] Initializing CaDiCaL (version 2.1.3).
c [w = 15] Configuring CaDiCaL as --sat (1).
c [w = 15] Encoding starts with w = 15:
c [w = 15] Symmetry breaking highest degree node is applied.
c [w = 15] Encoding duration: 8 ms.
c [w = 15] Number of clauses: 18366.
c [w = 15] Number of variables: 4410.
c [w = 15] SAT Solving starts:
c [w = 15] Solving duration: 10 ms.
c [w = 15] Answer:
s [w = 15] SAT (w = 15).
c [w = 15] Solution check = 15.
c [w = 15] The solution is correct.
c [w = 15] Result: 10.
c [Main] Max width SAT is set to 15.
c [Main] Kill lower pid 11.
c [Main] Kill lower pid 13.
c [Main] Kill lower pid 9.
c [w = 13] Start task in PID: 186108.
c [w = 13] Cyclic Antibandwidth problem with w = 13 (caterpillar_5_7.txt):
c [w = 13] Initializing CaDiCaL (version 2.1.3).
c [w = 13] Configuring CaDiCaL as --sat (1).
c [w = 13] Encoding starts with w = 13:
c [w = 13] Symmetry breaking highest degree node is applied.
c [w = 13] Encoding duration: 7 ms.
c [w = 13] Number of clauses: 17666.
c [w = 13] Number of variables: 4200.
c [w = 13] SAT Solving starts:
c [Signal] Signal interruption. Caught signal: SIGTERM (15).
c [w = 11] Start task in PID: 186111.
c [w = 11] Cyclic Antibandwidth problem with w = 11 (caterpillar_5_7.txt):
c [w = 11] Initializing CaDiCaL (version 2.1.3).
c [w = 11] Configuring CaDiCaL as --sat (1).
c [w = 11] Encoding starts with w = 11:
c [w = 11] Symmetry breaking highest degree node is applied.
c [w = 11] Encoding duration: 7 ms.
c [w = 11] Number of clauses: 17844.
c [w = 11] Number of variables: 4270.
c [w = 11] SAT Solving starts:
c [Signal] Signal interruption. Caught signal: SIGTERM (15).
c [w = 9] Start task in PID: 186106.
c [w = 9] Cyclic Antibandwidth problem with w = 9 (caterpillar_5_7.txt):
c [w = 9] Initializing CaDiCaL (version 2.1.3).
c [w = 9] Configuring CaDiCaL as --sat (1).
c [w = 9] Encoding starts with w = 9:
c [w = 9] Symmetry breaking highest degree node is applied.
c [w = 9] Encoding duration: 7 ms.
c [w = 9] Number of clauses: 16934.
c [w = 9] Number of variables: 3990.
c [w = 9] SAT Solving starts:
c [Signal] Signal interruption. Caught signal: SIGTERM (15).
c [Main] Child pid 9 - 186106 terminated by signal 15.
c [Main] Child pid 13 - 186108 terminated by signal 15.
c [Main] Child pid 11 - 186111 terminated by signal 15.
c [w = 17] Start task in PID: 186114.
c [w = 17] Cyclic Antibandwidth problem with w = 17 (caterpillar_5_7.txt):
c [w = 17] Initializing CaDiCaL (version 2.1.3).
c [w = 17] Configuring CaDiCaL as --sat (1).
c [w = 17] Encoding starts with w = 17:
c [w = 17] Symmetry breaking highest degree node is applied.
c [w = 17] Encoding duration: 7 ms.
c [w = 17] Number of clauses: 17526.
c [w = 17] Number of variables: 4130.
c [w = 17] SAT Solving starts:
c [w = 17] Solving duration: 2 ms.
c [w = 17] Answer:
s [w = 17] UNSAT (w = 17).
c [w = 17] Result: 20.
c [Main] Min width UNSAT is set to 17
c [w = 16] Start task in PID: 186113.
c [w = 16] Cyclic Antibandwidth problem with w = 16 (caterpillar_5_7.txt):
c [w = 16] Initializing CaDiCaL (version 2.1.3).
c [w = 16] Configuring CaDiCaL as --sat (1).
c [w = 16] Encoding starts with w = 16:
c [w = 16] Symmetry breaking highest degree node is applied.
c [w = 16] Encoding duration: 8 ms.
c [w = 16] Number of clauses: 18716.
c [w = 16] Number of variables: 4515.
c [w = 16] SAT Solving starts:
c [w = 16] Solving duration: 3 ms.
c [w = 16] Answer:
s [w = 16] SAT (w = 16).
c [w = 16] Solution check = 16.
c [w = 16] The solution is correct.
c [w = 16] Result: 10.
c [Main] Max width SAT is set to 16.
c [Main] All children have completed.
r [Main] 
r [Main] Final results: 
r [Main] Max width SAT:  	16.
r [Main] Min width UNSAT:	17.
r [Main] Total real time: 58 ms.
r [Main] Total memory consumed: 10.3 MB.
r [Main] 
c [Signal] Signal interruption. Caught signal: SIGTERM (15).
