c [Version] Cyclic Bandwidth Encoder version 1.0.0.
c [Param] Real time limit is set to 150.
c [Param] Memory limit is set to 30000.
c [Param] Worker count is set to 4.
c [Main] Encoding and solving for graph: caterpillar_10_4.txt.
c [Main] Search strategy: Binary search using BFS.
c [Main] No predefined lower bound is found for caterpillar_10_4.txt.
c [Main] LB-w = 2 (default value).
c [Main] No predefined upper bound is found for caterpillar_10_4.txt.
c [Main] UB-w = 20 (default value calculated as n/2).
c [Main] Search order: 11 6 16 3 8 13 18 2 4 7 9 12 14 17 19 5 10 15 20.
c [w = 3] Start task in PID: 186178.
c [w = 3] Cyclic Antibandwidth problem with w = 3 (caterpillar_10_4.txt):
c [w = 3] Initializing CaDiCaL (version 2.1.3).
c [w = 3] Configuring CaDiCaL as --sat (1).
c [w = 3] Encoding starts with w = 3:
c [w = 3] Symmetry breaking highest degree node is applied.
c [w = 3] Encoding duration: 8 ms.
c [w = 3] Number of clauses: 21102.
c [w = 3] Number of variables: 4080.
c [w = 3] SAT Solving starts:
c [w = 3] Solving duration: 1 ms.
c [w = 3] Answer:
s [w = 3] SAT (w = 3).
c [w = 3] Solution check = 3.
c [w = 3] The solution is correct.
c [w = 3] Result: 10.
c [Main] Max width SAT is set to 3.
c [w = 6] Start task in PID: 186176.
c [w = 6] Cyclic Antibandwidth problem with w = 6 (caterpillar_10_4.txt):
c [w = 6] Initializing CaDiCaL (version 2.1.3).
c [w = 6] Configuring CaDiCaL as --sat (1).
c [w = 6] Encoding starts with w = 6:
c [w = 6] Symmetry breaking highest degree node is applied.
c [w = 6] Encoding duration: 8 ms.
c [w = 6] Number of clauses: 21561.
c [w = 6] Number of variables: 4920.
c [w = 6] SAT Solving starts:
c [w = 6] Solving duration: 1 ms.
c [w = 6] Answer:
s [w = 6] SAT (w = 6).
c [w = 6] Solution check = 6.
c [w = 6] The solution is correct.
c [w = 6] Result: 10.
c [Main] Max width SAT is set to 6.
c [w = 16] Start task in PID: 186177.
c [w = 16] Cyclic Antibandwidth problem with w = 16 (caterpillar_10_4.txt):
c [w = 16] Initializing CaDiCaL (version 2.1.3).
c [w = 16] Configuring CaDiCaL as --sat (1).
c [w = 16] Encoding starts with w = 16:
c [w = 16] Symmetry breaking highest degree node is applied.
c [w = 16] Encoding duration: 9 ms.
c [w = 16] Number of clauses: 23709.
c [w = 16] Number of variables: 5640.
c [w = 16] SAT Solving starts:
c [w = 16] Solving duration: 2 ms.
c [w = 16] Answer:
s [w = 16] SAT (w = 16).
c [w = 16] Solution check = 16.
c [w = 16] The solution is correct.
c [w = 16] Result: 10.
c [Main] Max width SAT is set to 16.
c [Main] Kill lower pid 13.
c [Main] Kill lower pid 8.
c [Main] Kill lower pid 11.
c [w = 13] Start task in PID: 186180.
c [w = 13] Cyclic Antibandwidth problem with w = 13 (caterpillar_10_4.txt):
c [w = 13] Initializing CaDiCaL (version 2.1.3).
c [w = 13] Configuring CaDiCaL as --sat (1).
c [w = 13] Encoding starts with w = 13:
c [w = 13] Symmetry breaking highest degree node is applied.
c [Signal] Signal interruption. Caught signal: SIGTERM (15).
c [w = 8] Start task in PID: 186179.
c [w = 8] Cyclic Antibandwidth problem with w = 8 (caterpillar_10_4.txt):
c [w = 8] Initializing CaDiCaL (version 2.1.3).
c [w = 8] Configuring CaDiCaL as --sat (1).
c [w = 8] Encoding starts with w = 8:
c [w = 8] Symmetry breaking highest degree node is applied.
c [Signal] Signal interruption. Caught signal: SIGTERM (15).
c [w = 11] Start task in PID: 186175.
c [w = 11] Cyclic Antibandwidth problem with w = 11 (caterpillar_10_4.txt):
c [w = 11] Initializing CaDiCaL (version 2.1.3).
c [w = 11] Configuring CaDiCaL as --sat (1).
c [w = 11] Encoding starts with w = 11:
c [w = 11] Symmetry breaking highest degree node is applied.
c [w = 11] Encoding duration: 9 ms.
c [w = 11] Number of clauses: 22712.
c [w = 11] Number of variables: 5360.
c [w = 11] SAT Solving starts:
c [Signal] Signal interruption. Caught signal: SIGTERM (15).
c [Main] Child pid 13 - 186180 terminated by signal 15.
c [Main] Child pid 8 - 186179 terminated by signal 15.
c [Main] Child pid 11 - 186175 terminated by signal 15.
c [w = 17] Start task in PID: 186182.
c [w = 17] Cyclic Antibandwidth problem with w = 17 (caterpillar_10_4.txt):
c [w = 17] Initializing CaDiCaL (version 2.1.3).
c [w = 17] Configuring CaDiCaL as --sat (1).
c [w = 17] Encoding starts with w = 17:
c [w = 17] Symmetry breaking highest degree node is applied.
c [w = 17] Encoding duration: 9 ms.
c [w = 17] Number of clauses: 24109.
c [w = 17] Number of variables: 5760.
c [w = 17] SAT Solving starts:
c [w = 17] Solving duration: 2 ms.
c [w = 17] Answer:
s [w = 17] SAT (w = 17).
c [w = 17] Solution check = 17.
c [w = 17] The solution is correct.
c [w = 17] Result: 10.
c [Main] Max width SAT is set to 17.
c [w = 20] Start task in PID: 186184.
c [w = 20] Cyclic Antibandwidth problem with w = 20 (caterpillar_10_4.txt):
c [w = 20] Initializing CaDiCaL (version 2.1.3).
c [w = 20] Configuring CaDiCaL as --sat (1).
c [w = 20] Encoding starts with w = 20:
c [w = 20] Symmetry breaking highest degree node is applied.
c [w = 20] Encoding duration: 12 ms.
c [w = 20] Number of clauses: 23266.
c [w = 20] Number of variables: 5440.
c [w = 20] SAT Solving starts:
c [w = 20] Solving duration: 0 ms.
c [w = 20] Answer:
s [w = 20] UNSAT (w = 20).
c [w = 20] Result: 20.
c [Main] Min width UNSAT is set to 20
c [w = 18] Start task in PID: 186181.
c [w = 18] Cyclic Antibandwidth problem with w = 18 (caterpillar_10_4.txt):
c [w = 18] Initializing CaDiCaL (version 2.1.3).
c [w = 18] Configuring CaDiCaL as --sat (1).
c [w = 18] Encoding starts with w = 18:
c [w = 18] Symmetry breaking highest degree node is applied.
c [w = 18] Encoding duration: 12 ms.
c [w = 18] Number of clauses: 24509.
c [w = 18] Number of variables: 5880.
c [w = 18] SAT Solving starts:
c [w = 18] Solving duration: 5 ms.
c [w = 18] Answer:
s [w = 18] SAT (w = 18).
c [w = 18] Solution check = 18.
c [w = 18] The solution is correct.
c [w = 18] Result: 10.
c [Main] Max width SAT is set to 18.
c [w = 19] Start task in PID: 186183.
c [w = 19] Cyclic Antibandwidth problem with w = 19 (caterpillar_10_4.txt):
c [w = 19] Initializing CaDiCaL (version 2.1.3).
c [w = 19] Configuring CaDiCaL as --sat (1).
c [w = 19] Encoding starts with w = 19:
c [w = 19] Symmetry breaking highest degree node is applied.
c [w = 19] Encoding duration: 10 ms.
c [w = 19] Number of clauses: 24909.
c [w = 19] Number of variables: 6000.
c [w = 19] SAT Solving starts:
c [w = 19] Solving duration: 35 ms.
c [w = 19] Answer:
s [w = 19] UNSAT (w = 19).
c [w = 19] Result: 20.
c [Main] Min width UNSAT is set to 19
c [Signal] Signal interruption. Caught signal: SIGTERM (15).
c [Main] All children have completed.
r [Main] 
r [Main] Final results: 
r [Main] Max width SAT:  	18.
r [Main] Min width UNSAT:	19.
r [Main] Total real time: 64 ms.
r [Main] Total memory consumed: 10 MB.
r [Main] 
