c [Version] Cyclic Bandwidth Encoder version 1.0.0.
c [Param] Real time limit is set to 150.
c [Param] Memory limit is set to 30000.
c [Param] Worker count is set to 4.
c [Main] Encoding and solving for graph: caterpillar_25_15.txt.
c [Main] Search strategy: Binary search using BFS.
c [Main] No predefined lower bound is found for caterpillar_25_15.txt.
c [Main] LB-w = 2 (default value).
c [Main] No predefined upper bound is found for caterpillar_25_15.txt.
c [Main] UB-w = 187 (default value calculated as n/2).
c [Main] Search order: 94 47 141 24 70 117 164 12 35 58 82 105 129 152 176 6 18 29 41 52 64 76 88 99 111 123 135 146 158 170 182 3 9 15 21 26 32 38 44 49 55 61 67 73 79 85 91 96 102 108 114 120 126 132 138 143 149 155 161 167 173 179 185 2 4 7 10 13 16 19 22 25 27 30 33 36 39 42 45 48 50 53 56 59 62 65 68 71 74 77 80 83 86 89 92 95 97 100 103 106 109 112 115 118 121 124 127 130 133 136 139 142 144 147 150 153 156 159 162 165 168 171 174 177 180 183 186 5 8 11 14 17 20 23 28 31 34 37 40 43 46 51 54 57 60 63 66 69 72 75 78 81 84 87 90 93 98 101 104 107 110 113 116 119 122 125 128 131 134 137 140 145 148 151 154 157 160 163 166 169 172 175 178 181 184 187.
c [w = 47] Start task in PID: 186703.
c [w = 47] Cyclic Antibandwidth problem with w = 47 (caterpillar_25_15.txt):
c [w = 47] Initializing CaDiCaL (version 2.1.3).
c [w = 47] Configuring CaDiCaL as --sat (1).
c [w = 47] Encoding starts with w = 47:
c [w = 47] Symmetry breaking highest degree node is applied.
c [w = 47] Encoding duration: 855 ms.
c [w = 47] Number of clauses: 2002711.
c [w = 47] Number of variables: 441000.
c [w = 47] SAT Solving starts:
c [w = 47] Solving duration: 35196 ms.
c [w = 47] Answer:
s [w = 47] SAT (w = 47).
c [w = 47] Solution check = 47.
c [w = 47] The solution is correct.
c [w = 47] Result: 10.
c [Main] Max width SAT is set to 47.
c [Main] Kill lower pid 24.
c [w = 24] Start task in PID: 186705.
c [w = 24] Cyclic Antibandwidth problem with w = 24 (caterpillar_25_15.txt):
c [w = 24] Initializing CaDiCaL (version 2.1.3).
c [w = 24] Configuring CaDiCaL as --sat (1).
c [w = 24] Encoding starts with w = 24:
c [w = 24] Symmetry breaking highest degree node is applied.
c [w = 24] Encoding duration: 856 ms.
c [w = 24] Number of clauses: 2004610.
c [w = 24] Number of variables: 435000.
c [w = 24] SAT Solving starts:
c [Signal] Signal interruption. Caught signal: SIGTERM (15).
c [Main] Child pid 24 - 186705 terminated by signal 15.
c [w = 94] Start task in PID: 186702.
c [w = 94] Cyclic Antibandwidth problem with w = 94 (caterpillar_25_15.txt):
c [w = 94] Initializing CaDiCaL (version 2.1.3).
c [w = 94] Configuring CaDiCaL as --sat (1).
c [w = 94] Encoding starts with w = 94:
c [w = 94] Symmetry breaking highest degree node is applied.
c [w = 94] Encoding duration: 862 ms.
c [w = 94] Number of clauses: 2028574.
c [w = 94] Number of variables: 445500.
c [w = 94] SAT Solving starts:
c [w = 94] Solving duration: 39331 ms.
c [w = 94] Answer:
s [w = 94] SAT (w = 94).
c [w = 94] Solution check = 94.
c [w = 94] The solution is correct.
c [w = 94] Result: 10.
c [Main] Max width SAT is set to 94.
c [Main] Kill lower pid 70.
c [w = 70] Start task in PID: 186713.
c [w = 70] Cyclic Antibandwidth problem with w = 70 (caterpillar_25_15.txt):
c [w = 70] Initializing CaDiCaL (version 2.1.3).
c [w = 70] Configuring CaDiCaL as --sat (1).
c [w = 70] Encoding starts with w = 70:
c [w = 70] Symmetry breaking highest degree node is applied.
c [w = 70] Encoding duration: 881 ms.
c [w = 70] Number of clauses: 2064205.
c [w = 70] Number of variables: 459750.
c [w = 70] SAT Solving starts:
c [Signal] Signal interruption. Caught signal: SIGTERM (15).
c [Main] Child pid 70 - 186713 terminated by signal 15.
c [w = 117] Start task in PID: 186714.
c [w = 117] Cyclic Antibandwidth problem with w = 117 (caterpillar_25_15.txt):
c [w = 117] Initializing CaDiCaL (version 2.1.3).
c [w = 117] Configuring CaDiCaL as --sat (1).
c [w = 117] Encoding starts with w = 117:
c [w = 117] Symmetry breaking highest degree node is applied.
c [w = 117] Encoding duration: 916 ms.
c [w = 117] Number of clauses: 2140699.
c [w = 117] Number of variables: 480000.
c [w = 117] SAT Solving starts:
c [w = 117] Solving duration: 15697 ms.
c [w = 117] Answer:
s [w = 117] SAT (w = 117).
c [w = 117] Solution check = 117.
c [w = 117] The solution is correct.
c [w = 117] Result: 10.
c [Main] Max width SAT is set to 117.
c [Main] Kill lower pid 105.
c [w = 105] Start task in PID: 186716.
c [w = 105] Cyclic Antibandwidth problem with w = 105 (caterpillar_25_15.txt):
c [w = 105] Initializing CaDiCaL (version 2.1.3).
c [w = 105] Configuring CaDiCaL as --sat (1).
c [w = 105] Encoding starts with w = 105:
c [w = 105] Symmetry breaking highest degree node is applied.
c [w = 105] Encoding duration: 860 ms.
c [w = 105] Number of clauses: 2082199.
c [w = 105] Number of variables: 462000.
c [w = 105] SAT Solving starts:
c [Signal] Signal interruption. Caught signal: SIGTERM (15).
c [Main] Child pid 105 - 186716 terminated by signal 15.
c [w = 141] Start task in PID: 186704.
c [w = 141] Cyclic Antibandwidth problem with w = 141 (caterpillar_25_15.txt):
c [w = 141] Initializing CaDiCaL (version 2.1.3).
c [w = 141] Configuring CaDiCaL as --sat (1).
c [w = 141] Encoding starts with w = 141:
c [w = 141] Symmetry breaking highest degree node is applied.
c [w = 141] Encoding duration: 909 ms.
c [w = 141] Number of clauses: 2102071.
c [w = 141] Number of variables: 464250.
c [w = 141] SAT Solving starts:
c [w = 141] Solving duration: 71448 ms.
c [w = 141] Answer:
s [w = 141] SAT (w = 141).
c [w = 141] Solution check = 141.
c [w = 141] The solution is correct.
c [w = 141] Result: 10.
c [Main] Max width SAT is set to 141.
c [Main] Kill lower pid 129.
c [w = 129] Start task in PID: 186718.
c [w = 129] Cyclic Antibandwidth problem with w = 129 (caterpillar_25_15.txt):
c [w = 129] Initializing CaDiCaL (version 2.1.3).
c [w = 129] Configuring CaDiCaL as --sat (1).
c [w = 129] Encoding starts with w = 129:
c [w = 129] Symmetry breaking highest degree node is applied.
c [w = 129] Encoding duration: 868 ms.
c [w = 129] Number of clauses: 2057071.
c [w = 129] Number of variables: 450750.
c [w = 129] SAT Solving starts:
c [Signal] Signal interruption. Caught signal: SIGTERM (15).
c [Main] Child pid 129 - 186718 terminated by signal 15.
c [w = 146] Start task in PID: 186726.
c [w = 146] Cyclic Antibandwidth problem with w = 146 (caterpillar_25_15.txt):
c [w = 146] Initializing CaDiCaL (version 2.1.3).
c [w = 146] Configuring CaDiCaL as --sat (1).
c [w = 146] Encoding starts with w = 146:
c [w = 146] Symmetry breaking highest degree node is applied.
c [w = 146] Encoding duration: 907 ms.
c [w = 146] Number of clauses: 2120821.
c [w = 146] Number of variables: 469875.
c [w = 146] SAT Solving starts:
c [w = 146] Solving duration: 37931 ms.
c [w = 146] Answer:
s [w = 146] SAT (w = 146).
c [w = 146] Solution check = 146.
c [w = 146] The solution is correct.
c [w = 146] Result: 10.
c [Main] Max width SAT is set to 146.
c [w = 152] Start task in PID: 186719.
c [w = 152] Cyclic Antibandwidth problem with w = 152 (caterpillar_25_15.txt):
c [w = 152] Initializing CaDiCaL (version 2.1.3).
c [w = 152] Configuring CaDiCaL as --sat (1).
c [w = 152] Encoding starts with w = 152:
c [w = 152] Symmetry breaking highest degree node is applied.
c [w = 152] Encoding duration: 907 ms.
c [w = 152] Number of clauses: 2143321.
c [w = 152] Number of variables: 476625.
c [w = 152] SAT Solving starts:
c [w = 152] Solving duration: 58968 ms.
c [w = 152] Answer:
s [w = 152] SAT (w = 152).
c [w = 152] Solution check = 152.
c [w = 152] The solution is correct.
c [w = 152] Result: 10.
c [Main] Max width SAT is set to 152.
c [w = 164] Start task in PID: 186715.
c [w = 164] Cyclic Antibandwidth problem with w = 164 (caterpillar_25_15.txt):
c [w = 164] Initializing CaDiCaL (version 2.1.3).
c [w = 164] Configuring CaDiCaL as --sat (1).
c [w = 164] Encoding starts with w = 164:
c [w = 164] Symmetry breaking highest degree node is applied.
c [w = 164] Encoding duration: 934 ms.
c [w = 164] Number of clauses: 2188321.
c [w = 164] Number of variables: 490125.
c [w = 164] SAT Solving starts:
c [w = 164] Solving duration: 100736 ms.
c [w = 164] Answer:
s [w = 164] SAT (w = 164).
c [w = 164] Solution check = 164.
c [w = 164] The solution is correct.
c [w = 164] Result: 10.
c [Main] Max width SAT is set to 164.
c [Main] Kill lower pid 158.
c [w = 158] Start task in PID: 186733.
c [w = 158] Cyclic Antibandwidth problem with w = 158 (caterpillar_25_15.txt):
c [w = 158] Initializing CaDiCaL (version 2.1.3).
c [w = 158] Configuring CaDiCaL as --sat (1).
c [w = 158] Encoding starts with w = 158:
c [w = 158] Symmetry breaking highest degree node is applied.
c [w = 158] Encoding duration: 919 ms.
c [w = 158] Number of clauses: 2165821.
c [w = 158] Number of variables: 483375.
c [w = 158] SAT Solving starts:
c [Signal] Signal interruption. Caught signal: SIGTERM (15).
c [Main] Child pid 158 - 186733 terminated by signal 15.
c [w = 167] Start task in PID: 186742.
c [w = 167] Cyclic Antibandwidth problem with w = 167 (caterpillar_25_15.txt):
c [w = 167] Initializing CaDiCaL (version 2.1.3).
c [w = 167] Configuring CaDiCaL as --sat (1).
c [w = 167] Encoding starts with w = 167:
c [w = 167] Symmetry breaking highest degree node is applied.
c [w = 167] Encoding duration: 911 ms.
c [w = 167] Number of clauses: 2199571.
c [w = 167] Number of variables: 493500.
c [w = 167] SAT Solving starts:
c [Signal] Signal interruption. Caught signal: SIGTERM (15).
c [w = 182] Start task in PID: 186741.
c [w = 182] Cyclic Antibandwidth problem with w = 182 (caterpillar_25_15.txt):
c [w = 182] Initializing CaDiCaL (version 2.1.3).
c [w = 182] Configuring CaDiCaL as --sat (1).
c [w = 182] Encoding starts with w = 182:
c [w = 182] Symmetry breaking highest degree node is applied.
c [w = 182] Encoding duration: 948 ms.
c [w = 182] Number of clauses: 2255821.
c [w = 182] Number of variables: 510375.
c [w = 182] SAT Solving starts:
c [Signal] Signal interruption. Caught signal: SIGTERM (15).
c [w = 170] Start task in PID: 186734.
c [w = 170] Cyclic Antibandwidth problem with w = 170 (caterpillar_25_15.txt):
c [w = 170] Initializing CaDiCaL (version 2.1.3).
c [w = 170] Configuring CaDiCaL as --sat (1).
c [w = 170] Encoding starts with w = 170:
c [w = 170] Symmetry breaking highest degree node is applied.
c [w = 170] Encoding duration: 936 ms.
c [w = 170] Number of clauses: 2210821.
c [w = 170] Number of variables: 496875.
c [w = 170] SAT Solving starts:
c [Signal] Signal interruption. Caught signal: SIGTERM (15).
c [w = 176] Start task in PID: 186725.
c [w = 176] Cyclic Antibandwidth problem with w = 176 (caterpillar_25_15.txt):
c [w = 176] Initializing CaDiCaL (version 2.1.3).
c [w = 176] Configuring CaDiCaL as --sat (1).
c [w = 176] Encoding starts with w = 176:
c [w = 176] Symmetry breaking highest degree node is applied.
c [w = 176] Encoding duration: 948 ms.
c [w = 176] Number of clauses: 2233321.
c [w = 176] Number of variables: 503625.
c [w = 176] SAT Solving starts:
c [Signal] Signal interruption. Caught signal: SIGTERM (15).
c [Main] Lim pid ends with result: 254.
c [Main] All children have completed.
r [Main] 
r [Main] Final results: 
r [Main] Max width SAT:  	164.
r [Main] Min width UNSAT:	-.
r [Main] Total real time: 150810 ms.
r [Main] Total memory consumed: 2716.2 MB.
r [Main] 
