c [Version] Cyclic Bandwidth Encoder version 1.0.0.
c [Param] Real time limit is set to 1800.
c [Param] Memory limit is set to 30000.
c [Param] Worker count is set to 8.
c [Main] Encoding and solving for graph: caterpillar_20_10.txt.
c [Main] Search strategy: Binary search from lower bound.
c [Main] No predefined lower bound is found for caterpillar_20_10.txt.
c [Main] LB-w = 2 (default value).
c [Main] No predefined upper bound is found for caterpillar_20_10.txt.
c [Main] UB-w = 100 (default value calculated as n/2).
c [Main] Search order: 51 26 13 7 4 2 3 5 6 10 8 9 11 12 19 16 14 15 17 18 22 20 21 24 23 25 38 32 29 27 28 30 31 35 33 34 36 37 44 41 39 40 42 43 47 45 46 49 48 50 76 63 57 54 52 53 55 56 60 58 59 61 62 69 66 64 65 67 68 72 70 71 74 73 75 88 82 79 77 78 80 81 85 83 84 86 87 94 91 89 90 92 93 97 95 96 99 98 100.
c [w = 4] Start task in PID: 12897.
c [w = 4] Cyclic Antibandwidth problem with w = 4 (caterpillar_20_10.txt):
c [w = 4] Initializing CaDiCaL (version 2.1.3).
c [w = 4] Configuring CaDiCaL as --sat (1).
c [w = 4] Encoding starts with w = 4:
c [w = 4] Symmetry breaking highest degree node is applied.
c [w = 4] Encoding duration: 734 ms.
c [w = 4] Number of clauses: 710050.
c [w = 4] Number of variables: 100800.
c [w = 4] SAT Solving starts:
c [w = 4] Solving duration: 147 ms.
c [w = 4] Answer:
s [w = 4] SAT (w = 4).
c [w = 4] Solution check = 4.
c [w = 4] The solution is correct.
c [w = 4] Result: 10.
c [w = 5] Start task in PID: 12900.
c [w = 5] Cyclic Antibandwidth problem with w = 5 (caterpillar_20_10.txt):
c [w = 5] Initializing CaDiCaL (version 2.1.3).
c [w = 5] Configuring CaDiCaL as --sat (1).
c [w = 5] Encoding starts with w = 5:
c [w = 5] Symmetry breaking highest degree node is applied.
c [w = 5] Encoding duration: 682 ms.
c [w = 5] Number of clauses: 643220.
c [w = 5] Number of variables: 106800.
c [w = 5] SAT Solving starts:
c [w = 5] Solving duration: 221 ms.
c [w = 5] Answer:
s [w = 5] SAT (w = 5).
c [w = 5] Solution check = 5.
c [w = 5] The solution is correct.
c [w = 5] Result: 10.
c [Main] Max width SAT is set to 4.
c [Main] Kill lower pid 3.
c [Main] Kill lower pid 2.
c [w = 3] Start task in PID: 12899.
c [w = 3] Cyclic Antibandwidth problem with w = 3 (caterpillar_20_10.txt):
c [w = 3] Initializing CaDiCaL (version 2.1.3).
c [w = 3] Configuring CaDiCaL as --sat (1).
c [w = 3] Encoding starts with w = 3:
c [w = 3] Symmetry breaking highest degree node is applied.
c [w = 3] Encoding duration: 876 ms.
c [w = 3] Number of clauses: 870301.
c [w = 3] Number of variables: 90800.
c [w = 3] SAT Solving starts:
c [w = 3] Solving duration: 42 ms.
c [w = 3] Answer:
s [w = 3] SAT (w = 3).
c [w = 3] Solution check = 3.
c [w = 3] The solution is correct.
c [Signal] Signal interruption. Caught signal: SIGTERM (15).
c [w = 2] Start task in PID: 12898.
c [w = 2] Cyclic Antibandwidth problem with w = 2 (caterpillar_20_10.txt):
c [w = 2] Initializing CaDiCaL (version 2.1.3).
c [w = 2] Configuring CaDiCaL as --sat (1).
c [w = 2] Encoding starts with w = 2:
c [w = 2] Symmetry breaking highest degree node is applied.
c [Signal] Signal interruption. Caught signal: SIGTERM (15).
c [Main] Max width SAT is set to 5.
c [Main] Kill lower pid 3.
c [Main] Kill lower pid 2.
c [Main] Child pid 3 - 12899 terminated by signal 15.
c [Main] Child pid 2 - 12898 terminated by signal 15.
c [w = 7] Start task in PID: 12896.
c [w = 7] Cyclic Antibandwidth problem with w = 7 (caterpillar_20_10.txt):
c [w = 7] Initializing CaDiCaL (version 2.1.3).
c [w = 7] Configuring CaDiCaL as --sat (1).
c [w = 7] Encoding starts with w = 7:
c [w = 7] Symmetry breaking highest degree node is applied.
c [w = 7] Encoding duration: 647 ms.
c [w = 7] Number of clauses: 594787.
c [w = 7] Number of variables: 114000.
c [w = 7] SAT Solving starts:
c [w = 7] Solving duration: 326 ms.
c [w = 7] Answer:
s [w = 7] SAT (w = 7).
c [w = 7] Solution check = 7.
c [w = 7] The solution is correct.
c [w = 7] Result: 10.
c [Main] Max width SAT is set to 7.
c [Main] Kill lower pid 6.
c [w = 6] Start task in PID: 12901.
c [w = 6] Cyclic Antibandwidth problem with w = 6 (caterpillar_20_10.txt):
c [w = 6] Initializing CaDiCaL (version 2.1.3).
c [w = 6] Configuring CaDiCaL as --sat (1).
c [w = 6] Encoding starts with w = 6:
c [w = 6] Symmetry breaking highest degree node is applied.
c [Signal] Signal interruption. Caught signal: SIGTERM (15).
c [Main] Child pid 6 - 12901 terminated by signal 15.
c [w = 26] Start task in PID: 12894.
c [w = 26] Cyclic Antibandwidth problem with w = 26 (caterpillar_20_10.txt):
c [w = 26] Initializing CaDiCaL (version 2.1.3).
c [w = 26] Configuring CaDiCaL as --sat (1).
c [w = 26] Encoding starts with w = 26:
c [w = 26] Symmetry breaking highest degree node is applied.
c [w = 26] Encoding duration: 627 ms.
c [w = 26] Number of clauses: 572124.
c [w = 26] Number of variables: 127600.
c [w = 26] SAT Solving starts:
c [w = 26] Solving duration: 1216 ms.
c [w = 26] Answer:
s [w = 26] SAT (w = 26).
c [w = 26] Solution check = 26.
c [w = 26] The solution is correct.
c [w = 26] Result: 10.
c [w = 9] Start task in PID: 12904.
c [w = 9] Cyclic Antibandwidth problem with w = 9 (caterpillar_20_10.txt):
c [w = 9] Initializing CaDiCaL (version 2.1.3).
c [w = 9] Configuring CaDiCaL as --sat (1).
c [w = 9] Encoding starts with w = 9:
c [w = 9] Symmetry breaking highest degree node is applied.
c [w = 9] Encoding duration: 591 ms.
c [w = 9] Number of clauses: 580169.
c [w = 9] Number of variables: 118400.
c [w = 9] SAT Solving starts:
c [w = 9] Solving duration: 210 ms.
c [w = 9] Answer:
s [w = 9] SAT (w = 9).
c [w = 9] Solution check = 9.
c [w = 9] The solution is correct.
c [Signal] Signal interruption. Caught signal: SIGTERM (15).
c [w = 11] Start task in PID: 12905.
c [w = 11] Cyclic Antibandwidth problem with w = 11 (caterpillar_20_10.txt):
c [w = 11] Initializing CaDiCaL (version 2.1.3).
c [w = 11] Configuring CaDiCaL as --sat (1).
c [w = 11] Encoding starts with w = 11:
c [w = 11] Symmetry breaking highest degree node is applied.
c [w = 11] Encoding duration: 641 ms.
c [w = 11] Number of clauses: 574157.
c [w = 11] Number of variables: 121200.
c [w = 11] SAT Solving starts:
c [Signal] Signal interruption. Caught signal: SIGTERM (15).
c [w = 8] Start task in PID: 12903.
c [w = 8] Cyclic Antibandwidth problem with w = 8 (caterpillar_20_10.txt):
c [w = 8] Initializing CaDiCaL (version 2.1.3).
c [w = 8] Configuring CaDiCaL as --sat (1).
c [w = 8] Encoding starts with w = 8:
c [w = 8] Symmetry breaking highest degree node is applied.
c [w = 8] Encoding duration: 631 ms.
c [w = 8] Number of clauses: 580775.
c [w = 8] Number of variables: 115800.
c [w = 8] SAT Solving starts:
c [Signal] Signal interruption. Caught signal: SIGTERM (15).
c [Main] Max width SAT is set to 26.
c [Main] Kill lower pid 11.
c [Main] Kill lower pid 9.
c [Main] Kill lower pid 8.
c [Main] Kill lower pid 10.
c [Main] Kill lower pid 13.
c [Main] Kill lower pid 12.
c [w = 10] Start task in PID: 12902.
c [w = 10] Cyclic Antibandwidth problem with w = 10 (caterpillar_20_10.txt):
c [w = 10] Initializing CaDiCaL (version 2.1.3).
c [w = 10] Configuring CaDiCaL as --sat (1).
c [w = 10] Encoding starts with w = 10:
c [w = 10] Symmetry breaking highest degree node is applied.
c [w = 10] Encoding duration: 578 ms.
c [w = 10] Number of clauses: 570160.
c [w = 10] Number of variables: 118800.
c [w = 10] SAT Solving starts:
c [Signal] Signal interruption. Caught signal: SIGTERM (15).
c [w = 13] Start task in PID: 12895.
c [w = 13] Cyclic Antibandwidth problem with w = 13 (caterpillar_20_10.txt):
c [w = 13] Initializing CaDiCaL (version 2.1.3).
c [w = 13] Configuring CaDiCaL as --sat (1).
c [w = 13] Encoding starts with w = 13:
c [w = 13] Symmetry breaking highest degree node is applied.
c [w = 13] Encoding duration: 634 ms.
c [w = 13] Number of clauses: 570348.
c [w = 13] Number of variables: 122800.
c [w = 13] SAT Solving starts:
c [Signal] Signal interruption. Caught signal: SIGTERM (15).
c [w = 12] Start task in PID: 12906.
c [w = 12] Cyclic Antibandwidth problem with w = 12 (caterpillar_20_10.txt):
c [w = 12] Initializing CaDiCaL (version 2.1.3).
c [w = 12] Configuring CaDiCaL as --sat (1).
c [w = 12] Encoding starts with w = 12:
c [w = 12] Symmetry breaking highest degree node is applied.
c [w = 12] Encoding duration: 597 ms.
c [w = 12] Number of clauses: 568751.
c [w = 12] Number of variables: 121400.
c [w = 12] SAT Solving starts:
c [Signal] Signal interruption. Caught signal: SIGTERM (15).
c [Main] Child pid 12 - 12906 terminated by signal 15.
c [Main] Child pid 10 - 12902 terminated by signal 15.
c [Main] Child pid 8 - 12903 terminated by signal 15.
c [Main] Child pid 9 - 12904 terminated by signal 15.
c [Main] Child pid 13 - 12895 terminated by signal 15.
c [Main] Child pid 11 - 12905 terminated by signal 15.
c [w = 29] Start task in PID: 12909.
c [w = 29] Cyclic Antibandwidth problem with w = 29 (caterpillar_20_10.txt):
c [w = 29] Initializing CaDiCaL (version 2.1.3).
c [w = 29] Configuring CaDiCaL as --sat (1).
c [w = 29] Encoding starts with w = 29:
c [w = 29] Symmetry breaking highest degree node is applied.
c [w = 29] Encoding duration: 639 ms.
c [w = 29] Number of clauses: 570521.
c [w = 29] Number of variables: 127200.
c [w = 29] SAT Solving starts:
c [w = 29] Solving duration: 1129 ms.
c [w = 29] Answer:
s [w = 29] SAT (w = 29).
c [w = 29] Solution check = 29.
c [w = 29] The solution is correct.
c [w = 29] Result: 10.
c [Main] Max width SAT is set to 29.
c [Main] Kill lower pid 28.
c [Main] Kill lower pid 27.
c [w = 28] Start task in PID: 12911.
c [w = 28] Cyclic Antibandwidth problem with w = 28 (caterpillar_20_10.txt):
c [w = 28] Initializing CaDiCaL (version 2.1.3).
c [w = 28] Configuring CaDiCaL as --sat (1).
c [w = 28] Encoding starts with w = 28:
c [w = 28] Symmetry breaking highest degree node is applied.
c [w = 28] Encoding duration: 652 ms.
c [w = 28] Number of clauses: 582124.
c [w = 28] Number of variables: 130800.
c [w = 28] SAT Solving starts:
c [Signal] Signal interruption. Caught signal: SIGTERM (15).
c [w = 27] Start task in PID: 12910.
c [w = 27] Cyclic Antibandwidth problem with w = 27 (caterpillar_20_10.txt):
c [w = 27] Initializing CaDiCaL (version 2.1.3).
c [w = 27] Configuring CaDiCaL as --sat (1).
c [w = 27] Encoding starts with w = 27:
c [w = 27] Symmetry breaking highest degree node is applied.
c [w = 27] Encoding duration: 630 ms.
c [w = 27] Number of clauses: 577124.
c [w = 27] Number of variables: 129200.
c [w = 27] SAT Solving starts:
c [Signal] Signal interruption. Caught signal: SIGTERM (15).
c [Main] Child pid 27 - 12910 terminated by signal 15.
c [Main] Child pid 28 - 12911 terminated by signal 15.
c [w = 30] Start task in PID: 12912.
c [w = 30] Cyclic Antibandwidth problem with w = 30 (caterpillar_20_10.txt):
c [w = 30] Initializing CaDiCaL (version 2.1.3).
c [w = 30] Configuring CaDiCaL as --sat (1).
c [w = 30] Encoding starts with w = 30:
c [w = 30] Symmetry breaking highest degree node is applied.
c [w = 30] Encoding duration: 642 ms.
c [w = 30] Number of clauses: 574921.
c [w = 30] Number of variables: 128600.
c [w = 30] SAT Solving starts:
c [w = 30] Solving duration: 1290 ms.
c [w = 30] Answer:
s [w = 30] SAT (w = 30).
c [w = 30] Solution check = 30.
c [w = 30] The solution is correct.
c [w = 30] Result: 10.
c [Main] Max width SAT is set to 30.
c [w = 31] Start task in PID: 12913.
c [w = 31] Cyclic Antibandwidth problem with w = 31 (caterpillar_20_10.txt):
c [w = 31] Initializing CaDiCaL (version 2.1.3).
c [w = 31] Configuring CaDiCaL as --sat (1).
c [w = 31] Encoding starts with w = 31:
c [w = 31] Symmetry breaking highest degree node is applied.
c [w = 31] Encoding duration: 622 ms.
c [w = 31] Number of clauses: 579321.
c [w = 31] Number of variables: 130000.
c [w = 31] SAT Solving starts:
c [w = 31] Solving duration: 1686 ms.
c [w = 31] Answer:
s [w = 31] SAT (w = 31).
c [w = 31] Solution check = 31.
c [w = 31] The solution is correct.
c [w = 31] Result: 10.
c [Main] Max width SAT is set to 31.
c [w = 38] Start task in PID: 12907.
c [w = 38] Cyclic Antibandwidth problem with w = 38 (caterpillar_20_10.txt):
c [w = 38] Initializing CaDiCaL (version 2.1.3).
c [w = 38] Configuring CaDiCaL as --sat (1).
c [w = 38] Encoding starts with w = 38:
c [w = 38] Symmetry breaking highest degree node is applied.
c [w = 38] Encoding duration: 651 ms.
c [w = 38] Number of clauses: 588318.
c [w = 38] Number of variables: 132800.
c [w = 38] SAT Solving starts:
c [w = 38] Solving duration: 1949 ms.
c [w = 38] Answer:
s [w = 38] SAT (w = 38).
c [w = 38] Solution check = 38.
c [w = 38] The solution is correct.
c [w = 38] Result: 10.
c [w = 37] Start task in PID: 12918.
c [w = 37] Cyclic Antibandwidth problem with w = 37 (caterpillar_20_10.txt):
c [w = 37] Initializing CaDiCaL (version 2.1.3).
c [w = 37] Configuring CaDiCaL as --sat (1).
c [w = 37] Encoding starts with w = 37:
c [w = 37] Symmetry breaking highest degree node is applied.
c [Signal] Signal interruption. Caught signal: SIGTERM (15).
c [w = 36] Start task in PID: 12917.
c [w = 36] Cyclic Antibandwidth problem with w = 36 (caterpillar_20_10.txt):
c [w = 36] Initializing CaDiCaL (version 2.1.3).
c [w = 36] Configuring CaDiCaL as --sat (1).
c [w = 36] Encoding starts with w = 36:
c [w = 36] Symmetry breaking highest degree node is applied.
c [w = 36] Encoding duration: 598 ms.
c [w = 36] Number of clauses: 580718.
c [w = 36] Number of variables: 130400.
c [w = 36] SAT Solving starts:
c [Signal] Signal interruption. Caught signal: SIGTERM (15).
c [w = 34] Start task in PID: 12916.
c [w = 34] Cyclic Antibandwidth problem with w = 34 (caterpillar_20_10.txt):
c [w = 34] Initializing CaDiCaL (version 2.1.3).
c [w = 34] Configuring CaDiCaL as --sat (1).
c [w = 34] Encoding starts with w = 34:
c [w = 34] Symmetry breaking highest degree node is applied.
c [w = 34] Encoding duration: 636 ms.
c [w = 34] Number of clauses: 573118.
c [w = 34] Number of variables: 128000.
c [w = 34] SAT Solving starts:
c [Signal] Signal interruption. Caught signal: SIGTERM (15).
c [w = 33] Start task in PID: 12915.
c [w = 33] Cyclic Antibandwidth problem with w = 33 (caterpillar_20_10.txt):
c [w = 33] Initializing CaDiCaL (version 2.1.3).
c [w = 33] Configuring CaDiCaL as --sat (1).
c [w = 33] Encoding starts with w = 33:
c [w = 33] Symmetry breaking highest degree node is applied.
c [w = 33] Encoding duration: 618 ms.
c [w = 33] Number of clauses: 588121.
c [w = 33] Number of variables: 132800.
c [w = 33] SAT Solving starts:
c [Signal] Signal interruption. Caught signal: SIGTERM (15).
c [Main] Max width SAT is set to 38.
c [Main] Kill lower pid 37.
c [Main] Kill lower pid 36.
c [Main] Kill lower pid 34.
c [Main] Kill lower pid 33.
c [Main] Kill lower pid 35.
c [Main] Kill lower pid 32.
c [w = 35] Start task in PID: 12914.
c [w = 35] Cyclic Antibandwidth problem with w = 35 (caterpillar_20_10.txt):
c [w = 35] Initializing CaDiCaL (version 2.1.3).
c [w = 35] Configuring CaDiCaL as --sat (1).
c [w = 35] Encoding starts with w = 35:
c [w = 35] Symmetry breaking highest degree node is applied.
c [w = 35] Encoding duration: 642 ms.
c [w = 35] Number of clauses: 576918.
c [w = 35] Number of variables: 129200.
c [w = 35] SAT Solving starts:
c [Signal] Signal interruption. Caught signal: SIGTERM (15).
c [w = 32] Start task in PID: 12908.
c [w = 32] Cyclic Antibandwidth problem with w = 32 (caterpillar_20_10.txt):
c [w = 32] Initializing CaDiCaL (version 2.1.3).
c [w = 32] Configuring CaDiCaL as --sat (1).
c [w = 32] Encoding starts with w = 32:
c [w = 32] Symmetry breaking highest degree node is applied.
c [w = 32] Encoding duration: 655 ms.
c [w = 32] Number of clauses: 583721.
c [w = 32] Number of variables: 131400.
c [w = 32] SAT Solving starts:
c [Signal] Signal interruption. Caught signal: SIGTERM (15).
c [Main] Child pid 37 - 12918 terminated by signal 15.
c [Main] Child pid 35 - 12914 terminated by signal 15.
c [Main] Child pid 34 - 12916 terminated by signal 15.
c [Main] Child pid 36 - 12917 terminated by signal 15.
c [Main] Child pid 33 - 12915 terminated by signal 15.
c [Main] Child pid 32 - 12908 terminated by signal 15.
c [w = 40] Start task in PID: 12922.
c [w = 40] Cyclic Antibandwidth problem with w = 40 (caterpillar_20_10.txt):
c [w = 40] Initializing CaDiCaL (version 2.1.3).
c [w = 40] Configuring CaDiCaL as --sat (1).
c [w = 40] Encoding starts with w = 40:
c [w = 40] Symmetry breaking highest degree node is applied.
c [w = 40] Encoding duration: 640 ms.
c [w = 40] Number of clauses: 573115.
c [w = 40] Number of variables: 127800.
c [w = 40] SAT Solving starts:
c [w = 40] Solving duration: 236 ms.
c [w = 40] Answer:
s [w = 40] SAT (w = 40).
c [w = 40] Solution check = 40.
c [w = 40] The solution is correct.
c [w = 40] Result: 10.
c [Main] Max width SAT is set to 40.
c [Main] Kill lower pid 39.
c [w = 39] Start task in PID: 12921.
c [w = 39] Cyclic Antibandwidth problem with w = 39 (caterpillar_20_10.txt):
c [w = 39] Initializing CaDiCaL (version 2.1.3).
c [w = 39] Configuring CaDiCaL as --sat (1).
c [w = 39] Encoding starts with w = 39:
c [w = 39] Symmetry breaking highest degree node is applied.
c [w = 39] Encoding duration: 583 ms.
c [w = 39] Number of clauses: 592118.
c [w = 39] Number of variables: 134000.
c [w = 39] SAT Solving starts:
c [Signal] Signal interruption. Caught signal: SIGTERM (15).
c [Main] Child pid 39 - 12921 terminated by signal 15.
c [w = 43] Start task in PID: 12924.
c [w = 43] Cyclic Antibandwidth problem with w = 43 (caterpillar_20_10.txt):
c [w = 43] Initializing CaDiCaL (version 2.1.3).
c [w = 43] Configuring CaDiCaL as --sat (1).
c [w = 43] Encoding starts with w = 43:
c [w = 43] Symmetry breaking highest degree node is applied.
c [w = 43] Encoding duration: 653 ms.
c [w = 43] Number of clauses: 582715.
c [w = 43] Number of variables: 130800.
c [w = 43] SAT Solving starts:
c [w = 43] Solving duration: 775 ms.
c [w = 43] Answer:
s [w = 43] SAT (w = 43).
c [w = 43] Solution check = 43.
c [w = 43] The solution is correct.
c [w = 43] Result: 10.
c [Main] Max width SAT is set to 43.
c [Main] Kill lower pid 42.
c [Main] Kill lower pid 41.
c [w = 41] Start task in PID: 12920.
c [w = 41] Cyclic Antibandwidth problem with w = 41 (caterpillar_20_10.txt):
c [w = 41] Initializing CaDiCaL (version 2.1.3).
c [w = 41] Configuring CaDiCaL as --sat (1).
c [w = 41] Encoding starts with w = 41:
c [w = 41] Symmetry breaking highest degree node is applied.
c [w = 41] Encoding duration: 635 ms.
c [w = 41] Number of clauses: 576315.
c [w = 41] Number of variables: 128800.
c [w = 41] SAT Solving starts:
c [Signal] Signal interruption. Caught signal: SIGTERM (15).
c [w = 42] Start task in PID: 12923.
c [w = 42] Cyclic Antibandwidth problem with w = 42 (caterpillar_20_10.txt):
c [w = 42] Initializing CaDiCaL (version 2.1.3).
c [w = 42] Configuring CaDiCaL as --sat (1).
c [w = 42] Encoding starts with w = 42:
c [w = 42] Symmetry breaking highest degree node is applied.
c [w = 42] Encoding duration: 649 ms.
c [w = 42] Number of clauses: 579515.
c [w = 42] Number of variables: 129800.
c [w = 42] SAT Solving starts:
c [Signal] Signal interruption. Caught signal: SIGTERM (15).
c [Main] Child pid 41 - 12920 terminated by signal 15.
c [Main] Child pid 42 - 12923 terminated by signal 15.
c [w = 51] Start task in PID: 12893.
c [w = 51] Cyclic Antibandwidth problem with w = 51 (caterpillar_20_10.txt):
c [w = 51] Initializing CaDiCaL (version 2.1.3).
c [w = 51] Configuring CaDiCaL as --sat (1).
c [w = 51] Encoding starts with w = 51:
c [w = 51] Symmetry breaking highest degree node is applied.
c [w = 51] Encoding duration: 636 ms.
c [w = 51] Number of clauses: 579112.
c [w = 51] Number of variables: 129200.
c [w = 51] SAT Solving starts:
c [w = 51] Solving duration: 6471 ms.
c [w = 51] Answer:
s [w = 51] SAT (w = 51).
c [w = 51] Solution check = 51.
c [w = 51] The solution is correct.
c [w = 51] Result: 10.
c [w = 50] Start task in PID: 12930.
c [w = 50] Cyclic Antibandwidth problem with w = 50 (caterpillar_20_10.txt):
c [w = 50] Initializing CaDiCaL (version 2.1.3).
c [w = 50] Configuring CaDiCaL as --sat (1).
c [w = 50] Encoding starts with w = 50:
c [w = 50] Symmetry breaking highest degree node is applied.
c [w = 50] Encoding duration: 599 ms.
c [w = 50] Number of clauses: 576512.
c [w = 50] Number of variables: 128400.
c [w = 50] SAT Solving starts:
c [Signal] Signal interruption. Caught signal: SIGTERM (15).
c [w = 48] Start task in PID: 12929.
c [w = 48] Cyclic Antibandwidth problem with w = 48 (caterpillar_20_10.txt):
c [w = 48] Initializing CaDiCaL (version 2.1.3).
c [w = 48] Configuring CaDiCaL as --sat (1).
c [w = 48] Encoding starts with w = 48:
c [w = 48] Symmetry breaking highest degree node is applied.
c [w = 48] Encoding duration: 661 ms.
c [w = 48] Number of clauses: 598715.
c [w = 48] Number of variables: 135800.
c [w = 48] SAT Solving starts:
c [Signal] Signal interruption. Caught signal: SIGTERM (15).
c [w = 49] Start task in PID: 12928.
c [w = 49] Cyclic Antibandwidth problem with w = 49 (caterpillar_20_10.txt):
c [w = 49] Initializing CaDiCaL (version 2.1.3).
c [w = 49] Configuring CaDiCaL as --sat (1).
c [w = 49] Encoding starts with w = 49:
c [w = 49] Symmetry breaking highest degree node is applied.
c [w = 49] Encoding duration: 666 ms.
c [w = 49] Number of clauses: 601915.
c [w = 49] Number of variables: 136800.
c [w = 49] SAT Solving starts:
c [Signal] Signal interruption. Caught signal: SIGTERM (15).
c [w = 46] Start task in PID: 12927.
c [w = 46] Cyclic Antibandwidth problem with w = 46 (caterpillar_20_10.txt):
c [w = 46] Initializing CaDiCaL (version 2.1.3).
c [w = 46] Configuring CaDiCaL as --sat (1).
c [w = 46] Encoding starts with w = 46:
c [w = 46] Symmetry breaking highest degree node is applied.
c [w = 46] Encoding duration: 601 ms.
c [w = 46] Number of clauses: 592315.
c [w = 46] Number of variables: 133800.
c [w = 46] SAT Solving starts:
c [Signal] Signal interruption. Caught signal: SIGTERM (15).
c [w = 45] Start task in PID: 12926.
c [w = 45] Cyclic Antibandwidth problem with w = 45 (caterpillar_20_10.txt):
c [w = 45] Initializing CaDiCaL (version 2.1.3).
c [w = 45] Configuring CaDiCaL as --sat (1).
c [w = 45] Encoding starts with w = 45:
c [w = 45] Symmetry breaking highest degree node is applied.
c [w = 45] Encoding duration: 628 ms.
c [w = 45] Number of clauses: 589115.
c [w = 45] Number of variables: 132800.
c [w = 45] SAT Solving starts:
c [Signal] Signal interruption. Caught signal: SIGTERM (15).
c [Main] Max width SAT is set to 51.
c [Main] Kill lower pid 50.
c [Main] Kill lower pid 48.
c [Main] Kill lower pid 49.
c [Main] Kill lower pid 46.
c [Main] Kill lower pid 45.
c [Main] Kill lower pid 47.
c [Main] Kill lower pid 44.
c [w = 47] Start task in PID: 12925.
c [w = 47] Cyclic Antibandwidth problem with w = 47 (caterpillar_20_10.txt):
c [w = 47] Initializing CaDiCaL (version 2.1.3).
c [w = 47] Configuring CaDiCaL as --sat (1).
c [w = 47] Encoding starts with w = 47:
c [w = 47] Symmetry breaking highest degree node is applied.
c [w = 47] Encoding duration: 649 ms.
c [w = 47] Number of clauses: 595515.
c [w = 47] Number of variables: 134800.
c [w = 47] SAT Solving starts:
c [Signal] Signal interruption. Caught signal: SIGTERM (15).
c [w = 44] Start task in PID: 12919.
c [w = 44] Cyclic Antibandwidth problem with w = 44 (caterpillar_20_10.txt):
c [w = 44] Initializing CaDiCaL (version 2.1.3).
c [w = 44] Configuring CaDiCaL as --sat (1).
c [w = 44] Encoding starts with w = 44:
c [w = 44] Symmetry breaking highest degree node is applied.
c [w = 44] Encoding duration: 651 ms.
c [w = 44] Number of clauses: 585915.
c [w = 44] Number of variables: 131800.
c [w = 44] SAT Solving starts:
c [Signal] Signal interruption. Caught signal: SIGTERM (15).
c [Main] Child pid 44 - 12919 terminated by signal 15.
c [Main] Child pid 50 - 12930 terminated by signal 15.
c [Main] Child pid 47 - 12925 terminated by signal 15.
c [Main] Child pid 45 - 12926 terminated by signal 15.
c [Main] Child pid 49 - 12928 terminated by signal 15.
c [Main] Child pid 46 - 12927 terminated by signal 15.
c [Main] Child pid 48 - 12929 terminated by signal 15.
c [w = 52] Start task in PID: 12935.
c [w = 52] Cyclic Antibandwidth problem with w = 52 (caterpillar_20_10.txt):
c [w = 52] Initializing CaDiCaL (version 2.1.3).
c [w = 52] Configuring CaDiCaL as --sat (1).
c [w = 52] Encoding starts with w = 52:
c [w = 52] Symmetry breaking highest degree node is applied.
c [w = 52] Encoding duration: 644 ms.
c [w = 52] Number of clauses: 581712.
c [w = 52] Number of variables: 130000.
c [w = 52] SAT Solving starts:
c [w = 52] Solving duration: 1106 ms.
c [w = 52] Answer:
s [w = 52] SAT (w = 52).
c [w = 52] Solution check = 52.
c [w = 52] The solution is correct.
c [w = 52] Result: 10.
c [Main] Max width SAT is set to 52.
c [w = 55] Start task in PID: 12937.
c [w = 55] Cyclic Antibandwidth problem with w = 55 (caterpillar_20_10.txt):
c [w = 55] Initializing CaDiCaL (version 2.1.3).
c [w = 55] Configuring CaDiCaL as --sat (1).
c [w = 55] Encoding starts with w = 55:
c [w = 55] Symmetry breaking highest degree node is applied.
c [w = 55] Encoding duration: 648 ms.
c [w = 55] Number of clauses: 589512.
c [w = 55] Number of variables: 132400.
c [w = 55] SAT Solving starts:
c [w = 55] Solving duration: 7086 ms.
c [w = 55] Answer:
s [w = 55] SAT (w = 55).
c [w = 55] Solution check = 55.
c [w = 55] The solution is correct.
c [w = 55] Result: 10.
c [Main] Max width SAT is set to 55.
c [Main] Kill lower pid 53.
c [Main] Kill lower pid 54.
c [w = 53] Start task in PID: 12936.
c [w = 53] Cyclic Antibandwidth problem with w = 53 (caterpillar_20_10.txt):
c [w = 53] Initializing CaDiCaL (version 2.1.3).
c [w = 53] Configuring CaDiCaL as --sat (1).
c [w = 53] Encoding starts with w = 53:
c [w = 53] Symmetry breaking highest degree node is applied.
c [w = 53] Encoding duration: 648 ms.
c [w = 53] Number of clauses: 584312.
c [w = 53] Number of variables: 130800.
c [w = 53] SAT Solving starts:
c [Signal] Signal interruption. Caught signal: SIGTERM (15).
c [w = 54] Start task in PID: 12934.
c [w = 54] Cyclic Antibandwidth problem with w = 54 (caterpillar_20_10.txt):
c [w = 54] Initializing CaDiCaL (version 2.1.3).
c [w = 54] Configuring CaDiCaL as --sat (1).
c [w = 54] Encoding starts with w = 54:
c [w = 54] Symmetry breaking highest degree node is applied.
c [w = 54] Encoding duration: 655 ms.
c [w = 54] Number of clauses: 586912.
c [w = 54] Number of variables: 131600.
c [w = 54] SAT Solving starts:
c [Signal] Signal interruption. Caught signal: SIGTERM (15).
c [Main] Child pid 54 - 12934 terminated by signal 15.
c [Main] Child pid 53 - 12936 terminated by signal 15.
c [w = 59] Start task in PID: 12941.
c [w = 59] Cyclic Antibandwidth problem with w = 59 (caterpillar_20_10.txt):
c [w = 59] Initializing CaDiCaL (version 2.1.3).
c [w = 59] Configuring CaDiCaL as --sat (1).
c [w = 59] Encoding starts with w = 59:
c [w = 59] Symmetry breaking highest degree node is applied.
c [w = 59] Encoding duration: 609 ms.
c [w = 59] Number of clauses: 599912.
c [w = 59] Number of variables: 135600.
c [w = 59] SAT Solving starts:
c [w = 59] Solving duration: 1637 ms.
c [w = 59] Answer:
s [w = 59] SAT (w = 59).
c [w = 59] Solution check = 59.
c [w = 59] The solution is correct.
c [w = 59] Result: 10.
c [Main] Max width SAT is set to 59.
c [Main] Kill lower pid 58.
c [Main] Kill lower pid 56.
c [Main] Kill lower pid 57.
c [w = 58] Start task in PID: 12940.
c [w = 58] Cyclic Antibandwidth problem with w = 58 (caterpillar_20_10.txt):
c [w = 58] Initializing CaDiCaL (version 2.1.3).
c [w = 58] Configuring CaDiCaL as --sat (1).
c [w = 58] Encoding starts with w = 58:
c [w = 58] Symmetry breaking highest degree node is applied.
c [w = 58] Encoding duration: 617 ms.
c [w = 58] Number of clauses: 597312.
c [w = 58] Number of variables: 134800.
c [w = 58] SAT Solving starts:
c [Signal] Signal interruption. Caught signal: SIGTERM (15).
c [w = 56] Start task in PID: 12938.
c [w = 56] Cyclic Antibandwidth problem with w = 56 (caterpillar_20_10.txt):
c [w = 56] Initializing CaDiCaL (version 2.1.3).
c [w = 56] Configuring CaDiCaL as --sat (1).
c [w = 56] Encoding starts with w = 56:
c [w = 56] Symmetry breaking highest degree node is applied.
c [w = 56] Encoding duration: 666 ms.
c [w = 56] Number of clauses: 592112.
c [w = 56] Number of variables: 133200.
c [w = 56] SAT Solving starts:
c [Signal] Signal interruption. Caught signal: SIGTERM (15).
c [w = 57] Start task in PID: 12933.
c [w = 57] Cyclic Antibandwidth problem with w = 57 (caterpillar_20_10.txt):
c [w = 57] Initializing CaDiCaL (version 2.1.3).
c [w = 57] Configuring CaDiCaL as --sat (1).
c [w = 57] Encoding starts with w = 57:
c [w = 57] Symmetry breaking highest degree node is applied.
c [w = 57] Encoding duration: 668 ms.
c [w = 57] Number of clauses: 594712.
c [w = 57] Number of variables: 134000.
c [w = 57] SAT Solving starts:
c [Signal] Signal interruption. Caught signal: SIGTERM (15).
c [Main] Child pid 58 - 12940 terminated by signal 15.
c [Main] Child pid 57 - 12933 terminated by signal 15.
c [Main] Child pid 56 - 12938 terminated by signal 15.
c [w = 62] Start task in PID: 12943.
c [w = 62] Cyclic Antibandwidth problem with w = 62 (caterpillar_20_10.txt):
c [w = 62] Initializing CaDiCaL (version 2.1.3).
c [w = 62] Configuring CaDiCaL as --sat (1).
c [w = 62] Encoding starts with w = 62:
c [w = 62] Symmetry breaking highest degree node is applied.
c [w = 62] Encoding duration: 611 ms.
c [w = 62] Number of clauses: 607712.
c [w = 62] Number of variables: 138000.
c [w = 62] SAT Solving starts:
c [w = 62] Solving duration: 2487 ms.
c [w = 62] Answer:
s [w = 62] SAT (w = 62).
c [w = 62] Solution check = 62.
c [w = 62] The solution is correct.
c [w = 62] Result: 10.
c [Main] Max width SAT is set to 62.
c [Main] Kill lower pid 61.
c [Main] Kill lower pid 60.
c [w = 61] Start task in PID: 12942.
c [w = 61] Cyclic Antibandwidth problem with w = 61 (caterpillar_20_10.txt):
c [w = 61] Initializing CaDiCaL (version 2.1.3).
c [w = 61] Configuring CaDiCaL as --sat (1).
c [w = 61] Encoding starts with w = 61:
c [w = 61] Symmetry breaking highest degree node is applied.
c [w = 61] Encoding duration: 629 ms.
c [w = 61] Number of clauses: 605112.
c [w = 61] Number of variables: 137200.
c [w = 61] SAT Solving starts:
c [Signal] Signal interruption. Caught signal: SIGTERM (15).
c [w = 60] Start task in PID: 12939.
c [w = 60] Cyclic Antibandwidth problem with w = 60 (caterpillar_20_10.txt):
c [w = 60] Initializing CaDiCaL (version 2.1.3).
c [w = 60] Configuring CaDiCaL as --sat (1).
c [w = 60] Encoding starts with w = 60:
c [w = 60] Symmetry breaking highest degree node is applied.
c [w = 60] Encoding duration: 657 ms.
c [w = 60] Number of clauses: 602512.
c [w = 60] Number of variables: 136400.
c [w = 60] SAT Solving starts:
c [Signal] Signal interruption. Caught signal: SIGTERM (15).
c [Main] Child pid 61 - 12942 terminated by signal 15.
c [Main] Child pid 60 - 12939 terminated by signal 15.
c [w = 63] Start task in PID: 12932.
c [w = 63] Cyclic Antibandwidth problem with w = 63 (caterpillar_20_10.txt):
c [w = 63] Initializing CaDiCaL (version 2.1.3).
c [w = 63] Configuring CaDiCaL as --sat (1).
c [w = 63] Encoding starts with w = 63:
c [w = 63] Symmetry breaking highest degree node is applied.
c [w = 63] Encoding duration: 674 ms.
c [w = 63] Number of clauses: 610312.
c [w = 63] Number of variables: 138800.
c [w = 63] SAT Solving starts:
c [w = 63] Solving duration: 15627 ms.
c [w = 63] Answer:
s [w = 63] SAT (w = 63).
c [w = 63] Solution check = 63.
c [w = 63] The solution is correct.
c [w = 63] Result: 10.
c [Main] Max width SAT is set to 63.
c [w = 67] Start task in PID: 12948.
c [w = 67] Cyclic Antibandwidth problem with w = 67 (caterpillar_20_10.txt):
c [w = 67] Initializing CaDiCaL (version 2.1.3).
c [w = 67] Configuring CaDiCaL as --sat (1).
c [w = 67] Encoding starts with w = 67:
c [w = 67] Symmetry breaking highest degree node is applied.
c [w = 67] Encoding duration: 565 ms.
c [w = 67] Number of clauses: 582109.
c [w = 67] Number of variables: 129200.
c [w = 67] SAT Solving starts:
c [w = 67] Solving duration: 2515 ms.
c [w = 67] Answer:
s [w = 67] SAT (w = 67).
c [w = 67] Solution check = 67.
c [w = 67] The solution is correct.
c [w = 67] Result: 10.
c [Main] Max width SAT is set to 67.
c [Main] Kill lower pid 65.
c [Main] Kill lower pid 64.
c [Main] Kill lower pid 66.
c [w = 65] Start task in PID: 12947.
c [w = 65] Cyclic Antibandwidth problem with w = 65 (caterpillar_20_10.txt):
c [w = 65] Initializing CaDiCaL (version 2.1.3).
c [w = 65] Configuring CaDiCaL as --sat (1).
c [w = 65] Encoding starts with w = 65:
c [w = 65] Symmetry breaking highest degree node is applied.
c [w = 65] Encoding duration: 679 ms.
c [w = 65] Number of clauses: 615512.
c [w = 65] Number of variables: 140400.
c [w = 65] SAT Solving starts:
c [Signal] Signal interruption. Caught signal: SIGTERM (15).
c [w = 64] Start task in PID: 12946.
c [w = 64] Cyclic Antibandwidth problem with w = 64 (caterpillar_20_10.txt):
c [w = 64] Initializing CaDiCaL (version 2.1.3).
c [w = 64] Configuring CaDiCaL as --sat (1).
c [w = 64] Encoding starts with w = 64:
c [w = 64] Symmetry breaking highest degree node is applied.
c [w = 64] Encoding duration: 689 ms.
c [w = 64] Number of clauses: 612912.
c [w = 64] Number of variables: 139600.
c [w = 64] SAT Solving starts:
c [Signal] Signal interruption. Caught signal: SIGTERM (15).
c [w = 66] Start task in PID: 12945.
c [w = 66] Cyclic Antibandwidth problem with w = 66 (caterpillar_20_10.txt):
c [w = 66] Initializing CaDiCaL (version 2.1.3).
c [w = 66] Configuring CaDiCaL as --sat (1).
c [w = 66] Encoding starts with w = 66:
c [w = 66] Symmetry breaking highest degree node is applied.
c [w = 66] Encoding duration: 651 ms.
c [w = 66] Number of clauses: 618112.
c [w = 66] Number of variables: 141200.
c [w = 66] SAT Solving starts:
c [Signal] Signal interruption. Caught signal: SIGTERM (15).
c [Main] Child pid 64 - 12946 terminated by signal 15.
c [Main] Child pid 65 - 12947 terminated by signal 15.
c [Main] Child pid 66 - 12945 terminated by signal 15.
c [w = 69] Start task in PID: 12944.
c [w = 69] Cyclic Antibandwidth problem with w = 69 (caterpillar_20_10.txt):
c [w = 69] Initializing CaDiCaL (version 2.1.3).
c [w = 69] Configuring CaDiCaL as --sat (1).
c [w = 69] Encoding starts with w = 69:
c [w = 69] Symmetry breaking highest degree node is applied.
c [w = 69] Encoding duration: 642 ms.
c [w = 69] Number of clauses: 586109.
c [w = 69] Number of variables: 130400.
c [w = 69] SAT Solving starts:
c [w = 69] Solving duration: 7997 ms.
c [w = 69] Answer:
s [w = 69] SAT (w = 69).
c [w = 69] Solution check = 69.
c [w = 69] The solution is correct.
c [w = 69] Result: 10.
c [Main] Max width SAT is set to 69.
c [Main] Kill lower pid 68.
c [w = 68] Start task in PID: 12949.
c [w = 68] Cyclic Antibandwidth problem with w = 68 (caterpillar_20_10.txt):
c [w = 68] Initializing CaDiCaL (version 2.1.3).
c [w = 68] Configuring CaDiCaL as --sat (1).
c [w = 68] Encoding starts with w = 68:
c [w = 68] Symmetry breaking highest degree node is applied.
c [w = 68] Encoding duration: 641 ms.
c [w = 68] Number of clauses: 584109.
c [w = 68] Number of variables: 129800.
c [w = 68] SAT Solving starts:
c [Signal] Signal interruption. Caught signal: SIGTERM (15).
c [Main] Child pid 68 - 12949 terminated by signal 15.
c [w = 72] Start task in PID: 12950.
c [w = 72] Cyclic Antibandwidth problem with w = 72 (caterpillar_20_10.txt):
c [w = 72] Initializing CaDiCaL (version 2.1.3).
c [w = 72] Configuring CaDiCaL as --sat (1).
c [w = 72] Encoding starts with w = 72:
c [w = 72] Symmetry breaking highest degree node is applied.
c [w = 72] Encoding duration: 606 ms.
c [w = 72] Number of clauses: 592109.
c [w = 72] Number of variables: 132200.
c [w = 72] SAT Solving starts:
c [w = 72] Solving duration: 8073 ms.
c [w = 72] Answer:
s [w = 72] SAT (w = 72).
c [w = 72] Solution check = 72.
c [w = 72] The solution is correct.
c [w = 72] Result: 10.
c [Main] Max width SAT is set to 72.
c [Main] Kill lower pid 71.
c [Main] Kill lower pid 70.
c [w = 70] Start task in PID: 12951.
c [w = 70] Cyclic Antibandwidth problem with w = 70 (caterpillar_20_10.txt):
c [w = 70] Initializing CaDiCaL (version 2.1.3).
c [w = 70] Configuring CaDiCaL as --sat (1).
c [w = 70] Encoding starts with w = 70:
c [w = 70] Symmetry breaking highest degree node is applied.
c [w = 70] Encoding duration: 635 ms.
c [w = 70] Number of clauses: 588109.
c [w = 70] Number of variables: 131000.
c [w = 70] SAT Solving starts:
c [Signal] Signal interruption. Caught signal: SIGTERM (15).
c [w = 71] Start task in PID: 12952.
c [w = 71] Cyclic Antibandwidth problem with w = 71 (caterpillar_20_10.txt):
c [w = 71] Initializing CaDiCaL (version 2.1.3).
c [w = 71] Configuring CaDiCaL as --sat (1).
c [w = 71] Encoding starts with w = 71:
c [w = 71] Symmetry breaking highest degree node is applied.
c [w = 71] Encoding duration: 623 ms.
c [w = 71] Number of clauses: 590109.
c [w = 71] Number of variables: 131600.
c [w = 71] SAT Solving starts:
c [Signal] Signal interruption. Caught signal: SIGTERM (15).
c [Main] Child pid 70 - 12951 terminated by signal 15.
c [Main] Child pid 71 - 12952 terminated by signal 15.
c [w = 74] Start task in PID: 12953.
c [w = 74] Cyclic Antibandwidth problem with w = 74 (caterpillar_20_10.txt):
c [w = 74] Initializing CaDiCaL (version 2.1.3).
c [w = 74] Configuring CaDiCaL as --sat (1).
c [w = 74] Encoding starts with w = 74:
c [w = 74] Symmetry breaking highest degree node is applied.
c [w = 74] Encoding duration: 579 ms.
c [w = 74] Number of clauses: 596109.
c [w = 74] Number of variables: 133400.
c [w = 74] SAT Solving starts:
c [w = 74] Solving duration: 7811 ms.
c [w = 74] Answer:
s [w = 74] SAT (w = 74).
c [w = 74] Solution check = 74.
c [w = 74] The solution is correct.
c [w = 74] Result: 10.
c [Main] Max width SAT is set to 74.
c [Main] Kill lower pid 73.
c [w = 73] Start task in PID: 12954.
c [w = 73] Cyclic Antibandwidth problem with w = 73 (caterpillar_20_10.txt):
c [w = 73] Initializing CaDiCaL (version 2.1.3).
c [w = 73] Configuring CaDiCaL as --sat (1).
c [w = 73] Encoding starts with w = 73:
c [w = 73] Symmetry breaking highest degree node is applied.
c [w = 73] Encoding duration: 585 ms.
c [w = 73] Number of clauses: 594109.
c [w = 73] Number of variables: 132800.
c [w = 73] SAT Solving starts:
c [Signal] Signal interruption. Caught signal: SIGTERM (15).
c [Main] Child pid 73 - 12954 terminated by signal 15.
c [w = 76] Start task in PID: 12931.
c [w = 76] Cyclic Antibandwidth problem with w = 76 (caterpillar_20_10.txt):
c [w = 76] Initializing CaDiCaL (version 2.1.3).
c [w = 76] Configuring CaDiCaL as --sat (1).
c [w = 76] Encoding starts with w = 76:
c [w = 76] Symmetry breaking highest degree node is applied.
c [w = 76] Encoding duration: 666 ms.
c [w = 76] Number of clauses: 600109.
c [w = 76] Number of variables: 134600.
c [w = 76] SAT Solving starts:
c [w = 76] Solving duration: 29994 ms.
c [w = 76] Answer:
s [w = 76] SAT (w = 76).
c [w = 76] Solution check = 76.
c [w = 76] The solution is correct.
c [w = 76] Result: 10.
c [Main] Max width SAT is set to 76.
c [Main] Kill lower pid 75.
c [w = 75] Start task in PID: 12955.
c [w = 75] Cyclic Antibandwidth problem with w = 75 (caterpillar_20_10.txt):
c [w = 75] Initializing CaDiCaL (version 2.1.3).
c [w = 75] Configuring CaDiCaL as --sat (1).
c [w = 75] Encoding starts with w = 75:
c [w = 75] Symmetry breaking highest degree node is applied.
c [w = 75] Encoding duration: 634 ms.
c [w = 75] Number of clauses: 598109.
c [w = 75] Number of variables: 134000.
c [w = 75] SAT Solving starts:
c [Signal] Signal interruption. Caught signal: SIGTERM (15).
c [Main] Child pid 75 - 12955 terminated by signal 15.
c [w = 78] Start task in PID: 12960.
c [w = 78] Cyclic Antibandwidth problem with w = 78 (caterpillar_20_10.txt):
c [w = 78] Initializing CaDiCaL (version 2.1.3).
c [w = 78] Configuring CaDiCaL as --sat (1).
c [w = 78] Encoding starts with w = 78:
c [w = 78] Symmetry breaking highest degree node is applied.
c [w = 78] Encoding duration: 626 ms.
c [w = 78] Number of clauses: 604109.
c [w = 78] Number of variables: 135800.
c [w = 78] SAT Solving starts:
c [w = 78] Solving duration: 8342 ms.
c [w = 78] Answer:
s [w = 78] SAT (w = 78).
c [w = 78] Solution check = 78.
c [w = 78] The solution is correct.
c [w = 78] Result: 10.
c [Main] Max width SAT is set to 78.
c [Main] Kill lower pid 77.
c [w = 77] Start task in PID: 12959.
c [w = 77] Cyclic Antibandwidth problem with w = 77 (caterpillar_20_10.txt):
c [w = 77] Initializing CaDiCaL (version 2.1.3).
c [w = 77] Configuring CaDiCaL as --sat (1).
c [w = 77] Encoding starts with w = 77:
c [w = 77] Symmetry breaking highest degree node is applied.
c [w = 77] Encoding duration: 665 ms.
c [w = 77] Number of clauses: 602109.
c [w = 77] Number of variables: 135200.
c [w = 77] SAT Solving starts:
c [Signal] Signal interruption. Caught signal: SIGTERM (15).
c [Main] Child pid 77 - 12959 terminated by signal 15.
c [w = 80] Start task in PID: 12961.
c [w = 80] Cyclic Antibandwidth problem with w = 80 (caterpillar_20_10.txt):
c [w = 80] Initializing CaDiCaL (version 2.1.3).
c [w = 80] Configuring CaDiCaL as --sat (1).
c [w = 80] Encoding starts with w = 80:
c [w = 80] Symmetry breaking highest degree node is applied.
c [w = 80] Encoding duration: 602 ms.
c [w = 80] Number of clauses: 608109.
c [w = 80] Number of variables: 137000.
c [w = 80] SAT Solving starts:
c [w = 80] Solving duration: 8435 ms.
c [w = 80] Answer:
s [w = 80] SAT (w = 80).
c [w = 80] Solution check = 80.
c [w = 80] The solution is correct.
c [w = 80] Result: 10.
c [Main] Max width SAT is set to 80.
c [Main] Kill lower pid 79.
c [w = 79] Start task in PID: 12958.
c [w = 79] Cyclic Antibandwidth problem with w = 79 (caterpillar_20_10.txt):
c [w = 79] Initializing CaDiCaL (version 2.1.3).
c [w = 79] Configuring CaDiCaL as --sat (1).
c [w = 79] Encoding starts with w = 79:
c [w = 79] Symmetry breaking highest degree node is applied.
c [w = 79] Encoding duration: 677 ms.
c [w = 79] Number of clauses: 606109.
c [w = 79] Number of variables: 136400.
c [w = 79] SAT Solving starts:
c [Signal] Signal interruption. Caught signal: SIGTERM (15).
c [Main] Child pid 79 - 12958 terminated by signal 15.
c [w = 88] Start task in PID: 12956.
c [w = 88] Cyclic Antibandwidth problem with w = 88 (caterpillar_20_10.txt):
c [w = 88] Initializing CaDiCaL (version 2.1.3).
c [w = 88] Configuring CaDiCaL as --sat (1).
c [w = 88] Encoding starts with w = 88:
c [w = 88] Symmetry breaking highest degree node is applied.
c [w = 88] Encoding duration: 639 ms.
c [w = 88] Number of clauses: 624109.
c [w = 88] Number of variables: 141800.
c [w = 88] SAT Solving starts:
c [w = 88] Solving duration: 14864 ms.
c [w = 88] Answer:
s [w = 88] SAT (w = 88).
c [w = 88] Solution check = 88.
c [w = 88] The solution is correct.
c [w = 88] Result: 10.
c [w = 87] Start task in PID: 12967.
c [w = 87] Cyclic Antibandwidth problem with w = 87 (caterpillar_20_10.txt):
c [w = 87] Initializing CaDiCaL (version 2.1.3).
c [w = 87] Configuring CaDiCaL as --sat (1).
c [w = 87] Encoding starts with w = 87:
c [w = 87] Symmetry breaking highest degree node is applied.
c [Signal] Signal interruption. Caught signal: SIGTERM (15).
c [w = 84] Start task in PID: 12965.
c [w = 84] Cyclic Antibandwidth problem with w = 84 (caterpillar_20_10.txt):
c [w = 84] Initializing CaDiCaL (version 2.1.3).
c [w = 84] Configuring CaDiCaL as --sat (1).
c [w = 84] Encoding starts with w = 84:
c [w = 84] Symmetry breaking highest degree node is applied.
c [Signal] Signal interruption. Caught signal: SIGTERM (15).
c [w = 83] Start task in PID: 12964.
c [w = 83] Cyclic Antibandwidth problem with w = 83 (caterpillar_20_10.txt):
c [w = 83] Initializing CaDiCaL (version 2.1.3).
c [w = 83] Configuring CaDiCaL as --sat (1).
c [w = 83] Encoding starts with w = 83:
c [w = 83] Symmetry breaking highest degree node is applied.
c [Signal] Signal interruption. Caught signal: SIGTERM (15).
c [w = 85] Start task in PID: 12963.
c [w = 85] Cyclic Antibandwidth problem with w = 85 (caterpillar_20_10.txt):
c [w = 85] Initializing CaDiCaL (version 2.1.3).
c [w = 85] Configuring CaDiCaL as --sat (1).
c [w = 85] Encoding starts with w = 85:
c [w = 85] Symmetry breaking highest degree node is applied.
c [w = 85] Encoding duration: 641 ms.
c [w = 85] Number of clauses: 618109.
c [w = 85] Number of variables: 140000.
c [w = 85] SAT Solving starts:
c [Signal] Signal interruption. Caught signal: SIGTERM (15).
c [Main] Max width SAT is set to 88.
c [Main] Kill lower pid 87.
c [Main] Kill lower pid 86.
c [Main] Kill lower pid 84.
c [Main] Kill lower pid 83.
c [Main] Kill lower pid 85.
c [Main] Kill lower pid 81.
c [Main] Kill lower pid 82.
c [w = 81] Start task in PID: 12962.
c [w = 81] Cyclic Antibandwidth problem with w = 81 (caterpillar_20_10.txt):
c [w = 81] Initializing CaDiCaL (version 2.1.3).
c [w = 81] Configuring CaDiCaL as --sat (1).
c [w = 81] Encoding starts with w = 81:
c [w = 81] Symmetry breaking highest degree node is applied.
c [w = 81] Encoding duration: 626 ms.
c [w = 81] Number of clauses: 610109.
c [w = 81] Number of variables: 137600.
c [w = 81] SAT Solving starts:
c [Signal] Signal interruption. Caught signal: SIGTERM (15).
c [w = 82] Start task in PID: 12957.
c [w = 82] Cyclic Antibandwidth problem with w = 82 (caterpillar_20_10.txt):
c [w = 82] Initializing CaDiCaL (version 2.1.3).
c [w = 82] Configuring CaDiCaL as --sat (1).
c [w = 82] Encoding starts with w = 82:
c [w = 82] Symmetry breaking highest degree node is applied.
c [w = 82] Encoding duration: 606 ms.
c [w = 82] Number of clauses: 612109.
c [w = 82] Number of variables: 138200.
c [w = 82] SAT Solving starts:
c [Signal] Signal interruption. Caught signal: SIGTERM (15).
c [w = 86] Start task in PID: 12966.
c [w = 86] Cyclic Antibandwidth problem with w = 86 (caterpillar_20_10.txt):
c [w = 86] Initializing CaDiCaL (version 2.1.3).
c [w = 86] Configuring CaDiCaL as --sat (1).
c [w = 86] Encoding starts with w = 86:
c [w = 86] Symmetry breaking highest degree node is applied.
c [Signal] Signal interruption. Caught signal: SIGTERM (15).
c [Main] Child pid 84 - 12965 terminated by signal 15.
c [Main] Child pid 86 - 12966 terminated by signal 15.
c [Main] Child pid 83 - 12964 terminated by signal 15.
c [Main] Child pid 87 - 12967 terminated by signal 15.
c [Main] Child pid 85 - 12963 terminated by signal 15.
c [Main] Child pid 81 - 12962 terminated by signal 15.
c [Main] Child pid 82 - 12957 terminated by signal 15.
c [w = 90] Start task in PID: 12971.
c [w = 90] Cyclic Antibandwidth problem with w = 90 (caterpillar_20_10.txt):
c [w = 90] Initializing CaDiCaL (version 2.1.3).
c [w = 90] Configuring CaDiCaL as --sat (1).
c [w = 90] Encoding starts with w = 90:
c [w = 90] Symmetry breaking highest degree node is applied.
c [w = 90] Encoding duration: 698 ms.
c [w = 90] Number of clauses: 628109.
c [w = 90] Number of variables: 143000.
c [w = 90] SAT Solving starts:
c [w = 90] Solving duration: 2387 ms.
c [w = 90] Answer:
s [w = 90] SAT (w = 90).
c [w = 90] Solution check = 90.
c [w = 90] The solution is correct.
c [w = 90] Result: 10.
c [Main] Max width SAT is set to 90.
c [Main] Kill lower pid 89.
c [w = 89] Start task in PID: 12970.
c [w = 89] Cyclic Antibandwidth problem with w = 89 (caterpillar_20_10.txt):
c [w = 89] Initializing CaDiCaL (version 2.1.3).
c [w = 89] Configuring CaDiCaL as --sat (1).
c [w = 89] Encoding starts with w = 89:
c [w = 89] Symmetry breaking highest degree node is applied.
c [w = 89] Encoding duration: 706 ms.
c [w = 89] Number of clauses: 626109.
c [w = 89] Number of variables: 142400.
c [w = 89] SAT Solving starts:
c [Signal] Signal interruption. Caught signal: SIGTERM (15).
c [Main] Child pid 89 - 12970 terminated by signal 15.
c [w = 99] Start task in PID: 12977.
c [w = 99] Cyclic Antibandwidth problem with w = 99 (caterpillar_20_10.txt):
c [w = 99] Initializing CaDiCaL (version 2.1.3).
c [w = 99] Configuring CaDiCaL as --sat (1).
c [w = 99] Encoding starts with w = 99:
c [w = 99] Symmetry breaking highest degree node is applied.
c [w = 99] Encoding duration: 696 ms.
c [w = 99] Number of clauses: 646109.
c [w = 99] Number of variables: 148400.
c [w = 99] SAT Solving starts:
c [w = 99] Solving duration: 2183 ms.
c [w = 99] Answer:
s [w = 99] UNSAT (w = 99).
c [w = 99] Result: 20.
c [Main] Min width UNSAT is set to 99
c [w = 94] Start task in PID: 12968.
c [w = 94] Cyclic Antibandwidth problem with w = 94 (caterpillar_20_10.txt):
c [w = 94] Initializing CaDiCaL (version 2.1.3).
c [w = 94] Configuring CaDiCaL as --sat (1).
c [w = 94] Encoding starts with w = 94:
c [w = 94] Symmetry breaking highest degree node is applied.
c [w = 94] Encoding duration: 691 ms.
c [w = 94] Number of clauses: 636109.
c [w = 94] Number of variables: 145400.
c [w = 94] SAT Solving starts:
c [w = 94] Solving duration: 11247 ms.
c [w = 94] Answer:
s [w = 94] SAT (w = 94).
c [w = 94] Solution check = 94.
c [w = 94] The solution is correct.
c [w = 94] Result: 10.
c [w = 93] Start task in PID: 12973.
c [w = 93] Cyclic Antibandwidth problem with w = 93 (caterpillar_20_10.txt):
c [w = 93] Initializing CaDiCaL (version 2.1.3).
c [w = 93] Configuring CaDiCaL as --sat (1).
c [w = 93] Encoding starts with w = 93:
c [w = 93] Symmetry breaking highest degree node is applied.
c [w = 93] Encoding duration: 710 ms.
c [w = 93] Number of clauses: 634109.
c [w = 93] Number of variables: 144800.
c [w = 93] SAT Solving starts:
c [Signal] Signal interruption. Caught signal: SIGTERM (15).
c [Main] Max width SAT is set to 94.
c [Main] Kill lower pid 93.
c [Main] Kill lower pid 92.
c [Main] Kill lower pid 91.
c [w = 91] Start task in PID: 12969.
c [w = 91] Cyclic Antibandwidth problem with w = 91 (caterpillar_20_10.txt):
c [w = 91] Initializing CaDiCaL (version 2.1.3).
c [w = 91] Configuring CaDiCaL as --sat (1).
c [w = 91] Encoding starts with w = 91:
c [w = 91] Symmetry breaking highest degree node is applied.
c [w = 91] Encoding duration: 704 ms.
c [w = 91] Number of clauses: 630109.
c [w = 91] Number of variables: 143600.
c [w = 91] SAT Solving starts:
c [Signal] Signal interruption. Caught signal: SIGTERM (15).
c [w = 92] Start task in PID: 12972.
c [w = 92] Cyclic Antibandwidth problem with w = 92 (caterpillar_20_10.txt):
c [w = 92] Initializing CaDiCaL (version 2.1.3).
c [w = 92] Configuring CaDiCaL as --sat (1).
c [w = 92] Encoding starts with w = 92:
c [w = 92] Symmetry breaking highest degree node is applied.
c [w = 92] Encoding duration: 697 ms.
c [w = 92] Number of clauses: 632109.
c [w = 92] Number of variables: 144200.
c [w = 92] SAT Solving starts:
c [Signal] Signal interruption. Caught signal: SIGTERM (15).
c [Main] Child pid 93 - 12973 terminated by signal 15.
c [Main] Child pid 91 - 12969 terminated by signal 15.
c [Main] Child pid 92 - 12972 terminated by signal 15.
c [w = 95] Start task in PID: 12975.
c [w = 95] Cyclic Antibandwidth problem with w = 95 (caterpillar_20_10.txt):
c [w = 95] Initializing CaDiCaL (version 2.1.3).
c [w = 95] Configuring CaDiCaL as --sat (1).
c [w = 95] Encoding starts with w = 95:
c [w = 95] Symmetry breaking highest degree node is applied.
c [w = 95] Encoding duration: 709 ms.
c [w = 95] Number of clauses: 638109.
c [w = 95] Number of variables: 146000.
c [w = 95] SAT Solving starts:
c [w = 95] Solving duration: 13224 ms.
c [w = 95] Answer:
s [w = 95] SAT (w = 95).
c [w = 95] Solution check = 95.
c [w = 95] The solution is correct.
c [w = 95] Result: 10.
c [Main] Max width SAT is set to 95.
c [w = 96] Start task in PID: 12976.
c [w = 96] Cyclic Antibandwidth problem with w = 96 (caterpillar_20_10.txt):
c [w = 96] Initializing CaDiCaL (version 2.1.3).
c [w = 96] Configuring CaDiCaL as --sat (1).
c [w = 96] Encoding starts with w = 96:
c [w = 96] Symmetry breaking highest degree node is applied.
c [w = 96] Encoding duration: 689 ms.
c [w = 96] Number of clauses: 640109.
c [w = 96] Number of variables: 146600.
c [w = 96] SAT Solving starts:
c [w = 96] Solving duration: 178089 ms.
c [w = 96] Answer:
s [w = 96] SAT (w = 96).
c [w = 96] Solution check = 96.
c [w = 96] The solution is correct.
c [w = 96] Result: 10.
c [Main] Max width SAT is set to 96.
c [w = 98] Start task in PID: 12978.
c [w = 98] Cyclic Antibandwidth problem with w = 98 (caterpillar_20_10.txt):
c [w = 98] Initializing CaDiCaL (version 2.1.3).
c [w = 98] Configuring CaDiCaL as --sat (1).
c [w = 98] Encoding starts with w = 98:
c [w = 98] Symmetry breaking highest degree node is applied.
c [w = 98] Encoding duration: 670 ms.
c [w = 98] Number of clauses: 644109.
c [w = 98] Number of variables: 147800.
c [w = 98] SAT Solving starts:
c [Signal] Signal interruption. Caught signal: SIGTERM (15).
c [w = 97] Start task in PID: 12974.
c [w = 97] Cyclic Antibandwidth problem with w = 97 (caterpillar_20_10.txt):
c [w = 97] Initializing CaDiCaL (version 2.1.3).
c [w = 97] Configuring CaDiCaL as --sat (1).
c [w = 97] Encoding starts with w = 97:
c [w = 97] Symmetry breaking highest degree node is applied.
c [w = 97] Encoding duration: 711 ms.
c [w = 97] Number of clauses: 642109.
c [w = 97] Number of variables: 147200.
c [w = 97] SAT Solving starts:
c [Signal] Signal interruption. Caught signal: SIGTERM (15).
c [Main] Lim pid ends with result: 254.
c [Main] All children have completed.
r [Main] 
r [Main] Final results: 
r [Main] Max width SAT:  	96.
r [Main] Min width UNSAT:	99.
r [Main] Total real time: 1806332 ms.
r [Main] Total memory consumed: 1614.1 MB.
r [Main] 
