c [Version] Cyclic Bandwidth Encoder version 1.0.0.
c [Param] Real time limit is set to 1800.
c [Param] Memory limit is set to 30000.
c [Param] Worker count is set to 4.
c [Main] Encoding and solving for graph: caterpillar_25_20.txt.
c [Main] Search strategy: Binary search using BFS.
c [Main] No predefined lower bound is found for caterpillar_25_20.txt.
c [Main] LB-w = 2 (default value).
c [Main] No predefined upper bound is found for caterpillar_25_20.txt.
c [Main] UB-w = 250 (default value calculated as n/2).
c [Main] Search order: 126 63 188 32 94 157 219 16 47 78 110 141 172 203 235 8 24 39 55 70 86 102 118 133 149 164 180 195 211 227 243 4 12 20 28 35 43 51 59 66 74 82 90 98 106 114 122 129 137 145 153 160 168 176 184 191 199 207 215 223 231 239 247 2 6 10 14 18 22 26 30 33 37 41 45 49 53 57 61 64 68 72 76 80 84 88 92 96 100 104 108 112 116 120 124 127 131 135 139 143 147 151 155 158 162 166 170 174 178 182 186 189 193 197 201 205 209 213 217 221 225 229 233 237 241 245 249 3 5 7 9 11 13 15 17 19 21 23 25 27 29 31 34 36 38 40 42 44 46 48 50 52 54 56 58 60 62 65 67 69 71 73 75 77 79 81 83 85 87 89 91 93 95 97 99 101 103 105 107 109 111 113 115 117 119 121 123 125 128 130 132 134 136 138 140 142 144 146 148 150 152 154 156 159 161 163 165 167 169 171 173 175 177 179 181 183 185 187 190 192 194 196 198 200 202 204 206 208 210 212 214 216 218 220 222 224 226 228 230 232 234 236 238 240 242 244 246 248 250.
c [w = 63] Start task in PID: 22986.
c [w = 63] Cyclic Antibandwidth problem with w = 63 (caterpillar_25_20.txt):
c [w = 63] Initializing CaDiCaL (version 2.1.3).
c [w = 63] Configuring CaDiCaL as --sat (1).
c [w = 63] Encoding starts with w = 63:
c [w = 63] Symmetry breaking highest degree node is applied.
c [w = 63] Encoding duration: 1485 ms.
c [w = 63] Number of clauses: 3566774.
c [w = 63] Number of variables: 783000.
c [w = 63] SAT Solving starts:
c [w = 63] Solving duration: 41246 ms.
c [w = 63] Answer:
s [w = 63] SAT (w = 63).
c [w = 63] Solution check = 63.
c [w = 63] The solution is correct.
c [w = 63] Result: 10.
c [Main] Max width SAT is set to 63.
c [Main] Kill lower pid 32.
c [w = 32] Start task in PID: 22988.
c [w = 32] Cyclic Antibandwidth problem with w = 32 (caterpillar_25_20.txt):
c [w = 32] Initializing CaDiCaL (version 2.1.3).
c [w = 32] Configuring CaDiCaL as --sat (1).
c [w = 32] Encoding starts with w = 32:
c [w = 32] Symmetry breaking highest degree node is applied.
c [w = 32] Encoding duration: 1498 ms.
c [w = 32] Number of clauses: 3565298.
c [w = 32] Number of variables: 775000.
c [w = 32] SAT Solving starts:
c [Signal] Signal interruption. Caught signal: SIGTERM (15).
c [Main] Child pid 32 - 22988 terminated by signal 15.
c [w = 94] Start task in PID: 23010.
c [w = 94] Cyclic Antibandwidth problem with w = 94 (caterpillar_25_20.txt):
c [w = 94] Initializing CaDiCaL (version 2.1.3).
c [w = 94] Configuring CaDiCaL as --sat (1).
c [w = 94] Encoding starts with w = 94:
c [w = 94] Symmetry breaking highest degree node is applied.
c [w = 94] Encoding duration: 1590 ms.
c [w = 94] Number of clauses: 3676768.
c [w = 94] Number of variables: 816000.
c [w = 94] SAT Solving starts:
c [w = 94] Solving duration: 2176 ms.
c [w = 94] Answer:
s [w = 94] SAT (w = 94).
c [w = 94] Solution check = 94.
c [w = 94] The solution is correct.
c [w = 94] Result: 10.
c [Main] Max width SAT is set to 94.
c [w = 157] Start task in PID: 23011.
c [w = 157] Cyclic Antibandwidth problem with w = 157 (caterpillar_25_20.txt):
c [w = 157] Initializing CaDiCaL (version 2.1.3).
c [w = 157] Configuring CaDiCaL as --sat (1).
c [w = 157] Encoding starts with w = 157:
c [w = 157] Symmetry breaking highest degree node is applied.
c [w = 157] Encoding duration: 1649 ms.
c [w = 157] Number of clauses: 3810762.
c [w = 157] Number of variables: 851000.
c [w = 157] SAT Solving starts:
c [w = 157] Solving duration: 22561 ms.
c [w = 157] Answer:
s [w = 157] SAT (w = 157).
c [w = 157] Solution check = 157.
c [w = 157] The solution is correct.
c [w = 157] Result: 10.
c [Main] Max width SAT is set to 157.
c [Main] Kill lower pid 126.
c [w = 126] Start task in PID: 22985.
c [w = 126] Cyclic Antibandwidth problem with w = 126 (caterpillar_25_20.txt):
c [w = 126] Initializing CaDiCaL (version 2.1.3).
c [w = 126] Configuring CaDiCaL as --sat (1).
c [w = 126] Encoding starts with w = 126:
c [w = 126] Symmetry breaking highest degree node is applied.
c [w = 126] Encoding duration: 1524 ms.
c [w = 126] Number of clauses: 3609262.
c [w = 126] Number of variables: 789000.
c [w = 126] SAT Solving starts:
c [Signal] Signal interruption. Caught signal: SIGTERM (15).
c [Main] Child pid 126 - 22985 terminated by signal 15.
c [w = 188] Start task in PID: 22987.
c [w = 188] Cyclic Antibandwidth problem with w = 188 (caterpillar_25_20.txt):
c [w = 188] Initializing CaDiCaL (version 2.1.3).
c [w = 188] Configuring CaDiCaL as --sat (1).
c [w = 188] Encoding starts with w = 188:
c [w = 188] Symmetry breaking highest degree node is applied.
c [w = 188] Encoding duration: 1557 ms.
c [w = 188] Number of clauses: 3734259.
c [w = 188] Number of variables: 820500.
c [w = 188] SAT Solving starts:
c [w = 188] Solving duration: 102033 ms.
c [w = 188] Answer:
s [w = 188] SAT (w = 188).
c [w = 188] Solution check = 188.
c [w = 188] The solution is correct.
c [w = 188] Result: 10.
c [Main] Max width SAT is set to 188.
c [Main] Kill lower pid 172.
c [w = 172] Start task in PID: 23023.
c [w = 172] Cyclic Antibandwidth problem with w = 172 (caterpillar_25_20.txt):
c [w = 172] Initializing CaDiCaL (version 2.1.3).
c [w = 172] Configuring CaDiCaL as --sat (1).
c [w = 172] Encoding starts with w = 172:
c [w = 172] Symmetry breaking highest degree node is applied.
c [w = 172] Encoding duration: 1601 ms.
c [w = 172] Number of clauses: 3654259.
c [w = 172] Number of variables: 796500.
c [w = 172] SAT Solving starts:
c [Signal] Signal interruption. Caught signal: SIGTERM (15).
c [Main] Child pid 172 - 23023 terminated by signal 15.
c [w = 203] Start task in PID: 23024.
c [w = 203] Cyclic Antibandwidth problem with w = 203 (caterpillar_25_20.txt):
c [w = 203] Initializing CaDiCaL (version 2.1.3).
c [w = 203] Configuring CaDiCaL as --sat (1).
c [w = 203] Encoding starts with w = 203:
c [w = 203] Symmetry breaking highest degree node is applied.
c [w = 203] Encoding duration: 1628 ms.
c [w = 203] Number of clauses: 3809259.
c [w = 203] Number of variables: 843000.
c [w = 203] SAT Solving starts:
c [w = 203] Solving duration: 239922 ms.
c [w = 203] Answer:
s [w = 203] SAT (w = 203).
c [w = 203] Solution check = 203.
c [w = 203] The solution is correct.
c [w = 203] Result: 10.
c [Main] Max width SAT is set to 203.
c [Main] Kill lower pid 195.
c [w = 195] Start task in PID: 23031.
c [w = 195] Cyclic Antibandwidth problem with w = 195 (caterpillar_25_20.txt):
c [w = 195] Initializing CaDiCaL (version 2.1.3).
c [w = 195] Configuring CaDiCaL as --sat (1).
c [w = 195] Encoding starts with w = 195:
c [w = 195] Symmetry breaking highest degree node is applied.
c [w = 195] Encoding duration: 1537 ms.
c [w = 195] Number of clauses: 3769259.
c [w = 195] Number of variables: 831000.
c [w = 195] SAT Solving starts:
c [Signal] Signal interruption. Caught signal: SIGTERM (15).
c [Main] Child pid 195 - 23031 terminated by signal 15.
c [w = 219] Start task in PID: 23017.
c [w = 219] Cyclic Antibandwidth problem with w = 219 (caterpillar_25_20.txt):
c [w = 219] Initializing CaDiCaL (version 2.1.3).
c [w = 219] Configuring CaDiCaL as --sat (1).
c [w = 219] Encoding starts with w = 219:
c [w = 219] Symmetry breaking highest degree node is applied.
c [w = 219] Encoding duration: 1690 ms.
c [w = 219] Number of clauses: 3889259.
c [w = 219] Number of variables: 867000.
c [w = 219] SAT Solving starts:
c [w = 219] Solving duration: 292519 ms.
c [w = 219] Answer:
s [w = 219] SAT (w = 219).
c [w = 219] Solution check = 219.
c [w = 219] The solution is correct.
c [w = 219] Result: 10.
c [Main] Max width SAT is set to 219.
c [Main] Kill lower pid 211.
c [w = 211] Start task in PID: 23168.
c [w = 211] Cyclic Antibandwidth problem with w = 211 (caterpillar_25_20.txt):
c [w = 211] Initializing CaDiCaL (version 2.1.3).
c [w = 211] Configuring CaDiCaL as --sat (1).
c [w = 211] Encoding starts with w = 211:
c [w = 211] Symmetry breaking highest degree node is applied.
c [w = 211] Encoding duration: 1598 ms.
c [w = 211] Number of clauses: 3849259.
c [w = 211] Number of variables: 855000.
c [w = 211] SAT Solving starts:
c [Signal] Signal interruption. Caught signal: SIGTERM (15).
c [Main] Child pid 211 - 23168 terminated by signal 15.
c [w = 223] Start task in PID: 23172.
c [w = 223] Cyclic Antibandwidth problem with w = 223 (caterpillar_25_20.txt):
c [w = 223] Initializing CaDiCaL (version 2.1.3).
c [w = 223] Configuring CaDiCaL as --sat (1).
c [w = 223] Encoding starts with w = 223:
c [w = 223] Symmetry breaking highest degree node is applied.
c [w = 223] Encoding duration: 1629 ms.
c [w = 223] Number of clauses: 3909259.
c [w = 223] Number of variables: 873000.
c [w = 223] SAT Solving starts:
c [w = 223] Solving duration: 243016 ms.
c [w = 223] Answer:
s [w = 223] SAT (w = 223).
c [w = 223] Solution check = 223.
c [w = 223] The solution is correct.
c [w = 223] Result: 10.
c [Main] Max width SAT is set to 223.
c [w = 227] Start task in PID: 23169.
c [w = 227] Cyclic Antibandwidth problem with w = 227 (caterpillar_25_20.txt):
c [w = 227] Initializing CaDiCaL (version 2.1.3).
c [w = 227] Configuring CaDiCaL as --sat (1).
c [w = 227] Encoding starts with w = 227:
c [w = 227] Symmetry breaking highest degree node is applied.
c [w = 227] Encoding duration: 1631 ms.
c [w = 227] Number of clauses: 3929259.
c [w = 227] Number of variables: 879000.
c [w = 227] SAT Solving starts:
c [w = 227] Solving duration: 869130 ms.
c [w = 227] Answer:
s [w = 227] SAT (w = 227).
c [w = 227] Solution check = 227.
c [w = 227] The solution is correct.
c [w = 227] Result: 10.
c [Main] Max width SAT is set to 227.
c [w = 235] Start task in PID: 23030.
c [w = 235] Cyclic Antibandwidth problem with w = 235 (caterpillar_25_20.txt):
c [w = 235] Initializing CaDiCaL (version 2.1.3).
c [w = 235] Configuring CaDiCaL as --sat (1).
c [w = 235] Encoding starts with w = 235:
c [w = 235] Symmetry breaking highest degree node is applied.
c [w = 235] Encoding duration: 1644 ms.
c [w = 235] Number of clauses: 3969259.
c [w = 235] Number of variables: 891000.
c [w = 235] SAT Solving starts:
c [w = 235] Solving duration: 1137132 ms.
c [w = 235] Answer:
s [w = 235] SAT (w = 235).
c [w = 235] Solution check = 235.
c [w = 235] The solution is correct.
c [w = 235] Result: 10.
c [Main] Max width SAT is set to 235.
c [Main] Kill lower pid 231.
c [w = 231] Start task in PID: 23879.
c [w = 231] Cyclic Antibandwidth problem with w = 231 (caterpillar_25_20.txt):
c [w = 231] Initializing CaDiCaL (version 2.1.3).
c [w = 231] Configuring CaDiCaL as --sat (1).
c [w = 231] Encoding starts with w = 231:
c [w = 231] Symmetry breaking highest degree node is applied.
c [w = 231] Encoding duration: 1642 ms.
c [w = 231] Number of clauses: 3949259.
c [w = 231] Number of variables: 885000.
c [w = 231] SAT Solving starts:
c [Signal] Signal interruption. Caught signal: SIGTERM (15).
c [Main] Child pid 231 - 23879 terminated by signal 15.
c [w = 237] Start task in PID: 24603.
c [w = 237] Cyclic Antibandwidth problem with w = 237 (caterpillar_25_20.txt):
c [w = 237] Initializing CaDiCaL (version 2.1.3).
c [w = 237] Configuring CaDiCaL as --sat (1).
c [w = 237] Encoding starts with w = 237:
c [w = 237] Symmetry breaking highest degree node is applied.
c [w = 237] Encoding duration: 1673 ms.
c [w = 237] Number of clauses: 3979259.
c [w = 237] Number of variables: 894000.
c [w = 237] SAT Solving starts:
c [Signal] Signal interruption. Caught signal: SIGTERM (15).
c [w = 243] Start task in PID: 23171.
c [w = 243] Cyclic Antibandwidth problem with w = 243 (caterpillar_25_20.txt):
c [w = 243] Initializing CaDiCaL (version 2.1.3).
c [w = 243] Configuring CaDiCaL as --sat (1).
c [w = 243] Encoding starts with w = 243:
c [w = 243] Symmetry breaking highest degree node is applied.
c [w = 243] Encoding duration: 1675 ms.
c [w = 243] Number of clauses: 4009259.
c [w = 243] Number of variables: 903000.
c [w = 243] SAT Solving starts:
c [Signal] Signal interruption. Caught signal: SIGTERM (15).
c [w = 247] Start task in PID: 24602.
c [w = 247] Cyclic Antibandwidth problem with w = 247 (caterpillar_25_20.txt):
c [w = 247] Initializing CaDiCaL (version 2.1.3).
c [w = 247] Configuring CaDiCaL as --sat (1).
c [w = 247] Encoding starts with w = 247:
c [w = 247] Symmetry breaking highest degree node is applied.
c [w = 247] Encoding duration: 1706 ms.
c [w = 247] Number of clauses: 4029259.
c [w = 247] Number of variables: 909000.
c [w = 247] SAT Solving starts:
c [Signal] Signal interruption. Caught signal: SIGTERM (15).
c [w = 239] Start task in PID: 24601.
c [w = 239] Cyclic Antibandwidth problem with w = 239 (caterpillar_25_20.txt):
c [w = 239] Initializing CaDiCaL (version 2.1.3).
c [w = 239] Configuring CaDiCaL as --sat (1).
c [w = 239] Encoding starts with w = 239:
c [w = 239] Symmetry breaking highest degree node is applied.
c [w = 239] Encoding duration: 1682 ms.
c [w = 239] Number of clauses: 3989259.
c [w = 239] Number of variables: 897000.
c [w = 239] SAT Solving starts:
c [Signal] Signal interruption. Caught signal: SIGTERM (15).
c [Main] Lim pid ends with result: 254.
c [Main] All children have completed.
r [Main] 
r [Main] Final results: 
r [Main] Max width SAT:  	235.
r [Main] Min width UNSAT:	-.
r [Main] Total real time: 1809272 ms.
r [Main] Total memory consumed: 5450 MB.
r [Main] 
