c [Version] Cyclic Bandwidth Encoder version 1.0.0.
c [Param] Real time limit is set to 1800.
c [Param] Memory limit is set to 30000.
c [Param] Worker count is set to 4.
c [Main] Encoding and solving for graph: double_star_150_20.txt.
c [Main] Search strategy: Binary search using BFS.
c [Main] No predefined lower bound is found for double_star_150_20.txt.
c [Main] LB-w = 2 (default value).
c [Main] Upper bound is set to 10.
c [Main] Search order: 6 3 8 2 4 7 9 5 10.
c [w = 3] Start task in PID: 29006.
c [w = 3] Cyclic Antibandwidth problem with w = 3 (double_star_150_20.txt):
c [w = 3] Initializing CaDiCaL (version 2.1.3).
c [w = 3] Configuring CaDiCaL as --sat (1).
c [w = 3] Encoding starts with w = 3:
c [w = 3] Symmetry breaking highest degree node is applied.
c [w = 3] Encoding duration: 344 ms.
c [w = 3] Number of clauses: 581486.
c [w = 3] Number of variables: 66300.
c [w = 3] SAT Solving starts:
c [w = 3] Solving duration: 82 ms.
c [w = 3] Answer:
s [w = 3] SAT (w = 3).
c [w = 3] Solution check = 3.
c [w = 3] The solution is correct.
c [w = 3] Result: 10.
c [Main] Max width SAT is set to 3.
c [Main] Kill lower pid 2.
c [w = 2] Start task in PID: 29008.
c [w = 2] Cyclic Antibandwidth problem with w = 2 (double_star_150_20.txt):
c [w = 2] Initializing CaDiCaL (version 2.1.3).
c [w = 2] Configuring CaDiCaL as --sat (1).
c [w = 2] Encoding starts with w = 2:
c [w = 2] Symmetry breaking highest degree node is applied.
c [w = 2] Encoding duration: 452 ms.
c [w = 2] Number of clauses: 864110.
c [w = 2] Number of variables: 51850.
c [w = 2] SAT Solving starts:
c [w = 2] Solving duration: 67 ms.
c [w = 2] Answer:
s [w = 2] SAT (w = 2).
c [w = 2] Solution check = 2.
c [w = 2] The solution is correct.
c [Signal] Signal interruption. Caught signal: SIGTERM (15).
c [Main] Child pid 2 - 29008 terminated by signal 15.
c [w = 6] Start task in PID: 29005.
c [w = 6] Cyclic Antibandwidth problem with w = 6 (double_star_150_20.txt):
c [w = 6] Initializing CaDiCaL (version 2.1.3).
c [w = 6] Configuring CaDiCaL as --sat (1).
c [w = 6] Encoding starts with w = 6:
c [w = 6] Symmetry breaking highest degree node is applied.
c [w = 6] Encoding duration: 314 ms.
c [w = 6] Number of clauses: 433502.
c [w = 6] Number of variables: 81090.
c [w = 6] SAT Solving starts:
c [w = 6] Solving duration: 250 ms.
c [w = 6] Answer:
s [w = 6] SAT (w = 6).
c [w = 6] Solution check = 6.
c [w = 6] The solution is correct.
c [w = 6] Result: 10.
c [Main] Max width SAT is set to 6.
c [Main] Kill lower pid 4.
c [w = 4] Start task in PID: 29009.
c [w = 4] Cyclic Antibandwidth problem with w = 4 (double_star_150_20.txt):
c [w = 4] Initializing CaDiCaL (version 2.1.3).
c [w = 4] Configuring CaDiCaL as --sat (1).
c [w = 4] Encoding starts with w = 4:
c [w = 4] Symmetry breaking highest degree node is applied.
c [Signal] Signal interruption. Caught signal: SIGTERM (15).
c [Main] Child pid 4 - 29009 terminated by signal 15.
c [w = 7] Start task in PID: 29010.
c [w = 7] Cyclic Antibandwidth problem with w = 7 (double_star_150_20.txt):
c [w = 7] Initializing CaDiCaL (version 2.1.3).
c [w = 7] Configuring CaDiCaL as --sat (1).
c [w = 7] Encoding starts with w = 7:
c [w = 7] Symmetry breaking highest degree node is applied.
c [w = 7] Encoding duration: 298 ms.
c [w = 7] Number of clauses: 423630.
c [w = 7] Number of variables: 83300.
c [w = 7] SAT Solving starts:
c [w = 7] Solving duration: 398 ms.
c [w = 7] Answer:
s [w = 7] SAT (w = 7).
c [w = 7] Solution check = 7.
c [w = 7] The solution is correct.
c [w = 7] Result: 10.
c [Main] Max width SAT is set to 7.
c [w = 10] Start task in PID: 29012.
c [w = 10] Cyclic Antibandwidth problem with w = 10 (double_star_150_20.txt):
c [w = 10] Initializing CaDiCaL (version 2.1.3).
c [w = 10] Configuring CaDiCaL as --sat (1).
c [w = 10] Encoding starts with w = 10:
c [w = 10] Symmetry breaking highest degree node is applied.
c [w = 10] Encoding duration: 271 ms.
c [w = 10] Number of clauses: 408646.
c [w = 10] Number of variables: 86530.
c [w = 10] SAT Solving starts:
c [w = 10] Solving duration: 414 ms.
c [w = 10] Answer:
s [w = 10] SAT (w = 10).
c [w = 10] Solution check = 10.
c [w = 10] The solution is correct.
c [w = 10] Result: 10.
c [Main] Max width SAT is set to 10.
c [Main] Kill lower pid 9.
c [Main] Kill lower pid 8.
c [w = 9] Start task in PID: 29011.
c [w = 9] Cyclic Antibandwidth problem with w = 9 (double_star_150_20.txt):
c [w = 9] Initializing CaDiCaL (version 2.1.3).
c [w = 9] Configuring CaDiCaL as --sat (1).
c [w = 9] Encoding starts with w = 9:
c [w = 9] Symmetry breaking highest degree node is applied.
c [w = 9] Encoding duration: 272 ms.
c [w = 9] Number of clauses: 411202.
c [w = 9] Number of variables: 85680.
c [w = 9] SAT Solving starts:
c [Signal] Signal interruption. Caught signal: SIGTERM (15).
c [w = 8] Start task in PID: 29007.
c [w = 8] Cyclic Antibandwidth problem with w = 8 (double_star_150_20.txt):
c [w = 8] Initializing CaDiCaL (version 2.1.3).
c [w = 8] Configuring CaDiCaL as --sat (1).
c [w = 8] Encoding starts with w = 8:
c [w = 8] Symmetry breaking highest degree node is applied.
c [w = 8] Encoding duration: 306 ms.
c [w = 8] Number of clauses: 418181.
c [w = 8] Number of variables: 85000.
c [w = 8] SAT Solving starts:
c [Signal] Signal interruption. Caught signal: SIGTERM (15).
c [Main] Child pid 9 - 29011 terminated by signal 15.
c [Main] Child pid 8 - 29007 terminated by signal 15.
c [Signal] Signal interruption. Caught signal: SIGTERM (15).
c [Main] All children have completed.
r [Main] 
r [Main] Final results: 
r [Main] Max width SAT:  	10.
r [Main] Min width UNSAT:	-.
r [Main] Total real time: 1452 ms.
r [Main] Total memory consumed: 414.9 MB.
r [Main] 
