c [Version] Cyclic Anti-bandwidth Encoder version 1.0.0.
c [Param] Real time limit is set to 150.
c [Param] Memory limit is set to 30000.
c [Param] Worker count is set to 8.
c [Param] LB skip threshold is set to 0.25.
c [Main] Encoding and solving for graph: caterpillar_9_7.txt.
c [Main] Search strategy: Binary search from lower bound.
c [Main] No predefined lower bound is found for caterpillar_9_7.txt.
c [Main] LB-w = 2 (default value).
c [Main] No predefined upper bound is found for caterpillar_9_7.txt.
c [Main] UB-w = 31 (default value calculated as n/2).
c [Main] LB is modified to 9 after applying LB skip threshold 0.25.
c [Main] Search order: 20 14 11 9 10 12 13 17 15 16 18 19 26 23 21 22 24 25 29 27 28 30 31.
c [w = 14] Start task in PID: 57535.
c [w = 14] Cyclic Antibandwidth problem with w = 14 (caterpillar_9_7.txt):
c [w = 14] Initializing CaDiCaL (version 2.1.3).
c [w = 14] Configuring CaDiCaL as --sat (1).
c [w = 14] Encoding starts with w = 14:
c [w = 14] Symmetry breaking highest degree node is applied.
c [w = 14] Encoding duration: 67 ms.
c [w = 14] Number of clauses: 56935.
c [w = 14] Number of variables: 13167.
c [w = 14] SAT Solving starts:
c [w = 14] Solving duration: 14 ms.
c [w = 14] Answer:
s [w = 14] SAT (w = 14).
c [w = 14] Solution check = 14.
c [w = 14] The solution is correct.
c [w = 14] Result: 10.
c [w = 12] Start task in PID: 57539.
c [w = 12] Cyclic Antibandwidth problem with w = 12 (caterpillar_9_7.txt):
c [w = 12] Initializing CaDiCaL (version 2.1.3).
c [w = 12] Configuring CaDiCaL as --sat (1).
c [w = 12] Encoding starts with w = 12:
c [w = 12] Symmetry breaking highest degree node is applied.
c [w = 12] Encoding duration: 66 ms.
c [w = 12] Number of clauses: 56812.
c [w = 12] Number of variables: 13104.
c [w = 12] SAT Solving starts:
c [Signal] Signal interruption. Caught signal: SIGTERM (15).
c [w = 10] Start task in PID: 57538.
c [w = 10] Cyclic Antibandwidth problem with w = 10 (caterpillar_9_7.txt):
c [w = 10] Initializing CaDiCaL (version 2.1.3).
c [w = 10] Configuring CaDiCaL as --sat (1).
c [w = 10] Encoding starts with w = 10:
c [w = 10] Symmetry breaking highest degree node is applied.
c [w = 10] Encoding duration: 66 ms.
c [w = 10] Number of clauses: 55996.
c [w = 10] Number of variables: 12789.
c [w = 10] SAT Solving starts:
c [Signal] Signal interruption. Caught signal: SIGTERM (15).
c [Main] Max width SAT is set to 14.
c [Main] Kill lower pid 13.
c [Main] Kill lower pid 12.
c [Main] Kill lower pid 10.
c [Main] Kill lower pid 9.
c [Main] Kill lower pid 11.
c [w = 9] Start task in PID: 57537.
c [w = 9] Cyclic Antibandwidth problem with w = 9 (caterpillar_9_7.txt):
c [w = 9] Initializing CaDiCaL (version 2.1.3).
c [w = 9] Configuring CaDiCaL as --sat (1).
c [w = 9] Encoding starts with w = 9:
c [w = 9] Symmetry breaking highest degree node is applied.
c [w = 9] Encoding duration: 65 ms.
c [w = 9] Number of clauses: 54610.
c [w = 9] Number of variables: 12348.
c [w = 9] SAT Solving starts:
c [Signal] Signal interruption. Caught signal: SIGTERM (15).
c [w = 13] Start task in PID: 57540.
c [w = 13] Cyclic Antibandwidth problem with w = 13 (caterpillar_9_7.txt):
c [w = 13] Initializing CaDiCaL (version 2.1.3).
c [w = 13] Configuring CaDiCaL as --sat (1).
c [w = 13] Encoding starts with w = 13:
c [w = 13] Symmetry breaking highest degree node is applied.
c [w = 13] Encoding duration: 67 ms.
c [w = 13] Number of clauses: 55927.
c [w = 13] Number of variables: 12852.
c [w = 13] SAT Solving starts:
c [w = 13] Solving duration: 22 ms.
c [w = 13] Answer:
s [w = 13] SAT (w = 13).
c [w = 13] Solution check = 13.
c [w = 13] The solution is correct.
c [Signal] Signal interruption. Caught signal: SIGTERM (15).
c [w = 11] Start task in PID: 57536.
c [w = 11] Cyclic Antibandwidth problem with w = 11 (caterpillar_9_7.txt):
c [w = 11] Initializing CaDiCaL (version 2.1.3).
c [w = 11] Configuring CaDiCaL as --sat (1).
c [w = 11] Encoding starts with w = 11:
c [w = 11] Symmetry breaking highest degree node is applied.
c [w = 11] Encoding duration: 66 ms.
c [w = 11] Number of clauses: 55615.
c [w = 11] Number of variables: 12726.
c [w = 11] SAT Solving starts:
c [Signal] Signal interruption. Caught signal: SIGTERM (15).
c [Main] Child pid 9 - 57537 terminated by signal 15.
c [Main] Child pid 11 - 57536 terminated by signal 15.
c [Main] Child pid 10 - 57538 terminated by signal 15.
c [Main] Child pid 12 - 57539 terminated by signal 15.
c [Main] Child pid 13 - 57540 terminated by signal 15.
c [w = 20] Start task in PID: 57534.
c [w = 20] Cyclic Antibandwidth problem with w = 20 (caterpillar_9_7.txt):
c [w = 20] Initializing CaDiCaL (version 2.1.3).
c [w = 20] Configuring CaDiCaL as --sat (1).
c [w = 20] Encoding starts with w = 20:
c [w = 20] Symmetry breaking highest degree node is applied.
c [w = 20] Encoding duration: 70 ms.
c [w = 20] Number of clauses: 59641.
c [w = 20] Number of variables: 13986.
c [w = 20] SAT Solving starts:
c [w = 20] Solving duration: 265 ms.
c [w = 20] Answer:
s [w = 20] SAT (w = 20).
c [w = 20] Solution check = 20.
c [w = 20] The solution is correct.
c [w = 20] Result: 10.
c [w = 19] Start task in PID: 57545.
c [w = 19] Cyclic Antibandwidth problem with w = 19 (caterpillar_9_7.txt):
c [w = 19] Initializing CaDiCaL (version 2.1.3).
c [w = 19] Configuring CaDiCaL as --sat (1).
c [w = 19] Encoding starts with w = 19:
c [w = 19] Symmetry breaking highest degree node is applied.
c [w = 19] Encoding duration: 70 ms.
c [w = 19] Number of clauses: 58822.
c [w = 19] Number of variables: 13734.
c [w = 19] SAT Solving starts:
c [Signal] Signal interruption. Caught signal: SIGTERM (15).
c [w = 18] Start task in PID: 57544.
c [w = 18] Cyclic Antibandwidth problem with w = 18 (caterpillar_9_7.txt):
c [w = 18] Initializing CaDiCaL (version 2.1.3).
c [w = 18] Configuring CaDiCaL as --sat (1).
c [w = 18] Encoding starts with w = 18:
c [w = 18] Symmetry breaking highest degree node is applied.
c [w = 18] Encoding duration: 69 ms.
c [w = 18] Number of clauses: 58003.
c [w = 18] Number of variables: 13482.
c [w = 18] SAT Solving starts:
c [w = 18] Solving duration: 171 ms.
c [w = 18] Answer:
s [w = 18] SAT (w = 18).
c [w = 18] Solution check = 18.
c [w = 18] The solution is correct.
c [Signal] Signal interruption. Caught signal: SIGTERM (15).
c [w = 16] Start task in PID: 57543.
c [w = 16] Cyclic Antibandwidth problem with w = 16 (caterpillar_9_7.txt):
c [w = 16] Initializing CaDiCaL (version 2.1.3).
c [w = 16] Configuring CaDiCaL as --sat (1).
c [w = 16] Encoding starts with w = 16:
c [w = 16] Symmetry breaking highest degree node is applied.
c [w = 16] Encoding duration: 66 ms.
c [w = 16] Number of clauses: 56365.
c [w = 16] Number of variables: 12978.
c [w = 16] SAT Solving starts:
c [Signal] Signal interruption. Caught signal: SIGTERM (15).
c [Main] Max width SAT is set to 20.
c [Main] Kill lower pid 19.
c [Main] Kill lower pid 18.
c [Main] Kill lower pid 16.
c [Main] Kill lower pid 15.
c [Main] Kill lower pid 17.
c [w = 15] Start task in PID: 57542.
c [w = 15] Cyclic Antibandwidth problem with w = 15 (caterpillar_9_7.txt):
c [w = 15] Initializing CaDiCaL (version 2.1.3).
c [w = 15] Configuring CaDiCaL as --sat (1).
c [w = 15] Encoding starts with w = 15:
c [w = 15] Symmetry breaking highest degree node is applied.
c [w = 15] Encoding duration: 68 ms.
c [w = 15] Number of clauses: 57943.
c [w = 15] Number of variables: 13482.
c [w = 15] SAT Solving starts:
c [Signal] Signal interruption. Caught signal: SIGTERM (15).
c [w = 17] Start task in PID: 57541.
c [w = 17] Cyclic Antibandwidth problem with w = 17 (caterpillar_9_7.txt):
c [w = 17] Initializing CaDiCaL (version 2.1.3).
c [w = 17] Configuring CaDiCaL as --sat (1).
c [w = 17] Encoding starts with w = 17:
c [w = 17] Symmetry breaking highest degree node is applied.
c [w = 17] Encoding duration: 68 ms.
c [w = 17] Number of clauses: 57184.
c [w = 17] Number of variables: 13230.
c [w = 17] SAT Solving starts:
c [Signal] Signal interruption. Caught signal: SIGTERM (15).
c [Main] Child pid 16 - 57543 terminated by signal 15.
c [Main] Child pid 15 - 57542 terminated by signal 15.
c [Main] Child pid 18 - 57544 terminated by signal 15.
c [Main] Child pid 17 - 57541 terminated by signal 15.
c [Main] Child pid 19 - 57545 terminated by signal 15.
c [w = 23] Start task in PID: 57547.
c [w = 23] Cyclic Antibandwidth problem with w = 23 (caterpillar_9_7.txt):
c [w = 23] Initializing CaDiCaL (version 2.1.3).
c [w = 23] Configuring CaDiCaL as --sat (1).
c [w = 23] Encoding starts with w = 23:
c [w = 23] Symmetry breaking highest degree node is applied.
c [w = 23] Encoding duration: 68 ms.
c [w = 23] Number of clauses: 58252.
c [w = 23] Number of variables: 13482.
c [w = 23] SAT Solving starts:
c [w = 23] Solving duration: 211 ms.
c [w = 23] Answer:
s [w = 23] SAT (w = 23).
c [w = 23] Solution check = 23.
c [w = 23] The solution is correct.
c [w = 23] Result: 10.
c [Main] Max width SAT is set to 23.
c [Main] Kill lower pid 22.
c [Main] Kill lower pid 21.
c [w = 22] Start task in PID: 57549.
c [w = 22] Cyclic Antibandwidth problem with w = 22 (caterpillar_9_7.txt):
c [w = 22] Initializing CaDiCaL (version 2.1.3).
c [w = 22] Configuring CaDiCaL as --sat (1).
c [w = 22] Encoding starts with w = 22:
c [w = 22] Symmetry breaking highest degree node is applied.
c [Signal] Signal interruption. Caught signal: SIGTERM (15).
c [w = 21] Start task in PID: 57548.
c [w = 21] Cyclic Antibandwidth problem with w = 21 (caterpillar_9_7.txt):
c [w = 21] Initializing CaDiCaL (version 2.1.3).
c [w = 21] Configuring CaDiCaL as --sat (1).
c [w = 21] Encoding starts with w = 21:
c [w = 21] Symmetry breaking highest degree node is applied.
c [Signal] Signal interruption. Caught signal: SIGTERM (15).
c [Main] Child pid 22 - 57549 terminated by signal 15.
c [Main] Child pid 21 - 57548 terminated by signal 15.
c [w = 27] Start task in PID: 57553.
c [w = 27] Cyclic Antibandwidth problem with w = 27 (caterpillar_9_7.txt):
c [w = 27] Initializing CaDiCaL (version 2.1.3).
c [w = 27] Configuring CaDiCaL as --sat (1).
c [w = 27] Encoding starts with w = 27:
c [w = 27] Symmetry breaking highest degree node is applied.
c [w = 27] Encoding duration: 68 ms.
c [w = 27] Number of clauses: 60772.
c [w = 27] Number of variables: 14238.
c [w = 27] SAT Solving starts:
c [w = 27] Solving duration: 44 ms.
c [w = 27] Answer:
s [w = 27] SAT (w = 27).
c [w = 27] Solution check = 27.
c [w = 27] The solution is correct.
c [w = 27] Result: 10.
c [Main] Max width SAT is set to 27.
c [Main] Kill lower pid 25.
c [Main] Kill lower pid 24.
c [Main] Kill lower pid 26.
c [w = 25] Start task in PID: 57551.
c [w = 25] Cyclic Antibandwidth problem with w = 25 (caterpillar_9_7.txt):
c [w = 25] Initializing CaDiCaL (version 2.1.3).
c [w = 25] Configuring CaDiCaL as --sat (1).
c [w = 25] Encoding starts with w = 25:
c [w = 25] Symmetry breaking highest degree node is applied.
c [w = 25] Encoding duration: 67 ms.
c [w = 25] Number of clauses: 59512.
c [w = 25] Number of variables: 13860.
c [w = 25] SAT Solving starts:
c [Signal] Signal interruption. Caught signal: SIGTERM (15).
c [w = 24] Start task in PID: 57550.
c [w = 24] Cyclic Antibandwidth problem with w = 24 (caterpillar_9_7.txt):
c [w = 24] Initializing CaDiCaL (version 2.1.3).
c [w = 24] Configuring CaDiCaL as --sat (1).
c [w = 24] Encoding starts with w = 24:
c [w = 24] Symmetry breaking highest degree node is applied.
c [w = 24] Encoding duration: 69 ms.
c [w = 24] Number of clauses: 58882.
c [w = 24] Number of variables: 13671.
c [w = 24] SAT Solving starts:
c [Signal] Signal interruption. Caught signal: SIGTERM (15).
c [w = 26] Start task in PID: 57546.
c [w = 26] Cyclic Antibandwidth problem with w = 26 (caterpillar_9_7.txt):
c [w = 26] Initializing CaDiCaL (version 2.1.3).
c [w = 26] Configuring CaDiCaL as --sat (1).
c [w = 26] Encoding starts with w = 26:
c [w = 26] Symmetry breaking highest degree node is applied.
c [w = 26] Encoding duration: 71 ms.
c [w = 26] Number of clauses: 60142.
c [w = 26] Number of variables: 14049.
c [w = 26] SAT Solving starts:
c [Signal] Signal interruption. Caught signal: SIGTERM (15).
c [w = 31] Start task in PID: 57556.
c [w = 31] Cyclic Antibandwidth problem with w = 31 (caterpillar_9_7.txt):
c [w = 31] Initializing CaDiCaL (version 2.1.3).
c [w = 31] Configuring CaDiCaL as --sat (1).
c [w = 31] Encoding starts with w = 31:
c [w = 31] Symmetry breaking highest degree node is applied.
c [w = 31] Encoding duration: 63 ms.
c [w = 31] Number of clauses: 57874.
c [w = 31] Number of variables: 13230.
c [w = 31] SAT Solving starts:
c [w = 31] Solving duration: 12 ms.
c [w = 31] Answer:
s [w = 31] UNSAT (w = 31).
c [w = 31] Result: 20.
c [Main] Child pid 25 - 57551 terminated by signal 15.
c [Main] Child pid 24 - 57550 terminated by signal 15.
c [Main] Min width UNSAT is set to 31
c [Main] Child pid 26 - 57546 terminated by signal 15.
c [w = 29] Start task in PID: 57552.
c [w = 29] Cyclic Antibandwidth problem with w = 29 (caterpillar_9_7.txt):
c [w = 29] Initializing CaDiCaL (version 2.1.3).
c [w = 29] Configuring CaDiCaL as --sat (1).
c [w = 29] Encoding starts with w = 29:
c [w = 29] Symmetry breaking highest degree node is applied.
c [w = 29] Encoding duration: 73 ms.
c [w = 29] Number of clauses: 62032.
c [w = 29] Number of variables: 14616.
c [w = 29] SAT Solving starts:
c [w = 29] Solving duration: 54 ms.
c [w = 29] Answer:
s [w = 29] SAT (w = 29).
c [w = 29] Solution check = 29.
c [w = 29] The solution is correct.
c [w = 29] Result: 10.
c [Main] Max width SAT is set to 29.
c [Main] Kill lower pid 28.
c [w = 28] Start task in PID: 57554.
c [w = 28] Cyclic Antibandwidth problem with w = 28 (caterpillar_9_7.txt):
c [w = 28] Initializing CaDiCaL (version 2.1.3).
c [w = 28] Configuring CaDiCaL as --sat (1).
c [w = 28] Encoding starts with w = 28:
c [w = 28] Symmetry breaking highest degree node is applied.
c [w = 28] Encoding duration: 68 ms.
c [w = 28] Number of clauses: 61402.
c [w = 28] Number of variables: 14427.
c [w = 28] SAT Solving starts:
c [w = 28] Solving duration: 21 ms.
c [w = 28] Answer:
s [w = 28] SAT (w = 28).
c [w = 28] Solution check = 28.
c [w = 28] The solution is correct.
c [Signal] Signal interruption. Caught signal: SIGTERM (15).
c [Main] Child pid 28 - 57554 terminated by signal 15.
c [w = 30] Start task in PID: 57555.
c [w = 30] Cyclic Antibandwidth problem with w = 30 (caterpillar_9_7.txt):
c [w = 30] Initializing CaDiCaL (version 2.1.3).
c [w = 30] Configuring CaDiCaL as --sat (1).
c [w = 30] Encoding starts with w = 30:
c [w = 30] Symmetry breaking highest degree node is applied.
c [w = 30] Encoding duration: 70 ms.
c [w = 30] Number of clauses: 62662.
c [w = 30] Number of variables: 14805.
c [w = 30] SAT Solving starts:
c [w = 30] Solving duration: 5762 ms.
c [w = 30] Answer:
s [w = 30] UNSAT (w = 30).
c [w = 30] Result: 20.
c [Main] Min width UNSAT is set to 30
c [Signal] Signal interruption. Caught signal: SIGTERM (15).
c [Main] All children have completed.
r [Main] 
r [Main] Final results: 
r [Main] Max width SAT:  	29.
r [Main] Min width UNSAT:	30.
r [Main] Total real time: 6243 ms.
r [Main] Total memory consumed: 145.5 MB.
r [Main] 
