c [Version] Cyclic Anti-bandwidth Encoder version 1.0.0.
c [Param] Real time limit is set to 150.
c [Param] Memory limit is set to 30000.
c [Param] Worker count is set to 8.
c [Param] LB skip threshold is set to 0.25.
c [Main] Encoding and solving for graph: caterpillar_25_15.txt.
c [Main] Search strategy: Binary search from lower bound.
c [Main] No predefined lower bound is found for caterpillar_25_15.txt.
c [Main] LB-w = 2 (default value).
c [Main] No predefined upper bound is found for caterpillar_25_15.txt.
c [Main] UB-w = 187 (default value calculated as n/2).
c [Main] LB is modified to 48 after applying LB skip threshold 0.25.
c [Main] Search order: 117 82 64 55 51 49 48 50 53 52 54 59 57 56 58 61 60 62 63 73 68 66 65 67 70 69 71 72 77 75 74 76 79 78 80 81 99 90 86 84 83 85 88 87 89 94 92 91 93 96 95 97 98 108 103 101 100 102 105 104 106 107 112 110 109 111 114 113 115 116 152 134 125 121 119 118 120 123 122 124 129 127 126 128 131 130 132 133 143 138 136 135 137 140 139 141 142 147 145 144 146 149 148 150 151 170 161 156 154 153 155 158 157 159 160 165 163 162 164 167 166 168 169 179 174 172 171 173 176 175 177 178 183 181 180 182 185 184 186 187.
c [w = 64] Start task in PID: 59726.
c [w = 64] Cyclic Antibandwidth problem with w = 64 (caterpillar_25_15.txt):
c [w = 64] Initializing CaDiCaL (version 2.1.3).
c [w = 64] Configuring CaDiCaL as --sat (1).
c [w = 64] Encoding starts with w = 64:
c [w = 64] Symmetry breaking highest degree node is applied.
c [w = 64] Encoding duration: 2528 ms.
c [w = 64] Number of clauses: 2021455.
c [w = 64] Number of variables: 446250.
c [w = 64] SAT Solving starts:
c [w = 64] Solving duration: 2611 ms.
c [w = 64] Answer:
s [w = 64] SAT (w = 64).
c [w = 64] Solution check = 64.
c [w = 64] The solution is correct.
c [w = 64] Result: 10.
c [Main] Max width SAT is set to 64.
c [Main] Kill lower pid 50.
c [Main] Kill lower pid 48.
c [Main] Kill lower pid 49.
c [Main] Kill lower pid 55.
c [Main] Kill lower pid 51.
c [w = 49] Start task in PID: 59729.
c [w = 49] Cyclic Antibandwidth problem with w = 49 (caterpillar_25_15.txt):
c [w = 49] Initializing CaDiCaL (version 2.1.3).
c [w = 49] Configuring CaDiCaL as --sat (1).
c [w = 49] Encoding starts with w = 49:
c [w = 49] Symmetry breaking highest degree node is applied.
c [w = 49] Encoding duration: 2543 ms.
c [w = 49] Number of clauses: 2021461.
c [w = 49] Number of variables: 447000.
c [w = 49] SAT Solving starts:
c [Signal] Signal interruption. Caught signal: SIGTERM (15).
c [w = 48] Start task in PID: 59730.
c [w = 48] Cyclic Antibandwidth problem with w = 48 (caterpillar_25_15.txt):
c [w = 48] Initializing CaDiCaL (version 2.1.3).
c [w = 48] Configuring CaDiCaL as --sat (1).
c [w = 48] Encoding starts with w = 48:
c [w = 48] Symmetry breaking highest degree node is applied.
c [w = 48] Encoding duration: 2528 ms.
c [w = 48] Number of clauses: 2012086.
c [w = 48] Number of variables: 444000.
c [w = 48] SAT Solving starts:
c [Signal] Signal interruption. Caught signal: SIGTERM (15).
c [w = 55] Start task in PID: 59727.
c [w = 55] Cyclic Antibandwidth problem with w = 55 (caterpillar_25_15.txt):
c [w = 55] Initializing CaDiCaL (version 2.1.3).
c [w = 55] Configuring CaDiCaL as --sat (1).
c [w = 55] Encoding starts with w = 55:
c [w = 55] Symmetry breaking highest degree node is applied.
c [w = 55] Encoding duration: 2555 ms.
c [w = 55] Number of clauses: 2017333.
c [w = 55] Number of variables: 445500.
c [w = 55] SAT Solving starts:
c [Signal] Signal interruption. Caught signal: SIGTERM (15).
c [w = 51] Start task in PID: 59728.
c [w = 51] Cyclic Antibandwidth problem with w = 51 (caterpillar_25_15.txt):
c [w = 51] Initializing CaDiCaL (version 2.1.3).
c [w = 51] Configuring CaDiCaL as --sat (1).
c [w = 51] Encoding starts with w = 51:
c [w = 51] Symmetry breaking highest degree node is applied.
c [w = 51] Encoding duration: 2563 ms.
c [w = 51] Number of clauses: 2040211.
c [w = 51] Number of variables: 453000.
c [w = 51] SAT Solving starts:
c [Signal] Signal interruption. Caught signal: SIGTERM (15).
c [w = 50] Start task in PID: 59731.
c [w = 50] Cyclic Antibandwidth problem with w = 50 (caterpillar_25_15.txt):
c [w = 50] Initializing CaDiCaL (version 2.1.3).
c [w = 50] Configuring CaDiCaL as --sat (1).
c [w = 50] Encoding starts with w = 50:
c [w = 50] Symmetry breaking highest degree node is applied.
c [w = 50] Encoding duration: 2575 ms.
c [w = 50] Number of clauses: 2030836.
c [w = 50] Number of variables: 450000.
c [w = 50] SAT Solving starts:
c [Signal] Signal interruption. Caught signal: SIGTERM (15).
c [Main] Child pid 55 - 59727 terminated by signal 15.
c [Main] Child pid 49 - 59729 terminated by signal 15.
c [Main] Child pid 48 - 59730 terminated by signal 15.
c [Main] Child pid 50 - 59731 terminated by signal 15.
c [Main] Child pid 51 - 59728 terminated by signal 15.
c [w = 65] Start task in PID: 59735.
c [w = 65] Cyclic Antibandwidth problem with w = 65 (caterpillar_25_15.txt):
c [w = 65] Initializing CaDiCaL (version 2.1.3).
c [w = 65] Configuring CaDiCaL as --sat (1).
c [w = 65] Encoding starts with w = 65:
c [w = 65] Symmetry breaking highest degree node is applied.
c [w = 65] Encoding duration: 2444 ms.
c [w = 65] Number of clauses: 2028580.
c [w = 65] Number of variables: 448500.
c [w = 65] SAT Solving starts:
c [w = 65] Solving duration: 19909 ms.
c [w = 65] Answer:
s [w = 65] SAT (w = 65).
c [w = 65] Solution check = 65.
c [w = 65] The solution is correct.
c [w = 65] Result: 10.
c [Main] Max width SAT is set to 65.
c [w = 117] Start task in PID: 59724.
c [w = 117] Cyclic Antibandwidth problem with w = 117 (caterpillar_25_15.txt):
c [w = 117] Initializing CaDiCaL (version 2.1.3).
c [w = 117] Configuring CaDiCaL as --sat (1).
c [w = 117] Encoding starts with w = 117:
c [w = 117] Symmetry breaking highest degree node is applied.
c [w = 117] Encoding duration: 2719 ms.
c [w = 117] Number of clauses: 2140699.
c [w = 117] Number of variables: 480000.
c [w = 117] SAT Solving starts:
c [w = 117] Solving duration: 29242 ms.
c [w = 117] Answer:
s [w = 117] SAT (w = 117).
c [w = 117] Solution check = 117.
c [w = 117] The solution is correct.
c [w = 117] Result: 10.
c [w = 67] Start task in PID: 59736.
c [w = 67] Cyclic Antibandwidth problem with w = 67 (caterpillar_25_15.txt):
c [w = 67] Initializing CaDiCaL (version 2.1.3).
c [w = 67] Configuring CaDiCaL as --sat (1).
c [w = 67] Encoding starts with w = 67:
c [w = 67] Symmetry breaking highest degree node is applied.
c [w = 67] Encoding duration: 2254 ms.
c [w = 67] Number of clauses: 2042830.
c [w = 67] Number of variables: 453000.
c [w = 67] SAT Solving starts:
c [Signal] Signal interruption. Caught signal: SIGTERM (15).
c [w = 70] Start task in PID: 59737.
c [w = 70] Cyclic Antibandwidth problem with w = 70 (caterpillar_25_15.txt):
c [w = 70] Initializing CaDiCaL (version 2.1.3).
c [w = 70] Configuring CaDiCaL as --sat (1).
c [w = 70] Encoding starts with w = 70:
c [w = 70] Symmetry breaking highest degree node is applied.
c [w = 70] Encoding duration: 2256 ms.
c [w = 70] Number of clauses: 2064205.
c [w = 70] Number of variables: 459750.
c [w = 70] SAT Solving starts:
c [Signal] Signal interruption. Caught signal: SIGTERM (15).
c [w = 66] Start task in PID: 59734.
c [w = 66] Cyclic Antibandwidth problem with w = 66 (caterpillar_25_15.txt):
c [w = 66] Initializing CaDiCaL (version 2.1.3).
c [w = 66] Configuring CaDiCaL as --sat (1).
c [w = 66] Encoding starts with w = 66:
c [w = 66] Symmetry breaking highest degree node is applied.
c [w = 66] Encoding duration: 2470 ms.
c [w = 66] Number of clauses: 2035705.
c [w = 66] Number of variables: 450750.
c [w = 66] SAT Solving starts:
c [Signal] Signal interruption. Caught signal: SIGTERM (15).
c [w = 68] Start task in PID: 59733.
c [w = 68] Cyclic Antibandwidth problem with w = 68 (caterpillar_25_15.txt):
c [w = 68] Initializing CaDiCaL (version 2.1.3).
c [w = 68] Configuring CaDiCaL as --sat (1).
c [w = 68] Encoding starts with w = 68:
c [w = 68] Symmetry breaking highest degree node is applied.
c [w = 68] Encoding duration: 2492 ms.
c [w = 68] Number of clauses: 2049955.
c [w = 68] Number of variables: 455250.
c [w = 68] SAT Solving starts:
c [Signal] Signal interruption. Caught signal: SIGTERM (15).
c [Main] Max width SAT is set to 117.
c [Main] Kill lower pid 70.
c [Main] Kill lower pid 67.
c [Main] Kill lower pid 66.
c [Main] Kill lower pid 68.
c [Main] Kill lower pid 73.
c [Main] Kill lower pid 69.
c [Main] Kill lower pid 82.
c [w = 69] Start task in PID: 59743.
c [w = 69] Cyclic Antibandwidth problem with w = 69 (caterpillar_25_15.txt):
c [w = 69] Initializing CaDiCaL (version 2.1.3).
c [w = 69] Configuring CaDiCaL as --sat (1).
c [w = 69] Encoding starts with w = 69:
c [w = 69] Symmetry breaking highest degree node is applied.
c [w = 69] Encoding duration: 2271 ms.
c [w = 69] Number of clauses: 2057080.
c [w = 69] Number of variables: 457500.
c [w = 69] SAT Solving starts:
c [Signal] Signal interruption. Caught signal: SIGTERM (15).
c [w = 73] Start task in PID: 59732.
c [w = 73] Cyclic Antibandwidth problem with w = 73 (caterpillar_25_15.txt):
c [w = 73] Initializing CaDiCaL (version 2.1.3).
c [w = 73] Configuring CaDiCaL as --sat (1).
c [w = 73] Encoding starts with w = 73:
c [w = 73] Symmetry breaking highest degree node is applied.
c [w = 73] Encoding duration: 2534 ms.
c [w = 73] Number of clauses: 2085580.
c [w = 73] Number of variables: 466500.
c [w = 73] SAT Solving starts:
c [Signal] Signal interruption. Caught signal: SIGTERM (15).
c [w = 82] Start task in PID: 59725.
c [w = 82] Cyclic Antibandwidth problem with w = 82 (caterpillar_25_15.txt):
c [w = 82] Initializing CaDiCaL (version 2.1.3).
c [w = 82] Configuring CaDiCaL as --sat (1).
c [w = 82] Encoding starts with w = 82:
c [w = 82] Symmetry breaking highest degree node is applied.
c [w = 82] Encoding duration: 2576 ms.
c [w = 82] Number of clauses: 2059702.
c [w = 82] Number of variables: 457125.
c [w = 82] SAT Solving starts:
c [Signal] Signal interruption. Caught signal: SIGTERM (15).
c [Main] Child pid 82 - 59725 terminated by signal 15.
c [Main] Child pid 69 - 59743 terminated by signal 15.
c [Main] Child pid 68 - 59733 terminated by signal 15.
c [Main] Child pid 66 - 59734 terminated by signal 15.
c [Main] Child pid 73 - 59732 terminated by signal 15.
c [Main] Child pid 67 - 59736 terminated by signal 15.
c [Main] Child pid 70 - 59737 terminated by signal 15.
c [w = 125] Start task in PID: 59747.
c [w = 125] Cyclic Antibandwidth problem with w = 125 (caterpillar_25_15.txt):
c [w = 125] Initializing CaDiCaL (version 2.1.3).
c [w = 125] Configuring CaDiCaL as --sat (1).
c [w = 125] Encoding starts with w = 125:
c [w = 125] Symmetry breaking highest degree node is applied.
c [w = 125] Encoding duration: 2503 ms.
c [w = 125] Number of clauses: 2042071.
c [w = 125] Number of variables: 446250.
c [w = 125] SAT Solving starts:
c [w = 125] Solving duration: 200 ms.
c [w = 125] Answer:
s [w = 125] SAT (w = 125).
c [w = 125] Solution check = 125.
c [w = 125] The solution is correct.
c [w = 125] Result: 10.
c [w = 120] Start task in PID: 59751.
c [w = 120] Cyclic Antibandwidth problem with w = 120 (caterpillar_25_15.txt):
c [w = 120] Initializing CaDiCaL (version 2.1.3).
c [w = 120] Configuring CaDiCaL as --sat (1).
c [w = 120] Encoding starts with w = 120:
c [w = 120] Symmetry breaking highest degree node is applied.
c [w = 120] Encoding duration: 2794 ms.
c [w = 120] Number of clauses: 2155324.
c [w = 120] Number of variables: 484500.
c [w = 120] SAT Solving starts:
c [Signal] Signal interruption. Caught signal: SIGTERM (15).
c [Main] Max width SAT is set to 125.
c [Main] Kill lower pid 123.
c [Main] Kill lower pid 120.
c [Main] Kill lower pid 118.
c [Main] Kill lower pid 119.
c [Main] Kill lower pid 121.
c [w = 118] Start task in PID: 59750.
c [w = 118] Cyclic Antibandwidth problem with w = 118 (caterpillar_25_15.txt):
c [w = 118] Initializing CaDiCaL (version 2.1.3).
c [w = 118] Configuring CaDiCaL as --sat (1).
c [w = 118] Encoding starts with w = 118:
c [w = 118] Symmetry breaking highest degree node is applied.
c [w = 118] Encoding duration: 2709 ms.
c [w = 118] Number of clauses: 2145574.
c [w = 118] Number of variables: 481500.
c [w = 118] SAT Solving starts:
c [Signal] Signal interruption. Caught signal: SIGTERM (15).
c [w = 119] Start task in PID: 59749.
c [w = 119] Cyclic Antibandwidth problem with w = 119 (caterpillar_25_15.txt):
c [w = 119] Initializing CaDiCaL (version 2.1.3).
c [w = 119] Configuring CaDiCaL as --sat (1).
c [w = 119] Encoding starts with w = 119:
c [w = 119] Symmetry breaking highest degree node is applied.
c [w = 119] Encoding duration: 2696 ms.
c [w = 119] Number of clauses: 2150449.
c [w = 119] Number of variables: 483000.
c [w = 119] SAT Solving starts:
c [Signal] Signal interruption. Caught signal: SIGTERM (15).
c [w = 121] Start task in PID: 59748.
c [w = 121] Cyclic Antibandwidth problem with w = 121 (caterpillar_25_15.txt):
c [w = 121] Initializing CaDiCaL (version 2.1.3).
c [w = 121] Configuring CaDiCaL as --sat (1).
c [w = 121] Encoding starts with w = 121:
c [w = 121] Symmetry breaking highest degree node is applied.
c [w = 121] Encoding duration: 2789 ms.
c [w = 121] Number of clauses: 2160199.
c [w = 121] Number of variables: 486000.
c [w = 121] SAT Solving starts:
c [Signal] Signal interruption. Caught signal: SIGTERM (15).
c [w = 123] Start task in PID: 59752.
c [w = 123] Cyclic Antibandwidth problem with w = 123 (caterpillar_25_15.txt):
c [w = 123] Initializing CaDiCaL (version 2.1.3).
c [w = 123] Configuring CaDiCaL as --sat (1).
c [w = 123] Encoding starts with w = 123:
c [w = 123] Symmetry breaking highest degree node is applied.
c [w = 123] Encoding duration: 2753 ms.
c [w = 123] Number of clauses: 2169949.
c [w = 123] Number of variables: 489000.
c [w = 123] SAT Solving starts:
c [Signal] Signal interruption. Caught signal: SIGTERM (15).
c [Main] Child pid 119 - 59749 terminated by signal 15.
c [Main] Child pid 118 - 59750 terminated by signal 15.
c [Main] Child pid 121 - 59748 terminated by signal 15.
c [Main] Child pid 123 - 59752 terminated by signal 15.
c [Main] Child pid 120 - 59751 terminated by signal 15.
c [w = 126] Start task in PID: 59755.
c [w = 126] Cyclic Antibandwidth problem with w = 126 (caterpillar_25_15.txt):
c [w = 126] Initializing CaDiCaL (version 2.1.3).
c [w = 126] Configuring CaDiCaL as --sat (1).
c [w = 126] Encoding starts with w = 126:
c [w = 126] Symmetry breaking highest degree node is applied.
c [w = 126] Encoding duration: 2489 ms.
c [w = 126] Number of clauses: 2045821.
c [w = 126] Number of variables: 447375.
c [w = 126] SAT Solving starts:
c [w = 126] Solving duration: 24786 ms.
c [w = 126] Answer:
s [w = 126] SAT (w = 126).
c [w = 126] Solution check = 126.
c [w = 126] The solution is correct.
c [w = 126] Result: 10.
c [Main] Max width SAT is set to 126.
c [w = 127] Start task in PID: 59754.
c [w = 127] Cyclic Antibandwidth problem with w = 127 (caterpillar_25_15.txt):
c [w = 127] Initializing CaDiCaL (version 2.1.3).
c [w = 127] Configuring CaDiCaL as --sat (1).
c [w = 127] Encoding starts with w = 127:
c [w = 127] Symmetry breaking highest degree node is applied.
c [w = 127] Encoding duration: 2286 ms.
c [w = 127] Number of clauses: 2049571.
c [w = 127] Number of variables: 448500.
c [w = 127] SAT Solving starts:
c [w = 127] Solving duration: 70437 ms.
c [w = 127] Answer:
s [w = 127] SAT (w = 127).
c [w = 127] Solution check = 127.
c [w = 127] The solution is correct.
c [w = 127] Result: 10.
c [Main] Max width SAT is set to 127.
c [w = 152] Start task in PID: 59745.
c [w = 152] Cyclic Antibandwidth problem with w = 152 (caterpillar_25_15.txt):
c [w = 152] Initializing CaDiCaL (version 2.1.3).
c [w = 152] Configuring CaDiCaL as --sat (1).
c [w = 152] Encoding starts with w = 152:
c [w = 152] Symmetry breaking highest degree node is applied.
c [w = 152] Encoding duration: 2698 ms.
c [w = 152] Number of clauses: 2143321.
c [w = 152] Number of variables: 476625.
c [w = 152] SAT Solving starts:
c [w = 152] Solving duration: 109049 ms.
c [w = 152] Answer:
s [w = 152] SAT (w = 152).
c [w = 152] Solution check = 152.
c [w = 152] The solution is correct.
c [w = 152] Result: 10.
c [w = 133] Start task in PID: 59773.
c [w = 133] Cyclic Antibandwidth problem with w = 133 (caterpillar_25_15.txt):
c [w = 133] Initializing CaDiCaL (version 2.1.3).
c [w = 133] Configuring CaDiCaL as --sat (1).
c [w = 133] Encoding starts with w = 133:
c [w = 133] Symmetry breaking highest degree node is applied.
c [w = 133] Encoding duration: 2182 ms.
c [w = 133] Number of clauses: 2072071.
c [w = 133] Number of variables: 455250.
c [w = 133] SAT Solving starts:
c [Signal] Signal interruption. Caught signal: SIGTERM (15).
c [w = 132] Start task in PID: 59762.
c [w = 132] Cyclic Antibandwidth problem with w = 132 (caterpillar_25_15.txt):
c [w = 132] Initializing CaDiCaL (version 2.1.3).
c [w = 132] Configuring CaDiCaL as --sat (1).
c [w = 132] Encoding starts with w = 132:
c [w = 132] Symmetry breaking highest degree node is applied.
c [w = 132] Encoding duration: 2237 ms.
c [w = 132] Number of clauses: 2068321.
c [w = 132] Number of variables: 454125.
c [w = 132] SAT Solving starts:
c [Signal] Signal interruption. Caught signal: SIGTERM (15).
c [w = 130] Start task in PID: 59758.
c [w = 130] Cyclic Antibandwidth problem with w = 130 (caterpillar_25_15.txt):
c [w = 130] Initializing CaDiCaL (version 2.1.3).
c [w = 130] Configuring CaDiCaL as --sat (1).
c [w = 130] Encoding starts with w = 130:
c [w = 130] Symmetry breaking highest degree node is applied.
c [w = 130] Encoding duration: 2521 ms.
c [w = 130] Number of clauses: 2060821.
c [w = 130] Number of variables: 451875.
c [w = 130] SAT Solving starts:
c [Signal] Signal interruption. Caught signal: SIGTERM (15).
c [w = 131] Start task in PID: 59757.
c [w = 131] Cyclic Antibandwidth problem with w = 131 (caterpillar_25_15.txt):
c [w = 131] Initializing CaDiCaL (version 2.1.3).
c [w = 131] Configuring CaDiCaL as --sat (1).
c [w = 131] Encoding starts with w = 131:
c [w = 131] Symmetry breaking highest degree node is applied.
c [w = 131] Encoding duration: 2483 ms.
c [w = 131] Number of clauses: 2064571.
c [w = 131] Number of variables: 453000.
c [w = 131] SAT Solving starts:
c [Signal] Signal interruption. Caught signal: SIGTERM (15).
c [w = 128] Start task in PID: 59756.
c [w = 128] Cyclic Antibandwidth problem with w = 128 (caterpillar_25_15.txt):
c [w = 128] Initializing CaDiCaL (version 2.1.3).
c [w = 128] Configuring CaDiCaL as --sat (1).
c [w = 128] Encoding starts with w = 128:
c [w = 128] Symmetry breaking highest degree node is applied.
c [w = 128] Encoding duration: 2507 ms.
c [w = 128] Number of clauses: 2053321.
c [w = 128] Number of variables: 449625.
c [w = 128] SAT Solving starts:
c [Signal] Signal interruption. Caught signal: SIGTERM (15).
c [Main] Max width SAT is set to 152.
c [Main] Kill lower pid 133.
c [Main] Kill lower pid 132.
c [Main] Kill lower pid 130.
c [Main] Kill lower pid 131.
c [Main] Kill lower pid 128.
c [Main] Kill lower pid 129.
c [Main] Kill lower pid 134.
c [w = 129] Start task in PID: 59753.
c [w = 129] Cyclic Antibandwidth problem with w = 129 (caterpillar_25_15.txt):
c [w = 129] Initializing CaDiCaL (version 2.1.3).
c [w = 129] Configuring CaDiCaL as --sat (1).
c [w = 129] Encoding starts with w = 129:
c [w = 129] Symmetry breaking highest degree node is applied.
c [w = 129] Encoding duration: 2262 ms.
c [w = 129] Number of clauses: 2057071.
c [w = 129] Number of variables: 450750.
c [w = 129] SAT Solving starts:
c [Signal] Signal interruption. Caught signal: SIGTERM (15).
c [w = 134] Start task in PID: 59746.
c [w = 134] Cyclic Antibandwidth problem with w = 134 (caterpillar_25_15.txt):
c [w = 134] Initializing CaDiCaL (version 2.1.3).
c [w = 134] Configuring CaDiCaL as --sat (1).
c [w = 134] Encoding starts with w = 134:
c [w = 134] Symmetry breaking highest degree node is applied.
c [w = 134] Encoding duration: 2549 ms.
c [w = 134] Number of clauses: 2075821.
c [w = 134] Number of variables: 456375.
c [w = 134] SAT Solving starts:
c [Signal] Signal interruption. Caught signal: SIGTERM (15).
c [Main] Child pid 129 - 59753 terminated by signal 15.
c [Main] Child pid 128 - 59756 terminated by signal 15.
c [Main] Child pid 131 - 59757 terminated by signal 15.
c [Main] Child pid 134 - 59746 terminated by signal 15.
c [Main] Child pid 130 - 59758 terminated by signal 15.
c [Main] Child pid 132 - 59762 terminated by signal 15.
c [Main] Child pid 133 - 59773 terminated by signal 15.
c [w = 158] Start task in PID: 59787.
c [w = 158] Cyclic Antibandwidth problem with w = 158 (caterpillar_25_15.txt):
c [w = 158] Initializing CaDiCaL (version 2.1.3).
c [w = 158] Configuring CaDiCaL as --sat (1).
c [w = 158] Encoding starts with w = 158:
c [w = 158] Symmetry breaking highest degree node is applied.
c [w = 158] Encoding duration: 2634 ms.
c [w = 158] Number of clauses: 2165821.
c [w = 158] Number of variables: 483375.
c [w = 158] SAT Solving starts:
c [Signal] Signal interruption. Caught signal: SIGTERM (15).
c [w = 155] Start task in PID: 59786.
c [w = 155] Cyclic Antibandwidth problem with w = 155 (caterpillar_25_15.txt):
c [w = 155] Initializing CaDiCaL (version 2.1.3).
c [w = 155] Configuring CaDiCaL as --sat (1).
c [w = 155] Encoding starts with w = 155:
c [w = 155] Symmetry breaking highest degree node is applied.
c [w = 155] Encoding duration: 2620 ms.
c [w = 155] Number of clauses: 2154571.
c [w = 155] Number of variables: 480000.
c [w = 155] SAT Solving starts:
c [Signal] Signal interruption. Caught signal: SIGTERM (15).
c [w = 153] Start task in PID: 59785.
c [w = 153] Cyclic Antibandwidth problem with w = 153 (caterpillar_25_15.txt):
c [w = 153] Initializing CaDiCaL (version 2.1.3).
c [w = 153] Configuring CaDiCaL as --sat (1).
c [w = 153] Encoding starts with w = 153:
c [w = 153] Symmetry breaking highest degree node is applied.
c [w = 153] Encoding duration: 2612 ms.
c [w = 153] Number of clauses: 2147071.
c [w = 153] Number of variables: 477750.
c [w = 153] SAT Solving starts:
c [Signal] Signal interruption. Caught signal: SIGTERM (15).
c [w = 154] Start task in PID: 59784.
c [w = 154] Cyclic Antibandwidth problem with w = 154 (caterpillar_25_15.txt):
c [w = 154] Initializing CaDiCaL (version 2.1.3).
c [w = 154] Configuring CaDiCaL as --sat (1).
c [w = 154] Encoding starts with w = 154:
c [w = 154] Symmetry breaking highest degree node is applied.
c [w = 154] Encoding duration: 2616 ms.
c [w = 154] Number of clauses: 2150821.
c [w = 154] Number of variables: 478875.
c [w = 154] SAT Solving starts:
c [Signal] Signal interruption. Caught signal: SIGTERM (15).
c [w = 161] Start task in PID: 59782.
c [w = 161] Cyclic Antibandwidth problem with w = 161 (caterpillar_25_15.txt):
c [w = 161] Initializing CaDiCaL (version 2.1.3).
c [w = 161] Configuring CaDiCaL as --sat (1).
c [w = 161] Encoding starts with w = 161:
c [w = 161] Symmetry breaking highest degree node is applied.
c [w = 161] Encoding duration: 2659 ms.
c [w = 161] Number of clauses: 2177071.
c [w = 161] Number of variables: 486750.
c [w = 161] SAT Solving starts:
c [Signal] Signal interruption. Caught signal: SIGTERM (15).
c [w = 156] Start task in PID: 59783.
c [w = 156] Cyclic Antibandwidth problem with w = 156 (caterpillar_25_15.txt):
c [w = 156] Initializing CaDiCaL (version 2.1.3).
c [w = 156] Configuring CaDiCaL as --sat (1).
c [w = 156] Encoding starts with w = 156:
c [w = 156] Symmetry breaking highest degree node is applied.
c [w = 156] Encoding duration: 2647 ms.
c [w = 156] Number of clauses: 2158321.
c [w = 156] Number of variables: 481125.
c [w = 156] SAT Solving starts:
c [Signal] Signal interruption. Caught signal: SIGTERM (15).
c [w = 170] Start task in PID: 59781.
c [w = 170] Cyclic Antibandwidth problem with w = 170 (caterpillar_25_15.txt):
c [w = 170] Initializing CaDiCaL (version 2.1.3).
c [w = 170] Configuring CaDiCaL as --sat (1).
c [w = 170] Encoding starts with w = 170:
c [w = 170] Symmetry breaking highest degree node is applied.
c [w = 170] Encoding duration: 2686 ms.
c [w = 170] Number of clauses: 2210821.
c [w = 170] Number of variables: 496875.
c [w = 170] SAT Solving starts:
c [Signal] Signal interruption. Caught signal: SIGTERM (15).
c [Main] Lim pid ends with result: 254.
c [Main] All children have completed.
r [Main] 
r [Main] Final results: 
r [Main] Max width SAT:  	152.
r [Main] Min width UNSAT:	-.
r [Main] Total real time: 151206 ms.
r [Main] Total memory consumed: 5050.6 MB.
r [Main] 
c [w = 157] Start task in PID: 59788.
c [w = 157] Cyclic Antibandwidth problem with w = 157 (caterpillar_25_15.txt):
c [w = 157] Initializing CaDiCaL (version 2.1.3).
c [w = 157] Configuring CaDiCaL as --sat (1).
c [w = 157] Encoding starts with w = 157:
c [w = 157] Symmetry breaking highest degree node is applied.
c [w = 157] Encoding duration: 2606 ms.
c [w = 157] Number of clauses: 2162071.
c [w = 157] Number of variables: 482250.
c [w = 157] SAT Solving starts:
c [Signal] Signal interruption. Caught signal: SIGTERM (15).
