c [Version] Cyclic Anti-bandwidth Encoder version 1.0.0.
c [Param] Real time limit is set to 150.
c [Param] Memory limit is set to 30000.
c [Param] Worker count is set to 8.
c [Param] LB skip threshold is set to 0.25.
c [Main] Encoding and solving for graph: caterpillar_20_25.txt.
c [Main] Search strategy: Binary search from lower bound.
c [Main] No predefined lower bound is found for caterpillar_20_25.txt.
c [Main] LB-w = 2 (default value).
c [Main] No predefined upper bound is found for caterpillar_20_25.txt.
c [Main] UB-w = 250 (default value calculated as n/2).
c [Main] LB is modified to 64 after applying LB skip threshold 0.25.
c [Main] Search order: 157 110 86 74 68 65 64 66 67 71 69 70 72 73 80 77 75 76 78 79 83 81 82 84 85 98 92 89 87 88 90 91 95 93 94 96 97 104 101 99 100 102 103 107 105 106 108 109 133 121 115 112 111 113 114 118 116 117 119 120 127 124 122 123 125 126 130 128 129 131 132 145 139 136 134 135 137 138 142 140 141 143 144 151 148 146 147 149 150 154 152 153 155 156 204 180 168 162 159 158 160 161 165 163 164 166 167 174 171 169 170 172 173 177 175 176 178 179 192 186 183 181 182 184 185 189 187 188 190 191 198 195 193 194 196 197 201 199 200 202 203 227 215 209 206 205 207 208 212 210 211 213 214 221 218 216 217 219 220 224 222 223 225 226 239 233 230 228 229 231 232 236 234 235 237 238 245 242 240 241 243 244 248 246 247 249 250.
c [w = 66] Start task in PID: 59147.
c [w = 66] Cyclic Antibandwidth problem with w = 66 (caterpillar_20_25.txt):
c [w = 66] Initializing CaDiCaL (version 2.1.3).
c [w = 66] Configuring CaDiCaL as --sat (1).
c [w = 66] Encoding starts with w = 66:
c [w = 66] Symmetry breaking highest degree node is applied.
c [w = 66] Encoding duration: 4371 ms.
c [w = 66] Number of clauses: 3604274.
c [w = 66] Number of variables: 795000.
c [w = 66] SAT Solving starts:
c [w = 66] Solving duration: 42082 ms.
c [w = 66] Answer:
s [w = 66] SAT (w = 66).
c [w = 66] Solution check = 66.
c [w = 66] The solution is correct.
c [w = 66] Result: 10.
c [Main] Max width SAT is set to 66.
c [Main] Kill lower pid 64.
c [Main] Kill lower pid 65.
c [w = 64] Start task in PID: 59146.
c [w = 64] Cyclic Antibandwidth problem with w = 64 (caterpillar_20_25.txt):
c [w = 64] Initializing CaDiCaL (version 2.1.3).
c [w = 64] Configuring CaDiCaL as --sat (1).
c [w = 64] Encoding starts with w = 64:
c [w = 64] Symmetry breaking highest degree node is applied.
c [w = 64] Encoding duration: 4352 ms.
c [w = 64] Number of clauses: 3579274.
c [w = 64] Number of variables: 787000.
c [w = 64] SAT Solving starts:
c [w = 64] Solving duration: 43185 ms.
c [w = 64] Answer:
s [w = 64] SAT (w = 64).
c [w = 64] Solution check = 64.
c [w = 64] The solution is correct.
c [Signal] Signal interruption. Caught signal: SIGTERM (15).
c [w = 65] Start task in PID: 59145.
c [w = 65] Cyclic Antibandwidth problem with w = 65 (caterpillar_20_25.txt):
c [w = 65] Initializing CaDiCaL (version 2.1.3).
c [w = 65] Configuring CaDiCaL as --sat (1).
c [w = 65] Encoding starts with w = 65:
c [w = 65] Symmetry breaking highest degree node is applied.
c [w = 65] Encoding duration: 4355 ms.
c [w = 65] Number of clauses: 3591774.
c [w = 65] Number of variables: 791000.
c [w = 65] SAT Solving starts:
c [Signal] Signal interruption. Caught signal: SIGTERM (15).
c [Main] Child pid 64 - 59146 terminated by signal 15.
c [Main] Child pid 65 - 59145 terminated by signal 15.
c [w = 74] Start task in PID: 59143.
c [w = 74] Cyclic Antibandwidth problem with w = 74 (caterpillar_20_25.txt):
c [w = 74] Initializing CaDiCaL (version 2.1.3).
c [w = 74] Configuring CaDiCaL as --sat (1).
c [w = 74] Encoding starts with w = 74:
c [w = 74] Symmetry breaking highest degree node is applied.
c [w = 74] Encoding duration: 4393 ms.
c [w = 74] Number of clauses: 3595271.
c [w = 74] Number of variables: 791500.
c [w = 74] SAT Solving starts:
c [w = 74] Solving duration: 72009 ms.
c [w = 74] Answer:
s [w = 74] SAT (w = 74).
c [w = 74] Solution check = 74.
c [w = 74] The solution is correct.
c [w = 74] Result: 10.
c [w = 69] Start task in PID: 59160.
c [w = 69] Cyclic Antibandwidth problem with w = 69 (caterpillar_20_25.txt):
c [w = 69] Initializing CaDiCaL (version 2.1.3).
c [w = 69] Configuring CaDiCaL as --sat (1).
c [w = 69] Encoding starts with w = 69:
c [w = 69] Symmetry breaking highest degree node is applied.
c [w = 69] Encoding duration: 4034 ms.
c [w = 69] Number of clauses: 3641774.
c [w = 69] Number of variables: 807000.
c [w = 69] SAT Solving starts:
c [Signal] Signal interruption. Caught signal: SIGTERM (15).
c [Main] Max width SAT is set to 74.
c [Main] Kill lower pid 69.
c [Main] Kill lower pid 67.
c [Main] Kill lower pid 68.
c [Main] Kill lower pid 71.
c [w = 67] Start task in PID: 59158.
c [w = 67] Cyclic Antibandwidth problem with w = 67 (caterpillar_20_25.txt):
c [w = 67] Initializing CaDiCaL (version 2.1.3).
c [w = 67] Configuring CaDiCaL as --sat (1).
c [w = 67] Encoding starts with w = 67:
c [w = 67] Symmetry breaking highest degree node is applied.
c [w = 67] Encoding duration: 3990 ms.
c [w = 67] Number of clauses: 3616774.
c [w = 67] Number of variables: 799000.
c [w = 67] SAT Solving starts:
c [Signal] Signal interruption. Caught signal: SIGTERM (15).
c [w = 68] Start task in PID: 59144.
c [w = 68] Cyclic Antibandwidth problem with w = 68 (caterpillar_20_25.txt):
c [w = 68] Initializing CaDiCaL (version 2.1.3).
c [w = 68] Configuring CaDiCaL as --sat (1).
c [w = 68] Encoding starts with w = 68:
c [w = 68] Symmetry breaking highest degree node is applied.
c [w = 68] Encoding duration: 4424 ms.
c [w = 68] Number of clauses: 3629274.
c [w = 68] Number of variables: 803000.
c [w = 68] SAT Solving starts:
c [Signal] Signal interruption. Caught signal: SIGTERM (15).
c [w = 71] Start task in PID: 59159.
c [w = 71] Cyclic Antibandwidth problem with w = 71 (caterpillar_20_25.txt):
c [w = 71] Initializing CaDiCaL (version 2.1.3).
c [w = 71] Configuring CaDiCaL as --sat (1).
c [w = 71] Encoding starts with w = 71:
c [w = 71] Symmetry breaking highest degree node is applied.
c [w = 71] Encoding duration: 4022 ms.
c [w = 71] Number of clauses: 3666774.
c [w = 71] Number of variables: 815000.
c [w = 71] SAT Solving starts:
c [Signal] Signal interruption. Caught signal: SIGTERM (15).
c [Main] Child pid 71 - 59159 terminated by signal 15.
c [Main] Child pid 68 - 59144 terminated by signal 15.
c [Main] Child pid 67 - 59158 terminated by signal 15.
c [Main] Child pid 69 - 59160 terminated by signal 15.
c [w = 86] Start task in PID: 59142.
c [w = 86] Cyclic Antibandwidth problem with w = 86 (caterpillar_20_25.txt):
c [w = 86] Initializing CaDiCaL (version 2.1.3).
c [w = 86] Configuring CaDiCaL as --sat (1).
c [w = 86] Encoding starts with w = 86:
c [w = 86] Symmetry breaking highest degree node is applied.
c [w = 86] Encoding duration: 4343 ms.
c [w = 86] Number of clauses: 3600768.
c [w = 86] Number of variables: 792000.
c [w = 86] SAT Solving starts:
c [w = 86] Solving duration: 82001 ms.
c [w = 86] Answer:
s [w = 86] SAT (w = 86).
c [w = 86] Solution check = 86.
c [w = 86] The solution is correct.
c [w = 86] Result: 10.
c [w = 78] Start task in PID: 59172.
c [w = 78] Cyclic Antibandwidth problem with w = 78 (caterpillar_20_25.txt):
c [w = 78] Initializing CaDiCaL (version 2.1.3).
c [w = 78] Configuring CaDiCaL as --sat (1).
c [w = 78] Encoding starts with w = 78:
c [w = 78] Symmetry breaking highest degree node is applied.
c [w = 78] Encoding duration: 4412 ms.
c [w = 78] Number of clauses: 3639271.
c [w = 78] Number of variables: 805500.
c [w = 78] SAT Solving starts:
c [Signal] Signal interruption. Caught signal: SIGTERM (15).
c [w = 76] Start task in PID: 59171.
c [w = 76] Cyclic Antibandwidth problem with w = 76 (caterpillar_20_25.txt):
c [w = 76] Initializing CaDiCaL (version 2.1.3).
c [w = 76] Configuring CaDiCaL as --sat (1).
c [w = 76] Encoding starts with w = 76:
c [w = 76] Symmetry breaking highest degree node is applied.
c [w = 76] Encoding duration: 3897 ms.
c [w = 76] Number of clauses: 3617271.
c [w = 76] Number of variables: 798500.
c [w = 76] SAT Solving starts:
c [Signal] Signal interruption. Caught signal: SIGTERM (15).
c [w = 75] Start task in PID: 59170.
c [w = 75] Cyclic Antibandwidth problem with w = 75 (caterpillar_20_25.txt):
c [w = 75] Initializing CaDiCaL (version 2.1.3).
c [w = 75] Configuring CaDiCaL as --sat (1).
c [w = 75] Encoding starts with w = 75:
c [w = 75] Symmetry breaking highest degree node is applied.
c [w = 75] Encoding duration: 3962 ms.
c [w = 75] Number of clauses: 3606271.
c [w = 75] Number of variables: 795000.
c [w = 75] SAT Solving starts:
c [Signal] Signal interruption. Caught signal: SIGTERM (15).
c [Main] Max width SAT is set to 86.
c [Main] Kill lower pid 78.
c [Main] Kill lower pid 76.
c [Main] Kill lower pid 75.
c [Main] Kill lower pid 77.
c [Main] Kill lower pid 80.
c [w = 77] Start task in PID: 59169.
c [w = 77] Cyclic Antibandwidth problem with w = 77 (caterpillar_20_25.txt):
c [w = 77] Initializing CaDiCaL (version 2.1.3).
c [w = 77] Configuring CaDiCaL as --sat (1).
c [w = 77] Encoding starts with w = 77:
c [w = 77] Symmetry breaking highest degree node is applied.
c [w = 77] Encoding duration: 4070 ms.
c [w = 77] Number of clauses: 3628271.
c [w = 77] Number of variables: 802000.
c [w = 77] SAT Solving starts:
c [Signal] Signal interruption. Caught signal: SIGTERM (15).
c [w = 80] Start task in PID: 59168.
c [w = 80] Cyclic Antibandwidth problem with w = 80 (caterpillar_20_25.txt):
c [w = 80] Initializing CaDiCaL (version 2.1.3).
c [w = 80] Configuring CaDiCaL as --sat (1).
c [w = 80] Encoding starts with w = 80:
c [w = 80] Symmetry breaking highest degree node is applied.
c [w = 80] Encoding duration: 4486 ms.
c [w = 80] Number of clauses: 3661271.
c [w = 80] Number of variables: 812500.
c [w = 80] SAT Solving starts:
c [Signal] Signal interruption. Caught signal: SIGTERM (15).
c [Main] Child pid 78 - 59172 terminated by signal 15.
c [Main] Child pid 76 - 59171 terminated by signal 15.
c [Main] Child pid 80 - 59168 terminated by signal 15.
c [Main] Child pid 77 - 59169 terminated by signal 15.
c [Main] Child pid 75 - 59170 terminated by signal 15.
c [w = 87] Start task in PID: 59179.
c [w = 87] Cyclic Antibandwidth problem with w = 87 (caterpillar_20_25.txt):
c [w = 87] Initializing CaDiCaL (version 2.1.3).
c [w = 87] Configuring CaDiCaL as --sat (1).
c [w = 87] Encoding starts with w = 87:
c [w = 87] Symmetry breaking highest degree node is applied.
c [w = 87] Encoding duration: 3922 ms.
c [w = 87] Number of clauses: 3610268.
c [w = 87] Number of variables: 795000.
c [w = 87] SAT Solving starts:
c [w = 87] Solving duration: 6514 ms.
c [w = 87] Answer:
s [w = 87] SAT (w = 87).
c [w = 87] Solution check = 87.
c [w = 87] The solution is correct.
c [w = 87] Result: 10.
c [Main] Max width SAT is set to 87.
c [w = 88] Start task in PID: 59180.
c [w = 88] Cyclic Antibandwidth problem with w = 88 (caterpillar_20_25.txt):
c [w = 88] Initializing CaDiCaL (version 2.1.3).
c [w = 88] Configuring CaDiCaL as --sat (1).
c [w = 88] Encoding starts with w = 88:
c [w = 88] Symmetry breaking highest degree node is applied.
c [w = 88] Encoding duration: 4391 ms.
c [w = 88] Number of clauses: 3619768.
c [w = 88] Number of variables: 798000.
c [w = 88] SAT Solving starts:
c [w = 88] Solving duration: 43046 ms.
c [w = 88] Answer:
s [w = 88] SAT (w = 88).
c [w = 88] Solution check = 88.
c [w = 88] The solution is correct.
c [w = 88] Result: 10.
c [Main] Max width SAT is set to 88.
c [w = 90] Start task in PID: 59181.
c [w = 90] Cyclic Antibandwidth problem with w = 90 (caterpillar_20_25.txt):
c [w = 90] Initializing CaDiCaL (version 2.1.3).
c [w = 90] Configuring CaDiCaL as --sat (1).
c [w = 90] Encoding starts with w = 90:
c [w = 90] Symmetry breaking highest degree node is applied.
c [w = 90] Encoding duration: 3892 ms.
c [w = 90] Number of clauses: 3638768.
c [w = 90] Number of variables: 804000.
c [w = 90] SAT Solving starts:
c [w = 90] Solving duration: 44579 ms.
c [w = 90] Answer:
s [w = 90] SAT (w = 90).
c [w = 90] Solution check = 90.
c [w = 90] The solution is correct.
c [w = 90] Result: 10.
c [Main] Max width SAT is set to 90.
c [Main] Kill lower pid 89.
c [w = 89] Start task in PID: 59178.
c [w = 89] Cyclic Antibandwidth problem with w = 89 (caterpillar_20_25.txt):
c [w = 89] Initializing CaDiCaL (version 2.1.3).
c [w = 89] Configuring CaDiCaL as --sat (1).
c [w = 89] Encoding starts with w = 89:
c [w = 89] Symmetry breaking highest degree node is applied.
c [w = 89] Encoding duration: 4425 ms.
c [w = 89] Number of clauses: 3629268.
c [w = 89] Number of variables: 801000.
c [w = 89] SAT Solving starts:
c [w = 89] Solving duration: 45196 ms.
c [w = 89] Answer:
s [w = 89] SAT (w = 89).
c [w = 89] Solution check = 89.
c [w = 89] The solution is correct.
c [Signal] Signal interruption. Caught signal: SIGTERM (15).
c [Main] Child pid 89 - 59178 terminated by signal 15.
c [w = 94] Start task in PID: 59195.
c [w = 94] Cyclic Antibandwidth problem with w = 94 (caterpillar_20_25.txt):
c [w = 94] Initializing CaDiCaL (version 2.1.3).
c [w = 94] Configuring CaDiCaL as --sat (1).
c [w = 94] Encoding starts with w = 94:
c [w = 94] Symmetry breaking highest degree node is applied.
c [w = 94] Encoding duration: 4069 ms.
c [w = 94] Number of clauses: 3676768.
c [w = 94] Number of variables: 816000.
c [w = 94] SAT Solving starts:
c [Signal] Signal interruption. Caught signal: SIGTERM (15).
c [w = 93] Start task in PID: 59194.
c [w = 93] Cyclic Antibandwidth problem with w = 93 (caterpillar_20_25.txt):
c [w = 93] Initializing CaDiCaL (version 2.1.3).
c [w = 93] Configuring CaDiCaL as --sat (1).
c [w = 93] Encoding starts with w = 93:
c [w = 93] Symmetry breaking highest degree node is applied.
c [w = 93] Encoding duration: 4049 ms.
c [w = 93] Number of clauses: 3667268.
c [w = 93] Number of variables: 813000.
c [w = 93] SAT Solving starts:
c [Signal] Signal interruption. Caught signal: SIGTERM (15).
c [w = 98] Start task in PID: 59176.
c [w = 98] Cyclic Antibandwidth problem with w = 98 (caterpillar_20_25.txt):
c [w = 98] Initializing CaDiCaL (version 2.1.3).
c [w = 98] Configuring CaDiCaL as --sat (1).
c [w = 98] Encoding starts with w = 98:
c [w = 98] Symmetry breaking highest degree node is applied.
c [w = 98] Encoding duration: 4554 ms.
c [w = 98] Number of clauses: 3714768.
c [w = 98] Number of variables: 828000.
c [w = 98] SAT Solving starts:
c [Signal] Signal interruption. Caught signal: SIGTERM (15).
c [w = 110] Start task in PID: 59141.
c [w = 110] Cyclic Antibandwidth problem with w = 110 (caterpillar_20_25.txt):
c [w = 110] Initializing CaDiCaL (version 2.1.3).
c [w = 110] Configuring CaDiCaL as --sat (1).
c [w = 110] Encoding starts with w = 110:
c [w = 110] Symmetry breaking highest degree node is applied.
c [w = 110] Encoding duration: 4423 ms.
c [w = 110] Number of clauses: 3666765.
c [w = 110] Number of variables: 810500.
c [w = 110] SAT Solving starts:
c [Signal] Signal interruption. Caught signal: SIGTERM (15).
c [w = 91] Start task in PID: 59183.
c [w = 91] Cyclic Antibandwidth problem with w = 91 (caterpillar_20_25.txt):
c [w = 91] Initializing CaDiCaL (version 2.1.3).
c [w = 91] Configuring CaDiCaL as --sat (1).
c [w = 91] Encoding starts with w = 91:
c [w = 91] Symmetry breaking highest degree node is applied.
c [w = 91] Encoding duration: 4167 ms.
c [w = 91] Number of clauses: 3648268.
c [w = 91] Number of variables: 807000.
c [w = 91] SAT Solving starts:
c [Signal] Signal interruption. Caught signal: SIGTERM (15).
c [w = 92] Start task in PID: 59177.
c [w = 92] Cyclic Antibandwidth problem with w = 92 (caterpillar_20_25.txt):
c [w = 92] Initializing CaDiCaL (version 2.1.3).
c [w = 92] Configuring CaDiCaL as --sat (1).
c [w = 92] Encoding starts with w = 92:
c [w = 92] Symmetry breaking highest degree node is applied.
c [w = 92] Encoding duration: 4443 ms.
c [w = 92] Number of clauses: 3657768.
c [w = 92] Number of variables: 810000.
c [w = 92] SAT Solving starts:
c [Signal] Signal interruption. Caught signal: SIGTERM (15).
c [w = 157] Start task in PID: 59140.
c [w = 157] Cyclic Antibandwidth problem with w = 157 (caterpillar_20_25.txt):
c [w = 157] Initializing CaDiCaL (version 2.1.3).
c [w = 157] Configuring CaDiCaL as --sat (1).
c [w = 157] Encoding starts with w = 157:
c [w = 157] Symmetry breaking highest degree node is applied.
c [w = 157] Encoding duration: 4620 ms.
c [w = 157] Number of clauses: 3810762.
c [w = 157] Number of variables: 851000.
c [w = 157] SAT Solving starts:
c [Signal] Signal interruption. Caught signal: SIGTERM (15).
c [Main] Lim pid ends with result: 254.
c [Main] All children have completed.
r [Main] 
r [Main] Final results: 
r [Main] Max width SAT:  	90.
r [Main] Min width UNSAT:	-.
r [Main] Total real time: 151211 ms.
r [Main] Total memory consumed: 7818.8 MB.
r [Main] 
c [w = 95] Start task in PID: 59193.
c [w = 95] Cyclic Antibandwidth problem with w = 95 (caterpillar_20_25.txt):
c [w = 95] Initializing CaDiCaL (version 2.1.3).
c [w = 95] Configuring CaDiCaL as --sat (1).
c [w = 95] Encoding starts with w = 95:
c [w = 95] Symmetry breaking highest degree node is applied.
c [w = 95] Encoding duration: 4100 ms.
c [w = 95] Number of clauses: 3686268.
c [w = 95] Number of variables: 819000.
c [w = 95] SAT Solving starts:
c [Signal] Signal interruption. Caught signal: SIGTERM (15).
