c [Version] Cyclic Anti-bandwidth Encoder version 1.0.0.
c [Param] Real time limit is set to 150.
c [Param] Memory limit is set to 30000.
c [Param] Worker count is set to 8.
c [Param] LB skip threshold is set to 0.25.
c [Main] Encoding and solving for graph: caterpillar_20_5.txt.
c [Main] Search strategy: Binary search from lower bound.
c [Main] No predefined lower bound is found for caterpillar_20_5.txt.
c [Main] LB-w = 2 (default value).
c [Main] No predefined upper bound is found for caterpillar_20_5.txt.
c [Main] UB-w = 50 (default value calculated as n/2).
c [Main] LB is modified to 14 after applying LB skip threshold 0.25.
c [Main] Search order: 32 22 17 15 14 16 19 18 20 21 27 24 23 25 26 29 28 30 31 41 36 34 33 35 38 37 39 40 46 43 42 44 45 48 47 49 50.
c [w = 15] Start task in PID: 58261.
c [w = 15] Cyclic Antibandwidth problem with w = 15 (caterpillar_20_5.txt):
c [w = 15] Initializing CaDiCaL (version 2.1.3).
c [w = 15] Configuring CaDiCaL as --sat (1).
c [w = 15] Encoding starts with w = 15:
c [w = 15] Symmetry breaking highest degree node is applied.
c [w = 15] Encoding duration: 177 ms.
c [w = 15] Number of clauses: 141771.
c [w = 15] Number of variables: 32000.
c [w = 15] SAT Solving starts:
c [w = 15] Solving duration: 38 ms.
c [w = 15] Answer:
s [w = 15] SAT (w = 15).
c [w = 15] Solution check = 15.
c [w = 15] The solution is correct.
c [w = 15] Result: 10.
c [Main] Max width SAT is set to 15.
c [Main] Kill lower pid 14.
c [w = 14] Start task in PID: 58262.
c [w = 14] Cyclic Antibandwidth problem with w = 14 (caterpillar_20_5.txt):
c [w = 14] Initializing CaDiCaL (version 2.1.3).
c [w = 14] Configuring CaDiCaL as --sat (1).
c [w = 14] Encoding starts with w = 14:
c [w = 14] Symmetry breaking highest degree node is applied.
c [w = 14] Encoding duration: 179 ms.
c [w = 14] Number of clauses: 143374.
c [w = 14] Number of variables: 32400.
c [w = 14] SAT Solving starts:
c [Signal] Signal interruption. Caught signal: SIGTERM (15).
c [Main] Child pid 14 - 58262 terminated by signal 15.
c [w = 32] Start task in PID: 58258.
c [w = 32] Cyclic Antibandwidth problem with w = 32 (caterpillar_20_5.txt):
c [w = 32] Initializing CaDiCaL (version 2.1.3).
c [w = 32] Configuring CaDiCaL as --sat (1).
c [w = 32] Encoding starts with w = 32:
c [w = 32] Symmetry breaking highest degree node is applied.
c [w = 32] Encoding duration: 191 ms.
c [w = 32] Number of clauses: 152162.
c [w = 32] Number of variables: 35200.
c [w = 32] SAT Solving starts:
c [w = 32] Solving duration: 80 ms.
c [w = 32] Answer:
s [w = 32] SAT (w = 32).
c [w = 32] Solution check = 32.
c [w = 32] The solution is correct.
c [w = 32] Result: 10.
c [w = 21] Start task in PID: 58267.
c [w = 21] Cyclic Antibandwidth problem with w = 21 (caterpillar_20_5.txt):
c [w = 21] Initializing CaDiCaL (version 2.1.3).
c [w = 21] Configuring CaDiCaL as --sat (1).
c [w = 21] Encoding starts with w = 21:
c [w = 21] Symmetry breaking highest degree node is applied.
c [Signal] Signal interruption. Caught signal: SIGTERM (15).
c [w = 20] Start task in PID: 58266.
c [w = 20] Cyclic Antibandwidth problem with w = 20 (caterpillar_20_5.txt):
c [w = 20] Initializing CaDiCaL (version 2.1.3).
c [w = 20] Configuring CaDiCaL as --sat (1).
c [w = 20] Encoding starts with w = 20:
c [w = 20] Symmetry breaking highest degree node is applied.
c [Signal] Signal interruption. Caught signal: SIGTERM (15).
c [w = 18] Start task in PID: 58265.
c [w = 18] Cyclic Antibandwidth problem with w = 18 (caterpillar_20_5.txt):
c [w = 18] Initializing CaDiCaL (version 2.1.3).
c [w = 18] Configuring CaDiCaL as --sat (1).
c [w = 18] Encoding starts with w = 18:
c [w = 18] Symmetry breaking highest degree node is applied.
c [w = 18] Encoding duration: 180 ms.
c [w = 18] Number of clauses: 143468.
c [w = 18] Number of variables: 32600.
c [w = 18] SAT Solving starts:
c [Signal] Signal interruption. Caught signal: SIGTERM (15).
c [w = 17] Start task in PID: 58260.
c [w = 17] Cyclic Antibandwidth problem with w = 17 (caterpillar_20_5.txt):
c [w = 17] Initializing CaDiCaL (version 2.1.3).
c [w = 17] Configuring CaDiCaL as --sat (1).
c [w = 17] Encoding starts with w = 17:
c [w = 17] Symmetry breaking highest degree node is applied.
c [w = 17] Encoding duration: 178 ms.
c [w = 17] Number of clauses: 141568.
c [w = 17] Number of variables: 32000.
c [w = 17] SAT Solving starts:
c [Signal] Signal interruption. Caught signal: SIGTERM (15).
c [w = 16] Start task in PID: 58263.
c [w = 16] Cyclic Antibandwidth problem with w = 16 (caterpillar_20_5.txt):
c [w = 16] Initializing CaDiCaL (version 2.1.3).
c [w = 16] Configuring CaDiCaL as --sat (1).
c [w = 16] Encoding starts with w = 16:
c [w = 16] Symmetry breaking highest degree node is applied.
c [w = 16] Encoding duration: 181 ms.
c [w = 16] Number of clauses: 143971.
c [w = 16] Number of variables: 32700.
c [w = 16] SAT Solving starts:
c [Signal] Signal interruption. Caught signal: SIGTERM (15).
c [Main] Max width SAT is set to 32.
c [Main] Kill lower pid 21.
c [Main] Kill lower pid 20.
c [Main] Kill lower pid 18.
c [Main] Kill lower pid 16.
c [Main] Kill lower pid 17.
c [Main] Kill lower pid 22.
c [Main] Kill lower pid 19.
c [w = 22] Start task in PID: 58259.
c [w = 22] Cyclic Antibandwidth problem with w = 22 (caterpillar_20_5.txt):
c [w = 22] Initializing CaDiCaL (version 2.1.3).
c [w = 22] Configuring CaDiCaL as --sat (1).
c [w = 22] Encoding starts with w = 22:
c [w = 22] Symmetry breaking highest degree node is applied.
c [w = 22] Encoding duration: 180 ms.
c [w = 22] Number of clauses: 145065.
c [w = 22] Number of variables: 33100.
c [w = 22] SAT Solving starts:
c [Signal] Signal interruption. Caught signal: SIGTERM (15).
c [w = 19] Start task in PID: 58264.
c [w = 19] Cyclic Antibandwidth problem with w = 19 (caterpillar_20_5.txt):
c [w = 19] Initializing CaDiCaL (version 2.1.3).
c [w = 19] Configuring CaDiCaL as --sat (1).
c [w = 19] Encoding starts with w = 19:
c [w = 19] Symmetry breaking highest degree node is applied.
c [w = 19] Encoding duration: 182 ms.
c [w = 19] Number of clauses: 145368.
c [w = 19] Number of variables: 33200.
c [w = 19] SAT Solving starts:
c [Signal] Signal interruption. Caught signal: SIGTERM (15).
c [Main] Child pid 20 - 58266 terminated by signal 15.
c [Main] Child pid 21 - 58267 terminated by signal 15.
c [Main] Child pid 22 - 58259 terminated by signal 15.
c [Main] Child pid 17 - 58260 terminated by signal 15.
c [Main] Child pid 16 - 58263 terminated by signal 15.
c [Main] Child pid 19 - 58264 terminated by signal 15.
c [Main] Child pid 18 - 58265 terminated by signal 15.
c [w = 33] Start task in PID: 58271.
c [w = 33] Cyclic Antibandwidth problem with w = 33 (caterpillar_20_5.txt):
c [w = 33] Initializing CaDiCaL (version 2.1.3).
c [w = 33] Configuring CaDiCaL as --sat (1).
c [w = 33] Encoding starts with w = 33:
c [w = 33] Symmetry breaking highest degree node is applied.
c [w = 33] Encoding duration: 178 ms.
c [w = 33] Number of clauses: 144262.
c [w = 33] Number of variables: 32600.
c [w = 33] SAT Solving starts:
c [w = 33] Solving duration: 52 ms.
c [w = 33] Answer:
s [w = 33] SAT (w = 33).
c [w = 33] Solution check = 33.
c [w = 33] The solution is correct.
c [w = 33] Result: 10.
c [Main] Max width SAT is set to 33.
c [w = 39] Start task in PID: 58275.
c [w = 39] Cyclic Antibandwidth problem with w = 39 (caterpillar_20_5.txt):
c [w = 39] Initializing CaDiCaL (version 2.1.3).
c [w = 39] Configuring CaDiCaL as --sat (1).
c [w = 39] Encoding starts with w = 39:
c [w = 39] Symmetry breaking highest degree node is applied.
c [w = 39] Encoding duration: 184 ms.
c [w = 39] Number of clauses: 150359.
c [w = 39] Number of variables: 34400.
c [w = 39] SAT Solving starts:
c [w = 39] Solving duration: 546 ms.
c [w = 39] Answer:
s [w = 39] SAT (w = 39).
c [w = 39] Solution check = 39.
c [w = 39] The solution is correct.
c [w = 39] Result: 10.
c [w = 37] Start task in PID: 58274.
c [w = 37] Cyclic Antibandwidth problem with w = 37 (caterpillar_20_5.txt):
c [w = 37] Initializing CaDiCaL (version 2.1.3).
c [w = 37] Configuring CaDiCaL as --sat (1).
c [w = 37] Encoding starts with w = 37:
c [w = 37] Symmetry breaking highest degree node is applied.
c [w = 37] Encoding duration: 182 ms.
c [w = 37] Number of clauses: 148359.
c [w = 37] Number of variables: 33800.
c [w = 37] SAT Solving starts:
c [Signal] Signal interruption. Caught signal: SIGTERM (15).
c [Main] Max width SAT is set to 39.
c [Main] Kill lower pid 37.
c [Main] Kill lower pid 38.
c [Main] Kill lower pid 35.
c [Main] Kill lower pid 34.
c [Main] Kill lower pid 36.
c [w = 38] Start task in PID: 58273.
c [w = 38] Cyclic Antibandwidth problem with w = 38 (caterpillar_20_5.txt):
c [w = 38] Initializing CaDiCaL (version 2.1.3).
c [w = 38] Configuring CaDiCaL as --sat (1).
c [w = 38] Encoding starts with w = 38:
c [w = 38] Symmetry breaking highest degree node is applied.
c [w = 38] Encoding duration: 184 ms.
c [w = 38] Number of clauses: 149359.
c [w = 38] Number of variables: 34100.
c [w = 38] SAT Solving starts:
c [Signal] Signal interruption. Caught signal: SIGTERM (15).
c [w = 35] Start task in PID: 58272.
c [w = 35] Cyclic Antibandwidth problem with w = 35 (caterpillar_20_5.txt):
c [w = 35] Initializing CaDiCaL (version 2.1.3).
c [w = 35] Configuring CaDiCaL as --sat (1).
c [w = 35] Encoding starts with w = 35:
c [w = 35] Symmetry breaking highest degree node is applied.
c [w = 35] Encoding duration: 181 ms.
c [w = 35] Number of clauses: 146359.
c [w = 35] Number of variables: 33200.
c [w = 35] SAT Solving starts:
c [Signal] Signal interruption. Caught signal: SIGTERM (15).
c [w = 34] Start task in PID: 58270.
c [w = 34] Cyclic Antibandwidth problem with w = 34 (caterpillar_20_5.txt):
c [w = 34] Initializing CaDiCaL (version 2.1.3).
c [w = 34] Configuring CaDiCaL as --sat (1).
c [w = 34] Encoding starts with w = 34:
c [w = 34] Symmetry breaking highest degree node is applied.
c [w = 34] Encoding duration: 178 ms.
c [w = 34] Number of clauses: 145359.
c [w = 34] Number of variables: 32900.
c [w = 34] SAT Solving starts:
c [Signal] Signal interruption. Caught signal: SIGTERM (15).
c [w = 36] Start task in PID: 58269.
c [w = 36] Cyclic Antibandwidth problem with w = 36 (caterpillar_20_5.txt):
c [w = 36] Initializing CaDiCaL (version 2.1.3).
c [w = 36] Configuring CaDiCaL as --sat (1).
c [w = 36] Encoding starts with w = 36:
c [w = 36] Symmetry breaking highest degree node is applied.
c [w = 36] Encoding duration: 182 ms.
c [w = 36] Number of clauses: 147359.
c [w = 36] Number of variables: 33500.
c [w = 36] SAT Solving starts:
c [Signal] Signal interruption. Caught signal: SIGTERM (15).
c [Main] Child pid 34 - 58270 terminated by signal 15.
c [Main] Child pid 35 - 58272 terminated by signal 15.
c [Main] Child pid 36 - 58269 terminated by signal 15.
c [Main] Child pid 38 - 58273 terminated by signal 15.
c [Main] Child pid 37 - 58274 terminated by signal 15.
c [w = 43] Start task in PID: 58278.
c [w = 43] Cyclic Antibandwidth problem with w = 43 (caterpillar_20_5.txt):
c [w = 43] Initializing CaDiCaL (version 2.1.3).
c [w = 43] Configuring CaDiCaL as --sat (1).
c [w = 43] Encoding starts with w = 43:
c [w = 43] Symmetry breaking highest degree node is applied.
c [w = 43] Encoding duration: 198 ms.
c [w = 43] Number of clauses: 154359.
c [w = 43] Number of variables: 35600.
c [w = 43] SAT Solving starts:
c [w = 43] Solving duration: 100 ms.
c [w = 43] Answer:
s [w = 43] SAT (w = 43).
c [w = 43] Solution check = 43.
c [w = 43] The solution is correct.
c [w = 43] Result: 10.
c [Main] Max width SAT is set to 43.
c [Main] Kill lower pid 42.
c [Main] Kill lower pid 40.
c [Main] Kill lower pid 41.
c [w = 40] Start task in PID: 58276.
c [w = 40] Cyclic Antibandwidth problem with w = 40 (caterpillar_20_5.txt):
c [w = 40] Initializing CaDiCaL (version 2.1.3).
c [w = 40] Configuring CaDiCaL as --sat (1).
c [w = 40] Encoding starts with w = 40:
c [w = 40] Symmetry breaking highest degree node is applied.
c [w = 40] Encoding duration: 176 ms.
c [w = 40] Number of clauses: 151359.
c [w = 40] Number of variables: 34700.
c [w = 40] SAT Solving starts:
c [Signal] Signal interruption. Caught signal: SIGTERM (15).
c [w = 42] Start task in PID: 58279.
c [w = 42] Cyclic Antibandwidth problem with w = 42 (caterpillar_20_5.txt):
c [w = 42] Initializing CaDiCaL (version 2.1.3).
c [w = 42] Configuring CaDiCaL as --sat (1).
c [w = 42] Encoding starts with w = 42:
c [w = 42] Symmetry breaking highest degree node is applied.
c [w = 42] Encoding duration: 172 ms.
c [w = 42] Number of clauses: 153359.
c [w = 42] Number of variables: 35300.
c [w = 42] SAT Solving starts:
c [Signal] Signal interruption. Caught signal: SIGTERM (15).
c [w = 41] Start task in PID: 58268.
c [w = 41] Cyclic Antibandwidth problem with w = 41 (caterpillar_20_5.txt):
c [w = 41] Initializing CaDiCaL (version 2.1.3).
c [w = 41] Configuring CaDiCaL as --sat (1).
c [w = 41] Encoding starts with w = 41:
c [w = 41] Symmetry breaking highest degree node is applied.
c [w = 41] Encoding duration: 193 ms.
c [w = 41] Number of clauses: 152359.
c [w = 41] Number of variables: 35000.
c [w = 41] SAT Solving starts:
c [Signal] Signal interruption. Caught signal: SIGTERM (15).
c [Main] Child pid 40 - 58276 terminated by signal 15.
c [Main] Child pid 42 - 58279 terminated by signal 15.
c [Main] Child pid 41 - 58268 terminated by signal 15.
c [w = 46] Start task in PID: 58277.
c [w = 46] Cyclic Antibandwidth problem with w = 46 (caterpillar_20_5.txt):
c [w = 46] Initializing CaDiCaL (version 2.1.3).
c [w = 46] Configuring CaDiCaL as --sat (1).
c [w = 46] Encoding starts with w = 46:
c [w = 46] Symmetry breaking highest degree node is applied.
c [w = 46] Encoding duration: 187 ms.
c [w = 46] Number of clauses: 157359.
c [w = 46] Number of variables: 36500.
c [w = 46] SAT Solving starts:
c [w = 46] Solving duration: 243 ms.
c [w = 46] Answer:
s [w = 46] SAT (w = 46).
c [w = 46] Solution check = 46.
c [w = 46] The solution is correct.
c [w = 46] Result: 10.
c [Main] Max width SAT is set to 46.
c [Main] Kill lower pid 45.
c [Main] Kill lower pid 44.
c [w = 45] Start task in PID: 58281.
c [w = 45] Cyclic Antibandwidth problem with w = 45 (caterpillar_20_5.txt):
c [w = 45] Initializing CaDiCaL (version 2.1.3).
c [w = 45] Configuring CaDiCaL as --sat (1).
c [w = 45] Encoding starts with w = 45:
c [w = 45] Symmetry breaking highest degree node is applied.
c [w = 45] Encoding duration: 202 ms.
c [w = 45] Number of clauses: 156359.
c [w = 45] Number of variables: 36200.
c [w = 45] SAT Solving starts:
c [Signal] Signal interruption. Caught signal: SIGTERM (15).
c [w = 44] Start task in PID: 58280.
c [w = 44] Cyclic Antibandwidth problem with w = 44 (caterpillar_20_5.txt):
c [w = 44] Initializing CaDiCaL (version 2.1.3).
c [w = 44] Configuring CaDiCaL as --sat (1).
c [w = 44] Encoding starts with w = 44:
c [w = 44] Symmetry breaking highest degree node is applied.
c [w = 44] Encoding duration: 193 ms.
c [w = 44] Number of clauses: 155359.
c [w = 44] Number of variables: 35900.
c [w = 44] SAT Solving starts:
c [Signal] Signal interruption. Caught signal: SIGTERM (15).
c [Main] Child pid 44 - 58280 terminated by signal 15.
c [Main] Child pid 45 - 58281 terminated by signal 15.
c [w = 50] Start task in PID: 58285.
c [w = 50] Cyclic Antibandwidth problem with w = 50 (caterpillar_20_5.txt):
c [w = 50] Initializing CaDiCaL (version 2.1.3).
c [w = 50] Configuring CaDiCaL as --sat (1).
c [w = 50] Encoding starts with w = 50:
c [w = 50] Symmetry breaking highest degree node is applied.
c [w = 50] Encoding duration: 170 ms.
c [w = 50] Number of clauses: 147256.
c [w = 50] Number of variables: 33000.
c [w = 50] SAT Solving starts:
c [w = 50] Solving duration: 1 ms.
c [w = 50] Answer:
s [w = 50] UNSAT (w = 50).
c [w = 50] Result: 20.
c [Main] Min width UNSAT is set to 50
c [w = 49] Start task in PID: 58284.
c [w = 49] Cyclic Antibandwidth problem with w = 49 (caterpillar_20_5.txt):
c [w = 49] Initializing CaDiCaL (version 2.1.3).
c [w = 49] Configuring CaDiCaL as --sat (1).
c [w = 49] Encoding starts with w = 49:
c [w = 49] Symmetry breaking highest degree node is applied.
c [w = 49] Encoding duration: 185 ms.
c [w = 49] Number of clauses: 160359.
c [w = 49] Number of variables: 37400.
c [w = 49] SAT Solving starts:
c [w = 49] Solving duration: 724 ms.
c [w = 49] Answer:
s [w = 49] UNSAT (w = 49).
c [w = 49] Result: 20.
c [Main] Min width UNSAT is set to 49
c [w = 47] Start task in PID: 58283.
c [w = 47] Cyclic Antibandwidth problem with w = 47 (caterpillar_20_5.txt):
c [w = 47] Initializing CaDiCaL (version 2.1.3).
c [w = 47] Configuring CaDiCaL as --sat (1).
c [w = 47] Encoding starts with w = 47:
c [w = 47] Symmetry breaking highest degree node is applied.
c [w = 47] Encoding duration: 160 ms.
c [w = 47] Number of clauses: 158359.
c [w = 47] Number of variables: 36800.
c [w = 47] SAT Solving starts:
c [w = 47] Solving duration: 3548 ms.
c [w = 47] Answer:
s [w = 47] SAT (w = 47).
c [w = 47] Solution check = 47.
c [w = 47] The solution is correct.
c [w = 47] Result: 10.
c [Main] Max width SAT is set to 47.
c [w = 48] Start task in PID: 58282.
c [w = 48] Cyclic Antibandwidth problem with w = 48 (caterpillar_20_5.txt):
c [w = 48] Initializing CaDiCaL (version 2.1.3).
c [w = 48] Configuring CaDiCaL as --sat (1).
c [w = 48] Encoding starts with w = 48:
c [w = 48] Symmetry breaking highest degree node is applied.
c [w = 48] Encoding duration: 199 ms.
c [w = 48] Number of clauses: 159359.
c [w = 48] Number of variables: 37100.
c [w = 48] SAT Solving starts:
c [Signal] Signal interruption. Caught signal: SIGTERM (15).
c [Main] Lim pid ends with result: 254.
c [Main] All children have completed.
r [Main] 
r [Main] Final results: 
r [Main] Max width SAT:  	47.
r [Main] Min width UNSAT:	49.
r [Main] Total real time: 150649 ms.
r [Main] Total memory consumed: 347.7 MB.
r [Main] 
