c [Version] Cyclic Anti-bandwidth Encoder version 1.0.0.
c [Param] Real time limit is set to 150.
c [Param] Memory limit is set to 30000.
c [Param] Worker count is set to 8.
c [Param] LB skip threshold is set to 0.25.
c [Main] Encoding and solving for graph: caterpillar_40_10.txt.
c [Main] Search strategy: Binary search from lower bound.
c [Main] No predefined lower bound is found for caterpillar_40_10.txt.
c [Main] LB-w = 2 (default value).
c [Main] No predefined upper bound is found for caterpillar_40_10.txt.
c [Main] UB-w = 200 (default value calculated as n/2).
c [Main] LB is modified to 51 after applying LB skip threshold 0.25.
c [Main] Search order: 125 87 68 59 54 52 51 53 56 55 57 58 63 61 60 62 65 64 66 67 77 72 70 69 71 74 73 75 76 82 79 78 80 81 84 83 85 86 106 96 91 89 88 90 93 92 94 95 101 98 97 99 100 103 102 104 105 115 110 108 107 109 112 111 113 114 120 117 116 118 119 122 121 123 124 163 144 134 129 127 126 128 131 130 132 133 139 136 135 137 138 141 140 142 143 153 148 146 145 147 150 149 151 152 158 155 154 156 157 160 159 161 162 182 172 167 165 164 166 169 168 170 171 177 174 173 175 176 179 178 180 181 191 186 184 183 185 188 187 189 190 196 193 192 194 195 198 197 199 200.
c [w = 52] Start task in PID: 61635.
c [w = 52] Cyclic Antibandwidth problem with w = 52 (caterpillar_40_10.txt):
c [w = 52] Initializing CaDiCaL (version 2.1.3).
c [w = 52] Configuring CaDiCaL as --sat (1).
c [w = 52] Encoding starts with w = 52:
c [w = 52] Symmetry breaking highest degree node is applied.
c [w = 52] Encoding duration: 2879 ms.
c [w = 52] Number of clauses: 2297424.
c [w = 52] Number of variables: 507200.
c [w = 52] SAT Solving starts:
c [w = 52] Solving duration: 4636 ms.
c [w = 52] Answer:
s [w = 52] SAT (w = 52).
c [w = 52] Solution check = 52.
c [w = 52] The solution is correct.
c [w = 52] Result: 10.
c [Main] Max width SAT is set to 52.
c [Main] Kill lower pid 51.
c [w = 51] Start task in PID: 61636.
c [w = 51] Cyclic Antibandwidth problem with w = 51 (caterpillar_40_10.txt):
c [w = 51] Initializing CaDiCaL (version 2.1.3).
c [w = 51] Configuring CaDiCaL as --sat (1).
c [w = 51] Encoding starts with w = 51:
c [w = 51] Symmetry breaking highest degree node is applied.
c [w = 51] Encoding duration: 2869 ms.
c [w = 51] Number of clauses: 2287424.
c [w = 51] Number of variables: 504000.
c [w = 51] SAT Solving starts:
c [Signal] Signal interruption. Caught signal: SIGTERM (15).
c [Main] Child pid 51 - 61636 terminated by signal 15.
c [w = 54] Start task in PID: 61634.
c [w = 54] Cyclic Antibandwidth problem with w = 54 (caterpillar_40_10.txt):
c [w = 54] Initializing CaDiCaL (version 2.1.3).
c [w = 54] Configuring CaDiCaL as --sat (1).
c [w = 54] Encoding starts with w = 54:
c [w = 54] Symmetry breaking highest degree node is applied.
c [w = 54] Encoding duration: 2884 ms.
c [w = 54] Number of clauses: 2317424.
c [w = 54] Number of variables: 513600.
c [w = 54] SAT Solving starts:
c [w = 54] Solving duration: 4710 ms.
c [w = 54] Answer:
s [w = 54] SAT (w = 54).
c [w = 54] Solution check = 54.
c [w = 54] The solution is correct.
c [w = 54] Result: 10.
c [Main] Max width SAT is set to 54.
c [Main] Kill lower pid 53.
c [w = 53] Start task in PID: 61637.
c [w = 53] Cyclic Antibandwidth problem with w = 53 (caterpillar_40_10.txt):
c [w = 53] Initializing CaDiCaL (version 2.1.3).
c [w = 53] Configuring CaDiCaL as --sat (1).
c [w = 53] Encoding starts with w = 53:
c [w = 53] Symmetry breaking highest degree node is applied.
c [w = 53] Encoding duration: 2879 ms.
c [w = 53] Number of clauses: 2307424.
c [w = 53] Number of variables: 510400.
c [w = 53] SAT Solving starts:
c [Signal] Signal interruption. Caught signal: SIGTERM (15).
c [Main] Child pid 53 - 61637 terminated by signal 15.
c [w = 55] Start task in PID: 61640.
c [w = 55] Cyclic Antibandwidth problem with w = 55 (caterpillar_40_10.txt):
c [w = 55] Initializing CaDiCaL (version 2.1.3).
c [w = 55] Configuring CaDiCaL as --sat (1).
c [w = 55] Encoding starts with w = 55:
c [w = 55] Symmetry breaking highest degree node is applied.
c [w = 55] Encoding duration: 2901 ms.
c [w = 55] Number of clauses: 2327424.
c [w = 55] Number of variables: 516800.
c [w = 55] SAT Solving starts:
c [w = 55] Solving duration: 4597 ms.
c [w = 55] Answer:
s [w = 55] SAT (w = 55).
c [w = 55] Solution check = 55.
c [w = 55] The solution is correct.
c [w = 55] Result: 10.
c [Main] Max width SAT is set to 55.
c [w = 63] Start task in PID: 61644.
c [w = 63] Cyclic Antibandwidth problem with w = 63 (caterpillar_40_10.txt):
c [w = 63] Initializing CaDiCaL (version 2.1.3).
c [w = 63] Configuring CaDiCaL as --sat (1).
c [w = 63] Encoding starts with w = 63:
c [w = 63] Symmetry breaking highest degree node is applied.
c [w = 63] Encoding duration: 2631 ms.
c [w = 63] Number of clauses: 2333421.
c [w = 63] Number of variables: 518400.
c [w = 63] SAT Solving starts:
c [w = 63] Solving duration: 4945 ms.
c [w = 63] Answer:
s [w = 63] SAT (w = 63).
c [w = 63] Solution check = 63.
c [w = 63] The solution is correct.
c [w = 63] Result: 10.
c [Main] Max width SAT is set to 63.
c [Main] Kill lower pid 58.
c [Main] Kill lower pid 57.
c [Main] Kill lower pid 56.
c [Main] Kill lower pid 59.
c [w = 57] Start task in PID: 61641.
c [w = 57] Cyclic Antibandwidth problem with w = 57 (caterpillar_40_10.txt):
c [w = 57] Initializing CaDiCaL (version 2.1.3).
c [w = 57] Configuring CaDiCaL as --sat (1).
c [w = 57] Encoding starts with w = 57:
c [w = 57] Symmetry breaking highest degree node is applied.
c [w = 57] Encoding duration: 2809 ms.
c [w = 57] Number of clauses: 2281824.
c [w = 57] Number of variables: 501600.
c [w = 57] SAT Solving starts:
c [Signal] Signal interruption. Caught signal: SIGTERM (15).
c [w = 58] Start task in PID: 61642.
c [w = 58] Cyclic Antibandwidth problem with w = 58 (caterpillar_40_10.txt):
c [w = 58] Initializing CaDiCaL (version 2.1.3).
c [w = 58] Configuring CaDiCaL as --sat (1).
c [w = 58] Encoding starts with w = 58:
c [w = 58] Symmetry breaking highest degree node is applied.
c [w = 58] Encoding duration: 2578 ms.
c [w = 58] Number of clauses: 2289421.
c [w = 58] Number of variables: 504400.
c [w = 58] SAT Solving starts:
c [Signal] Signal interruption. Caught signal: SIGTERM (15).
c [w = 56] Start task in PID: 61639.
c [w = 56] Cyclic Antibandwidth problem with w = 56 (caterpillar_40_10.txt):
c [w = 56] Initializing CaDiCaL (version 2.1.3).
c [w = 56] Configuring CaDiCaL as --sat (1).
c [w = 56] Encoding starts with w = 56:
c [w = 56] Symmetry breaking highest degree node is applied.
c [w = 56] Encoding duration: 2579 ms.
c [w = 56] Number of clauses: 2337424.
c [w = 56] Number of variables: 520000.
c [w = 56] SAT Solving starts:
c [Signal] Signal interruption. Caught signal: SIGTERM (15).
c [w = 59] Start task in PID: 61633.
c [w = 59] Cyclic Antibandwidth problem with w = 59 (caterpillar_40_10.txt):
c [w = 59] Initializing CaDiCaL (version 2.1.3).
c [w = 59] Configuring CaDiCaL as --sat (1).
c [w = 59] Encoding starts with w = 59:
c [w = 59] Symmetry breaking highest degree node is applied.
c [w = 59] Encoding duration: 2887 ms.
c [w = 59] Number of clauses: 2298221.
c [w = 59] Number of variables: 507200.
c [w = 59] SAT Solving starts:
c [Signal] Signal interruption. Caught signal: SIGTERM (15).
c [Main] Child pid 58 - 61642 terminated by signal 15.
c [Main] Child pid 59 - 61633 terminated by signal 15.
c [Main] Child pid 57 - 61641 terminated by signal 15.
c [Main] Child pid 56 - 61639 terminated by signal 15.
c [w = 67] Start task in PID: 61649.
c [w = 67] Cyclic Antibandwidth problem with w = 67 (caterpillar_40_10.txt):
c [w = 67] Initializing CaDiCaL (version 2.1.3).
c [w = 67] Configuring CaDiCaL as --sat (1).
c [w = 67] Encoding starts with w = 67:
c [w = 67] Symmetry breaking highest degree node is applied.
c [w = 67] Encoding duration: 2758 ms.
c [w = 67] Number of clauses: 2290218.
c [w = 67] Number of variables: 504000.
c [w = 67] SAT Solving starts:
c [w = 67] Solving duration: 1033 ms.
c [w = 67] Answer:
s [w = 67] SAT (w = 67).
c [w = 67] Solution check = 67.
c [w = 67] The solution is correct.
c [w = 67] Result: 10.
c [Main] Max width SAT is set to 67.
c [Main] Kill lower pid 66.
c [Main] Kill lower pid 64.
c [Main] Kill lower pid 65.
c [w = 64] Start task in PID: 61647.
c [w = 64] Cyclic Antibandwidth problem with w = 64 (caterpillar_40_10.txt):
c [w = 64] Initializing CaDiCaL (version 2.1.3).
c [w = 64] Configuring CaDiCaL as --sat (1).
c [w = 64] Encoding starts with w = 64:
c [w = 64] Symmetry breaking highest degree node is applied.
c [w = 64] Encoding duration: 2873 ms.
c [w = 64] Number of clauses: 2342221.
c [w = 64] Number of variables: 521200.
c [w = 64] SAT Solving starts:
c [Signal] Signal interruption. Caught signal: SIGTERM (15).
c [w = 66] Start task in PID: 61648.
c [w = 66] Cyclic Antibandwidth problem with w = 66 (caterpillar_40_10.txt):
c [w = 66] Initializing CaDiCaL (version 2.1.3).
c [w = 66] Configuring CaDiCaL as --sat (1).
c [w = 66] Encoding starts with w = 66:
c [w = 66] Symmetry breaking highest degree node is applied.
c [w = 66] Encoding duration: 2902 ms.
c [w = 66] Number of clauses: 2359821.
c [w = 66] Number of variables: 526800.
c [w = 66] SAT Solving starts:
c [Signal] Signal interruption. Caught signal: SIGTERM (15).
c [w = 65] Start task in PID: 61646.
c [w = 65] Cyclic Antibandwidth problem with w = 65 (caterpillar_40_10.txt):
c [w = 65] Initializing CaDiCaL (version 2.1.3).
c [w = 65] Configuring CaDiCaL as --sat (1).
c [w = 65] Encoding starts with w = 65:
c [w = 65] Symmetry breaking highest degree node is applied.
c [w = 65] Encoding duration: 2921 ms.
c [w = 65] Number of clauses: 2351021.
c [w = 65] Number of variables: 524000.
c [w = 65] SAT Solving starts:
c [Signal] Signal interruption. Caught signal: SIGTERM (15).
c [Main] Child pid 66 - 61648 terminated by signal 15.
c [Main] Child pid 64 - 61647 terminated by signal 15.
c [Main] Child pid 65 - 61646 terminated by signal 15.
c [w = 70] Start task in PID: 61655.
c [w = 70] Cyclic Antibandwidth problem with w = 70 (caterpillar_40_10.txt):
c [w = 70] Initializing CaDiCaL (version 2.1.3).
c [w = 70] Configuring CaDiCaL as --sat (1).
c [w = 70] Encoding starts with w = 70:
c [w = 70] Symmetry breaking highest degree node is applied.
c [w = 70] Encoding duration: 2945 ms.
c [w = 70] Number of clauses: 2313018.
c [w = 70] Number of variables: 511200.
c [w = 70] SAT Solving starts:
c [w = 70] Solving duration: 1971 ms.
c [w = 70] Answer:
s [w = 70] SAT (w = 70).
c [w = 70] Solution check = 70.
c [w = 70] The solution is correct.
c [w = 70] Result: 10.
c [Main] Max width SAT is set to 70.
c [Main] Kill lower pid 69.
c [Main] Kill lower pid 68.
c [w = 69] Start task in PID: 61656.
c [w = 69] Cyclic Antibandwidth problem with w = 69 (caterpillar_40_10.txt):
c [w = 69] Initializing CaDiCaL (version 2.1.3).
c [w = 69] Configuring CaDiCaL as --sat (1).
c [w = 69] Encoding starts with w = 69:
c [w = 69] Symmetry breaking highest degree node is applied.
c [w = 69] Encoding duration: 2922 ms.
c [w = 69] Number of clauses: 2305418.
c [w = 69] Number of variables: 508800.
c [w = 69] SAT Solving starts:
c [Signal] Signal interruption. Caught signal: SIGTERM (15).
c [w = 68] Start task in PID: 61632.
c [w = 68] Cyclic Antibandwidth problem with w = 68 (caterpillar_40_10.txt):
c [w = 68] Initializing CaDiCaL (version 2.1.3).
c [w = 68] Configuring CaDiCaL as --sat (1).
c [w = 68] Encoding starts with w = 68:
c [w = 68] Symmetry breaking highest degree node is applied.
c [w = 68] Encoding duration: 2860 ms.
c [w = 68] Number of clauses: 2297818.
c [w = 68] Number of variables: 506400.
c [w = 68] SAT Solving starts:
c [Signal] Signal interruption. Caught signal: SIGTERM (15).
c [Main] Child pid 68 - 61632 terminated by signal 15.
c [Main] Child pid 69 - 61656 terminated by signal 15.
c [w = 77] Start task in PID: 61650.
c [w = 77] Cyclic Antibandwidth problem with w = 77 (caterpillar_40_10.txt):
c [w = 77] Initializing CaDiCaL (version 2.1.3).
c [w = 77] Configuring CaDiCaL as --sat (1).
c [w = 77] Encoding starts with w = 77:
c [w = 77] Symmetry breaking highest degree node is applied.
c [w = 77] Encoding duration: 2553 ms.
c [w = 77] Number of clauses: 2366218.
c [w = 77] Number of variables: 528000.
c [w = 77] SAT Solving starts:
c [w = 77] Solving duration: 26240 ms.
c [w = 77] Answer:
s [w = 77] SAT (w = 77).
c [w = 77] Solution check = 77.
c [w = 77] The solution is correct.
c [w = 77] Result: 10.
c [w = 75] Start task in PID: 61661.
c [w = 75] Cyclic Antibandwidth problem with w = 75 (caterpillar_40_10.txt):
c [w = 75] Initializing CaDiCaL (version 2.1.3).
c [w = 75] Configuring CaDiCaL as --sat (1).
c [w = 75] Encoding starts with w = 75:
c [w = 75] Symmetry breaking highest degree node is applied.
c [w = 75] Encoding duration: 2642 ms.
c [w = 75] Number of clauses: 2351018.
c [w = 75] Number of variables: 523200.
c [w = 75] SAT Solving starts:
c [Signal] Signal interruption. Caught signal: SIGTERM (15).
c [w = 71] Start task in PID: 61657.
c [w = 71] Cyclic Antibandwidth problem with w = 71 (caterpillar_40_10.txt):
c [w = 71] Initializing CaDiCaL (version 2.1.3).
c [w = 71] Configuring CaDiCaL as --sat (1).
c [w = 71] Encoding starts with w = 71:
c [w = 71] Symmetry breaking highest degree node is applied.
c [w = 71] Encoding duration: 2948 ms.
c [w = 71] Number of clauses: 2320618.
c [w = 71] Number of variables: 513600.
c [w = 71] SAT Solving starts:
c [Signal] Signal interruption. Caught signal: SIGTERM (15).
c [Main] Max width SAT is set to 77.
c [Main] Kill lower pid 75.
c [Main] Kill lower pid 71.
c [Main] Kill lower pid 72.
c [Main] Kill lower pid 74.
c [Main] Kill lower pid 73.
c [w = 72] Start task in PID: 61654.
c [w = 72] Cyclic Antibandwidth problem with w = 72 (caterpillar_40_10.txt):
c [w = 72] Initializing CaDiCaL (version 2.1.3).
c [w = 72] Configuring CaDiCaL as --sat (1).
c [w = 72] Encoding starts with w = 72:
c [w = 72] Symmetry breaking highest degree node is applied.
c [w = 72] Encoding duration: 2948 ms.
c [w = 72] Number of clauses: 2328218.
c [w = 72] Number of variables: 516000.
c [w = 72] SAT Solving starts:
c [Signal] Signal interruption. Caught signal: SIGTERM (15).
c [w = 74] Start task in PID: 61659.
c [w = 74] Cyclic Antibandwidth problem with w = 74 (caterpillar_40_10.txt):
c [w = 74] Initializing CaDiCaL (version 2.1.3).
c [w = 74] Configuring CaDiCaL as --sat (1).
c [w = 74] Encoding starts with w = 74:
c [w = 74] Symmetry breaking highest degree node is applied.
c [w = 74] Encoding duration: 2605 ms.
c [w = 74] Number of clauses: 2343418.
c [w = 74] Number of variables: 520800.
c [w = 74] SAT Solving starts:
c [Signal] Signal interruption. Caught signal: SIGTERM (15).
c [w = 73] Start task in PID: 61660.
c [w = 73] Cyclic Antibandwidth problem with w = 73 (caterpillar_40_10.txt):
c [w = 73] Initializing CaDiCaL (version 2.1.3).
c [w = 73] Configuring CaDiCaL as --sat (1).
c [w = 73] Encoding starts with w = 73:
c [w = 73] Symmetry breaking highest degree node is applied.
c [w = 73] Encoding duration: 2526 ms.
c [w = 73] Number of clauses: 2335818.
c [w = 73] Number of variables: 518400.
c [w = 73] SAT Solving starts:
c [Signal] Signal interruption. Caught signal: SIGTERM (15).
c [Main] Child pid 72 - 61654 terminated by signal 15.
c [Main] Child pid 71 - 61657 terminated by signal 15.
c [Main] Child pid 75 - 61661 terminated by signal 15.
c [Main] Child pid 74 - 61659 terminated by signal 15.
c [Main] Child pid 73 - 61660 terminated by signal 15.
c [w = 82] Start task in PID: 61664.
c [w = 82] Cyclic Antibandwidth problem with w = 82 (caterpillar_40_10.txt):
c [w = 82] Initializing CaDiCaL (version 2.1.3).
c [w = 82] Configuring CaDiCaL as --sat (1).
c [w = 82] Encoding starts with w = 82:
c [w = 82] Symmetry breaking highest degree node is applied.
c [w = 82] Encoding duration: 2839 ms.
c [w = 82] Number of clauses: 2308215.
c [w = 82] Number of variables: 508400.
c [w = 82] SAT Solving starts:
c [w = 82] Solving duration: 2616 ms.
c [w = 82] Answer:
s [w = 82] SAT (w = 82).
c [w = 82] Solution check = 82.
c [w = 82] The solution is correct.
c [w = 82] Result: 10.
c [w = 81] Start task in PID: 61668.
c [w = 81] Cyclic Antibandwidth problem with w = 81 (caterpillar_40_10.txt):
c [w = 81] Initializing CaDiCaL (version 2.1.3).
c [w = 81] Configuring CaDiCaL as --sat (1).
c [w = 81] Encoding starts with w = 81:
c [w = 81] Symmetry breaking highest degree node is applied.
c [w = 81] Encoding duration: 2815 ms.
c [w = 81] Number of clauses: 2301815.
c [w = 81] Number of variables: 506400.
c [w = 81] SAT Solving starts:
c [Signal] Signal interruption. Caught signal: SIGTERM (15).
c [Main] Max width SAT is set to 82.
c [Main] Kill lower pid 81.
c [Main] Kill lower pid 80.
c [Main] Kill lower pid 78.
c [Main] Kill lower pid 79.
c [w = 80] Start task in PID: 61667.
c [w = 80] Cyclic Antibandwidth problem with w = 80 (caterpillar_40_10.txt):
c [w = 80] Initializing CaDiCaL (version 2.1.3).
c [w = 80] Configuring CaDiCaL as --sat (1).
c [w = 80] Encoding starts with w = 80:
c [w = 80] Symmetry breaking highest degree node is applied.
c [w = 80] Encoding duration: 2482 ms.
c [w = 80] Number of clauses: 2295415.
c [w = 80] Number of variables: 504400.
c [w = 80] SAT Solving starts:
c [Signal] Signal interruption. Caught signal: SIGTERM (15).
c [w = 78] Start task in PID: 61666.
c [w = 78] Cyclic Antibandwidth problem with w = 78 (caterpillar_40_10.txt):
c [w = 78] Initializing CaDiCaL (version 2.1.3).
c [w = 78] Configuring CaDiCaL as --sat (1).
c [w = 78] Encoding starts with w = 78:
c [w = 78] Symmetry breaking highest degree node is applied.
c [w = 78] Encoding duration: 2916 ms.
c [w = 78] Number of clauses: 2373818.
c [w = 78] Number of variables: 530400.
c [w = 78] SAT Solving starts:
c [Signal] Signal interruption. Caught signal: SIGTERM (15).
c [w = 79] Start task in PID: 61665.
c [w = 79] Cyclic Antibandwidth problem with w = 79 (caterpillar_40_10.txt):
c [w = 79] Initializing CaDiCaL (version 2.1.3).
c [w = 79] Configuring CaDiCaL as --sat (1).
c [w = 79] Encoding starts with w = 79:
c [w = 79] Symmetry breaking highest degree node is applied.
c [w = 79] Encoding duration: 2695 ms.
c [w = 79] Number of clauses: 2381418.
c [w = 79] Number of variables: 532800.
c [w = 79] SAT Solving starts:
c [Signal] Signal interruption. Caught signal: SIGTERM (15).
c [Main] Child pid 78 - 61666 terminated by signal 15.
c [Main] Child pid 80 - 61667 terminated by signal 15.
c [Main] Child pid 81 - 61668 terminated by signal 15.
c [Main] Child pid 79 - 61665 terminated by signal 15.
c [w = 85] Start task in PID: 61672.
c [w = 85] Cyclic Antibandwidth problem with w = 85 (caterpillar_40_10.txt):
c [w = 85] Initializing CaDiCaL (version 2.1.3).
c [w = 85] Configuring CaDiCaL as --sat (1).
c [w = 85] Encoding starts with w = 85:
c [w = 85] Symmetry breaking highest degree node is applied.
c [w = 85] Encoding duration: 2664 ms.
c [w = 85] Number of clauses: 2327415.
c [w = 85] Number of variables: 514400.
c [w = 85] SAT Solving starts:
c [w = 85] Solving duration: 4112 ms.
c [w = 85] Answer:
s [w = 85] SAT (w = 85).
c [w = 85] Solution check = 85.
c [w = 85] The solution is correct.
c [w = 85] Result: 10.
c [Main] Max width SAT is set to 85.
c [Main] Kill lower pid 83.
c [Main] Kill lower pid 84.
c [w = 84] Start task in PID: 61669.
c [w = 84] Cyclic Antibandwidth problem with w = 84 (caterpillar_40_10.txt):
c [w = 84] Initializing CaDiCaL (version 2.1.3).
c [w = 84] Configuring CaDiCaL as --sat (1).
c [w = 84] Encoding starts with w = 84:
c [w = 84] Symmetry breaking highest degree node is applied.
c [w = 84] Encoding duration: 2651 ms.
c [w = 84] Number of clauses: 2321015.
c [w = 84] Number of variables: 512400.
c [w = 84] SAT Solving starts:
c [Signal] Signal interruption. Caught signal: SIGTERM (15).
c [w = 83] Start task in PID: 61671.
c [w = 83] Cyclic Antibandwidth problem with w = 83 (caterpillar_40_10.txt):
c [w = 83] Initializing CaDiCaL (version 2.1.3).
c [w = 83] Configuring CaDiCaL as --sat (1).
c [w = 83] Encoding starts with w = 83:
c [w = 83] Symmetry breaking highest degree node is applied.
c [w = 83] Encoding duration: 2861 ms.
c [w = 83] Number of clauses: 2314615.
c [w = 83] Number of variables: 510400.
c [w = 83] SAT Solving starts:
c [Signal] Signal interruption. Caught signal: SIGTERM (15).
c [Main] Child pid 83 - 61671 terminated by signal 15.
c [Main] Child pid 84 - 61669 terminated by signal 15.
c [w = 96] Start task in PID: 61675.
c [w = 96] Cyclic Antibandwidth problem with w = 96 (caterpillar_40_10.txt):
c [w = 96] Initializing CaDiCaL (version 2.1.3).
c [w = 96] Configuring CaDiCaL as --sat (1).
c [w = 96] Encoding starts with w = 96:
c [w = 96] Symmetry breaking highest degree node is applied.
c [w = 96] Encoding duration: 2965 ms.
c [w = 96] Number of clauses: 2397815.
c [w = 96] Number of variables: 536400.
c [w = 96] SAT Solving starts:
c [w = 96] Solving duration: 19604 ms.
c [w = 96] Answer:
s [w = 96] SAT (w = 96).
c [w = 96] Solution check = 96.
c [w = 96] The solution is correct.
c [w = 96] Result: 10.
c [w = 88] Start task in PID: 61679.
c [w = 88] Cyclic Antibandwidth problem with w = 88 (caterpillar_40_10.txt):
c [w = 88] Initializing CaDiCaL (version 2.1.3).
c [w = 88] Configuring CaDiCaL as --sat (1).
c [w = 88] Encoding starts with w = 88:
c [w = 88] Symmetry breaking highest degree node is applied.
c [w = 88] Encoding duration: 2880 ms.
c [w = 88] Number of clauses: 2346615.
c [w = 88] Number of variables: 520400.
c [w = 88] SAT Solving starts:
c [Signal] Signal interruption. Caught signal: SIGTERM (15).
c [w = 89] Start task in PID: 61678.
c [w = 89] Cyclic Antibandwidth problem with w = 89 (caterpillar_40_10.txt):
c [w = 89] Initializing CaDiCaL (version 2.1.3).
c [w = 89] Configuring CaDiCaL as --sat (1).
c [w = 89] Encoding starts with w = 89:
c [w = 89] Symmetry breaking highest degree node is applied.
c [w = 89] Encoding duration: 2673 ms.
c [w = 89] Number of clauses: 2353015.
c [w = 89] Number of variables: 522400.
c [w = 89] SAT Solving starts:
c [Signal] Signal interruption. Caught signal: SIGTERM (15).
c [w = 91] Start task in PID: 61677.
c [w = 91] Cyclic Antibandwidth problem with w = 91 (caterpillar_40_10.txt):
c [w = 91] Initializing CaDiCaL (version 2.1.3).
c [w = 91] Configuring CaDiCaL as --sat (1).
c [w = 91] Encoding starts with w = 91:
c [w = 91] Symmetry breaking highest degree node is applied.
c [w = 91] Encoding duration: 2912 ms.
c [w = 91] Number of clauses: 2365815.
c [w = 91] Number of variables: 526400.
c [w = 91] SAT Solving starts:
c [Signal] Signal interruption. Caught signal: SIGTERM (15).
c [Main] Max width SAT is set to 96.
c [Main] Kill lower pid 88.
c [Main] Kill lower pid 89.
c [Main] Kill lower pid 91.
c [Main] Kill lower pid 87.
c [Main] Kill lower pid 86.
c [w = 87] Start task in PID: 61631.
c [w = 87] Cyclic Antibandwidth problem with w = 87 (caterpillar_40_10.txt):
c [w = 87] Initializing CaDiCaL (version 2.1.3).
c [w = 87] Configuring CaDiCaL as --sat (1).
c [w = 87] Encoding starts with w = 87:
c [w = 87] Symmetry breaking highest degree node is applied.
c [w = 87] Encoding duration: 2926 ms.
c [w = 87] Number of clauses: 2340215.
c [w = 87] Number of variables: 518400.
c [w = 87] SAT Solving starts:
c [Signal] Signal interruption. Caught signal: SIGTERM (15).
c [w = 86] Start task in PID: 61673.
c [w = 86] Cyclic Antibandwidth problem with w = 86 (caterpillar_40_10.txt):
c [w = 86] Initializing CaDiCaL (version 2.1.3).
c [w = 86] Configuring CaDiCaL as --sat (1).
c [w = 86] Encoding starts with w = 86:
c [w = 86] Symmetry breaking highest degree node is applied.
c [w = 86] Encoding duration: 2609 ms.
c [w = 86] Number of clauses: 2333815.
c [w = 86] Number of variables: 516400.
c [w = 86] SAT Solving starts:
c [Signal] Signal interruption. Caught signal: SIGTERM (15).
c [Main] Child pid 86 - 61673 terminated by signal 15.
c [Main] Child pid 87 - 61631 terminated by signal 15.
c [Main] Child pid 89 - 61678 terminated by signal 15.
c [Main] Child pid 88 - 61679 terminated by signal 15.
c [Main] Child pid 91 - 61677 terminated by signal 15.
c [w = 97] Start task in PID: 61685.
c [w = 97] Cyclic Antibandwidth problem with w = 97 (caterpillar_40_10.txt):
c [w = 97] Initializing CaDiCaL (version 2.1.3).
c [w = 97] Configuring CaDiCaL as --sat (1).
c [w = 97] Encoding starts with w = 97:
c [w = 97] Symmetry breaking highest degree node is applied.
c [w = 97] Encoding duration: 2955 ms.
c [w = 97] Number of clauses: 2404215.
c [w = 97] Number of variables: 538400.
c [w = 97] SAT Solving starts:
c [w = 97] Solving duration: 19858 ms.
c [w = 97] Answer:
s [w = 97] SAT (w = 97).
c [w = 97] Solution check = 97.
c [w = 97] The solution is correct.
c [w = 97] Result: 10.
c [Main] Max width SAT is set to 97.
c [w = 100] Start task in PID: 61687.
c [w = 100] Cyclic Antibandwidth problem with w = 100 (caterpillar_40_10.txt):
c [w = 100] Initializing CaDiCaL (version 2.1.3).
c [w = 100] Configuring CaDiCaL as --sat (1).
c [w = 100] Encoding starts with w = 100:
c [w = 100] Symmetry breaking highest degree node is applied.
c [w = 100] Encoding duration: 2814 ms.
c [w = 100] Number of clauses: 2306212.
c [w = 100] Number of variables: 505600.
c [w = 100] SAT Solving starts:
c [w = 100] Solving duration: 26078 ms.
c [w = 100] Answer:
s [w = 100] SAT (w = 100).
c [w = 100] Solution check = 100.
c [w = 100] The solution is correct.
c [w = 100] Result: 10.
c [Main] Max width SAT is set to 100.
c [Main] Kill lower pid 98.
c [Main] Kill lower pid 99.
c [w = 98] Start task in PID: 61684.
c [w = 98] Cyclic Antibandwidth problem with w = 98 (caterpillar_40_10.txt):
c [w = 98] Initializing CaDiCaL (version 2.1.3).
c [w = 98] Configuring CaDiCaL as --sat (1).
c [w = 98] Encoding starts with w = 98:
c [w = 98] Symmetry breaking highest degree node is applied.
c [w = 98] Encoding duration: 2955 ms.
c [w = 98] Number of clauses: 2410615.
c [w = 98] Number of variables: 540400.
c [w = 98] SAT Solving starts:
c [Signal] Signal interruption. Caught signal: SIGTERM (15).
c [w = 99] Start task in PID: 61686.
c [w = 99] Cyclic Antibandwidth problem with w = 99 (caterpillar_40_10.txt):
c [w = 99] Initializing CaDiCaL (version 2.1.3).
c [w = 99] Configuring CaDiCaL as --sat (1).
c [w = 99] Encoding starts with w = 99:
c [w = 99] Symmetry breaking highest degree node is applied.
c [w = 99] Encoding duration: 2880 ms.
c [w = 99] Number of clauses: 2417015.
c [w = 99] Number of variables: 542400.
c [w = 99] SAT Solving starts:
c [Signal] Signal interruption. Caught signal: SIGTERM (15).
c [Main] Child pid 99 - 61686 terminated by signal 15.
c [Main] Child pid 98 - 61684 terminated by signal 15.
c [w = 103] Start task in PID: 61688.
c [w = 103] Cyclic Antibandwidth problem with w = 103 (caterpillar_40_10.txt):
c [w = 103] Initializing CaDiCaL (version 2.1.3).
c [w = 103] Configuring CaDiCaL as --sat (1).
c [w = 103] Encoding starts with w = 103:
c [w = 103] Symmetry breaking highest degree node is applied.
c [w = 103] Encoding duration: 2832 ms.
c [w = 103] Number of clauses: 2321812.
c [w = 103] Number of variables: 510400.
c [w = 103] SAT Solving starts:
c [w = 103] Solving duration: 29218 ms.
c [w = 103] Answer:
s [w = 103] SAT (w = 103).
c [w = 103] Solution check = 103.
c [w = 103] The solution is correct.
c [w = 103] Result: 10.
c [Main] Max width SAT is set to 103.
c [Main] Kill lower pid 102.
c [Main] Kill lower pid 101.
c [w = 102] Start task in PID: 61695.
c [w = 102] Cyclic Antibandwidth problem with w = 102 (caterpillar_40_10.txt):
c [w = 102] Initializing CaDiCaL (version 2.1.3).
c [w = 102] Configuring CaDiCaL as --sat (1).
c [w = 102] Encoding starts with w = 102:
c [w = 102] Symmetry breaking highest degree node is applied.
c [w = 102] Encoding duration: 2475 ms.
c [w = 102] Number of clauses: 2316612.
c [w = 102] Number of variables: 508800.
c [w = 102] SAT Solving starts:
c [Signal] Signal interruption. Caught signal: SIGTERM (15).
c [w = 101] Start task in PID: 61683.
c [w = 101] Cyclic Antibandwidth problem with w = 101 (caterpillar_40_10.txt):
c [w = 101] Initializing CaDiCaL (version 2.1.3).
c [w = 101] Configuring CaDiCaL as --sat (1).
c [w = 101] Encoding starts with w = 101:
c [w = 101] Symmetry breaking highest degree node is applied.
c [w = 101] Encoding duration: 2791 ms.
c [w = 101] Number of clauses: 2311412.
c [w = 101] Number of variables: 507200.
c [w = 101] SAT Solving starts:
c [Signal] Signal interruption. Caught signal: SIGTERM (15).
c [Main] Child pid 101 - 61683 terminated by signal 15.
c [Main] Child pid 102 - 61695 terminated by signal 15.
c [w = 125] Start task in PID: 61630.
c [w = 125] Cyclic Antibandwidth problem with w = 125 (caterpillar_40_10.txt):
c [w = 125] Initializing CaDiCaL (version 2.1.3).
c [w = 125] Configuring CaDiCaL as --sat (1).
c [w = 125] Encoding starts with w = 125:
c [w = 125] Symmetry breaking highest degree node is applied.
c [w = 125] Encoding duration: 3033 ms.
c [w = 125] Number of clauses: 2436212.
c [w = 125] Number of variables: 545600.
c [w = 125] SAT Solving starts:
c [w = 125] Solving duration: 126348 ms.
c [w = 125] Answer:
s [w = 125] SAT (w = 125).
c [w = 125] Solution check = 125.
c [w = 125] The solution is correct.
c [w = 125] Result: 10.
c [w = 107] Start task in PID: 61702.
c [w = 107] Cyclic Antibandwidth problem with w = 107 (caterpillar_40_10.txt):
c [w = 107] Initializing CaDiCaL (version 2.1.3).
c [w = 107] Configuring CaDiCaL as --sat (1).
c [w = 107] Encoding starts with w = 107:
c [w = 107] Symmetry breaking highest degree node is applied.
c [w = 107] Encoding duration: 2553 ms.
c [w = 107] Number of clauses: 2342612.
c [w = 107] Number of variables: 516800.
c [w = 107] SAT Solving starts:
c [Signal] Signal interruption. Caught signal: SIGTERM (15).
c [w = 108] Start task in PID: 61701.
c [w = 108] Cyclic Antibandwidth problem with w = 108 (caterpillar_40_10.txt):
c [w = 108] Initializing CaDiCaL (version 2.1.3).
c [w = 108] Configuring CaDiCaL as --sat (1).
c [w = 108] Encoding starts with w = 108:
c [w = 108] Symmetry breaking highest degree node is applied.
c [w = 108] Encoding duration: 2680 ms.
c [w = 108] Number of clauses: 2347812.
c [w = 108] Number of variables: 518400.
c [w = 108] SAT Solving starts:
c [Signal] Signal interruption. Caught signal: SIGTERM (15).
c [w = 110] Start task in PID: 61700.
c [w = 110] Cyclic Antibandwidth problem with w = 110 (caterpillar_40_10.txt):
c [w = 110] Initializing CaDiCaL (version 2.1.3).
c [w = 110] Configuring CaDiCaL as --sat (1).
c [w = 110] Encoding starts with w = 110:
c [w = 110] Symmetry breaking highest degree node is applied.
c [w = 110] Encoding duration: 2593 ms.
c [w = 110] Number of clauses: 2358212.
c [w = 110] Number of variables: 521600.
c [w = 110] SAT Solving starts:
c [Signal] Signal interruption. Caught signal: SIGTERM (15).
c [w = 105] Start task in PID: 61697.
c [w = 105] Cyclic Antibandwidth problem with w = 105 (caterpillar_40_10.txt):
c [w = 105] Initializing CaDiCaL (version 2.1.3).
c [w = 105] Configuring CaDiCaL as --sat (1).
c [w = 105] Encoding starts with w = 105:
c [w = 105] Symmetry breaking highest degree node is applied.
c [w = 105] Encoding duration: 2526 ms.
c [w = 105] Number of clauses: 2332212.
c [w = 105] Number of variables: 513600.
c [w = 105] SAT Solving starts:
c [Signal] Signal interruption. Caught signal: SIGTERM (15).
c [w = 104] Start task in PID: 61696.
c [w = 104] Cyclic Antibandwidth problem with w = 104 (caterpillar_40_10.txt):
c [w = 104] Initializing CaDiCaL (version 2.1.3).
c [w = 104] Configuring CaDiCaL as --sat (1).
c [w = 104] Encoding starts with w = 104:
c [w = 104] Symmetry breaking highest degree node is applied.
c [w = 104] Encoding duration: 2562 ms.
c [w = 104] Number of clauses: 2327012.
c [w = 104] Number of variables: 512000.
c [w = 104] SAT Solving starts:
c [Signal] Signal interruption. Caught signal: SIGTERM (15).
c [Main] Max width SAT is set to 125.
c [Main] Kill lower pid 107.
c [Main] Kill lower pid 108.
c [Main] Kill lower pid 110.
c [Main] Kill lower pid 105.
c [Main] Kill lower pid 104.
c [Main] Kill lower pid 115.
c [Main] Kill lower pid 106.
c [w = 115] Start task in PID: 61698.
c [w = 115] Cyclic Antibandwidth problem with w = 115 (caterpillar_40_10.txt):
c [w = 115] Initializing CaDiCaL (version 2.1.3).
c [w = 115] Configuring CaDiCaL as --sat (1).
c [w = 115] Encoding starts with w = 115:
c [w = 115] Symmetry breaking highest degree node is applied.
c [w = 115] Encoding duration: 2685 ms.
c [w = 115] Number of clauses: 2384212.
c [w = 115] Number of variables: 529600.
c [w = 115] SAT Solving starts:
c [Signal] Signal interruption. Caught signal: SIGTERM (15).
c [w = 106] Start task in PID: 61674.
c [w = 106] Cyclic Antibandwidth problem with w = 106 (caterpillar_40_10.txt):
c [w = 106] Initializing CaDiCaL (version 2.1.3).
c [w = 106] Configuring CaDiCaL as --sat (1).
c [w = 106] Encoding starts with w = 106:
c [w = 106] Symmetry breaking highest degree node is applied.
c [w = 106] Encoding duration: 2610 ms.
c [w = 106] Number of clauses: 2337412.
c [w = 106] Number of variables: 515200.
c [w = 106] SAT Solving starts:
c [Signal] Signal interruption. Caught signal: SIGTERM (15).
c [Main] Child pid 108 - 61701 terminated by signal 15.
c [Main] Child pid 105 - 61697 terminated by signal 15.
c [Main] Child pid 110 - 61700 terminated by signal 15.
c [Main] Child pid 106 - 61674 terminated by signal 15.
c [Main] Child pid 104 - 61696 terminated by signal 15.
c [Main] Child pid 115 - 61698 terminated by signal 15.
c [Main] Child pid 107 - 61702 terminated by signal 15.
c [w = 128] Start task in PID: 61710.
c [w = 128] Cyclic Antibandwidth problem with w = 128 (caterpillar_40_10.txt):
c [w = 128] Initializing CaDiCaL (version 2.1.3).
c [w = 128] Configuring CaDiCaL as --sat (1).
c [w = 128] Encoding starts with w = 128:
c [w = 128] Symmetry breaking highest degree node is applied.
c [w = 128] Encoding duration: 3086 ms.
c [w = 128] Number of clauses: 2451812.
c [w = 128] Number of variables: 550400.
c [w = 128] SAT Solving starts:
c [Signal] Signal interruption. Caught signal: SIGTERM (15).
c [w = 126] Start task in PID: 61709.
c [w = 126] Cyclic Antibandwidth problem with w = 126 (caterpillar_40_10.txt):
c [w = 126] Initializing CaDiCaL (version 2.1.3).
c [w = 126] Configuring CaDiCaL as --sat (1).
c [w = 126] Encoding starts with w = 126:
c [w = 126] Symmetry breaking highest degree node is applied.
c [w = 126] Encoding duration: 3000 ms.
c [w = 126] Number of clauses: 2441412.
c [w = 126] Number of variables: 547200.
c [w = 126] SAT Solving starts:
c [Signal] Signal interruption. Caught signal: SIGTERM (15).
c [w = 127] Start task in PID: 61708.
c [w = 127] Cyclic Antibandwidth problem with w = 127 (caterpillar_40_10.txt):
c [w = 127] Initializing CaDiCaL (version 2.1.3).
c [w = 127] Configuring CaDiCaL as --sat (1).
c [w = 127] Encoding starts with w = 127:
c [w = 127] Symmetry breaking highest degree node is applied.
c [w = 127] Encoding duration: 2994 ms.
c [w = 127] Number of clauses: 2446612.
c [w = 127] Number of variables: 548800.
c [w = 127] SAT Solving starts:
c [Signal] Signal interruption. Caught signal: SIGTERM (15).
c [w = 129] Start task in PID: 61707.
c [w = 129] Cyclic Antibandwidth problem with w = 129 (caterpillar_40_10.txt):
c [w = 129] Initializing CaDiCaL (version 2.1.3).
c [w = 129] Configuring CaDiCaL as --sat (1).
c [w = 129] Encoding starts with w = 129:
c [w = 129] Symmetry breaking highest degree node is applied.
c [w = 129] Encoding duration: 3024 ms.
c [w = 129] Number of clauses: 2457012.
c [w = 129] Number of variables: 552000.
c [w = 129] SAT Solving starts:
c [Signal] Signal interruption. Caught signal: SIGTERM (15).
c [w = 134] Start task in PID: 61706.
c [w = 134] Cyclic Antibandwidth problem with w = 134 (caterpillar_40_10.txt):
c [w = 134] Initializing CaDiCaL (version 2.1.3).
c [w = 134] Configuring CaDiCaL as --sat (1).
c [w = 134] Encoding starts with w = 134:
c [w = 134] Symmetry breaking highest degree node is applied.
c [w = 134] Encoding duration: 2780 ms.
c [w = 134] Number of clauses: 2325409.
c [w = 134] Number of variables: 507600.
c [w = 134] SAT Solving starts:
c [Signal] Signal interruption. Caught signal: SIGTERM (15).
c [w = 163] Start task in PID: 61704.
c [w = 163] Cyclic Antibandwidth problem with w = 163 (caterpillar_40_10.txt):
c [w = 163] Initializing CaDiCaL (version 2.1.3).
c [w = 163] Configuring CaDiCaL as --sat (1).
c [w = 163] Encoding starts with w = 163:
c [w = 163] Symmetry breaking highest degree node is applied.
c [w = 163] Encoding duration: 3060 ms.
c [w = 163] Number of clauses: 2441409.
c [w = 163] Number of variables: 542400.
c [w = 163] SAT Solving starts:
c [Signal] Signal interruption. Caught signal: SIGTERM (15).
c [w = 144] Start task in PID: 61705.
c [w = 144] Cyclic Antibandwidth problem with w = 144 (caterpillar_40_10.txt):
c [w = 144] Initializing CaDiCaL (version 2.1.3).
c [w = 144] Configuring CaDiCaL as --sat (1).
c [w = 144] Encoding starts with w = 144:
c [w = 144] Symmetry breaking highest degree node is applied.
c [w = 144] Encoding duration: 2860 ms.
c [w = 144] Number of clauses: 2365409.
c [w = 144] Number of variables: 519600.
c [w = 144] SAT Solving starts:
c [Signal] Signal interruption. Caught signal: SIGTERM (15).
c [Main] Lim pid ends with result: 254.
c [Main] All children have completed.
r [Main] 
r [Main] Final results: 
r [Main] Max width SAT:  	125.
r [Main] Min width UNSAT:	-.
r [Main] Total real time: 151198 ms.
r [Main] Total memory consumed: 5515.1 MB.
r [Main] 
c [w = 131] Start task in PID: 61711.
c [w = 131] Cyclic Antibandwidth problem with w = 131 (caterpillar_40_10.txt):
c [w = 131] Initializing CaDiCaL (version 2.1.3).
c [w = 131] Configuring CaDiCaL as --sat (1).
c [w = 131] Encoding starts with w = 131:
c [w = 131] Symmetry breaking highest degree node is applied.
c [w = 131] Encoding duration: 2983 ms.
c [w = 131] Number of clauses: 2467412.
c [w = 131] Number of variables: 555200.
c [w = 131] SAT Solving starts:
c [Signal] Signal interruption. Caught signal: SIGTERM (15).
