c [Version] Cyclic Bandwidth Encoder version 1.0.0.
c [Param] Real time limit is set to 150.
c [Param] Memory limit is set to 30000.
c [Param] Worker count is set to 8.
c [Main] Encoding and solving for graph: 3dmesh_6_6_100.txt.
c [Main] Search strategy: Binary search using BFS.
c [Main] No predefined lower bound is found for 3dmesh_6_6_100.txt.
c [Main] LB-w = 2 (default value).
c [Main] Upper bound is set to 1781.
c [Main] Search order: 891 446 1336 223 668 1113 1559 112 334 557 779 1002 1224 1447 1670 56 167 278 390 501 612 723 835 946 1057 1168 1280 1391 1503 1614 1726 28 84 139 195 250 306 362 418 473 529 584 640 695 751 807 863 918 974 1029 1085 1140 1196 1252 1308 1363 1419 1475 1531 1586 1642 1698 1754 14 42 70 98 125 153 181 209 236 264 292 320 348 376 404 432 459 487 515 543 570 598 626 654 681 709 737 765 793 821 849 877 904 932 960 988 1015 1043 1071 1099 1126 1154 1182 1210 1238 1266 1294 1322 1349 1377 1405 1433 1461 1489 1517 1545 1572 1600 1628 1656 1684 1712 1740 1768 7 21 35 49 63 77 91 105 118 132 146 160 174 188 202 216 229 243 257 271 285 299 313 327 341 355 369 383 397 411 425 439 452 466 480 494 508 522 536 550 563 577 591 605 619 633 647 661 674 688 702 716 730 744 758 772 786 800 814 828 842 856 870 884 897 911 925 939 953 967 981 995 1008 1022 1036 1050 1064 1078 1092 1106 1119 1133 1147 1161 1175 1189 1203 1217 1231 1245 1259 1273 1287 1301 1315 1329 1342 1356 1370 1384 1398 1412 1426 1440 1454 1468 1482 1496 1510 1524 1538 1552 1565 1579 1593 1607 1621 1635 1649 1663 1677 1691 1705 1719 1733 1747 1761 1775 4 10 17 24 31 38 45 52 59 66 73 80 87 94 101 108 115 121 128 135 142 149 156 163 170 177 184 191 198 205 212 219 226 232 239 246 253 260 267 274 281 288 295 302 309 316 323 330 337 344 351 358 365 372 379 386 393 400 407 414 421 428 435 442 449 455 462 469 476 483 490 497 504 511 518 525 532 539 546 553 560 566 573 580 587 594 601 608 615 622 629 636 643 650 657 664 671 677 684 691 698 705 712 719 726 733 740 747 754 761 768 775 782 789 796 803 810 817 824 831 838 845 852 859 866 873 880 887 894 900 907 914 921 928 935 942 949 956 963 970 977 984 991 998 1005 1011 1018 1025 1032 1039 1046 1053 1060 1067 1074 1081 1088 1095 1102 1109 1116 1122 1129 1136 1143 1150 1157 1164 1171 1178 1185 1192 1199 1206 1213 1220 1227 1234 1241 1248 1255 1262 1269 1276 1283 1290 1297 1304 1311 1318 1325 1332 1339 1345 1352 1359 1366 1373 1380 1387 1394 1401 1408 1415 1422 1429 1436 1443 1450 1457 1464 1471 1478 1485 1492 1499 1506 1513 1520 1527 1534 1541 1548 1555 1562 1568 1575 1582 1589 1596 1603 1610 1617 1624 1631 1638 1645 1652 1659 1666 1673 1680 1687 1694 1701 1708 1715 1722 1729 1736 1743 1750 1757 1764 1771 1778 2 5 8 12 15 19 22 26 29 33 36 40 43 47 50 54 57 61 64 68 71 75 78 82 85 89 92 96 99 103 106 110 113 116 119 123 126 130 133 137 140 144 147 151 154 158 161 165 168 172 175 179 182 186 189 193 196 200 203 207 210 214 217 221 224 227 230 234 237 241 244 248 251 255 258 262 265 269 272 276 279 283 286 290 293 297 300 304 307 311 314 318 321 325 328 332 335 339 342 346 349 353 356 360 363 367 370 374 377 381 384 388 391 395 398 402 405 409 412 416 419 423 426 430 433 437 440 444 447 450 453 457 460 464 467 471 474 478 481 485 488 492 495 499 502 506 509 513 516 520 523 527 530 534 537 541 544 548 551 555 558 561 564 568 571 575 578 582 585 589 592 596 599 603 606 610 613 617 620 624 627 631 634 638 641 645 648 652 655 659 662 666 669 672 675 679 682 686 689 693 696 700 703 707 710 714 717 721 724 728 731 735 738 742 745 749 752 756 759 763 766 770 773 777 780 784 787 791 794 798 801 805 808 812 815 819 822 826 829 833 836 840 843 847 850 854 857 861 864 868 871 875 878 882 885 889 892 895 898 902 905 909 912 916 919 923 926 930 933 937 940 944 947 951 954 958 961 965 968 972 975 979 982 986 989 993 996 1000 1003 1006 1009 1013 1016 1020 1023 1027 1030 1034 1037 1041 1044 1048 1051 1055 1058 1062 1065 1069 1072 1076 1079 1083 1086 1090 1093 1097 1100 1104 1107 1111 1114 1117 1120 1124 1127 1131 1134 1138 1141 1145 1148 1152 1155 1159 1162 1166 1169 1173 1176 1180 1183 1187 1190 1194 1197 1201 1204 1208 1211 1215 1218 1222 1225 1229 1232 1236 1239 1243 1246 1250 1253 1257 1260 1264 1267 1271 1274 1278 1281 1285 1288 1292 1295 1299 1302 1306 1309 1313 1316 1320 1323 1327 1330 1334 1337 1340 1343 1347 1350 1354 1357 1361 1364 1368 1371 1375 1378 1382 1385 1389 1392 1396 1399 1403 1406 1410 1413 1417 1420 1424 1427 1431 1434 1438 1441 1445 1448 1452 1455 1459 1462 1466 1469 1473 1476 1480 1483 1487 1490 1494 1497 1501 1504 1508 1511 1515 1518 1522 1525 1529 1532 1536 1539 1543 1546 1550 1553 1557 1560 1563 1566 1570 1573 1577 1580 1584 1587 1591 1594 1598 1601 1605 1608 1612 1615 1619 1622 1626 1629 1633 1636 1640 1643 1647 1650 1654 1657 1661 1664 1668 1671 1675 1678 1682 1685 1689 1692 1696 1699 1703 1706 1710 1713 1717 1720 1724 1727 1731 1734 1738 1741 1745 1748 1752 1755 1759 1762 1766 1769 1773 1776 1780 3 6 9 11 13 16 18 20 23 25 27 30 32 34 37 39 41 44 46 48 51 53 55 58 60 62 65 67 69 72 74 76 79 81 83 86 88 90 93 95 97 100 102 104 107 109 111 114 117 120 122 124 127 129 131 134 136 138 141 143 145 148 150 152 155 157 159 162 164 166 169 171 173 176 178 180 183 185 187 190 192 194 197 199 201 204 206 208 211 213 215 218 220 222 225 228 231 233 235 238 240 242 245 247 249 252 254 256 259 261 263 266 268 270 273 275 277 280 282 284 287 289 291 294 296 298 301 303 305 308 310 312 315 317 319 322 324 326 329 331 333 336 338 340 343 345 347 350 352 354 357 359 361 364 366 368 371 373 375 378 380 382 385 387 389 392 394 396 399 401 403 406 408 410 413 415 417 420 422 424 427 429 431 434 436 438 441 443 445 448 451 454 456 458 461 463 465 468 470 472 475 477 479 482 484 486 489 491 493 496 498 500 503 505 507 510 512 514 517 519 521 524 526 528 531 533 535 538 540 542 545 547 549 552 554 556 559 562 565 567 569 572 574 576 579 581 583 586 588 590 593 595 597 600 602 604 607 609 611 614 616 618 621 623 625 628 630 632 635 637 639 642 644 646 649 651 653 656 658 660 663 665 667 670 673 676 678 680 683 685 687 690 692 694 697 699 701 704 706 708 711 713 715 718 720 722 725 727 729 732 734 736 739 741 743 746 748 750 753 755 757 760 762 764 767 769 771 774 776 778 781 783 785 788 790 792 795 797 799 802 804 806 809 811 813 816 818 820 823 825 827 830 832 834 837 839 841 844 846 848 851 853 855 858 860 862 865 867 869 872 874 876 879 881 883 886 888 890 893 896 899 901 903 906 908 910 913 915 917 920 922 924 927 929 931 934 936 938 941 943 945 948 950 952 955 957 959 962 964 966 969 971 973 976 978 980 983 985 987 990 992 994 997 999 1001 1004 1007 1010 1012 1014 1017 1019 1021 1024 1026 1028 1031 1033 1035 1038 1040 1042 1045 1047 1049 1052 1054 1056 1059 1061 1063 1066 1068 1070 1073 1075 1077 1080 1082 1084 1087 1089 1091 1094 1096 1098 1101 1103 1105 1108 1110 1112 1115 1118 1121 1123 1125 1128 1130 1132 1135 1137 1139 1142 1144 1146 1149 1151 1153 1156 1158 1160 1163 1165 1167 1170 1172 1174 1177 1179 1181 1184 1186 1188 1191 1193 1195 1198 1200 1202 1205 1207 1209 1212 1214 1216 1219 1221 1223 1226 1228 1230 1233 1235 1237 1240 1242 1244 1247 1249 1251 1254 1256 1258 1261 1263 1265 1268 1270 1272 1275 1277 1279 1282 1284 1286 1289 1291 1293 1296 1298 1300 1303 1305 1307 1310 1312 1314 1317 1319 1321 1324 1326 1328 1331 1333 1335 1338 1341 1344 1346 1348 1351 1353 1355 1358 1360 1362 1365 1367 1369 1372 1374 1376 1379 1381 1383 1386 1388 1390 1393 1395 1397 1400 1402 1404 1407 1409 1411 1414 1416 1418 1421 1423 1425 1428 1430 1432 1435 1437 1439 1442 1444 1446 1449 1451 1453 1456 1458 1460 1463 1465 1467 1470 1472 1474 1477 1479 1481 1484 1486 1488 1491 1493 1495 1498 1500 1502 1505 1507 1509 1512 1514 1516 1519 1521 1523 1526 1528 1530 1533 1535 1537 1540 1542 1544 1547 1549 1551 1554 1556 1558 1561 1564 1567 1569 1571 1574 1576 1578 1581 1583 1585 1588 1590 1592 1595 1597 1599 1602 1604 1606 1609 1611 1613 1616 1618 1620 1623 1625 1627 1630 1632 1634 1637 1639 1641 1644 1646 1648 1651 1653 1655 1658 1660 1662 1665 1667 1669 1672 1674 1676 1679 1681 1683 1686 1688 1690 1693 1695 1697 1700 1702 1704 1707 1709 1711 1714 1716 1718 1721 1723 1725 1728 1730 1732 1735 1737 1739 1742 1744 1746 1749 1751 1753 1756 1758 1760 1763 1765 1767 1770 1772 1774 1777 1779 1781.
c [w = 1559] Start task in PID: 18080.
c [w = 1559] Cyclic Antibandwidth problem with w = 1559 (3dmesh_6_6_100.txt):
c [w = 1559] Initializing CaDiCaL (version 2.1.3).
c [w = 1559] Configuring CaDiCaL as --sat (1).
c [w = 1559] Encoding starts with w = 1559:
c [w = 1559] Symmetry breaking highest degree node is applied.
c [Signal] Signal interruption. Caught signal: SIGTERM (15).
c [w = 1113] Start task in PID: 18079.
c [w = 1113] Cyclic Antibandwidth problem with w = 1113 (3dmesh_6_6_100.txt):
c [w = 1113] Initializing CaDiCaL (version 2.1.3).
c [w = 1113] Configuring CaDiCaL as --sat (1).
c [w = 1113] Encoding starts with w = 1113:
c [w = 1113] Symmetry breaking highest degree node is applied.
c [Signal] Signal interruption. Caught signal: SIGTERM (15).
c [w = 668] Start task in PID: 18078.
c [w = 668] Cyclic Antibandwidth problem with w = 668 (3dmesh_6_6_100.txt):
c [w = 668] Initializing CaDiCaL (version 2.1.3).
c [w = 668] Configuring CaDiCaL as --sat (1).
c [w = 668] Encoding starts with w = 668:
c [w = 668] Symmetry breaking highest degree node is applied.
c [Signal] Signal interruption. Caught signal: SIGTERM (15).
c [w = 1336] Start task in PID: 18076.
c [w = 1336] Cyclic Antibandwidth problem with w = 1336 (3dmesh_6_6_100.txt):
c [w = 1336] Initializing CaDiCaL (version 2.1.3).
c [w = 1336] Configuring CaDiCaL as --sat (1).
c [w = 1336] Encoding starts with w = 1336:
c [w = 1336] Symmetry breaking highest degree node is applied.
c [Signal] Signal interruption. Caught signal: SIGTERM (15).
c [w = 223] Start task in PID: 18077.
c [w = 223] Cyclic Antibandwidth problem with w = 223 (3dmesh_6_6_100.txt):
c [w = 223] Initializing CaDiCaL (version 2.1.3).
c [w = 223] Configuring CaDiCaL as --sat (1).
c [w = 223] Encoding starts with w = 223:
c [w = 223] Symmetry breaking highest degree node is applied.
c [Signal] Signal interruption. Caught signal: SIGTERM (15).
c [w = 446] Start task in PID: 18075.
c [w = 446] Cyclic Antibandwidth problem with w = 446 (3dmesh_6_6_100.txt):
c [w = 446] Initializing CaDiCaL (version 2.1.3).
c [w = 446] Configuring CaDiCaL as --sat (1).
c [w = 446] Encoding starts with w = 446:
c [w = 446] Symmetry breaking highest degree node is applied.
c [Signal] Signal interruption. Caught signal: SIGTERM (15).
c [w = 891] Start task in PID: 18074.
c [w = 891] Cyclic Antibandwidth problem with w = 891 (3dmesh_6_6_100.txt):
c [w = 891] Initializing CaDiCaL (version 2.1.3).
c [w = 891] Configuring CaDiCaL as --sat (1).
c [w = 891] Encoding starts with w = 891:
c [w = 891] Symmetry breaking highest degree node is applied.
c [Signal] Signal interruption. Caught signal: SIGTERM (15).
c [Main] Lim pid ends with result: 255.
c [Main] All children have completed.
r [Main] 
r [Main] Final results: 
r [Main] Max width SAT:  	-.
r [Main] Min width UNSAT:	-.
r [Main] Total real time: 4531 ms.
r [Main] Total memory consumed: 30165.4 MB.
r [Main] 
c [w = 112] Start task in PID: 18081.
c [w = 112] Cyclic Antibandwidth problem with w = 112 (3dmesh_6_6_100.txt):
c [w = 112] Initializing CaDiCaL (version 2.1.3).
c [w = 112] Configuring CaDiCaL as --sat (1).
c [w = 112] Encoding starts with w = 112:
c [w = 112] Symmetry breaking highest degree node is applied.
c [Signal] Signal interruption. Caught signal: SIGTERM (15).
