c [Version] Cyclic Bandwidth Encoder version 1.0.0.
c [Param] Real time limit is set to 150.
c [Param] Memory limit is set to 30000.
c [Param] Worker count is set to 8.
c [Main] Encoding and solving for graph: 3dmesh_5_5_7.txt.
c [Main] Search strategy: Binary search using BFS.
c [Main] No predefined lower bound is found for 3dmesh_5_5_7.txt.
c [Main] LB-w = 2 (default value).
c [Main] Upper bound is set to 74.
c [Main] Search order: 38 19 56 10 28 47 65 5 14 23 33 42 51 60 70 3 7 12 16 21 25 30 35 40 44 49 53 58 62 67 72 2 4 6 8 11 13 15 17 20 22 24 26 29 31 34 36 39 41 43 45 48 50 52 54 57 59 61 63 66 68 71 73 9 18 27 32 37 46 55 64 69 74.
c [w = 10] Start task in PID: 17926.
c [w = 10] Cyclic Antibandwidth problem with w = 10 (3dmesh_5_5_7.txt):
c [w = 10] Initializing CaDiCaL (version 2.1.3).
c [w = 10] Configuring CaDiCaL as --sat (1).
c [w = 10] Encoding starts with w = 10:
c [w = 10] Symmetry breaking highest degree node is applied.
c [w = 10] Encoding duration: 378 ms.
c [w = 10] Number of clauses: 601967.
c [w = 10] Number of variables: 92050.
c [w = 10] SAT Solving starts:
c [w = 10] Solving duration: 90 ms.
c [w = 10] Answer:
s [w = 10] SAT (w = 10).
c [w = 10] Solution check = 10.
c [w = 10] The solution is correct.
c [w = 10] Result: 10.
c [Main] Max width SAT is set to 10.
c [Main] Kill lower pid 5.
c [w = 5] Start task in PID: 17930.
c [w = 5] Cyclic Antibandwidth problem with w = 5 (3dmesh_5_5_7.txt):
c [w = 5] Initializing CaDiCaL (version 2.1.3).
c [w = 5] Configuring CaDiCaL as --sat (1).
c [w = 5] Encoding starts with w = 5:
c [w = 5] Symmetry breaking highest degree node is applied.
c [w = 5] Encoding duration: 375 ms.
c [w = 5] Number of clauses: 630087.
c [w = 5] Number of variables: 82250.
c [w = 5] SAT Solving starts:
c [w = 5] Solving duration: 100 ms.
c [w = 5] Answer:
s [w = 5] SAT (w = 5).
c [w = 5] Solution check = 5.
c [w = 5] The solution is correct.
c [Signal] Signal interruption. Caught signal: SIGTERM (15).
c [Main] Child pid 5 - 17930 terminated by signal 15.
c [w = 19] Start task in PID: 17924.
c [w = 19] Cyclic Antibandwidth problem with w = 19 (3dmesh_5_5_7.txt):
c [w = 19] Initializing CaDiCaL (version 2.1.3).
c [w = 19] Configuring CaDiCaL as --sat (1).
c [w = 19] Encoding starts with w = 19:
c [w = 19] Symmetry breaking highest degree node is applied.
c [w = 19] Encoding duration: 386 ms.
c [w = 19] Number of clauses: 611412.
c [w = 19] Number of variables: 98000.
c [w = 19] SAT Solving starts:
c [w = 19] Solving duration: 1545 ms.
c [w = 19] Answer:
s [w = 19] SAT (w = 19).
c [w = 19] Solution check = 19.
c [w = 19] The solution is correct.
c [w = 19] Result: 10.
c [Main] Max width SAT is set to 19.
c [Main] Kill lower pid 14.
c [w = 14] Start task in PID: 17931.
c [w = 14] Cyclic Antibandwidth problem with w = 14 (3dmesh_5_5_7.txt):
c [w = 14] Initializing CaDiCaL (version 2.1.3).
c [w = 14] Configuring CaDiCaL as --sat (1).
c [w = 14] Encoding starts with w = 14:
c [w = 14] Symmetry breaking highest degree node is applied.
c [w = 14] Encoding duration: 395 ms.
c [w = 14] Number of clauses: 604042.
c [w = 14] Number of variables: 95025.
c [w = 14] SAT Solving starts:
c [Signal] Signal interruption. Caught signal: SIGTERM (15).
c [Main] Child pid 14 - 17931 terminated by signal 15.
c [w = 28] Start task in PID: 17927.
c [w = 28] Cyclic Antibandwidth problem with w = 28 (3dmesh_5_5_7.txt):
c [w = 28] Initializing CaDiCaL (version 2.1.3).
c [w = 28] Configuring CaDiCaL as --sat (1).
c [w = 28] Encoding starts with w = 28:
c [w = 28] Symmetry breaking highest degree node is applied.
c [w = 28] Encoding duration: 397 ms.
c [w = 28] Number of clauses: 620007.
c [w = 28] Number of variables: 100625.
c [w = 28] SAT Solving starts:
c [w = 28] Solving duration: 1655 ms.
c [w = 28] Answer:
s [w = 28] SAT (w = 28).
c [w = 28] Solution check = 28.
c [w = 28] The solution is correct.
c [w = 28] Result: 10.
c [Main] Max width SAT is set to 28.
c [Main] Kill lower pid 23.
c [w = 23] Start task in PID: 17932.
c [w = 23] Cyclic Antibandwidth problem with w = 23 (3dmesh_5_5_7.txt):
c [w = 23] Initializing CaDiCaL (version 2.1.3).
c [w = 23] Configuring CaDiCaL as --sat (1).
c [w = 23] Encoding starts with w = 23:
c [w = 23] Symmetry breaking highest degree node is applied.
c [w = 23] Encoding duration: 391 ms.
c [w = 23] Number of clauses: 611367.
c [w = 23] Number of variables: 98000.
c [w = 23] SAT Solving starts:
c [Signal] Signal interruption. Caught signal: SIGTERM (15).
c [Main] Child pid 23 - 17932 terminated by signal 15.
c [w = 47] Start task in PID: 17928.
c [w = 47] Cyclic Antibandwidth problem with w = 47 (3dmesh_5_5_7.txt):
c [w = 47] Initializing CaDiCaL (version 2.1.3).
c [w = 47] Configuring CaDiCaL as --sat (1).
c [w = 47] Encoding starts with w = 47:
c [w = 47] Symmetry breaking highest degree node is applied.
c [w = 47] Encoding duration: 396 ms.
c [w = 47] Number of clauses: 624577.
c [w = 47] Number of variables: 100800.
c [w = 47] SAT Solving starts:
c [w = 47] Solving duration: 4827 ms.
c [w = 47] Answer:
s [w = 47] SAT (w = 47).
c [w = 47] Solution check = 47.
c [w = 47] The solution is correct.
c [w = 47] Result: 10.
c [Main] Max width SAT is set to 47.
c [Main] Kill lower pid 42.
c [Main] Kill lower pid 33.
c [Main] Kill lower pid 38.
c [w = 33] Start task in PID: 17934.
c [w = 33] Cyclic Antibandwidth problem with w = 33 (3dmesh_5_5_7.txt):
c [w = 33] Initializing CaDiCaL (version 2.1.3).
c [w = 33] Configuring CaDiCaL as --sat (1).
c [w = 33] Encoding starts with w = 33:
c [w = 33] Symmetry breaking highest degree node is applied.
c [w = 33] Encoding duration: 398 ms.
c [w = 33] Number of clauses: 623572.
c [w = 33] Number of variables: 101500.
c [w = 33] SAT Solving starts:
c [Signal] Signal interruption. Caught signal: SIGTERM (15).
c [w = 42] Start task in PID: 17935.
c [w = 42] Cyclic Antibandwidth problem with w = 42 (3dmesh_5_5_7.txt):
c [w = 42] Initializing CaDiCaL (version 2.1.3).
c [w = 42] Configuring CaDiCaL as --sat (1).
c [w = 42] Encoding starts with w = 42:
c [w = 42] Symmetry breaking highest degree node is applied.
c [w = 42] Encoding duration: 406 ms.
c [w = 42] Number of clauses: 633262.
c [w = 42] Number of variables: 104125.
c [w = 42] SAT Solving starts:
c [Signal] Signal interruption. Caught signal: SIGTERM (15).
c [w = 38] Start task in PID: 17923.
c [w = 38] Cyclic Antibandwidth problem with w = 38 (3dmesh_5_5_7.txt):
c [w = 38] Initializing CaDiCaL (version 2.1.3).
c [w = 38] Configuring CaDiCaL as --sat (1).
c [w = 38] Encoding starts with w = 38:
c [w = 38] Symmetry breaking highest degree node is applied.
c [w = 38] Encoding duration: 396 ms.
c [w = 38] Number of clauses: 622062.
c [w = 38] Number of variables: 100625.
c [w = 38] SAT Solving starts:
c [Signal] Signal interruption. Caught signal: SIGTERM (15).
c [Main] Child pid 33 - 17934 terminated by signal 15.
c [Main] Child pid 42 - 17935 terminated by signal 15.
c [Main] Child pid 38 - 17923 terminated by signal 15.
c [w = 70] Start task in PID: 17938.
c [w = 70] Cyclic Antibandwidth problem with w = 70 (3dmesh_5_5_7.txt):
c [w = 70] Initializing CaDiCaL (version 2.1.3).
c [w = 70] Configuring CaDiCaL as --sat (1).
c [w = 70] Encoding starts with w = 70:
c [w = 70] Symmetry breaking highest degree node is applied.
c [w = 70] Encoding duration: 424 ms.
c [w = 70] Number of clauses: 642317.
c [w = 70] Number of variables: 105175.
c [w = 70] SAT Solving starts:
c [w = 70] Solving duration: 28 ms.
c [w = 70] Answer:
s [w = 70] SAT (w = 70).
c [w = 70] Solution check = 70.
c [w = 70] The solution is correct.
c [w = 70] Result: 10.
c [w = 53] Start task in PID: 17940.
c [w = 53] Cyclic Antibandwidth problem with w = 53 (3dmesh_5_5_7.txt):
c [w = 53] Initializing CaDiCaL (version 2.1.3).
c [w = 53] Configuring CaDiCaL as --sat (1).
c [w = 53] Encoding starts with w = 53:
c [w = 53] Symmetry breaking highest degree node is applied.
c [w = 53] Encoding duration: 403 ms.
c [w = 53] Number of clauses: 638227.
c [w = 53] Number of variables: 105000.
c [w = 53] SAT Solving starts:
c [Signal] Signal interruption. Caught signal: SIGTERM (15).
c [w = 58] Start task in PID: 17941.
c [w = 58] Cyclic Antibandwidth problem with w = 58 (3dmesh_5_5_7.txt):
c [w = 58] Initializing CaDiCaL (version 2.1.3).
c [w = 58] Configuring CaDiCaL as --sat (1).
c [w = 58] Encoding starts with w = 58:
c [w = 58] Symmetry breaking highest degree node is applied.
c [w = 58] Encoding duration: 395 ms.
c [w = 58] Number of clauses: 620377.
c [w = 58] Number of variables: 98875.
c [w = 58] SAT Solving starts:
c [Signal] Signal interruption. Caught signal: SIGTERM (15).
c [w = 65] Start task in PID: 17929.
c [w = 65] Cyclic Antibandwidth problem with w = 65 (3dmesh_5_5_7.txt):
c [w = 65] Initializing CaDiCaL (version 2.1.3).
c [w = 65] Configuring CaDiCaL as --sat (1).
c [w = 65] Encoding starts with w = 65:
c [w = 65] Symmetry breaking highest degree node is applied.
c [w = 65] Encoding duration: 404 ms.
c [w = 65] Number of clauses: 633567.
c [w = 65] Number of variables: 102550.
c [w = 65] SAT Solving starts:
c [Signal] Signal interruption. Caught signal: SIGTERM (15).
c [w = 49] Start task in PID: 17939.
c [w = 49] Cyclic Antibandwidth problem with w = 49 (3dmesh_5_5_7.txt):
c [w = 49] Initializing CaDiCaL (version 2.1.3).
c [w = 49] Configuring CaDiCaL as --sat (1).
c [w = 49] Encoding starts with w = 49:
c [w = 49] Symmetry breaking highest degree node is applied.
c [w = 49] Encoding duration: 411 ms.
c [w = 49] Number of clauses: 629127.
c [w = 49] Number of variables: 102200.
c [w = 49] SAT Solving starts:
c [Signal] Signal interruption. Caught signal: SIGTERM (15).
c [Main] Max width SAT is set to 70.
c [Main] Kill lower pid 58.
c [Main] Kill lower pid 53.
c [Main] Kill lower pid 49.
c [Main] Kill lower pid 65.
c [Main] Kill lower pid 60.
c [Main] Kill lower pid 56.
c [Main] Kill lower pid 51.
c [w = 56] Start task in PID: 17925.
c [w = 56] Cyclic Antibandwidth problem with w = 56 (3dmesh_5_5_7.txt):
c [w = 56] Initializing CaDiCaL (version 2.1.3).
c [w = 56] Configuring CaDiCaL as --sat (1).
c [w = 56] Encoding starts with w = 56:
c [w = 56] Symmetry breaking highest degree node is applied.
c [w = 56] Encoding duration: 413 ms.
c [w = 56] Number of clauses: 645052.
c [w = 56] Number of variables: 107100.
c [w = 56] SAT Solving starts:
c [Signal] Signal interruption. Caught signal: SIGTERM (15).
c [w = 60] Start task in PID: 17937.
c [w = 60] Cyclic Antibandwidth problem with w = 60 (3dmesh_5_5_7.txt):
c [w = 60] Initializing CaDiCaL (version 2.1.3).
c [w = 60] Configuring CaDiCaL as --sat (1).
c [w = 60] Encoding starts with w = 60:
c [w = 60] Symmetry breaking highest degree node is applied.
c [w = 60] Encoding duration: 385 ms.
c [w = 60] Number of clauses: 624817.
c [w = 60] Number of variables: 99925.
c [w = 60] SAT Solving starts:
c [Signal] Signal interruption. Caught signal: SIGTERM (15).
c [w = 51] Start task in PID: 17936.
c [w = 51] Cyclic Antibandwidth problem with w = 51 (3dmesh_5_5_7.txt):
c [w = 51] Initializing CaDiCaL (version 2.1.3).
c [w = 51] Configuring CaDiCaL as --sat (1).
c [w = 51] Encoding starts with w = 51:
c [w = 51] Symmetry breaking highest degree node is applied.
c [w = 51] Encoding duration: 420 ms.
c [w = 51] Number of clauses: 633677.
c [w = 51] Number of variables: 103600.
c [w = 51] SAT Solving starts:
c [Signal] Signal interruption. Caught signal: SIGTERM (15).
c [Main] Child pid 49 - 17939 terminated by signal 15.
c [Main] Child pid 65 - 17929 terminated by signal 15.
c [Main] Child pid 60 - 17937 terminated by signal 15.
e [Pid] Unable to open /proc/17941/status
c [Main] Child pid 58 - 17941 terminated by signal 15.
c [Main] Child pid 53 - 17940 terminated by signal 15.
e [Pid] Unable to open /proc/17940/task/17940/children
c [Main] Child pid 51 - 17936 terminated by signal 15.
c [Main] Child pid 56 - 17925 terminated by signal 15.
c [w = 74] Start task in PID: 17945.
c [w = 74] Cyclic Antibandwidth problem with w = 74 (3dmesh_5_5_7.txt):
c [w = 74] Initializing CaDiCaL (version 2.1.3).
c [w = 74] Configuring CaDiCaL as --sat (1).
c [w = 74] Encoding starts with w = 74:
c [w = 74] Symmetry breaking highest degree node is applied.
c [w = 74] Encoding duration: 270 ms.
c [w = 74] Number of clauses: 649317.
c [w = 74] Number of variables: 107275.
c [w = 74] SAT Solving starts:
c [Signal] Signal interruption. Caught signal: SIGTERM (15).
c [w = 72] Start task in PID: 17942.
c [w = 72] Cyclic Antibandwidth problem with w = 72 (3dmesh_5_5_7.txt):
c [w = 72] Initializing CaDiCaL (version 2.1.3).
c [w = 72] Configuring CaDiCaL as --sat (1).
c [w = 72] Encoding starts with w = 72:
c [w = 72] Symmetry breaking highest degree node is applied.
c [w = 72] Encoding duration: 298 ms.
c [w = 72] Number of clauses: 645817.
c [w = 72] Number of variables: 106225.
c [w = 72] SAT Solving starts:
c [Signal] Signal interruption. Caught signal: SIGTERM (15).
c [w = 73] Start task in PID: 17944.
c [w = 73] Cyclic Antibandwidth problem with w = 73 (3dmesh_5_5_7.txt):
c [w = 73] Initializing CaDiCaL (version 2.1.3).
c [w = 73] Configuring CaDiCaL as --sat (1).
c [w = 73] Encoding starts with w = 73:
c [w = 73] Symmetry breaking highest degree node is applied.
c [w = 73] Encoding duration: 273 ms.
c [w = 73] Number of clauses: 647567.
c [w = 73] Number of variables: 106750.
c [w = 73] SAT Solving starts:
c [Signal] Signal interruption. Caught signal: SIGTERM (15).
c [w = 71] Start task in PID: 17943.
c [w = 71] Cyclic Antibandwidth problem with w = 71 (3dmesh_5_5_7.txt):
c [w = 71] Initializing CaDiCaL (version 2.1.3).
c [w = 71] Configuring CaDiCaL as --sat (1).
c [w = 71] Encoding starts with w = 71:
c [w = 71] Symmetry breaking highest degree node is applied.
c [w = 71] Encoding duration: 277 ms.
c [w = 71] Number of clauses: 644067.
c [w = 71] Number of variables: 105700.
c [w = 71] SAT Solving starts:
c [Signal] Signal interruption. Caught signal: SIGTERM (15).
c [Main] Lim pid ends with result: 254.
c [Main] All children have completed.
r [Main] 
r [Main] Final results: 
r [Main] Max width SAT:  	70.
r [Main] Min width UNSAT:	-.
r [Main] Total real time: 150831 ms.
r [Main] Total memory consumed: 1430.9 MB.
r [Main] 
