c [Version] Cyclic Bandwidth Encoder version 1.0.0.
c [Param] Real time limit is set to 150.
c [Param] Memory limit is set to 30000.
c [Param] Worker count is set to 8.
c [Main] Encoding and solving for graph: 3dmesh_5_5_100.txt.
c [Main] Search strategy: Binary search using BFS.
c [Main] No predefined lower bound is found for 3dmesh_5_5_100.txt.
c [Main] LB-w = 2 (default value).
c [Main] Upper bound is set to 1238.
c [Main] Search order: 620 310 929 155 465 774 1084 78 232 387 542 697 851 1006 1161 39 116 193 271 348 426 503 581 658 735 812 890 967 1045 1122 1200 20 58 97 135 174 212 251 290 329 367 406 445 484 522 561 600 639 677 716 754 793 831 870 909 948 986 1025 1064 1103 1141 1180 1219 10 29 48 68 87 106 125 145 164 183 202 222 241 261 280 300 319 338 357 377 396 416 435 455 474 493 512 532 551 571 590 610 629 648 667 687 706 725 744 764 783 802 821 841 860 880 899 919 938 957 976 996 1015 1035 1054 1074 1093 1112 1131 1151 1170 1190 1209 1229 5 15 24 34 43 53 63 73 82 92 101 111 120 130 140 150 159 169 178 188 197 207 217 227 236 246 256 266 275 285 295 305 314 324 333 343 352 362 372 382 391 401 411 421 430 440 450 460 469 479 488 498 507 517 527 537 546 556 566 576 585 595 605 615 624 634 643 653 662 672 682 692 701 711 720 730 739 749 759 769 778 788 797 807 816 826 836 846 855 865 875 885 894 904 914 924 933 943 952 962 971 981 991 1001 1010 1020 1030 1040 1049 1059 1069 1079 1088 1098 1107 1117 1126 1136 1146 1156 1165 1175 1185 1195 1204 1214 1224 1234 3 7 12 17 22 26 31 36 41 45 50 55 60 65 70 75 80 84 89 94 99 103 108 113 118 122 127 132 137 142 147 152 157 161 166 171 176 180 185 190 195 199 204 209 214 219 224 229 234 238 243 248 253 258 263 268 273 277 282 287 292 297 302 307 312 316 321 326 331 335 340 345 350 354 359 364 369 374 379 384 389 393 398 403 408 413 418 423 428 432 437 442 447 452 457 462 467 471 476 481 486 490 495 500 505 509 514 519 524 529 534 539 544 548 553 558 563 568 573 578 583 587 592 597 602 607 612 617 622 626 631 636 641 645 650 655 660 664 669 674 679 684 689 694 699 703 708 713 718 722 727 732 737 741 746 751 756 761 766 771 776 780 785 790 795 799 804 809 814 818 823 828 833 838 843 848 853 857 862 867 872 877 882 887 892 896 901 906 911 916 921 926 931 935 940 945 950 954 959 964 969 973 978 983 988 993 998 1003 1008 1012 1017 1022 1027 1032 1037 1042 1047 1051 1056 1061 1066 1071 1076 1081 1086 1090 1095 1100 1105 1109 1114 1119 1124 1128 1133 1138 1143 1148 1153 1158 1163 1167 1172 1177 1182 1187 1192 1197 1202 1206 1211 1216 1221 1226 1231 1236 2 4 6 8 11 13 16 18 21 23 25 27 30 32 35 37 40 42 44 46 49 51 54 56 59 61 64 66 69 71 74 76 79 81 83 85 88 90 93 95 98 100 102 104 107 109 112 114 117 119 121 123 126 128 131 133 136 138 141 143 146 148 151 153 156 158 160 162 165 167 170 172 175 177 179 181 184 186 189 191 194 196 198 200 203 205 208 210 213 215 218 220 223 225 228 230 233 235 237 239 242 244 247 249 252 254 257 259 262 264 267 269 272 274 276 278 281 283 286 288 291 293 296 298 301 303 306 308 311 313 315 317 320 322 325 327 330 332 334 336 339 341 344 346 349 351 353 355 358 360 363 365 368 370 373 375 378 380 383 385 388 390 392 394 397 399 402 404 407 409 412 414 417 419 422 424 427 429 431 433 436 438 441 443 446 448 451 453 456 458 461 463 466 468 470 472 475 477 480 482 485 487 489 491 494 496 499 501 504 506 508 510 513 515 518 520 523 525 528 530 533 535 538 540 543 545 547 549 552 554 557 559 562 564 567 569 572 574 577 579 582 584 586 588 591 593 596 598 601 603 606 608 611 613 616 618 621 623 625 627 630 632 635 637 640 642 644 646 649 651 654 656 659 661 663 665 668 670 673 675 678 680 683 685 688 690 693 695 698 700 702 704 707 709 712 714 717 719 721 723 726 728 731 733 736 738 740 742 745 747 750 752 755 757 760 762 765 767 770 772 775 777 779 781 784 786 789 791 794 796 798 800 803 805 808 810 813 815 817 819 822 824 827 829 832 834 837 839 842 844 847 849 852 854 856 858 861 863 866 868 871 873 876 878 881 883 886 888 891 893 895 897 900 902 905 907 910 912 915 917 920 922 925 927 930 932 934 936 939 941 944 946 949 951 953 955 958 960 963 965 968 970 972 974 977 979 982 984 987 989 992 994 997 999 1002 1004 1007 1009 1011 1013 1016 1018 1021 1023 1026 1028 1031 1033 1036 1038 1041 1043 1046 1048 1050 1052 1055 1057 1060 1062 1065 1067 1070 1072 1075 1077 1080 1082 1085 1087 1089 1091 1094 1096 1099 1101 1104 1106 1108 1110 1113 1115 1118 1120 1123 1125 1127 1129 1132 1134 1137 1139 1142 1144 1147 1149 1152 1154 1157 1159 1162 1164 1166 1168 1171 1173 1176 1178 1181 1183 1186 1188 1191 1193 1196 1198 1201 1203 1205 1207 1210 1212 1215 1217 1220 1222 1225 1227 1230 1232 1235 1237 9 14 19 28 33 38 47 52 57 62 67 72 77 86 91 96 105 110 115 124 129 134 139 144 149 154 163 168 173 182 187 192 201 206 211 216 221 226 231 240 245 250 255 260 265 270 279 284 289 294 299 304 309 318 323 328 337 342 347 356 361 366 371 376 381 386 395 400 405 410 415 420 425 434 439 444 449 454 459 464 473 478 483 492 497 502 511 516 521 526 531 536 541 550 555 560 565 570 575 580 589 594 599 604 609 614 619 628 633 638 647 652 657 666 671 676 681 686 691 696 705 710 715 724 729 734 743 748 753 758 763 768 773 782 787 792 801 806 811 820 825 830 835 840 845 850 859 864 869 874 879 884 889 898 903 908 913 918 923 928 937 942 947 956 961 966 975 980 985 990 995 1000 1005 1014 1019 1024 1029 1034 1039 1044 1053 1058 1063 1068 1073 1078 1083 1092 1097 1102 1111 1116 1121 1130 1135 1140 1145 1150 1155 1160 1169 1174 1179 1184 1189 1194 1199 1208 1213 1218 1223 1228 1233 1238.
c [w = 78] Start task in PID: 6267.
c [w = 78] Cyclic Antibandwidth problem with w = 78 (3dmesh_5_5_100.txt):
c [w = 78] Initializing CaDiCaL (version 2.1.3).
c [w = 78] Configuring CaDiCaL as --sat (1).
c [w = 78] Encoding starts with w = 78:
c [w = 78] Symmetry breaking highest degree node is applied.
c [Signal] Signal interruption. Caught signal: SIGTERM (15).
c [w = 1084] Start task in PID: 6266.
c [w = 1084] Cyclic Antibandwidth problem with w = 1084 (3dmesh_5_5_100.txt):
c [w = 1084] Initializing CaDiCaL (version 2.1.3).
c [w = 1084] Configuring CaDiCaL as --sat (1).
c [w = 1084] Encoding starts with w = 1084:
c [w = 1084] Symmetry breaking highest degree node is applied.
c [Signal] Signal interruption. Caught signal: SIGTERM (15).
c [w = 465] Start task in PID: 6264.
c [w = 465] Cyclic Antibandwidth problem with w = 465 (3dmesh_5_5_100.txt):
c [w = 465] Initializing CaDiCaL (version 2.1.3).
c [w = 465] Configuring CaDiCaL as --sat (1).
c [w = 465] Encoding starts with w = 465:
c [w = 465] Symmetry breaking highest degree node is applied.
c [Signal] Signal interruption. Caught signal: SIGTERM (15).
c [w = 155] Start task in PID: 6263.
c [w = 155] Cyclic Antibandwidth problem with w = 155 (3dmesh_5_5_100.txt):
c [w = 155] Initializing CaDiCaL (version 2.1.3).
c [w = 155] Configuring CaDiCaL as --sat (1).
c [w = 155] Encoding starts with w = 155:
c [w = 155] Symmetry breaking highest degree node is applied.
c [Signal] Signal interruption. Caught signal: SIGTERM (15).
c [w = 929] Start task in PID: 6262.
c [w = 929] Cyclic Antibandwidth problem with w = 929 (3dmesh_5_5_100.txt):
c [w = 929] Initializing CaDiCaL (version 2.1.3).
c [w = 929] Configuring CaDiCaL as --sat (1).
c [w = 929] Encoding starts with w = 929:
c [w = 929] Symmetry breaking highest degree node is applied.
c [Signal] Signal interruption. Caught signal: SIGTERM (15).
c [w = 310] Start task in PID: 6261.
c [w = 310] Cyclic Antibandwidth problem with w = 310 (3dmesh_5_5_100.txt):
c [w = 310] Initializing CaDiCaL (version 2.1.3).
c [w = 310] Configuring CaDiCaL as --sat (1).
c [w = 310] Encoding starts with w = 310:
c [w = 310] Symmetry breaking highest degree node is applied.
c [Signal] Signal interruption. Caught signal: SIGTERM (15).
c [w = 620] Start task in PID: 6260.
c [w = 620] Cyclic Antibandwidth problem with w = 620 (3dmesh_5_5_100.txt):
c [w = 620] Initializing CaDiCaL (version 2.1.3).
c [w = 620] Configuring CaDiCaL as --sat (1).
c [w = 620] Encoding starts with w = 620:
c [w = 620] Symmetry breaking highest degree node is applied.
c [Signal] Signal interruption. Caught signal: SIGTERM (15).
c [Main] Lim pid ends with result: 255.
c [Main] All children have completed.
r [Main] 
r [Main] Final results: 
r [Main] Max width SAT:  	-.
r [Main] Min width UNSAT:	-.
r [Main] Total real time: 15824 ms.
r [Main] Total memory consumed: 30093 MB.
r [Main] 
c [w = 774] Start task in PID: 6265.
c [w = 774] Cyclic Antibandwidth problem with w = 774 (3dmesh_5_5_100.txt):
c [w = 774] Initializing CaDiCaL (version 2.1.3).
c [w = 774] Configuring CaDiCaL as --sat (1).
c [w = 774] Encoding starts with w = 774:
c [w = 774] Symmetry breaking highest degree node is applied.
c [Signal] Signal interruption. Caught signal: SIGTERM (15).
