c [Version] Cyclic Bandwidth Encoder version 1.0.0.
c [Param] Real time limit is set to 150.
c [Param] Memory limit is set to 30000.
c [Param] Worker count is set to 8.
c [Main] Encoding and solving for graph: 3dmesh_6_6_8.txt.
c [Main] Search strategy: Binary search using BFS.
c [Main] No predefined lower bound is found for 3dmesh_6_6_8.txt.
c [Main] LB-w = 2 (default value).
c [Main] Upper bound is set to 126.
c [Main] Search order: 64 32 95 16 48 79 111 8 24 40 56 71 87 103 119 4 12 20 28 36 44 52 60 67 75 83 91 99 107 115 123 2 6 10 14 18 22 26 30 34 38 42 46 50 54 58 62 65 69 73 77 81 85 89 93 97 101 105 109 113 117 121 125 3 5 7 9 11 13 15 17 19 21 23 25 27 29 31 33 35 37 39 41 43 45 47 49 51 53 55 57 59 61 63 66 68 70 72 74 76 78 80 82 84 86 88 90 92 94 96 98 100 102 104 106 108 110 112 114 116 118 120 122 124 126.
c [w = 48] Start task in PID: 6354.
c [w = 48] Cyclic Antibandwidth problem with w = 48 (3dmesh_6_6_8.txt):
c [w = 48] Initializing CaDiCaL (version 2.1.3).
c [w = 48] Configuring CaDiCaL as --sat (1).
c [w = 48] Encoding starts with w = 48:
c [w = 48] Symmetry breaking highest degree node is applied.
c [w = 48] Encoding duration: 1935 ms.
c [w = 48] Number of clauses: 1689624.
c [w = 48] Number of variables: 262080.
c [w = 48] SAT Solving starts:
c [w = 48] Solving duration: 96 ms.
c [w = 48] Answer:
s [w = 48] SAT (w = 48).
c [w = 48] Solution check = 48.
c [w = 48] The solution is correct.
c [w = 48] Result: 10.
c [Main] Max width SAT is set to 48.
c [Main] Kill lower pid 8.
c [Main] Kill lower pid 16.
c [Main] Kill lower pid 32.
c [w = 32] Start task in PID: 6351.
c [w = 32] Cyclic Antibandwidth problem with w = 32 (3dmesh_6_6_8.txt):
c [w = 32] Initializing CaDiCaL (version 2.1.3).
c [w = 32] Configuring CaDiCaL as --sat (1).
c [w = 32] Encoding starts with w = 32:
c [w = 32] Symmetry breaking highest degree node is applied.
c [w = 32] Encoding duration: 1923 ms.
c [w = 32] Number of clauses: 1677564.
c [w = 32] Number of variables: 259488.
c [w = 32] SAT Solving starts:
c [Signal] Signal interruption. Caught signal: SIGTERM (15).
c [w = 16] Start task in PID: 6353.
c [w = 16] Cyclic Antibandwidth problem with w = 16 (3dmesh_6_6_8.txt):
c [w = 16] Initializing CaDiCaL (version 2.1.3).
c [w = 16] Configuring CaDiCaL as --sat (1).
c [w = 16] Encoding starts with w = 16:
c [w = 16] Symmetry breaking highest degree node is applied.
c [w = 16] Encoding duration: 1905 ms.
c [w = 16] Number of clauses: 1666152.
c [w = 16] Number of variables: 251712.
c [w = 16] SAT Solving starts:
c [Signal] Signal interruption. Caught signal: SIGTERM (15).
c [w = 8] Start task in PID: 6357.
c [w = 8] Cyclic Antibandwidth problem with w = 8 (3dmesh_6_6_8.txt):
c [w = 8] Initializing CaDiCaL (version 2.1.3).
c [w = 8] Configuring CaDiCaL as --sat (1).
c [w = 8] Encoding starts with w = 8:
c [w = 8] Symmetry breaking highest degree node is applied.
c [w = 8] Encoding duration: 1915 ms.
c [w = 8] Number of clauses: 1720224.
c [w = 8] Number of variables: 236160.
c [w = 8] SAT Solving starts:
c [w = 8] Solving duration: 88 ms.
c [w = 8] Answer:
s [w = 8] SAT (w = 8).
c [w = 8] Solution check = 8.
c [w = 8] The solution is correct.
c [Signal] Signal interruption. Caught signal: SIGTERM (15).
c [Main] Child pid 8 - 6357 terminated by signal 15.
c [Main] Child pid 32 - 6351 terminated by signal 15.
c [Main] Child pid 16 - 6353 terminated by signal 15.
c [w = 87] Start task in PID: 6387.
c [w = 87] Cyclic Antibandwidth problem with w = 87 (3dmesh_6_6_8.txt):
c [w = 87] Initializing CaDiCaL (version 2.1.3).
c [w = 87] Configuring CaDiCaL as --sat (1).
c [w = 87] Encoding starts with w = 87:
c [w = 87] Symmetry breaking highest degree node is applied.
c [w = 87] Encoding duration: 2033 ms.
c [w = 87] Number of clauses: 1759104.
c [w = 87] Number of variables: 281088.
c [w = 87] SAT Solving starts:
c [w = 87] Solving duration: 16388 ms.
c [w = 87] Answer:
s [w = 87] SAT (w = 87).
c [w = 87] Solution check = 87.
c [w = 87] The solution is correct.
c [w = 87] Result: 10.
c [w = 56] Start task in PID: 6385.
c [w = 56] Cyclic Antibandwidth problem with w = 56 (3dmesh_6_6_8.txt):
c [w = 56] Initializing CaDiCaL (version 2.1.3).
c [w = 56] Configuring CaDiCaL as --sat (1).
c [w = 56] Encoding starts with w = 56:
c [w = 56] Symmetry breaking highest degree node is applied.
c [w = 56] Encoding duration: 1846 ms.
c [w = 56] Number of clauses: 1733400.
c [w = 56] Number of variables: 275904.
c [w = 56] SAT Solving starts:
c [Signal] Signal interruption. Caught signal: SIGTERM (15).
c [w = 71] Start task in PID: 6386.
c [w = 71] Cyclic Antibandwidth problem with w = 71 (3dmesh_6_6_8.txt):
c [w = 71] Initializing CaDiCaL (version 2.1.3).
c [w = 71] Configuring CaDiCaL as --sat (1).
c [w = 71] Encoding starts with w = 71:
c [w = 71] Symmetry breaking highest degree node is applied.
c [w = 71] Encoding duration: 1877 ms.
c [w = 71] Number of clauses: 1757196.
c [w = 71] Number of variables: 282240.
c [w = 71] SAT Solving starts:
c [Signal] Signal interruption. Caught signal: SIGTERM (15).
c [Main] Max width SAT is set to 87.
c [Main] Kill lower pid 79.
c [Main] Kill lower pid 56.
c [Main] Kill lower pid 71.
c [Main] Kill lower pid 64.
c [w = 64] Start task in PID: 6350.
c [w = 64] Cyclic Antibandwidth problem with w = 64 (3dmesh_6_6_8.txt):
c [w = 64] Initializing CaDiCaL (version 2.1.3).
c [w = 64] Configuring CaDiCaL as --sat (1).
c [w = 64] Encoding starts with w = 64:
c [w = 64] Symmetry breaking highest degree node is applied.
c [w = 64] Encoding duration: 1978 ms.
c [w = 64] Number of clauses: 1724940.
c [w = 64] Number of variables: 272160.
c [w = 64] SAT Solving starts:
c [Signal] Signal interruption. Caught signal: SIGTERM (15).
c [w = 79] Start task in PID: 6355.
c [w = 79] Cyclic Antibandwidth problem with w = 79 (3dmesh_6_6_8.txt):
c [w = 79] Initializing CaDiCaL (version 2.1.3).
c [w = 79] Configuring CaDiCaL as --sat (1).
c [w = 79] Encoding starts with w = 79:
c [w = 79] Symmetry breaking highest degree node is applied.
c [w = 79] Encoding duration: 1969 ms.
c [w = 79] Number of clauses: 1729152.
c [w = 79] Number of variables: 271872.
c [w = 79] SAT Solving starts:
c [Signal] Signal interruption. Caught signal: SIGTERM (15).
c [Main] Child pid 64 - 6350 terminated by signal 15.
c [Main] Child pid 71 - 6386 terminated by signal 15.
c [Main] Child pid 79 - 6355 terminated by signal 15.
c [Main] Child pid 56 - 6385 terminated by signal 15.
c [w = 119] Start task in PID: 6433.
c [w = 119] Cyclic Antibandwidth problem with w = 119 (3dmesh_6_6_8.txt):
c [w = 119] Initializing CaDiCaL (version 2.1.3).
c [w = 119] Configuring CaDiCaL as --sat (1).
c [w = 119] Encoding starts with w = 119:
c [w = 119] Symmetry breaking highest degree node is applied.
c [w = 119] Encoding duration: 1885 ms.
c [w = 119] Number of clauses: 1779732.
c [w = 119] Number of variables: 284544.
c [w = 119] SAT Solving starts:
c [w = 119] Solving duration: 329 ms.
c [w = 119] Answer:
s [w = 119] SAT (w = 119).
c [w = 119] Solution check = 119.
c [w = 119] The solution is correct.
c [w = 119] Result: 10.
c [w = 115] Start task in PID: 6437.
c [w = 115] Cyclic Antibandwidth problem with w = 115 (3dmesh_6_6_8.txt):
c [w = 115] Initializing CaDiCaL (version 2.1.3).
c [w = 115] Configuring CaDiCaL as --sat (1).
c [w = 115] Encoding starts with w = 115:
c [w = 115] Symmetry breaking highest degree node is applied.
c [w = 115] Encoding duration: 1917 ms.
c [w = 115] Number of clauses: 1768212.
c [w = 115] Number of variables: 281088.
c [w = 115] SAT Solving starts:
c [Signal] Signal interruption. Caught signal: SIGTERM (15).
c [w = 99] Start task in PID: 6435.
c [w = 99] Cyclic Antibandwidth problem with w = 99 (3dmesh_6_6_8.txt):
c [w = 99] Initializing CaDiCaL (version 2.1.3).
c [w = 99] Configuring CaDiCaL as --sat (1).
c [w = 99] Encoding starts with w = 99:
c [w = 99] Symmetry breaking highest degree node is applied.
c [w = 99] Encoding duration: 1759 ms.
c [w = 99] Number of clauses: 1722132.
c [w = 99] Number of variables: 267264.
c [w = 99] SAT Solving starts:
c [Signal] Signal interruption. Caught signal: SIGTERM (15).
c [w = 107] Start task in PID: 6436.
c [w = 107] Cyclic Antibandwidth problem with w = 107 (3dmesh_6_6_8.txt):
c [w = 107] Initializing CaDiCaL (version 2.1.3).
c [w = 107] Configuring CaDiCaL as --sat (1).
c [w = 107] Encoding starts with w = 107:
c [w = 107] Symmetry breaking highest degree node is applied.
c [w = 107] Encoding duration: 2000 ms.
c [w = 107] Number of clauses: 1745172.
c [w = 107] Number of variables: 274176.
c [w = 107] SAT Solving starts:
c [Signal] Signal interruption. Caught signal: SIGTERM (15).
c [w = 91] Start task in PID: 6434.
c [w = 91] Cyclic Antibandwidth problem with w = 91 (3dmesh_6_6_8.txt):
c [w = 91] Initializing CaDiCaL (version 2.1.3).
c [w = 91] Configuring CaDiCaL as --sat (1).
c [w = 91] Encoding starts with w = 91:
c [w = 91] Symmetry breaking highest degree node is applied.
c [w = 91] Encoding duration: 2039 ms.
c [w = 91] Number of clauses: 1774080.
c [w = 91] Number of variables: 285696.
c [w = 91] SAT Solving starts:
c [Signal] Signal interruption. Caught signal: SIGTERM (15).
c [w = 111] Start task in PID: 6356.
c [w = 111] Cyclic Antibandwidth problem with w = 111 (3dmesh_6_6_8.txt):
c [w = 111] Initializing CaDiCaL (version 2.1.3).
c [w = 111] Configuring CaDiCaL as --sat (1).
c [w = 111] Encoding starts with w = 111:
c [w = 111] Symmetry breaking highest degree node is applied.
c [w = 111] Encoding duration: 2017 ms.
c [w = 111] Number of clauses: 1756692.
c [w = 111] Number of variables: 277632.
c [w = 111] SAT Solving starts:
c [Signal] Signal interruption. Caught signal: SIGTERM (15).
c [w = 95] Start task in PID: 6352.
c [w = 95] Cyclic Antibandwidth problem with w = 95 (3dmesh_6_6_8.txt):
c [w = 95] Initializing CaDiCaL (version 2.1.3).
c [w = 95] Configuring CaDiCaL as --sat (1).
c [w = 95] Encoding starts with w = 95:
c [w = 95] Symmetry breaking highest degree node is applied.
c [w = 95] Encoding duration: 2047 ms.
c [w = 95] Number of clauses: 1789056.
c [w = 95] Number of variables: 290304.
c [w = 95] SAT Solving starts:
c [Signal] Signal interruption. Caught signal: SIGTERM (15).
c [w = 103] Start task in PID: 6388.
c [w = 103] Cyclic Antibandwidth problem with w = 103 (3dmesh_6_6_8.txt):
c [w = 103] Initializing CaDiCaL (version 2.1.3).
c [w = 103] Configuring CaDiCaL as --sat (1).
c [w = 103] Encoding starts with w = 103:
c [w = 103] Symmetry breaking highest degree node is applied.
c [w = 103] Encoding duration: 1977 ms.
c [w = 103] Number of clauses: 1733652.
c [w = 103] Number of variables: 270720.
c [w = 103] SAT Solving starts:
c [Signal] Signal interruption. Caught signal: SIGTERM (15).
c [Main] Max width SAT is set to 119.
c [Main] Kill lower pid 115.
c [Main] Kill lower pid 107.
c [Main] Kill lower pid 99.
c [Main] Kill lower pid 91.
c [Main] Kill lower pid 111.
c [Main] Kill lower pid 95.
c [Main] Kill lower pid 103.
c [Main] Child pid 107 - 6436 terminated by signal 15.
c [Main] Child pid 91 - 6434 terminated by signal 15.
c [Main] Child pid 115 - 6437 terminated by signal 15.
c [Main] Child pid 99 - 6435 terminated by signal 15.
c [Main] Child pid 111 - 6356 terminated by signal 15.
c [Main] Child pid 103 - 6388 terminated by signal 15.
c [Main] Child pid 95 - 6352 terminated by signal 15.
c [w = 124] Start task in PID: 6480.
c [w = 124] Cyclic Antibandwidth problem with w = 124 (3dmesh_6_6_8.txt):
c [w = 124] Initializing CaDiCaL (version 2.1.3).
c [w = 124] Configuring CaDiCaL as --sat (1).
c [w = 124] Encoding starts with w = 124:
c [w = 124] Symmetry breaking highest degree node is applied.
c [w = 124] Encoding duration: 1237 ms.
c [w = 124] Number of clauses: 1794132.
c [w = 124] Number of variables: 288864.
c [w = 124] SAT Solving starts:
c [w = 124] Solving duration: 236 ms.
c [w = 124] Answer:
s [w = 124] SAT (w = 124).
c [w = 124] Solution check = 124.
c [w = 124] The solution is correct.
c [w = 124] Result: 10.
c [Main] Max width SAT is set to 124.
c [Main] Kill lower pid 122.
c [Main] Kill lower pid 120.
c [Main] Kill lower pid 123.
c [Main] Kill lower pid 121.
c [w = 122] Start task in PID: 6479.
c [w = 122] Cyclic Antibandwidth problem with w = 122 (3dmesh_6_6_8.txt):
c [w = 122] Initializing CaDiCaL (version 2.1.3).
c [w = 122] Configuring CaDiCaL as --sat (1).
c [w = 122] Encoding starts with w = 122:
c [w = 122] Symmetry breaking highest degree node is applied.
c [Signal] Signal interruption. Caught signal: SIGTERM (15).
c [w = 120] Start task in PID: 6478.
c [w = 120] Cyclic Antibandwidth problem with w = 120 (3dmesh_6_6_8.txt):
c [w = 120] Initializing CaDiCaL (version 2.1.3).
c [w = 120] Configuring CaDiCaL as --sat (1).
c [w = 120] Encoding starts with w = 120:
c [w = 120] Symmetry breaking highest degree node is applied.
c [Signal] Signal interruption. Caught signal: SIGTERM (15).
c [w = 123] Start task in PID: 6475.
c [w = 123] Cyclic Antibandwidth problem with w = 123 (3dmesh_6_6_8.txt):
c [w = 123] Initializing CaDiCaL (version 2.1.3).
c [w = 123] Configuring CaDiCaL as --sat (1).
c [w = 123] Encoding starts with w = 123:
c [w = 123] Symmetry breaking highest degree node is applied.
c [Signal] Signal interruption. Caught signal: SIGTERM (15).
c [w = 121] Start task in PID: 6476.
c [w = 121] Cyclic Antibandwidth problem with w = 121 (3dmesh_6_6_8.txt):
c [w = 121] Initializing CaDiCaL (version 2.1.3).
c [w = 121] Configuring CaDiCaL as --sat (1).
c [w = 121] Encoding starts with w = 121:
c [w = 121] Symmetry breaking highest degree node is applied.
c [Signal] Signal interruption. Caught signal: SIGTERM (15).
c [Main] Child pid 122 - 6479 terminated by signal 15.
c [Main] Child pid 121 - 6476 terminated by signal 15.
c [Main] Child pid 120 - 6478 terminated by signal 15.
c [Main] Child pid 123 - 6475 terminated by signal 15.
c [w = 125] Start task in PID: 6477.
c [w = 125] Cyclic Antibandwidth problem with w = 125 (3dmesh_6_6_8.txt):
c [w = 125] Initializing CaDiCaL (version 2.1.3).
c [w = 125] Configuring CaDiCaL as --sat (1).
c [w = 125] Encoding starts with w = 125:
c [w = 125] Symmetry breaking highest degree node is applied.
c [w = 125] Encoding duration: 1991 ms.
c [w = 125] Number of clauses: 1797012.
c [w = 125] Number of variables: 289728.
c [w = 125] SAT Solving starts:
c [w = 125] Solving duration: 229 ms.
c [w = 125] Answer:
s [w = 125] SAT (w = 125).
c [w = 125] Solution check = 125.
c [w = 125] The solution is correct.
c [w = 125] Result: 10.
c [w = 126] Start task in PID: 6481.
c [w = 126] Cyclic Antibandwidth problem with w = 126 (3dmesh_6_6_8.txt):
c [w = 126] Initializing CaDiCaL (version 2.1.3).
c [w = 126] Configuring CaDiCaL as --sat (1).
c [w = 126] Encoding starts with w = 126:
c [w = 126] Symmetry breaking highest degree node is applied.
c [w = 126] Encoding duration: 1988 ms.
c [w = 126] Number of clauses: 1799892.
c [w = 126] Number of variables: 290592.
c [w = 126] SAT Solving starts:
c [w = 126] Solving duration: 247 ms.
c [w = 126] Answer:
s [w = 126] SAT (w = 126).
c [w = 126] Solution check = 126.
c [w = 126] The solution is correct.
c [w = 126] Result: 10.
c [Main] Max width SAT is set to 125.
c [Main] Max width SAT is set to 126.
c [Main] All children have completed.
r [Main] 
r [Main] Final results: 
r [Main] Max width SAT:  	126.
r [Main] Min width UNSAT:	-.
r [Main] Total real time: 26742 ms.
r [Main] Total memory consumed: 3781.7 MB.
r [Main] 
c [Signal] Signal interruption. Caught signal: SIGTERM (15).
