c [Version] Cyclic Bandwidth Encoder version 1.0.0.
c [Param] Real time limit is set to 150.
c [Param] Memory limit is set to 30000.
c [Param] Worker count is set to 8.
c [Main] Encoding and solving for graph: 3dmesh_6_6_72.txt.
c [Main] Search strategy: Binary search using BFS.
c [Main] No predefined lower bound is found for 3dmesh_6_6_72.txt.
c [Main] LB-w = 2 (default value).
c [Main] Upper bound is set to 1278.
c [Main] Search order: 640 320 959 160 480 799 1119 80 240 400 560 719 879 1039 1199 40 120 200 280 360 440 520 600 679 759 839 919 999 1079 1159 1239 20 60 100 140 180 220 260 300 340 380 420 460 500 540 580 620 659 699 739 779 819 859 899 939 979 1019 1059 1099 1139 1179 1219 1259 10 30 50 70 90 110 130 150 170 190 210 230 250 270 290 310 330 350 370 390 410 430 450 470 490 510 530 550 570 590 610 630 649 669 689 709 729 749 769 789 809 829 849 869 889 909 929 949 969 989 1009 1029 1049 1069 1089 1109 1129 1149 1169 1189 1209 1229 1249 1269 5 15 25 35 45 55 65 75 85 95 105 115 125 135 145 155 165 175 185 195 205 215 225 235 245 255 265 275 285 295 305 315 325 335 345 355 365 375 385 395 405 415 425 435 445 455 465 475 485 495 505 515 525 535 545 555 565 575 585 595 605 615 625 635 644 654 664 674 684 694 704 714 724 734 744 754 764 774 784 794 804 814 824 834 844 854 864 874 884 894 904 914 924 934 944 954 964 974 984 994 1004 1014 1024 1034 1044 1054 1064 1074 1084 1094 1104 1114 1124 1134 1144 1154 1164 1174 1184 1194 1204 1214 1224 1234 1244 1254 1264 1274 3 7 12 17 22 27 32 37 42 47 52 57 62 67 72 77 82 87 92 97 102 107 112 117 122 127 132 137 142 147 152 157 162 167 172 177 182 187 192 197 202 207 212 217 222 227 232 237 242 247 252 257 262 267 272 277 282 287 292 297 302 307 312 317 322 327 332 337 342 347 352 357 362 367 372 377 382 387 392 397 402 407 412 417 422 427 432 437 442 447 452 457 462 467 472 477 482 487 492 497 502 507 512 517 522 527 532 537 542 547 552 557 562 567 572 577 582 587 592 597 602 607 612 617 622 627 632 637 642 646 651 656 661 666 671 676 681 686 691 696 701 706 711 716 721 726 731 736 741 746 751 756 761 766 771 776 781 786 791 796 801 806 811 816 821 826 831 836 841 846 851 856 861 866 871 876 881 886 891 896 901 906 911 916 921 926 931 936 941 946 951 956 961 966 971 976 981 986 991 996 1001 1006 1011 1016 1021 1026 1031 1036 1041 1046 1051 1056 1061 1066 1071 1076 1081 1086 1091 1096 1101 1106 1111 1116 1121 1126 1131 1136 1141 1146 1151 1156 1161 1166 1171 1176 1181 1186 1191 1196 1201 1206 1211 1216 1221 1226 1231 1236 1241 1246 1251 1256 1261 1266 1271 1276 2 4 6 8 11 13 16 18 21 23 26 28 31 33 36 38 41 43 46 48 51 53 56 58 61 63 66 68 71 73 76 78 81 83 86 88 91 93 96 98 101 103 106 108 111 113 116 118 121 123 126 128 131 133 136 138 141 143 146 148 151 153 156 158 161 163 166 168 171 173 176 178 181 183 186 188 191 193 196 198 201 203 206 208 211 213 216 218 221 223 226 228 231 233 236 238 241 243 246 248 251 253 256 258 261 263 266 268 271 273 276 278 281 283 286 288 291 293 296 298 301 303 306 308 311 313 316 318 321 323 326 328 331 333 336 338 341 343 346 348 351 353 356 358 361 363 366 368 371 373 376 378 381 383 386 388 391 393 396 398 401 403 406 408 411 413 416 418 421 423 426 428 431 433 436 438 441 443 446 448 451 453 456 458 461 463 466 468 471 473 476 478 481 483 486 488 491 493 496 498 501 503 506 508 511 513 516 518 521 523 526 528 531 533 536 538 541 543 546 548 551 553 556 558 561 563 566 568 571 573 576 578 581 583 586 588 591 593 596 598 601 603 606 608 611 613 616 618 621 623 626 628 631 633 636 638 641 643 645 647 650 652 655 657 660 662 665 667 670 672 675 677 680 682 685 687 690 692 695 697 700 702 705 707 710 712 715 717 720 722 725 727 730 732 735 737 740 742 745 747 750 752 755 757 760 762 765 767 770 772 775 777 780 782 785 787 790 792 795 797 800 802 805 807 810 812 815 817 820 822 825 827 830 832 835 837 840 842 845 847 850 852 855 857 860 862 865 867 870 872 875 877 880 882 885 887 890 892 895 897 900 902 905 907 910 912 915 917 920 922 925 927 930 932 935 937 940 942 945 947 950 952 955 957 960 962 965 967 970 972 975 977 980 982 985 987 990 992 995 997 1000 1002 1005 1007 1010 1012 1015 1017 1020 1022 1025 1027 1030 1032 1035 1037 1040 1042 1045 1047 1050 1052 1055 1057 1060 1062 1065 1067 1070 1072 1075 1077 1080 1082 1085 1087 1090 1092 1095 1097 1100 1102 1105 1107 1110 1112 1115 1117 1120 1122 1125 1127 1130 1132 1135 1137 1140 1142 1145 1147 1150 1152 1155 1157 1160 1162 1165 1167 1170 1172 1175 1177 1180 1182 1185 1187 1190 1192 1195 1197 1200 1202 1205 1207 1210 1212 1215 1217 1220 1222 1225 1227 1230 1232 1235 1237 1240 1242 1245 1247 1250 1252 1255 1257 1260 1262 1265 1267 1270 1272 1275 1277 9 14 19 24 29 34 39 44 49 54 59 64 69 74 79 84 89 94 99 104 109 114 119 124 129 134 139 144 149 154 159 164 169 174 179 184 189 194 199 204 209 214 219 224 229 234 239 244 249 254 259 264 269 274 279 284 289 294 299 304 309 314 319 324 329 334 339 344 349 354 359 364 369 374 379 384 389 394 399 404 409 414 419 424 429 434 439 444 449 454 459 464 469 474 479 484 489 494 499 504 509 514 519 524 529 534 539 544 549 554 559 564 569 574 579 584 589 594 599 604 609 614 619 624 629 634 639 648 653 658 663 668 673 678 683 688 693 698 703 708 713 718 723 728 733 738 743 748 753 758 763 768 773 778 783 788 793 798 803 808 813 818 823 828 833 838 843 848 853 858 863 868 873 878 883 888 893 898 903 908 913 918 923 928 933 938 943 948 953 958 963 968 973 978 983 988 993 998 1003 1008 1013 1018 1023 1028 1033 1038 1043 1048 1053 1058 1063 1068 1073 1078 1083 1088 1093 1098 1103 1108 1113 1118 1123 1128 1133 1138 1143 1148 1153 1158 1163 1168 1173 1178 1183 1188 1193 1198 1203 1208 1213 1218 1223 1228 1233 1238 1243 1248 1253 1258 1263 1268 1273 1278.
c [w = 1119] Start task in PID: 6595.
c [w = 1119] Cyclic Antibandwidth problem with w = 1119 (3dmesh_6_6_72.txt):
c [w = 1119] Initializing CaDiCaL (version 2.1.3).
c [w = 1119] Configuring CaDiCaL as --sat (1).
c [w = 1119] Encoding starts with w = 1119:
c [w = 1119] Symmetry breaking highest degree node is applied.
c [Signal] Signal interruption. Caught signal: SIGTERM (15).
c [Main] Lim pid ends with result: 255.
c [Main] All children have completed.
r [Main] 
r [Main] Final results: 
r [Main] Max width SAT:  	-.
r [Main] Min width UNSAT:	-.
r [Main] Total real time: 15022 ms.
r [Main] Total memory consumed: 30104.6 MB.
r [Main] 
c [w = 959] Start task in PID: 6591.
c [w = 959] Cyclic Antibandwidth problem with w = 959 (3dmesh_6_6_72.txt):
c [w = 959] Initializing CaDiCaL (version 2.1.3).
c [w = 959] Configuring CaDiCaL as --sat (1).
c [w = 959] Encoding starts with w = 959:
c [w = 959] Symmetry breaking highest degree node is applied.
c [Signal] Signal interruption. Caught signal: SIGTERM (15).
c [w = 80] Start task in PID: 6596.
c [w = 80] Cyclic Antibandwidth problem with w = 80 (3dmesh_6_6_72.txt):
c [w = 80] Initializing CaDiCaL (version 2.1.3).
c [w = 80] Configuring CaDiCaL as --sat (1).
c [w = 80] Encoding starts with w = 80:
c [w = 80] Symmetry breaking highest degree node is applied.
c [Signal] Signal interruption. Caught signal: SIGTERM (15).
c [w = 320] Start task in PID: 6590.
c [w = 320] Cyclic Antibandwidth problem with w = 320 (3dmesh_6_6_72.txt):
c [w = 320] Initializing CaDiCaL (version 2.1.3).
c [w = 320] Configuring CaDiCaL as --sat (1).
c [w = 320] Encoding starts with w = 320:
c [w = 320] Symmetry breaking highest degree node is applied.
c [Signal] Signal interruption. Caught signal: SIGTERM (15).
c [w = 160] Start task in PID: 6592.
c [w = 160] Cyclic Antibandwidth problem with w = 160 (3dmesh_6_6_72.txt):
c [w = 160] Initializing CaDiCaL (version 2.1.3).
c [w = 160] Configuring CaDiCaL as --sat (1).
c [w = 160] Encoding starts with w = 160:
c [w = 160] Symmetry breaking highest degree node is applied.
c [Signal] Signal interruption. Caught signal: SIGTERM (15).
c [w = 640] Start task in PID: 6589.
c [w = 640] Cyclic Antibandwidth problem with w = 640 (3dmesh_6_6_72.txt):
c [w = 640] Initializing CaDiCaL (version 2.1.3).
c [w = 640] Configuring CaDiCaL as --sat (1).
c [w = 640] Encoding starts with w = 640:
c [w = 640] Symmetry breaking highest degree node is applied.
c [Signal] Signal interruption. Caught signal: SIGTERM (15).
c [w = 480] Start task in PID: 6593.
c [w = 480] Cyclic Antibandwidth problem with w = 480 (3dmesh_6_6_72.txt):
c [w = 480] Initializing CaDiCaL (version 2.1.3).
c [w = 480] Configuring CaDiCaL as --sat (1).
c [w = 480] Encoding starts with w = 480:
c [w = 480] Symmetry breaking highest degree node is applied.
c [Signal] Signal interruption. Caught signal: SIGTERM (15).
c [w = 799] Start task in PID: 6594.
c [w = 799] Cyclic Antibandwidth problem with w = 799 (3dmesh_6_6_72.txt):
c [w = 799] Initializing CaDiCaL (version 2.1.3).
c [w = 799] Configuring CaDiCaL as --sat (1).
c [w = 799] Encoding starts with w = 799:
c [w = 799] Symmetry breaking highest degree node is applied.
c [Signal] Signal interruption. Caught signal: SIGTERM (15).
