c [Version] Cyclic Bandwidth Encoder version 1.0.0.
c [Param] Real time limit is set to 1800.
c [Param] Memory limit is set to 30000.
c [Param] Worker count is set to 8.
c [Main] Encoding and solving for graph: O-impcol_d.mtx.rnd
c [Main] Search strategy: Binary search.
c [Main] Lower bound is set to 46.
c [Main] Upper bound is set to 173.
c [Main] Binary search order: 109 77 61 53 49 47 46 48 51 50 52 57 55 54 56 59 58 60 69 65 63 62 64 67 66 68 73 71 70 72 75 74 76 93 85 81 79 78 80 83 82 84 89 87 86 88 91 90 92 101 97 95 94 96 99 98 100 105 103 102 104 107 106 108 141 125 117 113 111 110 112 115 114 116 121 119 118 120 123 122 124 133 129 127 126 128 131 130 132 137 135 134 136 139 138 140 157 149 145 143 142 144 147 146 148 153 151 150 152 155 154 156 165 161 159 158 160 163 162 164 169 167 166 168 171 170 172 173 
c [w = 53] Start task in PID: 180589.
c [w = 53] Antibandwidth problem with w = 53 (O-impcol_d.mtx.rnd):
c [w = 53] Initializing CaDiCaL (version 2.1.3).
c [w = 53] Configuring CaDiCaL as --sat (1).
c [w = 53] Encoding starts with w = 53:
c [w = 53] Symmetry breaking highest degree node is applied.
c [w = 53] Encoding duration: 2615 ms
c [w = 53] Number of clauses: 3983103
c [w = 53] Number of variables: 565250
c [w = 48] Start task in PID: 180593.
c [w = 48] Antibandwidth problem with w = 48 (O-impcol_d.mtx.rnd):
c [w = 48] Initializing CaDiCaL (version 2.1.3).
c [w = 48] Configuring CaDiCaL as --sat (1).
c [w = 48] Encoding starts with w = 48:
c [w = 48] Symmetry breaking highest degree node is applied.
c [w = 48] Encoding duration: 2651 ms
c [w = 48] Number of clauses: 3988203
c [w = 48] Number of variables: 567375
c [w = 61] Start task in PID: 180588.
c [w = 61] Antibandwidth problem with w = 61 (O-impcol_d.mtx.rnd):
c [w = 61] Initializing CaDiCaL (version 2.1.3).
c [w = 61] Configuring CaDiCaL as --sat (1).
c [w = 61] Encoding starts with w = 61:
c [w = 61] Symmetry breaking highest degree node is applied.
c [w = 61] Encoding duration: 2657 ms
c [w = 61] Number of clauses: 3995380
c [w = 61] Number of variables: 567800
c [w = 109] Start task in PID: 180586.
c [w = 109] Antibandwidth problem with w = 109 (O-impcol_d.mtx.rnd):
c [w = 109] Initializing CaDiCaL (version 2.1.3).
c [w = 109] Configuring CaDiCaL as --sat (1).
c [w = 109] Encoding starts with w = 109:
c [w = 109] Symmetry breaking highest degree node is applied.
c [w = 109] Encoding duration: 2659 ms
c [w = 109] Number of clauses: 4042483
c [w = 109] Number of variables: 575450
c [w = 46] Start task in PID: 180592.
c [w = 46] Antibandwidth problem with w = 46 (O-impcol_d.mtx.rnd):
c [w = 46] Initializing CaDiCaL (version 2.1.3).
c [w = 46] Configuring CaDiCaL as --sat (1).
c [w = 46] Encoding starts with w = 46:
c [w = 46] Symmetry breaking highest degree node is applied.
c [w = 46] Encoding duration: 2660 ms
c [w = 46] Number of clauses: 4019677
c [w = 46] Number of variables: 578000
c [w = 49] Start task in PID: 180590.
c [w = 49] Antibandwidth problem with w = 49 (O-impcol_d.mtx.rnd):
c [w = 49] Initializing CaDiCaL (version 2.1.3).
c [w = 49] Configuring CaDiCaL as --sat (1).
c [w = 49] Encoding starts with w = 49:
c [w = 49] Symmetry breaking highest degree node is applied.
c [w = 49] Encoding duration: 2676 ms
c [w = 49] Number of clauses: 4000103
c [w = 49] Number of variables: 571200
c [w = 77] Start task in PID: 180587.
c [w = 77] Antibandwidth problem with w = 77 (O-impcol_d.mtx.rnd):
c [w = 77] Initializing CaDiCaL (version 2.1.3).
c [w = 77] Configuring CaDiCaL as --sat (1).
c [w = 77] Encoding starts with w = 77:
c [w = 77] Symmetry breaking highest degree node is applied.
c [w = 77] Encoding duration: 2699 ms
c [w = 77] Number of clauses: 4051456
c [w = 77] Number of variables: 583950
c [w = 47] Start task in PID: 180591.
c [w = 47] Antibandwidth problem with w = 47 (O-impcol_d.mtx.rnd):
c [w = 47] Initializing CaDiCaL (version 2.1.3).
c [w = 47] Configuring CaDiCaL as --sat (1).
c [w = 47] Encoding starts with w = 47:
c [w = 47] Symmetry breaking highest degree node is applied.
c [w = 47] Encoding duration: 2701 ms
c [w = 47] Number of clauses: 4032852
c [w = 47] Number of variables: 582250
c [w = 109] SAT Solving starts:
c [w = 109] Solving duration: 339 ms
c [w = 109] Answer: 
s [w = 109] UNSAT (w = 109)
c [w = 109] Result: 20
c [Main] Min width UNSAT is set to 109
c [w = 53] SAT Solving starts:
c [w = 53] Solving duration: 919 ms
c [w = 53] Answer: 
s [w = 53] SAT (w = 53)
c [w = 53] Solution check = 53.
c [w = 53] The solution is correct.
c [w = 53] Result: 10
c [Main] Max width SAT is set to 53
c [Main] Kill lower pid 46.
c [Main] Kill lower pid 47.
c [Main] Kill lower pid 49.
c [Main] Kill lower pid 48.
c [Main] Kill lower pid 51.
c [w = 47] SAT Solving starts:
c [w = 47] Solving duration: 1025 ms
c [w = 47] Answer: 
s [w = 47] SAT (w = 47)
c [w = 47] Solution check = 47.
c [w = 47] The solution is correct.
c [Signal] Signal interruption. Caught signal: SIGTERM (15)
c [w = 46] SAT Solving starts:
c [w = 46] Solving duration: 1037 ms
c [w = 46] Answer: 
s [w = 46] SAT (w = 46)
c [w = 46] Solution check = 46.
c [w = 46] The solution is correct.
c [Signal] Signal interruption. Caught signal: SIGTERM (15)
c [w = 49] SAT Solving starts:
c [w = 49] Solving duration: 928 ms
c [w = 49] Answer: 
s [w = 49] SAT (w = 49)
c [w = 49] Solution check = 49.
c [w = 49] The solution is correct.
c [Signal] Signal interruption. Caught signal: SIGTERM (15)
c [w = 51] Start task in PID: 180640.
c [w = 51] Antibandwidth problem with w = 51 (O-impcol_d.mtx.rnd):
c [w = 51] Initializing CaDiCaL (version 2.1.3).
c [w = 51] Configuring CaDiCaL as --sat (1).
c [w = 51] Encoding starts with w = 51:
c [w = 51] Symmetry breaking highest degree node is applied.
c [Signal] Signal interruption. Caught signal: SIGTERM (15)
c [w = 48] SAT Solving starts:
c [w = 48] Solving duration: 884 ms
c [w = 48] Answer: 
s [w = 48] SAT (w = 48)
c [w = 48] Solution check = 48.
c [w = 48] The solution is correct.
c [Signal] Signal interruption. Caught signal: SIGTERM (15)
c [Main] Child pid 51 - 180640 terminated by signal 15
c [Main] Child pid 48 - 180593 terminated by signal 15
c [Main] Child pid 49 - 180590 terminated by signal 15
c [Main] Child pid 47 - 180591 terminated by signal 15
c [Main] Child pid 46 - 180592 terminated by signal 15
c [w = 57] Start task in PID: 180641.
c [w = 57] Antibandwidth problem with w = 57 (O-impcol_d.mtx.rnd):
c [w = 57] Initializing CaDiCaL (version 2.1.3).
c [w = 57] Configuring CaDiCaL as --sat (1).
c [w = 57] Encoding starts with w = 57:
c [w = 57] Symmetry breaking highest degree node is applied.
c [w = 57] Encoding duration: 2656 ms
c [w = 57] Number of clauses: 4026429
c [w = 57] Number of variables: 578850
c [w = 56] Start task in PID: 180644.
c [w = 56] Antibandwidth problem with w = 56 (O-impcol_d.mtx.rnd):
c [w = 56] Initializing CaDiCaL (version 2.1.3).
c [w = 56] Configuring CaDiCaL as --sat (1).
c [w = 56] Encoding starts with w = 56:
c [w = 56] Symmetry breaking highest degree node is applied.
c [w = 56] Encoding duration: 2602 ms
c [w = 56] Number of clauses: 4015804
c [w = 56] Number of variables: 575450
c [w = 55] Start task in PID: 180642.
c [w = 55] Antibandwidth problem with w = 55 (O-impcol_d.mtx.rnd):
c [w = 55] Initializing CaDiCaL (version 2.1.3).
c [w = 55] Configuring CaDiCaL as --sat (1).
c [w = 55] Encoding starts with w = 55:
c [w = 55] Symmetry breaking highest degree node is applied.
c [w = 55] Encoding duration: 2668 ms
c [w = 55] Number of clauses: 4005179
c [w = 55] Number of variables: 572050
c [w = 54] Start task in PID: 180643.
c [w = 54] Antibandwidth problem with w = 54 (O-impcol_d.mtx.rnd):
c [w = 54] Initializing CaDiCaL (version 2.1.3).
c [w = 54] Configuring CaDiCaL as --sat (1).
c [w = 54] Encoding starts with w = 54:
c [w = 54] Symmetry breaking highest degree node is applied.
c [w = 54] Encoding duration: 2629 ms
c [w = 54] Number of clauses: 3994554
c [w = 54] Number of variables: 568650
c [w = 58] Start task in PID: 180646.
c [w = 58] Antibandwidth problem with w = 58 (O-impcol_d.mtx.rnd):
c [w = 58] Initializing CaDiCaL (version 2.1.3).
c [w = 58] Configuring CaDiCaL as --sat (1).
c [w = 58] Encoding starts with w = 58:
c [w = 58] Symmetry breaking highest degree node is applied.
c [w = 58] Encoding duration: 2720 ms
c [w = 58] Number of clauses: 4037054
c [w = 58] Number of variables: 582250
c [w = 59] Start task in PID: 180645.
c [w = 59] Antibandwidth problem with w = 59 (O-impcol_d.mtx.rnd):
c [w = 59] Initializing CaDiCaL (version 2.1.3).
c [w = 59] Configuring CaDiCaL as --sat (1).
c [w = 59] Encoding starts with w = 59:
c [w = 59] Symmetry breaking highest degree node is applied.
c [w = 59] Encoding duration: 2729 ms
c [w = 59] Number of clauses: 4047679
c [w = 59] Number of variables: 585650
c [w = 61] SAT Solving starts:
c [w = 61] Solving duration: 4550 ms
c [w = 61] Answer: 
s [w = 61] SAT (w = 61)
c [w = 61] Solution check = 61.
c [w = 61] The solution is correct.
c [w = 61] Result: 10
c [w = 58] SAT Solving starts:
c [Signal] Signal interruption. Caught signal: SIGTERM (15)
c [w = 56] SAT Solving starts:
c [Signal] Signal interruption. Caught signal: SIGTERM (15)
c [Main] Max width SAT is set to 61
c [Main] Kill lower pid 58.
c [Main] Kill lower pid 56.
c [Main] Kill lower pid 54.
c [Main] Kill lower pid 55.
c [Main] Kill lower pid 57.
c [Main] Kill lower pid 59.
c [w = 59] SAT Solving starts:
c [Signal] Signal interruption. Caught signal: SIGTERM (15)
c [w = 57] SAT Solving starts:
c [Signal] Signal interruption. Caught signal: SIGTERM (15)
c [w = 55] SAT Solving starts:
c [Signal] Signal interruption. Caught signal: SIGTERM (15)
c [w = 54] SAT Solving starts:
c [Signal] Signal interruption. Caught signal: SIGTERM (15)
c [Main] Child pid 54 - 180643 terminated by signal 15
c [Main] Child pid 55 - 180642 terminated by signal 15
c [Main] Child pid 59 - 180645 terminated by signal 15
c [Main] Child pid 58 - 180646 terminated by signal 15
c [Main] Child pid 56 - 180644 terminated by signal 15
c [Main] Child pid 57 - 180641 terminated by signal 15
c [w = 63] Start task in PID: 180679.
c [w = 63] Antibandwidth problem with w = 63 (O-impcol_d.mtx.rnd):
c [w = 63] Initializing CaDiCaL (version 2.1.3).
c [w = 63] Configuring CaDiCaL as --sat (1).
c [w = 63] Encoding starts with w = 63:
c [w = 63] Symmetry breaking highest degree node is applied.
c [w = 63] Encoding duration: 2604 ms
c [w = 63] Number of clauses: 4014080
c [w = 63] Number of variables: 573750
c [w = 66] Start task in PID: 180683.
c [w = 66] Antibandwidth problem with w = 66 (O-impcol_d.mtx.rnd):
c [w = 66] Initializing CaDiCaL (version 2.1.3).
c [w = 66] Configuring CaDiCaL as --sat (1).
c [w = 66] Encoding starts with w = 66:
c [w = 66] Symmetry breaking highest degree node is applied.
c [w = 66] Encoding duration: 2601 ms
c [w = 66] Number of clauses: 4042130
c [w = 66] Number of variables: 582675
c [w = 69] Start task in PID: 180677.
c [w = 69] Antibandwidth problem with w = 69 (O-impcol_d.mtx.rnd):
c [w = 69] Initializing CaDiCaL (version 2.1.3).
c [w = 69] Configuring CaDiCaL as --sat (1).
c [w = 69] Encoding starts with w = 69:
c [w = 69] Symmetry breaking highest degree node is applied.
c [w = 69] Encoding duration: 2735 ms
c [w = 69] Number of clauses: 4070180
c [w = 69] Number of variables: 591600
c [w = 65] Start task in PID: 180678.
c [w = 65] Antibandwidth problem with w = 65 (O-impcol_d.mtx.rnd):
c [w = 65] Initializing CaDiCaL (version 2.1.3).
c [w = 65] Configuring CaDiCaL as --sat (1).
c [w = 65] Encoding starts with w = 65:
c [w = 65] Symmetry breaking highest degree node is applied.
c [w = 65] Encoding duration: 2623 ms
c [w = 65] Number of clauses: 4032780
c [w = 65] Number of variables: 579700
c [w = 64] Start task in PID: 180681.
c [w = 64] Antibandwidth problem with w = 64 (O-impcol_d.mtx.rnd):
c [w = 64] Initializing CaDiCaL (version 2.1.3).
c [w = 64] Configuring CaDiCaL as --sat (1).
c [w = 64] Encoding starts with w = 64:
c [w = 64] Symmetry breaking highest degree node is applied.
c [w = 64] Encoding duration: 2625 ms
c [w = 64] Number of clauses: 4023430
c [w = 64] Number of variables: 576725
c [w = 62] Start task in PID: 180680.
c [w = 62] Antibandwidth problem with w = 62 (O-impcol_d.mtx.rnd):
c [w = 62] Initializing CaDiCaL (version 2.1.3).
c [w = 62] Configuring CaDiCaL as --sat (1).
c [w = 62] Encoding starts with w = 62:
c [w = 62] Symmetry breaking highest degree node is applied.
c [w = 62] Encoding duration: 2629 ms
c [w = 62] Number of clauses: 4004730
c [w = 62] Number of variables: 570775
c [w = 67] Start task in PID: 180682.
c [w = 67] Antibandwidth problem with w = 67 (O-impcol_d.mtx.rnd):
c [w = 67] Initializing CaDiCaL (version 2.1.3).
c [w = 67] Configuring CaDiCaL as --sat (1).
c [w = 67] Encoding starts with w = 67:
c [w = 67] Symmetry breaking highest degree node is applied.
c [w = 67] Encoding duration: 2674 ms
c [w = 67] Number of clauses: 4051480
c [w = 67] Number of variables: 585650
c [w = 67] SAT Solving starts:
c [w = 67] Solving duration: 3746 ms
c [w = 67] Answer: 
s [w = 67] SAT (w = 67)
c [w = 67] Solution check = 67.
c [w = 67] The solution is correct.
c [w = 67] Result: 10
c [Main] Max width SAT is set to 67
c [Main] Kill lower pid 66.
c [Main] Kill lower pid 62.
c [Main] Kill lower pid 63.
c [Main] Kill lower pid 65.
c [Main] Kill lower pid 64.
c [w = 62] SAT Solving starts:
c [Signal] Signal interruption. Caught signal: SIGTERM (15)
c [w = 64] SAT Solving starts:
c [Signal] Signal interruption. Caught signal: SIGTERM (15)
c [w = 63] SAT Solving starts:
c [Signal] Signal interruption. Caught signal: SIGTERM (15)
c [w = 65] SAT Solving starts:
c [Signal] Signal interruption. Caught signal: SIGTERM (15)
c [w = 66] SAT Solving starts:
c [Signal] Signal interruption. Caught signal: SIGTERM (15)
c [Main] Child pid 62 - 180680 terminated by signal 15
c [Main] Child pid 64 - 180681 terminated by signal 15
c [Main] Child pid 66 - 180683 terminated by signal 15
c [Main] Child pid 63 - 180679 terminated by signal 15
c [Main] Child pid 65 - 180678 terminated by signal 15
c [w = 73] Start task in PID: 180752.
c [w = 73] Antibandwidth problem with w = 73 (O-impcol_d.mtx.rnd):
c [w = 73] Initializing CaDiCaL (version 2.1.3).
c [w = 73] Configuring CaDiCaL as --sat (1).
c [w = 73] Encoding starts with w = 73:
c [w = 73] Symmetry breaking highest degree node is applied.
c [w = 73] Encoding duration: 6408 ms
c [w = 73] Number of clauses: 4019156
c [w = 73] Number of variables: 573750
c [w = 72] Start task in PID: 180755.
c [w = 72] Antibandwidth problem with w = 72 (O-impcol_d.mtx.rnd):
c [w = 72] Initializing CaDiCaL (version 2.1.3).
c [w = 72] Configuring CaDiCaL as --sat (1).
c [w = 72] Encoding starts with w = 72:
c [w = 72] Symmetry breaking highest degree node is applied.
c [w = 72] Encoding duration: 6421 ms
c [w = 72] Number of clauses: 4011081
c [w = 72] Number of variables: 571200
c [w = 75] Start task in PID: 180756.
c [w = 75] Antibandwidth problem with w = 75 (O-impcol_d.mtx.rnd):
c [w = 75] Initializing CaDiCaL (version 2.1.3).
c [w = 75] Configuring CaDiCaL as --sat (1).
c [w = 75] Encoding starts with w = 75:
c [w = 75] Symmetry breaking highest degree node is applied.
c [w = 75] Encoding duration: 6492 ms
c [w = 75] Number of clauses: 4035306
c [w = 75] Number of variables: 578850
c [w = 71] Start task in PID: 180753.
c [w = 71] Antibandwidth problem with w = 71 (O-impcol_d.mtx.rnd):
c [w = 71] Initializing CaDiCaL (version 2.1.3).
c [w = 71] Configuring CaDiCaL as --sat (1).
c [w = 71] Encoding starts with w = 71:
c [w = 71] Symmetry breaking highest degree node is applied.
c [w = 71] Encoding duration: 6559 ms
c [w = 71] Number of clauses: 4003006
c [w = 71] Number of variables: 568650
c [w = 70] Start task in PID: 180754.
c [w = 70] Antibandwidth problem with w = 70 (O-impcol_d.mtx.rnd):
c [w = 70] Initializing CaDiCaL (version 2.1.3).
c [w = 70] Configuring CaDiCaL as --sat (1).
c [w = 70] Encoding starts with w = 70:
c [w = 70] Symmetry breaking highest degree node is applied.
c [w = 70] Encoding duration: 6555 ms
c [w = 70] Number of clauses: 4079530
c [w = 70] Number of variables: 594575
c [w = 68] Start task in PID: 180744.
c [w = 68] Antibandwidth problem with w = 68 (O-impcol_d.mtx.rnd):
c [w = 68] Initializing CaDiCaL (version 2.1.3).
c [w = 68] Configuring CaDiCaL as --sat (1).
c [w = 68] Encoding starts with w = 68:
c [w = 68] Symmetry breaking highest degree node is applied.
c [w = 68] Encoding duration: 6780 ms
c [w = 68] Number of clauses: 4060830
c [w = 68] Number of variables: 588625
c [w = 69] SAT Solving starts:
c [w = 69] Solving duration: 21589 ms
c [w = 69] Answer: 
s [w = 69] SAT (w = 69)
c [w = 69] Solution check = 69.
c [w = 69] The solution is correct.
c [w = 69] Result: 10
c [Main] Max width SAT is set to 69
c [Main] Kill lower pid 68.
c [w = 68] SAT Solving starts:
c [Signal] Signal interruption. Caught signal: SIGTERM (15)
c [Main] Child pid 68 - 180744 terminated by signal 15
c [w = 74] Start task in PID: 180870.
c [w = 74] Antibandwidth problem with w = 74 (O-impcol_d.mtx.rnd):
c [w = 74] Initializing CaDiCaL (version 2.1.3).
c [w = 74] Configuring CaDiCaL as --sat (1).
c [w = 74] Encoding starts with w = 74:
c [w = 74] Symmetry breaking highest degree node is applied.
c [w = 74] Encoding duration: 2503 ms
c [w = 74] Number of clauses: 4027231
c [w = 74] Number of variables: 576300
c [w = 76] Start task in PID: 180871.
c [w = 76] Antibandwidth problem with w = 76 (O-impcol_d.mtx.rnd):
c [w = 76] Initializing CaDiCaL (version 2.1.3).
c [w = 76] Configuring CaDiCaL as --sat (1).
c [w = 76] Encoding starts with w = 76:
c [w = 76] Symmetry breaking highest degree node is applied.
c [w = 76] Encoding duration: 2517 ms
c [w = 76] Number of clauses: 4043381
c [w = 76] Number of variables: 581400
c [w = 70] SAT Solving starts:
c [w = 70] Solving duration: 15529 ms
c [w = 70] Answer: 
s [w = 70] SAT (w = 70)
c [w = 70] Solution check = 70.
c [w = 70] The solution is correct.
c [w = 70] Result: 10
c [Main] Max width SAT is set to 70
c [w = 93] Start task in PID: 180936.
c [w = 93] Antibandwidth problem with w = 93 (O-impcol_d.mtx.rnd):
c [w = 93] Initializing CaDiCaL (version 2.1.3).
c [w = 93] Configuring CaDiCaL as --sat (1).
c [w = 93] Encoding starts with w = 93:
c [w = 93] Symmetry breaking highest degree node is applied.
c [w = 93] Encoding duration: 2569 ms
c [w = 93] Number of clauses: 4067157
c [w = 93] Number of variables: 586500
c [w = 75] SAT Solving starts:
c [w = 75] Solving duration: 33760 ms
c [w = 75] Answer: 
s [w = 75] SAT (w = 75)
c [w = 75] Solution check = 75.
c [w = 75] The solution is correct.
c [w = 75] Result: 10
c [w = 74] SAT Solving starts:
c [Signal] Signal interruption. Caught signal: SIGTERM (15)
c [Main] Max width SAT is set to 75
c [Main] Kill lower pid 74.
c [Main] Kill lower pid 72.
c [Main] Kill lower pid 71.
c [Main] Kill lower pid 73.
c [w = 72] SAT Solving starts:
c [Signal] Signal interruption. Caught signal: SIGTERM (15)
c [w = 71] SAT Solving starts:
c [Signal] Signal interruption. Caught signal: SIGTERM (15)
c [w = 73] SAT Solving starts:
c [Signal] Signal interruption. Caught signal: SIGTERM (15)
c [Main] Child pid 72 - 180755 terminated by signal 15
c [Main] Child pid 73 - 180752 terminated by signal 15
c [Main] Child pid 71 - 180753 terminated by signal 15
c [Main] Child pid 74 - 180870 terminated by signal 15
c [w = 77] SAT Solving starts:
c [w = 77] Solving duration: 55287 ms
c [w = 77] Answer: 
s [w = 77] SAT (w = 77)
c [w = 77] Solution check = 77.
c [w = 77] The solution is correct.
c [w = 77] Result: 10
c [Main] Max width SAT is set to 77
c [Main] Kill lower pid 76.
c [w = 76] SAT Solving starts:
c [Signal] Signal interruption. Caught signal: SIGTERM (15)
c [Main] Child pid 76 - 180871 terminated by signal 15
c [w = 78] Start task in PID: 181013.
c [w = 78] Antibandwidth problem with w = 78 (O-impcol_d.mtx.rnd):
c [w = 78] Initializing CaDiCaL (version 2.1.3).
c [w = 78] Configuring CaDiCaL as --sat (1).
c [w = 78] Encoding starts with w = 78:
c [w = 78] Symmetry breaking highest degree node is applied.
c [w = 78] Encoding duration: 2542 ms
c [w = 78] Number of clauses: 4059531
c [w = 78] Number of variables: 586500
c [w = 85] Start task in PID: 181010.
c [w = 85] Antibandwidth problem with w = 85 (O-impcol_d.mtx.rnd):
c [w = 85] Initializing CaDiCaL (version 2.1.3).
c [w = 85] Configuring CaDiCaL as --sat (1).
c [w = 85] Encoding starts with w = 85:
c [w = 85] Symmetry breaking highest degree node is applied.
c [w = 85] Encoding duration: 2695 ms
c [w = 85] Number of clauses: 4012757
c [w = 85] Number of variables: 569500
c [w = 81] Start task in PID: 181011.
c [w = 81] Antibandwidth problem with w = 81 (O-impcol_d.mtx.rnd):
c [w = 81] Initializing CaDiCaL (version 2.1.3).
c [w = 81] Configuring CaDiCaL as --sat (1).
c [w = 81] Encoding starts with w = 81:
c [w = 81] Symmetry breaking highest degree node is applied.
c [w = 81] Encoding duration: 2674 ms
c [w = 81] Number of clauses: 4083756
c [w = 81] Number of variables: 594150
c [w = 79] Start task in PID: 181012.
c [w = 79] Antibandwidth problem with w = 79 (O-impcol_d.mtx.rnd):
c [w = 79] Initializing CaDiCaL (version 2.1.3).
c [w = 79] Configuring CaDiCaL as --sat (1).
c [w = 79] Encoding starts with w = 79:
c [w = 79] Symmetry breaking highest degree node is applied.
c [w = 79] Encoding duration: 2685 ms
c [w = 79] Number of clauses: 4067606
c [w = 79] Number of variables: 589050
c [w = 80] Start task in PID: 181014.
c [w = 80] Antibandwidth problem with w = 80 (O-impcol_d.mtx.rnd):
c [w = 80] Initializing CaDiCaL (version 2.1.3).
c [w = 80] Configuring CaDiCaL as --sat (1).
c [w = 80] Encoding starts with w = 80:
c [w = 80] Symmetry breaking highest degree node is applied.
c [w = 80] Encoding duration: 2682 ms
c [w = 80] Number of clauses: 4075681
c [w = 80] Number of variables: 591600
c [w = 83] Start task in PID: 181036.
c [w = 83] Antibandwidth problem with w = 83 (O-impcol_d.mtx.rnd):
c [w = 83] Initializing CaDiCaL (version 2.1.3).
c [w = 83] Configuring CaDiCaL as --sat (1).
c [w = 83] Encoding starts with w = 83:
c [w = 83] Symmetry breaking highest degree node is applied.
c [w = 83] Encoding duration: 2716 ms
c [w = 83] Number of clauses: 4099906
c [w = 83] Number of variables: 599250
c [w = 82] Start task in PID: 181037.
c [w = 82] Antibandwidth problem with w = 82 (O-impcol_d.mtx.rnd):
c [w = 82] Initializing CaDiCaL (version 2.1.3).
c [w = 82] Configuring CaDiCaL as --sat (1).
c [w = 82] Encoding starts with w = 82:
c [w = 82] Symmetry breaking highest degree node is applied.
c [w = 82] Encoding duration: 2671 ms
c [w = 82] Number of clauses: 4091831
c [w = 82] Number of variables: 596700
c [w = 79] SAT Solving starts:
c [w = 79] Solving duration: 2036 ms
c [w = 79] Answer: 
s [w = 79] SAT (w = 79)
c [w = 79] Solution check = 79.
c [w = 79] The solution is correct.
c [w = 79] Result: 10
c [Main] Max width SAT is set to 79
c [Main] Kill lower pid 78.
c [w = 78] SAT Solving starts:
c [Signal] Signal interruption. Caught signal: SIGTERM (15)
c [Main] Child pid 78 - 181013 terminated by signal 15
c [w = 84] Start task in PID: 181059.
c [w = 84] Antibandwidth problem with w = 84 (O-impcol_d.mtx.rnd):
c [w = 84] Initializing CaDiCaL (version 2.1.3).
c [w = 84] Configuring CaDiCaL as --sat (1).
c [w = 84] Encoding starts with w = 84:
c [w = 84] Symmetry breaking highest degree node is applied.
c [w = 84] Encoding duration: 2640 ms
c [w = 84] Number of clauses: 4107981
c [w = 84] Number of variables: 601800
c [w = 89] Start task in PID: 181060.
c [w = 89] Antibandwidth problem with w = 89 (O-impcol_d.mtx.rnd):
c [w = 89] Initializing CaDiCaL (version 2.1.3).
c [w = 89] Configuring CaDiCaL as --sat (1).
c [w = 89] Encoding starts with w = 89:
c [w = 89] Symmetry breaking highest degree node is applied.
c [w = 89] Encoding duration: 2607 ms
c [w = 89] Number of clauses: 4039957
c [w = 89] Number of variables: 578000
c [w = 83] SAT Solving starts:
c [w = 83] Solving duration: 91212 ms
c [w = 83] Answer: 
s [w = 83] SAT (w = 83)
c [w = 83] Solution check = 83.
c [w = 83] The solution is correct.
c [w = 83] Result: 10
c [Main] Max width SAT is set to 83
c [Main] Kill lower pid 82.
c [Main] Kill lower pid 81.
c [Main] Kill lower pid 80.
c [w = 81] SAT Solving starts:
c [Signal] Signal interruption. Caught signal: SIGTERM (15)
c [w = 82] SAT Solving starts:
c [Signal] Signal interruption. Caught signal: SIGTERM (15)
c [w = 80] SAT Solving starts:
c [Signal] Signal interruption. Caught signal: SIGTERM (15)
c [Main] Child pid 82 - 181037 terminated by signal 15
c [Main] Child pid 81 - 181011 terminated by signal 15
c [Main] Child pid 80 - 181014 terminated by signal 15
c [w = 88] Start task in PID: 181172.
c [w = 88] Antibandwidth problem with w = 88 (O-impcol_d.mtx.rnd):
c [w = 88] Initializing CaDiCaL (version 2.1.3).
c [w = 88] Configuring CaDiCaL as --sat (1).
c [w = 88] Encoding starts with w = 88:
c [w = 88] Symmetry breaking highest degree node is applied.
c [w = 88] Encoding duration: 2583 ms
c [w = 88] Number of clauses: 4033157
c [w = 88] Number of variables: 575875
c [w = 86] Start task in PID: 181171.
c [w = 86] Antibandwidth problem with w = 86 (O-impcol_d.mtx.rnd):
c [w = 86] Initializing CaDiCaL (version 2.1.3).
c [w = 86] Configuring CaDiCaL as --sat (1).
c [w = 86] Encoding starts with w = 86:
c [w = 86] Symmetry breaking highest degree node is applied.
c [w = 86] Encoding duration: 2604 ms
c [w = 86] Number of clauses: 4019557
c [w = 86] Number of variables: 571625
c [w = 91] Start task in PID: 181173.
c [w = 91] Antibandwidth problem with w = 91 (O-impcol_d.mtx.rnd):
c [w = 91] Initializing CaDiCaL (version 2.1.3).
c [w = 91] Configuring CaDiCaL as --sat (1).
c [w = 91] Encoding starts with w = 91:
c [w = 91] Symmetry breaking highest degree node is applied.
c [w = 91] Encoding duration: 2656 ms
c [w = 91] Number of clauses: 4053557
c [w = 91] Number of variables: 582250
c [w = 87] Start task in PID: 181170.
c [w = 87] Antibandwidth problem with w = 87 (O-impcol_d.mtx.rnd):
c [w = 87] Initializing CaDiCaL (version 2.1.3).
c [w = 87] Configuring CaDiCaL as --sat (1).
c [w = 87] Encoding starts with w = 87:
c [w = 87] Symmetry breaking highest degree node is applied.
c [w = 87] Encoding duration: 2818 ms
c [w = 87] Number of clauses: 4026357
c [w = 87] Number of variables: 573750
c [w = 89] SAT Solving starts:
c [w = 89] Solving duration: 90760 ms
c [w = 89] Answer: 
s [w = 89] SAT (w = 89)
c [w = 89] Solution check = 89.
c [w = 89] The solution is correct.
c [w = 89] Result: 10
c [Main] Max width SAT is set to 89
c [Main] Kill lower pid 88.
c [Main] Kill lower pid 86.
c [Main] Kill lower pid 87.
c [Main] Kill lower pid 84.
c [Main] Kill lower pid 85.
c [w = 86] SAT Solving starts:
c [Signal] Signal interruption. Caught signal: SIGTERM (15)
c [w = 88] SAT Solving starts:
c [Signal] Signal interruption. Caught signal: SIGTERM (15)
c [w = 87] SAT Solving starts:
c [Signal] Signal interruption. Caught signal: SIGTERM (15)
c [w = 85] SAT Solving starts:
c [Signal] Signal interruption. Caught signal: SIGTERM (15)
e [Pid] Unable to open /proc/181060/status
c [w = 84] SAT Solving starts:
c [Signal] Signal interruption. Caught signal: SIGTERM (15)
c [Main] Child pid 88 - 181172 terminated by signal 15
c [Main] Child pid 87 - 181170 terminated by signal 15
c [Main] Child pid 86 - 181171 terminated by signal 15
c [Main] Child pid 85 - 181010 terminated by signal 15
c [Main] Child pid 84 - 181059 terminated by signal 15
c [w = 90] Start task in PID: 181222.
c [w = 90] Antibandwidth problem with w = 90 (O-impcol_d.mtx.rnd):
c [w = 90] Initializing CaDiCaL (version 2.1.3).
c [w = 90] Configuring CaDiCaL as --sat (1).
c [w = 90] Encoding starts with w = 90:
c [w = 90] Symmetry breaking highest degree node is applied.
c [w = 90] Encoding duration: 2695 ms
c [w = 90] Number of clauses: 4046757
c [w = 90] Number of variables: 580125
c [w = 101] Start task in PID: 181224.
c [w = 101] Antibandwidth problem with w = 101 (O-impcol_d.mtx.rnd):
c [w = 101] Initializing CaDiCaL (version 2.1.3).
c [w = 101] Configuring CaDiCaL as --sat (1).
c [w = 101] Encoding starts with w = 101:
c [w = 101] Symmetry breaking highest degree node is applied.
c [w = 101] Encoding duration: 2654 ms
c [w = 101] Number of clauses: 4121557
c [w = 101] Number of variables: 603500
c [w = 92] Start task in PID: 181223.
c [w = 92] Antibandwidth problem with w = 92 (O-impcol_d.mtx.rnd):
c [w = 92] Initializing CaDiCaL (version 2.1.3).
c [w = 92] Configuring CaDiCaL as --sat (1).
c [w = 92] Encoding starts with w = 92:
c [w = 92] Symmetry breaking highest degree node is applied.
c [w = 92] Encoding duration: 2666 ms
c [w = 92] Number of clauses: 4060357
c [w = 92] Number of variables: 584375
c [w = 94] Start task in PID: 181227.
c [w = 94] Antibandwidth problem with w = 94 (O-impcol_d.mtx.rnd):
c [w = 94] Initializing CaDiCaL (version 2.1.3).
c [w = 94] Configuring CaDiCaL as --sat (1).
c [w = 94] Encoding starts with w = 94:
c [w = 94] Symmetry breaking highest degree node is applied.
c [w = 94] Encoding duration: 2660 ms
c [w = 94] Number of clauses: 4073957
c [w = 94] Number of variables: 588625
c [w = 95] Start task in PID: 181226.
c [w = 95] Antibandwidth problem with w = 95 (O-impcol_d.mtx.rnd):
c [w = 95] Initializing CaDiCaL (version 2.1.3).
c [w = 95] Configuring CaDiCaL as --sat (1).
c [w = 95] Encoding starts with w = 95:
c [w = 95] Symmetry breaking highest degree node is applied.
c [w = 95] Encoding duration: 2674 ms
c [w = 95] Number of clauses: 4080757
c [w = 95] Number of variables: 590750
c [w = 97] Start task in PID: 181225.
c [w = 97] Antibandwidth problem with w = 97 (O-impcol_d.mtx.rnd):
c [w = 97] Initializing CaDiCaL (version 2.1.3).
c [w = 97] Configuring CaDiCaL as --sat (1).
c [w = 97] Encoding starts with w = 97:
c [w = 97] Symmetry breaking highest degree node is applied.
c [w = 97] Encoding duration: 2687 ms
c [w = 97] Number of clauses: 4094357
c [w = 97] Number of variables: 595000
c [w = 94] SAT Solving starts:
c [w = 94] Solving duration: 77439 ms
c [w = 94] Answer: 
s [w = 94] SAT (w = 94)
c [w = 94] Solution check = 94.
c [w = 94] The solution is correct.
c [w = 94] Result: 10
c [w = 92] SAT Solving starts:
c [Signal] Signal interruption. Caught signal: SIGTERM (15)
c [w = 90] SAT Solving starts:
c [Signal] Signal interruption. Caught signal: SIGTERM (15)
c [Main] Max width SAT is set to 94
c [Main] Kill lower pid 92.
c [Main] Kill lower pid 90.
c [Main] Kill lower pid 91.
c [Main] Kill lower pid 93.
c [w = 91] SAT Solving starts:
c [Signal] Signal interruption. Caught signal: SIGTERM (15)
c [w = 93] SAT Solving starts:
c [Signal] Signal interruption. Caught signal: SIGTERM (15)
c [Main] Child pid 93 - 180936 terminated by signal 15
c [Main] Child pid 92 - 181223 terminated by signal 15
c [Main] Child pid 91 - 181173 terminated by signal 15
c [Main] Child pid 90 - 181222 terminated by signal 15
c [w = 99] Start task in PID: 181343.
c [w = 99] Antibandwidth problem with w = 99 (O-impcol_d.mtx.rnd):
c [w = 99] Initializing CaDiCaL (version 2.1.3).
c [w = 99] Configuring CaDiCaL as --sat (1).
c [w = 99] Encoding starts with w = 99:
c [w = 99] Symmetry breaking highest degree node is applied.
c [w = 99] Encoding duration: 2609 ms
c [w = 99] Number of clauses: 4107957
c [w = 99] Number of variables: 599250
c [w = 96] Start task in PID: 181342.
c [w = 96] Antibandwidth problem with w = 96 (O-impcol_d.mtx.rnd):
c [w = 96] Initializing CaDiCaL (version 2.1.3).
c [w = 96] Configuring CaDiCaL as --sat (1).
c [w = 96] Encoding starts with w = 96:
c [w = 96] Symmetry breaking highest degree node is applied.
c [w = 96] Encoding duration: 2686 ms
c [w = 96] Number of clauses: 4087557
c [w = 96] Number of variables: 592875
c [w = 100] Start task in PID: 181345.
c [w = 100] Antibandwidth problem with w = 100 (O-impcol_d.mtx.rnd):
c [w = 100] Initializing CaDiCaL (version 2.1.3).
c [w = 100] Configuring CaDiCaL as --sat (1).
c [w = 100] Encoding starts with w = 100:
c [w = 100] Symmetry breaking highest degree node is applied.
c [w = 100] Encoding duration: 2675 ms
c [w = 100] Number of clauses: 4114757
c [w = 100] Number of variables: 601375
c [w = 98] Start task in PID: 181344.
c [w = 98] Antibandwidth problem with w = 98 (O-impcol_d.mtx.rnd):
c [w = 98] Initializing CaDiCaL (version 2.1.3).
c [w = 98] Configuring CaDiCaL as --sat (1).
c [w = 98] Encoding starts with w = 98:
c [w = 98] Symmetry breaking highest degree node is applied.
c [w = 98] Encoding duration: 2708 ms
c [w = 98] Number of clauses: 4101157
c [w = 98] Number of variables: 597125
c [w = 105] Start task in PID: 181346.
c [w = 105] Antibandwidth problem with w = 105 (O-impcol_d.mtx.rnd):
c [w = 105] Initializing CaDiCaL (version 2.1.3).
c [w = 105] Configuring CaDiCaL as --sat (1).
c [w = 105] Encoding starts with w = 105:
c [w = 105] Symmetry breaking highest degree node is applied.
c [w = 105] Encoding duration: 2718 ms
c [w = 105] Number of clauses: 4148757
c [w = 105] Number of variables: 612000
c [w = 98] SAT Solving starts:
c [w = 98] Solving duration: 95362 ms
c [w = 98] Answer: 
s [w = 98] SAT (w = 98)
c [w = 98] Solution check = 98.
c [w = 98] The solution is correct.
c [w = 98] Result: 10
c [Main] Max width SAT is set to 98
c [Main] Kill lower pid 96.
c [Main] Kill lower pid 95.
c [Main] Kill lower pid 97.
c [w = 96] SAT Solving starts:
c [Signal] Signal interruption. Caught signal: SIGTERM (15)
c [w = 95] SAT Solving starts:
c [Signal] Signal interruption. Caught signal: SIGTERM (15)
c [w = 97] SAT Solving starts:
c [Signal] Signal interruption. Caught signal: SIGTERM (15)
c [Main] Child pid 96 - 181342 terminated by signal 15
c [Main] Child pid 95 - 181226 terminated by signal 15
c [Main] Child pid 97 - 181225 terminated by signal 15
c [w = 107] Start task in PID: 181447.
c [w = 107] Antibandwidth problem with w = 107 (O-impcol_d.mtx.rnd):
c [w = 107] Initializing CaDiCaL (version 2.1.3).
c [w = 107] Configuring CaDiCaL as --sat (1).
c [w = 107] Encoding starts with w = 107:
c [w = 107] Symmetry breaking highest degree node is applied.
c [w = 107] Encoding duration: 2614 ms
c [w = 107] Number of clauses: 4031433
c [w = 107] Number of variables: 572050
c [w = 102] Start task in PID: 181445.
c [w = 102] Antibandwidth problem with w = 102 (O-impcol_d.mtx.rnd):
c [w = 102] Initializing CaDiCaL (version 2.1.3).
c [w = 102] Configuring CaDiCaL as --sat (1).
c [w = 102] Encoding starts with w = 102:
c [w = 102] Symmetry breaking highest degree node is applied.
c [w = 102] Encoding duration: 2616 ms
c [w = 102] Number of clauses: 4128357
c [w = 102] Number of variables: 605625
c [w = 104] Start task in PID: 181446.
c [w = 104] Antibandwidth problem with w = 104 (O-impcol_d.mtx.rnd):
c [w = 104] Initializing CaDiCaL (version 2.1.3).
c [w = 104] Configuring CaDiCaL as --sat (1).
c [w = 104] Encoding starts with w = 104:
c [w = 104] Symmetry breaking highest degree node is applied.
c [w = 104] Encoding duration: 2615 ms
c [w = 104] Number of clauses: 4141957
c [w = 104] Number of variables: 609875
c [w = 103] Start task in PID: 181444.
c [w = 103] Antibandwidth problem with w = 103 (O-impcol_d.mtx.rnd):
c [w = 103] Initializing CaDiCaL (version 2.1.3).
c [w = 103] Configuring CaDiCaL as --sat (1).
c [w = 103] Encoding starts with w = 103:
c [w = 103] Symmetry breaking highest degree node is applied.
c [w = 103] Encoding duration: 2738 ms
c [w = 103] Number of clauses: 4135157
c [w = 103] Number of variables: 607750
c [w = 107] SAT Solving starts:
c [w = 107] Solving duration: 344 ms
c [w = 107] Answer: 
s [w = 107] UNSAT (w = 107)
c [w = 107] Result: 20
c [Main] Min width UNSAT is set to 107
c [w = 106] Start task in PID: 181496.
c [w = 106] Antibandwidth problem with w = 106 (O-impcol_d.mtx.rnd):
c [w = 106] Initializing CaDiCaL (version 2.1.3).
c [w = 106] Configuring CaDiCaL as --sat (1).
c [w = 106] Encoding starts with w = 106:
c [w = 106] Symmetry breaking highest degree node is applied.
c [w = 106] Encoding duration: 2548 ms
c [w = 106] Number of clauses: 4023382
c [w = 106] Number of variables: 570350
c [w = 106] SAT Solving starts:
c [w = 106] Solving duration: 30675 ms
c [w = 106] Answer: 
s [w = 106] UNSAT (w = 106)
c [w = 106] Result: 20
c [Main] Min width UNSAT is set to 106
c [w = 99] SAT Solving starts:
c [w = 99] Solving duration: 148034 ms
c [w = 99] Answer: 
s [w = 99] SAT (w = 99)
c [w = 99] Solution check = 99.
c [w = 99] The solution is correct.
c [w = 99] Result: 10
c [Main] Max width SAT is set to 99
c [w = 100] SAT Solving starts:
c [w = 100] Solving duration: 239027 ms
c [w = 100] Answer: 
s [w = 100] SAT (w = 100)
c [w = 100] Solution check = 100.
c [w = 100] The solution is correct.
c [w = 100] Result: 10
c [Main] Max width SAT is set to 100
c [w = 102] SAT Solving starts:
c [w = 102] Solving duration: 174117 ms
c [w = 102] Answer: 
s [w = 102] SAT (w = 102)
c [w = 102] Solution check = 102.
c [w = 102] The solution is correct.
c [w = 102] Result: 10
c [Main] Max width SAT is set to 102
c [Main] Kill lower pid 101.
c [w = 101] SAT Solving starts:
c [Signal] Signal interruption. Caught signal: SIGTERM (15)
c [Main] Child pid 101 - 181224 terminated by signal 15
c [w = 103] SAT Solving starts:
c [w = 103] Solving duration: 210429 ms
c [w = 103] Answer: 
s [w = 103] SAT (w = 103)
c [w = 103] Solution check = 103.
c [w = 103] The solution is correct.
c [w = 103] Result: 10
c [Main] Max width SAT is set to 103
c [w = 105] SAT Solving starts:
c [w = 105] Solving duration: 333548 ms
c [w = 105] Answer: 
s [w = 105] SAT (w = 105)
c [w = 105] Solution check = 105.
c [w = 105] The solution is correct.
c [w = 105] Result: 10
c [Main] Max width SAT is set to 105
c [Main] Kill lower pid 104.
c [w = 104] SAT Solving starts:
c [Signal] Signal interruption. Caught signal: SIGTERM (15)
c [Main] Child pid 104 - 181446 terminated by signal 15
c [Signal] Signal interruption. Caught signal: SIGTERM (15)
c [Main] All children have completed.
r [Main] 
r [Main] Final results: 
r [Main] Max width SAT:  	105
r [Main] Min width UNSAT:	106
r [Main] Total real time: 575582 ms
r [Main] Total memory consumed: 8451.4 MB
r [Main] 
