c [Version] Cyclic Bandwidth Encoder version 1.0.0.
c [Param] Real time limit is set to 1800.
c [Param] Memory limit is set to 30000.
c [Param] Worker count is set to 8.
c [Main] Encoding and solving for graph: caterpillar_9_5.txt.
c [Main] Search strategy: Binary search using BFS.
c [Main] No predefined lower bound is found for caterpillar_9_5.txt.
c [Main] LB-w = 2 (default value).
c [Main] No predefined upper bound is found for caterpillar_9_5.txt.
c [Main] UB-w = 22 (default value calculated as n/2).
c [Main] Search order: 12 6 17 3 9 14 20 2 4 7 10 13 15 18 21 5 8 11 16 19 22.
c [w = 3] Start task in PID: 21278.
c [w = 3] Cyclic Antibandwidth problem with w = 3 (caterpillar_9_5.txt):
c [w = 3] Initializing CaDiCaL (version 2.1.3).
c [w = 3] Configuring CaDiCaL as --sat (1).
c [w = 3] Encoding starts with w = 3:
c [w = 3] Symmetry breaking highest degree node is applied.
c [w = 3] Encoding duration: 25 ms.
c [w = 3] Number of clauses: 26977.
c [w = 3] Number of variables: 5130.
c [w = 3] SAT Solving starts:
c [w = 3] Solving duration: 5 ms.
c [w = 3] Answer:
s [w = 3] SAT (w = 3).
c [w = 3] Solution check = 3.
c [w = 3] The solution is correct.
c [w = 3] Result: 10.
c [Main] Max width SAT is set to 3.
c [Main] Kill lower pid 2.
c [w = 2] Start task in PID: 21282.
c [w = 2] Cyclic Antibandwidth problem with w = 2 (caterpillar_9_5.txt):
c [w = 2] Initializing CaDiCaL (version 2.1.3).
c [w = 2] Configuring CaDiCaL as --sat (1).
c [w = 2] Encoding starts with w = 2:
c [w = 2] Symmetry breaking highest degree node is applied.
c [w = 2] Encoding duration: 27 ms.
c [w = 2] Number of clauses: 29836.
c [w = 2] Number of variables: 4140.
c [w = 2] SAT Solving starts:
c [w = 2] Solving duration: 3 ms.
c [w = 2] Answer:
s [w = 2] SAT (w = 2).
c [w = 2] Solution check = 2.
c [w = 2] The solution is correct.
c [Signal] Signal interruption. Caught signal: SIGTERM (15).
c [Main] Child pid 2 - 21282 terminated by signal 15.
c [w = 9] Start task in PID: 21279.
c [w = 9] Cyclic Antibandwidth problem with w = 9 (caterpillar_9_5.txt):
c [w = 9] Initializing CaDiCaL (version 2.1.3).
c [w = 9] Configuring CaDiCaL as --sat (1).
c [w = 9] Encoding starts with w = 9:
c [w = 9] Symmetry breaking highest degree node is applied.
c [w = 9] Encoding duration: 32 ms.
c [w = 9] Number of clauses: 27892.
c [w = 9] Number of variables: 6480.
c [w = 9] SAT Solving starts:
c [w = 9] Solving duration: 8 ms.
c [w = 9] Answer:
s [w = 9] SAT (w = 9).
c [w = 9] Solution check = 9.
c [w = 9] The solution is correct.
c [w = 9] Result: 10.
c [Main] Max width SAT is set to 9.
c [Main] Kill lower pid 7.
c [Main] Kill lower pid 4.
c [Main] Kill lower pid 6.
c [w = 4] Start task in PID: 21283.
c [w = 4] Cyclic Antibandwidth problem with w = 4 (caterpillar_9_5.txt):
c [w = 4] Initializing CaDiCaL (version 2.1.3).
c [w = 4] Configuring CaDiCaL as --sat (1).
c [w = 4] Encoding starts with w = 4:
c [w = 4] Symmetry breaking highest degree node is applied.
c [Signal] Signal interruption. Caught signal: SIGTERM (15).
c [w = 6] Start task in PID: 21276.
c [w = 6] Cyclic Antibandwidth problem with w = 6 (caterpillar_9_5.txt):
c [w = 6] Initializing CaDiCaL (version 2.1.3).
c [w = 6] Configuring CaDiCaL as --sat (1).
c [w = 6] Encoding starts with w = 6:
c [w = 6] Symmetry breaking highest degree node is applied.
c [w = 6] Encoding duration: 39 ms.
c [w = 6] Number of clauses: 27496.
c [w = 6] Number of variables: 6210.
c [w = 6] SAT Solving starts:
c [Signal] Signal interruption. Caught signal: SIGTERM (15).
c [w = 7] Start task in PID: 21284.
c [w = 7] Cyclic Antibandwidth problem with w = 7 (caterpillar_9_5.txt):
c [w = 7] Initializing CaDiCaL (version 2.1.3).
c [w = 7] Configuring CaDiCaL as --sat (1).
c [w = 7] Encoding starts with w = 7:
c [w = 7] Symmetry breaking highest degree node is applied.
c [Signal] Signal interruption. Caught signal: SIGTERM (15).
c [Main] Child pid 4 - 21283 terminated by signal 15.
c [Main] Child pid 7 - 21284 terminated by signal 15.
c [Main] Child pid 6 - 21276 terminated by signal 15.
c [w = 20] Start task in PID: 21281.
c [w = 20] Cyclic Antibandwidth problem with w = 20 (caterpillar_9_5.txt):
c [w = 20] Initializing CaDiCaL (version 2.1.3).
c [w = 20] Configuring CaDiCaL as --sat (1).
c [w = 20] Encoding starts with w = 20:
c [w = 20] Symmetry breaking highest degree node is applied.
c [w = 20] Encoding duration: 32 ms.
c [w = 20] Number of clauses: 31081.
c [w = 20] Number of variables: 7425.
c [w = 20] SAT Solving starts:
c [w = 20] Solving duration: 31 ms.
c [w = 20] Answer:
s [w = 20] SAT (w = 20).
c [w = 20] Solution check = 20.
c [w = 20] The solution is correct.
c [w = 20] Result: 10.
c [w = 18] Start task in PID: 21288.
c [w = 18] Cyclic Antibandwidth problem with w = 18 (caterpillar_9_5.txt):
c [w = 18] Initializing CaDiCaL (version 2.1.3).
c [w = 18] Configuring CaDiCaL as --sat (1).
c [w = 18] Encoding starts with w = 18:
c [w = 18] Symmetry breaking highest degree node is applied.
c [Signal] Signal interruption. Caught signal: SIGTERM (15).
c [w = 13] Start task in PID: 21286.
c [w = 13] Cyclic Antibandwidth problem with w = 13 (caterpillar_9_5.txt):
c [w = 13] Initializing CaDiCaL (version 2.1.3).
c [w = 13] Configuring CaDiCaL as --sat (1).
c [w = 13] Encoding starts with w = 13:
c [w = 13] Symmetry breaking highest degree node is applied.
c [Signal] Signal interruption. Caught signal: SIGTERM (15).
c [w = 10] Start task in PID: 21285.
c [w = 10] Cyclic Antibandwidth problem with w = 10 (caterpillar_9_5.txt):
c [w = 10] Initializing CaDiCaL (version 2.1.3).
c [w = 10] Configuring CaDiCaL as --sat (1).
c [w = 10] Encoding starts with w = 10:
c [w = 10] Symmetry breaking highest degree node is applied.
c [Signal] Signal interruption. Caught signal: SIGTERM (15).
c [Main] Max width SAT is set to 20.
c [Main] Kill lower pid 18.
c [Main] Kill lower pid 15.
c [Main] Kill lower pid 13.
c [Main] Kill lower pid 10.
c [Main] Kill lower pid 14.
c [Main] Kill lower pid 17.
c [Main] Kill lower pid 12.
c [w = 14] Start task in PID: 21280.
c [w = 14] Cyclic Antibandwidth problem with w = 14 (caterpillar_9_5.txt):
c [w = 14] Initializing CaDiCaL (version 2.1.3).
c [w = 14] Configuring CaDiCaL as --sat (1).
c [w = 14] Encoding starts with w = 14:
c [w = 14] Symmetry breaking highest degree node is applied.
c [w = 14] Encoding duration: 33 ms.
c [w = 14] Number of clauses: 29914.
c [w = 14] Number of variables: 7110.
c [w = 14] SAT Solving starts:
c [Signal] Signal interruption. Caught signal: SIGTERM (15).
c [w = 17] Start task in PID: 21277.
c [w = 17] Cyclic Antibandwidth problem with w = 17 (caterpillar_9_5.txt):
c [w = 17] Initializing CaDiCaL (version 2.1.3).
c [w = 17] Configuring CaDiCaL as --sat (1).
c [w = 17] Encoding starts with w = 17:
c [w = 17] Symmetry breaking highest degree node is applied.
c [w = 17] Encoding duration: 31 ms.
c [w = 17] Number of clauses: 29731.
c [w = 17] Number of variables: 7020.
c [w = 17] SAT Solving starts:
c [Signal] Signal interruption. Caught signal: SIGTERM (15).
c [w = 12] Start task in PID: 21275.
c [w = 12] Cyclic Antibandwidth problem with w = 12 (caterpillar_9_5.txt):
c [w = 12] Initializing CaDiCaL (version 2.1.3).
c [w = 12] Configuring CaDiCaL as --sat (1).
c [w = 12] Encoding starts with w = 12:
c [w = 12] Symmetry breaking highest degree node is applied.
c [w = 12] Encoding duration: 30 ms.
c [w = 12] Number of clauses: 28744.
c [w = 12] Number of variables: 6750.
c [w = 12] SAT Solving starts:
c [Signal] Signal interruption. Caught signal: SIGTERM (15).
c [w = 15] Start task in PID: 21287.
c [w = 15] Cyclic Antibandwidth problem with w = 15 (caterpillar_9_5.txt):
c [w = 15] Initializing CaDiCaL (version 2.1.3).
c [w = 15] Configuring CaDiCaL as --sat (1).
c [w = 15] Encoding starts with w = 15:
c [w = 15] Symmetry breaking highest degree node is applied.
c [Signal] Signal interruption. Caught signal: SIGTERM (15).
c [Main] Child pid 15 - 21287 terminated by signal 15.
c [Main] Child pid 10 - 21285 terminated by signal 15.
c [Main] Child pid 17 - 21277 terminated by signal 15.
c [Main] Child pid 12 - 21275 terminated by signal 15.
c [Main] Child pid 14 - 21280 terminated by signal 15.
c [Main] Child pid 13 - 21286 terminated by signal 15.
c [Main] Child pid 18 - 21288 terminated by signal 15.
c [w = 22] Start task in PID: 21290.
c [w = 22] Cyclic Antibandwidth problem with w = 22 (caterpillar_9_5.txt):
c [w = 22] Initializing CaDiCaL (version 2.1.3).
c [w = 22] Configuring CaDiCaL as --sat (1).
c [w = 22] Encoding starts with w = 22:
c [w = 22] Symmetry breaking highest degree node is applied.
c [w = 22] Encoding duration: 21 ms.
c [w = 22] Number of clauses: 29326.
c [w = 22] Number of variables: 6840.
c [w = 22] SAT Solving starts:
c [w = 22] Solving duration: 3 ms.
c [w = 22] Answer:
s [w = 22] UNSAT (w = 22).
c [w = 22] Result: 20.
c [Main] Min width UNSAT is set to 22
c [w = 21] Start task in PID: 21289.
c [w = 21] Cyclic Antibandwidth problem with w = 21 (caterpillar_9_5.txt):
c [w = 21] Initializing CaDiCaL (version 2.1.3).
c [w = 21] Configuring CaDiCaL as --sat (1).
c [w = 21] Encoding starts with w = 21:
c [w = 21] Symmetry breaking highest degree node is applied.
c [w = 21] Encoding duration: 23 ms.
c [w = 21] Number of clauses: 31531.
c [w = 21] Number of variables: 7560.
c [w = 21] SAT Solving starts:
c [w = 21] Solving duration: 1482 ms.
c [w = 21] Answer:
s [w = 21] UNSAT (w = 21).
c [w = 21] Result: 20.
c [Main] Min width UNSAT is set to 21
c [Signal] Signal interruption. Caught signal: SIGTERM (15).
c [Main] All children have completed.
r [Main] 
r [Main] Final results: 
r [Main] Max width SAT:  	20.
r [Main] Min width UNSAT:	21.
r [Main] Total real time: 1586 ms.
r [Main] Total memory consumed: 22.8 MB.
r [Main] 
