c [Version] Cyclic Bandwidth Encoder version 1.0.0.
c [Param] Real time limit is set to 1800.
c [Param] Memory limit is set to 30000.
c [Param] Worker count is set to 8.
c [Main] Encoding and solving for graph: caterpillar_40_20.txt.
c [Main] Search strategy: Binary search using BFS.
c [Main] No predefined lower bound is found for caterpillar_40_20.txt.
c [Main] LB-w = 2 (default value).
c [Main] No predefined upper bound is found for caterpillar_40_20.txt.
c [Main] UB-w = 400 (default value calculated as n/2).
c [Main] Search order: 201 101 301 51 151 251 351 26 76 126 176 226 276 326 376 13 38 63 88 113 138 163 188 213 238 263 288 313 338 363 388 7 19 32 44 57 69 82 94 107 119 132 144 157 169 182 194 207 219 232 244 257 269 282 294 307 319 332 344 357 369 382 394 4 10 16 22 29 35 41 47 54 60 66 72 79 85 91 97 104 110 116 122 129 135 141 147 154 160 166 172 179 185 191 197 204 210 216 222 229 235 241 247 254 260 266 272 279 285 291 297 304 310 316 322 329 335 341 347 354 360 366 372 379 385 391 397 2 5 8 11 14 17 20 24 27 30 33 36 39 42 45 49 52 55 58 61 64 67 70 74 77 80 83 86 89 92 95 99 102 105 108 111 114 117 120 124 127 130 133 136 139 142 145 149 152 155 158 161 164 167 170 174 177 180 183 186 189 192 195 199 202 205 208 211 214 217 220 224 227 230 233 236 239 242 245 249 252 255 258 261 264 267 270 274 277 280 283 286 289 292 295 299 302 305 308 311 314 317 320 324 327 330 333 336 339 342 345 349 352 355 358 361 364 367 370 374 377 380 383 386 389 392 395 399 3 6 9 12 15 18 21 23 25 28 31 34 37 40 43 46 48 50 53 56 59 62 65 68 71 73 75 78 81 84 87 90 93 96 98 100 103 106 109 112 115 118 121 123 125 128 131 134 137 140 143 146 148 150 153 156 159 162 165 168 171 173 175 178 181 184 187 190 193 196 198 200 203 206 209 212 215 218 221 223 225 228 231 234 237 240 243 246 248 250 253 256 259 262 265 268 271 273 275 278 281 284 287 290 293 296 298 300 303 306 309 312 315 318 321 323 325 328 331 334 337 340 343 346 348 350 353 356 359 362 365 368 371 373 375 378 381 384 387 390 393 396 398 400.
c [w = 26] Start task in PID: 26697.
c [w = 26] Cyclic Antibandwidth problem with w = 26 (caterpillar_40_20.txt):
c [w = 26] Initializing CaDiCaL (version 2.1.3).
c [w = 26] Configuring CaDiCaL as --sat (1).
c [w = 26] Encoding starts with w = 26:
c [w = 26] Symmetry breaking highest degree node is applied.
c [w = 26] Encoding duration: 11091 ms.
c [w = 26] Number of clauses: 9218093.
c [w = 26] Number of variables: 1938400.
c [w = 26] SAT Solving starts:
c [w = 26] Solving duration: 23572 ms.
c [w = 26] Answer:
s [w = 26] SAT (w = 26).
c [w = 26] Solution check = 26.
c [w = 26] The solution is correct.
c [w = 26] Result: 10.
c [Main] Max width SAT is set to 26.
c [w = 76] Start task in PID: 26698.
c [w = 76] Cyclic Antibandwidth problem with w = 76 (caterpillar_40_20.txt):
c [w = 76] Initializing CaDiCaL (version 2.1.3).
c [w = 76] Configuring CaDiCaL as --sat (1).
c [w = 76] Encoding starts with w = 76:
c [w = 76] Symmetry breaking highest degree node is applied.
c [w = 76] Encoding duration: 9491 ms.
c [w = 76] Number of clauses: 9178033.
c [w = 76] Number of variables: 2010400.
c [w = 76] SAT Solving starts:
c [w = 76] Solving duration: 15751 ms.
c [w = 76] Answer:
s [w = 76] SAT (w = 76).
c [w = 76] Solution check = 76.
c [w = 76] The solution is correct.
c [w = 76] Result: 10.
c [Main] Max width SAT is set to 76.
c [Main] Kill lower pid 51.
c [w = 51] Start task in PID: 26693.
c [w = 51] Cyclic Antibandwidth problem with w = 51 (caterpillar_40_20.txt):
c [w = 51] Initializing CaDiCaL (version 2.1.3).
c [w = 51] Configuring CaDiCaL as --sat (1).
c [w = 51] Encoding starts with w = 51:
c [w = 51] Symmetry breaking highest degree node is applied.
c [w = 51] Encoding duration: 10969 ms.
c [w = 51] Number of clauses: 9118048.
c [w = 51] Number of variables: 1982400.
c [w = 51] SAT Solving starts:
c [Signal] Signal interruption. Caught signal: SIGTERM (15).
c [Main] Child pid 51 - 26693 terminated by signal 15.
c [w = 101] Start task in PID: 26691.
c [w = 101] Cyclic Antibandwidth problem with w = 101 (caterpillar_40_20.txt):
c [w = 101] Initializing CaDiCaL (version 2.1.3).
c [w = 101] Configuring CaDiCaL as --sat (1).
c [w = 101] Encoding starts with w = 101:
c [w = 101] Symmetry breaking highest degree node is applied.
c [w = 101] Encoding duration: 11004 ms.
c [w = 101] Number of clauses: 9135624.
c [w = 101] Number of variables: 1995200.
c [w = 101] SAT Solving starts:
c [w = 101] Solving duration: 226771 ms.
c [w = 101] Answer:
s [w = 101] SAT (w = 101).
c [w = 101] Solution check = 101.
c [w = 101] The solution is correct.
c [w = 101] Result: 10.
c [Main] Max width SAT is set to 101.
c [w = 126] Start task in PID: 26699.
c [w = 126] Cyclic Antibandwidth problem with w = 126 (caterpillar_40_20.txt):
c [w = 126] Initializing CaDiCaL (version 2.1.3).
c [w = 126] Configuring CaDiCaL as --sat (1).
c [w = 126] Encoding starts with w = 126:
c [w = 126] Symmetry breaking highest degree node is applied.
c [w = 126] Encoding duration: 9647 ms.
c [w = 126] Number of clauses: 9336421.
c [w = 126] Number of variables: 2056800.
c [w = 126] SAT Solving starts:
c [w = 126] Solving duration: 334513 ms.
c [w = 126] Answer:
s [w = 126] SAT (w = 126).
c [w = 126] Solution check = 126.
c [w = 126] The solution is correct.
c [w = 126] Result: 10.
c [Main] Max width SAT is set to 126.
c [w = 151] Start task in PID: 26694.
c [w = 151] Cyclic Antibandwidth problem with w = 151 (caterpillar_40_20.txt):
c [w = 151] Initializing CaDiCaL (version 2.1.3).
c [w = 151] Configuring CaDiCaL as --sat (1).
c [w = 151] Encoding starts with w = 151:
c [w = 151] Symmetry breaking highest degree node is applied.
c [w = 151] Encoding duration: 11330 ms.
c [w = 151] Number of clauses: 9418018.
c [w = 151] Number of variables: 2078400.
c [w = 151] SAT Solving starts:
c [w = 151] Solving duration: 424729 ms.
c [w = 151] Answer:
s [w = 151] SAT (w = 151).
c [w = 151] Solution check = 151.
c [w = 151] The solution is correct.
c [w = 151] Result: 10.
c [Main] Max width SAT is set to 151.
c [w = 176] Start task in PID: 26700.
c [w = 176] Cyclic Antibandwidth problem with w = 176 (caterpillar_40_20.txt):
c [w = 176] Initializing CaDiCaL (version 2.1.3).
c [w = 176] Configuring CaDiCaL as --sat (1).
c [w = 176] Encoding starts with w = 176:
c [w = 176] Symmetry breaking highest degree node is applied.
c [w = 176] Encoding duration: 10146 ms.
c [w = 176] Number of clauses: 9380415.
c [w = 176] Number of variables: 2060000.
c [w = 176] SAT Solving starts:
c [w = 176] Solving duration: 489136 ms.
c [w = 176] Answer:
s [w = 176] SAT (w = 176).
c [w = 176] Solution check = 176.
c [w = 176] The solution is correct.
c [w = 176] Result: 10.
c [Main] Max width SAT is set to 176.
c [w = 201] Start task in PID: 26690.
c [w = 201] Cyclic Antibandwidth problem with w = 201 (caterpillar_40_20.txt):
c [w = 201] Initializing CaDiCaL (version 2.1.3).
c [w = 201] Configuring CaDiCaL as --sat (1).
c [w = 201] Encoding starts with w = 201:
c [w = 201] Symmetry breaking highest degree node is applied.
c [w = 201] Encoding duration: 11055 ms.
c [w = 201] Number of clauses: 9223612.
c [w = 201] Number of variables: 2001600.
c [w = 201] SAT Solving starts:
c [w = 201] Solving duration: 558849 ms.
c [w = 201] Answer:
s [w = 201] SAT (w = 201).
c [w = 201] Solution check = 201.
c [w = 201] The solution is correct.
c [w = 201] Result: 10.
c [Main] Max width SAT is set to 201.
c [w = 276] Start task in PID: 26715.
c [w = 276] Cyclic Antibandwidth problem with w = 276 (caterpillar_40_20.txt):
c [w = 276] Initializing CaDiCaL (version 2.1.3).
c [w = 276] Configuring CaDiCaL as --sat (1).
c [w = 276] Encoding starts with w = 276:
c [w = 276] Symmetry breaking highest degree node is applied.
c [w = 276] Encoding duration: 9646 ms.
c [w = 276] Number of clauses: 9347609.
c [w = 276] Number of variables: 2023200.
c [w = 276] SAT Solving starts:
c [w = 276] Solving duration: 783538 ms.
c [w = 276] Answer:
s [w = 276] SAT (w = 276).
c [w = 276] Solution check = 276.
c [w = 276] The solution is correct.
c [w = 276] Result: 10.
c [Main] Max width SAT is set to 276.
c [Main] Kill lower pid 213.
c [Main] Kill lower pid 226.
c [Main] Kill lower pid 251.
c [w = 213] Start task in PID: 26720.
c [w = 213] Cyclic Antibandwidth problem with w = 213 (caterpillar_40_20.txt):
c [w = 213] Initializing CaDiCaL (version 2.1.3).
c [w = 213] Configuring CaDiCaL as --sat (1).
c [w = 213] Encoding starts with w = 213:
c [w = 213] Symmetry breaking highest degree node is applied.
c [w = 213] Encoding duration: 9930 ms.
c [w = 213] Number of clauses: 9348412.
c [w = 213] Number of variables: 2040000.
c [w = 213] SAT Solving starts:
c [Signal] Signal interruption. Caught signal: SIGTERM (15).
c [w = 226] Start task in PID: 26710.
c [w = 226] Cyclic Antibandwidth problem with w = 226 (caterpillar_40_20.txt):
c [w = 226] Initializing CaDiCaL (version 2.1.3).
c [w = 226] Configuring CaDiCaL as --sat (1).
c [w = 226] Encoding starts with w = 226:
c [w = 226] Symmetry breaking highest degree node is applied.
c [w = 226] Encoding duration: 10385 ms.
c [w = 226] Number of clauses: 9483612.
c [w = 226] Number of variables: 2081600.
c [w = 226] SAT Solving starts:
c [Signal] Signal interruption. Caught signal: SIGTERM (15).
c [w = 251] Start task in PID: 26695.
c [w = 251] Cyclic Antibandwidth problem with w = 251 (caterpillar_40_20.txt):
c [w = 251] Initializing CaDiCaL (version 2.1.3).
c [w = 251] Configuring CaDiCaL as --sat (1).
c [w = 251] Encoding starts with w = 251:
c [w = 251] Symmetry breaking highest degree node is applied.
c [w = 251] Encoding duration: 11774 ms.
c [w = 251] Number of clauses: 9743612.
c [w = 251] Number of variables: 2161600.
c [w = 251] SAT Solving starts:
c [Signal] Signal interruption. Caught signal: SIGTERM (15).
c [Main] Child pid 213 - 26720 terminated by signal 15.
c [Main] Child pid 251 - 26695 terminated by signal 15.
c [Main] Child pid 226 - 26710 terminated by signal 15.
c [w = 301] Start task in PID: 26692.
c [w = 301] Cyclic Antibandwidth problem with w = 301 (caterpillar_40_20.txt):
c [w = 301] Initializing CaDiCaL (version 2.1.3).
c [w = 301] Configuring CaDiCaL as --sat (1).
c [w = 301] Encoding starts with w = 301:
c [w = 301] Symmetry breaking highest degree node is applied.
c [w = 301] Encoding duration: 11513 ms.
c [w = 301] Number of clauses: 9547609.
c [w = 301] Number of variables: 2083200.
c [w = 301] SAT Solving starts:
c [w = 301] Solving duration: 1221189 ms.
c [w = 301] Answer:
s [w = 301] SAT (w = 301).
c [w = 301] Solution check = 301.
c [w = 301] The solution is correct.
c [w = 301] Result: 10.
c [Main] Max width SAT is set to 301.
c [Main] Kill lower pid 288.
c [w = 288] Start task in PID: 26742.
c [w = 288] Cyclic Antibandwidth problem with w = 288 (caterpillar_40_20.txt):
c [w = 288] Initializing CaDiCaL (version 2.1.3).
c [w = 288] Configuring CaDiCaL as --sat (1).
c [w = 288] Encoding starts with w = 288:
c [w = 288] Symmetry breaking highest degree node is applied.
c [w = 288] Encoding duration: 10380 ms.
c [w = 288] Number of clauses: 9443609.
c [w = 288] Number of variables: 2052000.
c [w = 288] SAT Solving starts:
c [Signal] Signal interruption. Caught signal: SIGTERM (15).
c [Main] Child pid 288 - 26742 terminated by signal 15.
c [w = 307] Start task in PID: 26750.
c [w = 307] Cyclic Antibandwidth problem with w = 307 (caterpillar_40_20.txt):
c [w = 307] Initializing CaDiCaL (version 2.1.3).
c [w = 307] Configuring CaDiCaL as --sat (1).
c [w = 307] Encoding starts with w = 307:
c [w = 307] Symmetry breaking highest degree node is applied.
c [w = 307] Encoding duration: 10566 ms.
c [w = 307] Number of clauses: 9595609.
c [w = 307] Number of variables: 2097600.
c [w = 307] SAT Solving starts:
c [Signal] Signal interruption. Caught signal: SIGTERM (15).
c [w = 388] Start task in PID: 26749.
c [w = 388] Cyclic Antibandwidth problem with w = 388 (caterpillar_40_20.txt):
c [w = 388] Initializing CaDiCaL (version 2.1.3).
c [w = 388] Configuring CaDiCaL as --sat (1).
c [w = 388] Encoding starts with w = 388:
c [w = 388] Symmetry breaking highest degree node is applied.
c [w = 388] Encoding duration: 11015 ms.
c [w = 388] Number of clauses: 10243609.
c [w = 388] Number of variables: 2292000.
c [w = 388] SAT Solving starts:
c [Signal] Signal interruption. Caught signal: SIGTERM (15).
c [w = 363] Start task in PID: 26746.
c [w = 363] Cyclic Antibandwidth problem with w = 363 (caterpillar_40_20.txt):
c [w = 363] Initializing CaDiCaL (version 2.1.3).
c [w = 363] Configuring CaDiCaL as --sat (1).
c [w = 363] Encoding starts with w = 363:
c [w = 363] Symmetry breaking highest degree node is applied.
c [w = 363] Encoding duration: 10913 ms.
c [w = 363] Number of clauses: 10043609.
c [w = 363] Number of variables: 2232000.
c [w = 363] SAT Solving starts:
c [Signal] Signal interruption. Caught signal: SIGTERM (15).
c [w = 376] Start task in PID: 26719.
c [w = 376] Cyclic Antibandwidth problem with w = 376 (caterpillar_40_20.txt):
c [w = 376] Initializing CaDiCaL (version 2.1.3).
c [w = 376] Configuring CaDiCaL as --sat (1).
c [w = 376] Encoding starts with w = 376:
c [w = 376] Symmetry breaking highest degree node is applied.
c [w = 376] Encoding duration: 11030 ms.
c [w = 376] Number of clauses: 10147609.
c [w = 376] Number of variables: 2263200.
c [w = 376] SAT Solving starts:
c [Signal] Signal interruption. Caught signal: SIGTERM (15).
c [w = 326] Start task in PID: 26716.
c [w = 326] Cyclic Antibandwidth problem with w = 326 (caterpillar_40_20.txt):
c [w = 326] Initializing CaDiCaL (version 2.1.3).
c [w = 326] Configuring CaDiCaL as --sat (1).
c [w = 326] Encoding starts with w = 326:
c [w = 326] Symmetry breaking highest degree node is applied.
c [w = 326] Encoding duration: 10315 ms.
c [w = 326] Number of clauses: 9747609.
c [w = 326] Number of variables: 2143200.
c [w = 326] SAT Solving starts:
c [Signal] Signal interruption. Caught signal: SIGTERM (15).
c [w = 351] Start task in PID: 26696.
c [w = 351] Cyclic Antibandwidth problem with w = 351 (caterpillar_40_20.txt):
c [w = 351] Initializing CaDiCaL (version 2.1.3).
c [w = 351] Configuring CaDiCaL as --sat (1).
c [w = 351] Encoding starts with w = 351:
c [w = 351] Symmetry breaking highest degree node is applied.
c [w = 351] Encoding duration: 11945 ms.
c [w = 351] Number of clauses: 9947609.
c [w = 351] Number of variables: 2203200.
c [w = 351] SAT Solving starts:
c [Signal] Signal interruption. Caught signal: SIGTERM (15).
c [w = 338] Start task in PID: 26745.
c [w = 338] Cyclic Antibandwidth problem with w = 338 (caterpillar_40_20.txt):
c [w = 338] Initializing CaDiCaL (version 2.1.3).
c [w = 338] Configuring CaDiCaL as --sat (1).
c [w = 338] Encoding starts with w = 338:
c [w = 338] Symmetry breaking highest degree node is applied.
c [w = 338] Encoding duration: 10552 ms.
c [w = 338] Number of clauses: 9843609.
c [w = 338] Number of variables: 2172000.
c [w = 338] SAT Solving starts:
c [Signal] Signal interruption. Caught signal: SIGTERM (15).
c [Main] Lim pid ends with result: 254.
c [Main] All children have completed.
r [Main] 
r [Main] Final results: 
r [Main] Max width SAT:  	301.
r [Main] Min width UNSAT:	-.
r [Main] Total real time: 1811465 ms.
r [Main] Total memory consumed: 21987.3 MB.
r [Main] 
c [w = 313] Start task in PID: 26744.
c [w = 313] Cyclic Antibandwidth problem with w = 313 (caterpillar_40_20.txt):
c [w = 313] Initializing CaDiCaL (version 2.1.3).
c [w = 313] Configuring CaDiCaL as --sat (1).
c [w = 313] Encoding starts with w = 313:
c [w = 313] Symmetry breaking highest degree node is applied.
c [w = 313] Encoding duration: 10348 ms.
c [w = 313] Number of clauses: 9643609.
c [w = 313] Number of variables: 2112000.
c [w = 313] SAT Solving starts:
c [Signal] Signal interruption. Caught signal: SIGTERM (15).
