c [Version] Cyclic Bandwidth Encoder version 1.0.0.
c [Param] Real time limit is set to 150.
c [Param] Memory limit is set to 30000.
c [Param] Worker count is set to 4.
c [Main] Encoding and solving for graph: double_star_100_30.txt.
c [Main] Search strategy: Binary search from upper bound.
c [Main] No predefined lower bound is found for double_star_100_30.txt.
c [Main] LB-w = 2 (default value).
c [Main] Upper bound is set to 16.
c [Main] Search order: 9 13 15 16 14 11 12 10 5 7 8 6 3 4 2.
c [w = 13] Start task in PID: 7068.
c [w = 13] Cyclic Antibandwidth problem with w = 13 (double_star_100_30.txt):
c [w = 13] Initializing CaDiCaL (version 2.1.3).
c [w = 13] Configuring CaDiCaL as --sat (1).
c [w = 13] Encoding starts with w = 13:
c [w = 13] Symmetry breaking highest degree node is applied.
c [w = 13] Encoding duration: 154 ms.
c [w = 13] Number of clauses: 236695.
c [w = 13] Number of variables: 52260.
c [w = 13] SAT Solving starts:
c [w = 13] Solving duration: 176 ms.
c [w = 13] Answer:
s [w = 13] SAT (w = 13).
c [w = 13] Solution check = 13.
c [w = 13] The solution is correct.
c [w = 13] Result: 10.
c [Main] Max width SAT is set to 13.
c [Main] Kill lower pid 9.
c [w = 9] Start task in PID: 7067.
c [w = 9] Cyclic Antibandwidth problem with w = 9 (double_star_100_30.txt):
c [w = 9] Initializing CaDiCaL (version 2.1.3).
c [w = 9] Configuring CaDiCaL as --sat (1).
c [w = 9] Encoding starts with w = 9:
c [w = 9] Symmetry breaking highest degree node is applied.
c [w = 9] Encoding duration: 156 ms.
c [w = 9] Number of clauses: 238790.
c [w = 9] Number of variables: 50960.
c [w = 9] SAT Solving starts:
c [Signal] Signal interruption. Caught signal: SIGTERM (15).
c [Main] Child pid 9 - 7067 terminated by signal 15.
c [w = 14] Start task in PID: 7075.
c [w = 14] Cyclic Antibandwidth problem with w = 14 (double_star_100_30.txt):
c [w = 14] Initializing CaDiCaL (version 2.1.3).
c [w = 14] Configuring CaDiCaL as --sat (1).
c [w = 14] Encoding starts with w = 14:
c [w = 14] Symmetry breaking highest degree node is applied.
c [w = 14] Encoding duration: 150 ms.
c [w = 14] Number of clauses: 240725.
c [w = 14] Number of variables: 53560.
c [w = 14] SAT Solving starts:
c [w = 14] Solving duration: 4717 ms.
c [w = 14] Answer:
s [w = 14] SAT (w = 14).
c [w = 14] Solution check = 14.
c [w = 14] The solution is correct.
c [w = 14] Result: 10.
c [Main] Max width SAT is set to 14.
c [w = 15] Start task in PID: 7069.
c [w = 15] Cyclic Antibandwidth problem with w = 15 (double_star_100_30.txt):
c [w = 15] Initializing CaDiCaL (version 2.1.3).
c [w = 15] Configuring CaDiCaL as --sat (1).
c [w = 15] Encoding starts with w = 15:
c [w = 15] Symmetry breaking highest degree node is applied.
c [w = 15] Encoding duration: 153 ms.
c [w = 15] Number of clauses: 239162.
c [w = 15] Number of variables: 53300.
c [w = 15] SAT Solving starts:
c [w = 15] Solving duration: 65270 ms.
c [w = 15] Answer:
s [w = 15] SAT (w = 15).
c [w = 15] Solution check = 15.
c [w = 15] The solution is correct.
c [w = 15] Result: 10.
c [Main] Max width SAT is set to 15.
c [w = 16] Start task in PID: 7070.
c [w = 16] Cyclic Antibandwidth problem with w = 16 (double_star_100_30.txt):
c [w = 16] Initializing CaDiCaL (version 2.1.3).
c [w = 16] Configuring CaDiCaL as --sat (1).
c [w = 16] Encoding starts with w = 16:
c [w = 16] Symmetry breaking highest degree node is applied.
c [w = 16] Encoding duration: 156 ms.
c [w = 16] Number of clauses: 242802.
c [w = 16] Number of variables: 54470.
c [w = 16] SAT Solving starts:
c [Signal] Signal interruption. Caught signal: SIGTERM (15).
c [Main] Lim pid ends with result: 254.
c [Main] All children have completed.
r [Main] 
r [Main] Final results: 
r [Main] Max width SAT:  	15.
r [Main] Min width UNSAT:	-.
r [Main] Total real time: 150634 ms.
r [Main] Total memory consumed: 269.1 MB.
r [Main] 
