c [Version] Cyclic Bandwidth Encoder version 1.0.0.
c [Param] Real time limit is set to 150.
c [Param] Memory limit is set to 30000.
c [Param] Worker count is set to 4.
c [Main] Encoding and solving for graph: double_star_35_25.txt.
c [Main] Search strategy: Binary search from lower bound.
c [Main] No predefined lower bound is found for double_star_35_25.txt.
c [Main] LB-w = 2 (default value).
c [Main] Upper bound is set to 13.
c [Main] Search order: 7 4 2 3 5 6 10 8 9 12 11 13.
c [w = 3] Start task in PID: 175773.
c [w = 3] Cyclic Antibandwidth problem with w = 3 (double_star_35_25.txt):
c [w = 3] Initializing CaDiCaL (version 2.1.3).
c [w = 3] Configuring CaDiCaL as --sat (1).
c [w = 3] Encoding starts with w = 3:
c [w = 3] Symmetry breaking highest degree node is applied.
c [w = 3] Encoding duration: 18 ms.
c [w = 3] Number of clauses: 50730.
c [w = 3] Number of variables: 8880.
c [w = 3] SAT Solving starts:
c [w = 3] Solving duration: 7 ms.
c [w = 3] Answer:
s [w = 3] SAT (w = 3).
c [w = 3] Solution check = 3.
c [w = 3] The solution is correct.
c [w = 3] Result: 10.
c [w = 2] Start task in PID: 175772.
c [w = 2] Cyclic Antibandwidth problem with w = 2 (double_star_35_25.txt):
c [w = 2] Initializing CaDiCaL (version 2.1.3).
c [w = 2] Configuring CaDiCaL as --sat (1).
c [w = 2] Encoding starts with w = 2:
c [w = 2] Symmetry breaking highest degree node is applied.
c [w = 2] Encoding duration: 19 ms.
c [w = 2] Number of clauses: 58800.
c [w = 2] Number of variables: 7080.
c [w = 2] SAT Solving starts:
c [w = 2] Solving duration: 5 ms.
c [w = 2] Answer:
s [w = 2] SAT (w = 2).
c [w = 2] Solution check = 2.
c [w = 2] The solution is correct.
c [w = 2] Result: 10.
c [Main] Max width SAT is set to 3.
c [Main] Kill lower pid 2.
c [w = 4] Start task in PID: 175771.
c [w = 4] Cyclic Antibandwidth problem with w = 4 (double_star_35_25.txt):
c [w = 4] Initializing CaDiCaL (version 2.1.3).
c [w = 4] Configuring CaDiCaL as --sat (1).
c [w = 4] Encoding starts with w = 4:
c [w = 4] Symmetry breaking highest degree node is applied.
c [w = 4] Encoding duration: 19 ms.
c [w = 4] Number of clauses: 48975.
c [w = 4] Number of variables: 9780.
c [w = 4] SAT Solving starts:
c [w = 4] Solving duration: 12 ms.
c [w = 4] Answer:
s [w = 4] SAT (w = 4).
c [w = 4] Solution check = 4.
c [w = 4] The solution is correct.
c [w = 4] Result: 10.
c [Main] Max width SAT is set to 4.
c [w = 7] Start task in PID: 175770.
c [w = 7] Cyclic Antibandwidth problem with w = 7 (double_star_35_25.txt):
c [w = 7] Initializing CaDiCaL (version 2.1.3).
c [w = 7] Configuring CaDiCaL as --sat (1).
c [w = 7] Encoding starts with w = 7:
c [w = 7] Symmetry breaking highest degree node is applied.
c [w = 7] Encoding duration: 19 ms.
c [w = 7] Number of clauses: 49497.
c [w = 7] Number of variables: 11040.
c [w = 7] SAT Solving starts:
c [w = 7] Solving duration: 49 ms.
c [w = 7] Answer:
s [w = 7] SAT (w = 7).
c [w = 7] Solution check = 7.
c [w = 7] The solution is correct.
c [w = 7] Result: 10.
c [Main] Max width SAT is set to 7.
c [Main] Kill lower pid 6.
c [Main] Kill lower pid 5.
c [w = 5] Start task in PID: 175774.
c [w = 5] Cyclic Antibandwidth problem with w = 5 (double_star_35_25.txt):
c [w = 5] Initializing CaDiCaL (version 2.1.3).
c [w = 5] Configuring CaDiCaL as --sat (1).
c [w = 5] Encoding starts with w = 5:
c [w = 5] Symmetry breaking highest degree node is applied.
c [w = 5] Encoding duration: 18 ms.
c [w = 5] Number of clauses: 48666.
c [w = 5] Number of variables: 10320.
c [w = 5] SAT Solving starts:
c [Signal] Signal interruption. Caught signal: SIGTERM (15).
c [w = 6] Start task in PID: 175775.
c [w = 6] Cyclic Antibandwidth problem with w = 6 (double_star_35_25.txt):
c [w = 6] Initializing CaDiCaL (version 2.1.3).
c [w = 6] Configuring CaDiCaL as --sat (1).
c [w = 6] Encoding starts with w = 6:
c [w = 6] Symmetry breaking highest degree node is applied.
c [w = 6] Encoding duration: 19 ms.
c [w = 6] Number of clauses: 48780.
c [w = 6] Number of variables: 10680.
c [w = 6] SAT Solving starts:
c [Signal] Signal interruption. Caught signal: SIGTERM (15).
c [Main] Child pid 5 - 175774 terminated by signal 15.
c [Main] Child pid 6 - 175775 terminated by signal 15.
c [w = 10] Start task in PID: 175776.
c [w = 10] Cyclic Antibandwidth problem with w = 10 (double_star_35_25.txt):
c [w = 10] Initializing CaDiCaL (version 2.1.3).
c [w = 10] Configuring CaDiCaL as --sat (1).
c [w = 10] Encoding starts with w = 10:
c [w = 10] Symmetry breaking highest degree node is applied.
c [w = 10] Encoding duration: 23 ms.
c [w = 10] Number of clauses: 49848.
c [w = 10] Number of variables: 11400.
c [w = 10] SAT Solving starts:
c [w = 10] Solving duration: 42 ms.
c [w = 10] Answer:
s [w = 10] SAT (w = 10).
c [w = 10] Solution check = 10.
c [w = 10] The solution is correct.
c [w = 10] Result: 10.
c [Main] Max width SAT is set to 10.
c [Main] Kill lower pid 9.
c [Main] Kill lower pid 8.
c [w = 9] Start task in PID: 175778.
c [w = 9] Cyclic Antibandwidth problem with w = 9 (double_star_35_25.txt):
c [w = 9] Initializing CaDiCaL (version 2.1.3).
c [w = 9] Configuring CaDiCaL as --sat (1).
c [w = 9] Encoding starts with w = 9:
c [w = 9] Symmetry breaking highest degree node is applied.
c [w = 9] Encoding duration: 18 ms.
c [w = 9] Number of clauses: 50031.
c [w = 9] Number of variables: 11400.
c [w = 9] SAT Solving starts:
c [Signal] Signal interruption. Caught signal: SIGTERM (15).
c [w = 8] Start task in PID: 175777.
c [w = 8] Cyclic Antibandwidth problem with w = 8 (double_star_35_25.txt):
c [w = 8] Initializing CaDiCaL (version 2.1.3).
c [w = 8] Configuring CaDiCaL as --sat (1).
c [w = 8] Encoding starts with w = 8:
c [w = 8] Symmetry breaking highest degree node is applied.
c [w = 8] Encoding duration: 19 ms.
c [w = 8] Number of clauses: 49914.
c [w = 8] Number of variables: 11280.
c [w = 8] SAT Solving starts:
c [Signal] Signal interruption. Caught signal: SIGTERM (15).
c [Main] Child pid 9 - 175778 terminated by signal 15.
c [Main] Child pid 8 - 175777 terminated by signal 15.
c [w = 13] Start task in PID: 175781.
c [w = 13] Cyclic Antibandwidth problem with w = 13 (double_star_35_25.txt):
c [w = 13] Initializing CaDiCaL (version 2.1.3).
c [w = 13] Configuring CaDiCaL as --sat (1).
c [w = 13] Encoding starts with w = 13:
c [w = 13] Symmetry breaking highest degree node is applied.
c [w = 13] Encoding duration: 19 ms.
c [w = 13] Number of clauses: 51285.
c [w = 13] Number of variables: 11880.
c [w = 13] SAT Solving starts:
c [w = 13] Solving duration: 1 ms.
c [w = 13] Answer:
s [w = 13] SAT (w = 13).
c [w = 13] Solution check = 13.
c [w = 13] The solution is correct.
c [w = 13] Result: 10.
c [Main] Max width SAT is set to 13.
c [Main] Kill lower pid 11.
c [Main] Kill lower pid 12.
c [w = 11] Start task in PID: 175780.
c [w = 11] Cyclic Antibandwidth problem with w = 11 (double_star_35_25.txt):
c [w = 11] Initializing CaDiCaL (version 2.1.3).
c [w = 11] Configuring CaDiCaL as --sat (1).
c [w = 11] Encoding starts with w = 11:
c [w = 11] Symmetry breaking highest degree node is applied.
c [w = 11] Encoding duration: 20 ms.
c [w = 11] Number of clauses: 50988.
c [w = 11] Number of variables: 11760.
c [w = 11] SAT Solving starts:
c [Signal] Signal interruption. Caught signal: SIGTERM (15).
c [w = 12] Start task in PID: 175779.
c [w = 12] Cyclic Antibandwidth problem with w = 12 (double_star_35_25.txt):
c [w = 12] Initializing CaDiCaL (version 2.1.3).
c [w = 12] Configuring CaDiCaL as --sat (1).
c [w = 12] Encoding starts with w = 12:
c [w = 12] Symmetry breaking highest degree node is applied.
c [w = 12] Encoding duration: 20 ms.
c [w = 12] Number of clauses: 50325.
c [w = 12] Number of variables: 11580.
c [w = 12] SAT Solving starts:
c [Signal] Signal interruption. Caught signal: SIGTERM (15).
c [Main] Child pid 11 - 175780 terminated by signal 15.
c [Main] Child pid 12 - 175779 terminated by signal 15.
c [Signal] Signal interruption. Caught signal: SIGTERM (15).
c [Main] All children have completed.
r [Main] 
r [Main] Final results: 
r [Main] Max width SAT:  	13.
r [Main] Min width UNSAT:	-.
r [Main] Total real time: 139 ms.
r [Main] Total memory consumed: 61.7 MB.
r [Main] 
