c [Version] Cyclic Bandwidth Encoder version 1.0.0.
c [Param] Real time limit is set to 150.
c [Param] Memory limit is set to 30000.
c [Param] Worker count is set to 8.
c [Main] Encoding and solving for graph: 3dmesh_4_4_200.txt.
c [Main] Search strategy: Binary search from upper bound.
c [Main] No predefined lower bound is found for 3dmesh_4_4_200.txt.
c [Main] LB-w = 2 (default value).
c [Main] Upper bound is set to 1592.
c [Main] Search order: 797 1195 1394 1493 1543 1568 1580 1586 1589 1591 1592 1590 1587 1588 1583 1584 1585 1581 1582 1574 1577 1578 1579 1575 1576 1571 1572 1573 1569 1570 1555 1561 1564 1566 1567 1565 1562 1563 1558 1559 1560 1556 1557 1549 1552 1553 1554 1550 1551 1546 1547 1548 1544 1545 1518 1530 1536 1539 1541 1542 1540 1537 1538 1533 1534 1535 1531 1532 1524 1527 1528 1529 1525 1526 1521 1522 1523 1519 1520 1505 1511 1514 1516 1517 1515 1512 1513 1508 1509 1510 1506 1507 1499 1502 1503 1504 1500 1501 1496 1497 1498 1494 1495 1443 1468 1480 1486 1489 1491 1492 1490 1487 1488 1483 1484 1485 1481 1482 1474 1477 1478 1479 1475 1476 1471 1472 1473 1469 1470 1455 1461 1464 1466 1467 1465 1462 1463 1458 1459 1460 1456 1457 1449 1452 1453 1454 1450 1451 1446 1447 1448 1444 1445 1418 1430 1436 1439 1441 1442 1440 1437 1438 1433 1434 1435 1431 1432 1424 1427 1428 1429 1425 1426 1421 1422 1423 1419 1420 1406 1412 1415 1416 1417 1413 1414 1409 1410 1411 1407 1408 1400 1403 1404 1405 1401 1402 1397 1398 1399 1395 1396 1294 1344 1369 1381 1387 1390 1392 1393 1391 1388 1389 1384 1385 1386 1382 1383 1375 1378 1379 1380 1376 1377 1372 1373 1374 1370 1371 1356 1362 1365 1367 1368 1366 1363 1364 1359 1360 1361 1357 1358 1350 1353 1354 1355 1351 1352 1347 1348 1349 1345 1346 1319 1331 1337 1340 1342 1343 1341 1338 1339 1334 1335 1336 1332 1333 1325 1328 1329 1330 1326 1327 1322 1323 1324 1320 1321 1306 1312 1315 1317 1318 1316 1313 1314 1309 1310 1311 1307 1308 1300 1303 1304 1305 1301 1302 1297 1298 1299 1295 1296 1244 1269 1281 1287 1290 1292 1293 1291 1288 1289 1284 1285 1286 1282 1283 1275 1278 1279 1280 1276 1277 1272 1273 1274 1270 1271 1256 1262 1265 1267 1268 1266 1263 1264 1259 1260 1261 1257 1258 1250 1253 1254 1255 1251 1252 1247 1248 1249 1245 1246 1219 1231 1237 1240 1242 1243 1241 1238 1239 1234 1235 1236 1232 1233 1225 1228 1229 1230 1226 1227 1222 1223 1224 1220 1221 1207 1213 1216 1217 1218 1214 1215 1210 1211 1212 1208 1209 1201 1204 1205 1206 1202 1203 1198 1199 1200 1196 1197 996 1095 1145 1170 1182 1188 1191 1193 1194 1192 1189 1190 1185 1186 1187 1183 1184 1176 1179 1180 1181 1177 1178 1173 1174 1175 1171 1172 1157 1163 1166 1168 1169 1167 1164 1165 1160 1161 1162 1158 1159 1151 1154 1155 1156 1152 1153 1148 1149 1150 1146 1147 1120 1132 1138 1141 1143 1144 1142 1139 1140 1135 1136 1137 1133 1134 1126 1129 1130 1131 1127 1128 1123 1124 1125 1121 1122 1107 1113 1116 1118 1119 1117 1114 1115 1110 1111 1112 1108 1109 1101 1104 1105 1106 1102 1103 1098 1099 1100 1096 1097 1045 1070 1082 1088 1091 1093 1094 1092 1089 1090 1085 1086 1087 1083 1084 1076 1079 1080 1081 1077 1078 1073 1074 1075 1071 1072 1057 1063 1066 1068 1069 1067 1064 1065 1060 1061 1062 1058 1059 1051 1054 1055 1056 1052 1053 1048 1049 1050 1046 1047 1020 1032 1038 1041 1043 1044 1042 1039 1040 1035 1036 1037 1033 1034 1026 1029 1030 1031 1027 1028 1023 1024 1025 1021 1022 1008 1014 1017 1018 1019 1015 1016 1011 1012 1013 1009 1010 1002 1005 1006 1007 1003 1004 999 1000 1001 997 998 896 946 971 983 989 992 994 995 993 990 991 986 987 988 984 985 977 980 981 982 978 979 974 975 976 972 973 958 964 967 969 970 968 965 966 961 962 963 959 960 952 955 956 957 953 954 949 950 951 947 948 921 933 939 942 944 945 943 940 941 936 937 938 934 935 927 930 931 932 928 929 924 925 926 922 923 908 914 917 919 920 918 915 916 911 912 913 909 910 902 905 906 907 903 904 899 900 901 897 898 846 871 883 889 892 894 895 893 890 891 886 887 888 884 885 877 880 881 882 878 879 874 875 876 872 873 858 864 867 869 870 868 865 866 861 862 863 859 860 852 855 856 857 853 854 849 850 851 847 848 821 833 839 842 844 845 843 840 841 836 837 838 834 835 827 830 831 832 828 829 824 825 826 822 823 809 815 818 819 820 816 817 812 813 814 810 811 803 806 807 808 804 805 800 801 802 798 799 399 598 697 747 772 784 790 793 795 796 794 791 792 787 788 789 785 786 778 781 782 783 779 780 775 776 777 773 774 759 765 768 770 771 769 766 767 762 763 764 760 761 753 756 757 758 754 755 750 751 752 748 749 722 734 740 743 745 746 744 741 742 737 738 739 735 736 728 731 732 733 729 730 725 726 727 723 724 709 715 718 720 721 719 716 717 712 713 714 710 711 703 706 707 708 704 705 700 701 702 698 699 647 672 684 690 693 695 696 694 691 692 687 688 689 685 686 678 681 682 683 679 680 675 676 677 673 674 659 665 668 670 671 669 666 667 662 663 664 660 661 653 656 657 658 654 655 650 651 652 648 649 622 634 640 643 645 646 644 641 642 637 638 639 635 636 628 631 632 633 629 630 625 626 627 623 624 610 616 619 620 621 617 618 613 614 615 611 612 604 607 608 609 605 606 601 602 603 599 600 498 548 573 585 591 594 596 597 595 592 593 588 589 590 586 587 579 582 583 584 580 581 576 577 578 574 575 560 566 569 571 572 570 567 568 563 564 565 561 562 554 557 558 559 555 556 551 552 553 549 550 523 535 541 544 546 547 545 542 543 538 539 540 536 537 529 532 533 534 530 531 526 527 528 524 525 510 516 519 521 522 520 517 518 513 514 515 511 512 504 507 508 509 505 506 501 502 503 499 500 448 473 485 491 494 496 497 495 492 493 488 489 490 486 487 479 482 483 484 480 481 476 477 478 474 475 460 466 469 471 472 470 467 468 463 464 465 461 462 454 457 458 459 455 456 451 452 453 449 450 423 435 441 444 446 447 445 442 443 438 439 440 436 437 429 432 433 434 430 431 426 427 428 424 425 411 417 420 421 422 418 419 414 415 416 412 413 405 408 409 410 406 407 402 403 404 400 401 200 299 349 374 386 392 395 397 398 396 393 394 389 390 391 387 388 380 383 384 385 381 382 377 378 379 375 376 361 367 370 372 373 371 368 369 364 365 366 362 363 355 358 359 360 356 357 352 353 354 350 351 324 336 342 345 347 348 346 343 344 339 340 341 337 338 330 333 334 335 331 332 327 328 329 325 326 311 317 320 322 323 321 318 319 314 315 316 312 313 305 308 309 310 306 307 302 303 304 300 301 249 274 286 292 295 297 298 296 293 294 289 290 291 287 288 280 283 284 285 281 282 277 278 279 275 276 261 267 270 272 273 271 268 269 264 265 266 262 263 255 258 259 260 256 257 252 253 254 250 251 224 236 242 245 247 248 246 243 244 239 240 241 237 238 230 233 234 235 231 232 227 228 229 225 226 212 218 221 222 223 219 220 215 216 217 213 214 206 209 210 211 207 208 203 204 205 201 202 100 150 175 187 193 196 198 199 197 194 195 190 191 192 188 189 181 184 185 186 182 183 178 179 180 176 177 162 168 171 173 174 172 169 170 165 166 167 163 164 156 159 160 161 157 158 153 154 155 151 152 125 137 143 146 148 149 147 144 145 140 141 142 138 139 131 134 135 136 132 133 128 129 130 126 127 112 118 121 123 124 122 119 120 115 116 117 113 114 106 109 110 111 107 108 103 104 105 101 102 50 75 87 93 96 98 99 97 94 95 90 91 92 88 89 81 84 85 86 82 83 78 79 80 76 77 62 68 71 73 74 72 69 70 65 66 67 63 64 56 59 60 61 57 58 53 54 55 51 52 25 37 43 46 48 49 47 44 45 40 41 42 38 39 31 34 35 36 32 33 28 29 30 26 27 13 19 22 23 24 20 21 16 17 18 14 15 7 10 11 12 8 9 4 5 6 2 3.
c [w = 1543] Start task in PID: 19424.
c [w = 1543] Cyclic Antibandwidth problem with w = 1543 (3dmesh_4_4_200.txt):
c [w = 1543] Initializing CaDiCaL (version 2.1.3).
c [w = 1543] Configuring CaDiCaL as --sat (1).
c [w = 1543] Encoding starts with w = 1543:
c [w = 1543] Symmetry breaking highest degree node is applied.
c [Signal] Signal interruption. Caught signal: SIGTERM (15).
c [w = 797] Start task in PID: 19420.
c [w = 797] Cyclic Antibandwidth problem with w = 797 (3dmesh_4_4_200.txt):
c [w = 797] Initializing CaDiCaL (version 2.1.3).
c [w = 797] Configuring CaDiCaL as --sat (1).
c [w = 797] Encoding starts with w = 797:
c [w = 797] Symmetry breaking highest degree node is applied.
c [Signal] Signal interruption. Caught signal: SIGTERM (15).
c [w = 1568] Start task in PID: 19425.
c [w = 1568] Cyclic Antibandwidth problem with w = 1568 (3dmesh_4_4_200.txt):
c [w = 1568] Initializing CaDiCaL (version 2.1.3).
c [w = 1568] Configuring CaDiCaL as --sat (1).
c [w = 1568] Encoding starts with w = 1568:
c [w = 1568] Symmetry breaking highest degree node is applied.
c [Signal] Signal interruption. Caught signal: SIGTERM (15).
c [w = 1493] Start task in PID: 19423.
c [w = 1493] Cyclic Antibandwidth problem with w = 1493 (3dmesh_4_4_200.txt):
c [w = 1493] Initializing CaDiCaL (version 2.1.3).
c [w = 1493] Configuring CaDiCaL as --sat (1).
c [w = 1493] Encoding starts with w = 1493:
c [w = 1493] Symmetry breaking highest degree node is applied.
c [Signal] Signal interruption. Caught signal: SIGTERM (15).
c [w = 1195] Start task in PID: 19421.
c [w = 1195] Cyclic Antibandwidth problem with w = 1195 (3dmesh_4_4_200.txt):
c [w = 1195] Initializing CaDiCaL (version 2.1.3).
c [w = 1195] Configuring CaDiCaL as --sat (1).
c [w = 1195] Encoding starts with w = 1195:
c [w = 1195] Symmetry breaking highest degree node is applied.
c [Signal] Signal interruption. Caught signal: SIGTERM (15).
c [Main] Lim pid ends with result: 255.
c [Main] All children have completed.
r [Main] 
r [Main] Final results: 
r [Main] Max width SAT:  	-.
r [Main] Min width UNSAT:	-.
r [Main] Total real time: 5637 ms.
r [Main] Total memory consumed: 30141.1 MB.
r [Main] 
c [w = 1580] Start task in PID: 19426.
c [w = 1580] Cyclic Antibandwidth problem with w = 1580 (3dmesh_4_4_200.txt):
c [w = 1580] Initializing CaDiCaL (version 2.1.3).
c [w = 1580] Configuring CaDiCaL as --sat (1).
c [w = 1580] Encoding starts with w = 1580:
c [w = 1580] Symmetry breaking highest degree node is applied.
c [Signal] Signal interruption. Caught signal: SIGTERM (15).
c [w = 1586] Start task in PID: 19427.
c [w = 1586] Cyclic Antibandwidth problem with w = 1586 (3dmesh_4_4_200.txt):
c [w = 1586] Initializing CaDiCaL (version 2.1.3).
c [w = 1586] Configuring CaDiCaL as --sat (1).
c [w = 1586] Encoding starts with w = 1586:
c [w = 1586] Symmetry breaking highest degree node is applied.
c [Signal] Signal interruption. Caught signal: SIGTERM (15).
c [w = 1394] Start task in PID: 19422.
c [w = 1394] Cyclic Antibandwidth problem with w = 1394 (3dmesh_4_4_200.txt):
c [w = 1394] Initializing CaDiCaL (version 2.1.3).
c [w = 1394] Configuring CaDiCaL as --sat (1).
c [w = 1394] Encoding starts with w = 1394:
c [w = 1394] Symmetry breaking highest degree node is applied.
c [Signal] Signal interruption. Caught signal: SIGTERM (15).
