c [Version] Cyclic Bandwidth Encoder version 1.0.0.
c [Param] Real time limit is set to 150.
c [Param] Memory limit is set to 30000.
c [Param] Worker count is set to 8.
c [Main] Encoding and solving for graph: 3dmesh_6_6_72.txt.
c [Main] Search strategy: Binary search from upper bound.
c [Main] No predefined lower bound is found for 3dmesh_6_6_72.txt.
c [Main] LB-w = 2 (default value).
c [Main] Upper bound is set to 1277.
c [Main] Search order: 639 958 1118 1198 1238 1258 1268 1273 1275 1276 1277 1274 1270 1271 1272 1269 1263 1265 1266 1267 1264 1260 1261 1262 1259 1248 1253 1255 1256 1257 1254 1250 1251 1252 1249 1243 1245 1246 1247 1244 1240 1241 1242 1239 1218 1228 1233 1235 1236 1237 1234 1230 1231 1232 1229 1223 1225 1226 1227 1224 1220 1221 1222 1219 1208 1213 1215 1216 1217 1214 1210 1211 1212 1209 1203 1205 1206 1207 1204 1200 1201 1202 1199 1158 1178 1188 1193 1195 1196 1197 1194 1190 1191 1192 1189 1183 1185 1186 1187 1184 1180 1181 1182 1179 1168 1173 1175 1176 1177 1174 1170 1171 1172 1169 1163 1165 1166 1167 1164 1160 1161 1162 1159 1138 1148 1153 1155 1156 1157 1154 1150 1151 1152 1149 1143 1145 1146 1147 1144 1140 1141 1142 1139 1128 1133 1135 1136 1137 1134 1130 1131 1132 1129 1123 1125 1126 1127 1124 1120 1121 1122 1119 1038 1078 1098 1108 1113 1115 1116 1117 1114 1110 1111 1112 1109 1103 1105 1106 1107 1104 1100 1101 1102 1099 1088 1093 1095 1096 1097 1094 1090 1091 1092 1089 1083 1085 1086 1087 1084 1080 1081 1082 1079 1058 1068 1073 1075 1076 1077 1074 1070 1071 1072 1069 1063 1065 1066 1067 1064 1060 1061 1062 1059 1048 1053 1055 1056 1057 1054 1050 1051 1052 1049 1043 1045 1046 1047 1044 1040 1041 1042 1039 998 1018 1028 1033 1035 1036 1037 1034 1030 1031 1032 1029 1023 1025 1026 1027 1024 1020 1021 1022 1019 1008 1013 1015 1016 1017 1014 1010 1011 1012 1009 1003 1005 1006 1007 1004 1000 1001 1002 999 978 988 993 995 996 997 994 990 991 992 989 983 985 986 987 984 980 981 982 979 968 973 975 976 977 974 970 971 972 969 963 965 966 967 964 960 961 962 959 798 878 918 938 948 953 955 956 957 954 950 951 952 949 943 945 946 947 944 940 941 942 939 928 933 935 936 937 934 930 931 932 929 923 925 926 927 924 920 921 922 919 898 908 913 915 916 917 914 910 911 912 909 903 905 906 907 904 900 901 902 899 888 893 895 896 897 894 890 891 892 889 883 885 886 887 884 880 881 882 879 838 858 868 873 875 876 877 874 870 871 872 869 863 865 866 867 864 860 861 862 859 848 853 855 856 857 854 850 851 852 849 843 845 846 847 844 840 841 842 839 818 828 833 835 836 837 834 830 831 832 829 823 825 826 827 824 820 821 822 819 808 813 815 816 817 814 810 811 812 809 803 805 806 807 804 800 801 802 799 718 758 778 788 793 795 796 797 794 790 791 792 789 783 785 786 787 784 780 781 782 779 768 773 775 776 777 774 770 771 772 769 763 765 766 767 764 760 761 762 759 738 748 753 755 756 757 754 750 751 752 749 743 745 746 747 744 740 741 742 739 728 733 735 736 737 734 730 731 732 729 723 725 726 727 724 720 721 722 719 678 698 708 713 715 716 717 714 710 711 712 709 703 705 706 707 704 700 701 702 699 688 693 695 696 697 694 690 691 692 689 683 685 686 687 684 680 681 682 679 658 668 673 675 676 677 674 670 671 672 669 663 665 666 667 664 660 661 662 659 648 653 655 656 657 654 650 651 652 649 643 645 646 647 644 641 642 640 320 479 559 599 619 629 634 636 637 638 635 631 632 633 630 624 626 627 628 625 621 622 623 620 609 614 616 617 618 615 611 612 613 610 604 606 607 608 605 601 602 603 600 579 589 594 596 597 598 595 591 592 593 590 584 586 587 588 585 581 582 583 580 569 574 576 577 578 575 571 572 573 570 564 566 567 568 565 561 562 563 560 519 539 549 554 556 557 558 555 551 552 553 550 544 546 547 548 545 541 542 543 540 529 534 536 537 538 535 531 532 533 530 524 526 527 528 525 521 522 523 520 499 509 514 516 517 518 515 511 512 513 510 504 506 507 508 505 501 502 503 500 489 494 496 497 498 495 491 492 493 490 484 486 487 488 485 481 482 483 480 399 439 459 469 474 476 477 478 475 471 472 473 470 464 466 467 468 465 461 462 463 460 449 454 456 457 458 455 451 452 453 450 444 446 447 448 445 441 442 443 440 419 429 434 436 437 438 435 431 432 433 430 424 426 427 428 425 421 422 423 420 409 414 416 417 418 415 411 412 413 410 404 406 407 408 405 401 402 403 400 359 379 389 394 396 397 398 395 391 392 393 390 384 386 387 388 385 381 382 383 380 369 374 376 377 378 375 371 372 373 370 364 366 367 368 365 361 362 363 360 339 349 354 356 357 358 355 351 352 353 350 344 346 347 348 345 341 342 343 340 329 334 336 337 338 335 331 332 333 330 324 326 327 328 325 322 323 321 160 240 280 300 310 315 317 318 319 316 312 313 314 311 305 307 308 309 306 302 303 304 301 290 295 297 298 299 296 292 293 294 291 285 287 288 289 286 282 283 284 281 260 270 275 277 278 279 276 272 273 274 271 265 267 268 269 266 262 263 264 261 250 255 257 258 259 256 252 253 254 251 245 247 248 249 246 242 243 244 241 200 220 230 235 237 238 239 236 232 233 234 231 225 227 228 229 226 222 223 224 221 210 215 217 218 219 216 212 213 214 211 205 207 208 209 206 202 203 204 201 180 190 195 197 198 199 196 192 193 194 191 185 187 188 189 186 182 183 184 181 170 175 177 178 179 176 172 173 174 171 165 167 168 169 166 162 163 164 161 80 120 140 150 155 157 158 159 156 152 153 154 151 145 147 148 149 146 142 143 144 141 130 135 137 138 139 136 132 133 134 131 125 127 128 129 126 122 123 124 121 100 110 115 117 118 119 116 112 113 114 111 105 107 108 109 106 102 103 104 101 90 95 97 98 99 96 92 93 94 91 85 87 88 89 86 82 83 84 81 40 60 70 75 77 78 79 76 72 73 74 71 65 67 68 69 66 62 63 64 61 50 55 57 58 59 56 52 53 54 51 45 47 48 49 46 42 43 44 41 20 30 35 37 38 39 36 32 33 34 31 25 27 28 29 26 22 23 24 21 10 15 17 18 19 16 12 13 14 11 5 7 8 9 6 3 4 2.
c [w = 1258] Start task in PID: 19544.
c [w = 1258] Cyclic Antibandwidth problem with w = 1258 (3dmesh_6_6_72.txt):
c [w = 1258] Initializing CaDiCaL (version 2.1.3).
c [w = 1258] Configuring CaDiCaL as --sat (1).
c [w = 1258] Encoding starts with w = 1258:
c [w = 1258] Symmetry breaking highest degree node is applied.
c [Signal] Signal interruption. Caught signal: SIGTERM (15).
c [w = 1118] Start task in PID: 19541.
c [w = 1118] Cyclic Antibandwidth problem with w = 1118 (3dmesh_6_6_72.txt):
c [w = 1118] Initializing CaDiCaL (version 2.1.3).
c [w = 1118] Configuring CaDiCaL as --sat (1).
c [w = 1118] Encoding starts with w = 1118:
c [w = 1118] Symmetry breaking highest degree node is applied.
c [Signal] Signal interruption. Caught signal: SIGTERM (15).
c [w = 639] Start task in PID: 19539.
c [w = 639] Cyclic Antibandwidth problem with w = 639 (3dmesh_6_6_72.txt):
c [w = 639] Initializing CaDiCaL (version 2.1.3).
c [w = 639] Configuring CaDiCaL as --sat (1).
c [w = 639] Encoding starts with w = 639:
c [w = 639] Symmetry breaking highest degree node is applied.
c [Signal] Signal interruption. Caught signal: SIGTERM (15).
c [Main] Lim pid ends with result: 255.
c [Main] All children have completed.
r [Main] 
r [Main] Final results: 
r [Main] Max width SAT:  	-.
r [Main] Min width UNSAT:	-.
r [Main] Total real time: 8153 ms.
r [Main] Total memory consumed: 30485.9 MB.
r [Main] 
c [w = 1268] Start task in PID: 19545.
c [w = 1268] Cyclic Antibandwidth problem with w = 1268 (3dmesh_6_6_72.txt):
c [w = 1268] Initializing CaDiCaL (version 2.1.3).
c [w = 1268] Configuring CaDiCaL as --sat (1).
c [w = 1268] Encoding starts with w = 1268:
c [w = 1268] Symmetry breaking highest degree node is applied.
c [Signal] Signal interruption. Caught signal: SIGTERM (15).
c [w = 1198] Start task in PID: 19542.
c [w = 1198] Cyclic Antibandwidth problem with w = 1198 (3dmesh_6_6_72.txt):
c [w = 1198] Initializing CaDiCaL (version 2.1.3).
c [w = 1198] Configuring CaDiCaL as --sat (1).
c [w = 1198] Encoding starts with w = 1198:
c [w = 1198] Symmetry breaking highest degree node is applied.
c [Signal] Signal interruption. Caught signal: SIGTERM (15).
c [w = 958] Start task in PID: 19540.
c [w = 958] Cyclic Antibandwidth problem with w = 958 (3dmesh_6_6_72.txt):
c [w = 958] Initializing CaDiCaL (version 2.1.3).
c [w = 958] Configuring CaDiCaL as --sat (1).
c [w = 958] Encoding starts with w = 958:
c [w = 958] Symmetry breaking highest degree node is applied.
c [Signal] Signal interruption. Caught signal: SIGTERM (15).
c [w = 1273] Start task in PID: 19546.
c [w = 1273] Cyclic Antibandwidth problem with w = 1273 (3dmesh_6_6_72.txt):
c [w = 1273] Initializing CaDiCaL (version 2.1.3).
c [w = 1273] Configuring CaDiCaL as --sat (1).
c [w = 1273] Encoding starts with w = 1273:
c [w = 1273] Symmetry breaking highest degree node is applied.
c [Signal] Signal interruption. Caught signal: SIGTERM (15).
c [w = 1238] Start task in PID: 19543.
c [w = 1238] Cyclic Antibandwidth problem with w = 1238 (3dmesh_6_6_72.txt):
c [w = 1238] Initializing CaDiCaL (version 2.1.3).
c [w = 1238] Configuring CaDiCaL as --sat (1).
c [w = 1238] Encoding starts with w = 1238:
c [w = 1238] Symmetry breaking highest degree node is applied.
c [Signal] Signal interruption. Caught signal: SIGTERM (15).
