c [Version] Cyclic Bandwidth Encoder version 1.0.0.
c [Param] Real time limit is set to 1800.
c [Param] Memory limit is set to 30000.
c [Param] Worker count is set to 8.
c [Main] Encoding and solving for graph: cbt_45.txt.
c [Main] Search strategy: Binary search from upper bound.
c [Main] No predefined lower bound is found for cbt_45.txt.
c [Main] LB-w = 2 (default value).
c [Main] No predefined upper bound is found for cbt_45.txt.
c [Main] UB-w = 22 (default value calculated as n/2).
c [Main] Search order: 12 17 20 21 22 18 19 14 15 16 13 6 9 10 11 7 8 3 4 5 2.
c [w = 12] Start task in PID: 35822.
c [w = 12] Cyclic Antibandwidth problem with w = 12 (cbt_45.txt):
c [w = 12] Initializing CaDiCaL (version 2.1.3).
c [w = 12] Configuring CaDiCaL as --sat (1).
c [w = 12] Encoding starts with w = 12:
c [w = 12] Symmetry breaking highest degree node is applied.
c [w = 12] Encoding duration: 31 ms.
c [w = 12] Number of clauses: 28744.
c [w = 12] Number of variables: 6750.
c [w = 12] SAT Solving starts:
c [w = 12] Solving duration: 5 ms.
c [w = 12] Answer:
s [w = 12] SAT (w = 12).
c [w = 12] Solution check = 12.
c [w = 12] The solution is correct.
c [w = 12] Result: 10.
c [Main] Max width SAT is set to 12.
c [w = 22] Start task in PID: 35826.
c [w = 22] Cyclic Antibandwidth problem with w = 22 (cbt_45.txt):
c [w = 22] Initializing CaDiCaL (version 2.1.3).
c [w = 22] Configuring CaDiCaL as --sat (1).
c [w = 22] Encoding starts with w = 22:
c [w = 22] Symmetry breaking highest degree node is applied.
c [w = 22] Encoding duration: 32 ms.
c [w = 22] Number of clauses: 29326.
c [w = 22] Number of variables: 6840.
c [w = 22] SAT Solving starts:
c [w = 22] Solving duration: 7 ms.
c [w = 22] Answer:
s [w = 22] UNSAT (w = 22).
c [w = 22] Result: 20.
c [Main] Min width UNSAT is set to 22
c [w = 17] Start task in PID: 35823.
c [w = 17] Cyclic Antibandwidth problem with w = 17 (cbt_45.txt):
c [w = 17] Initializing CaDiCaL (version 2.1.3).
c [w = 17] Configuring CaDiCaL as --sat (1).
c [w = 17] Encoding starts with w = 17:
c [w = 17] Symmetry breaking highest degree node is applied.
c [w = 17] Encoding duration: 32 ms.
c [w = 17] Number of clauses: 29731.
c [w = 17] Number of variables: 7020.
c [w = 17] SAT Solving starts:
c [w = 17] Solving duration: 10 ms.
c [w = 17] Answer:
s [w = 17] SAT (w = 17).
c [w = 17] Solution check = 17.
c [w = 17] The solution is correct.
c [w = 17] Result: 10.
c [w = 14] Start task in PID: 35829.
c [w = 14] Cyclic Antibandwidth problem with w = 14 (cbt_45.txt):
c [w = 14] Initializing CaDiCaL (version 2.1.3).
c [w = 14] Configuring CaDiCaL as --sat (1).
c [w = 14] Encoding starts with w = 14:
c [w = 14] Symmetry breaking highest degree node is applied.
c [w = 14] Encoding duration: 32 ms.
c [w = 14] Number of clauses: 29914.
c [w = 14] Number of variables: 7110.
c [w = 14] SAT Solving starts:
c [w = 14] Solving duration: 9 ms.
c [w = 14] Answer:
s [w = 14] SAT (w = 14).
c [w = 14] Solution check = 14.
c [w = 14] The solution is correct.
c [w = 14] Result: 10.
c [Main] Max width SAT is set to 17.
c [Main] Kill lower pid 16.
c [Main] Kill lower pid 15.
c [Main] Kill lower pid 14.
c [w = 16] Start task in PID: 35831.
c [w = 16] Cyclic Antibandwidth problem with w = 16 (cbt_45.txt):
c [w = 16] Initializing CaDiCaL (version 2.1.3).
c [w = 16] Configuring CaDiCaL as --sat (1).
c [w = 16] Encoding starts with w = 16:
c [w = 16] Symmetry breaking highest degree node is applied.
c [Signal] Signal interruption. Caught signal: SIGTERM (15).
c [w = 15] Start task in PID: 35830.
c [w = 15] Cyclic Antibandwidth problem with w = 15 (cbt_45.txt):
c [w = 15] Initializing CaDiCaL (version 2.1.3).
c [w = 15] Configuring CaDiCaL as --sat (1).
c [w = 15] Encoding starts with w = 15:
c [w = 15] Symmetry breaking highest degree node is applied.
c [Signal] Signal interruption. Caught signal: SIGTERM (15).
c [Main] Child pid 16 - 35831 terminated by signal 15.
c [Main] Child pid 15 - 35830 terminated by signal 15.
c [w = 19] Start task in PID: 35828.
c [w = 19] Cyclic Antibandwidth problem with w = 19 (cbt_45.txt):
c [w = 19] Initializing CaDiCaL (version 2.1.3).
c [w = 19] Configuring CaDiCaL as --sat (1).
c [w = 19] Encoding starts with w = 19:
c [w = 19] Symmetry breaking highest degree node is applied.
c [w = 19] Encoding duration: 33 ms.
c [w = 19] Number of clauses: 30631.
c [w = 19] Number of variables: 7290.
c [w = 19] SAT Solving starts:
c [w = 19] Solving duration: 28 ms.
c [w = 19] Answer:
s [w = 19] SAT (w = 19).
c [w = 19] Solution check = 19.
c [w = 19] The solution is correct.
c [w = 19] Result: 10.
c [Main] Max width SAT is set to 19.
c [Main] Kill lower pid 18.
c [w = 18] Start task in PID: 35827.
c [w = 18] Cyclic Antibandwidth problem with w = 18 (cbt_45.txt):
c [w = 18] Initializing CaDiCaL (version 2.1.3).
c [w = 18] Configuring CaDiCaL as --sat (1).
c [w = 18] Encoding starts with w = 18:
c [w = 18] Symmetry breaking highest degree node is applied.
c [w = 18] Encoding duration: 32 ms.
c [w = 18] Number of clauses: 30181.
c [w = 18] Number of variables: 7155.
c [w = 18] SAT Solving starts:
c [Signal] Signal interruption. Caught signal: SIGTERM (15).
c [Main] Child pid 18 - 35827 terminated by signal 15.
c [w = 20] Start task in PID: 35824.
c [w = 20] Cyclic Antibandwidth problem with w = 20 (cbt_45.txt):
c [w = 20] Initializing CaDiCaL (version 2.1.3).
c [w = 20] Configuring CaDiCaL as --sat (1).
c [w = 20] Encoding starts with w = 20:
c [w = 20] Symmetry breaking highest degree node is applied.
c [w = 20] Encoding duration: 33 ms.
c [w = 20] Number of clauses: 31081.
c [w = 20] Number of variables: 7425.
c [w = 20] SAT Solving starts:
c [w = 20] Solving duration: 690 ms.
c [w = 20] Answer:
s [w = 20] UNSAT (w = 20).
c [w = 20] Result: 20.
c [Main] Min width UNSAT is set to 20
c [Main] Kill higher pid 21.
c [w = 21] Start task in PID: 35825.
c [w = 21] Cyclic Antibandwidth problem with w = 21 (cbt_45.txt):
c [w = 21] Initializing CaDiCaL (version 2.1.3).
c [w = 21] Configuring CaDiCaL as --sat (1).
c [w = 21] Encoding starts with w = 21:
c [w = 21] Symmetry breaking highest degree node is applied.
c [w = 21] Encoding duration: 34 ms.
c [w = 21] Number of clauses: 31531.
c [w = 21] Number of variables: 7560.
c [w = 21] SAT Solving starts:
c [Signal] Signal interruption. Caught signal: SIGTERM (15).
c [Main] Child pid 21 - 35825 terminated by signal 15.
c [Signal] Signal interruption. Caught signal: SIGTERM (15).
c [Main] All children have completed.
r [Main] 
r [Main] Final results: 
r [Main] Max width SAT:  	19.
r [Main] Min width UNSAT:	20.
r [Main] Total real time: 733 ms.
r [Main] Total memory consumed: 30.8 MB.
r [Main] 
