c [Version] Cyclic Bandwidth Encoder version 1.0.0.
c [Param] Real time limit is set to 1800.
c [Param] Memory limit is set to 30000.
c [Param] Worker count is set to 4.
c [Main] Encoding and solving for graph: cbt_630.txt.
c [Main] Search strategy: Binary search from lower bound.
c [Main] No predefined lower bound is found for cbt_630.txt.
c [Main] LB-w = 2 (default value).
c [Main] No predefined upper bound is found for cbt_630.txt.
c [Main] UB-w = 315 (default value calculated as n/2).
c [Main] Search order: 158 79 40 20 10 5 3 2 4 7 6 8 9 15 12 11 13 14 17 16 18 19 30 25 22 21 23 24 27 26 28 29 35 32 31 33 34 37 36 38 39 59 49 44 42 41 43 46 45 47 48 54 51 50 52 53 56 55 57 58 69 64 61 60 62 63 66 65 67 68 74 71 70 72 73 76 75 77 78 118 98 88 83 81 80 82 85 84 86 87 93 90 89 91 92 95 94 96 97 108 103 100 99 101 102 105 104 106 107 113 110 109 111 112 115 114 116 117 138 128 123 120 119 121 122 125 124 126 127 133 130 129 131 132 135 134 136 137 148 143 140 139 141 142 145 144 146 147 153 150 149 151 152 155 154 156 157 237 197 177 167 162 160 159 161 164 163 165 166 172 169 168 170 171 174 173 175 176 187 182 179 178 180 181 184 183 185 186 192 189 188 190 191 194 193 195 196 217 207 202 199 198 200 201 204 203 205 206 212 209 208 210 211 214 213 215 216 227 222 219 218 220 221 224 223 225 226 232 229 228 230 231 234 233 235 236 276 256 246 241 239 238 240 243 242 244 245 251 248 247 249 250 253 252 254 255 266 261 258 257 259 260 263 262 264 265 271 268 267 269 270 273 272 274 275 296 286 281 278 277 279 280 283 282 284 285 291 288 287 289 290 293 292 294 295 306 301 298 297 299 300 303 302 304 305 311 308 307 309 310 313 312 314 315.
c [w = 40] Start task in PID: 57189.
c [w = 40] Cyclic Antibandwidth problem with w = 40 (cbt_630.txt):
c [w = 40] Initializing CaDiCaL (version 2.1.3).
c [w = 40] Configuring CaDiCaL as --sat (1).
c [w = 40] Encoding starts with w = 40:
c [w = 40] Symmetry breaking highest degree node is applied.
c [w = 40] Encoding duration: 2539 ms.
c [w = 40] Number of clauses: 5651463.
c [w = 40] Number of variables: 1228500.
c [w = 40] SAT Solving starts:
c [w = 40] Solving duration: 379 ms.
c [w = 40] Answer:
s [w = 40] SAT (w = 40).
c [w = 40] Solution check = 40.
c [w = 40] The solution is correct.
c [w = 40] Result: 10.
c [Main] Max width SAT is set to 40.
c [Main] Kill lower pid 20.
c [w = 20] Start task in PID: 57190.
c [w = 20] Cyclic Antibandwidth problem with w = 20 (cbt_630.txt):
c [w = 20] Initializing CaDiCaL (version 2.1.3).
c [w = 20] Configuring CaDiCaL as --sat (1).
c [w = 20] Encoding starts with w = 20:
c [w = 20] Symmetry breaking highest degree node is applied.
c [w = 20] Encoding duration: 2558 ms.
c [w = 20] Number of clauses: 5764911.
c [w = 20] Number of variables: 1198260.
c [w = 20] SAT Solving starts:
c [w = 20] Solving duration: 363 ms.
c [w = 20] Answer:
s [w = 20] SAT (w = 20).
c [w = 20] Solution check = 20.
c [w = 20] The solution is correct.
c [Signal] Signal interruption. Caught signal: SIGTERM (15).
c [w = 79] Start task in PID: 57188.
c [w = 79] Cyclic Antibandwidth problem with w = 79 (cbt_630.txt):
c [w = 79] Initializing CaDiCaL (version 2.1.3).
c [w = 79] Configuring CaDiCaL as --sat (1).
c [w = 79] Encoding starts with w = 79:
c [w = 79] Symmetry breaking highest degree node is applied.
c [w = 79] Encoding duration: 2509 ms.
c [w = 79] Number of clauses: 5658369.
c [w = 79] Number of variables: 1238580.
c [w = 79] SAT Solving starts:
c [w = 79] Solving duration: 621 ms.
c [w = 79] Answer:
s [w = 79] SAT (w = 79).
c [w = 79] Solution check = 79.
c [w = 79] The solution is correct.
c [w = 79] Result: 10.
c [Main] Child pid 20 - 57190 terminated by signal 15.
c [Main] Max width SAT is set to 79.
c [Main] Kill lower pid 49.
c [Main] Kill lower pid 59.
c [w = 49] Start task in PID: 57192.
c [w = 49] Cyclic Antibandwidth problem with w = 49 (cbt_630.txt):
c [w = 49] Initializing CaDiCaL (version 2.1.3).
c [w = 49] Configuring CaDiCaL as --sat (1).
c [w = 49] Encoding starts with w = 49:
c [w = 49] Symmetry breaking highest degree node is applied.
c [Signal] Signal interruption. Caught signal: SIGTERM (15).
c [w = 59] Start task in PID: 57191.
c [w = 59] Cyclic Antibandwidth problem with w = 59 (cbt_630.txt):
c [w = 59] Initializing CaDiCaL (version 2.1.3).
c [w = 59] Configuring CaDiCaL as --sat (1).
c [w = 59] Encoding starts with w = 59:
c [w = 59] Symmetry breaking highest degree node is applied.
c [Signal] Signal interruption. Caught signal: SIGTERM (15).
c [Main] Child pid 49 - 57192 terminated by signal 15.
c [Main] Child pid 59 - 57191 terminated by signal 15.
c [w = 158] Start task in PID: 57187.
c [w = 158] Cyclic Antibandwidth problem with w = 158 (cbt_630.txt):
c [w = 158] Initializing CaDiCaL (version 2.1.3).
c [w = 158] Configuring CaDiCaL as --sat (1).
c [w = 158] Encoding starts with w = 158:
c [w = 158] Symmetry breaking highest degree node is applied.
c [w = 158] Encoding duration: 2568 ms.
c [w = 158] Number of clauses: 5721987.
c [w = 158] Number of variables: 1246140.
c [w = 158] SAT Solving starts:
c [w = 158] Solving duration: 2843 ms.
c [w = 158] Answer:
s [w = 158] SAT (w = 158).
c [w = 158] Solution check = 158.
c [w = 158] The solution is correct.
c [w = 158] Result: 10.
c [Main] Max width SAT is set to 158.
c [Main] Kill lower pid 88.
c [Main] Kill lower pid 118.
c [Main] Kill lower pid 98.
c [w = 118] Start task in PID: 57193.
c [w = 118] Cyclic Antibandwidth problem with w = 118 (cbt_630.txt):
c [w = 118] Initializing CaDiCaL (version 2.1.3).
c [w = 118] Configuring CaDiCaL as --sat (1).
c [w = 118] Encoding starts with w = 118:
c [w = 118] Symmetry breaking highest degree node is applied.
c [Signal] Signal interruption. Caught signal: SIGTERM (15).
c [w = 98] Start task in PID: 57194.
c [w = 98] Cyclic Antibandwidth problem with w = 98 (cbt_630.txt):
c [w = 98] Initializing CaDiCaL (version 2.1.3).
c [w = 98] Configuring CaDiCaL as --sat (1).
c [w = 98] Encoding starts with w = 98:
c [w = 98] Symmetry breaking highest degree node is applied.
c [Signal] Signal interruption. Caught signal: SIGTERM (15).
c [w = 88] Start task in PID: 57195.
c [w = 88] Cyclic Antibandwidth problem with w = 88 (cbt_630.txt):
c [w = 88] Initializing CaDiCaL (version 2.1.3).
c [w = 88] Configuring CaDiCaL as --sat (1).
c [w = 88] Encoding starts with w = 88:
c [w = 88] Symmetry breaking highest degree node is applied.
c [Signal] Signal interruption. Caught signal: SIGTERM (15).
c [Main] Child pid 98 - 57194 terminated by signal 15.
c [Main] Child pid 88 - 57195 terminated by signal 15.
c [Main] Child pid 118 - 57193 terminated by signal 15.
c [w = 167] Start task in PID: 57199.
c [w = 167] Cyclic Antibandwidth problem with w = 167 (cbt_630.txt):
c [w = 167] Initializing CaDiCaL (version 2.1.3).
c [w = 167] Configuring CaDiCaL as --sat (1).
c [w = 167] Encoding starts with w = 167:
c [w = 167] Symmetry breaking highest degree node is applied.
c [w = 167] Encoding duration: 2588 ms.
c [w = 167] Number of clauses: 5795697.
c [w = 167] Number of variables: 1268820.
c [w = 167] SAT Solving starts:
c [w = 167] Solving duration: 177107 ms.
c [w = 167] Answer:
s [w = 167] SAT (w = 167).
c [w = 167] Solution check = 167.
c [w = 167] The solution is correct.
c [w = 167] Result: 10.
c [Main] Max width SAT is set to 167.
c [w = 177] Start task in PID: 57198.
c [w = 177] Cyclic Antibandwidth problem with w = 177 (cbt_630.txt):
c [w = 177] Initializing CaDiCaL (version 2.1.3).
c [w = 177] Configuring CaDiCaL as --sat (1).
c [w = 177] Encoding starts with w = 177:
c [w = 177] Symmetry breaking highest degree node is applied.
c [w = 177] Encoding duration: 2717 ms.
c [w = 177] Number of clauses: 5877597.
c [w = 177] Number of variables: 1294020.
c [w = 177] SAT Solving starts:
c [w = 177] Solving duration: 215736 ms.
c [w = 177] Answer:
s [w = 177] SAT (w = 177).
c [w = 177] Solution check = 177.
c [w = 177] The solution is correct.
c [w = 177] Result: 10.
c [Main] Max width SAT is set to 177.
c [Main] Kill lower pid 172.
c [w = 172] Start task in PID: 57208.
c [w = 172] Cyclic Antibandwidth problem with w = 172 (cbt_630.txt):
c [w = 172] Initializing CaDiCaL (version 2.1.3).
c [w = 172] Configuring CaDiCaL as --sat (1).
c [w = 172] Encoding starts with w = 172:
c [w = 172] Symmetry breaking highest degree node is applied.
c [w = 172] Encoding duration: 2610 ms.
c [w = 172] Number of clauses: 5836647.
c [w = 172] Number of variables: 1281420.
c [w = 172] SAT Solving starts:
c [Signal] Signal interruption. Caught signal: SIGTERM (15).
c [Main] Child pid 172 - 57208 terminated by signal 15.
c [w = 237] Start task in PID: 57196.
c [w = 237] Cyclic Antibandwidth problem with w = 237 (cbt_630.txt):
c [w = 237] Initializing CaDiCaL (version 2.1.3).
c [w = 237] Configuring CaDiCaL as --sat (1).
c [w = 237] Encoding starts with w = 237:
c [w = 237] Symmetry breaking highest degree node is applied.
c [w = 237] Encoding duration: 2820 ms.
c [w = 237] Number of clauses: 5926104.
c [w = 237] Number of variables: 1297800.
c [w = 237] SAT Solving starts:
c [w = 237] Solving duration: 285015 ms.
c [w = 237] Answer:
s [w = 237] SAT (w = 237).
c [w = 237] Solution check = 237.
c [w = 237] The solution is correct.
c [w = 237] Result: 10.
c [Main] Max width SAT is set to 237.
c [Main] Kill lower pid 182.
c [Main] Kill lower pid 187.
c [Main] Kill lower pid 197.
c [w = 182] Start task in PID: 57210.
c [w = 182] Cyclic Antibandwidth problem with w = 182 (cbt_630.txt):
c [w = 182] Initializing CaDiCaL (version 2.1.3).
c [w = 182] Configuring CaDiCaL as --sat (1).
c [w = 182] Encoding starts with w = 182:
c [w = 182] Symmetry breaking highest degree node is applied.
c [w = 182] Encoding duration: 2729 ms.
c [w = 182] Number of clauses: 5918547.
c [w = 182] Number of variables: 1306620.
c [w = 182] SAT Solving starts:
c [Signal] Signal interruption. Caught signal: SIGTERM (15).
c [w = 187] Start task in PID: 57209.
c [w = 187] Cyclic Antibandwidth problem with w = 187 (cbt_630.txt):
c [w = 187] Initializing CaDiCaL (version 2.1.3).
c [w = 187] Configuring CaDiCaL as --sat (1).
c [w = 187] Encoding starts with w = 187:
c [w = 187] Symmetry breaking highest degree node is applied.
c [w = 187] Encoding duration: 2732 ms.
c [w = 187] Number of clauses: 5959497.
c [w = 187] Number of variables: 1319220.
c [w = 187] SAT Solving starts:
c [Signal] Signal interruption. Caught signal: SIGTERM (15).
c [w = 197] Start task in PID: 57197.
c [w = 197] Cyclic Antibandwidth problem with w = 197 (cbt_630.txt):
c [w = 197] Initializing CaDiCaL (version 2.1.3).
c [w = 197] Configuring CaDiCaL as --sat (1).
c [w = 197] Encoding starts with w = 197:
c [w = 197] Symmetry breaking highest degree node is applied.
c [w = 197] Encoding duration: 2810 ms.
c [w = 197] Number of clauses: 6041397.
c [w = 197] Number of variables: 1344420.
c [w = 197] SAT Solving starts:
c [Signal] Signal interruption. Caught signal: SIGTERM (15).
c [Main] Child pid 182 - 57210 terminated by signal 15.
c [Main] Child pid 187 - 57209 terminated by signal 15.
c [Main] Child pid 197 - 57197 terminated by signal 15.
c [w = 256] Start task in PID: 57213.
c [w = 256] Cyclic Antibandwidth problem with w = 256 (cbt_630.txt):
c [w = 256] Initializing CaDiCaL (version 2.1.3).
c [w = 256] Configuring CaDiCaL as --sat (1).
c [w = 256] Encoding starts with w = 256:
c [w = 256] Symmetry breaking highest degree node is applied.
c [w = 256] Encoding duration: 2887 ms.
c [w = 256] Number of clauses: 6045804.
c [w = 256] Number of variables: 1333710.
c [w = 256] SAT Solving starts:
c [w = 256] Solving duration: 290862 ms.
c [w = 256] Answer:
s [w = 256] SAT (w = 256).
c [w = 256] Solution check = 256.
c [w = 256] The solution is correct.
c [w = 256] Result: 10.
c [Main] Max width SAT is set to 256.
c [Main] Kill lower pid 241.
c [Main] Kill lower pid 246.
c [w = 241] Start task in PID: 57215.
c [w = 241] Cyclic Antibandwidth problem with w = 241 (cbt_630.txt):
c [w = 241] Initializing CaDiCaL (version 2.1.3).
c [w = 241] Configuring CaDiCaL as --sat (1).
c [w = 241] Encoding starts with w = 241:
c [w = 241] Symmetry breaking highest degree node is applied.
c [w = 241] Encoding duration: 2800 ms.
c [w = 241] Number of clauses: 5951304.
c [w = 241] Number of variables: 1305360.
c [w = 241] SAT Solving starts:
c [Signal] Signal interruption. Caught signal: SIGTERM (15).
c [w = 246] Start task in PID: 57214.
c [w = 246] Cyclic Antibandwidth problem with w = 246 (cbt_630.txt):
c [w = 246] Initializing CaDiCaL (version 2.1.3).
c [w = 246] Configuring CaDiCaL as --sat (1).
c [w = 246] Encoding starts with w = 246:
c [w = 246] Symmetry breaking highest degree node is applied.
c [w = 246] Encoding duration: 2836 ms.
c [w = 246] Number of clauses: 5982804.
c [w = 246] Number of variables: 1314810.
c [w = 246] SAT Solving starts:
c [Signal] Signal interruption. Caught signal: SIGTERM (15).
c [Main] Child pid 246 - 57214 terminated by signal 15.
c [Main] Child pid 241 - 57215 terminated by signal 15.
c [w = 258] Start task in PID: 57895.
c [w = 258] Cyclic Antibandwidth problem with w = 258 (cbt_630.txt):
c [w = 258] Initializing CaDiCaL (version 2.1.3).
c [w = 258] Configuring CaDiCaL as --sat (1).
c [w = 258] Encoding starts with w = 258:
c [w = 258] Symmetry breaking highest degree node is applied.
c [w = 258] Encoding duration: 2829 ms.
c [w = 258] Number of clauses: 6058404.
c [w = 258] Number of variables: 1337490.
c [w = 258] SAT Solving starts:
c [w = 258] Solving duration: 537257 ms.
c [w = 258] Answer:
s [w = 258] SAT (w = 258).
c [w = 258] Solution check = 258.
c [w = 258] The solution is correct.
c [w = 258] Result: 10.
c [Main] Max width SAT is set to 258.
c [w = 276] Start task in PID: 57212.
c [w = 276] Cyclic Antibandwidth problem with w = 276 (cbt_630.txt):
c [w = 276] Initializing CaDiCaL (version 2.1.3).
c [w = 276] Configuring CaDiCaL as --sat (1).
c [w = 276] Encoding starts with w = 276:
c [w = 276] Symmetry breaking highest degree node is applied.
c [w = 276] Encoding duration: 2946 ms.
c [w = 276] Number of clauses: 6171804.
c [w = 276] Number of variables: 1371510.
c [w = 276] SAT Solving starts:
c [w = 276] Solving duration: 888307 ms.
c [w = 276] Answer:
s [w = 276] SAT (w = 276).
c [w = 276] Solution check = 276.
c [w = 276] The solution is correct.
c [w = 276] Result: 10.
c [Main] Max width SAT is set to 276.
c [Main] Kill lower pid 259.
c [Main] Kill lower pid 261.
c [Main] Kill lower pid 266.
c [w = 261] Start task in PID: 57894.
c [w = 261] Cyclic Antibandwidth problem with w = 261 (cbt_630.txt):
c [w = 261] Initializing CaDiCaL (version 2.1.3).
c [w = 261] Configuring CaDiCaL as --sat (1).
c [w = 261] Encoding starts with w = 261:
c [w = 261] Symmetry breaking highest degree node is applied.
c [w = 261] Encoding duration: 2804 ms.
c [w = 261] Number of clauses: 6077304.
c [w = 261] Number of variables: 1343160.
c [w = 261] SAT Solving starts:
c [Signal] Signal interruption. Caught signal: SIGTERM (15).
c [w = 266] Start task in PID: 57893.
c [w = 266] Cyclic Antibandwidth problem with w = 266 (cbt_630.txt):
c [w = 266] Initializing CaDiCaL (version 2.1.3).
c [w = 266] Configuring CaDiCaL as --sat (1).
c [w = 266] Encoding starts with w = 266:
c [w = 266] Symmetry breaking highest degree node is applied.
c [w = 266] Encoding duration: 2827 ms.
c [w = 266] Number of clauses: 6108804.
c [w = 266] Number of variables: 1352610.
c [w = 266] SAT Solving starts:
c [Signal] Signal interruption. Caught signal: SIGTERM (15).
c [w = 259] Start task in PID: 58583.
c [w = 259] Cyclic Antibandwidth problem with w = 259 (cbt_630.txt):
c [w = 259] Initializing CaDiCaL (version 2.1.3).
c [w = 259] Configuring CaDiCaL as --sat (1).
c [w = 259] Encoding starts with w = 259:
c [w = 259] Symmetry breaking highest degree node is applied.
c [w = 259] Encoding duration: 3082 ms.
c [w = 259] Number of clauses: 6064704.
c [w = 259] Number of variables: 1339380.
c [w = 259] SAT Solving starts:
c [Signal] Signal interruption. Caught signal: SIGTERM (15).
c [Main] Child pid 266 - 57893 terminated by signal 15.
c [Main] Child pid 261 - 57894 terminated by signal 15.
c [Main] Child pid 259 - 58583 terminated by signal 15.
c [w = 278] Start task in PID: 58587.
c [w = 278] Cyclic Antibandwidth problem with w = 278 (cbt_630.txt):
c [w = 278] Initializing CaDiCaL (version 2.1.3).
c [w = 278] Configuring CaDiCaL as --sat (1).
c [w = 278] Encoding starts with w = 278:
c [w = 278] Symmetry breaking highest degree node is applied.
c [w = 278] Encoding duration: 3018 ms.
c [w = 278] Number of clauses: 6184404.
c [w = 278] Number of variables: 1375290.
c [w = 278] SAT Solving starts:
c [Signal] Signal interruption. Caught signal: SIGTERM (15).
c [w = 281] Start task in PID: 58586.
c [w = 281] Cyclic Antibandwidth problem with w = 281 (cbt_630.txt):
c [w = 281] Initializing CaDiCaL (version 2.1.3).
c [w = 281] Configuring CaDiCaL as --sat (1).
c [w = 281] Encoding starts with w = 281:
c [w = 281] Symmetry breaking highest degree node is applied.
c [w = 281] Encoding duration: 3002 ms.
c [w = 281] Number of clauses: 6203304.
c [w = 281] Number of variables: 1380960.
c [w = 281] SAT Solving starts:
c [Signal] Signal interruption. Caught signal: SIGTERM (15).
c [w = 296] Start task in PID: 58584.
c [w = 296] Cyclic Antibandwidth problem with w = 296 (cbt_630.txt):
c [w = 296] Initializing CaDiCaL (version 2.1.3).
c [w = 296] Configuring CaDiCaL as --sat (1).
c [w = 296] Encoding starts with w = 296:
c [w = 296] Symmetry breaking highest degree node is applied.
c [w = 296] Encoding duration: 3075 ms.
c [w = 296] Number of clauses: 6297804.
c [w = 296] Number of variables: 1409310.
c [w = 296] SAT Solving starts:
c [Signal] Signal interruption. Caught signal: SIGTERM (15).
c [w = 286] Start task in PID: 58585.
c [w = 286] Cyclic Antibandwidth problem with w = 286 (cbt_630.txt):
c [w = 286] Initializing CaDiCaL (version 2.1.3).
c [w = 286] Configuring CaDiCaL as --sat (1).
c [w = 286] Encoding starts with w = 286:
c [w = 286] Symmetry breaking highest degree node is applied.
c [w = 286] Encoding duration: 3030 ms.
c [w = 286] Number of clauses: 6234804.
c [w = 286] Number of variables: 1390410.
c [w = 286] SAT Solving starts:
c [Signal] Signal interruption. Caught signal: SIGTERM (15).
c [Main] Lim pid ends with result: 254.
c [Main] All children have completed.
r [Main] 
r [Main] Final results: 
r [Main] Max width SAT:  	276.
r [Main] Min width UNSAT:	-.
r [Main] Total real time: 1809445 ms.
r [Main] Total memory consumed: 7473.4 MB.
r [Main] 
