c [Version] Cyclic Bandwidth Encoder version 1.0.0.
c [Param] Real time limit is set to 1800.
c [Param] Memory limit is set to 30000.
c [Param] Worker count is set to 4.
c [Main] Encoding and solving for graph: cbt_550.txt.
c [Main] Search strategy: Binary search from lower bound.
c [Main] No predefined lower bound is found for cbt_550.txt.
c [Main] LB-w = 2 (default value).
c [Main] No predefined upper bound is found for cbt_550.txt.
c [Main] UB-w = 275 (default value calculated as n/2).
c [Main] Search order: 138 69 35 18 9 5 3 2 4 7 6 8 13 11 10 12 15 14 16 17 26 22 20 19 21 24 23 25 30 28 27 29 32 31 33 34 52 43 39 37 36 38 41 40 42 47 45 44 46 49 48 50 51 60 56 54 53 55 58 57 59 64 62 61 63 66 65 67 68 103 86 77 73 71 70 72 75 74 76 81 79 78 80 83 82 84 85 94 90 88 87 89 92 91 93 98 96 95 97 100 99 101 102 120 111 107 105 104 106 109 108 110 115 113 112 114 117 116 118 119 129 124 122 121 123 126 125 127 128 133 131 130 132 135 134 136 137 207 172 155 146 142 140 139 141 144 143 145 150 148 147 149 152 151 153 154 163 159 157 156 158 161 160 162 167 165 164 166 169 168 170 171 189 180 176 174 173 175 178 177 179 184 182 181 183 186 185 187 188 198 193 191 190 192 195 194 196 197 202 200 199 201 204 203 205 206 241 224 215 211 209 208 210 213 212 214 219 217 216 218 221 220 222 223 232 228 226 225 227 230 229 231 236 234 233 235 238 237 239 240 258 249 245 243 242 244 247 246 248 253 251 250 252 255 254 256 257 267 262 260 259 261 264 263 265 266 271 269 268 270 273 272 274 275.
c [w = 69] Start task in PID: 50819.
c [w = 69] Cyclic Antibandwidth problem with w = 69 (cbt_550.txt):
c [w = 69] Initializing CaDiCaL (version 2.1.3).
c [w = 69] Configuring CaDiCaL as --sat (1).
c [w = 69] Encoding starts with w = 69:
c [w = 69] Symmetry breaking highest degree node is applied.
c [w = 69] Encoding duration: 2015 ms.
c [w = 69] Number of clauses: 4311749.
c [w = 69] Number of variables: 944900.
c [w = 69] SAT Solving starts:
c [w = 69] Solving duration: 278 ms.
c [w = 69] Answer:
s [w = 69] SAT (w = 69).
c [w = 69] Solution check = 69.
c [w = 69] The solution is correct.
c [w = 69] Result: 10.
c [Main] Max width SAT is set to 69.
c [Main] Kill lower pid 18.
c [Main] Kill lower pid 35.
c [w = 18] Start task in PID: 50821.
c [w = 18] Cyclic Antibandwidth problem with w = 18 (cbt_550.txt):
c [w = 18] Initializing CaDiCaL (version 2.1.3).
c [w = 18] Configuring CaDiCaL as --sat (1).
c [w = 18] Encoding starts with w = 18:
c [w = 18] Symmetry breaking highest degree node is applied.
c [w = 18] Encoding duration: 2073 ms.
c [w = 18] Number of clauses: 4394868.
c [w = 18] Number of variables: 910250.
c [w = 18] SAT Solving starts:
c [w = 18] Solving duration: 283 ms.
c [w = 18] Answer:
s [w = 18] SAT (w = 18).
c [w = 18] Solution check = 18.
c [w = 18] The solution is correct.
c [Signal] Signal interruption. Caught signal: SIGTERM (15).
c [w = 35] Start task in PID: 50820.
c [w = 35] Cyclic Antibandwidth problem with w = 35 (cbt_550.txt):
c [w = 35] Initializing CaDiCaL (version 2.1.3).
c [w = 35] Configuring CaDiCaL as --sat (1).
c [w = 35] Encoding starts with w = 35:
c [w = 35] Symmetry breaking highest degree node is applied.
c [w = 35] Encoding duration: 2012 ms.
c [w = 35] Number of clauses: 4308473.
c [w = 35] Number of variables: 936100.
c [w = 35] SAT Solving starts:
c [w = 35] Solving duration: 312 ms.
c [w = 35] Answer:
s [w = 35] SAT (w = 35).
c [w = 35] Solution check = 35.
c [w = 35] The solution is correct.
c [Signal] Signal interruption. Caught signal: SIGTERM (15).
c [Main] Child pid 35 - 50820 terminated by signal 15.
c [Main] Child pid 18 - 50821 terminated by signal 15.
c [w = 103] Start task in PID: 50822.
c [w = 103] Cyclic Antibandwidth problem with w = 103 (cbt_550.txt):
c [w = 103] Initializing CaDiCaL (version 2.1.3).
c [w = 103] Configuring CaDiCaL as --sat (1).
c [w = 103] Encoding starts with w = 103:
c [w = 103] Symmetry breaking highest degree node is applied.
c [w = 103] Encoding duration: 2137 ms.
c [w = 103] Number of clauses: 4444293.
c [w = 103] Number of variables: 984500.
c [w = 103] SAT Solving starts:
c [w = 103] Solving duration: 290 ms.
c [w = 103] Answer:
s [w = 103] SAT (w = 103).
c [w = 103] Solution check = 103.
c [w = 103] The solution is correct.
c [w = 103] Result: 10.
c [Main] Max width SAT is set to 103.
c [Main] Kill lower pid 77.
c [Main] Kill lower pid 86.
c [w = 77] Start task in PID: 50824.
c [w = 77] Cyclic Antibandwidth problem with w = 77 (cbt_550.txt):
c [w = 77] Initializing CaDiCaL (version 2.1.3).
c [w = 77] Configuring CaDiCaL as --sat (1).
c [w = 77] Encoding starts with w = 77:
c [w = 77] Symmetry breaking highest degree node is applied.
c [w = 77] Encoding duration: 2109 ms.
c [w = 77] Number of clauses: 4421749.
c [w = 77] Number of variables: 980100.
c [w = 77] SAT Solving starts:
c [w = 77] Solving duration: 292 ms.
c [w = 77] Answer:
s [w = 77] SAT (w = 77).
c [w = 77] Solution check = 77.
c [w = 77] The solution is correct.
c [Signal] Signal interruption. Caught signal: SIGTERM (15).
c [w = 86] Start task in PID: 50823.
c [w = 86] Cyclic Antibandwidth problem with w = 86 (cbt_550.txt):
c [w = 86] Initializing CaDiCaL (version 2.1.3).
c [w = 86] Configuring CaDiCaL as --sat (1).
c [w = 86] Encoding starts with w = 86:
c [w = 86] Symmetry breaking highest degree node is applied.
c [w = 86] Encoding duration: 2120 ms.
c [w = 86] Number of clauses: 4405796.
c [w = 86] Number of variables: 974050.
c [w = 86] SAT Solving starts:
c [w = 86] Solving duration: 281 ms.
c [w = 86] Answer:
s [w = 86] SAT (w = 86).
c [w = 86] Solution check = 86.
c [w = 86] The solution is correct.
c [Signal] Signal interruption. Caught signal: SIGTERM (15).
c [Main] Child pid 77 - 50824 terminated by signal 15.
c [Main] Child pid 86 - 50823 terminated by signal 15.
c [w = 111] Start task in PID: 50826.
c [w = 111] Cyclic Antibandwidth problem with w = 111 (cbt_550.txt):
c [w = 111] Initializing CaDiCaL (version 2.1.3).
c [w = 111] Configuring CaDiCaL as --sat (1).
c [w = 111] Encoding starts with w = 111:
c [w = 111] Symmetry breaking highest degree node is applied.
c [w = 111] Encoding duration: 2083 ms.
c [w = 111] Number of clauses: 4348040.
c [w = 111] Number of variables: 951500.
c [w = 111] SAT Solving starts:
c [w = 111] Solving duration: 279 ms.
c [w = 111] Answer:
s [w = 111] SAT (w = 111).
c [w = 111] Solution check = 111.
c [w = 111] The solution is correct.
c [w = 111] Result: 10.
c [w = 120] Start task in PID: 50825.
c [w = 120] Cyclic Antibandwidth problem with w = 120 (cbt_550.txt):
c [w = 120] Initializing CaDiCaL (version 2.1.3).
c [w = 120] Configuring CaDiCaL as --sat (1).
c [w = 120] Encoding starts with w = 120:
c [w = 120] Symmetry breaking highest degree node is applied.
c [w = 120] Encoding duration: 2171 ms.
c [w = 120] Number of clauses: 4427240.
c [w = 120] Number of variables: 976250.
c [w = 120] SAT Solving starts:
c [w = 120] Solving duration: 303 ms.
c [w = 120] Answer:
s [w = 120] SAT (w = 120).
c [w = 120] Solution check = 120.
c [w = 120] The solution is correct.
c [w = 120] Result: 10.
c [Main] Max width SAT is set to 111.
c [Main] Kill lower pid 107.
c [w = 107] Start task in PID: 50827.
c [w = 107] Cyclic Antibandwidth problem with w = 107 (cbt_550.txt):
c [w = 107] Initializing CaDiCaL (version 2.1.3).
c [w = 107] Configuring CaDiCaL as --sat (1).
c [w = 107] Encoding starts with w = 107:
c [w = 107] Symmetry breaking highest degree node is applied.
c [w = 107] Encoding duration: 2156 ms.
c [w = 107] Number of clauses: 4486093.
c [w = 107] Number of variables: 997700.
c [w = 107] SAT Solving starts:
c [w = 107] Solving duration: 315 ms.
c [w = 107] Answer:
s [w = 107] SAT (w = 107).
c [w = 107] Solution check = 107.
c [w = 107] The solution is correct.
c [Signal] Signal interruption. Caught signal: SIGTERM (15).
c [Main] Max width SAT is set to 120.
c [Main] Kill lower pid 115.
c [Main] Kill lower pid 107.
c [w = 115] Start task in PID: 50828.
c [w = 115] Cyclic Antibandwidth problem with w = 115 (cbt_550.txt):
c [w = 115] Initializing CaDiCaL (version 2.1.3).
c [w = 115] Configuring CaDiCaL as --sat (1).
c [w = 115] Encoding starts with w = 115:
c [w = 115] Symmetry breaking highest degree node is applied.
c [Signal] Signal interruption. Caught signal: SIGTERM (15).
c [Main] Child pid 107 - 50827 terminated by signal 15.
c [Main] Child pid 115 - 50828 terminated by signal 15.
c [w = 122] Start task in PID: 50831.
c [w = 122] Cyclic Antibandwidth problem with w = 122 (cbt_550.txt):
c [w = 122] Initializing CaDiCaL (version 2.1.3).
c [w = 122] Configuring CaDiCaL as --sat (1).
c [w = 122] Encoding starts with w = 122:
c [w = 122] Symmetry breaking highest degree node is applied.
c [w = 122] Encoding duration: 2104 ms.
c [w = 122] Number of clauses: 4444840.
c [w = 122] Number of variables: 981750.
c [w = 122] SAT Solving starts:
c [w = 122] Solving duration: 1106 ms.
c [w = 122] Answer:
s [w = 122] SAT (w = 122).
c [w = 122] Solution check = 122.
c [w = 122] The solution is correct.
c [w = 122] Result: 10.
c [w = 124] Start task in PID: 50830.
c [w = 124] Cyclic Antibandwidth problem with w = 124 (cbt_550.txt):
c [w = 124] Initializing CaDiCaL (version 2.1.3).
c [w = 124] Configuring CaDiCaL as --sat (1).
c [w = 124] Encoding starts with w = 124:
c [w = 124] Symmetry breaking highest degree node is applied.
c [w = 124] Encoding duration: 2155 ms.
c [w = 124] Number of clauses: 4462440.
c [w = 124] Number of variables: 987250.
c [w = 124] SAT Solving starts:
c [w = 124] Solving duration: 1115 ms.
c [w = 124] Answer:
s [w = 124] SAT (w = 124).
c [w = 124] Solution check = 124.
c [w = 124] The solution is correct.
c [w = 124] Result: 10.
c [Main] Max width SAT is set to 122.
c [Main] Max width SAT is set to 124.
c [Main] Kill lower pid 123.
c [w = 123] Start task in PID: 50832.
c [w = 123] Cyclic Antibandwidth problem with w = 123 (cbt_550.txt):
c [w = 123] Initializing CaDiCaL (version 2.1.3).
c [w = 123] Configuring CaDiCaL as --sat (1).
c [w = 123] Encoding starts with w = 123:
c [w = 123] Symmetry breaking highest degree node is applied.
c [Signal] Signal interruption. Caught signal: SIGTERM (15).
c [Main] Child pid 123 - 50832 terminated by signal 15.
c [w = 129] Start task in PID: 50829.
c [w = 129] Cyclic Antibandwidth problem with w = 129 (cbt_550.txt):
c [w = 129] Initializing CaDiCaL (version 2.1.3).
c [w = 129] Configuring CaDiCaL as --sat (1).
c [w = 129] Encoding starts with w = 129:
c [w = 129] Symmetry breaking highest degree node is applied.
c [w = 129] Encoding duration: 2148 ms.
c [w = 129] Number of clauses: 4506440.
c [w = 129] Number of variables: 1001000.
c [w = 129] SAT Solving starts:
c [w = 129] Solving duration: 2615 ms.
c [w = 129] Answer:
s [w = 129] SAT (w = 129).
c [w = 129] Solution check = 129.
c [w = 129] The solution is correct.
c [w = 129] Result: 10.
c [Main] Max width SAT is set to 129.
c [Main] Kill lower pid 126.
c [Main] Kill lower pid 125.
c [w = 126] Start task in PID: 50833.
c [w = 126] Cyclic Antibandwidth problem with w = 126 (cbt_550.txt):
c [w = 126] Initializing CaDiCaL (version 2.1.3).
c [w = 126] Configuring CaDiCaL as --sat (1).
c [w = 126] Encoding starts with w = 126:
c [w = 126] Symmetry breaking highest degree node is applied.
c [Signal] Signal interruption. Caught signal: SIGTERM (15).
c [w = 125] Start task in PID: 50834.
c [w = 125] Cyclic Antibandwidth problem with w = 125 (cbt_550.txt):
c [w = 125] Initializing CaDiCaL (version 2.1.3).
c [w = 125] Configuring CaDiCaL as --sat (1).
c [w = 125] Encoding starts with w = 125:
c [w = 125] Symmetry breaking highest degree node is applied.
c [Signal] Signal interruption. Caught signal: SIGTERM (15).
c [Main] Child pid 125 - 50834 terminated by signal 15.
c [Main] Child pid 126 - 50833 terminated by signal 15.
c [w = 133] Start task in PID: 50835.
c [w = 133] Cyclic Antibandwidth problem with w = 133 (cbt_550.txt):
c [w = 133] Initializing CaDiCaL (version 2.1.3).
c [w = 133] Configuring CaDiCaL as --sat (1).
c [w = 133] Encoding starts with w = 133:
c [w = 133] Symmetry breaking highest degree node is applied.
c [w = 133] Encoding duration: 2111 ms.
c [w = 133] Number of clauses: 4541640.
c [w = 133] Number of variables: 1012000.
c [w = 133] SAT Solving starts:
c [w = 133] Solving duration: 86372 ms.
c [w = 133] Answer:
s [w = 133] SAT (w = 133).
c [w = 133] Solution check = 133.
c [w = 133] The solution is correct.
c [w = 133] Result: 10.
c [Main] Max width SAT is set to 133.
c [Main] Kill lower pid 130.
c [Main] Kill lower pid 131.
c [w = 130] Start task in PID: 50837.
c [w = 130] Cyclic Antibandwidth problem with w = 130 (cbt_550.txt):
c [w = 130] Initializing CaDiCaL (version 2.1.3).
c [w = 130] Configuring CaDiCaL as --sat (1).
c [w = 130] Encoding starts with w = 130:
c [w = 130] Symmetry breaking highest degree node is applied.
c [w = 130] Encoding duration: 2100 ms.
c [w = 130] Number of clauses: 4515240.
c [w = 130] Number of variables: 1003750.
c [w = 130] SAT Solving starts:
c [Signal] Signal interruption. Caught signal: SIGTERM (15).
c [w = 131] Start task in PID: 50836.
c [w = 131] Cyclic Antibandwidth problem with w = 131 (cbt_550.txt):
c [w = 131] Initializing CaDiCaL (version 2.1.3).
c [w = 131] Configuring CaDiCaL as --sat (1).
c [w = 131] Encoding starts with w = 131:
c [w = 131] Symmetry breaking highest degree node is applied.
c [w = 131] Encoding duration: 2087 ms.
c [w = 131] Number of clauses: 4524040.
c [w = 131] Number of variables: 1006500.
c [w = 131] SAT Solving starts:
c [Signal] Signal interruption. Caught signal: SIGTERM (15).
c [Main] Child pid 131 - 50836 terminated by signal 15.
c [Main] Child pid 130 - 50837 terminated by signal 15.
c [w = 138] Start task in PID: 50818.
c [w = 138] Cyclic Antibandwidth problem with w = 138 (cbt_550.txt):
c [w = 138] Initializing CaDiCaL (version 2.1.3).
c [w = 138] Configuring CaDiCaL as --sat (1).
c [w = 138] Encoding starts with w = 138:
c [w = 138] Symmetry breaking highest degree node is applied.
c [w = 138] Encoding duration: 2053 ms.
c [w = 138] Number of clauses: 4361787.
c [w = 138] Number of variables: 951500.
c [w = 138] SAT Solving starts:
c [w = 138] Solving duration: 130408 ms.
c [w = 138] Answer:
s [w = 138] SAT (w = 138).
c [w = 138] Solution check = 138.
c [w = 138] The solution is correct.
c [w = 138] Result: 10.
c [Main] Max width SAT is set to 138.
c [Main] Kill lower pid 136.
c [Main] Kill lower pid 134.
c [Main] Kill lower pid 135.
c [w = 134] Start task in PID: 50840.
c [w = 134] Cyclic Antibandwidth problem with w = 134 (cbt_550.txt):
c [w = 134] Initializing CaDiCaL (version 2.1.3).
c [w = 134] Configuring CaDiCaL as --sat (1).
c [w = 134] Encoding starts with w = 134:
c [w = 134] Symmetry breaking highest degree node is applied.
c [w = 134] Encoding duration: 2160 ms.
c [w = 134] Number of clauses: 4550440.
c [w = 134] Number of variables: 1014750.
c [w = 134] SAT Solving starts:
c [Signal] Signal interruption. Caught signal: SIGTERM (15).
c [w = 136] Start task in PID: 50841.
c [w = 136] Cyclic Antibandwidth problem with w = 136 (cbt_550.txt):
c [w = 136] Initializing CaDiCaL (version 2.1.3).
c [w = 136] Configuring CaDiCaL as --sat (1).
c [w = 136] Encoding starts with w = 136:
c [w = 136] Symmetry breaking highest degree node is applied.
c [w = 136] Encoding duration: 2162 ms.
c [w = 136] Number of clauses: 4568040.
c [w = 136] Number of variables: 1020250.
c [w = 136] SAT Solving starts:
c [Signal] Signal interruption. Caught signal: SIGTERM (15).
c [w = 135] Start task in PID: 50839.
c [w = 135] Cyclic Antibandwidth problem with w = 135 (cbt_550.txt):
c [w = 135] Initializing CaDiCaL (version 2.1.3).
c [w = 135] Configuring CaDiCaL as --sat (1).
c [w = 135] Encoding starts with w = 135:
c [w = 135] Symmetry breaking highest degree node is applied.
c [w = 135] Encoding duration: 2165 ms.
c [w = 135] Number of clauses: 4559240.
c [w = 135] Number of variables: 1017500.
c [w = 135] SAT Solving starts:
c [Signal] Signal interruption. Caught signal: SIGTERM (15).
c [Main] Child pid 135 - 50839 terminated by signal 15.
c [Main] Child pid 136 - 50841 terminated by signal 15.
c [Main] Child pid 134 - 50840 terminated by signal 15.
c [w = 172] Start task in PID: 50843.
c [w = 172] Cyclic Antibandwidth problem with w = 172 (cbt_550.txt):
c [w = 172] Initializing CaDiCaL (version 2.1.3).
c [w = 172] Configuring CaDiCaL as --sat (1).
c [w = 172] Encoding starts with w = 172:
c [w = 172] Symmetry breaking highest degree node is applied.
c [w = 172] Encoding duration: 2077 ms.
c [w = 172] Number of clauses: 4604887.
c [w = 172] Number of variables: 1026300.
c [w = 172] SAT Solving starts:
c [w = 172] Solving duration: 62170 ms.
c [w = 172] Answer:
s [w = 172] SAT (w = 172).
c [w = 172] Solution check = 172.
c [w = 172] The solution is correct.
c [w = 172] Result: 10.
c [Main] Max width SAT is set to 172.
c [Main] Kill lower pid 146.
c [Main] Kill lower pid 155.
c [w = 146] Start task in PID: 50845.
c [w = 146] Cyclic Antibandwidth problem with w = 146 (cbt_550.txt):
c [w = 146] Initializing CaDiCaL (version 2.1.3).
c [w = 146] Configuring CaDiCaL as --sat (1).
c [w = 146] Encoding starts with w = 146:
c [w = 146] Symmetry breaking highest degree node is applied.
c [w = 146] Encoding duration: 1996 ms.
c [w = 146] Number of clauses: 4418987.
c [w = 146] Number of variables: 969100.
c [w = 146] SAT Solving starts:
c [Signal] Signal interruption. Caught signal: SIGTERM (15).
c [w = 155] Start task in PID: 50844.
c [w = 155] Cyclic Antibandwidth problem with w = 155 (cbt_550.txt):
c [w = 155] Initializing CaDiCaL (version 2.1.3).
c [w = 155] Configuring CaDiCaL as --sat (1).
c [w = 155] Encoding starts with w = 155:
c [w = 155] Symmetry breaking highest degree node is applied.
c [w = 155] Encoding duration: 2003 ms.
c [w = 155] Number of clauses: 4483337.
c [w = 155] Number of variables: 988900.
c [w = 155] SAT Solving starts:
c [Signal] Signal interruption. Caught signal: SIGTERM (15).
c [Main] Child pid 146 - 50845 terminated by signal 15.
c [Main] Child pid 155 - 50844 terminated by signal 15.
c [w = 189] Start task in PID: 50850.
c [w = 189] Cyclic Antibandwidth problem with w = 189 (cbt_550.txt):
c [w = 189] Initializing CaDiCaL (version 2.1.3).
c [w = 189] Configuring CaDiCaL as --sat (1).
c [w = 189] Encoding starts with w = 189:
c [w = 189] Symmetry breaking highest degree node is applied.
c [w = 189] Encoding duration: 2059 ms.
c [w = 189] Number of clauses: 4418984.
c [w = 189] Number of variables: 961400.
c [w = 189] SAT Solving starts:
c [w = 189] Solving duration: 31006 ms.
c [w = 189] Answer:
s [w = 189] SAT (w = 189).
c [w = 189] Solution check = 189.
c [w = 189] The solution is correct.
c [w = 189] Result: 10.
c [Main] Max width SAT is set to 189.
c [Main] Kill lower pid 180.
c [Main] Kill lower pid 176.
c [w = 176] Start task in PID: 50852.
c [w = 176] Cyclic Antibandwidth problem with w = 176 (cbt_550.txt):
c [w = 176] Initializing CaDiCaL (version 2.1.3).
c [w = 176] Configuring CaDiCaL as --sat (1).
c [w = 176] Encoding starts with w = 176:
c [w = 176] Symmetry breaking highest degree node is applied.
c [w = 176] Encoding duration: 2134 ms.
c [w = 176] Number of clauses: 4633487.
c [w = 176] Number of variables: 1035100.
c [w = 176] SAT Solving starts:
c [Signal] Signal interruption. Caught signal: SIGTERM (15).
c [w = 180] Start task in PID: 50851.
c [w = 180] Cyclic Antibandwidth problem with w = 180 (cbt_550.txt):
c [w = 180] Initializing CaDiCaL (version 2.1.3).
c [w = 180] Configuring CaDiCaL as --sat (1).
c [w = 180] Encoding starts with w = 180:
c [w = 180] Symmetry breaking highest degree node is applied.
c [w = 180] Encoding duration: 2125 ms.
c [w = 180] Number of clauses: 4662087.
c [w = 180] Number of variables: 1043900.
c [w = 180] SAT Solving starts:
c [Signal] Signal interruption. Caught signal: SIGTERM (15).
c [Main] Child pid 176 - 50852 terminated by signal 15.
c [Main] Child pid 180 - 50851 terminated by signal 15.
c [w = 198] Start task in PID: 50870.
c [w = 198] Cyclic Antibandwidth problem with w = 198 (cbt_550.txt):
c [w = 198] Initializing CaDiCaL (version 2.1.3).
c [w = 198] Configuring CaDiCaL as --sat (1).
c [w = 198] Encoding starts with w = 198:
c [w = 198] Symmetry breaking highest degree node is applied.
c [w = 198] Encoding duration: 2181 ms.
c [w = 198] Number of clauses: 4468484.
c [w = 198] Number of variables: 976250.
c [w = 198] SAT Solving starts:
c [w = 198] Solving duration: 131322 ms.
c [w = 198] Answer:
s [w = 198] SAT (w = 198).
c [w = 198] Solution check = 198.
c [w = 198] The solution is correct.
c [w = 198] Result: 10.
c [Main] Max width SAT is set to 198.
c [Main] Kill lower pid 191.
c [Main] Kill lower pid 193.
c [w = 191] Start task in PID: 50872.
c [w = 191] Cyclic Antibandwidth problem with w = 191 (cbt_550.txt):
c [w = 191] Initializing CaDiCaL (version 2.1.3).
c [w = 191] Configuring CaDiCaL as --sat (1).
c [w = 191] Encoding starts with w = 191:
c [w = 191] Symmetry breaking highest degree node is applied.
c [w = 191] Encoding duration: 2064 ms.
c [w = 191] Number of clauses: 4429984.
c [w = 191] Number of variables: 964700.
c [w = 191] SAT Solving starts:
c [Signal] Signal interruption. Caught signal: SIGTERM (15).
c [w = 193] Start task in PID: 50871.
c [w = 193] Cyclic Antibandwidth problem with w = 193 (cbt_550.txt):
c [w = 193] Initializing CaDiCaL (version 2.1.3).
c [w = 193] Configuring CaDiCaL as --sat (1).
c [w = 193] Encoding starts with w = 193:
c [w = 193] Symmetry breaking highest degree node is applied.
c [w = 193] Encoding duration: 2113 ms.
c [w = 193] Number of clauses: 4440984.
c [w = 193] Number of variables: 968000.
c [w = 193] SAT Solving starts:
c [Signal] Signal interruption. Caught signal: SIGTERM (15).
c [Main] Child pid 191 - 50872 terminated by signal 15.
c [Main] Child pid 193 - 50871 terminated by signal 15.
c [w = 200] Start task in PID: 50898.
c [w = 200] Cyclic Antibandwidth problem with w = 200 (cbt_550.txt):
c [w = 200] Initializing CaDiCaL (version 2.1.3).
c [w = 200] Configuring CaDiCaL as --sat (1).
c [w = 200] Encoding starts with w = 200:
c [w = 200] Symmetry breaking highest degree node is applied.
c [w = 200] Encoding duration: 2046 ms.
c [w = 200] Number of clauses: 4479484.
c [w = 200] Number of variables: 979550.
c [w = 200] SAT Solving starts:
c [w = 200] Solving duration: 161816 ms.
c [w = 200] Answer:
s [w = 200] SAT (w = 200).
c [w = 200] Solution check = 200.
c [w = 200] The solution is correct.
c [w = 200] Result: 10.
c [Main] Max width SAT is set to 200.
c [Main] Kill lower pid 199.
c [w = 199] Start task in PID: 50899.
c [w = 199] Cyclic Antibandwidth problem with w = 199 (cbt_550.txt):
c [w = 199] Initializing CaDiCaL (version 2.1.3).
c [w = 199] Configuring CaDiCaL as --sat (1).
c [w = 199] Encoding starts with w = 199:
c [w = 199] Symmetry breaking highest degree node is applied.
c [w = 199] Encoding duration: 2015 ms.
c [w = 199] Number of clauses: 4473984.
c [w = 199] Number of variables: 977900.
c [w = 199] SAT Solving starts:
c [Signal] Signal interruption. Caught signal: SIGTERM (15).
c [Main] Child pid 199 - 50899 terminated by signal 15.
c [w = 202] Start task in PID: 50897.
c [w = 202] Cyclic Antibandwidth problem with w = 202 (cbt_550.txt):
c [w = 202] Initializing CaDiCaL (version 2.1.3).
c [w = 202] Configuring CaDiCaL as --sat (1).
c [w = 202] Encoding starts with w = 202:
c [w = 202] Symmetry breaking highest degree node is applied.
c [w = 202] Encoding duration: 2050 ms.
c [w = 202] Number of clauses: 4490484.
c [w = 202] Number of variables: 982850.
c [w = 202] SAT Solving starts:
c [w = 202] Solving duration: 206253 ms.
c [w = 202] Answer:
s [w = 202] SAT (w = 202).
c [w = 202] Solution check = 202.
c [w = 202] The solution is correct.
c [w = 202] Result: 10.
c [Main] Max width SAT is set to 202.
c [Main] Kill lower pid 201.
c [w = 201] Start task in PID: 51586.
c [w = 201] Cyclic Antibandwidth problem with w = 201 (cbt_550.txt):
c [w = 201] Initializing CaDiCaL (version 2.1.3).
c [w = 201] Configuring CaDiCaL as --sat (1).
c [w = 201] Encoding starts with w = 201:
c [w = 201] Symmetry breaking highest degree node is applied.
c [w = 201] Encoding duration: 2101 ms.
c [w = 201] Number of clauses: 4484984.
c [w = 201] Number of variables: 981200.
c [w = 201] SAT Solving starts:
c [Signal] Signal interruption. Caught signal: SIGTERM (15).
c [Main] Child pid 201 - 51586 terminated by signal 15.
c [w = 207] Start task in PID: 50842.
c [w = 207] Cyclic Antibandwidth problem with w = 207 (cbt_550.txt):
c [w = 207] Initializing CaDiCaL (version 2.1.3).
c [w = 207] Configuring CaDiCaL as --sat (1).
c [w = 207] Encoding starts with w = 207:
c [w = 207] Symmetry breaking highest degree node is applied.
c [w = 207] Encoding duration: 2075 ms.
c [w = 207] Number of clauses: 4517984.
c [w = 207] Number of variables: 991100.
c [w = 207] SAT Solving starts:
c [w = 207] Solving duration: 512746 ms.
c [w = 207] Answer:
s [w = 207] SAT (w = 207).
c [w = 207] Solution check = 207.
c [w = 207] The solution is correct.
c [w = 207] Result: 10.
c [Main] Max width SAT is set to 207.
c [Main] Kill lower pid 205.
c [Main] Kill lower pid 203.
c [Main] Kill lower pid 204.
c [w = 205] Start task in PID: 51589.
c [w = 205] Cyclic Antibandwidth problem with w = 205 (cbt_550.txt):
c [w = 205] Initializing CaDiCaL (version 2.1.3).
c [w = 205] Configuring CaDiCaL as --sat (1).
c [w = 205] Encoding starts with w = 205:
c [w = 205] Symmetry breaking highest degree node is applied.
c [w = 205] Encoding duration: 2109 ms.
c [w = 205] Number of clauses: 4506984.
c [w = 205] Number of variables: 987800.
c [w = 205] SAT Solving starts:
c [Signal] Signal interruption. Caught signal: SIGTERM (15).
c [w = 204] Start task in PID: 51587.
c [w = 204] Cyclic Antibandwidth problem with w = 204 (cbt_550.txt):
c [w = 204] Initializing CaDiCaL (version 2.1.3).
c [w = 204] Configuring CaDiCaL as --sat (1).
c [w = 204] Encoding starts with w = 204:
c [w = 204] Symmetry breaking highest degree node is applied.
c [w = 204] Encoding duration: 2123 ms.
c [w = 204] Number of clauses: 4501484.
c [w = 204] Number of variables: 986150.
c [w = 204] SAT Solving starts:
c [Signal] Signal interruption. Caught signal: SIGTERM (15).
c [w = 203] Start task in PID: 51588.
c [w = 203] Cyclic Antibandwidth problem with w = 203 (cbt_550.txt):
c [w = 203] Initializing CaDiCaL (version 2.1.3).
c [w = 203] Configuring CaDiCaL as --sat (1).
c [w = 203] Encoding starts with w = 203:
c [w = 203] Symmetry breaking highest degree node is applied.
c [w = 203] Encoding duration: 2116 ms.
c [w = 203] Number of clauses: 4495984.
c [w = 203] Number of variables: 984500.
c [w = 203] SAT Solving starts:
c [Signal] Signal interruption. Caught signal: SIGTERM (15).
c [Main] Child pid 203 - 51588 terminated by signal 15.
c [Main] Child pid 205 - 51589 terminated by signal 15.
c [Main] Child pid 204 - 51587 terminated by signal 15.
c [w = 215] Start task in PID: 51592.
c [w = 215] Cyclic Antibandwidth problem with w = 215 (cbt_550.txt):
c [w = 215] Initializing CaDiCaL (version 2.1.3).
c [w = 215] Configuring CaDiCaL as --sat (1).
c [w = 215] Encoding starts with w = 215:
c [w = 215] Symmetry breaking highest degree node is applied.
c [w = 215] Encoding duration: 2152 ms.
c [w = 215] Number of clauses: 4561984.
c [w = 215] Number of variables: 1004300.
c [w = 215] SAT Solving starts:
c [w = 215] Solving duration: 164644 ms.
c [w = 215] Answer:
s [w = 215] SAT (w = 215).
c [w = 215] Solution check = 215.
c [w = 215] The solution is correct.
c [w = 215] Result: 10.
c [Main] Max width SAT is set to 215.
c [Main] Kill lower pid 211.
c [w = 211] Start task in PID: 51593.
c [w = 211] Cyclic Antibandwidth problem with w = 211 (cbt_550.txt):
c [w = 211] Initializing CaDiCaL (version 2.1.3).
c [w = 211] Configuring CaDiCaL as --sat (1).
c [w = 211] Encoding starts with w = 211:
c [w = 211] Symmetry breaking highest degree node is applied.
c [w = 211] Encoding duration: 2185 ms.
c [w = 211] Number of clauses: 4539984.
c [w = 211] Number of variables: 997700.
c [w = 211] SAT Solving starts:
c [Signal] Signal interruption. Caught signal: SIGTERM (15).
c [Main] Child pid 211 - 51593 terminated by signal 15.
c [w = 217] Start task in PID: 51595.
c [w = 217] Cyclic Antibandwidth problem with w = 217 (cbt_550.txt):
c [w = 217] Initializing CaDiCaL (version 2.1.3).
c [w = 217] Configuring CaDiCaL as --sat (1).
c [w = 217] Encoding starts with w = 217:
c [w = 217] Symmetry breaking highest degree node is applied.
c [w = 217] Encoding duration: 2199 ms.
c [w = 217] Number of clauses: 4572984.
c [w = 217] Number of variables: 1007600.
c [w = 217] SAT Solving starts:
c [w = 217] Solving duration: 267111 ms.
c [w = 217] Answer:
s [w = 217] SAT (w = 217).
c [w = 217] Solution check = 217.
c [w = 217] The solution is correct.
c [w = 217] Result: 10.
c [Main] Max width SAT is set to 217.
c [w = 219] Start task in PID: 51594.
c [w = 219] Cyclic Antibandwidth problem with w = 219 (cbt_550.txt):
c [w = 219] Initializing CaDiCaL (version 2.1.3).
c [w = 219] Configuring CaDiCaL as --sat (1).
c [w = 219] Encoding starts with w = 219:
c [w = 219] Symmetry breaking highest degree node is applied.
c [w = 219] Encoding duration: 2213 ms.
c [w = 219] Number of clauses: 4583984.
c [w = 219] Number of variables: 1010900.
c [w = 219] SAT Solving starts:
c [w = 219] Solving duration: 397907 ms.
c [w = 219] Answer:
s [w = 219] SAT (w = 219).
c [w = 219] Solution check = 219.
c [w = 219] The solution is correct.
c [w = 219] Result: 10.
c [Main] Max width SAT is set to 219.
c [Main] Kill lower pid 218.
c [w = 218] Start task in PID: 51605.
c [w = 218] Cyclic Antibandwidth problem with w = 218 (cbt_550.txt):
c [w = 218] Initializing CaDiCaL (version 2.1.3).
c [w = 218] Configuring CaDiCaL as --sat (1).
c [w = 218] Encoding starts with w = 218:
c [w = 218] Symmetry breaking highest degree node is applied.
c [w = 218] Encoding duration: 2328 ms.
c [w = 218] Number of clauses: 4578484.
c [w = 218] Number of variables: 1009250.
c [w = 218] SAT Solving starts:
c [Signal] Signal interruption. Caught signal: SIGTERM (15).
c [Main] Child pid 218 - 51605 terminated by signal 15.
c [w = 224] Start task in PID: 51591.
c [w = 224] Cyclic Antibandwidth problem with w = 224 (cbt_550.txt):
c [w = 224] Initializing CaDiCaL (version 2.1.3).
c [w = 224] Configuring CaDiCaL as --sat (1).
c [w = 224] Encoding starts with w = 224:
c [w = 224] Symmetry breaking highest degree node is applied.
c [w = 224] Encoding duration: 2243 ms.
c [w = 224] Number of clauses: 4611484.
c [w = 224] Number of variables: 1019150.
c [w = 224] SAT Solving starts:
c [w = 224] Solving duration: 611127 ms.
c [w = 224] Answer:
s [w = 224] SAT (w = 224).
c [w = 224] Solution check = 224.
c [w = 224] The solution is correct.
c [w = 224] Result: 10.
c [Main] Max width SAT is set to 224.
c [Main] Kill lower pid 220.
c [Main] Kill lower pid 221.
c [w = 220] Start task in PID: 52283.
c [w = 220] Cyclic Antibandwidth problem with w = 220 (cbt_550.txt):
c [w = 220] Initializing CaDiCaL (version 2.1.3).
c [w = 220] Configuring CaDiCaL as --sat (1).
c [w = 220] Encoding starts with w = 220:
c [w = 220] Symmetry breaking highest degree node is applied.
c [w = 220] Encoding duration: 2198 ms.
c [w = 220] Number of clauses: 4589484.
c [w = 220] Number of variables: 1012550.
c [w = 220] SAT Solving starts:
c [Signal] Signal interruption. Caught signal: SIGTERM (15).
c [w = 221] Start task in PID: 52282.
c [w = 221] Cyclic Antibandwidth problem with w = 221 (cbt_550.txt):
c [w = 221] Initializing CaDiCaL (version 2.1.3).
c [w = 221] Configuring CaDiCaL as --sat (1).
c [w = 221] Encoding starts with w = 221:
c [w = 221] Symmetry breaking highest degree node is applied.
c [w = 221] Encoding duration: 2196 ms.
c [w = 221] Number of clauses: 4594984.
c [w = 221] Number of variables: 1014200.
c [w = 221] SAT Solving starts:
c [Signal] Signal interruption. Caught signal: SIGTERM (15).
c [Main] Child pid 220 - 52283 terminated by signal 15.
c [Main] Child pid 221 - 52282 terminated by signal 15.
c [w = 226] Start task in PID: 52286.
c [w = 226] Cyclic Antibandwidth problem with w = 226 (cbt_550.txt):
c [w = 226] Initializing CaDiCaL (version 2.1.3).
c [w = 226] Configuring CaDiCaL as --sat (1).
c [w = 226] Encoding starts with w = 226:
c [w = 226] Symmetry breaking highest degree node is applied.
c [w = 226] Encoding duration: 2365 ms.
c [w = 226] Number of clauses: 4622484.
c [w = 226] Number of variables: 1022450.
c [w = 226] SAT Solving starts:
c [Signal] Signal interruption. Caught signal: SIGTERM (15).
c [w = 241] Start task in PID: 51590.
c [w = 241] Cyclic Antibandwidth problem with w = 241 (cbt_550.txt):
c [w = 241] Initializing CaDiCaL (version 2.1.3).
c [w = 241] Configuring CaDiCaL as --sat (1).
c [w = 241] Encoding starts with w = 241:
c [w = 241] Symmetry breaking highest degree node is applied.
c [w = 241] Encoding duration: 2253 ms.
c [w = 241] Number of clauses: 4704984.
c [w = 241] Number of variables: 1047200.
c [w = 241] SAT Solving starts:
c [Signal] Signal interruption. Caught signal: SIGTERM (15).
c [w = 232] Start task in PID: 52284.
c [w = 232] Cyclic Antibandwidth problem with w = 232 (cbt_550.txt):
c [w = 232] Initializing CaDiCaL (version 2.1.3).
c [w = 232] Configuring CaDiCaL as --sat (1).
c [w = 232] Encoding starts with w = 232:
c [w = 232] Symmetry breaking highest degree node is applied.
c [w = 232] Encoding duration: 2366 ms.
c [w = 232] Number of clauses: 4655484.
c [w = 232] Number of variables: 1032350.
c [w = 232] SAT Solving starts:
c [Signal] Signal interruption. Caught signal: SIGTERM (15).
c [w = 228] Start task in PID: 52285.
c [w = 228] Cyclic Antibandwidth problem with w = 228 (cbt_550.txt):
c [w = 228] Initializing CaDiCaL (version 2.1.3).
c [w = 228] Configuring CaDiCaL as --sat (1).
c [w = 228] Encoding starts with w = 228:
c [w = 228] Symmetry breaking highest degree node is applied.
c [w = 228] Encoding duration: 2405 ms.
c [w = 228] Number of clauses: 4633484.
c [w = 228] Number of variables: 1025750.
c [w = 228] SAT Solving starts:
c [Signal] Signal interruption. Caught signal: SIGTERM (15).
c [Main] Lim pid ends with result: 254.
c [Main] All children have completed.
r [Main] 
r [Main] Final results: 
r [Main] Max width SAT:  	224.
r [Main] Min width UNSAT:	-.
r [Main] Total real time: 1809681 ms.
r [Main] Total memory consumed: 5615.8 MB.
r [Main] 
