c [Version] Cyclic Bandwidth Encoder version 1.0.0.
c [Param] Real time limit is set to 150.
c [Param] Memory limit is set to 30000.
c [Param] Worker count is set to 8.
c [Main] Encoding and solving for graph: W-685_bus.mtx.rnd.
c [Main] Search strategy: Binary search using BFS.
c [Main] Lower bound is set to 68.
c [Main] Upper bound is set to 136.
c [Main] Search order: 102 84 119 75 93 110 128 71 79 88 97 106 114 123 132 69 73 77 81 86 90 95 99 104 108 112 116 121 125 130 134 68 70 72 74 76 78 80 82 85 87 89 91 94 96 98 100 103 105 107 109 111 113 115 117 120 122 124 126 129 131 133 135 83 92 101 118 127 136.
c [w = 71] Start task in PID: 7198.
c [w = 71] Cyclic Antibandwidth problem with w = 71 (W-685_bus.mtx.rnd):
c [w = 71] Initializing CaDiCaL (version 2.1.3).
c [w = 71] Configuring CaDiCaL as --sat (1).
c [w = 71] Encoding starts with w = 71:
c [w = 71] Symmetry breaking highest degree node is applied.
c [w = 71] Encoding duration: 5479 ms.
c [w = 71] Number of clauses: 8342857.
c [w = 71] Number of variables: 1474120.
c [w = 71] SAT Solving starts:
c [w = 71] Solving duration: 2016 ms.
c [w = 71] Answer:
s [w = 71] SAT (w = 71).
c [w = 71] Solution check = 71.
c [w = 71] The solution is correct.
c [w = 71] Result: 10.
c [Main] Max width SAT is set to 71.
c [w = 110] Start task in PID: 7196.
c [w = 110] Cyclic Antibandwidth problem with w = 110 (W-685_bus.mtx.rnd):
c [w = 110] Initializing CaDiCaL (version 2.1.3).
c [w = 110] Configuring CaDiCaL as --sat (1).
c [w = 110] Encoding starts with w = 110:
c [w = 110] Symmetry breaking highest degree node is applied.
c [w = 110] Encoding duration: 5595 ms.
c [w = 110] Number of clauses: 8504410.
c [w = 110] Number of variables: 1521385.
c [w = 110] SAT Solving starts:
c [w = 110] Solving duration: 3926 ms.
c [w = 110] Answer:
s [w = 110] SAT (w = 110).
c [w = 110] Solution check = 110.
c [w = 110] The solution is correct.
c [w = 110] Result: 10.
c [w = 75] Start task in PID: 7194.
c [w = 75] Cyclic Antibandwidth problem with w = 75 (W-685_bus.mtx.rnd):
c [w = 75] Initializing CaDiCaL (version 2.1.3).
c [w = 75] Configuring CaDiCaL as --sat (1).
c [w = 75] Encoding starts with w = 75:
c [w = 75] Symmetry breaking highest degree node is applied.
c [w = 75] Encoding duration: 5597 ms.
c [w = 75] Number of clauses: 8427797.
c [w = 75] Number of variables: 1501520.
c [w = 75] SAT Solving starts:
c [w = 75] Solving duration: 3918 ms.
c [w = 75] Answer:
s [w = 75] SAT (w = 75).
c [w = 75] Solution check = 75.
c [w = 75] The solution is correct.
c [w = 75] Result: 10.
c [w = 79] Start task in PID: 7200.
c [w = 79] Cyclic Antibandwidth problem with w = 79 (W-685_bus.mtx.rnd):
c [w = 79] Initializing CaDiCaL (version 2.1.3).
c [w = 79] Configuring CaDiCaL as --sat (1).
c [w = 79] Encoding starts with w = 79:
c [w = 79] Symmetry breaking highest degree node is applied.
c [Signal] Signal interruption. Caught signal: SIGTERM (15).
c [w = 84] Start task in PID: 7192.
c [w = 84] Cyclic Antibandwidth problem with w = 84 (W-685_bus.mtx.rnd):
c [w = 84] Initializing CaDiCaL (version 2.1.3).
c [w = 84] Configuring CaDiCaL as --sat (1).
c [w = 84] Encoding starts with w = 84:
c [w = 84] Symmetry breaking highest degree node is applied.
c [w = 84] Encoding duration: 5557 ms.
c [w = 84] Number of clauses: 8449453.
c [w = 84] Number of variables: 1507685.
c [w = 84] SAT Solving starts:
c [w = 84] Solving duration: 4119 ms.
c [w = 84] Answer:
s [w = 84] SAT (w = 84).
c [w = 84] Solution check = 84.
c [w = 84] The solution is correct.
c [Signal] Signal interruption. Caught signal: SIGTERM (15).
c [Main] Max width SAT is set to 110.
c [Main] Kill lower pid 79.
c [Main] Kill lower pid 75.
c [Main] Kill lower pid 93.
c [Main] Kill lower pid 84.
c [Main] Kill lower pid 102.
c [w = 102] Start task in PID: 7191.
c [w = 102] Cyclic Antibandwidth problem with w = 102 (W-685_bus.mtx.rnd):
c [w = 102] Initializing CaDiCaL (version 2.1.3).
c [w = 102] Configuring CaDiCaL as --sat (1).
c [w = 102] Encoding starts with w = 102:
c [w = 102] Symmetry breaking highest degree node is applied.
c [w = 102] Encoding duration: 5492 ms.
c [w = 102] Number of clauses: 8383850.
c [w = 102] Number of variables: 1483025.
c [w = 102] SAT Solving starts:
c [Signal] Signal interruption. Caught signal: SIGTERM (15).
c [w = 93] Start task in PID: 7195.
c [w = 93] Cyclic Antibandwidth problem with w = 93 (W-685_bus.mtx.rnd):
c [w = 93] Initializing CaDiCaL (version 2.1.3).
c [w = 93] Configuring CaDiCaL as --sat (1).
c [w = 93] Encoding starts with w = 93:
c [w = 93] Symmetry breaking highest degree node is applied.
c [w = 93] Encoding duration: 5600 ms.
c [w = 93] Number of clauses: 8434804.
c [w = 93] Number of variables: 1501520.
c [w = 93] SAT Solving starts:
c [Signal] Signal interruption. Caught signal: SIGTERM (15).
c [Main] Child pid 79 - 7200 terminated by signal 15.
c [Main] Child pid 93 - 7195 terminated by signal 15.
c [Main] Child pid 102 - 7191 terminated by signal 15.
c [Main] Child pid 84 - 7192 terminated by signal 15.
c [w = 128] Start task in PID: 7197.
c [w = 128] Cyclic Antibandwidth problem with w = 128 (W-685_bus.mtx.rnd):
c [w = 128] Initializing CaDiCaL (version 2.1.3).
c [w = 128] Configuring CaDiCaL as --sat (1).
c [w = 128] Encoding starts with w = 128:
c [w = 128] Symmetry breaking highest degree node is applied.
c [w = 128] Encoding duration: 5659 ms.
c [w = 128] Number of clauses: 8517846.
c [w = 128] Number of variables: 1522070.
c [w = 128] SAT Solving starts:
c [w = 128] Solving duration: 6823 ms.
c [w = 128] Answer:
s [w = 128] UNSAT (w = 128).
c [w = 128] Result: 20.
c [Main] Min width UNSAT is set to 128
c [Main] Kill higher pid 132.
c [w = 132] Start task in PID: 7203.
c [w = 132] Cyclic Antibandwidth problem with w = 132 (W-685_bus.mtx.rnd):
c [w = 132] Initializing CaDiCaL (version 2.1.3).
c [w = 132] Configuring CaDiCaL as --sat (1).
c [w = 132] Encoding starts with w = 132:
c [w = 132] Symmetry breaking highest degree node is applied.
c [Signal] Signal interruption. Caught signal: SIGTERM (15).
c [Main] Child pid 132 - 7203 terminated by signal 15.
c [w = 119] Start task in PID: 7193.
c [w = 119] Cyclic Antibandwidth problem with w = 119 (W-685_bus.mtx.rnd):
c [w = 119] Initializing CaDiCaL (version 2.1.3).
c [w = 119] Configuring CaDiCaL as --sat (1).
c [w = 119] Encoding starts with w = 119:
c [w = 119] Symmetry breaking highest degree node is applied.
c [w = 119] Encoding duration: 5544 ms.
c [w = 119] Number of clauses: 8400711.
c [w = 119] Number of variables: 1485080.
c [w = 119] SAT Solving starts:
c [w = 119] Solving duration: 7166 ms.
c [w = 119] Answer:
s [w = 119] UNSAT (w = 119).
c [w = 119] Result: 20.
c [w = 121] Start task in PID: 7206.
c [w = 121] Cyclic Antibandwidth problem with w = 121 (W-685_bus.mtx.rnd):
c [w = 121] Initializing CaDiCaL (version 2.1.3).
c [w = 121] Configuring CaDiCaL as --sat (1).
c [w = 121] Encoding starts with w = 121:
c [w = 121] Symmetry breaking highest degree node is applied.
c [Signal] Signal interruption. Caught signal: SIGTERM (15).
c [Main] Min width UNSAT is set to 119
c [Main] Kill higher pid 121.
c [Main] Kill higher pid 125.
c [Main] Kill higher pid 123.
c [w = 123] Start task in PID: 7202.
c [w = 123] Cyclic Antibandwidth problem with w = 123 (W-685_bus.mtx.rnd):
c [w = 123] Initializing CaDiCaL (version 2.1.3).
c [w = 123] Configuring CaDiCaL as --sat (1).
c [w = 123] Encoding starts with w = 123:
c [w = 123] Symmetry breaking highest degree node is applied.
c [Signal] Signal interruption. Caught signal: SIGTERM (15).
c [w = 125] Start task in PID: 7207.
c [w = 125] Cyclic Antibandwidth problem with w = 125 (W-685_bus.mtx.rnd):
c [w = 125] Initializing CaDiCaL (version 2.1.3).
c [w = 125] Configuring CaDiCaL as --sat (1).
c [w = 125] Encoding starts with w = 125:
c [w = 125] Symmetry breaking highest degree node is applied.
c [Signal] Signal interruption. Caught signal: SIGTERM (15).
c [Main] Child pid 125 - 7207 terminated by signal 15.
c [Main] Child pid 121 - 7206 terminated by signal 15.
c [Main] Child pid 123 - 7202 terminated by signal 15.
c [w = 113] Start task in PID: 7209.
c [w = 113] Cyclic Antibandwidth problem with w = 113 (W-685_bus.mtx.rnd):
c [w = 113] Initializing CaDiCaL (version 2.1.3).
c [w = 113] Configuring CaDiCaL as --sat (1).
c [w = 113] Encoding starts with w = 113:
c [w = 113] Symmetry breaking highest degree node is applied.
c [w = 113] Encoding duration: 5719 ms.
c [w = 113] Number of clauses: 8549620.
c [w = 113] Number of variables: 1535770.
c [w = 113] SAT Solving starts:
c [w = 113] Solving duration: 4118 ms.
c [w = 113] Answer:
s [w = 113] SAT (w = 113).
c [w = 113] Solution check = 113.
c [w = 113] The solution is correct.
c [w = 113] Result: 10.
c [Main] Max width SAT is set to 113.
c [Main] Kill lower pid 111.
c [Main] Kill lower pid 112.
c [w = 112] Start task in PID: 7204.
c [w = 112] Cyclic Antibandwidth problem with w = 112 (W-685_bus.mtx.rnd):
c [w = 112] Initializing CaDiCaL (version 2.1.3).
c [w = 112] Configuring CaDiCaL as --sat (1).
c [w = 112] Encoding starts with w = 112:
c [w = 112] Symmetry breaking highest degree node is applied.
c [w = 112] Encoding duration: 5521 ms.
c [w = 112] Number of clauses: 8534550.
c [w = 112] Number of variables: 1530975.
c [w = 112] SAT Solving starts:
c [Signal] Signal interruption. Caught signal: SIGTERM (15).
c [w = 111] Start task in PID: 7208.
c [w = 111] Cyclic Antibandwidth problem with w = 111 (W-685_bus.mtx.rnd):
c [w = 111] Initializing CaDiCaL (version 2.1.3).
c [w = 111] Configuring CaDiCaL as --sat (1).
c [w = 111] Encoding starts with w = 111:
c [w = 111] Symmetry breaking highest degree node is applied.
c [w = 111] Encoding duration: 5553 ms.
c [w = 111] Number of clauses: 8519480.
c [w = 111] Number of variables: 1526180.
c [w = 111] SAT Solving starts:
c [Signal] Signal interruption. Caught signal: SIGTERM (15).
c [Main] Child pid 111 - 7208 terminated by signal 15.
c [Main] Child pid 112 - 7204 terminated by signal 15.
c [w = 116] Start task in PID: 7205.
c [w = 116] Cyclic Antibandwidth problem with w = 116 (W-685_bus.mtx.rnd):
c [w = 116] Initializing CaDiCaL (version 2.1.3).
c [w = 116] Configuring CaDiCaL as --sat (1).
c [w = 116] Encoding starts with w = 116:
c [w = 116] Symmetry breaking highest degree node is applied.
c [w = 116] Encoding duration: 5501 ms.
c [w = 116] Number of clauses: 8361666.
c [w = 116] Number of variables: 1472750.
c [w = 116] SAT Solving starts:
c [w = 116] Solving duration: 7534 ms.
c [w = 116] Answer:
s [w = 116] UNSAT (w = 116).
c [w = 116] Result: 20.
c [Main] Min width UNSAT is set to 116
c [Main] Kill higher pid 118.
c [Main] Kill higher pid 117.
c [w = 117] Start task in PID: 7211.
c [w = 117] Cyclic Antibandwidth problem with w = 117 (W-685_bus.mtx.rnd):
c [w = 117] Initializing CaDiCaL (version 2.1.3).
c [w = 117] Configuring CaDiCaL as --sat (1).
c [w = 117] Encoding starts with w = 117:
c [w = 117] Symmetry breaking highest degree node is applied.
c [w = 117] Encoding duration: 5432 ms.
c [w = 117] Number of clauses: 8374681.
c [w = 117] Number of variables: 1476860.
c [w = 117] SAT Solving starts:
c [Signal] Signal interruption. Caught signal: SIGTERM (15).
c [w = 118] Start task in PID: 7212.
c [w = 118] Cyclic Antibandwidth problem with w = 118 (W-685_bus.mtx.rnd):
c [w = 118] Initializing CaDiCaL (version 2.1.3).
c [w = 118] Configuring CaDiCaL as --sat (1).
c [w = 118] Encoding starts with w = 118:
c [w = 118] Symmetry breaking highest degree node is applied.
c [w = 118] Encoding duration: 5361 ms.
c [w = 118] Number of clauses: 8387696.
c [w = 118] Number of variables: 1480970.
c [w = 118] SAT Solving starts:
c [Signal] Signal interruption. Caught signal: SIGTERM (15).
c [Main] Child pid 117 - 7211 terminated by signal 15.
c [Main] Child pid 118 - 7212 terminated by signal 15.
c [w = 115] Start task in PID: 7210.
c [w = 115] Cyclic Antibandwidth problem with w = 115 (W-685_bus.mtx.rnd):
c [w = 115] Initializing CaDiCaL (version 2.1.3).
c [w = 115] Configuring CaDiCaL as --sat (1).
c [w = 115] Encoding starts with w = 115:
c [w = 115] Symmetry breaking highest degree node is applied.
c [w = 115] Encoding duration: 5347 ms.
c [w = 115] Number of clauses: 8348651.
c [w = 115] Number of variables: 1468640.
c [w = 115] SAT Solving starts:
c [w = 115] Solving duration: 7233 ms.
c [w = 115] Answer:
s [w = 115] UNSAT (w = 115).
c [w = 115] Result: 20.
c [Main] Min width UNSAT is set to 115
c [w = 114] Start task in PID: 7201.
c [w = 114] Cyclic Antibandwidth problem with w = 114 (W-685_bus.mtx.rnd):
c [w = 114] Initializing CaDiCaL (version 2.1.3).
c [w = 114] Configuring CaDiCaL as --sat (1).
c [w = 114] Encoding starts with w = 114:
c [w = 114] Symmetry breaking highest degree node is applied.
c [w = 114] Encoding duration: 5447 ms.
c [w = 114] Number of clauses: 8335215.
c [w = 114] Number of variables: 1464530.
c [w = 114] SAT Solving starts:
c [w = 114] Solving duration: 68932 ms.
c [w = 114] Answer:
s [w = 114] SAT (w = 114).
c [w = 114] Solution check = 114.
c [w = 114] The solution is correct.
c [w = 114] Result: 10.
c [Main] Max width SAT is set to 114.
c [Signal] Signal interruption. Caught signal: SIGTERM (15).
c [Main] All children have completed.
r [Main] 
r [Main] Final results: 
r [Main] Max width SAT:  	114.
r [Main] Min width UNSAT:	115.
r [Main] Total real time: 86616 ms.
r [Main] Total memory consumed: 15448.3 MB.
r [Main] 
