c [Version] Cyclic Bandwidth Encoder version 1.0.0.
c [Param] Real time limit is set to 150.
c [Param] Memory limit is set to 30000.
c [Param] Worker count is set to 4.
c [Main] Encoding and solving for graph: hypercube_9_512.txt.
c [Main] Search strategy: Binary search from lower bound.
c [Main] Lower bound is set to 89.
c [Main] Upper bound is set to 178.
c [Main] Search order: 133 110 99 93 90 89 91 92 96 94 95 97 98 104 101 100 102 103 107 105 106 108 109 121 115 112 111 113 114 118 116 117 119 120 127 124 122 123 125 126 130 128 129 131 132 156 144 138 135 134 136 137 141 139 140 142 143 150 147 145 146 148 149 153 151 152 154 155 167 161 158 157 159 160 164 162 163 165 166 173 170 168 169 171 172 176 174 175 177 178.
c [w = 93] Start task in PID: 177083.
c [w = 93] Cyclic Antibandwidth problem with w = 93 (hypercube_9_512.txt):
c [w = 93] Initializing CaDiCaL (version 2.1.3).
c [w = 93] Configuring CaDiCaL as --sat (1).
c [w = 93] Encoding starts with w = 93:
c [w = 93] Symmetry breaking highest degree node is applied.
c [w = 93] Encoding duration: 2998 ms.
c [w = 93] Number of clauses: 7464192.
c [w = 93] Number of variables: 845824.
c [w = 93] SAT Solving starts:
c [Signal] Signal interruption. Caught signal: SIGTERM (15).
c [w = 99] Start task in PID: 177082.
c [w = 99] Cyclic Antibandwidth problem with w = 99 (hypercube_9_512.txt):
c [w = 99] Initializing CaDiCaL (version 2.1.3).
c [w = 99] Configuring CaDiCaL as --sat (1).
c [w = 99] Encoding starts with w = 99:
c [w = 99] Symmetry breaking highest degree node is applied.
c [w = 99] Encoding duration: 3060 ms.
c [w = 99] Number of clauses: 7522560.
c [w = 99] Number of variables: 864256.
c [w = 99] SAT Solving starts:
c [Signal] Signal interruption. Caught signal: SIGTERM (15).
c [w = 133] Start task in PID: 177080.
c [w = 133] Cyclic Antibandwidth problem with w = 133 (hypercube_9_512.txt):
c [w = 133] Initializing CaDiCaL (version 2.1.3).
c [w = 133] Configuring CaDiCaL as --sat (1).
c [w = 133] Encoding starts with w = 133:
c [w = 133] Symmetry breaking highest degree node is applied.
c [w = 133] Encoding duration: 2978 ms.
c [w = 133] Number of clauses: 7462144.
c [w = 133] Number of variables: 835584.
c [w = 133] SAT Solving starts:
c [Signal] Signal interruption. Caught signal: SIGTERM (15).
c [w = 110] Start task in PID: 177081.
c [w = 110] Cyclic Antibandwidth problem with w = 110 (hypercube_9_512.txt):
c [w = 110] Initializing CaDiCaL (version 2.1.3).
c [w = 110] Configuring CaDiCaL as --sat (1).
c [w = 110] Encoding starts with w = 110:
c [w = 110] Symmetry breaking highest degree node is applied.
c [w = 110] Encoding duration: 3058 ms.
c [w = 110] Number of clauses: 7469056.
c [w = 110] Number of variables: 843264.
c [w = 110] SAT Solving starts:
c [Signal] Signal interruption. Caught signal: SIGTERM (15).
c [Main] Lim pid ends with result: 254.
c [Main] All children have completed.
r [Main] 
r [Main] Final results: 
r [Main] Max width SAT:  	-.
r [Main] Min width UNSAT:	-.
r [Main] Total real time: 150801 ms.
r [Main] Total memory consumed: 7505.8 MB.
r [Main] 
