c [Version] Cyclic Bandwidth Encoder version 1.0.0.
c [Param] Real time limit is set to 1800.
c [Param] Memory limit is set to 30000.
c [Param] Worker count is set to 8.
c [Main] Encoding and solving for graph: M-bcsstk06.mtx.rnd.
c [Main] Search strategy: Binary search using BFS.
c [Main] Lower bound is set to 14.
c [Main] Upper bound is set to 72.
c [Main] Search order: 43 28 58 20 35 50 65 16 24 31 39 46 54 61 69 14 18 22 26 29 33 37 41 44 48 52 56 59 63 67 71 15 17 19 21 23 25 27 30 32 34 36 38 40 42 45 47 49 51 53 55 57 60 62 64 66 68 70 72.
c [w = 20] Start task in PID: 414172.
c [w = 20] Antibandwidth problem with w = 20 (M-bcsstk06.mtx.rnd):
c [w = 20] Initializing CaDiCaL (version 2.1.3).
c [w = 20] Configuring CaDiCaL as --sat (1).
c [w = 20] Encoding starts with w = 20:
c [w = 20] Symmetry breaking highest degree node is applied.
c [w = 20] Encoding duration: 9120 ms.
c [w = 20] Number of clauses: 7851690.
c [w = 20] Number of variables: 535500.
c [w = 20] SAT Solving starts:
c [w = 20] Solving duration: 2404 ms.
c [w = 20] Answer:
s [w = 20] SAT (w = 20).
c [w = 20] Solution check = 20.
c [w = 20] The solution is correct.
c [w = 20] Result: 10.
c [Main] Max width SAT is set to 20.
c [Main] Kill lower pid 16.
c [w = 16] Start task in PID: 414176.
c [w = 16] Antibandwidth problem with w = 16 (M-bcsstk06.mtx.rnd):
c [w = 16] Initializing CaDiCaL (version 2.1.3).
c [w = 16] Configuring CaDiCaL as --sat (1).
c [w = 16] Encoding starts with w = 16:
c [w = 16] Symmetry breaking highest degree node is applied.
c [w = 16] Encoding duration: 9104 ms.
c [w = 16] Number of clauses: 7837230.
c [w = 16] Number of variables: 532980.
c [w = 16] SAT Solving starts:
c [w = 16] Solving duration: 2791 ms.
c [w = 16] Answer:
s [w = 16] SAT (w = 16).
c [w = 16] Solution check = 16.
c [w = 16] The solution is correct.
c [Signal] Signal interruption. Caught signal: SIGTERM (15).
c [Main] Child pid 16 - 414176 terminated by signal 15.
c [w = 28] Start task in PID: 414170.
c [w = 28] Antibandwidth problem with w = 28 (M-bcsstk06.mtx.rnd):
c [w = 28] Initializing CaDiCaL (version 2.1.3).
c [w = 28] Configuring CaDiCaL as --sat (1).
c [w = 28] Encoding starts with w = 28:
c [w = 28] Symmetry breaking highest degree node is applied.
c [w = 28] Encoding duration: 9230 ms.
c [w = 28] Number of clauses: 7898070.
c [w = 28] Number of variables: 543060.
c [w = 28] SAT Solving starts:
c [w = 28] Solving duration: 7326 ms.
c [w = 28] Answer:
s [w = 28] SAT (w = 28).
c [w = 28] Solution check = 28.
c [w = 28] The solution is correct.
c [w = 28] Result: 10.
c [Main] Max width SAT is set to 28.
c [Main] Kill lower pid 24.
c [w = 24] Start task in PID: 414177.
c [w = 24] Antibandwidth problem with w = 24 (M-bcsstk06.mtx.rnd):
c [w = 24] Initializing CaDiCaL (version 2.1.3).
c [w = 24] Configuring CaDiCaL as --sat (1).
c [w = 24] Encoding starts with w = 24:
c [w = 24] Symmetry breaking highest degree node is applied.
c [Signal] Signal interruption. Caught signal: SIGTERM (15).
c [Main] Child pid 24 - 414177 terminated by signal 15.
c [w = 65] Start task in PID: 414175.
c [w = 65] Antibandwidth problem with w = 65 (M-bcsstk06.mtx.rnd):
c [w = 65] Initializing CaDiCaL (version 2.1.3).
c [w = 65] Configuring CaDiCaL as --sat (1).
c [w = 65] Encoding starts with w = 65:
c [w = 65] Symmetry breaking highest degree node is applied.
c [w = 65] Encoding duration: 9415 ms.
c [w = 65] Number of clauses: 8038590.
c [w = 65] Number of variables: 567840.
c [w = 65] SAT Solving starts:
c [w = 65] Solving duration: 7855 ms.
c [w = 65] Answer:
s [w = 65] UNSAT (w = 65).
c [w = 65] Result: 20.
c [Main] Min width UNSAT is set to 65
c [w = 58] Start task in PID: 414171.
c [w = 58] Antibandwidth problem with w = 58 (M-bcsstk06.mtx.rnd):
c [w = 58] Initializing CaDiCaL (version 2.1.3).
c [w = 58] Configuring CaDiCaL as --sat (1).
c [w = 58] Encoding starts with w = 58:
c [w = 58] Symmetry breaking highest degree node is applied.
c [w = 58] Encoding duration: 9382 ms.
c [w = 58] Number of clauses: 8035410.
c [w = 58] Number of variables: 570360.
c [w = 58] SAT Solving starts:
c [w = 58] Solving duration: 70594 ms.
c [w = 58] Answer:
s [w = 58] UNSAT (w = 58).
c [w = 58] Result: 20.
c [Main] Min width UNSAT is set to 58
c [w = 31] Start task in PID: 414178.
c [w = 31] Antibandwidth problem with w = 31 (M-bcsstk06.mtx.rnd):
c [w = 31] Initializing CaDiCaL (version 2.1.3).
c [w = 31] Configuring CaDiCaL as --sat (1).
c [w = 31] Encoding starts with w = 31:
c [w = 31] Symmetry breaking highest degree node is applied.
c [w = 31] Encoding duration: 5517 ms.
c [w = 31] Number of clauses: 7925610.
c [w = 31] Number of variables: 550200.
c [w = 31] SAT Solving starts:
c [w = 31] Solving duration: 101697 ms.
c [w = 31] Answer:
s [w = 31] SAT (w = 31).
c [w = 31] Solution check = 31.
c [w = 31] The solution is correct.
c [w = 31] Result: 10.
c [Main] Max width SAT is set to 31.
c [Main] Kill lower pid 29.
c [w = 29] Start task in PID: 414184.
c [w = 29] Antibandwidth problem with w = 29 (M-bcsstk06.mtx.rnd):
c [w = 29] Initializing CaDiCaL (version 2.1.3).
c [w = 29] Configuring CaDiCaL as --sat (1).
c [w = 29] Encoding starts with w = 29:
c [w = 29] Symmetry breaking highest degree node is applied.
c [w = 29] Encoding duration: 4952 ms.
c [w = 29] Number of clauses: 7917390.
c [w = 29] Number of variables: 549360.
c [w = 29] SAT Solving starts:
c [Signal] Signal interruption. Caught signal: SIGTERM (15).
c [Main] Child pid 29 - 414184 terminated by signal 15.
c [w = 54] Start task in PID: 414181.
c [w = 54] Antibandwidth problem with w = 54 (M-bcsstk06.mtx.rnd):
c [w = 54] Initializing CaDiCaL (version 2.1.3).
c [w = 54] Configuring CaDiCaL as --sat (1).
c [w = 54] Encoding starts with w = 54:
c [w = 54] Symmetry breaking highest degree node is applied.
c [w = 54] Encoding duration: 5307 ms.
c [w = 54] Number of clauses: 7993410.
c [w = 54] Number of variables: 556920.
c [w = 54] SAT Solving starts:
c [w = 54] Solving duration: 102960 ms.
c [w = 54] Answer:
s [w = 54] UNSAT (w = 54).
c [w = 54] Result: 20.
c [Main] Min width UNSAT is set to 54
c [w = 50] Start task in PID: 414174.
c [w = 50] Antibandwidth problem with w = 50 (M-bcsstk06.mtx.rnd):
c [w = 50] Initializing CaDiCaL (version 2.1.3).
c [w = 50] Configuring CaDiCaL as --sat (1).
c [w = 50] Encoding starts with w = 50:
c [w = 50] Symmetry breaking highest degree node is applied.
c [w = 50] Encoding duration: 9335 ms.
c [w = 50] Number of clauses: 8003250.
c [w = 50] Number of variables: 563220.
c [w = 50] SAT Solving starts:
c [w = 50] Solving duration: 393591 ms.
c [w = 50] Answer:
s [w = 50] UNSAT (w = 50).
c [w = 50] Result: 20.
c [Main] Min width UNSAT is set to 50
c [w = 33] Start task in PID: 414187.
c [w = 33] Antibandwidth problem with w = 33 (M-bcsstk06.mtx.rnd):
c [w = 33] Initializing CaDiCaL (version 2.1.3).
c [w = 33] Configuring CaDiCaL as --sat (1).
c [w = 33] Encoding starts with w = 33:
c [w = 33] Symmetry breaking highest degree node is applied.
c [w = 33] Encoding duration: 4837 ms.
c [w = 33] Number of clauses: 7929210.
c [w = 33] Number of variables: 549360.
c [w = 33] SAT Solving starts:
c [w = 33] Solving duration: 854091 ms.
c [w = 33] Answer:
s [w = 33] SAT (w = 33).
c [w = 33] Solution check = 33.
c [w = 33] The solution is correct.
c [w = 33] Result: 10.
c [Main] Max width SAT is set to 33.
c [w = 43] Start task in PID: 414169.
c [w = 43] Antibandwidth problem with w = 43 (M-bcsstk06.mtx.rnd):
c [w = 43] Initializing CaDiCaL (version 2.1.3).
c [w = 43] Configuring CaDiCaL as --sat (1).
c [w = 43] Encoding starts with w = 43:
c [w = 43] Symmetry breaking highest degree node is applied.
c [w = 43] Encoding duration: 9351 ms.
c [w = 43] Number of clauses: 7964370.
c [w = 43] Number of variables: 553560.
c [w = 43] SAT Solving starts:
c [w = 43] Solving duration: 1204981 ms.
c [w = 43] Answer:
s [w = 43] UNSAT (w = 43).
c [w = 43] Result: 20.
c [Main] Min width UNSAT is set to 43
c [Main] Kill higher pid 44.
c [Main] Kill higher pid 46.
c [Main] Kill higher pid 48.
c [w = 44] Start task in PID: 414898.
c [w = 44] Antibandwidth problem with w = 44 (M-bcsstk06.mtx.rnd):
c [w = 44] Initializing CaDiCaL (version 2.1.3).
c [w = 44] Configuring CaDiCaL as --sat (1).
c [w = 44] Encoding starts with w = 44:
c [w = 44] Symmetry breaking highest degree node is applied.
c [w = 44] Encoding duration: 4946 ms.
c [w = 44] Number of clauses: 7977390.
c [w = 44] Number of variables: 557760.
c [w = 44] SAT Solving starts:
c [Signal] Signal interruption. Caught signal: SIGTERM (15).
c [w = 48] Start task in PID: 415607.
c [w = 48] Antibandwidth problem with w = 48 (M-bcsstk06.mtx.rnd):
c [w = 48] Initializing CaDiCaL (version 2.1.3).
c [w = 48] Configuring CaDiCaL as --sat (1).
c [w = 48] Encoding starts with w = 48:
c [w = 48] Symmetry breaking highest degree node is applied.
c [w = 48] Encoding duration: 4967 ms.
c [w = 48] Number of clauses: 7979730.
c [w = 48] Number of variables: 555660.
c [w = 48] SAT Solving starts:
c [Signal] Signal interruption. Caught signal: SIGTERM (15).
c [w = 46] Start task in PID: 414180.
c [w = 46] Antibandwidth problem with w = 46 (M-bcsstk06.mtx.rnd):
c [w = 46] Initializing CaDiCaL (version 2.1.3).
c [w = 46] Configuring CaDiCaL as --sat (1).
c [w = 46] Encoding starts with w = 46:
c [w = 46] Symmetry breaking highest degree node is applied.
c [w = 46] Encoding duration: 5108 ms.
c [w = 46] Number of clauses: 8003430.
c [w = 46] Number of variables: 566160.
c [w = 46] SAT Solving starts:
c [Signal] Signal interruption. Caught signal: SIGTERM (15).
c [Main] Child pid 46 - 414180 terminated by signal 15.
c [Main] Child pid 48 - 415607 terminated by signal 15.
c [Main] Child pid 44 - 414898 terminated by signal 15.
c [w = 40] Start task in PID: 415625.
c [w = 40] Antibandwidth problem with w = 40 (M-bcsstk06.mtx.rnd):
c [w = 40] Initializing CaDiCaL (version 2.1.3).
c [w = 40] Configuring CaDiCaL as --sat (1).
c [w = 40] Encoding starts with w = 40:
c [w = 40] Symmetry breaking highest degree node is applied.
c [w = 40] Encoding duration: 5228 ms.
c [w = 40] Number of clauses: 7965390.
c [w = 40] Number of variables: 556500.
c [w = 40] SAT Solving starts:
c [Signal] Signal interruption. Caught signal: SIGTERM (15).
c [w = 38] Start task in PID: 415624.
c [w = 38] Antibandwidth problem with w = 38 (M-bcsstk06.mtx.rnd):
c [w = 38] Initializing CaDiCaL (version 2.1.3).
c [w = 38] Configuring CaDiCaL as --sat (1).
c [w = 38] Encoding starts with w = 38:
c [w = 38] Symmetry breaking highest degree node is applied.
c [w = 38] Encoding duration: 5086 ms.
c [w = 38] Number of clauses: 7974810.
c [w = 38] Number of variables: 561960.
c [w = 38] SAT Solving starts:
c [Signal] Signal interruption. Caught signal: SIGTERM (15).
c [w = 41] Start task in PID: 414191.
c [w = 41] Antibandwidth problem with w = 41 (M-bcsstk06.mtx.rnd):
c [w = 41] Initializing CaDiCaL (version 2.1.3).
c [w = 41] Configuring CaDiCaL as --sat (1).
c [w = 41] Encoding starts with w = 41:
c [w = 41] Symmetry breaking highest degree node is applied.
c [w = 41] Encoding duration: 4878 ms.
c [w = 41] Number of clauses: 7979670.
c [w = 41] Number of variables: 561120.
c [w = 41] SAT Solving starts:
c [Signal] Signal interruption. Caught signal: SIGTERM (15).
c [w = 34] Start task in PID: 415622.
c [w = 34] Antibandwidth problem with w = 34 (M-bcsstk06.mtx.rnd):
c [w = 34] Initializing CaDiCaL (version 2.1.3).
c [w = 34] Configuring CaDiCaL as --sat (1).
c [w = 34] Encoding starts with w = 34:
c [w = 34] Symmetry breaking highest degree node is applied.
c [w = 34] Encoding duration: 5109 ms.
c [w = 34] Number of clauses: 7946010.
c [w = 34] Number of variables: 554820.
c [w = 34] SAT Solving starts:
c [Signal] Signal interruption. Caught signal: SIGTERM (15).
c [w = 36] Start task in PID: 415623.
c [w = 36] Antibandwidth problem with w = 36 (M-bcsstk06.mtx.rnd):
c [w = 36] Initializing CaDiCaL (version 2.1.3).
c [w = 36] Configuring CaDiCaL as --sat (1).
c [w = 36] Encoding starts with w = 36:
c [w = 36] Symmetry breaking highest degree node is applied.
c [w = 36] Encoding duration: 5113 ms.
c [w = 36] Number of clauses: 7943730.
c [w = 36] Number of variables: 551880.
c [w = 36] SAT Solving starts:
c [Signal] Signal interruption. Caught signal: SIGTERM (15).
c [w = 39] Start task in PID: 414179.
c [w = 39] Antibandwidth problem with w = 39 (M-bcsstk06.mtx.rnd):
c [w = 39] Initializing CaDiCaL (version 2.1.3).
c [w = 39] Configuring CaDiCaL as --sat (1).
c [w = 39] Encoding starts with w = 39:
c [w = 39] Symmetry breaking highest degree node is applied.
c [w = 39] Encoding duration: 4849 ms.
c [w = 39] Number of clauses: 7951110.
c [w = 39] Number of variables: 551880.
c [w = 39] SAT Solving starts:
c [Signal] Signal interruption. Caught signal: SIGTERM (15).
c [w = 35] Start task in PID: 414173.
c [w = 35] Antibandwidth problem with w = 35 (M-bcsstk06.mtx.rnd):
c [w = 35] Initializing CaDiCaL (version 2.1.3).
c [w = 35] Configuring CaDiCaL as --sat (1).
c [w = 35] Encoding starts with w = 35:
c [w = 35] Symmetry breaking highest degree node is applied.
c [w = 35] Encoding duration: 9199 ms.
c [w = 35] Number of clauses: 7928190.
c [w = 35] Number of variables: 546840.
c [w = 35] SAT Solving starts:
c [Signal] Signal interruption. Caught signal: SIGTERM (15).
c [Main] Lim pid ends with result: 254.
c [Main] All children have completed.
r [Main] 
r [Main] Final results: 
r [Main] Max width SAT:  	33.
r [Main] Min width UNSAT:	43.
r [Main] Total real time: 1811896 ms.
r [Main] Total memory consumed: 14842.7 MB.
r [Main] 
c [w = 37] Start task in PID: 414188.
c [w = 37] Antibandwidth problem with w = 37 (M-bcsstk06.mtx.rnd):
c [w = 37] Initializing CaDiCaL (version 2.1.3).
c [w = 37] Configuring CaDiCaL as --sat (1).
c [w = 37] Encoding starts with w = 37:
c [w = 37] Symmetry breaking highest degree node is applied.
c [w = 37] Encoding duration: 4964 ms.
c [w = 37] Number of clauses: 7959270.
c [w = 37] Number of variables: 556920.
c [w = 37] SAT Solving starts:
c [Signal] Signal interruption. Caught signal: SIGTERM (15).
