c [Version] Cyclic Bandwidth Encoder version 1.0.0.
c [Param] Real time limit is set to 1800.
c [Param] Memory limit is set to 30000.
c [Param] Worker count is set to 1.
c [Main] Encoding and solving for graph: double_star_50_20.txt.
c [Main] Search strategy: Iterating from lower bound.
c [Main] Lower bound is set to 10.
c [Main] No predefined upper bound is found for double_star_50_20.txt.
c [Main] UB-w = 36 (default value calculated as n/2+1).
c [Main] Search order: 10 11 12 13 14 15 16 17 18 19 20 21 22 23 24 25 26 27 28 29 30 31 32 33 34 35 36.
c [w = 10] Start task in PID: 38619.
c [w = 10] Antibandwidth problem with w = 10 (double_star_50_20.txt):
c [w = 10] Initializing CaDiCaL (version 2.1.3).
c [w = 10] Configuring CaDiCaL as --sat (1).
c [w = 10] Encoding starts with w = 10:
c [w = 10] Symmetry breaking highest degree node is applied.
c [w = 10] Encoding duration: 28 ms.
c [w = 10] Number of clauses: 67816.
c [w = 10] Number of variables: 15330.
c [w = 10] SAT Solving starts:
c [w = 10] Solving duration: 92 ms.
c [w = 10] Answer:
s [w = 10] SAT (w = 10).
c [w = 10] Solution check = 10.
c [w = 10] The solution is correct.
c [w = 10] Result: 10.
c [Main] Max width SAT is set to 10.
c [w = 11] Start task in PID: 38620.
c [w = 11] Antibandwidth problem with w = 11 (double_star_50_20.txt):
c [w = 11] Initializing CaDiCaL (version 2.1.3).
c [w = 11] Configuring CaDiCaL as --sat (1).
c [w = 11] Encoding starts with w = 11:
c [w = 11] Symmetry breaking highest degree node is applied.
c [w = 11] Encoding duration: 28 ms.
c [w = 11] Number of clauses: 69356.
c [w = 11] Number of variables: 15820.
c [w = 11] SAT Solving starts:
c [Signal] Signal interruption. Caught signal: SIGTERM (15).
c [Main] Lim pid ends with result: 254.
c [Main] All children have completed.
r [Main] 
r [Main] Final results: 
r [Main] Max width SAT:  	10.
r [Main] Min width UNSAT:	-.
r [Main] Total real time: 1805828 ms.
r [Main] Total memory consumed: 402.9 MB.
r [Main] 
