c [Version] Cyclic Bandwidth Encoder version 1.0.0.
c [Param] Real time limit is set to 150.
c [Param] Memory limit is set to 30000.
c [Param] Worker count is set to 4.
c [Main] Encoding and solving for graph: R-dwt__503.mtx.rnd.
c [Main] Search strategy: Binary search using BFS.
c [Main] Lower bound is set to 23.
c [Main] Upper bound is set to 71.
c [Main] Search order: 47 34 59 28 40 53 65 25 31 37 43 50 56 62 68 23 26 29 32 35 38 41 45 48 51 54 57 60 63 66 70 24 27 30 33 36 39 42 44 46 49 52 55 58 61 64 67 69 71.
c [w = 28] Start task in PID: 6340.
c [w = 28] Cyclic Antibandwidth problem with w = 28 (R-dwt__503.mtx.rnd):
c [w = 28] Initializing CaDiCaL (version 2.1.3).
c [w = 28] Configuring CaDiCaL as --sat (1).
c [w = 28] Encoding starts with w = 28:
c [w = 28] Symmetry breaking highest degree node is applied.
c [w = 28] Encoding duration: 3113 ms.
c [w = 28] Number of clauses: 8019823.
c [w = 28] Number of variables: 775626.
c [w = 28] SAT Solving starts:
c [w = 28] Solving duration: 795 ms.
c [w = 28] Answer:
s [w = 28] SAT (w = 28).
c [w = 28] Solution check = 28.
c [w = 28] The solution is correct.
c [w = 28] Result: 10.
c [Main] Max width SAT is set to 28.
c [w = 34] Start task in PID: 6338.
c [w = 34] Cyclic Antibandwidth problem with w = 34 (R-dwt__503.mtx.rnd):
c [w = 34] Initializing CaDiCaL (version 2.1.3).
c [w = 34] Configuring CaDiCaL as --sat (1).
c [w = 34] Encoding starts with w = 34:
c [w = 34] Symmetry breaking highest degree node is applied.
c [w = 34] Encoding duration: 3029 ms.
c [w = 34] Number of clauses: 8044681.
c [w = 34] Number of variables: 783171.
c [w = 34] SAT Solving starts:
c [w = 34] Solving duration: 1635 ms.
c [w = 34] Answer:
s [w = 34] SAT (w = 34).
c [w = 34] Solution check = 34.
c [w = 34] The solution is correct.
c [w = 34] Result: 10.
c [Main] Max width SAT is set to 34.
c [w = 47] Start task in PID: 6337.
c [w = 47] Cyclic Antibandwidth problem with w = 47 (R-dwt__503.mtx.rnd):
c [w = 47] Initializing CaDiCaL (version 2.1.3).
c [w = 47] Configuring CaDiCaL as --sat (1).
c [w = 47] Encoding starts with w = 47:
c [w = 47] Symmetry breaking highest degree node is applied.
c [w = 47] Encoding duration: 3044 ms.
c [w = 47] Number of clauses: 8085873.
c [w = 47] Number of variables: 792728.
c [w = 47] SAT Solving starts:
c [w = 47] Solving duration: 5034 ms.
c [w = 47] Answer:
s [w = 47] SAT (w = 47).
c [w = 47] Solution check = 47.
c [w = 47] The solution is correct.
c [w = 47] Result: 10.
c [Main] Max width SAT is set to 47.
c [Main] Kill lower pid 40.
c [w = 40] Start task in PID: 6341.
c [w = 40] Cyclic Antibandwidth problem with w = 40 (R-dwt__503.mtx.rnd):
c [w = 40] Initializing CaDiCaL (version 2.1.3).
c [w = 40] Configuring CaDiCaL as --sat (1).
c [w = 40] Encoding starts with w = 40:
c [w = 40] Symmetry breaking highest degree node is applied.
c [w = 40] Encoding duration: 3110 ms.
c [w = 40] Number of clauses: 8073828.
c [w = 40] Number of variables: 791219.
c [w = 40] SAT Solving starts:
c [Signal] Signal interruption. Caught signal: SIGTERM (15).
c [Main] Child pid 40 - 6341 terminated by signal 15.
c [w = 53] Start task in PID: 6342.
c [w = 53] Cyclic Antibandwidth problem with w = 53 (R-dwt__503.mtx.rnd):
c [w = 53] Initializing CaDiCaL (version 2.1.3).
c [w = 53] Configuring CaDiCaL as --sat (1).
c [w = 53] Encoding starts with w = 53:
c [w = 53] Symmetry breaking highest degree node is applied.
c [w = 53] Encoding duration: 3179 ms.
c [w = 53] Number of clauses: 8115788.
c [w = 53] Number of variables: 800776.
c [w = 53] SAT Solving starts:
c [w = 53] Solving duration: 27557 ms.
c [w = 53] Answer:
s [w = 53] SAT (w = 53).
c [w = 53] Solution check = 53.
c [w = 53] The solution is correct.
c [w = 53] Result: 10.
c [Main] Max width SAT is set to 53.
c [Main] Kill lower pid 50.
c [w = 50] Start task in PID: 6346.
c [w = 50] Cyclic Antibandwidth problem with w = 50 (R-dwt__503.mtx.rnd):
c [w = 50] Initializing CaDiCaL (version 2.1.3).
c [w = 50] Configuring CaDiCaL as --sat (1).
c [w = 50] Encoding starts with w = 50:
c [w = 50] Symmetry breaking highest degree node is applied.
c [w = 50] Encoding duration: 3173 ms.
c [w = 50] Number of clauses: 8137179.
c [w = 50] Number of variables: 809327.
c [w = 50] SAT Solving starts:
c [Signal] Signal interruption. Caught signal: SIGTERM (15).
c [Main] Child pid 50 - 6346 terminated by signal 15.
c [w = 62] Start task in PID: 6353.
c [w = 62] Cyclic Antibandwidth problem with w = 62 (R-dwt__503.mtx.rnd):
c [w = 62] Initializing CaDiCaL (version 2.1.3).
c [w = 62] Configuring CaDiCaL as --sat (1).
c [w = 62] Encoding starts with w = 62:
c [w = 62] Symmetry breaking highest degree node is applied.
c [w = 62] Encoding duration: 3192 ms.
c [w = 62] Number of clauses: 8170350.
c [w = 62] Number of variables: 816369.
c [w = 62] SAT Solving starts:
c [Signal] Signal interruption. Caught signal: SIGTERM (15).
c [w = 56] Start task in PID: 6352.
c [w = 56] Cyclic Antibandwidth problem with w = 56 (R-dwt__503.mtx.rnd):
c [w = 56] Initializing CaDiCaL (version 2.1.3).
c [w = 56] Configuring CaDiCaL as --sat (1).
c [w = 56] Encoding starts with w = 56:
c [w = 56] Symmetry breaking highest degree node is applied.
c [w = 56] Encoding duration: 3075 ms.
c [w = 56] Number of clauses: 8085846.
c [w = 56] Number of variables: 789207.
c [w = 56] SAT Solving starts:
c [Signal] Signal interruption. Caught signal: SIGTERM (15).
c [w = 65] Start task in PID: 6344.
c [w = 65] Cyclic Antibandwidth problem with w = 65 (R-dwt__503.mtx.rnd):
c [w = 65] Initializing CaDiCaL (version 2.1.3).
c [w = 65] Configuring CaDiCaL as --sat (1).
c [w = 65] Encoding starts with w = 65:
c [w = 65] Symmetry breaking highest degree node is applied.
c [w = 65] Encoding duration: 3199 ms.
c [w = 65] Number of clauses: 8122803.
c [w = 65] Number of variables: 798764.
c [w = 65] SAT Solving starts:
c [Signal] Signal interruption. Caught signal: SIGTERM (15).
c [w = 59] Start task in PID: 6339.
c [w = 59] Cyclic Antibandwidth problem with w = 59 (R-dwt__503.mtx.rnd):
c [w = 59] Initializing CaDiCaL (version 2.1.3).
c [w = 59] Configuring CaDiCaL as --sat (1).
c [w = 59] Encoding starts with w = 59:
c [w = 59] Symmetry breaking highest degree node is applied.
c [w = 59] Encoding duration: 3066 ms.
c [w = 59] Number of clauses: 8128098.
c [w = 59] Number of variables: 802788.
c [w = 59] SAT Solving starts:
c [Signal] Signal interruption. Caught signal: SIGTERM (15).
c [Main] Lim pid ends with result: 254.
c [Main] All children have completed.
r [Main] 
r [Main] Final results: 
r [Main] Max width SAT:  	53.
r [Main] Min width UNSAT:	-.
r [Main] Total real time: 150793 ms.
r [Main] Total memory consumed: 7835.5 MB.
r [Main] 
