c Cyclic Bandwidth Encoder version 1.0.0.
c Real time limit is set to 36000.
c Memory limit is set to 30000.
c Encoding and solving for graph: L-bcspwr03.mtx.rnd
c Search strategy: from lower bound.
c Encoding and solving from lower bound.
c [w = 20] Start task in PID: 283815.
c [w = 20] Antibandwidth problem with w = 20 (L-bcspwr03.mtx.rnd):
c [w = 20] Initializing CaDiCaL (version 2.1.3).
c [w = 20] Configuring CaDiCaL as --sat (1).
c [w = 20] Encoding starts with w = 20:
c [w = 20] Encoding duration: 0s
c [w = 20] Number of clauses: 225934
c [w = 20] Number of variables: 44604
c [w = 20] SAT Solving starts:
c [w = 20] Solving duration: 38 ms
c [w = 20] Answer: 
s [w = 20] SAT (w = 20)
c [w = 20] Solution check = 20.
c [w = 20] The solution is correct.
c [w = 20] Result: 10
c Search strategy: from lower bound.
c Encoding and solving from lower bound.
c [w = 21] Start task in PID: 283816.
c [w = 21] Antibandwidth problem with w = 21 (L-bcspwr03.mtx.rnd):
c [w = 21] Initializing CaDiCaL (version 2.1.3).
c [w = 21] Configuring CaDiCaL as --sat (1).
c [w = 21] Encoding starts with w = 21:
c [w = 21] Encoding duration: 0s
c [w = 21] Number of clauses: 228176
c [w = 21] Number of variables: 45312
c [w = 21] SAT Solving starts:
c [w = 21] Solving duration: 24 ms
c [w = 21] Answer: 
s [w = 21] SAT (w = 21)
c [w = 21] Solution check = 21.
c [w = 21] The solution is correct.
c [w = 21] Result: 10
c Search strategy: from lower bound.
c Encoding and solving from lower bound.
c [w = 22] Start task in PID: 283817.
c [w = 22] Antibandwidth problem with w = 22 (L-bcspwr03.mtx.rnd):
c [w = 22] Initializing CaDiCaL (version 2.1.3).
c [w = 22] Configuring CaDiCaL as --sat (1).
c [w = 22] Encoding starts with w = 22:
c [w = 22] Encoding duration: 0s
c [w = 22] Number of clauses: 230418
c [w = 22] Number of variables: 46020
c [w = 22] SAT Solving starts:
c [w = 22] Solving duration: 101 ms
c [w = 22] Answer: 
s [w = 22] SAT (w = 22)
c [w = 22] Solution check = 22.
c [w = 22] The solution is correct.
c [w = 22] Result: 10
c Search strategy: from lower bound.
c Encoding and solving from lower bound.
c [w = 23] Start task in PID: 283818.
c [w = 23] Antibandwidth problem with w = 23 (L-bcspwr03.mtx.rnd):
c [w = 23] Initializing CaDiCaL (version 2.1.3).
c [w = 23] Configuring CaDiCaL as --sat (1).
c [w = 23] Encoding starts with w = 23:
c [w = 23] Encoding duration: 0s
c [w = 23] Number of clauses: 232660
c [w = 23] Number of variables: 46728
c [w = 23] SAT Solving starts:
c [w = 23] Solving duration: 41 ms
c [w = 23] Answer: 
s [w = 23] SAT (w = 23)
c [w = 23] Solution check = 23.
c [w = 23] The solution is correct.
c [w = 23] Result: 10
c Search strategy: from lower bound.
c Encoding and solving from lower bound.
c [w = 24] Start task in PID: 283819.
c [w = 24] Antibandwidth problem with w = 24 (L-bcspwr03.mtx.rnd):
c [w = 24] Initializing CaDiCaL (version 2.1.3).
c [w = 24] Configuring CaDiCaL as --sat (1).
c [w = 24] Encoding starts with w = 24:
c [w = 24] Encoding duration: 0s
c [w = 24] Number of clauses: 227297
c [w = 24] Number of variables: 44958
c [w = 24] SAT Solving starts:
c [w = 24] Solving duration: 32 ms
c [w = 24] Answer: 
s [w = 24] SAT (w = 24)
c [w = 24] Solution check = 24.
c [w = 24] The solution is correct.
c [w = 24] Result: 10
c Search strategy: from lower bound.
c Encoding and solving from lower bound.
c [w = 25] Start task in PID: 283820.
c [w = 25] Antibandwidth problem with w = 25 (L-bcspwr03.mtx.rnd):
c [w = 25] Initializing CaDiCaL (version 2.1.3).
c [w = 25] Configuring CaDiCaL as --sat (1).
c [w = 25] Encoding starts with w = 25:
c [w = 25] Encoding duration: 0s
c [w = 25] Number of clauses: 229185
c [w = 25] Number of variables: 45548
c [w = 25] SAT Solving starts:
c [w = 25] Solving duration: 25 ms
c [w = 25] Answer: 
s [w = 25] SAT (w = 25)
c [w = 25] Solution check = 25.
c [w = 25] The solution is correct.
c [w = 25] Result: 10
c Search strategy: from lower bound.
c Encoding and solving from lower bound.
c [w = 26] Start task in PID: 283834.
c [w = 26] Antibandwidth problem with w = 26 (L-bcspwr03.mtx.rnd):
c [w = 26] Initializing CaDiCaL (version 2.1.3).
c [w = 26] Configuring CaDiCaL as --sat (1).
c [w = 26] Encoding starts with w = 26:
c [w = 26] Encoding duration: 0s
c [w = 26] Number of clauses: 231073
c [w = 26] Number of variables: 46138
c [w = 26] SAT Solving starts:
c [w = 26] Solving duration: 43 ms
c [w = 26] Answer: 
s [w = 26] SAT (w = 26)
c [w = 26] Solution check = 26.
c [w = 26] The solution is correct.
c [w = 26] Result: 10
c Search strategy: from lower bound.
c Encoding and solving from lower bound.
c [w = 27] Start task in PID: 283835.
c [w = 27] Antibandwidth problem with w = 27 (L-bcspwr03.mtx.rnd):
c [w = 27] Initializing CaDiCaL (version 2.1.3).
c [w = 27] Configuring CaDiCaL as --sat (1).
c [w = 27] Encoding starts with w = 27:
c [w = 27] Encoding duration: 0s
c [w = 27] Number of clauses: 232961
c [w = 27] Number of variables: 46728
c [w = 27] SAT Solving starts:
c [w = 27] Solving duration: 40 ms
c [w = 27] Answer: 
s [w = 27] SAT (w = 27)
c [w = 27] Solution check = 27.
c [w = 27] The solution is correct.
c [w = 27] Result: 10
c Search strategy: from lower bound.
c Encoding and solving from lower bound.
c [w = 28] Start task in PID: 283836.
c [w = 28] Antibandwidth problem with w = 28 (L-bcspwr03.mtx.rnd):
c [w = 28] Initializing CaDiCaL (version 2.1.3).
c [w = 28] Configuring CaDiCaL as --sat (1).
c [w = 28] Encoding starts with w = 28:
c [w = 28] Encoding duration: 0s
c [w = 28] Number of clauses: 234849
c [w = 28] Number of variables: 47318
c [w = 28] SAT Solving starts:
c [w = 28] Solving duration: 37 ms
c [w = 28] Answer: 
s [w = 28] SAT (w = 28)
c [w = 28] Solution check = 28.
c [w = 28] The solution is correct.
c [w = 28] Result: 10
c Search strategy: from lower bound.
c Encoding and solving from lower bound.
c [w = 29] Start task in PID: 283837.
c [w = 29] Antibandwidth problem with w = 29 (L-bcspwr03.mtx.rnd):
c [w = 29] Initializing CaDiCaL (version 2.1.3).
c [w = 29] Configuring CaDiCaL as --sat (1).
c [w = 29] Encoding starts with w = 29:
c [w = 29] Encoding duration: 0s
c [w = 29] Number of clauses: 236737
c [w = 29] Number of variables: 47908
c [w = 29] SAT Solving starts:
c [w = 29] Solving duration: 32 ms
c [w = 29] Answer: 
s [w = 29] SAT (w = 29)
c [w = 29] Solution check = 29.
c [w = 29] The solution is correct.
c [w = 29] Result: 10
c Search strategy: from lower bound.
c Encoding and solving from lower bound.
c [w = 30] Start task in PID: 283838.
c [w = 30] Antibandwidth problem with w = 30 (L-bcspwr03.mtx.rnd):
c [w = 30] Initializing CaDiCaL (version 2.1.3).
c [w = 30] Configuring CaDiCaL as --sat (1).
c [w = 30] Encoding starts with w = 30:
c [w = 30] Encoding duration: 0s
c [w = 30] Number of clauses: 229014
c [w = 30] Number of variables: 45312
c [w = 30] SAT Solving starts:
c [w = 30] Solving duration: 109 ms
c [w = 30] Answer: 
s [w = 30] UNSAT (w = 30)
c [w = 30] Result: 20
c Search strategy: from lower bound.
c Encoding and solving from lower bound.
c Signal interruption. Caught signal: SIGTERM (15)
c Search strategy: from lower bound.
c Encoding and solving from lower bound.
c Min width UNSAT is set to 30
c All children have completed.
r
r Final results: 
r Max width SAT:  	29
r Min width UNSAT:	30
r Total real time: 2004 ms
r Total memory consumed: 55.7 MB
r
r
