c Cyclic Bandwidth Encoder version 1.0.0.
c Real time limit is set to 36000.
c Memory limit is set to 30000.
c Encoding and solving for graph: Q-494_bus.mtx.rnd
c Search strategy: from lower bound.
c Encoding and solving from lower bound.
c [w = 110] Start task in PID: 77330.
c [w = 110] Antibandwidth problem with w = 110 (Q-494_bus.mtx.rnd):
c [w = 110] Initializing CaDiCaL (version 2.1.3).
c [w = 110] Configuring CaDiCaL as --sat (1).
c [w = 110] Encoding starts with w = 110:
c [w = 110] Encoding duration: 1s
c [w = 110] Number of clauses: 3772286
c [w = 110] Number of variables: 794846
c [w = 110] SAT Solving starts:
c [w = 110] Solving duration: 95480 ms
c [w = 110] Answer: 
s [w = 110] SAT (w = 110)
c [w = 110] Solution check = 110.
c [w = 110] The solution is correct.
c [w = 110] Result: 10
c Search strategy: from lower bound.
c Encoding and solving from lower bound.
c [w = 111] Start task in PID: 77597.
c [w = 111] Antibandwidth problem with w = 111 (Q-494_bus.mtx.rnd):
c [w = 111] Initializing CaDiCaL (version 2.1.3).
c [w = 111] Configuring CaDiCaL as --sat (1).
c [w = 111] Encoding starts with w = 111:
c [w = 111] Encoding duration: 1s
c [w = 111] Number of clauses: 3780190
c [w = 111] Number of variables: 797316
c [w = 111] SAT Solving starts:
c [w = 111] Solving duration: 92471 ms
c [w = 111] Answer: 
s [w = 111] SAT (w = 111)
c [w = 111] Solution check = 111.
c [w = 111] The solution is correct.
c [w = 111] Result: 10
c Search strategy: from lower bound.
c Encoding and solving from lower bound.
c [w = 112] Start task in PID: 77662.
c [w = 112] Antibandwidth problem with w = 112 (Q-494_bus.mtx.rnd):
c [w = 112] Initializing CaDiCaL (version 2.1.3).
c [w = 112] Configuring CaDiCaL as --sat (1).
c [w = 112] Encoding starts with w = 112:
c [w = 112] Encoding duration: 1s
c [w = 112] Number of clauses: 3788094
c [w = 112] Number of variables: 799786
c [w = 112] SAT Solving starts:
c [w = 112] Solving duration: 62969 ms
c [w = 112] Answer: 
s [w = 112] SAT (w = 112)
c [w = 112] Solution check = 112.
c [w = 112] The solution is correct.
c [w = 112] Result: 10
c Search strategy: from lower bound.
c Encoding and solving from lower bound.
c [w = 113] Start task in PID: 77719.
c [w = 113] Antibandwidth problem with w = 113 (Q-494_bus.mtx.rnd):
c [w = 113] Initializing CaDiCaL (version 2.1.3).
c [w = 113] Configuring CaDiCaL as --sat (1).
c [w = 113] Encoding starts with w = 113:
c [w = 113] Encoding duration: 1s
c [w = 113] Number of clauses: 3795998
c [w = 113] Number of variables: 802256
c [w = 113] SAT Solving starts:
c [w = 113] Solving duration: 36513 ms
c [w = 113] Answer: 
s [w = 113] SAT (w = 113)
c [w = 113] Solution check = 113.
c [w = 113] The solution is correct.
c [w = 113] Result: 10
c Search strategy: from lower bound.
c Encoding and solving from lower bound.
c [w = 114] Start task in PID: 77777.
c [w = 114] Antibandwidth problem with w = 114 (Q-494_bus.mtx.rnd):
c [w = 114] Initializing CaDiCaL (version 2.1.3).
c [w = 114] Configuring CaDiCaL as --sat (1).
c [w = 114] Encoding starts with w = 114:
c [w = 114] Encoding duration: 1s
c [w = 114] Number of clauses: 3803902
c [w = 114] Number of variables: 804726
c [w = 114] SAT Solving starts:
c [w = 114] Solving duration: 21919 ms
c [w = 114] Answer: 
s [w = 114] SAT (w = 114)
c [w = 114] Solution check = 114.
c [w = 114] The solution is correct.
c [w = 114] Result: 10
c Search strategy: from lower bound.
c Encoding and solving from lower bound.
c [w = 115] Start task in PID: 77828.
c [w = 115] Antibandwidth problem with w = 115 (Q-494_bus.mtx.rnd):
c [w = 115] Initializing CaDiCaL (version 2.1.3).
c [w = 115] Configuring CaDiCaL as --sat (1).
c [w = 115] Encoding starts with w = 115:
c [w = 115] Encoding duration: 1s
c [w = 115] Number of clauses: 3811806
c [w = 115] Number of variables: 807196
c [w = 115] SAT Solving starts:
c [w = 115] Solving duration: 61364 ms
c [w = 115] Answer: 
s [w = 115] SAT (w = 115)
c [w = 115] Solution check = 115.
c [w = 115] The solution is correct.
c [w = 115] Result: 10
c Search strategy: from lower bound.
c Encoding and solving from lower bound.
c [w = 116] Start task in PID: 77914.
c [w = 116] Antibandwidth problem with w = 116 (Q-494_bus.mtx.rnd):
c [w = 116] Initializing CaDiCaL (version 2.1.3).
c [w = 116] Configuring CaDiCaL as --sat (1).
c [w = 116] Encoding starts with w = 116:
c [w = 116] Encoding duration: 1s
c [w = 116] Number of clauses: 3819710
c [w = 116] Number of variables: 809666
c [w = 116] SAT Solving starts:
c [w = 116] Solving duration: 12947 ms
c [w = 116] Answer: 
s [w = 116] SAT (w = 116)
c [w = 116] Solution check = 116.
c [w = 116] The solution is correct.
c [w = 116] Result: 10
c Search strategy: from lower bound.
c Encoding and solving from lower bound.
c [w = 117] Start task in PID: 78622.
c [w = 117] Antibandwidth problem with w = 117 (Q-494_bus.mtx.rnd):
c [w = 117] Initializing CaDiCaL (version 2.1.3).
c [w = 117] Configuring CaDiCaL as --sat (1).
c [w = 117] Encoding starts with w = 117:
c [w = 117] Encoding duration: 1s
c [w = 117] Number of clauses: 3827614
c [w = 117] Number of variables: 812136
c [w = 117] SAT Solving starts:
c [w = 117] Solving duration: 21312 ms
c [w = 117] Answer: 
s [w = 117] SAT (w = 117)
c [w = 117] Solution check = 117.
c [w = 117] The solution is correct.
c [w = 117] Result: 10
c Search strategy: from lower bound.
c Encoding and solving from lower bound.
c [w = 118] Start task in PID: 78705.
c [w = 118] Antibandwidth problem with w = 118 (Q-494_bus.mtx.rnd):
c [w = 118] Initializing CaDiCaL (version 2.1.3).
c [w = 118] Configuring CaDiCaL as --sat (1).
c [w = 118] Encoding starts with w = 118:
c [w = 118] Encoding duration: 1s
c [w = 118] Number of clauses: 3835518
c [w = 118] Number of variables: 814606
c [w = 118] SAT Solving starts:
c [w = 118] Solving duration: 64846 ms
c [w = 118] Answer: 
s [w = 118] SAT (w = 118)
c [w = 118] Solution check = 118.
c [w = 118] The solution is correct.
c [w = 118] Result: 10
c Search strategy: from lower bound.
c Encoding and solving from lower bound.
c [w = 119] Start task in PID: 78761.
c [w = 119] Antibandwidth problem with w = 119 (Q-494_bus.mtx.rnd):
c [w = 119] Initializing CaDiCaL (version 2.1.3).
c [w = 119] Configuring CaDiCaL as --sat (1).
c [w = 119] Encoding starts with w = 119:
c [w = 119] Encoding duration: 1s
c [w = 119] Number of clauses: 3843422
c [w = 119] Number of variables: 817076
c [w = 119] SAT Solving starts:
c [w = 119] Solving duration: 796 ms
c [w = 119] Answer: 
s [w = 119] SAT (w = 119)
c [w = 119] Solution check = 119.
c [w = 119] The solution is correct.
c [w = 119] Result: 10
c Search strategy: from lower bound.
c Encoding and solving from lower bound.
c [w = 120] Start task in PID: 78786.
c [w = 120] Antibandwidth problem with w = 120 (Q-494_bus.mtx.rnd):
c [w = 120] Initializing CaDiCaL (version 2.1.3).
c [w = 120] Configuring CaDiCaL as --sat (1).
c [w = 120] Encoding starts with w = 120:
c [w = 120] Encoding duration: 1s
c [w = 120] Number of clauses: 3851326
c [w = 120] Number of variables: 819546
c Search strategy: from lower bound.
c Encoding and solving from lower bound.
c [Lim] Sampler:	Memory: 958.9 MB	Real time: 10s	Elapsed time: 10s
c [Lim] Sampler:	Memory: 985.6 MB	Real time: 20s	Elapsed time: 20s
c [Lim] Sampler:	Memory: 985.2 MB	Real time: 30.0001s	Elapsed time: 30.0001s
c [Lim] Sampler:	Memory: 1106.6 MB	Real time: 40s	Elapsed time: 40s
c [Lim] Sampler:	Memory: 986 MB	Real time: 49.9998s	Elapsed time: 49.9998s
c [Lim] Sampler:	Memory: 978.6 MB	Real time: 59.9997s	Elapsed time: 59.9997s
c [Lim] Sampler:	Memory: 995 MB	Real time: 69.9995s	Elapsed time: 69.9995s
c [Lim] Sampler:	Memory: 995 MB	Real time: 79.9994s	Elapsed time: 79.9994s
c [Lim] Sampler:	Memory: 992.7 MB	Real time: 89.9992s	Elapsed time: 89.9992s
c [Lim] Sampler:	Memory: 800.6 MB	Real time: 99.999s	Elapsed time: 99.999s
c [Lim] Sampler:	Memory: 965.1 MB	Real time: 109.999s	Elapsed time: 109.999s
c [Lim] Sampler:	Memory: 984.6 MB	Real time: 119.999s	Elapsed time: 119.999s
c [Lim] Sampler:	Memory: 952.3 MB	Real time: 129.999s	Elapsed time: 129.999s
c [Lim] Sampler:	Memory: 982.8 MB	Real time: 139.999s	Elapsed time: 139.999s
c [Lim] Sampler:	Memory: 1015.1 MB	Real time: 150s	Elapsed time: 150s
c [Lim] Sampler:	Memory: 998.3 MB	Real time: 160.001s	Elapsed time: 160.001s
c [Lim] Sampler:	Memory: 992.3 MB	Real time: 170.001s	Elapsed time: 170.001s
c [Lim] Sampler:	Memory: 1003.9 MB	Real time: 180.002s	Elapsed time: 180.002s
c [Lim] Sampler:	Memory: 1006.7 MB	Real time: 190.002s	Elapsed time: 190.002s
c [Lim] Sampler:	Memory: 952.5 MB	Real time: 200.003s	Elapsed time: 200.003s
c [Lim] Sampler:	Memory: 985.8 MB	Real time: 210.004s	Elapsed time: 210.004s
c [Lim] Sampler:	Memory: 986 MB	Real time: 220.004s	Elapsed time: 220.004s
c [Lim] Sampler:	Memory: 984.1 MB	Real time: 230.005s	Elapsed time: 230.005s
c [Lim] Sampler:	Memory: 964.1 MB	Real time: 240.005s	Elapsed time: 240.005s
c [Lim] Sampler:	Memory: 997.1 MB	Real time: 250.006s	Elapsed time: 250.006s
c [Lim] Sampler:	Memory: 805 MB	Real time: 260.007s	Elapsed time: 260.007s
c [Lim] Sampler:	Memory: 980.1 MB	Real time: 270.007s	Elapsed time: 270.007s
c [Lim] Sampler:	Memory: 989.4 MB	Real time: 280.008s	Elapsed time: 280.008s
c [Lim] Sampler:	Memory: 984.1 MB	Real time: 290.008s	Elapsed time: 290.008s
c [Lim] Sampler:	Memory: 929 MB	Real time: 300.009s	Elapsed time: 300.009s
c [Lim] Sampler:	Memory: 1013 MB	Real time: 310.01s	Elapsed time: 310.01s
c [Lim] Sampler:	Memory: 147.2 MB	Real time: 320.01s	Elapsed time: 320.01s
c [Lim] Sampler:	Memory: 978.5 MB	Real time: 330.011s	Elapsed time: 330.011s
c [Lim] Sampler:	Memory: 1004.7 MB	Real time: 340.012s	Elapsed time: 340.012s
c [Lim] Sampler:	Memory: 1005.3 MB	Real time: 350.012s	Elapsed time: 350.012s
c [Lim] Sampler:	Memory: 1007.8 MB	Real time: 360.013s	Elapsed time: 360.013s
c [Lim] Sampler:	Memory: 1007.5 MB	Real time: 370.013s	Elapsed time: 370.013s
c [Lim] Sampler:	Memory: 989.8 MB	Real time: 380.014s	Elapsed time: 380.014s
c [Lim] Sampler:	Memory: 979.7 MB	Real time: 390.015s	Elapsed time: 390.015s
c [Lim] Sampler:	Memory: 748 MB	Real time: 400.015s	Elapsed time: 400.015s
c [Lim] Sampler:	Memory: 974.4 MB	Real time: 410.016s	Elapsed time: 410.016s
c [Lim] Sampler:	Memory: 1005.6 MB	Real time: 420.016s	Elapsed time: 420.016s
c [Lim] Sampler:	Memory: 982.6 MB	Real time: 430.017s	Elapsed time: 430.017s
c [Lim] Sampler:	Memory: 1009.7 MB	Real time: 440.018s	Elapsed time: 440.018s
c [Lim] Sampler:	Memory: 1007.6 MB	Real time: 450.018s	Elapsed time: 450.018s
c [Lim] Sampler:	Memory: 1128.1 MB	Real time: 460.019s	Elapsed time: 460.019s
c [Lim] Sampler:	Memory: 1010.3 MB	Real time: 470.019s	Elapsed time: 470.019s
c [Lim] Sampler:	Memory: 1010.3 MB	Real time: 480.02s	Elapsed time: 480.02s
c [Lim] Sampler:	Memory: 537.6 MB	Real time: 490.021s	Elapsed time: 490.021s
c [Lim] Sampler:	Memory: 988.9 MB	Real time: 500.021s	Elapsed time: 500.021s
c [Lim] Sampler:	Memory: 1016.3 MB	Real time: 510.022s	Elapsed time: 510.022s
c [Lim] Sampler:	Memory: 1018.8 MB	Real time: 520.02s	Elapsed time: 520.02s
c [Lim] Sampler:	Memory: 1018.7 MB	Real time: 530.018s	Elapsec [w = 120] SAT Solving starts:
c [w = 120] Solving duration: 63914 ms
c [w = 120] Answer: 
s [w = 120] SAT (w = 120)
c [w = 120] Solution check = 120.
c [w = 120] The solution is correct.
c [w = 120] Result: 10
c Search strategy: from lower bound.
c Encoding and solving from lower bound.
c [w = 121] Start task in PID: 78869.
c [w = 121] Antibandwidth problem with w = 121 (Q-494_bus.mtx.rnd):
c [w = 121] Initializing CaDiCaL (version 2.1.3).
c [w = 121] Configuring CaDiCaL as --sat (1).
c [w = 121] Encoding starts with w = 121:
c [w = 121] Encoding duration: 1s
c [w = 121] Number of clauses: 3859230
c [w = 121] Number of variables: 822016
c [w = 121] SAT Solving starts:
c [w = 121] Solving duration: 68170 ms
c [w = 121] Answer: 
s [w = 121] SAT (w = 121)
c [w = 121] Solution check = 121.
c [w = 121] The solution is correct.
c [w = 121] Result: 10
c Search strategy: from lower bound.
c Encoding and solving from lower bound.
c [w = 122] Start task in PID: 78922.
c [w = 122] Antibandwidth problem with w = 122 (Q-494_bus.mtx.rnd):
c [w = 122] Initializing CaDiCaL (version 2.1.3).
c [w = 122] Configuring CaDiCaL as --sat (1).
c [w = 122] Encoding starts with w = 122:
c [w = 122] Encoding duration: 1s
c [w = 122] Number of clauses: 3867134
c [w = 122] Number of variables: 824486
c [w = 122] SAT Solving starts:
c [w = 122] Solving duration: 13417 ms
c [w = 122] Answer: 
s [w = 122] SAT (w = 122)
c [w = 122] Solution check = 122.
c [w = 122] The solution is correct.
c [w = 122] Result: 10
c Search strategy: from lower bound.
c Encoding and solving from lower bound.
c [w = 123] Start task in PID: 78974.
c [w = 123] Antibandwidth problem with w = 123 (Q-494_bus.mtx.rnd):
c [w = 123] Initializing CaDiCaL (version 2.1.3).
c [w = 123] Configuring CaDiCaL as --sat (1).
c [w = 123] Encoding starts with w = 123:
c [w = 123] Encoding duration: 1s
c [w = 123] Number of clauses: 3875038
c [w = 123] Number of variables: 826956
c [w = 123] SAT Solving starts:
c [w = 123] Solving duration: 20645 ms
c [w = 123] Answer: 
s [w = 123] SAT (w = 123)
c [w = 123] Solution check = 123.
c [w = 123] The solution is correct.
c [w = 123] Result: 10
c Search strategy: from lower bound.
c Encoding and solving from lower bound.
c [w = 124] Start task in PID: 79028.
c [w = 124] Antibandwidth problem with w = 124 (Q-494_bus.mtx.rnd):
c [w = 124] Initializing CaDiCaL (version 2.1.3).
c [w = 124] Configuring CaDiCaL as --sat (1).
c [w = 124] Encoding starts with w = 124:
c [w = 124] Encoding duration: 1s
c [w = 124] Number of clauses: 3702908
c [w = 124] Number of variables: 769652
c [w = 124] SAT Solving starts:
c [w = 124] Solving duration: 19184 ms
c [w = 124] Answer: 
s [w = 124] SAT (w = 124)
c [w = 124] Solution check = 124.
c [w = 124] The solution is correct.
c [w = 124] Result: 10
c Search strategy: from lower bound.
c Encoding and solving from lower bound.
c [w = 125] Start task in PID: 79084.
c [w = 125] Antibandwidth problem with w = 125 (Q-494_bus.mtx.rnd):
c [w = 125] Initializing CaDiCaL (version 2.1.3).
c [w = 125] Configuring CaDiCaL as --sat (1).
c [w = 125] Encoding starts with w = 125:
c [w = 125] Encoding duration: 1s
c [w = 125] Number of clauses: 3709330
c [w = 125] Number of variables: 771628
c [w = 125] SAT Solving starts:
c [w = 125] Solving duration: 35423 ms
c [w = 125] Answer: 
s [w = 125] SAT (w = 125)
c [w = 125] Solution check = 125.
c [w = 125] The solution is correct.
c [w = 125] Result: 10
c Search strategy: from lower bound.
c Encoding and solving from lower bound.
c [w = 126] Start task in PID: 79150.
c [w = 126] Antibandwidth problem with w = 126 (Q-494_bus.mtx.rnd):
c [w = 126] Initializing CaDiCaL (version 2.1.3).
c [w = 126] Configuring CaDiCaL as --sat (1).
c [w = 126] Encoding starts with w = 126:
c [w = 126] Encoding duration: 1s
c [w = 126] Number of clauses: 3715752
c [w = 126] Number of variables: 773604
c [w = 126] SAT Solving starts:
c [w = 126] Solving duration: 19511 ms
c [w = 126] Answer: 
s [w = 126] SAT (w = 126)
c [w = 126] Solution check = 126.
c [w = 126] The solution is correct.
c [w = 126] Result: 10
c Search strategy: from lower bound.
c Encoding and solving from lower bound.
c [w = 127] Start task in PID: 79200.
c [w = 127] Antibandwidth problem with w = 127 (Q-494_bus.mtx.rnd):
c [w = 127] Initializing CaDiCaL (version 2.1.3).
c [w = 127] Configuring CaDiCaL as --sat (1).
c [w = 127] Encoding starts with w = 127:
c [w = 127] Encoding duration: 1s
c [w = 127] Number of clauses: 3722174
c [w = 127] Number of variables: 775580
c [w = 127] SAT Solving starts:
c [w = 127] Solving duration: 59164 ms
c [w = 127] Answer: 
s [w = 127] SAT (w = 127)
c [w = 127] Solution check = 127.
c [w = 127] The solution is correct.
c [w = 127] Result: 10
c Search strategy: from lower bound.
c Encoding and solving from lower bound.
c [w = 128] Start task in PID: 79257.
c [w = 128] Antibandwidth problem with w = 128 (Q-494_bus.mtx.rnd):
c [w = 128] Initializing CaDiCaL (version 2.1.3).
c [w = 128] Configuring CaDiCaL as --sat (1).
c [w = 128] Encoding starts with w = 128:
c [w = 128] Encoding duration: 1s
c [w = 128] Number of clauses: 3728596
c [w = 128] Number of variables: 777556
c [w = 128] SAT Solving starts:
c [w = 128] Solving duration: 22385 ms
c [w = 128] Answer: 
s [w = 128] SAT (w = 128)
c [w = 128] Solution check = 128.
c [w = 128] The solution is correct.
c [w = 128] Result: 10
c Search strategy: from lower bound.
c Encoding and solving from lower bound.
c [w = 129] Start task in PID: 79312.
c [w = 129] Antibandwidth problem with w = 129 (Q-494_bus.mtx.rnd):
c [w = 129] Initializing CaDiCaL (version 2.1.3).
c [w = 129] Configuring CaDiCaL as --sat (1).
c [w = 129] Encoding starts with w = 129:
c [w = 129] Encoding duration: 1s
c [w = 129] Number of clauses: 3735018
c [w = 129] Number of variables: 779532
c [w = 129] SAT Solving starts:
c [w = 129] Solving duration: 58207 ms
c [w = 129] Answer: 
s [w = 129] SAT (w = 129)
c [w = 129] Solution check = 129.
c [w = 129] The solution is correct.
c [w = 129] Result: 10
c Search strategy: from lower bound.
c Encoding and solving from lower bound.
c [w = 130] Start task in PID: 79370.
c [w = 130] Antibandwidth problem with w = 130 (Q-494_bus.mtx.rnd):
c [w = 130] Initializing CaDiCaL (version 2.1.3).
c [w = 130] Configuring CaDiCaL as --sat (1).
c [w = 130] Encoding starts with w = 130:
c [w = 130] Encoding duration: 1s
c [w = 130] Number of clauses: 3741440
c [w = 130] Number of variables: 781508
c [w = 130] SAT Solving starts:
c [w = 130] Solving duration: 21957 ms
c [w = 130] Answer: 
s [w = 130] SAT (w = 130)
c [w = 130] Solution check = 130.
c [w = 130] The solution is correct.
c [w = 130] Result: 10
c Search strategy: from lower bound.
c Encoding and solving from lower bound.
c [w = 131] Start task in PID: 79422.
c [w = 131] Antibandwidth problem with w = 131 (Q-494_bus.mtx.rnd):
c [w = 131] Initializing CaDiCaL (version 2.1.3).
c [w = 131] Configuring CaDiCaL as --sat (1).
c [w = 131] Encoding starts with w = 131:
c [w = 131] Encoding duration: 1s
c [w = 131] Number of clauses: 3747862
c [w = 131] Number of variables: 783484
c [w = 131] SAT Solving starts:
c [w = 131] Solving duration: 126149 ms
c [w = 131] Answer: 
s [w = 131] SAT (w = 131)
c [w = 131] Solution check = 131.
c [w = 131] The solution is correct.
c [w = 131] Result: 10
c Search strategy: from lower bound.
c Encoding and solving from lower bound.
c [w = 132] Start task in PID: 80160.
c [w = 132] Antibandwidth problem with w = 132 (Q-494_bus.mtx.rnd):
c [w = 132] Initializing CaDiCaL (version 2.1.3).
c [w = 132] Configuring CaDiCaL as --sat (1).
c [w = 132] Encoding starts with w = 132:
c [w = 132] Encoding duration: 1s
c [w = 132] Number of clauses: 3754284
c [w = 132] Number of variables: 785460
d time: 530.018s
c [Lim] Sampler:	Memory: 1015.5 MB	Real time: 540.015s	Elapsed time: 540.015s
c [Lim] Sampler:	Memory: 1037.3 MB	Real time: 550.013s	Elapsed time: 550.013s
c [Lim] Sampler:	Memory: 817.9 MB	Real time: 560.01s	Elapsed time: 560.01s
c [Lim] Sampler:	Memory: 992.6 MB	Real time: 570.008s	Elapsed time: 570.008s
c [Lim] Sampler:	Memory: 1017.5 MB	Real time: 580.005s	Elapsed time: 580.005s
c [Lim] Sampler:	Memory: 985.9 MB	Real time: 590.003s	Elapsed time: 590.003s
c [Lim] Sampler:	Memory: 1019.2 MB	Real time: 600.001s	Elapsed time: 600.001s
c [Lim] Sampler:	Memory: 1081.3 MB	Real time: 609.998s	Elapsed time: 609.998s
c [Lim] Sampler:	Memory: 1034.3 MB	Real time: 619.996s	Elapsed time: 619.996s
c [Lim] Sampler:	Memory: 792.5 MB	Real time: 629.993s	Elapsed time: 629.993s
c [Lim] Sampler:	Memory: 990.8 MB	Real time: 639.991s	Elapsed time: 639.991s
c [Lim] Sampler:	Memory: 1100.9 MB	Real time: 649.988s	Elapsed time: 649.988s
c [Lim] Sampler:	Memory: 1021 MB	Real time: 659.986s	Elapsed time: 659.986s
c [Lim] Sampler:	Memory: 787.4 MB	Real time: 669.983s	Elapsed time: 669.983s
c [Lim] Sampler:	Memory: 944.1 MB	Real time: 679.981s	Elapsed time: 679.981s
c [Lim] Sampler:	Memory: 785.7 MB	Real time: 689.979s	Elapsed time: 689.979s
c [Lim] Sampler:	Memory: 955.3 MB	Real time: 699.976s	Elapsed time: 699.976s
c [Lim] Sampler:	Memory: 1093 MB	Real time: 709.974s	Elapsed time: 709.974s
c [Lim] Sampler:	Memory: 974.4 MB	Real time: 719.971s	Elapsed time: 719.971s
c [Lim] Sampler:	Memory: 910.3 MB	Real time: 729.969s	Elapsed time: 729.969s
c [Lim] Sampler:	Memory: 929.3 MB	Real time: 739.966s	Elapsed time: 739.966s
c [Lim] Sampler:	Memory: 790.4 MB	Real time: 749.964s	Elapsed time: 749.964s
c [Lim] Sampler:	Memory: 950.9 MB	Real time: 759.961s	Elapsed time: 759.961s
c [Lim] Sampler:	Memory: 962.2 MB	Real time: 769.959s	Elapsed time: 769.959s
c [Lim] Sampler:	Memory: 959.3 MB	Real time: 779.957s	Elapsed time: 779.957s
c [Lim] Sampler:	Memory: 962.7 MB	Real time: 789.954s	Elapsed time: 789.954s
c [Lim] Sampler:	Memory: 981.6 MB	Real time: 799.952s	Elapsed time: 799.952s
c [Lim] Sampler:	Memory: 681.3 MB	Real time: 809.949s	Elapsed time: 809.949s
c [Lim] Sampler:	Memory: 945.8 MB	Real time: 819.947s	Elapsed time: 819.947s
c [Lim] Sampler:	Memory: 964.6 MB	Real time: 829.944s	Elapsed time: 829.944s
c [Lim] Sampler:	Memory: 959.8 MB	Real time: 839.942s	Elapsed time: 839.942s
c [Lim] Sampler:	Memory: 961.6 MB	Real time: 849.94s	Elapsed time: 849.94s
c [Lim] Sampler:	Memory: 963.2 MB	Real time: 859.937s	Elapsed time: 859.937s
c [Lim] Sampler:	Memory: 963.3 MB	Real time: 869.935s	Elapsed time: 869.935s
c [Lim] Sampler:	Memory: 963.8 MB	Real time: 879.932s	Elapsed time: 879.932s
c [Lim] Sampler:	Memory: 979.7 MB	Real time: 889.93s	Elapsed time: 889.93s
c [Lim] Sampler:	Memory: 1066.7 MB	Real time: 899.927s	Elapsed time: 899.927s
c [Lim] Sampler:	Memory: 998.8 MB	Real time: 909.925s	Elapsed time: 909.925s
c [Lim] Sampler:	Memory: 794.8 MB	Real time: 919.922s	Elapsed time: 919.922s
c [Lim] Sampler:	Memory: 954 MB	Real time: 929.92s	Elapsed time: 929.92s
c [Lim] Sampler:	Memory: 983.5 MB	Real time: 939.918s	Elapsed time: 939.918s
c [Lim] Sampler:	Memory: 980.7 MB	Real time: 949.915s	Elapsed time: 949.915s
c [Lim] Sampler:	Memory: 1104.5 MB	Real time: 959.913s	Elapsed time: 959.913s
c [Lim] Sampler:	Memory: 998.9 MB	Real time: 969.91s	Elapsed time: 969.91s
c [Lim] Sampler:	Memory: 1011.8 MB	Real time: 979.908s	Elapsed time: 979.908s
c [Lim] Sampler:	Memory: 947 MB	Real time: 989.905s	Elapsed time: 989.905s
c [Lim] Sampler:	Memory: 994.4 MB	Real time: 999.903s	Elapsed time: 999.903s
c [Lim] Sampler:	Memory: 1144 MB	Real time: 1009.9s	Elapsed time: 1009.9s
c [Lim] Sampler:	Memory: 1032 MB	Real time: 1019.9s	Elapsed time: 1019.9s
c [Lim] Sampler:	Memory: 1026.9 MB	Real time: 1029.9s	Elapsed time: 1029.9s
c [Lim] Sampler:	Memory: 1027.7 MB	Real time: 1039.89s	Elapsed time: 1039.89s
c [Lim] Sampler:	Memory: 915.6 MB	Real time: 1049.89s	Elapsed time: 1049.89s
c [Lim] Sampler:	Memory: 939 MB	Real time: 1059.89s	Elapsed time: 1059.89s
c [Lim] Sampc [w = 132] SAT Solving starts:
c [w = 132] Solving duration: 75708 ms
c [w = 132] Answer: 
s [w = 132] SAT (w = 132)
c [w = 132] Solution check = 132.
c [w = 132] The solution is correct.
c [w = 132] Result: 10
c Search strategy: from lower bound.
c Encoding and solving from lower bound.
c [w = 133] Start task in PID: 80245.
c [w = 133] Antibandwidth problem with w = 133 (Q-494_bus.mtx.rnd):
c [w = 133] Initializing CaDiCaL (version 2.1.3).
c [w = 133] Configuring CaDiCaL as --sat (1).
c [w = 133] Encoding starts with w = 133:
c [w = 133] Encoding duration: 1s
c [w = 133] Number of clauses: 3760706
c [w = 133] Number of variables: 787436
c [w = 133] SAT Solving starts:
c [w = 133] Solving duration: 79702 ms
c [w = 133] Answer: 
s [w = 133] SAT (w = 133)
c [w = 133] Solution check = 133.
c [w = 133] The solution is correct.
c [w = 133] Result: 10
c Search strategy: from lower bound.
c Encoding and solving from lower bound.
c [w = 134] Start task in PID: 80301.
c [w = 134] Antibandwidth problem with w = 134 (Q-494_bus.mtx.rnd):
c [w = 134] Initializing CaDiCaL (version 2.1.3).
c [w = 134] Configuring CaDiCaL as --sat (1).
c [w = 134] Encoding starts with w = 134:
c [w = 134] Encoding duration: 1s
c [w = 134] Number of clauses: 3767128
c [w = 134] Number of variables: 789412
c [w = 134] SAT Solving starts:
c [w = 134] Solving duration: 21260 ms
c [w = 134] Answer: 
s [w = 134] SAT (w = 134)
c [w = 134] Solution check = 134.
c [w = 134] The solution is correct.
c [w = 134] Result: 10
c Search strategy: from lower bound.
c Encoding and solving from lower bound.
c [w = 135] Start task in PID: 80352.
c [w = 135] Antibandwidth problem with w = 135 (Q-494_bus.mtx.rnd):
c [w = 135] Initializing CaDiCaL (version 2.1.3).
c [w = 135] Configuring CaDiCaL as --sat (1).
c [w = 135] Encoding starts with w = 135:
c [w = 135] Encoding duration: 1s
c [w = 135] Number of clauses: 3773550
c [w = 135] Number of variables: 791388
c [w = 135] SAT Solving starts:
c [w = 135] Solving duration: 114680 ms
c [w = 135] Answer: 
s [w = 135] SAT (w = 135)
c [w = 135] Solution check = 135.
c [w = 135] The solution is correct.
c [w = 135] Result: 10
c Search strategy: from lower bound.
c Encoding and solving from lower bound.
c [w = 136] Start task in PID: 80414.
c [w = 136] Antibandwidth problem with w = 136 (Q-494_bus.mtx.rnd):
c [w = 136] Initializing CaDiCaL (version 2.1.3).
c [w = 136] Configuring CaDiCaL as --sat (1).
c [w = 136] Encoding starts with w = 136:
c [w = 136] Encoding duration: 1s
c [w = 136] Number of clauses: 3779972
c [w = 136] Number of variables: 793364
c [w = 136] SAT Solving starts:
c [w = 136] Solving duration: 103280 ms
c [w = 136] Answer: 
s [w = 136] SAT (w = 136)
c [w = 136] Solution check = 136.
c [w = 136] The solution is correct.
c [w = 136] Result: 10
c Search strategy: from lower bound.
c Encoding and solving from lower bound.
c [w = 137] Start task in PID: 80468.
c [w = 137] Antibandwidth problem with w = 137 (Q-494_bus.mtx.rnd):
c [w = 137] Initializing CaDiCaL (version 2.1.3).
c [w = 137] Configuring CaDiCaL as --sat (1).
c [w = 137] Encoding starts with w = 137:
c [w = 137] Encoding duration: 1s
c [w = 137] Number of clauses: 3786394
c [w = 137] Number of variables: 795340
c [w = 137] SAT Solving starts:
c [w = 137] Solving duration: 57869 ms
c [w = 137] Answer: 
s [w = 137] SAT (w = 137)
c [w = 137] Solution check = 137.
c [w = 137] The solution is correct.
c [w = 137] Result: 10
c Search strategy: from lower bound.
c Encoding and solving from lower bound.
c [w = 138] Start task in PID: 80522.
c [w = 138] Antibandwidth problem with w = 138 (Q-494_bus.mtx.rnd):
c [w = 138] Initializing CaDiCaL (version 2.1.3).
c [w = 138] Configuring CaDiCaL as --sat (1).
c [w = 138] Encoding starts with w = 138:
c [w = 138] Encoding duration: 1s
c [w = 138] Number of clauses: 3792816
c [w = 138] Number of variables: 797316
c [w = 138] SAT Solving starts:
c [w = 138] Solving duration: 56558 ms
c [w = 138] Answer: 
s [w = 138] SAT (w = 138)
c [w = 138] Solution check = 138.
c [w = 138] The solution is correct.
c [w = 138] Result: 10
c Search strategy: from lower bound.
c Encoding and solving from lower bound.
c [w = 139] Start task in PID: 80576.
c [w = 139] Antibandwidth problem with w = 139 (Q-494_bus.mtx.rnd):
c [w = 139] Initializing CaDiCaL (version 2.1.3).
c [w = 139] Configuring CaDiCaL as --sat (1).
c [w = 139] Encoding starts with w = 139:
c [w = 139] Encoding duration: 1s
c [w = 139] Number of clauses: 3799238
c [w = 139] Number of variables: 799292
ler:	Memory: 1094.8 MB	Real time: 1069.89s	Elapsed time: 1069.89s
c [Lim] Sampler:	Memory: 976.8 MB	Real time: 1079.88s	Elapsed time: 1079.88s
c [Lim] Sampler:	Memory: 981 MB	Real time: 1089.88s	Elapsed time: 1089.88s
c [Lim] Sampler:	Memory: 982 MB	Real time: 1099.88s	Elapsed time: 1099.88s
c [Lim] Sampler:	Memory: 982.9 MB	Real time: 1109.88s	Elapsed time: 1109.88s
c [Lim] Sampler:	Memory: 990.3 MB	Real time: 1119.87s	Elapsed time: 1119.87s
c [Lim] Sampler:	Memory: 1072.7 MB	Real time: 1129.87s	Elapsed time: 1129.87s
c [Lim] Sampler:	Memory: 978.4 MB	Real time: 1139.87s	Elapsed time: 1139.87s
c [Lim] Sampler:	Memory: 980.6 MB	Real time: 1149.87s	Elapsed time: 1149.87s
c [Lim] Sampler:	Memory: 978.7 MB	Real time: 1159.86s	Elapsed time: 1159.86s
c [Lim] Sampler:	Memory: 983.1 MB	Real time: 1169.86s	Elapsed time: 1169.86s
c [Lim] Sampler:	Memory: 982.9 MB	Real time: 1179.86s	Elapsed time: 1179.86s
c [Lim] Sampler:	Memory: 961.6 MB	Real time: 1189.86s	Elapsed time: 1189.86s
c [Lim] Sampler:	Memory: 991 MB	Real time: 1199.85s	Elapsed time: 1199.85s
c [Lim] Sampler:	Memory: 920.1 MB	Real time: 1209.85s	Elapsed time: 1209.85s
c [Lim] Sampler:	Memory: 943.4 MB	Real time: 1219.85s	Elapsed time: 1219.85s
c [Lim] Sampler:	Memory: 749.4 MB	Real time: 1229.85s	Elapsed time: 1229.85s
c [Lim] Sampler:	Memory: 973 MB	Real time: 1239.84s	Elapsed time: 1239.84s
c [Lim] Sampler:	Memory: 982.8 MB	Real time: 1249.84s	Elapsed time: 1249.84s
c [Lim] Sampler:	Memory: 935.3 MB	Real time: 1259.84s	Elapsed time: 1259.84s
c [Lim] Sampler:	Memory: 987.1 MB	Real time: 1269.84s	Elapsed time: 1269.84s
c [Lim] Sampler:	Memory: 954.1 MB	Real time: 1279.83s	Elapsed time: 1279.83s
c [Lim] Sampler:	Memory: 1107 MB	Real time: 1289.83s	Elapsed time: 1289.83s
c [Lim] Sampler:	Memory: 984 MB	Real time: 1299.83s	Elapsed time: 1299.83s
c [Lim] Sampler:	Memory: 997 MB	Real time: 1309.83s	Elapsed time: 1309.83s
c [Lim] Sampler:	Memory: 1015.8 MB	Real time: 1319.82s	Elapsed time: 1319.82s
c [Lim] Sampler:	Memory: 1049.4 MB	Real time: 1329.82s	Elapsed time: 1329.82s
c [Lim] Sampler:	Memory: 1062.1 MB	Real time: 1339.82s	Elapsed time: 1339.82s
c [Lim] Sampler:	Memory: 923.7 MB	Real time: 1349.82s	Elapsed time: 1349.82s
c [Lim] Sampler:	Memory: 976.6 MB	Real time: 1359.82s	Elapsed time: 1359.82s
c [Lim] Sampler:	Memory: 985.1 MB	Real time: 1369.81s	Elapsed time: 1369.81s
c [Lim] Sampler:	Memory: 981.8 MB	Real time: 1379.81s	Elapsed time: 1379.81s
c [Lim] Sampler:	Memory: 985.5 MB	Real time: 1389.81s	Elapsed time: 1389.81s
c [Lim] Sampler:	Memory: 983.2 MB	Real time: 1399.81s	Elapsed time: 1399.81s
c [Lim] Sampler:	Memory: 992.1 MB	Real time: 1409.8s	Elapsed time: 1409.8s
c [Lim] Sampler:	Memory: 1001.9 MB	Real time: 1419.8s	Elapsed time: 1419.8s
c [Lim] Sampler:	Memory: 993.4 MB	Real time: 1429.8s	Elapsed time: 1429.8s
c [Lim] Sampler:	Memory: 1036.6 MB	Real time: 1439.8s	Elapsed time: 1439.8s
c [Lim] Sampler:	Memory: 793.7 MB	Real time: 1449.79s	Elapsed time: 1449.79s
c [Lim] Sampler:	Memory: 960.2 MB	Real time: 1459.79s	Elapsed time: 1459.79s
c [Lim] Sampler:	Memory: 986.6 MB	Real time: 1469.79s	Elapsed time: 1469.79s
c [Lim] Sampler:	Memory: 985.4 MB	Real time: 1479.79s	Elapsed time: 1479.79s
c [Lim] Sampler:	Memory: 1106.6 MB	Real time: 1489.78s	Elapsed time: 1489.78s
c [Lim] Sampler:	Memory: 987.6 MB	Real time: 1499.78s	Elapsed time: 1499.78s
c [Lim] Sampler:	Memory: 771.8 MB	Real time: 1509.78s	Elapsed time: 1509.78s
c [Lim] Sampler:	Memory: 958.8 MB	Real time: 1519.78s	Elapsed time: 1519.78s
c [Lim] Sampler:	Memory: 985.2 MB	Real time: 1529.77s	Elapsed time: 1529.77s
c [Lim] Sampler:	Memory: 986.3 MB	Real time: 1539.77s	Elapsed time: 1539.77s
c [Lim] Sampler:	Memory: 984.4 MB	Real time: 1549.77s	Elapsed time: 1549.77s
c [Lim] Sampler:	Memory: 986 MB	Real time: 1559.77s	Elapsed time: 1559.77s
c [Lim] Sampler:	Memory: 597.7 MB	Real time: 1569.76s	Elapsed time: 1569.76s
c [Lim] Sampler:	Memory: 979.1 MB	Real time: 1579.76s	Elapsed time: 1579.76s
c [Lim] Sampler:	Memory: 988.9 MB	Real time: 1589.76s	Elapsed time: 1589.76s
c [Lim] Sampler:	Memory: 988.1 MB	Real timc [w = 139] SAT Solving starts:
c [w = 139] Solving duration: 102760 ms
c [w = 139] Answer: 
s [w = 139] SAT (w = 139)
c [w = 139] Solution check = 139.
c [w = 139] The solution is correct.
c [w = 139] Result: 10
c Search strategy: from lower bound.
c Encoding and solving from lower bound.
c [w = 140] Start task in PID: 81360.
c [w = 140] Antibandwidth problem with w = 140 (Q-494_bus.mtx.rnd):
c [w = 140] Initializing CaDiCaL (version 2.1.3).
c [w = 140] Configuring CaDiCaL as --sat (1).
c [w = 140] Encoding starts with w = 140:
c [w = 140] Encoding duration: 1s
c [w = 140] Number of clauses: 3805660
c [w = 140] Number of variables: 801268
c [w = 140] SAT Solving starts:
c [w = 140] Solving duration: 60532 ms
c [w = 140] Answer: 
s [w = 140] SAT (w = 140)
c [w = 140] Solution check = 140.
c [w = 140] The solution is correct.
c [w = 140] Result: 10
c Search strategy: from lower bound.
c Encoding and solving from lower bound.
c [w = 141] Start task in PID: 81415.
c [w = 141] Antibandwidth problem with w = 141 (Q-494_bus.mtx.rnd):
c [w = 141] Initializing CaDiCaL (version 2.1.3).
c [w = 141] Configuring CaDiCaL as --sat (1).
c [w = 141] Encoding starts with w = 141:
c [w = 141] Encoding duration: 1s
c [w = 141] Number of clauses: 3812082
c [w = 141] Number of variables: 803244
c [w = 141] SAT Solving starts:
c [w = 141] Solving duration: 94671 ms
c [w = 141] Answer: 
s [w = 141] SAT (w = 141)
c [w = 141] Solution check = 141.
c [w = 141] The solution is correct.
c [w = 141] Result: 10
c Search strategy: from lower bound.
c Encoding and solving from lower bound.
c [w = 142] Start task in PID: 81475.
c [w = 142] Antibandwidth problem with w = 142 (Q-494_bus.mtx.rnd):
c [w = 142] Initializing CaDiCaL (version 2.1.3).
c [w = 142] Configuring CaDiCaL as --sat (1).
c [w = 142] Encoding starts with w = 142:
c [w = 142] Encoding duration: 1s
c [w = 142] Number of clauses: 3818504
c [w = 142] Number of variables: 805220
c [w = 142] SAT Solving starts:
c [w = 142] Solving duration: 59879 ms
c [w = 142] Answer: 
s [w = 142] SAT (w = 142)
c [w = 142] Solution check = 142.
c [w = 142] The solution is correct.
c [w = 142] Result: 10
c Search strategy: from lower bound.
c Encoding and solving from lower bound.
c [w = 143] Start task in PID: 81527.
c [w = 143] Antibandwidth problem with w = 143 (Q-494_bus.mtx.rnd):
c [w = 143] Initializing CaDiCaL (version 2.1.3).
c [w = 143] Configuring CaDiCaL as --sat (1).
c [w = 143] Encoding starts with w = 143:
c [w = 143] Encoding duration: 1s
c [w = 143] Number of clauses: 3824926
c [w = 143] Number of variables: 807196
c [w = 143] SAT Solving starts:
c [w = 143] Solving duration: 44394 ms
c [w = 143] Answer: 
s [w = 143] SAT (w = 143)
c [w = 143] Solution check = 143.
c [w = 143] The solution is correct.
c [w = 143] Result: 10
c Search strategy: from lower bound.
c Encoding and solving from lower bound.
c [w = 144] Start task in PID: 81576.
c [w = 144] Antibandwidth problem with w = 144 (Q-494_bus.mtx.rnd):
c [w = 144] Initializing CaDiCaL (version 2.1.3).
c [w = 144] Configuring CaDiCaL as --sat (1).
c [w = 144] Encoding starts with w = 144:
c [w = 144] Encoding duration: 1s
c [w = 144] Number of clauses: 3831348
c [w = 144] Number of variables: 809172
c [w = 144] SAT Solving starts:
c [w = 144] Solving duration: 99438 ms
c [w = 144] Answer: 
s [w = 144] SAT (w = 144)
c [w = 144] Solution check = 144.
c [w = 144] The solution is correct.
c [w = 144] Result: 10
c Search strategy: from lower bound.
c Encoding and solving from lower bound.
c [w = 145] Start task in PID: 81643.
c [w = 145] Antibandwidth problem with w = 145 (Q-494_bus.mtx.rnd):
c [w = 145] Initializing CaDiCaL (version 2.1.3).
c [w = 145] Configuring CaDiCaL as --sat (1).
c [w = 145] Encoding starts with w = 145:
c [w = 145] Encoding duration: 1s
c [w = 145] Number of clauses: 3837770
c [w = 145] Number of variables: 811148
e: 1599.76s	Elapsed time: 1599.76s
c [Lim] Sampler:	Memory: 1107.7 MB	Real time: 1609.75s	Elapsed time: 1609.75s
c [Lim] Sampler:	Memory: 1035.2 MB	Real time: 1619.75s	Elapsed time: 1619.75s
c [Lim] Sampler:	Memory: 1048.5 MB	Real time: 1629.75s	Elapsed time: 1629.75s
c [Lim] Sampler:	Memory: 1046 MB	Real time: 1639.75s	Elapsed time: 1639.75s
c [Lim] Sampler:	Memory: 1070.5 MB	Real time: 1649.74s	Elapsed time: 1649.74s
c [Lim] Sampler:	Memory: 1069 MB	Real time: 1659.74s	Elapsed time: 1659.74s
c [Lim] Sampler:	Memory: 1116.4 MB	Real time: 1669.74s	Elapsed time: 1669.74s
c [Lim] Sampler:	Memory: 1051.8 MB	Real time: 1679.74s	Elapsed time: 1679.74s
c [Lim] Sampler:	Memory: 956.3 MB	Real time: 1689.73s	Elapsed time: 1689.73s
c [Lim] Sampler:	Memory: 985.2 MB	Real time: 1699.73s	Elapsed time: 1699.73s
c [Lim] Sampler:	Memory: 985.2 MB	Real time: 1709.73s	Elapsed time: 1709.73s
c [Lim] Sampler:	Memory: 986.1 MB	Real time: 1719.73s	Elapsed time: 1719.73s
c [Lim] Sampler:	Memory: 1022.2 MB	Real time: 1729.72s	Elapsed time: 1729.72s
c [Lim] Sampler:	Memory: 922.1 MB	Real time: 1739.72s	Elapsed time: 1739.72s
c [Lim] Sampler:	Memory: 988.7 MB	Real time: 1749.72s	Elapsed time: 1749.72s
c [Lim] Sampler:	Memory: 996.7 MB	Real time: 1759.72s	Elapsed time: 1759.72s
c [Lim] Sampler:	Memory: 1002.5 MB	Real time: 1769.71s	Elapsed time: 1769.71s
c [Lim] Sampler:	Memory: 994.5 MB	Real time: 1779.71s	Elapsed time: 1779.71s
c [Lim] Sampler:	Memory: 946.7 MB	Real time: 1789.71s	Elapsed time: 1789.71s
c [Lim] Sampler:	Memory: 1123.5 MB	Real time: 1799.71s	Elapsed time: 1799.71s
c [Lim] Sampler:	Memory: 1025.1 MB	Real time: 1809.71s	Elapsed time: 1809.71s
c [Lim] Sampler:	Memory: 1003.6 MB	Real time: 1819.7s	Elapsed time: 1819.7s
c [Lim] Sampler:	Memory: 1139.3 MB	Real time: 1829.7s	Elapsed time: 1829.7s
c [Lim] Sampler:	Memory: 982.4 MB	Real time: 1839.7s	Elapsed time: 1839.7s
c [Lim] Sampler:	Memory: 1008.9 MB	Real time: 1849.7s	Elapsed time: 1849.7s
c [Lim] Sampler:	Memory: 1008.9 MB	Real time: 1859.69s	Elapsed time: 1859.69s
c [Lim] Sampler:	Memory: 1009.1 MB	Real time: 1869.69s	Elapsed time: 1869.69s
c [Lim] Sampler:	Memory: 1015.8 MB	Real time: 1879.69s	Elapsed time: 1879.69s
c [Lim] Sampler:	Memory: 987.9 MB	Real time: 1889.69s	Elapsed time: 1889.69s
c [Lim] Sampler:	Memory: 934.7 MB	Real time: 1899.68s	Elapsed time: 1899.68s
c [Lim] Sampler:	Memory: 958.2 MB	Real time: 1909.68s	Elapsed time: 1909.68s
c [Lim] Sampler:	Memory: 1006.7 MB	Real time: 1919.68s	Elapsed time: 1919.68s
c [Lim] Sampler:	Memory: 1005.9 MB	Real time: 1929.68s	Elapsed time: 1929.68s
c [Lim] Sampler:	Memory: 1009.6 MB	Real time: 1939.67s	Elapsed time: 1939.67s
c [Lim] Sampler:	Memory: 935 MB	Real time: 1949.67s	Elapsed time: 1949.67s
c [Lim] Sampler:	Memory: 1011.7 MB	Real time: 1959.67s	Elapsed time: 1959.67s
c [Lim] Sampler:	Memory: 1012 MB	Real time: 1969.67s	Elapsed time: 1969.67s
c [Lim] Sampler:	Memory: 1011.9 MB	Real time: 1979.66s	Elapsed time: 1979.66s
c [Lim] Sampler:	Memory: 1013 MB	Real time: 1989.66s	Elapsed time: 1989.66s
c [Lim] Sampler:	Memory: 1023.8 MB	Real time: 1999.66s	Elapsed time: 1999.66s
c [Lim] Sampler:	Memory: 1022.7 MB	Real time: 2009.66s	Elapsed time: 2009.66s
c [Lim] Sampler:	Memory: 1039.6 MB	Real time: 2019.65s	Elapsed time: 2019.65s
c [Lim] Sampler:	Memory: 1055.1 MB	Real time: 2029.65s	Elapsed time: 2029.65s
c [Lim] Sampler:	Memory: 1071.9 MB	Real time: 2039.65s	Elapsed time: 2039.65s
c [Lim] Sampler:	Memory: 980.7 MB	Real time: 2049.65s	Elapsed time: 2049.65s
c [Lim] Sampler:	Memory: 1008 MB	Real time: 2059.66s	Elapsed time: 2059.66s
c [Lim] Sampler:	Memory: 1008.1 MB	Real time: 2069.67s	Elapsed time: 2069.67s
c [Lim] Sampler:	Memory: 1009.6 MB	Real time: 2079.68s	Elapsed time: 2079.68s
c [Lim] Sampler:	Memory: 1012.1 MB	Real time: 2089.69s	Elapsed time: 2089.69s
c [Lim] Sampler:	Memory: 1015.8 MB	Real time: 2099.7s	Elapsed time: 2099.7s
c [Lim] Sampler:	Memory: 921.9 MB	Real time: 2109.71s	Elapsed time: 2109.71s
c [Lim] Sampler:	Memory: 1025 MB	Real time: 2119.72s	Elapsed time: 2119.72s
c [Lim] Sampler:	Memory: 973 MB	Real time: 21c [w = 145] SAT Solving starts:
c [w = 145] Solving duration: 94483 ms
c [w = 145] Answer: 
s [w = 145] SAT (w = 145)
c [w = 145] Solution check = 145.
c [w = 145] The solution is correct.
c [w = 145] Result: 10
c Search strategy: from lower bound.
c Encoding and solving from lower bound.
c [w = 146] Start task in PID: 81756.
c [w = 146] Antibandwidth problem with w = 146 (Q-494_bus.mtx.rnd):
c [w = 146] Initializing CaDiCaL (version 2.1.3).
c [w = 146] Configuring CaDiCaL as --sat (1).
c [w = 146] Encoding starts with w = 146:
c [w = 146] Encoding duration: 1s
c [w = 146] Number of clauses: 3844192
c [w = 146] Number of variables: 813124
c [w = 146] SAT Solving starts:
c [w = 146] Solving duration: 63890 ms
c [w = 146] Answer: 
s [w = 146] SAT (w = 146)
c [w = 146] Solution check = 146.
c [w = 146] The solution is correct.
c [w = 146] Result: 10
c Search strategy: from lower bound.
c Encoding and solving from lower bound.
c [w = 147] Start task in PID: 82484.
c [w = 147] Antibandwidth problem with w = 147 (Q-494_bus.mtx.rnd):
c [w = 147] Initializing CaDiCaL (version 2.1.3).
c [w = 147] Configuring CaDiCaL as --sat (1).
c [w = 147] Encoding starts with w = 147:
c [w = 147] Encoding duration: 1s
c [w = 147] Number of clauses: 3850614
c [w = 147] Number of variables: 815100
c [w = 147] SAT Solving starts:
c [w = 147] Solving duration: 38476 ms
c [w = 147] Answer: 
s [w = 147] SAT (w = 147)
c [w = 147] Solution check = 147.
c [w = 147] The solution is correct.
c [w = 147] Result: 10
c Search strategy: from lower bound.
c Encoding and solving from lower bound.
c [w = 148] Start task in PID: 82540.
c [w = 148] Antibandwidth problem with w = 148 (Q-494_bus.mtx.rnd):
c [w = 148] Initializing CaDiCaL (version 2.1.3).
c [w = 148] Configuring CaDiCaL as --sat (1).
c [w = 148] Encoding starts with w = 148:
c [w = 148] Encoding duration: 1s
c [w = 148] Number of clauses: 3857036
c [w = 148] Number of variables: 817076
c [w = 148] SAT Solving starts:
c [w = 148] Solving duration: 62396 ms
c [w = 148] Answer: 
s [w = 148] SAT (w = 148)
c [w = 148] Solution check = 148.
c [w = 148] The solution is correct.
c [w = 148] Result: 10
c Search strategy: from lower bound.
c Encoding and solving from lower bound.
c [w = 149] Start task in PID: 82593.
c [w = 149] Antibandwidth problem with w = 149 (Q-494_bus.mtx.rnd):
c [w = 149] Initializing CaDiCaL (version 2.1.3).
c [w = 149] Configuring CaDiCaL as --sat (1).
c [w = 149] Encoding starts with w = 149:
c [w = 149] Encoding duration: 1s
c [w = 149] Number of clauses: 3863458
c [w = 149] Number of variables: 819052
c [w = 149] SAT Solving starts:
c [w = 149] Solving duration: 57643 ms
c [w = 149] Answer: 
s [w = 149] SAT (w = 149)
c [w = 149] Solution check = 149.
c [w = 149] The solution is correct.
c [w = 149] Result: 10
c Search strategy: from lower bound.
c Encoding and solving from lower bound.
c [w = 150] Start task in PID: 82651.
c [w = 150] Antibandwidth problem with w = 150 (Q-494_bus.mtx.rnd):
c [w = 150] Initializing CaDiCaL (version 2.1.3).
c [w = 150] Configuring CaDiCaL as --sat (1).
c [w = 150] Encoding starts with w = 150:
c [w = 150] Encoding duration: 1s
c [w = 150] Number of clauses: 3869880
c [w = 150] Number of variables: 821028
c [w = 150] SAT Solving starts:
c [w = 150] Solving duration: 64824 ms
c [w = 150] Answer: 
s [w = 150] SAT (w = 150)
c [w = 150] Solution check = 150.
c [w = 150] The solution is correct.
c [w = 150] Result: 10
c Search strategy: from lower bound.
c Encoding and solving from lower bound.
c [w = 151] Start task in PID: 82709.
c [w = 151] Antibandwidth problem with w = 151 (Q-494_bus.mtx.rnd):
c [w = 151] Initializing CaDiCaL (version 2.1.3).
c [w = 151] Configuring CaDiCaL as --sat (1).
c [w = 151] Encoding starts with w = 151:
c [w = 151] Encoding duration: 1s
c [w = 151] Number of clauses: 3876302
c [w = 151] Number of variables: 823004
c [w = 151] SAT Solving starts:
c [w = 151] Solving duration: 63502 ms
c [w = 151] Answer: 
s [w = 151] SAT (w = 151)
c [w = 151] Solution check = 151.
c [w = 151] The solution is correct.
c [w = 151] Result: 10
c Search strategy: from lower bound.
c Encoding and solving from lower bound.
c [w = 152] Start task in PID: 82766.
c [w = 152] Antibandwidth problem with w = 152 (Q-494_bus.mtx.rnd):
c [w = 152] Initializing CaDiCaL (version 2.1.3).
c [w = 152] Configuring CaDiCaL as --sat (1).
c [w = 152] Encoding starts with w = 152:
c [w = 152] Encoding duration: 1s
c [w = 152] Number of clauses: 3882724
c [w = 152] Number of variables: 824980
c [w = 152] SAT Solving starts:
c [w = 152] Solving duration: 82378 ms
c [w = 152] Answer: 
s [w = 152] SAT (w = 152)
c [w = 152] Solution check = 152.
c [w = 152] The solution is correct.
c [w = 152] Result: 10
c Search strategy: from lower bound.
c Encoding and solving from lower bound.
c [w = 153] Start task in PID: 82838.
c [w = 153] Antibandwidth problem with w = 153 (Q-494_bus.mtx.rnd):
c [w = 153] Initializing CaDiCaL (version 2.1.3).
c [w = 153] Configuring CaDiCaL as --sat (1).
c [w = 153] Encoding starts with w = 153:
c [w = 153] Encoding duration: 1s
c [w = 153] Number of clauses: 3889146
c [w = 153] Number of variables: 826956
c [w = 153] SAT Solving starts:
c [w = 153] Solving duration: 63600 ms
c [w = 153] Answer: 
s [w = 153] SAT (w = 153)
c [w = 153] Solution check = 153.
c [w = 153] The solution is correct.
c [w = 153] Result: 10
c Search strategy: from lower bound.
c Encoding and solving from lower bound.
c [w = 154] Start task in PID: 82895.
c [w = 154] Antibandwidth problem with w = 154 (Q-494_bus.mtx.rnd):
c [w = 154] Initializing CaDiCaL (version 2.1.3).
c [w = 154] Configuring CaDiCaL as --sat (1).
c [w = 154] Encoding starts with w = 154:
c [w = 154] Encoding duration: 1s
c [w = 154] Number of clauses: 3895568
c [w = 154] Number of variables: 828932
29.73s	Elapsed time: 2129.73s
c [Lim] Sampler:	Memory: 426.5 MB	Real time: 2139.74s	Elapsed time: 2139.74s
c [Lim] Sampler:	Memory: 973.3 MB	Real time: 2149.75s	Elapsed time: 2149.75s
c [Lim] Sampler:	Memory: 1048.4 MB	Real time: 2159.76s	Elapsed time: 2159.76s
c [Lim] Sampler:	Memory: 1008.6 MB	Real time: 2169.77s	Elapsed time: 2169.77s
c [Lim] Sampler:	Memory: 1008.7 MB	Real time: 2179.78s	Elapsed time: 2179.78s
c [Lim] Sampler:	Memory: 1011.3 MB	Real time: 2189.79s	Elapsed time: 2189.79s
c [Lim] Sampler:	Memory: 1009.2 MB	Real time: 2199.8s	Elapsed time: 2199.8s
c [Lim] Sampler:	Memory: 937.4 MB	Real time: 2209.8s	Elapsed time: 2209.8s
c [Lim] Sampler:	Memory: 984.4 MB	Real time: 2219.81s	Elapsed time: 2219.81s
c [Lim] Sampler:	Memory: 1125.8 MB	Real time: 2229.82s	Elapsed time: 2229.82s
c [Lim] Sampler:	Memory: 1010.3 MB	Real time: 2239.83s	Elapsed time: 2239.83s
c [Lim] Sampler:	Memory: 939.4 MB	Real time: 2249.84s	Elapsed time: 2249.84s
c [Lim] Sampler:	Memory: 985.8 MB	Real time: 2259.85s	Elapsed time: 2259.85s
c [Lim] Sampler:	Memory: 1012 MB	Real time: 2269.86s	Elapsed time: 2269.86s
c [Lim] Sampler:	Memory: 984.7 MB	Real time: 2279.87s	Elapsed time: 2279.87s
c [Lim] Sampler:	Memory: 1013.2 MB	Real time: 2289.88s	Elapsed time: 2289.88s
c [Lim] Sampler:	Memory: 1122.2 MB	Real time: 2299.89s	Elapsed time: 2299.89s
c [Lim] Sampler:	Memory: 921.2 MB	Real time: 2309.9s	Elapsed time: 2309.9s
c [Lim] Sampler:	Memory: 974.7 MB	Real time: 2319.91s	Elapsed time: 2319.91s
c [Lim] Sampler:	Memory: 1014.6 MB	Real time: 2329.92s	Elapsed time: 2329.92s
c [Lim] Sampler:	Memory: 1009.7 MB	Real time: 2339.93s	Elapsed time: 2339.93s
c [Lim] Sampler:	Memory: 1130.7 MB	Real time: 2349.94s	Elapsed time: 2349.94s
c [Lim] Sampler:	Memory: 1029.8 MB	Real time: 2359.95s	Elapsed time: 2359.95s
c [Lim] Sampler:	Memory: 769.7 MB	Real time: 2369.96s	Elapsed time: 2369.96s
c [Lim] Sampler:	Memory: 975.3 MB	Real time: 2379.97s	Elapsed time: 2379.97s
c [Lim] Sampler:	Memory: 1016.2 MB	Real time: 2389.98s	Elapsed time: 2389.98s
c [Lim] Sampler:	Memory: 964.6 MB	Real time: 2399.99s	Elapsed time: 2399.99s
c [Lim] Sampler:	Memory: 1013.8 MB	Real time: 2410s	Elapsed time: 2410s
c [Lim] Sampler:	Memory: 1018.2 MB	Real time: 2420.01s	Elapsed time: 2420.01s
c [Lim] Sampler:	Memory: 1009.7 MB	Real time: 2430.02s	Elapsed time: 2430.02s
c [Lim] Sampler:	Memory: 818.8 MB	Real time: 2440.03s	Elapsed time: 2440.03s
c [Lim] Sampler:	Memory: 992.9 MB	Real time: 2450.04s	Elapsed time: 2450.04s
c [Lim] Sampler:	Memory: 1018 MB	Real time: 2460.05s	Elapsed time: 2460.05s
c [Lim] Sampler:	Memory: 1015.9 MB	Real time: 2470.06s	Elapsed time: 2470.06s
c [Lim] Sampler:	Memory: 1015.9 MB	Real time: 2480.07s	Elapsed time: 2480.07s
c [Lim] Sampler:	Memory: 1036.1 MB	Real time: 2490.08s	Elapsed time: 2490.08s
c [Lim] Sampler:	Memory: 1006.6 MB	Real time: 2500.09s	Elapsed time: 2500.09s
c [Lim] Sampler:	Memory: 992.9 MB	Real time: 2510.1s	Elapsed time: 2510.1s
c [Lim] Sampler:	Memory: 1019.9 MB	Real time: 2520.11s	Elapsed time: 2520.11s
c [Lim] Sampler:	Memory: 1014.9 MB	Real time: 2530.12s	Elapsed time: 2530.12s
c [Lim] Sampler:	Memory: 1015.3 MB	Real time: 2540.13s	Elapsed time: 2540.13s
c [Lim] Sampler:	Memory: 1020.2 MB	Real time: 2550.14s	Elapsed time: 2550.14s
c [Lim] Sampler:	Memory: 1040.7 MB	Real time: 2560.15s	Elapsed time: 2560.15s
c [Lim] Sampler:	Memory: 1043.4 MB	Real time: 2570.16s	Elapsed time: 2570.16s
c [Lim] Sampler:	Memory: 1042.8 MB	Real time: 2580.17s	Elapsed time: 2580.17s
c [Lim] Sampler:	Memory: 821.2 MB	Real time: 2590.18s	Elapsed time: 2590.18s
c [Lim] Sampler:	Memory: 996 MB	Real time: 2600.19s	Elapsed time: 2600.19s
c [Lim] Sampler:	Memory: 1021 MB	Real time: 2610.2s	Elapsed time: 2610.2s
c [Lim] Sampler:	Memory: 1017.1 MB	Real time: 2620.21s	Elapsed time: 2620.21s
c [Lim] Sampler:	Memory: 1020 MB	Real time: 2630.22s	Elapsed time: 2630.22s
c [Lim] Sampler:	Memory: 1123.1 MB	Real time: 2640.22s	Elapsed time: 2640.22s
c [Lim] Sampler:	Memory: 1042.4 MB	Real time: 2650.23s	Elapsed time: 2650.23s
c [Lim] Sampler:	Memory: 1103.8 MB	Real time: 2660.24c [w = 154] SAT Solving starts:
c [w = 154] Solving duration: 73963 ms
c [w = 154] Answer: 
s [w = 154] SAT (w = 154)
c [w = 154] Solution check = 154.
c [w = 154] The solution is correct.
c [w = 154] Result: 10
c Search strategy: from lower bound.
c Encoding and solving from lower bound.
c [w = 155] Start task in PID: 82972.
c [w = 155] Antibandwidth problem with w = 155 (Q-494_bus.mtx.rnd):
c [w = 155] Initializing CaDiCaL (version 2.1.3).
c [w = 155] Configuring CaDiCaL as --sat (1).
c [w = 155] Encoding starts with w = 155:
c [w = 155] Encoding duration: 1s
c [w = 155] Number of clauses: 3901990
c [w = 155] Number of variables: 830908
c [w = 155] SAT Solving starts:
c [w = 155] Solving duration: 37383 ms
c [w = 155] Answer: 
s [w = 155] SAT (w = 155)
c [w = 155] Solution check = 155.
c [w = 155] The solution is correct.
c [w = 155] Result: 10
c Search strategy: from lower bound.
c Encoding and solving from lower bound.
c [w = 156] Start task in PID: 83031.
c [w = 156] Antibandwidth problem with w = 156 (Q-494_bus.mtx.rnd):
c [w = 156] Initializing CaDiCaL (version 2.1.3).
c [w = 156] Configuring CaDiCaL as --sat (1).
c [w = 156] Encoding starts with w = 156:
c [w = 156] Encoding duration: 1s
c [w = 156] Number of clauses: 3908412
c [w = 156] Number of variables: 832884
c [w = 156] SAT Solving starts:
c [w = 156] Solving duration: 101209 ms
c [w = 156] Answer: 
s [w = 156] SAT (w = 156)
c [w = 156] Solution check = 156.
c [w = 156] The solution is correct.
c [w = 156] Result: 10
c Search strategy: from lower bound.
c Encoding and solving from lower bound.
c [w = 157] Start task in PID: 83767.
c [w = 157] Antibandwidth problem with w = 157 (Q-494_bus.mtx.rnd):
c [w = 157] Initializing CaDiCaL (version 2.1.3).
c [w = 157] Configuring CaDiCaL as --sat (1).
c [w = 157] Encoding starts with w = 157:
c [w = 157] Encoding duration: 1s
c [w = 157] Number of clauses: 3914834
c [w = 157] Number of variables: 834860
c [w = 157] SAT Solving starts:
c [w = 157] Solving duration: 75126 ms
c [w = 157] Answer: 
s [w = 157] SAT (w = 157)
c [w = 157] Solution check = 157.
c [w = 157] The solution is correct.
c [w = 157] Result: 10
c Search strategy: from lower bound.
c Encoding and solving from lower bound.
c [w = 158] Start task in PID: 83999.
c [w = 158] Antibandwidth problem with w = 158 (Q-494_bus.mtx.rnd):
c [w = 158] Initializing CaDiCaL (version 2.1.3).
c [w = 158] Configuring CaDiCaL as --sat (1).
c [w = 158] Encoding starts with w = 158:
c [w = 158] Encoding duration: 1s
c [w = 158] Number of clauses: 3921256
c [w = 158] Number of variables: 836836
c [w = 158] SAT Solving starts:
c [w = 158] Solving duration: 38456 ms
c [w = 158] Answer: 
s [w = 158] SAT (w = 158)
c [w = 158] Solution check = 158.
c [w = 158] The solution is correct.
c [w = 158] Result: 10
c Search strategy: from lower bound.
c Encoding and solving from lower bound.
c [w = 159] Start task in PID: 84050.
c [w = 159] Antibandwidth problem with w = 159 (Q-494_bus.mtx.rnd):
c [w = 159] Initializing CaDiCaL (version 2.1.3).
c [w = 159] Configuring CaDiCaL as --sat (1).
c [w = 159] Encoding starts with w = 159:
c [w = 159] Encoding duration: 1s
c [w = 159] Number of clauses: 3927678
c [w = 159] Number of variables: 838812
c [w = 159] SAT Solving starts:
c [w = 159] Solving duration: 22474 ms
c [w = 159] Answer: 
s [w = 159] SAT (w = 159)
c [w = 159] Solution check = 159.
c [w = 159] The solution is correct.
c [w = 159] Result: 10
c Search strategy: from lower bound.
c Encoding and solving from lower bound.
c [w = 160] Start task in PID: 84105.
c [w = 160] Antibandwidth problem with w = 160 (Q-494_bus.mtx.rnd):
c [w = 160] Initializing CaDiCaL (version 2.1.3).
c [w = 160] Configuring CaDiCaL as --sat (1).
c [w = 160] Encoding starts with w = 160:
c [w = 160] Encoding duration: 1s
c [w = 160] Number of clauses: 3934100
c [w = 160] Number of variables: 840788
c [w = 160] SAT Solving starts:
c [w = 160] Solving duration: 3904 ms
c [w = 160] Answer: 
s [w = 160] SAT (w = 160)
c [w = 160] Solution check = 160.
c [w = 160] The solution is correct.
c [w = 160] Result: 10
c Search strategy: from lower bound.
c Encoding and solving from lower bound.
c [w = 161] Start task in PID: 84142.
c [w = 161] Antibandwidth problem with w = 161 (Q-494_bus.mtx.rnd):
c [w = 161] Initializing CaDiCaL (version 2.1.3).
c [w = 161] Configuring CaDiCaL as --sat (1).
c [w = 161] Encoding starts with w = 161:
c [w = 161] Encoding duration: 1s
c [w = 161] Number of clauses: 3940522
c [w = 161] Number of variables: 842764
c [w = 161] SAT Solving starts:
c [w = 161] Solving duration: 61574 ms
c [w = 161] Answer: 
s [w = 161] SAT (w = 161)
c [w = 161] Solution check = 161.
c [w = 161] The solution is correct.
c [w = 161] Result: 10
c Search strategy: from lower bound.
c Encoding and solving from lower bound.
c [w = 162] Start task in PID: 84188.
c [w = 162] Antibandwidth problem with w = 162 (Q-494_bus.mtx.rnd):
c [w = 162] Initializing CaDiCaL (version 2.1.3).
c [w = 162] Configuring CaDiCaL as --sat (1).
c [w = 162] Encoding starts with w = 162:
c [w = 162] Encoding duration: 1s
c [w = 162] Number of clauses: 3946944
c [w = 162] Number of variables: 844740
c [w = 162] SAT Solving starts:
c [w = 162] Solving duration: 62005 ms
c [w = 162] Answer: 
s [w = 162] SAT (w = 162)
c [w = 162] Solution check = 162.
c [w = 162] The solution is correct.
c [w = 162] Result: 10
c Search strategy: from lower bound.
c Encoding and solving from lower bound.
c [w = 163] Start task in PID: 84241.
c [w = 163] Antibandwidth problem with w = 163 (Q-494_bus.mtx.rnd):
c [w = 163] Initializing CaDiCaL (version 2.1.3).
c [w = 163] Configuring CaDiCaL as --sat (1).
c [w = 163] Encoding starts with w = 163:
c [w = 163] Encoding duration: 1s
c [w = 163] Number of clauses: 3953366
c [w = 163] Number of variables: 846716
s	Elapsed time: 2660.24s
c [Lim] Sampler:	Memory: 1022.5 MB	Real time: 2670.25s	Elapsed time: 2670.25s
c [Lim] Sampler:	Memory: 1017.9 MB	Real time: 2680.26s	Elapsed time: 2680.26s
c [Lim] Sampler:	Memory: 1055.6 MB	Real time: 2690.27s	Elapsed time: 2690.27s
c [Lim] Sampler:	Memory: 1018.8 MB	Real time: 2700.28s	Elapsed time: 2700.28s
c [Lim] Sampler:	Memory: 1040.7 MB	Real time: 2710.29s	Elapsed time: 2710.29s
c [Lim] Sampler:	Memory: 1041.6 MB	Real time: 2720.3s	Elapsed time: 2720.3s
c [Lim] Sampler:	Memory: 602.3 MB	Real time: 2730.31s	Elapsed time: 2730.31s
c [Lim] Sampler:	Memory: 997.4 MB	Real time: 2740.32s	Elapsed time: 2740.32s
c [Lim] Sampler:	Memory: 1022.3 MB	Real time: 2750.33s	Elapsed time: 2750.33s
c [Lim] Sampler:	Memory: 1019 MB	Real time: 2760.34s	Elapsed time: 2760.34s
c [Lim] Sampler:	Memory: 794.6 MB	Real time: 2770.35s	Elapsed time: 2770.35s
c [Lim] Sampler:	Memory: 998.5 MB	Real time: 2780.36s	Elapsed time: 2780.36s
c [Lim] Sampler:	Memory: 1025.4 MB	Real time: 2790.37s	Elapsed time: 2790.37s
c [Lim] Sampler:	Memory: 1023 MB	Real time: 2800.38s	Elapsed time: 2800.38s
c [Lim] Sampler:	Memory: 1003 MB	Real time: 2810.39s	Elapsed time: 2810.39s
c [Lim] Sampler:	Memory: 1006.8 MB	Real time: 2820.4s	Elapsed time: 2820.4s
c [Lim] Sampler:	Memory: 1045.7 MB	Real time: 2830.41s	Elapsed time: 2830.41s
c [Lim] Sampler:	Memory: 1053.5 MB	Real time: 2840.42s	Elapsed time: 2840.42s
c [Lim] Sampler:	Memory: 1051 MB	Real time: 2850.43s	Elapsed time: 2850.43s
c [Lim] Sampler:	Memory: 1058.9 MB	Real time: 2860.44s	Elapsed time: 2860.44s
c [Lim] Sampler:	Memory: 1068.5 MB	Real time: 2870.45s	Elapsed time: 2870.45s
c [Lim] Sampler:	Memory: 947.9 MB	Real time: 2880.46s	Elapsed time: 2880.46s
c [Lim] Sampler:	Memory: 1062.4 MB	Real time: 2890.47s	Elapsed time: 2890.47s
c [Lim] Sampler:	Memory: 1060.5 MB	Real time: 2900.48s	Elapsed time: 2900.48s
c [Lim] Sampler:	Memory: 1023.3 MB	Real time: 2910.49s	Elapsed time: 2910.49s
c [Lim] Sampler:	Memory: 1044.2 MB	Real time: 2920.5s	Elapsed time: 2920.5s
c [Lim] Sampler:	Memory: 1047.2 MB	Real time: 2930.51s	Elapsed time: 2930.51s
c [Lim] Sampler:	Memory: 1056.8 MB	Real time: 2940.52s	Elapsed time: 2940.52s
c [Lim] Sampler:	Memory: 640.4 MB	Real time: 2950.53s	Elapsed time: 2950.53s
c [Lim] Sampler:	Memory: 989.2 MB	Real time: 2960.54s	Elapsed time: 2960.54s
c [Lim] Sampler:	Memory: 1030.2 MB	Real time: 2970.55s	Elapsed time: 2970.55s
c [Lim] Sampler:	Memory: 991.4 MB	Real time: 2980.56s	Elapsed time: 2980.56s
c [Lim] Sampler:	Memory: 303.5 MB	Real time: 2990.57s	Elapsed time: 2990.57s
c [Lim] Sampler:	Memory: 987 MB	Real time: 3000.58s	Elapsed time: 3000.58s
c [Lim] Sampler:	Memory: 1028.1 MB	Real time: 3010.59s	Elapsed time: 3010.59s
c [Lim] Sampler:	Memory: 706.5 MB	Real time: 3020.6s	Elapsed time: 3020.6s
c [Lim] Sampler:	Memory: 1003.3 MB	Real time: 3030.61s	Elapsed time: 3030.61s
c [Lim] Sampler:	Memory: 1034 MB	Real time: 3040.62s	Elapsed time: 3040.62s
c [Lim] Sampler:	Memory: 984.5 MB	Real time: 3050.63s	Elapsed time: 3050.63s
c [Lim] Sampler:	Memory: 1024.9 MB	Real time: 3060.64s	Elapsed time: 3060.64s
c [Lim] Sampler:	Memory: 1046.1 MB	Real time: 3070.64s	Elapsed time: 3070.64s
c [Lim] Sampler:	Memory: 1044.7 MB	Real time: 3080.65s	Elapsed time: 3080.65s
c [Lim] Sampler:	Memory: 1116.5 MB	Real time: 3090.66s	Elapsed time: 3090.66s
c [Lim] Sampler:	Memory: 1053.3 MB	Real time: 3100.67s	Elapsed time: 3100.67s
c [Lim] Sampler:	Memory: 1064.2 MB	Real time: 3110.68s	Elapsed time: 3110.68s
c [Lim] Sampler:	Memory: 1067.6 MB	Real time: 3120.69s	Elapsed time: 3120.69s
c [Lim] Sampler:	Memory: 1069.2 MB	Real time: 3130.7s	Elapsed time: 3130.7s
c [Lim] Sampler:	Memory: 1072.7 MB	Real time: 3140.71s	Elapsed time: 3140.71s
c [Lim] Sampler:	Memory: 829.8 MB	Real time: 3150.72s	Elapsed time: 3150.72s
c [Lim] Sampler:	Memory: 1008.5 MB	Real time: 3160.73s	Elapsed time: 3160.73s
c [Lim] Sampler:	Memory: 1058.1 MB	Real time: 3170.74s	Elapsed time: 3170.74s
c [Lim] Sampler:	Memory: 1051.2 MB	Real time: 3180.75s	Elapsed time: 3180.75s
c [Lim] Sampler:	Memory: 1073.6 MB	Real time: 3190c [w = 163] SAT Solving starts:
c [w = 163] Solving duration: 100845 ms
c [w = 163] Answer: 
s [w = 163] SAT (w = 163)
c [w = 163] Solution check = 163.
c [w = 163] The solution is correct.
c [w = 163] Result: 10
c Search strategy: from lower bound.
c Encoding and solving from lower bound.
c [w = 164] Start task in PID: 84355.
c [w = 164] Antibandwidth problem with w = 164 (Q-494_bus.mtx.rnd):
c [w = 164] Initializing CaDiCaL (version 2.1.3).
c [w = 164] Configuring CaDiCaL as --sat (1).
c [w = 164] Encoding starts with w = 164:
c [w = 164] Encoding duration: 1s
c [w = 164] Number of clauses: 3959788
c [w = 164] Number of variables: 848692
c [w = 164] SAT Solving starts:
c [w = 164] Solving duration: 72834 ms
c [w = 164] Answer: 
s [w = 164] SAT (w = 164)
c [w = 164] Solution check = 164.
c [w = 164] The solution is correct.
c [w = 164] Result: 10
c Search strategy: from lower bound.
c Encoding and solving from lower bound.
c [w = 165] Start task in PID: 84409.
c [w = 165] Antibandwidth problem with w = 165 (Q-494_bus.mtx.rnd):
c [w = 165] Initializing CaDiCaL (version 2.1.3).
c [w = 165] Configuring CaDiCaL as --sat (1).
c [w = 165] Encoding starts with w = 165:
c [w = 165] Encoding duration: 1s
c [w = 165] Number of clauses: 3725908
c [w = 165] Number of variables: 770640
c [w = 165] SAT Solving starts:
c [w = 165] Solving duration: 107 ms
c [w = 165] Answer: 
s [w = 165] UNSAT (w = 165)
c [w = 165] Result: 20
c Search strategy: from lower bound.
c Encoding and solving from lower bound.
c Min width UNSAT is set to 165
c All children have completed.
r
r Final results: 
r Max width SAT:  	164
r Min width UNSAT:	165
r Total real time: 3337519 ms
r Total memory consumed: 1239.9 MB
r
r
.76s	Elapsed time: 3190.76s
c [Lim] Sampler:	Memory: 1118.9 MB	Real time: 3200.77s	Elapsed time: 3200.77s
c [Lim] Sampler:	Memory: 1085.6 MB	Real time: 3210.78s	Elapsed time: 3210.78s
c [Lim] Sampler:	Memory: 1100.6 MB	Real time: 3220.79s	Elapsed time: 3220.79s
c [Lim] Sampler:	Memory: 1092 MB	Real time: 3230.8s	Elapsed time: 3230.8s
c [Lim] Sampler:	Memory: 1077 MB	Real time: 3240.81s	Elapsed time: 3240.81s
c [Lim] Sampler:	Memory: 1080.5 MB	Real time: 3250.82s	Elapsed time: 3250.82s
c [Lim] Sampler:	Memory: 961.1 MB	Real time: 3260.83s	Elapsed time: 3260.83s
c [Lim] Sampler:	Memory: 1049.6 MB	Real time: 3270.84s	Elapsed time: 3270.84s
c [Lim] Sampler:	Memory: 1051.4 MB	Real time: 3280.85s	Elapsed time: 3280.85s
c [Lim] Sampler:	Memory: 1174.2 MB	Real time: 3290.86s	Elapsed time: 3290.86s
c [Lim] Sampler:	Memory: 1053.2 MB	Real time: 3300.87s	Elapsed time: 3300.87s
c [Lim] Sampler:	Memory: 1061.9 MB	Real time: 3310.88s	Elapsed time: 3310.88s
c [Lim] Sampler:	Memory: 1028.6 MB	Real time: 3320.89s	Elapsed time: 3320.89s
c Signal interruption. Caught signal: SIGTERM (15)
