c Cyclic Bandwidth Encoder version 1.0.0.
c Real time limit is set to 36000.
c Memory limit is set to 30000.
c Encoding and solving for graph: W-685_bus.mtx.rnd
c Search strategy: from lower bound.
c Encoding and solving from lower bound.
c [w = 68] Start task in PID: 318590.
c [w = 68] Antibandwidth problem with w = 68 (W-685_bus.mtx.rnd):
c [w = 68] Initializing CaDiCaL (version 2.1.3).
c [w = 68] Configuring CaDiCaL as --sat (1).
c [w = 68] Encoding starts with w = 68:
c [w = 68] Encoding duration: 3s
c [w = 68] Number of clauses: 8416074
c [w = 68] Number of variables: 1498095
c [w = 68] SAT Solving starts:
c [w = 68] Solving duration: 38352 ms
c [w = 68] Answer: 
s [w = 68] SAT (w = 68)
c [w = 68] Solution check = 68.
c [w = 68] The solution is correct.
c [w = 68] Result: 10
c Search strategy: from lower bound.
c Encoding and solving from lower bound.
c [w = 69] Start task in PID: 318685.
c [w = 69] Antibandwidth problem with w = 69 (W-685_bus.mtx.rnd):
c [w = 69] Initializing CaDiCaL (version 2.1.3).
c [w = 69] Configuring CaDiCaL as --sat (1).
c [w = 69] Encoding starts with w = 69:
c [w = 69] Encoding duration: 3s
c [w = 69] Number of clauses: 8300045
c [w = 69] Number of variables: 1460420
c [w = 69] SAT Solving starts:
c [w = 69] Solving duration: 1508 ms
c [w = 69] Answer: 
s [w = 69] SAT (w = 69)
c [w = 69] Solution check = 69.
c [w = 69] The solution is correct.
c [w = 69] Result: 10
c Search strategy: from lower bound.
c Encoding and solving from lower bound.
c [w = 70] Start task in PID: 318727.
c [w = 70] Antibandwidth problem with w = 70 (W-685_bus.mtx.rnd):
c [w = 70] Initializing CaDiCaL (version 2.1.3).
c [w = 70] Configuring CaDiCaL as --sat (1).
c [w = 70] Encoding starts with w = 70:
c [w = 70] Encoding duration: 3s
c [w = 70] Number of clauses: 8321280
c [w = 70] Number of variables: 1467270
c [w = 70] SAT Solving starts:
c [w = 70] Solving duration: 1496 ms
c [w = 70] Answer: 
s [w = 70] SAT (w = 70)
c [w = 70] Solution check = 70.
c [w = 70] The solution is correct.
c [w = 70] Result: 10
c Search strategy: from lower bound.
c Encoding and solving from lower bound.
c [w = 71] Start task in PID: 318771.
c [w = 71] Antibandwidth problem with w = 71 (W-685_bus.mtx.rnd):
c [w = 71] Initializing CaDiCaL (version 2.1.3).
c [w = 71] Configuring CaDiCaL as --sat (1).
c [w = 71] Encoding starts with w = 71:
c [w = 71] Encoding duration: 3s
c [w = 71] Number of clauses: 8342515
c [w = 71] Number of variables: 1474120
c [w = 71] SAT Solving starts:
c [w = 71] Solving duration: 2496 ms
c [w = 71] Answer: 
s [w = 71] SAT (w = 71)
c [w = 71] Solution check = 71.
c [w = 71] The solution is correct.
c [w = 71] Result: 10
c Search strategy: from lower bound.
c Encoding and solving from lower bound.
c [w = 72] Start task in PID: 318801.
c [w = 72] Antibandwidth problem with w = 72 (W-685_bus.mtx.rnd):
c [w = 72] Initializing CaDiCaL (version 2.1.3).
c [w = 72] Configuring CaDiCaL as --sat (1).
c [w = 72] Encoding starts with w = 72:
c [w = 72] Encoding duration: 3s
c [w = 72] Number of clauses: 8363750
c [w = 72] Number of variables: 1480970
c [w = 72] SAT Solving starts:
c [w = 72] Solving duration: 1649 ms
c [w = 72] Answer: 
s [w = 72] SAT (w = 72)
c [w = 72] Solution check = 72.
c [w = 72] The solution is correct.
c [w = 72] Result: 10
c Search strategy: from lower bound.
c Encoding and solving from lower bound.
c [w = 73] Start task in PID: 318829.
c [w = 73] Antibandwidth problem with w = 73 (W-685_bus.mtx.rnd):
c [w = 73] Initializing CaDiCaL (version 2.1.3).
c [w = 73] Configuring CaDiCaL as --sat (1).
c [w = 73] Encoding starts with w = 73:
c [w = 73] Encoding duration: 3s
c [w = 73] Number of clauses: 8384985
c [w = 73] Number of variables: 1487820
c [w = 73] SAT Solving starts:
c [w = 73] Solving duration: 1685 ms
c [w = 73] Answer: 
s [w = 73] SAT (w = 73)
c [w = 73] Solution check = 73.
c [w = 73] The solution is correct.
c [w = 73] Result: 10
c Search strategy: from lower bound.
c Encoding and solving from lower bound.
c [w = 74] Start task in PID: 318878.
c [w = 74] Antibandwidth problem with w = 74 (W-685_bus.mtx.rnd):
c [w = 74] Initializing CaDiCaL (version 2.1.3).
c [w = 74] Configuring CaDiCaL as --sat (1).
c [w = 74] Encoding starts with w = 74:
c [w = 74] Encoding duration: 3s
c [w = 74] Number of clauses: 8406220
c [w = 74] Number of variables: 1494670
c [w = 74] SAT Solving starts:
c [w = 74] Solving duration: 1698 ms
c [w = 74] Answer: 
s [w = 74] SAT (w = 74)
c [w = 74] Solution check = 74.
c [w = 74] The solution is correct.
c [w = 74] Result: 10
c Search strategy: from lower bound.
c Encoding and solving from lower bound.
c [w = 75] Start task in PID: 318906.
c [w = 75] Antibandwidth problem with w = 75 (W-685_bus.mtx.rnd):
c [w = 75] Initializing CaDiCaL (version 2.1.3).
c [w = 75] Configuring CaDiCaL as --sat (1).
c [w = 75] Encoding starts with w = 75:
c [w = 75] Encoding duration: 3s
c [w = 75] Number of clauses: 8427455
c [w = 75] Number of variables: 1501520
c [w = 75] SAT Solving starts:
c [w = 75] Solving duration: 28918 ms
c [w = 75] Answer: 
s [w = 75] SAT (w = 75)
c [w = 75] Solution check = 75.
c [w = 75] The solution is correct.
c [w = 75] Result: 10
c Search strategy: from lower bound.
c Encoding and solving from lower bound.
c [w = 76] Start task in PID: 318961.
c [w = 76] Antibandwidth problem with w = 76 (W-685_bus.mtx.rnd):
c [w = 76] Initializing CaDiCaL (version 2.1.3).
c [w = 76] Configuring CaDiCaL as --sat (1).
c [w = 76] Encoding starts with w = 76:
c [w = 76] Encoding duration: 3s
c [w = 76] Number of clauses: 8297305
c [w = 76] Number of variables: 1458365
c [w = 76] SAT Solving starts:
c [w = 76] Solving duration: 1575 ms
c [w = 76] Answer: 
s [w = 76] SAT (w = 76)
c [w = 76] Solution check = 76.
c [w = 76] The solution is correct.
c [w = 76] Result: 10
c Search strategy: from lower bound.
c Encoding and solving from lower bound.
c [w = 77] Start task in PID: 319003.
c [w = 77] Antibandwidth problem with w = 77 (W-685_bus.mtx.rnd):
c [w = 77] Initializing CaDiCaL (version 2.1.3).
c [w = 77] Configuring CaDiCaL as --sat (1).
c [w = 77] Encoding starts with w = 77:
c [w = 77] Encoding duration: 3s
c [w = 77] Number of clauses: 8314851
c [w = 77] Number of variables: 1464530
c [w = 77] SAT Solving starts:
c [w = 77] Solving duration: 1514 ms
c [w = 77] Answer: 
s [w = 77] SAT (w = 77)
c [w = 77] Solution check = 77.
c [w = 77] The solution is correct.
c [w = 77] Result: 10
c Search strategy: from lower bound.
c Encoding and solving from lower bound.
c [w = 78] Start task in PID: 319042.
c [w = 78] Antibandwidth problem with w = 78 (W-685_bus.mtx.rnd):
c [w = 78] Initializing CaDiCaL (version 2.1.3).
c [w = 78] Configuring CaDiCaL as --sat (1).
c [w = 78] Encoding starts with w = 78:
c [w = 78] Encoding duration: 3s
c [w = 78] Number of clauses: 8334031
c [w = 78] Number of variables: 1470695
c [w = 78] SAT Solving starts:
c [w = 78] Solving duration: 2414 ms
c [w = 78] Answer: 
s [w = 78] SAT (w = 78)
c [w = 78] Solution check = 78.
c [w = 78] The solution is correct.
c [w = 78] Result: 10
c Search strategy: from lower bound.
c Encoding and solving from lower bound.
c [w = 79] Start task in PID: 319070.
c [w = 79] Antibandwidth problem with w = 79 (W-685_bus.mtx.rnd):
c [w = 79] Initializing CaDiCaL (version 2.1.3).
c [w = 79] Configuring CaDiCaL as --sat (1).
c [w = 79] Encoding starts with w = 79:
c [w = 79] Encoding duration: 3s
c [w = 79] Number of clauses: 8353211
c [w = 79] Number of variables: 1476860
c [w = 79] SAT Solving starts:
c [w = 79] Solving duration: 2531 ms
c [w = 79] Answer: 
s [w = 79] SAT (w = 79)
c [w = 79] Solution check = 79.
c [w = 79] The solution is correct.
c [w = 79] Result: 10
c Search strategy: from lower bound.
c Encoding and solving from lower bound.
c [w = 80] Start task in PID: 319113.
c [w = 80] Antibandwidth problem with w = 80 (W-685_bus.mtx.rnd):
c [w = 80] Initializing CaDiCaL (version 2.1.3).
c [w = 80] Configuring CaDiCaL as --sat (1).
c [w = 80] Encoding starts with w = 80:
c [w = 80] Encoding duration: 3s
c [w = 80] Number of clauses: 8372391
c [w = 80] Number of variables: 1483025
c [w = 80] SAT Solving starts:
c [w = 80] Solving duration: 6187 ms
c [w = 80] Answer: 
s [w = 80] SAT (w = 80)
c [w = 80] Solution check = 80.
c [w = 80] The solution is correct.
c [w = 80] Result: 10
c Search strategy: from lower bound.
c Encoding and solving from lower bound.
c [w = 81] Start task in PID: 319155.
c [w = 81] Antibandwidth problem with w = 81 (W-685_bus.mtx.rnd):
c [w = 81] Initializing CaDiCaL (version 2.1.3).
c [w = 81] Configuring CaDiCaL as --sat (1).
c [w = 81] Encoding starts with w = 81:
c [w = 81] Encoding duration: 3s
c [w = 81] Number of clauses: 8391571
c [w = 81] Number of variables: 1489190
c [w = 81] SAT Solving starts:
c [w = 81] Solving duration: 6990 ms
c [w = 81] Answer: 
s [w = 81] SAT (w = 81)
c [w = 81] Solution check = 81.
c [w = 81] The solution is correct.
c [w = 81] Result: 10
c Search strategy: from lower bound.
c Encoding and solving from lower bound.
c [w = 82] Start task in PID: 319210.
c [w = 82] Antibandwidth problem with w = 82 (W-685_bus.mtx.rnd):
c [w = 82] Initializing CaDiCaL (version 2.1.3).
c [w = 82] Configuring CaDiCaL as --sat (1).
c [w = 82] Encoding starts with w = 82:
c [w = 82] Encoding duration: 3s
c [w = 82] Number of clauses: 8410751
c [w = 82] Number of variables: 1495355
c [w = 82] SAT Solving starts:
c [w = 82] Solving duration: 35684 ms
c [w = 82] Answer: 
s [w = 82] SAT (w = 82)
c [w = 82] Solution check = 82.
c [w = 82] The solution is correct.
c [w = 82] Result: 10
c Search strategy: from lower bound.
c Encoding and solving from lower bound.
c [w = 83] Start task in PID: 319277.
c [w = 83] Antibandwidth problem with w = 83 (W-685_bus.mtx.rnd):
c [w = 83] Initializing CaDiCaL (version 2.1.3).
c [w = 83] Configuring CaDiCaL as --sat (1).
c [w = 83] Encoding starts with w = 83:
c [w = 83] Encoding duration: 3s
c [w = 83] Number of clauses: 8429931
c [w = 83] Number of variables: 1501520
c [w = 83] SAT Solving starts:
c [w = 83] Solving duration: 38906 ms
c [w = 83] Answer: 
s [w = 83] SAT (w = 83)
c [w = 83] Solution check = 83.
c [w = 83] The solution is correct.
c [w = 83] Result: 10
c Search strategy: from lower bound.
c Encoding and solving from lower bound.
c [w = 84] Start task in PID: 319334.
c [w = 84] Antibandwidth problem with w = 84 (W-685_bus.mtx.rnd):
c [w = 84] Initializing CaDiCaL (version 2.1.3).
c [w = 84] Configuring CaDiCaL as --sat (1).
c [w = 84] Encoding starts with w = 84:
c [w = 84] Encoding duration: 3s
c [w = 84] Number of clauses: 8449111
c [w = 84] Number of variables: 1507685
c [w = 84] SAT Solving starts:
c [w = 84] Solving duration: 7119 ms
c [w = 84] Answer: 
s [w = 84] SAT (w = 84)
c [w = 84] Solution check = 84.
c [w = 84] The solution is correct.
c [w = 84] Result: 10
c Search strategy: from lower bound.
c Encoding and solving from lower bound.
c [w = 85] Start task in PID: 319390.
c [w = 85] Antibandwidth problem with w = 85 (W-685_bus.mtx.rnd):
c [w = 85] Initializing CaDiCaL (version 2.1.3).
c [w = 85] Configuring CaDiCaL as --sat (1).
c [w = 85] Encoding starts with w = 85:
c [w = 85] Encoding duration: 3s
c [w = 85] Number of clauses: 8468291
c [w = 85] Number of variables: 1513850
c [w = 85] SAT Solving starts:
c [w = 85] Solving duration: 2584 ms
c [w = 85] Answer: 
s [w = 85] SAT (w = 85)
c [w = 85] Solution check = 85.
c [w = 85] The solution is correct.
c [w = 85] Result: 10
c Search strategy: from lower bound.
c Encoding and solving from lower bound.
c [w = 86] Start task in PID: 319445.
c [w = 86] Antibandwidth problem with w = 86 (W-685_bus.mtx.rnd):
c [w = 86] Initializing CaDiCaL (version 2.1.3).
c [w = 86] Configuring CaDiCaL as --sat (1).
c [w = 86] Encoding starts with w = 86:
c [w = 86] Encoding duration: 3s
c [w = 86] Number of clauses: 8314587
c [w = 86] Number of variables: 1463160
c [w = 86] SAT Solving starts:
c [w = 86] Solving duration: 7442 ms
c [w = 86] Answer: 
s [w = 86] SAT (w = 86)
c [w = 86] Solution check = 86.
c [w = 86] The solution is correct.
c [w = 86] Result: 10
c Search strategy: from lower bound.
c Encoding and solving from lower bound.
c [w = 87] Start task in PID: 319500.
c [w = 87] Antibandwidth problem with w = 87 (W-685_bus.mtx.rnd):
c [w = 87] Initializing CaDiCaL (version 2.1.3).
c [w = 87] Configuring CaDiCaL as --sat (1).
c [w = 87] Encoding starts with w = 87:
c [w = 87] Encoding duration: 3s
c [w = 87] Number of clauses: 8331712
c [w = 87] Number of variables: 1468640
c [w = 87] SAT Solving starts:
c [w = 87] Solving duration: 2586 ms
c [w = 87] Answer: 
s [w = 87] SAT (w = 87)
c [w = 87] Solution check = 87.
c [w = 87] The solution is correct.
c [w = 87] Result: 10
c Search strategy: from lower bound.
c Encoding and solving from lower bound.
c [w = 88] Start task in PID: 319542.
c [w = 88] Antibandwidth problem with w = 88 (W-685_bus.mtx.rnd):
c [w = 88] Initializing CaDiCaL (version 2.1.3).
c [w = 88] Configuring CaDiCaL as --sat (1).
c [w = 88] Encoding starts with w = 88:
c [w = 88] Encoding duration: 3s
c [w = 88] Number of clauses: 8348837
c [w = 88] Number of variables: 1474120
c [w = 88] SAT Solving starts:
c [w = 88] Solving duration: 2535 ms
c [w = 88] Answer: 
s [w = 88] SAT (w = 88)
c [w = 88] Solution check = 88.
c [w = 88] The solution is correct.
c [w = 88] Result: 10
c Search strategy: from lower bound.
c Encoding and solving from lower bound.
c [w = 89] Start task in PID: 319581.
c [w = 89] Antibandwidth problem with w = 89 (W-685_bus.mtx.rnd):
c [w = 89] Initializing CaDiCaL (version 2.1.3).
c [w = 89] Configuring CaDiCaL as --sat (1).
c [w = 89] Encoding starts with w = 89:
c [w = 89] Encoding duration: 3s
c [w = 89] Number of clauses: 8365962
c [w = 89] Number of variables: 1479600
c [w = 89] SAT Solving starts:
c [w = 89] Solving duration: 2596 ms
c [w = 89] Answer: 
s [w = 89] SAT (w = 89)
c [w = 89] Solution check = 89.
c [w = 89] The solution is correct.
c [w = 89] Result: 10
c Search strategy: from lower bound.
c Encoding and solving from lower bound.
c [w = 90] Start task in PID: 319606.
c [w = 90] Antibandwidth problem with w = 90 (W-685_bus.mtx.rnd):
c [w = 90] Initializing CaDiCaL (version 2.1.3).
c [w = 90] Configuring CaDiCaL as --sat (1).
c [w = 90] Encoding starts with w = 90:
c [w = 90] Encoding duration: 3s
c [w = 90] Number of clauses: 8383087
c [w = 90] Number of variables: 1485080
c [w = 90] SAT Solving starts:
c [w = 90] Solving duration: 118717 ms
c [w = 90] Answer: 
s [w = 90] SAT (w = 90)
c [w = 90] Solution check = 90.
c [w = 90] The solution is correct.
c [w = 90] Result: 10
c Search strategy: from lower bound.
c Encoding and solving from lower bound.
c [w = 91] Start task in PID: 320342.
c [w = 91] Antibandwidth problem with w = 91 (W-685_bus.mtx.rnd):
c [w = 91] Initializing CaDiCaL (version 2.1.3).
c [w = 91] Configuring CaDiCaL as --sat (1).
c [w = 91] Encoding starts with w = 91:
c [w = 91] Encoding duration: 3s
c [w = 91] Number of clauses: 8400212
c [w = 91] Number of variables: 1490560
c [w = 91] SAT Solving starts:
c [w = 91] Solving duration: 2670 ms
c [w = 91] Answer: 
s [w = 91] SAT (w = 91)
c [w = 91] Solution check = 91.
c [w = 91] The solution is correct.
c [w = 91] Result: 10
c Search strategy: from lower bound.
c Encoding and solving from lower bound.
c [w = 92] Start task in PID: 320399.
c [w = 92] Antibandwidth problem with w = 92 (W-685_bus.mtx.rnd):
c [w = 92] Initializing CaDiCaL (version 2.1.3).
c [w = 92] Configuring CaDiCaL as --sat (1).
c [w = 92] Encoding starts with w = 92:
c [w = 92] Encoding duration: 3s
c [w = 92] Number of clauses: 8417337
c [w = 92] Number of variables: 1496040
c [w = 92] SAT Solving starts:
c [w = 92] Solving duration: 41655 ms
c [w = 92] Answer: 
s [w = 92] SAT (w = 92)
c [w = 92] Solution check = 92.
c [w = 92] The solution is correct.
c [w = 92] Result: 10
c Search strategy: from lower bound.
c Encoding and solving from lower bound.
c [w = 93] Start task in PID: 320457.
c [w = 93] Antibandwidth problem with w = 93 (W-685_bus.mtx.rnd):
c [w = 93] Initializing CaDiCaL (version 2.1.3).
c [w = 93] Configuring CaDiCaL as --sat (1).
c [w = 93] Encoding starts with w = 93:
c [w = 93] Encoding duration: 3s
c [w = 93] Number of clauses: 8434462
c [w = 93] Number of variables: 1501520
c [w = 93] SAT Solving starts:
c [w = 93] Solving duration: 6599 ms
c [w = 93] Answer: 
s [w = 93] SAT (w = 93)
c [w = 93] Solution check = 93.
c [w = 93] The solution is correct.
c [w = 93] Result: 10
c Search strategy: from lower bound.
c Encoding and solving from lower bound.
c [w = 94] Start task in PID: 320511.
c [w = 94] Antibandwidth problem with w = 94 (W-685_bus.mtx.rnd):
c [w = 94] Initializing CaDiCaL (version 2.1.3).
c [w = 94] Configuring CaDiCaL as --sat (1).
c [w = 94] Encoding starts with w = 94:
c [w = 94] Encoding duration: 3s
c [w = 94] Number of clauses: 8451587
c [w = 94] Number of variables: 1507000
c [w = 94] SAT Solving starts:
c [w = 94] Solving duration: 1595 ms
c [w = 94] Answer: 
s [w = 94] SAT (w = 94)
c [w = 94] Solution check = 94.
c [w = 94] The solution is correct.
c [w = 94] Result: 10
c Search strategy: from lower bound.
c Encoding and solving from lower bound.
c [w = 95] Start task in PID: 320549.
c [w = 95] Antibandwidth problem with w = 95 (W-685_bus.mtx.rnd):
c [w = 95] Initializing CaDiCaL (version 2.1.3).
c [w = 95] Configuring CaDiCaL as --sat (1).
c [w = 95] Encoding starts with w = 95:
c [w = 95] Encoding duration: 3s
c [w = 95] Number of clauses: 8468712
c [w = 95] Number of variables: 1512480
c [w = 95] SAT Solving starts:
c [w = 95] Solving duration: 25641 ms
c [w = 95] Answer: 
s [w = 95] SAT (w = 95)
c [w = 95] Solution check = 95.
c [w = 95] The solution is correct.
c [w = 95] Result: 10
c Search strategy: from lower bound.
c Encoding and solving from lower bound.
c [w = 96] Start task in PID: 320617.
c [w = 96] Antibandwidth problem with w = 96 (W-685_bus.mtx.rnd):
c [w = 96] Initializing CaDiCaL (version 2.1.3).
c [w = 96] Configuring CaDiCaL as --sat (1).
c [w = 96] Encoding starts with w = 96:
c [w = 96] Encoding duration: 3s
c [w = 96] Number of clauses: 8485837
c [w = 96] Number of variables: 1517960
c Search strategy: from lower bound.
c Encoding and solving from lower bound.
c [Lim] Sampler:	Memory: 1986.4 MB	Real time: 10s	Elapsed time: 10s
c [Lim] Sampler:	Memory: 2050.9 MB	Real time: 20s	Elapsed time: 20s
c [Lim] Sampler:	Memory: 2053.1 MB	Real time: 30.0001s	Elapsed time: 30.0001s
c [Lim] Sampler:	Memory: 2053.1 MB	Real time: 40s	Elapsed time: 40s
c [Lim] Sampler:	Memory: 455.4 MB	Real time: 49.9998s	Elapsed time: 49.9998s
c [Lim] Sampler:	Memory: 1707.3 MB	Real time: 59.9997s	Elapsed time: 59.9997s
c [Lim] Sampler:	Memory: 682.1 MB	Real time: 69.9995s	Elapsed time: 69.9995s
c [Lim] Sampler:	Memory: 1720.1 MB	Real time: 79.9994s	Elapsed time: 79.9994s
c [Lim] Sampler:	Memory: 1729.2 MB	Real time: 89.9992s	Elapsed time: 89.9992s
c [Lim] Sampler:	Memory: 2029.6 MB	Real time: 99.999s	Elapsed time: 99.999s
c [Lim] Sampler:	Memory: 1944 MB	Real time: 109.999s	Elapsed time: 109.999s
c [Lim] Sampler:	Memory: 1701.2 MB	Real time: 119.999s	Elapsed time: 119.999s
c [Lim] Sampler:	Memory: 1521.5 MB	Real time: 129.999s	Elapsed time: 129.999s
c [Lim] Sampler:	Memory: 1710.1 MB	Real time: 139.999s	Elapsed time: 139.999s
c [Lim] Sampler:	Memory: 1980.9 MB	Real time: 150s	Elapsed time: 150s
c [Lim] Sampler:	Memory: 1987.7 MB	Real time: 160.001s	Elapsed time: 160.001s
c [Lim] Sampler:	Memory: 1770.3 MB	Real time: 170.001s	Elapsed time: 170.001s
c [Lim] Sampler:	Memory: 2052 MB	Real time: 180.002s	Elapsed time: 180.002s
c [Lim] Sampler:	Memory: 2022.3 MB	Real time: 190.002s	Elapsed time: 190.002s
c [Lim] Sampler:	Memory: 2149.3 MB	Real time: 200.003s	Elapsed time: 200.003s
c [Lim] Sampler:	Memory: 1728.7 MB	Real time: 210.004s	Elapsed time: 210.004s
c [Lim] Sampler:	Memory: 2027.6 MB	Real time: 220.004s	Elapsed time: 220.004s
c [Lim] Sampler:	Memory: 1935.4 MB	Real time: 230.005s	Elapsed time: 230.005s
c [Lim] Sampler:	Memory: 2036.8 MB	Real time: 240.005s	Elapsed time: 240.005s
c [Lim] Sampler:	Memory: 1545.6 MB	Real time: 250.006s	Elapsed time: 250.006s
c [Lim] Sampler:	Memory: 942.8 MB	Real time: 260.007s	Elapsed time: 260.007s
c [Lim] Sampler:	Memory: 1700.4 MB	Real time: 270.007s	Elapsed time: 270.007s
c [Lim] Sampler:	Memory: 1299 MB	Real time: 280.008s	Elapsed time: 280.008s
c [Lim] Sampler:	Memory: 1707.1 MB	Real time: 290.008s	Elapsed time: 290.008s
c [Lim] Sampler:	Memory: 548 MB	Real time: 300.009s	Elapsed time: 300.009s
c [Lim] Sampler:	Memory: 1988.3 MB	Real time: 310.01s	Elapsed time: 310.01s
c [Lim] Sampler:	Memory: 2017.1 MB	Real time: 320.01s	Elapsed time: 320.01s
c [Lim] Sampler:	Memory: 2129.6 MB	Real time: 330.011s	Elapsed time: 330.011s
c [Lim] Sampler:	Memory: 2028.7 MB	Real time: 340.012s	Elapsed time: 340.012s
c [Lim] Sampler:	Memory: 2024.6 MB	Real time: 350.012s	Elapsed time: 350.012s
c [Lim] Sampler:	Memory: 2163.3 MB	Real time: 360.013s	Elapsed time: 360.013s
c [Lim] Sampler:	Memory: 2125.6 MB	Real time: 370.013s	Elapsed time: 370.013s
c [Lim] Sampler:	Memory: 2260.5 MB	Real time: 380.014s	Elapsed time: 380.014s
c [Lim] Sampler:	Memory: 2022.9 MB	Real time: 390.015s	Elapsed time: 390.015s
c [Lim] Sampler:	Memory: 1938.2 MB	Real time: 400.015s	Elapsed time: 400.015s
c [Lim] Sampler:	Memory: 1989.4 MB	Real time: 410.016s	Elapsed time: 410.016s
c [Lim] Sampler:	Memory: 1989.4 MB	Real time: 420.016s	Elapsed time: 420.016s
c [Lim] Sampler:	Memory: 351.1 MB	Real time: 430.017s	Elapsed time: 430.017s
c [Lim] Sampler:	Memory: 1992 MB	Real time: 440.018s	Elapsed time: 440.018s
c [Lim] Sampler:	Memory: 2061.6 MB	Real time: 450.018s	Elapsed time: 450.018s
c [Lim] Sampler:	Memory: 2037.5 MB	Real time: 460.019s	Elapsed time: 460.019s
c [Lim] Sampler:	Memory: 2039.7 MB	Real time: 470.019s	Elapsed time: 470.019s
c [Lim] Sampler:	Memory: 1725.2 MB	Real time: 480.02s	Elapsed time: 480.02s
c [Lim] Sampler:	Memory: 1563.8 MB	Real time: 490.021s	Elapsed time: 490.021s
c [Lim] Sampler:	Memory: 1734.3 MB	Real time: 500.021s	Elapsed time: 500.021s
c [Lim] Sampler:	Memory: 2067.6 MB	Real time: 510.022s	Elapsed time: 510.022s
c [Lim] Sampler:	Memory: 2053.5 MB	Real time: 520.02s	Elapsed time: 520.02s
c [Lim] Sampler:	Memory: c [w = 96] SAT Solving starts:
c [w = 96] Solving duration: 117524 ms
c [w = 96] Answer: 
s [w = 96] SAT (w = 96)
c [w = 96] Solution check = 96.
c [w = 96] The solution is correct.
c [w = 96] Result: 10
c Search strategy: from lower bound.
c Encoding and solving from lower bound.
c [w = 97] Start task in PID: 320706.
c [w = 97] Antibandwidth problem with w = 97 (W-685_bus.mtx.rnd):
c [w = 97] Initializing CaDiCaL (version 2.1.3).
c [w = 97] Configuring CaDiCaL as --sat (1).
c [w = 97] Encoding starts with w = 97:
c [w = 97] Encoding duration: 3s
c [w = 97] Number of clauses: 8502962
c [w = 97] Number of variables: 1523440
c [w = 97] SAT Solving starts:
c [w = 97] Solving duration: 2782 ms
c [w = 97] Answer: 
s [w = 97] SAT (w = 97)
c [w = 97] Solution check = 97.
c [w = 97] The solution is correct.
c [w = 97] Result: 10
c Search strategy: from lower bound.
c Encoding and solving from lower bound.
c [w = 98] Start task in PID: 320758.
c [w = 98] Antibandwidth problem with w = 98 (W-685_bus.mtx.rnd):
c [w = 98] Initializing CaDiCaL (version 2.1.3).
c [w = 98] Configuring CaDiCaL as --sat (1).
c [w = 98] Encoding starts with w = 98:
c [w = 98] Encoding duration: 3s
c [w = 98] Number of clauses: 8323228
c [w = 98] Number of variables: 1463845
c [w = 98] SAT Solving starts:
c [w = 98] Solving duration: 1454 ms
c [w = 98] Answer: 
s [w = 98] SAT (w = 98)
c [w = 98] Solution check = 98.
c [w = 98] The solution is correct.
c [w = 98] Result: 10
c Search strategy: from lower bound.
c Encoding and solving from lower bound.
c [w = 99] Start task in PID: 320784.
c [w = 99] Antibandwidth problem with w = 99 (W-685_bus.mtx.rnd):
c [w = 99] Initializing CaDiCaL (version 2.1.3).
c [w = 99] Configuring CaDiCaL as --sat (1).
c [w = 99] Encoding starts with w = 99:
c [w = 99] Encoding duration: 3s
c [w = 99] Number of clauses: 8338298
c [w = 99] Number of variables: 1468640
c [w = 99] SAT Solving starts:
c [w = 99] Solving duration: 1517 ms
c [w = 99] Answer: 
s [w = 99] SAT (w = 99)
c [w = 99] Solution check = 99.
c [w = 99] The solution is correct.
c [w = 99] Result: 10
c Search strategy: from lower bound.
c Encoding and solving from lower bound.
c [w = 100] Start task in PID: 320812.
c [w = 100] Antibandwidth problem with w = 100 (W-685_bus.mtx.rnd):
c [w = 100] Initializing CaDiCaL (version 2.1.3).
c [w = 100] Configuring CaDiCaL as --sat (1).
c [w = 100] Encoding starts with w = 100:
c [w = 100] Encoding duration: 3s
c [w = 100] Number of clauses: 8353368
c [w = 100] Number of variables: 1473435
c [w = 100] SAT Solving starts:
c [w = 100] Solving duration: 7896 ms
c [w = 100] Answer: 
s [w = 100] SAT (w = 100)
c [w = 100] Solution check = 100.
c [w = 100] The solution is correct.
c [w = 100] Result: 10
c Search strategy: from lower bound.
c Encoding and solving from lower bound.
c [w = 101] Start task in PID: 320866.
c [w = 101] Antibandwidth problem with w = 101 (W-685_bus.mtx.rnd):
c [w = 101] Initializing CaDiCaL (version 2.1.3).
c [w = 101] Configuring CaDiCaL as --sat (1).
c [w = 101] Encoding starts with w = 101:
c [w = 101] Encoding duration: 3s
c [w = 101] Number of clauses: 8368438
c [w = 101] Number of variables: 1478230
c [w = 101] SAT Solving starts:
c [w = 101] Solving duration: 120770 ms
c [w = 101] Answer: 
s [w = 101] SAT (w = 101)
c [w = 101] Solution check = 101.
c [w = 101] The solution is correct.
c [w = 101] Result: 10
c Search strategy: from lower bound.
c Encoding and solving from lower bound.
c [w = 102] Start task in PID: 320933.
c [w = 102] Antibandwidth problem with w = 102 (W-685_bus.mtx.rnd):
c [w = 102] Initializing CaDiCaL (version 2.1.3).
c [w = 102] Configuring CaDiCaL as --sat (1).
c [w = 102] Encoding starts with w = 102:
c [w = 102] Encoding duration: 3s
c [w = 102] Number of clauses: 8383508
c [w = 102] Number of variables: 1483025
c [w = 102] SAT Solving starts:
c [w = 102] Solving duration: 126823 ms
c [w = 102] Answer: 
s [w = 102] SAT (w = 102)
c [w = 102] Solution check = 102.
c [w = 102] The solution is correct.
c [w = 102] Result: 10
c Search strategy: from lower bound.
c Encoding and solving from lower bound.
c [w = 103] Start task in PID: 321667.
c [w = 103] Antibandwidth problem with w = 103 (W-685_bus.mtx.rnd):
c [w = 103] Initializing CaDiCaL (version 2.1.3).
c [w = 103] Configuring CaDiCaL as --sat (1).
c [w = 103] Encoding starts with w = 103:
c [w = 103] Encoding duration: 3s
c [w = 103] Number of clauses: 8398578
c [w = 103] Number of variables: 1487820
1735.4 MB	Real time: 530.018s	Elapsed time: 530.018s
c [Lim] Sampler:	Memory: 2037.7 MB	Real time: 540.015s	Elapsed time: 540.015s
c [Lim] Sampler:	Memory: 2085.6 MB	Real time: 550.013s	Elapsed time: 550.013s
c [Lim] Sampler:	Memory: 2055.2 MB	Real time: 560.01s	Elapsed time: 560.01s
c [Lim] Sampler:	Memory: 2050.8 MB	Real time: 570.008s	Elapsed time: 570.008s
c [Lim] Sampler:	Memory: 2053.6 MB	Real time: 580.005s	Elapsed time: 580.005s
c [Lim] Sampler:	Memory: 2065.3 MB	Real time: 590.003s	Elapsed time: 590.003s
c [Lim] Sampler:	Memory: 2066.7 MB	Real time: 600.001s	Elapsed time: 600.001s
c [Lim] Sampler:	Memory: 2063.3 MB	Real time: 609.998s	Elapsed time: 609.998s
c [Lim] Sampler:	Memory: 2051.2 MB	Real time: 619.996s	Elapsed time: 619.996s
c [Lim] Sampler:	Memory: 2062.6 MB	Real time: 629.993s	Elapsed time: 629.993s
c [Lim] Sampler:	Memory: 2025 MB	Real time: 639.991s	Elapsed time: 639.991s
c [Lim] Sampler:	Memory: 1739.2 MB	Real time: 649.988s	Elapsed time: 649.988s
c [Lim] Sampler:	Memory: 610.5 MB	Real time: 659.986s	Elapsed time: 659.986s
c [Lim] Sampler:	Memory: 1707.7 MB	Real time: 669.983s	Elapsed time: 669.983s
c [Lim] Sampler:	Memory: 1449 MB	Real time: 679.981s	Elapsed time: 679.981s
c [Lim] Sampler:	Memory: 2011.2 MB	Real time: 689.979s	Elapsed time: 689.979s
c [Lim] Sampler:	Memory: 1979.5 MB	Real time: 699.976s	Elapsed time: 699.976s
c [Lim] Sampler:	Memory: 2044.9 MB	Real time: 709.974s	Elapsed time: 709.974s
c [Lim] Sampler:	Memory: 2009.2 MB	Real time: 719.971s	Elapsed time: 719.971s
c [Lim] Sampler:	Memory: 2016.2 MB	Real time: 729.969s	Elapsed time: 729.969s
c [Lim] Sampler:	Memory: 1984.5 MB	Real time: 739.966s	Elapsed time: 739.966s
c [Lim] Sampler:	Memory: 1997 MB	Real time: 749.964s	Elapsed time: 749.964s
c [Lim] Sampler:	Memory: 1995 MB	Real time: 759.961s	Elapsed time: 759.961s
c [Lim] Sampler:	Memory: 2136.4 MB	Real time: 769.959s	Elapsed time: 769.959s
c [Lim] Sampler:	Memory: 2036 MB	Real time: 779.957s	Elapsed time: 779.957s
c [Lim] Sampler:	Memory: 2254.7 MB	Real time: 789.954s	Elapsed time: 789.954s
c [Lim] Sampler:	Memory: 2321.2 MB	Real time: 799.952s	Elapsed time: 799.952s
c [Lim] Sampler:	Memory: 1984.3 MB	Real time: 809.949s	Elapsed time: 809.949s
c [Lim] Sampler:	Memory: 2016.2 MB	Real time: 819.947s	Elapsed time: 819.947s
c [Lim] Sampler:	Memory: 2020.8 MB	Real time: 829.944s	Elapsed time: 829.944s
c [Lim] Sampler:	Memory: 2145 MB	Real time: 839.942s	Elapsed time: 839.942s
c [Lim] Sampler:	Memory: 2032.7 MB	Real time: 849.94s	Elapsed time: 849.94s
c [Lim] Sampler:	Memory: 2032.6 MB	Real time: 859.937s	Elapsed time: 859.937s
c [Lim] Sampler:	Memory: 2045.7 MB	Real time: 869.935s	Elapsed time: 869.935s
c [Lim] Sampler:	Memory: 2311 MB	Real time: 879.932s	Elapsed time: 879.932s
c [Lim] Sampler:	Memory: 2043.2 MB	Real time: 889.93s	Elapsed time: 889.93s
c [Lim] Sampler:	Memory: 1909.3 MB	Real time: 899.927s	Elapsed time: 899.927s
c [Lim] Sampler:	Memory: 2007.2 MB	Real time: 909.925s	Elapsed time: 909.925s
c [Lim] Sampler:	Memory: 2054.1 MB	Real time: 919.922s	Elapsed time: 919.922s
c [Lim] Sampler:	Memory: 2010.2 MB	Real time: 929.92s	Elapsed time: 929.92s
c [Lim] Sampler:	Memory: 1719.8 MB	Real time: 939.918s	Elapsed time: 939.918s
c [Lim] Sampler:	Memory: 2274.6 MB	Real time: 949.915s	Elapsed time: 949.915s
c [Lim] Sampler:	Memory: 2058.1 MB	Real time: 959.913s	Elapsed time: 959.913s
c [Lim] Sampler:	Memory: 2032.1 MB	Real time: 969.91s	Elapsed time: 969.91s
c [Lim] Sampler:	Memory: 2251.2 MB	Real time: 979.908s	Elapsed time: 979.908s
c [Lim] Sampler:	Memory: 2034.9 MB	Real time: 989.905s	Elapsed time: 989.905s
c [Lim] Sampler:	Memory: 2033 MB	Real time: 999.903s	Elapsed time: 999.903s
c [Lim] Sampler:	Memory: 2046.4 MB	Real time: 1009.9s	Elapsed time: 1009.9s
c [Lim] Sampler:	Memory: 2046.1 MB	Real time: 1019.9s	Elapsed time: 1019.9s
c [Lim] Sampler:	Memory: 1997.4 MB	Real time: 1029.9s	Elapsed time: 1029.9s
c [Lim] Sampler:	Memory: 2012.2 MB	Real time: 1039.89s	Elapsed time: 1039.89s
c [Lim] Sampler:	Memory: 2023 MB	Real time: 1049.89s	Elapsed time: 1049.89s
c [Lim] Sampler:	Memorc [w = 103] SAT Solving starts:
c [w = 103] Solving duration: 123732 ms
c [w = 103] Answer: 
s [w = 103] SAT (w = 103)
c [w = 103] Solution check = 103.
c [w = 103] The solution is correct.
c [w = 103] Result: 10
c Search strategy: from lower bound.
c Encoding and solving from lower bound.
c [w = 104] Start task in PID: 321737.
c [w = 104] Antibandwidth problem with w = 104 (W-685_bus.mtx.rnd):
c [w = 104] Initializing CaDiCaL (version 2.1.3).
c [w = 104] Configuring CaDiCaL as --sat (1).
c [w = 104] Encoding starts with w = 104:
c [w = 104] Encoding duration: 3s
c [w = 104] Number of clauses: 8413648
c [w = 104] Number of variables: 1492615
c [w = 104] SAT Solving starts:
c [w = 104] Solving duration: 83417 ms
c [w = 104] Answer: 
s [w = 104] SAT (w = 104)
c [w = 104] Solution check = 104.
c [w = 104] The solution is correct.
c [w = 104] Result: 10
c Search strategy: from lower bound.
c Encoding and solving from lower bound.
c [w = 105] Start task in PID: 321809.
c [w = 105] Antibandwidth problem with w = 105 (W-685_bus.mtx.rnd):
c [w = 105] Initializing CaDiCaL (version 2.1.3).
c [w = 105] Configuring CaDiCaL as --sat (1).
c [w = 105] Encoding starts with w = 105:
c [w = 105] Encoding duration: 3s
c [w = 105] Number of clauses: 8428718
c [w = 105] Number of variables: 1497410
c [w = 105] SAT Solving starts:
c [w = 105] Solving duration: 85929 ms
c [w = 105] Answer: 
s [w = 105] SAT (w = 105)
c [w = 105] Solution check = 105.
c [w = 105] The solution is correct.
c [w = 105] Result: 10
c Search strategy: from lower bound.
c Encoding and solving from lower bound.
c [w = 106] Start task in PID: 321867.
c [w = 106] Antibandwidth problem with w = 106 (W-685_bus.mtx.rnd):
c [w = 106] Initializing CaDiCaL (version 2.1.3).
c [w = 106] Configuring CaDiCaL as --sat (1).
c [w = 106] Encoding starts with w = 106:
c [w = 106] Encoding duration: 3s
c [w = 106] Number of clauses: 8443788
c [w = 106] Number of variables: 1502205
c [w = 106] SAT Solving starts:
c [w = 106] Solving duration: 69078 ms
c [w = 106] Answer: 
s [w = 106] SAT (w = 106)
c [w = 106] Solution check = 106.
c [w = 106] The solution is correct.
c [w = 106] Result: 10
c Search strategy: from lower bound.
c Encoding and solving from lower bound.
c [w = 107] Start task in PID: 321925.
c [w = 107] Antibandwidth problem with w = 107 (W-685_bus.mtx.rnd):
c [w = 107] Initializing CaDiCaL (version 2.1.3).
c [w = 107] Configuring CaDiCaL as --sat (1).
c [w = 107] Encoding starts with w = 107:
c [w = 107] Encoding duration: 3s
c [w = 107] Number of clauses: 8458858
c [w = 107] Number of variables: 1507000
c [w = 107] SAT Solving starts:
c [w = 107] Solving duration: 7619 ms
c [w = 107] Answer: 
s [w = 107] SAT (w = 107)
c [w = 107] Solution check = 107.
c [w = 107] The solution is correct.
c [w = 107] Result: 10
c Search strategy: from lower bound.
c Encoding and solving from lower bound.
c [w = 108] Start task in PID: 321982.
c [w = 108] Antibandwidth problem with w = 108 (W-685_bus.mtx.rnd):
c [w = 108] Initializing CaDiCaL (version 2.1.3).
c [w = 108] Configuring CaDiCaL as --sat (1).
c [w = 108] Encoding starts with w = 108:
c [w = 108] Encoding duration: 3s
c [w = 108] Number of clauses: 8473928
c [w = 108] Number of variables: 1511795
c [w = 108] SAT Solving starts:
c [w = 108] Solving duration: 7469 ms
c [w = 108] Answer: 
s [w = 108] SAT (w = 108)
c [w = 108] Solution check = 108.
c [w = 108] The solution is correct.
c [w = 108] Result: 10
c Search strategy: from lower bound.
c Encoding and solving from lower bound.
c [w = 109] Start task in PID: 322037.
c [w = 109] Antibandwidth problem with w = 109 (W-685_bus.mtx.rnd):
c [w = 109] Initializing CaDiCaL (version 2.1.3).
c [w = 109] Configuring CaDiCaL as --sat (1).
c [w = 109] Encoding starts with w = 109:
c [w = 109] Encoding duration: 3s
c [w = 109] Number of clauses: 8488998
c [w = 109] Number of variables: 1516590
c [w = 109] SAT Solving starts:
c [w = 109] Solving duration: 112538 ms
c [w = 109] Answer: 
s [w = 109] SAT (w = 109)
c [w = 109] Solution check = 109.
c [w = 109] The solution is correct.
c [w = 109] Result: 10
c Search strategy: from lower bound.
c Encoding and solving from lower bound.
c [w = 110] Start task in PID: 322106.
c [w = 110] Antibandwidth problem with w = 110 (W-685_bus.mtx.rnd):
c [w = 110] Initializing CaDiCaL (version 2.1.3).
c [w = 110] Configuring CaDiCaL as --sat (1).
c [w = 110] Encoding starts with w = 110:
c [w = 110] Encoding duration: 3s
c [w = 110] Number of clauses: 8504068
c [w = 110] Number of variables: 1521385
c [w = 110] SAT Solving starts:
c [w = 110] Solving duration: 128018 ms
c [w = 110] Answer: 
s [w = 110] SAT (w = 110)
c [w = 110] Solution check = 110.
c [w = 110] The solution is correct.
c [w = 110] Result: 10
y: 2023.5 MB	Real time: 1059.89s	Elapsed time: 1059.89s
c [Lim] Sampler:	Memory: 1876.5 MB	Real time: 1069.89s	Elapsed time: 1069.89s
c [Lim] Sampler:	Memory: 2054.3 MB	Real time: 1079.88s	Elapsed time: 1079.88s
c [Lim] Sampler:	Memory: 2024.7 MB	Real time: 1089.88s	Elapsed time: 1089.88s
c [Lim] Sampler:	Memory: 2035.8 MB	Real time: 1099.88s	Elapsed time: 1099.88s
c [Lim] Sampler:	Memory: 2034.2 MB	Real time: 1109.88s	Elapsed time: 1109.88s
c [Lim] Sampler:	Memory: 2034.2 MB	Real time: 1119.87s	Elapsed time: 1119.87s
c [Lim] Sampler:	Memory: 2046.3 MB	Real time: 1129.87s	Elapsed time: 1129.87s
c [Lim] Sampler:	Memory: 2046 MB	Real time: 1139.87s	Elapsed time: 1139.87s
c [Lim] Sampler:	Memory: 172.6 MB	Real time: 1149.87s	Elapsed time: 1149.87s
c [Lim] Sampler:	Memory: 1995.4 MB	Real time: 1159.86s	Elapsed time: 1159.86s
c [Lim] Sampler:	Memory: 2031.5 MB	Real time: 1169.86s	Elapsed time: 1169.86s
c [Lim] Sampler:	Memory: 2033.8 MB	Real time: 1179.86s	Elapsed time: 1179.86s
c [Lim] Sampler:	Memory: 2045.1 MB	Real time: 1189.86s	Elapsed time: 1189.86s
c [Lim] Sampler:	Memory: 2045.3 MB	Real time: 1199.85s	Elapsed time: 1199.85s
c [Lim] Sampler:	Memory: 2043.6 MB	Real time: 1209.85s	Elapsed time: 1209.85s
c [Lim] Sampler:	Memory: 2055.5 MB	Real time: 1219.85s	Elapsed time: 1219.85s
c [Lim] Sampler:	Memory: 2056.2 MB	Real time: 1229.85s	Elapsed time: 1229.85s
c [Lim] Sampler:	Memory: 1525.6 MB	Real time: 1239.84s	Elapsed time: 1239.84s
c [Lim] Sampler:	Memory: 1996.9 MB	Real time: 1249.84s	Elapsed time: 1249.84s
c [Lim] Sampler:	Memory: 2064.9 MB	Real time: 1259.84s	Elapsed time: 1259.84s
c [Lim] Sampler:	Memory: 2042.8 MB	Real time: 1269.84s	Elapsed time: 1269.84s
c [Lim] Sampler:	Memory: 2044.8 MB	Real time: 1279.83s	Elapsed time: 1279.83s
c [Lim] Sampler:	Memory: 2044.5 MB	Real time: 1289.83s	Elapsed time: 1289.83s
c [Lim] Sampler:	Memory: 2042.2 MB	Real time: 1299.83s	Elapsed time: 1299.83s
c [Lim] Sampler:	Memory: 2062.4 MB	Real time: 1309.83s	Elapsed time: 1309.83s
c [Lim] Sampler:	Memory: 1730.4 MB	Real time: 1319.82s	Elapsed time: 1319.82s
c [Lim] Sampler:	Memory: 1733.2 MB	Real time: 1329.82s	Elapsed time: 1329.82s
c [Lim] Sampler:	Memory: 1188.3 MB	Real time: 1339.82s	Elapsed time: 1339.82s
c [Lim] Sampler:	Memory: 2010 MB	Real time: 1349.82s	Elapsed time: 1349.82s
c [Lim] Sampler:	Memory: 2085.4 MB	Real time: 1359.82s	Elapsed time: 1359.82s
c [Lim] Sampler:	Memory: 2059.2 MB	Real time: 1369.81s	Elapsed time: 1369.81s
c [Lim] Sampler:	Memory: 2059.4 MB	Real time: 1379.81s	Elapsed time: 1379.81s
c [Lim] Sampler:	Memory: 2057.4 MB	Real time: 1389.81s	Elapsed time: 1389.81s
c [Lim] Sampler:	Memory: 2204.2 MB	Real time: 1399.81s	Elapsed time: 1399.81s
c [Lim] Sampler:	Memory: 2071.4 MB	Real time: 1409.8s	Elapsed time: 1409.8s
c [Lim] Sampler:	Memory: 2334.2 MB	Real time: 1419.8s	Elapsed time: 1419.8s
c [Lim] Sampler:	Memory: 2021.8 MB	Real time: 1429.8s	Elapsed time: 1429.8s
c [Lim] Sampler:	Memory: 2078.2 MB	Real time: 1439.8s	Elapsed time: 1439.8s
c [Lim] Sampler:	Memory: 2288.4 MB	Real time: 1449.79s	Elapsed time: 1449.79s
c [Lim] Sampler:	Memory: 1740.6 MB	Real time: 1459.79s	Elapsed time: 1459.79s
c [Lim] Sampler:	Memory: 2041.8 MB	Real time: 1469.79s	Elapsed time: 1469.79s
c [Lim] Sampler:	Memory: 2087.7 MB	Real time: 1479.79s	Elapsed time: 1479.79s
c [Lim] Sampler:	Memory: 2059.4 MB	Real time: 1489.78s	Elapsed time: 1489.78s
c [Lim] Sampler:	Memory: 2059.6 MB	Real time: 1499.78s	Elapsed time: 1499.78s
c [Lim] Sampler:	Memory: 2056.7 MB	Real time: 1509.78s	Elapsed time: 1509.78s
c [Lim] Sampler:	Memory: 2054 MB	Real time: 1519.78s	Elapsed time: 1519.78s
c [Lim] Sampler:	Memory: 2159.1 MB	Real time: 1529.77s	Elapsed time: 1529.77s
c [Lim] Sampler:	Memory: 2066.3 MB	Real time: 1539.77s	Elapsed time: 1539.77s
c [Lim] Sampler:	Memory: 2068 MB	Real time: 1549.77s	Elapsed time: 1549.77s
c [Lim] Sampler:	Memory: 2068 MB	Real time: 1559.77s	Elapsed time: 1559.77s
c [Lim] Sampler:	Memory: 2075.2 MB	Real time: 1569.76s	Elapsed time: 1569.76s
c [Lim] Sampler:	Memory: 2026.3 MB	Real time: 1579.76s	Elapsed time: 1579.76s
c [c Search strategy: from lower bound.
c Encoding and solving from lower bound.
c [w = 111] Start task in PID: 322838.
c [w = 111] Antibandwidth problem with w = 111 (W-685_bus.mtx.rnd):
c [w = 111] Initializing CaDiCaL (version 2.1.3).
c [w = 111] Configuring CaDiCaL as --sat (1).
c [w = 111] Encoding starts with w = 111:
c [w = 111] Encoding duration: 3s
c [w = 111] Number of clauses: 8519138
c [w = 111] Number of variables: 1526180
c [w = 111] SAT Solving starts:
c [w = 111] Solving duration: 2681 ms
c [w = 111] Answer: 
s [w = 111] SAT (w = 111)
c [w = 111] Solution check = 111.
c [w = 111] The solution is correct.
c [w = 111] Result: 10
c Search strategy: from lower bound.
c Encoding and solving from lower bound.
c [w = 112] Start task in PID: 322893.
c [w = 112] Antibandwidth problem with w = 112 (W-685_bus.mtx.rnd):
c [w = 112] Initializing CaDiCaL (version 2.1.3).
c [w = 112] Configuring CaDiCaL as --sat (1).
c [w = 112] Encoding starts with w = 112:
c [w = 112] Encoding duration: 3s
c [w = 112] Number of clauses: 8534208
c [w = 112] Number of variables: 1530975
c [w = 112] SAT Solving starts:
c [w = 112] Solving duration: 83493 ms
c [w = 112] Answer: 
s [w = 112] SAT (w = 112)
c [w = 112] Solution check = 112.
c [w = 112] The solution is correct.
c [w = 112] Result: 10
c Search strategy: from lower bound.
c Encoding and solving from lower bound.
c [w = 113] Start task in PID: 322955.
c [w = 113] Antibandwidth problem with w = 113 (W-685_bus.mtx.rnd):
c [w = 113] Initializing CaDiCaL (version 2.1.3).
c [w = 113] Configuring CaDiCaL as --sat (1).
c [w = 113] Encoding starts with w = 113:
c [w = 113] Encoding duration: 3s
c [w = 113] Number of clauses: 8549278
c [w = 113] Number of variables: 1535770
c [w = 113] SAT Solving starts:
c [w = 113] Solving duration: 165322 ms
c [w = 113] Answer: 
s [w = 113] SAT (w = 113)
c [w = 113] Solution check = 113.
c [w = 113] The solution is correct.
c [w = 113] Result: 10
c Search strategy: from lower bound.
c Encoding and solving from lower bound.
c [w = 114] Start task in PID: 323021.
c [w = 114] Antibandwidth problem with w = 114 (W-685_bus.mtx.rnd):
c [w = 114] Initializing CaDiCaL (version 2.1.3).
c [w = 114] Configuring CaDiCaL as --sat (1).
c [w = 114] Encoding starts with w = 114:
c [w = 114] Encoding duration: 3s
c [w = 114] Number of clauses: 8334873
c [w = 114] Number of variables: 1464530
c [w = 114] SAT Solving starts:
c [w = 114] Solving duration: 41867 ms
c [w = 114] Answer: 
s [w = 114] SAT (w = 114)
c [w = 114] Solution check = 114.
c [w = 114] The solution is correct.
c [w = 114] Result: 10
c Search strategy: from lower bound.
c Encoding and solving from lower bound.
c [w = 115] Start task in PID: 323076.
c [w = 115] Antibandwidth problem with w = 115 (W-685_bus.mtx.rnd):
c [w = 115] Initializing CaDiCaL (version 2.1.3).
c [w = 115] Configuring CaDiCaL as --sat (1).
c [w = 115] Encoding starts with w = 115:
c [w = 115] Encoding duration: 3s
c [w = 115] Number of clauses: 8348309
c [w = 115] Number of variables: 1468640
c [w = 115] SAT Solving starts:
c [w = 115] Solving duration: 4998 ms
c [w = 115] Answer: 
s [w = 115] UNSAT (w = 115)
c [w = 115] Result: 20
c Search strategy: from lower bound.
c Encoding and solving from lower bound.
c Min width UNSAT is set to 115
c All children have completed.
r
r Final results: 
r Max width SAT:  	114
r Min width UNSAT:	115
r Total real time: 1914135 ms
r Total memory consumed 2432.7 MB
r
r
Lim] Sampler:	Memory: 1283.8 MB	Real time: 1589.76s	Elapsed time: 1589.76s
c [Lim] Sampler:	Memory: 1747.8 MB	Real time: 1599.76s	Elapsed time: 1599.76s
c [Lim] Sampler:	Memory: 1955.6 MB	Real time: 1609.75s	Elapsed time: 1609.75s
c [Lim] Sampler:	Memory: 2097.4 MB	Real time: 1619.75s	Elapsed time: 1619.75s
c [Lim] Sampler:	Memory: 2069.2 MB	Real time: 1629.75s	Elapsed time: 1629.75s
c [Lim] Sampler:	Memory: 2064.1 MB	Real time: 1639.75s	Elapsed time: 1639.75s
c [Lim] Sampler:	Memory: 2064.7 MB	Real time: 1649.74s	Elapsed time: 1649.74s
c [Lim] Sampler:	Memory: 2061.8 MB	Real time: 1659.74s	Elapsed time: 1659.74s
c [Lim] Sampler:	Memory: 2068.4 MB	Real time: 1669.74s	Elapsed time: 1669.74s
c [Lim] Sampler:	Memory: 2067.9 MB	Real time: 1679.74s	Elapsed time: 1679.74s
c [Lim] Sampler:	Memory: 1750.9 MB	Real time: 1689.73s	Elapsed time: 1689.73s
c [Lim] Sampler:	Memory: 2056.4 MB	Real time: 1699.73s	Elapsed time: 1699.73s
c [Lim] Sampler:	Memory: 2099.5 MB	Real time: 1709.73s	Elapsed time: 1709.73s
c [Lim] Sampler:	Memory: 2087.2 MB	Real time: 1719.73s	Elapsed time: 1719.73s
c [Lim] Sampler:	Memory: 2080.1 MB	Real time: 1729.72s	Elapsed time: 1729.72s
c [Lim] Sampler:	Memory: 2088.9 MB	Real time: 1739.72s	Elapsed time: 1739.72s
c [Lim] Sampler:	Memory: 2092.9 MB	Real time: 1749.72s	Elapsed time: 1749.72s
c [Lim] Sampler:	Memory: 2094 MB	Real time: 1759.72s	Elapsed time: 1759.72s
c [Lim] Sampler:	Memory: 2356 MB	Real time: 1769.71s	Elapsed time: 1769.71s
c [Lim] Sampler:	Memory: 2087.6 MB	Real time: 1779.71s	Elapsed time: 1779.71s
c [Lim] Sampler:	Memory: 2087.7 MB	Real time: 1789.71s	Elapsed time: 1789.71s
c [Lim] Sampler:	Memory: 2086.6 MB	Real time: 1799.71s	Elapsed time: 1799.71s
c [Lim] Sampler:	Memory: 2095.7 MB	Real time: 1809.71s	Elapsed time: 1809.71s
c [Lim] Sampler:	Memory: 2088.1 MB	Real time: 1819.7s	Elapsed time: 1819.7s
c [Lim] Sampler:	Memory: 2088.1 MB	Real time: 1829.7s	Elapsed time: 1829.7s
c [Lim] Sampler:	Memory: 1992.1 MB	Real time: 1839.7s	Elapsed time: 1839.7s
c [Lim] Sampler:	Memory: 2087.9 MB	Real time: 1849.7s	Elapsed time: 1849.7s
c [Lim] Sampler:	Memory: 1707.2 MB	Real time: 1859.69s	Elapsed time: 1859.69s
c [Lim] Sampler:	Memory: 2005.3 MB	Real time: 1869.69s	Elapsed time: 1869.69s
c [Lim] Sampler:	Memory: 1973.9 MB	Real time: 1879.69s	Elapsed time: 1879.69s
c [Lim] Sampler:	Memory: 2006.4 MB	Real time: 1889.69s	Elapsed time: 1889.69s
c [Lim] Sampler:	Memory: 464.6 MB	Real time: 1899.68s	Elapsed time: 1899.68s
c Signal interruption. Caught signal: SIGTERM (15)
