c [Version] Cyclic Bandwidth Encoder version 1.0.0.
c [Param] Real time limit is set to 150.
c [Param] Memory limit is set to 30000.
c [Param] Worker count is set to 8.
c [Main] Encoding and solving for graph: cbt_46.txt.
c [Main] Search strategy: Binary search using BFS.
c [Main] No predefined lower bound is found for cbt_46.txt.
c [Main] LB-w = 2 (default value).
c [Main] No predefined upper bound is found for cbt_46.txt.
c [Main] UB-w = 23 (default value calculated as n/2).
c [Main] Search order: 12 6 18 3 9 15 21 2 4 7 10 13 16 19 22 5 8 11 14 17 20 23.
c [w = 3] Start task in PID: 197463.
c [w = 3] Cyclic Antibandwidth problem with w = 3 (cbt_46.txt):
c [w = 3] Initializing CaDiCaL (version 2.1.3).
c [w = 3] Configuring CaDiCaL as --sat (1).
c [w = 3] Encoding starts with w = 3:
c [w = 3] Symmetry breaking highest degree node is applied.
c [w = 3] Encoding duration: 16 ms.
c [w = 3] Number of clauses: 28591.
c [w = 3] Number of variables: 5336.
c [w = 3] SAT Solving starts:
c [w = 3] Solving duration: 1 ms.
c [w = 3] Answer:
s [w = 3] SAT (w = 3).
c [w = 3] Solution check = 3.
c [w = 3] The solution is correct.
c [w = 3] Result: 10.
c [Main] Max width SAT is set to 3.
c [Main] Kill lower pid 2.
c [w = 2] Start task in PID: 197467.
c [w = 2] Cyclic Antibandwidth problem with w = 2 (cbt_46.txt):
c [w = 2] Initializing CaDiCaL (version 2.1.3).
c [w = 2] Configuring CaDiCaL as --sat (1).
c [w = 2] Encoding starts with w = 2:
c [w = 2] Symmetry breaking highest degree node is applied.
c [w = 2] Encoding duration: 17 ms.
c [w = 2] Number of clauses: 30958.
c [w = 2] Number of variables: 4278.
c [w = 2] SAT Solving starts:
c [w = 2] Solving duration: 1 ms.
c [w = 2] Answer:
s [w = 2] SAT (w = 2).
c [w = 2] Solution check = 2.
c [w = 2] The solution is correct.
c [Signal] Signal interruption. Caught signal: SIGTERM (15).
c [w = 9] Start task in PID: 197464.
c [w = 9] Cyclic Antibandwidth problem with w = 9 (cbt_46.txt):
c [w = 9] Initializing CaDiCaL (version 2.1.3).
c [w = 9] Configuring CaDiCaL as --sat (1).
c [w = 9] Encoding starts with w = 9:
c [w = 9] Symmetry breaking highest degree node is applied.
c [w = 9] Encoding duration: 18 ms.
c [w = 9] Number of clauses: 29067.
c [w = 9] Number of variables: 6716.
c [w = 9] SAT Solving starts:
c [w = 9] Solving duration: 0 ms.
c [w = 9] Answer:
s [w = 9] SAT (w = 9).
c [w = 9] Solution check = 9.
c [w = 9] The solution is correct.
c [w = 9] Result: 10.
c [Main] Child pid 2 - 197467 terminated by signal 15.
c [w = 12] Start task in PID: 197460.
c [w = 12] Cyclic Antibandwidth problem with w = 12 (cbt_46.txt):
c [w = 12] Initializing CaDiCaL (version 2.1.3).
c [w = 12] Configuring CaDiCaL as --sat (1).
c [w = 12] Encoding starts with w = 12:
c [w = 12] Symmetry breaking highest degree node is applied.
c [w = 12] Encoding duration: 19 ms.
c [w = 12] Number of clauses: 29889.
c [w = 12] Number of variables: 6992.
c [w = 12] SAT Solving starts:
c [w = 12] Solving duration: 0 ms.
c [w = 12] Answer:
s [w = 12] SAT (w = 12).
c [w = 12] Solution check = 12.
c [w = 12] The solution is correct.
c [w = 12] Result: 10.
c [w = 7] Start task in PID: 197469.
c [w = 7] Cyclic Antibandwidth problem with w = 7 (cbt_46.txt):
c [w = 7] Initializing CaDiCaL (version 2.1.3).
c [w = 7] Configuring CaDiCaL as --sat (1).
c [w = 7] Encoding starts with w = 7:
c [w = 7] Symmetry breaking highest degree node is applied.
c [Signal] Signal interruption. Caught signal: SIGTERM (15).
c [Main] Max width SAT is set to 9.
c [Main] Kill lower pid 7.
c [Main] Kill lower pid 4.
c [Main] Kill lower pid 6.
c [w = 4] Start task in PID: 197468.
c [w = 4] Cyclic Antibandwidth problem with w = 4 (cbt_46.txt):
c [w = 4] Initializing CaDiCaL (version 2.1.3).
c [w = 4] Configuring CaDiCaL as --sat (1).
c [w = 4] Encoding starts with w = 4:
c [w = 4] Symmetry breaking highest degree node is applied.
c [Signal] Signal interruption. Caught signal: SIGTERM (15).
c [w = 6] Start task in PID: 197461.
c [w = 6] Cyclic Antibandwidth problem with w = 6 (cbt_46.txt):
c [w = 6] Initializing CaDiCaL (version 2.1.3).
c [w = 6] Configuring CaDiCaL as --sat (1).
c [w = 6] Encoding starts with w = 6:
c [w = 6] Symmetry breaking highest degree node is applied.
c [w = 6] Encoding duration: 19 ms.
c [w = 6] Number of clauses: 28613.
c [w = 6] Number of variables: 6440.
c [w = 6] SAT Solving starts:
c [w = 6] Solving duration: 1 ms.
c [w = 6] Answer:
s [w = 6] SAT (w = 6).
c [w = 6] Solution check = 6.
c [w = 6] The solution is correct.
c [Signal] Signal interruption. Caught signal: SIGTERM (15).
c [Main] Max width SAT is set to 12.
c [Main] Kill lower pid 10.
c [Main] Kill lower pid 7.
c [Main] Kill lower pid 4.
c [Main] Kill lower pid 6.
c [w = 10] Start task in PID: 197470.
c [w = 10] Cyclic Antibandwidth problem with w = 10 (cbt_46.txt):
c [Signal] Signal interruption. Caught signal: SIGTERM (15).
c [Main] Child pid 10 - 197470 terminated by signal 15.
c [Main] Child pid 7 - 197469 terminated by signal 15.
c [Main] Child pid 6 - 197461 terminated by signal 15.
c [Main] Child pid 4 - 197468 terminated by signal 15.
c [w = 15] Start task in PID: 197465.
c [w = 15] Cyclic Antibandwidth problem with w = 15 (cbt_46.txt):
c [w = 15] Initializing CaDiCaL (version 2.1.3).
c [w = 15] Configuring CaDiCaL as --sat (1).
c [w = 15] Encoding starts with w = 15:
c [w = 15] Symmetry breaking highest degree node is applied.
c [w = 15] Encoding duration: 20 ms.
c [w = 15] Number of clauses: 29935.
c [w = 15] Number of variables: 6992.
c [w = 15] SAT Solving starts:
c [w = 15] Solving duration: 15 ms.
c [w = 15] Answer:
s [w = 15] SAT (w = 15).
c [w = 15] Solution check = 15.
c [w = 15] The solution is correct.
c [w = 15] Result: 10.
c [Main] Max width SAT is set to 15.
c [Main] Kill lower pid 14.
c [Main] Kill lower pid 13.
c [w = 13] Start task in PID: 197471.
c [w = 13] Cyclic Antibandwidth problem with w = 13 (cbt_46.txt):
c [w = 13] Initializing CaDiCaL (version 2.1.3).
c [w = 13] Configuring CaDiCaL as --sat (1).
c [w = 13] Encoding starts with w = 13:
c [w = 13] Symmetry breaking highest degree node is applied.
c [Signal] Signal interruption. Caught signal: SIGTERM (15).
c [w = 14] Start task in PID: 197475.
c [w = 14] Cyclic Antibandwidth problem with w = 14 (cbt_46.txt):
c [w = 14] Initializing CaDiCaL (version 2.1.3).
c [w = 14] Configuring CaDiCaL as --sat (1).
c [w = 14] Encoding starts with w = 14:
c [w = 14] Symmetry breaking highest degree node is applied.
c [Signal] Signal interruption. Caught signal: SIGTERM (15).
c [Main] Child pid 13 - 197471 terminated by signal 15.
c [Main] Child pid 14 - 197475 terminated by signal 15.
c [w = 23] Start task in PID: 197478.
c [w = 23] Cyclic Antibandwidth problem with w = 23 (cbt_46.txt):
c [w = 23] Initializing CaDiCaL (version 2.1.3).
c [w = 23] Configuring CaDiCaL as --sat (1).
c [w = 23] Encoding starts with w = 23:
c [w = 23] Symmetry breaking highest degree node is applied.
c [w = 23] Encoding duration: 18 ms.
c [w = 23] Number of clauses: 30895.
c [w = 23] Number of variables: 7176.
c [w = 23] SAT Solving starts:
c [w = 23] Solving duration: 0 ms.
c [w = 23] Answer:
s [w = 23] UNSAT (w = 23).
c [w = 23] Result: 20.
c [Main] Min width UNSAT is set to 23
c [w = 16] Start task in PID: 197472.
c [w = 16] Cyclic Antibandwidth problem with w = 16 (cbt_46.txt):
c [w = 16] Initializing CaDiCaL (version 2.1.3).
c [w = 16] Configuring CaDiCaL as --sat (1).
c [w = 16] Encoding starts with w = 16:
c [w = 16] Symmetry breaking highest degree node is applied.
c [w = 16] Encoding duration: 19 ms.
c [w = 16] Number of clauses: 30438.
c [w = 16] Number of variables: 7130.
c [w = 16] SAT Solving starts:
c [w = 16] Solving duration: 34 ms.
c [w = 16] Answer:
s [w = 16] SAT (w = 16).
c [w = 16] Solution check = 16.
c [w = 16] The solution is correct.
c [w = 16] Result: 10.
c [Main] Max width SAT is set to 16.
c [w = 22] Start task in PID: 197474.
c [w = 22] Cyclic Antibandwidth problem with w = 22 (cbt_46.txt):
c [w = 22] Initializing CaDiCaL (version 2.1.3).
c [w = 22] Configuring CaDiCaL as --sat (1).
c [w = 22] Encoding starts with w = 22:
c [w = 22] Symmetry breaking highest degree node is applied.
c [w = 22] Encoding duration: 22 ms.
c [w = 22] Number of clauses: 33198.
c [w = 22] Number of variables: 7958.
c [w = 22] SAT Solving starts:
c [w = 22] Solving duration: 40 ms.
c [w = 22] Answer:
s [w = 22] UNSAT (w = 22).
c [w = 22] Result: 20.
c [Main] Min width UNSAT is set to 22
c [w = 19] Start task in PID: 197473.
c [w = 19] Cyclic Antibandwidth problem with w = 19 (cbt_46.txt):
c [w = 19] Initializing CaDiCaL (version 2.1.3).
c [w = 19] Configuring CaDiCaL as --sat (1).
c [w = 19] Encoding starts with w = 19:
c [w = 19] Symmetry breaking highest degree node is applied.
c [w = 19] Encoding duration: 21 ms.
c [w = 19] Number of clauses: 31818.
c [w = 19] Number of variables: 7544.
c [w = 19] SAT Solving starts:
c [w = 19] Solving duration: 63 ms.
c [w = 19] Answer:
s [w = 19] SAT (w = 19).
c [w = 19] Solution check = 19.
c [w = 19] The solution is correct.
c [w = 19] Result: 10.
c [Main] Max width SAT is set to 19.
c [Main] Kill lower pid 17.
c [Main] Kill lower pid 18.
c [w = 17] Start task in PID: 197476.
c [w = 17] Cyclic Antibandwidth problem with w = 17 (cbt_46.txt):
c [w = 17] Initializing CaDiCaL (version 2.1.3).
c [w = 17] Configuring CaDiCaL as --sat (1).
c [w = 17] Encoding starts with w = 17:
c [w = 17] Symmetry breaking highest degree node is applied.
c [w = 17] Encoding duration: 20 ms.
c [w = 17] Number of clauses: 30898.
c [w = 17] Number of variables: 7268.
c [w = 17] SAT Solving starts:
c [Signal] Signal interruption. Caught signal: SIGTERM (15).
c [w = 18] Start task in PID: 197462.
c [w = 18] Cyclic Antibandwidth problem with w = 18 (cbt_46.txt):
c [w = 18] Initializing CaDiCaL (version 2.1.3).
c [w = 18] Configuring CaDiCaL as --sat (1).
c [w = 18] Encoding starts with w = 18:
c [w = 18] Symmetry breaking highest degree node is applied.
c [w = 18] Encoding duration: 21 ms.
c [w = 18] Number of clauses: 31358.
c [w = 18] Number of variables: 7406.
c [w = 18] SAT Solving starts:
c [Signal] Signal interruption. Caught signal: SIGTERM (15).
c [Main] Child pid 17 - 197476 terminated by signal 15.
c [Main] Child pid 18 - 197462 terminated by signal 15.
c [w = 21] Start task in PID: 197466.
c [w = 21] Cyclic Antibandwidth problem with w = 21 (cbt_46.txt):
c [w = 21] Initializing CaDiCaL (version 2.1.3).
c [w = 21] Configuring CaDiCaL as --sat (1).
c [w = 21] Encoding starts with w = 21:
c [w = 21] Symmetry breaking highest degree node is applied.
c [w = 21] Encoding duration: 21 ms.
c [w = 21] Number of clauses: 32738.
c [w = 21] Number of variables: 7820.
c [w = 21] SAT Solving starts:
c [w = 21] Solving duration: 480 ms.
c [w = 21] Answer:
s [w = 21] UNSAT (w = 21).
c [w = 21] Result: 20.
c [Main] Min width UNSAT is set to 21
c [w = 20] Start task in PID: 197477.
c [w = 20] Cyclic Antibandwidth problem with w = 20 (cbt_46.txt):
c [w = 20] Initializing CaDiCaL (version 2.1.3).
c [w = 20] Configuring CaDiCaL as --sat (1).
c [w = 20] Encoding starts with w = 20:
c [w = 20] Symmetry breaking highest degree node is applied.
c [w = 20] Encoding duration: 21 ms.
c [w = 20] Number of clauses: 32278.
c [w = 20] Number of variables: 7682.
c [w = 20] SAT Solving starts:
c [w = 20] Solving duration: 1593 ms.
c [w = 20] Answer:
s [w = 20] UNSAT (w = 20).
c [w = 20] Result: 20.
c [Main] Min width UNSAT is set to 20
c [Signal] Signal interruption. Caught signal: SIGTERM (15).
c [Main] All children have completed.
r [Main] 
r [Main] Final results: 
r [Main] Max width SAT:  	19.
r [Main] Min width UNSAT:	20.
r [Main] Total real time: 1662 ms.
r [Main] Total memory consumed: 60 MB.
r [Main] 
