c [Version] Cyclic Bandwidth Encoder version 1.0.0.
c [Param] Real time limit is set to 150.
c [Param] Memory limit is set to 30000.
c [Param] Worker count is set to 8.
c [Main] Encoding and solving for graph: cbt_33.txt.
c [Main] Search strategy: Binary search from upper bound.
c [Main] No predefined lower bound is found for cbt_33.txt.
c [Main] LB-w = 2 (default value).
c [Main] No predefined upper bound is found for cbt_33.txt.
c [Main] UB-w = 16 (default value calculated as n/2).
c [Main] Search order: 9 13 15 16 14 11 12 10 5 7 8 6 3 4 2.
c [w = 9] Start task in PID: 174566.
c [w = 9] Cyclic Antibandwidth problem with w = 9 (cbt_33.txt):
c [w = 9] Initializing CaDiCaL (version 2.1.3).
c [w = 9] Configuring CaDiCaL as --sat (1).
c [w = 9] Encoding starts with w = 9:
c [w = 9] Symmetry breaking highest degree node is applied.
c [w = 9] Encoding duration: 9 ms.
c [w = 9] Number of clauses: 15241.
c [w = 9] Number of variables: 3630.
c [w = 9] SAT Solving starts:
c [w = 9] Solving duration: 1 ms.
c [w = 9] Answer:
s [w = 9] SAT (w = 9).
c [w = 9] Solution check = 9.
c [w = 9] The solution is correct.
c [w = 9] Result: 10.
c [w = 11] Start task in PID: 174571.
c [w = 11] Cyclic Antibandwidth problem with w = 11 (cbt_33.txt):
c [w = 11] Initializing CaDiCaL (version 2.1.3).
c [w = 11] Configuring CaDiCaL as --sat (1).
c [w = 11] Encoding starts with w = 11:
c [w = 11] Symmetry breaking highest degree node is applied.
c [w = 11] Encoding duration: 9 ms.
c [w = 11] Number of clauses: 15271.
c [w = 11] Number of variables: 3630.
c [w = 11] SAT Solving starts:
c [w = 11] Solving duration: 1 ms.
c [w = 11] Answer:
s [w = 11] SAT (w = 11).
c [w = 11] Solution check = 11.
c [w = 11] The solution is correct.
c [w = 11] Result: 10.
c [Main] Max width SAT is set to 11.
c [Main] Kill lower pid 10.
c [Main] Kill lower pid 9.
c [Signal] Signal interruption. Caught signal: SIGTERM (15).
c [w = 10] Start task in PID: 174573.
c [w = 10] Cyclic Antibandwidth problem with w = 10 (cbt_33.txt):
c [w = 10] Initializing CaDiCaL (version 2.1.3).
c [w = 10] Configuring CaDiCaL as --sat (1).
c [w = 10] Encoding starts with w = 10:
c [w = 10] Symmetry breaking highest degree node is applied.
c [w = 10] Encoding duration: 10 ms.
c [w = 10] Number of clauses: 15670.
c [w = 10] Number of variables: 3762.
c [w = 10] SAT Solving starts:
c [Signal] Signal interruption. Caught signal: SIGTERM (15).
c [Main] Child pid 9 - 174566 terminated by signal 15.
c [Main] Child pid 10 - 174573 terminated by signal 15.
c [w = 16] Start task in PID: 174569.
c [w = 16] Cyclic Antibandwidth problem with w = 16 (cbt_33.txt):
c [w = 16] Initializing CaDiCaL (version 2.1.3).
c [w = 16] Configuring CaDiCaL as --sat (1).
c [w = 16] Encoding starts with w = 16:
c [w = 16] Symmetry breaking highest degree node is applied.
c [w = 16] Encoding duration: 10 ms.
c [w = 16] Number of clauses: 15568.
c [w = 16] Number of variables: 3696.
c [w = 16] SAT Solving starts:
c [w = 16] Solving duration: 3 ms.
c [w = 16] Answer:
s [w = 16] UNSAT (w = 16).
c [w = 16] Result: 20.
c [Main] Min width UNSAT is set to 16
c [w = 12] Start task in PID: 174572.
c [w = 12] Cyclic Antibandwidth problem with w = 12 (cbt_33.txt):
c [w = 12] Initializing CaDiCaL (version 2.1.3).
c [w = 12] Configuring CaDiCaL as --sat (1).
c [w = 12] Encoding starts with w = 12:
c [w = 12] Symmetry breaking highest degree node is applied.
c [w = 12] Encoding duration: 10 ms.
c [w = 12] Number of clauses: 15601.
c [w = 12] Number of variables: 3729.
c [w = 12] SAT Solving starts:
c [w = 12] Solving duration: 3 ms.
c [w = 12] Answer:
s [w = 12] SAT (w = 12).
c [w = 12] Solution check = 12.
c [w = 12] The solution is correct.
c [w = 12] Result: 10.
c [Main] Max width SAT is set to 12.
c [w = 13] Start task in PID: 174567.
c [w = 13] Cyclic Antibandwidth problem with w = 13 (cbt_33.txt):
c [w = 13] Initializing CaDiCaL (version 2.1.3).
c [w = 13] Configuring CaDiCaL as --sat (1).
c [w = 13] Encoding starts with w = 13:
c [w = 13] Symmetry breaking highest degree node is applied.
c [w = 13] Encoding duration: 9 ms.
c [w = 13] Number of clauses: 15931.
c [w = 13] Number of variables: 3828.
c [w = 13] SAT Solving starts:
c [w = 13] Solving duration: 32 ms.
c [w = 13] Answer:
s [w = 13] SAT (w = 13).
c [w = 13] Solution check = 13.
c [w = 13] The solution is correct.
c [w = 13] Result: 10.
c [Main] Max width SAT is set to 13.
c [w = 15] Start task in PID: 174568.
c [w = 15] Cyclic Antibandwidth problem with w = 15 (cbt_33.txt):
c [w = 15] Initializing CaDiCaL (version 2.1.3).
c [w = 15] Configuring CaDiCaL as --sat (1).
c [w = 15] Encoding starts with w = 15:
c [w = 15] Symmetry breaking highest degree node is applied.
c [w = 15] Encoding duration: 11 ms.
c [w = 15] Number of clauses: 16591.
c [w = 15] Number of variables: 4026.
c [w = 15] SAT Solving starts:
c [w = 15] Solving duration: 85 ms.
c [w = 15] Answer:
s [w = 15] UNSAT (w = 15).
c [w = 15] Result: 20.
c [Main] Min width UNSAT is set to 15
c [w = 14] Start task in PID: 174570.
c [w = 14] Cyclic Antibandwidth problem with w = 14 (cbt_33.txt):
c [w = 14] Initializing CaDiCaL (version 2.1.3).
c [w = 14] Configuring CaDiCaL as --sat (1).
c [w = 14] Encoding starts with w = 14:
c [w = 14] Symmetry breaking highest degree node is applied.
c [w = 14] Encoding duration: 10 ms.
c [w = 14] Number of clauses: 16261.
c [w = 14] Number of variables: 3927.
c [w = 14] SAT Solving starts:
c [w = 14] Solving duration: 8874 ms.
c [w = 14] Answer:
s [w = 14] UNSAT (w = 14).
c [w = 14] Result: 20.
c [Main] Min width UNSAT is set to 14
c [Main] All children have completed.
r [Main] 
r [Main] Final results: 
r [Main] Max width SAT:  	13.
r [Main] Min width UNSAT:	14.
r [Main] Total real time: 8888 ms.
r [Main] Total memory consumed: 22 MB.
r [Main] 
c [Signal] Signal interruption. Caught signal: SIGTERM (15).
