c [Version] Cyclic Bandwidth Encoder version 1.0.0.
c [Param] Real time limit is set to 1800.
c [Param] Memory limit is set to 30000.
c [Param] Worker count is set to 1.
c [Main] Encoding and solving for graph: double_star_100_30.txt.
c [Main] Search strategy: Iterating from lower bound.
c [Main] Lower bound is set to 15.
c [Main] No predefined upper bound is found for double_star_100_30.txt.
c [Main] UB-w = 66 (default value calculated as n/2+1).
c [Main] Search order: 15 16 17 18 19 20 21 22 23 24 25 26 27 28 29 30 31 32 33 34 35 36 37 38 39 40 41 42 43 44 45 46 47 48 49 50 51 52 53 54 55 56 57 58 59 60 61 62 63 64 65 66.
c [w = 15] Start task in PID: 49817.
c [w = 15] Antibandwidth problem with w = 15 (double_star_100_30.txt):
c [w = 15] Initializing CaDiCaL (version 2.1.3).
c [w = 15] Configuring CaDiCaL as --sat (1).
c [w = 15] Encoding starts with w = 15:
c [w = 15] Symmetry breaking highest degree node is applied.
c [w = 15] Encoding duration: 94 ms.
c [w = 15] Number of clauses: 239162.
c [w = 15] Number of variables: 53300.
c [w = 15] SAT Solving starts:
c [w = 15] Solving duration: 44134 ms.
c [w = 15] Answer:
s [w = 15] SAT (w = 15).
c [w = 15] Solution check = 15.
c [w = 15] The solution is correct.
c [w = 15] Result: 10.
c [Main] Max width SAT is set to 15.
c [w = 16] Start task in PID: 49828.
c [w = 16] Antibandwidth problem with w = 16 (double_star_100_30.txt):
c [w = 16] Initializing CaDiCaL (version 2.1.3).
c [w = 16] Configuring CaDiCaL as --sat (1).
c [w = 16] Encoding starts with w = 16:
c [w = 16] Symmetry breaking highest degree node is applied.
c [w = 16] Encoding duration: 98 ms.
c [w = 16] Number of clauses: 242802.
c [w = 16] Number of variables: 54470.
c [w = 16] SAT Solving starts:
c [Signal] Signal interruption. Caught signal: SIGTERM (15).
c [Main] Lim pid ends with result: 254.
c [Main] All children have completed.
r [Main] 
r [Main] Final results: 
r [Main] Max width SAT:  	15.
r [Main] Min width UNSAT:	-.
r [Main] Total real time: 1805896 ms.
r [Main] Total memory consumed: 820.4 MB.
r [Main] 
