c [Version] Cyclic Bandwidth Encoder version 1.0.0.
c [Param] Real time limit is set to 1800.
c [Param] Memory limit is set to 30000.
c [Param] Worker count is set to 1.
c [Main] Encoding and solving for graph: double_star_15_12.txt.
c [Main] Search strategy: Iterating from lower bound.
c [Main] Lower bound is set to 6.
c [Main] No predefined upper bound is found for double_star_15_12.txt.
c [Main] UB-w = 14 (default value calculated as n/2+1).
c [Main] Search order: 6 7 8 9 10 11 12 13 14.
c [w = 6] Start task in PID: 2807.
c [w = 6] Antibandwidth problem with w = 6 (double_star_15_12.txt):
c [w = 6] Initializing CaDiCaL (version 2.1.3).
c [w = 6] Configuring CaDiCaL as --sat (1).
c [w = 6] Encoding starts with w = 6:
c [w = 6] Symmetry breaking highest degree node is applied.
c [w = 6] Encoding duration: 4 ms.
c [w = 6] Number of clauses: 9856.
c [w = 6] Number of variables: 2349.
c [w = 6] SAT Solving starts:
c [w = 6] Solving duration: 31 ms.
c [w = 6] Answer:
s [w = 6] SAT (w = 6).
c [w = 6] Solution check = 6.
c [w = 6] The solution is correct.
c [w = 6] Result: 10.
c [Main] Max width SAT is set to 6.
c [w = 7] Start task in PID: 2808.
c [w = 7] Antibandwidth problem with w = 7 (double_star_15_12.txt):
c [w = 7] Initializing CaDiCaL (version 2.1.3).
c [w = 7] Configuring CaDiCaL as --sat (1).
c [w = 7] Encoding starts with w = 7:
c [w = 7] Symmetry breaking highest degree node is applied.
c [w = 7] Encoding duration: 4 ms.
c [w = 7] Number of clauses: 9907.
c [w = 7] Number of variables: 2376.
c [w = 7] SAT Solving starts:
c [w = 7] Solving duration: 808394 ms.
c [w = 7] Answer:
s [w = 7] UNSAT (w = 7).
c [w = 7] Result: 20.
c [Main] Min width UNSAT is set to 7
c [Main] All children have completed.
r [Main] 
r [Main] Final results: 
r [Main] Max width SAT:  	6.
r [Main] Min width UNSAT:	7.
r [Main] Total real time: 808440 ms.
r [Main] Total memory consumed: 73.6 MB.
r [Main] 
c [Signal] Signal interruption. Caught signal: SIGTERM (15).
