c Cyclic Bandwidth Encoder version 1.0.0.
c Real time limit is set to 1800.
c Memory limit is set to 30000.
c Encoding and solving for graph: O-impcol_d.mtx.rnd
c Search strategy: from lower bound.
c Encoding and solving from lower bound.
c [w = 46] Start task in PID: 439388.
c [w = 46] Antibandwidth problem with w = 46 (O-impcol_d.mtx.rnd):
c [w = 46] Initializing CaDiCaL (version 2.1.3).
c [w = 46] Configuring CaDiCaL as --sat (1).
c [w = 46] Encoding starts with w = 46:
c [w = 46] Encoding duration: 1679ms
c [w = 46] Number of clauses: 4019465
c [w = 46] Number of variables: 578000
c [w = 46] SAT Solving starts:
c [w = 46] Solving duration: 619 ms
c [w = 46] Answer: 
s [w = 46] SAT (w = 46)
c [w = 46] Solution check = 46.
c [w = 46] The solution is correct.
c [w = 46] Result: 10
c Search strategy: from lower bound.
c Encoding and solving from lower bound.
c [w = 47] Start task in PID: 439416.
c [w = 47] Antibandwidth problem with w = 47 (O-impcol_d.mtx.rnd):
c [w = 47] Initializing CaDiCaL (version 2.1.3).
c [w = 47] Configuring CaDiCaL as --sat (1).
c [w = 47] Encoding starts with w = 47:
c [w = 47] Encoding duration: 1625ms
c [w = 47] Number of clauses: 4032640
c [w = 47] Number of variables: 582250
c [w = 47] SAT Solving starts:
c [w = 47] Solving duration: 649 ms
c [w = 47] Answer: 
s [w = 47] SAT (w = 47)
c [w = 47] Solution check = 47.
c [w = 47] The solution is correct.
c [w = 47] Result: 10
c Search strategy: from lower bound.
c Encoding and solving from lower bound.
c [w = 48] Start task in PID: 439417.
c [w = 48] Antibandwidth problem with w = 48 (O-impcol_d.mtx.rnd):
c [w = 48] Initializing CaDiCaL (version 2.1.3).
c [w = 48] Configuring CaDiCaL as --sat (1).
c [w = 48] Encoding starts with w = 48:
c [w = 48] Encoding duration: 1646ms
c [w = 48] Number of clauses: 3987991
c [w = 48] Number of variables: 567375
c [w = 48] SAT Solving starts:
c [w = 48] Solving duration: 600 ms
c [w = 48] Answer: 
s [w = 48] SAT (w = 48)
c [w = 48] Solution check = 48.
c [w = 48] The solution is correct.
c [w = 48] Result: 10
c Search strategy: from lower bound.
c Encoding and solving from lower bound.
c [w = 49] Start task in PID: 439445.
c [w = 49] Antibandwidth problem with w = 49 (O-impcol_d.mtx.rnd):
c [w = 49] Initializing CaDiCaL (version 2.1.3).
c [w = 49] Configuring CaDiCaL as --sat (1).
c [w = 49] Encoding starts with w = 49:
c [w = 49] Encoding duration: 1680ms
c [w = 49] Number of clauses: 3999891
c [w = 49] Number of variables: 571200
c [w = 49] SAT Solving starts:
c [w = 49] Solving duration: 619 ms
c [w = 49] Answer: 
s [w = 49] SAT (w = 49)
c [w = 49] Solution check = 49.
c [w = 49] The solution is correct.
c [w = 49] Result: 10
c Search strategy: from lower bound.
c Encoding and solving from lower bound.
c [w = 50] Start task in PID: 439459.
c [w = 50] Antibandwidth problem with w = 50 (O-impcol_d.mtx.rnd):
c [w = 50] Initializing CaDiCaL (version 2.1.3).
c [w = 50] Configuring CaDiCaL as --sat (1).
c [w = 50] Encoding starts with w = 50:
c [w = 50] Encoding duration: 1670ms
c [w = 50] Number of clauses: 4011791
c [w = 50] Number of variables: 575025
c [w = 50] SAT Solving starts:
c [w = 50] Solving duration: 612 ms
c [w = 50] Answer: 
s [w = 50] SAT (w = 50)
c [w = 50] Solution check = 50.
c [w = 50] The solution is correct.
c [w = 50] Result: 10
c Search strategy: from lower bound.
c Encoding and solving from lower bound.
c [w = 51] Start task in PID: 439473.
c [w = 51] Antibandwidth problem with w = 51 (O-impcol_d.mtx.rnd):
c [w = 51] Initializing CaDiCaL (version 2.1.3).
c [w = 51] Configuring CaDiCaL as --sat (1).
c [w = 51] Encoding starts with w = 51:
c [w = 51] Encoding duration: 1624ms
c [w = 51] Number of clauses: 4023691
c [w = 51] Number of variables: 578850
c [w = 51] SAT Solving starts:
c [w = 51] Solving duration: 648 ms
c [w = 51] Answer: 
s [w = 51] SAT (w = 51)
c [w = 51] Solution check = 51.
c [w = 51] The solution is correct.
c [w = 51] Result: 10
c Search strategy: from lower bound.
c Encoding and solving from lower bound.
c [w = 52] Start task in PID: 439498.
c [w = 52] Antibandwidth problem with w = 52 (O-impcol_d.mtx.rnd):
c [w = 52] Initializing CaDiCaL (version 2.1.3).
c [w = 52] Configuring CaDiCaL as --sat (1).
c [w = 52] Encoding starts with w = 52:
c [w = 52] Encoding duration: 1689ms
c [w = 52] Number of clauses: 4035591
c [w = 52] Number of variables: 582675
c [w = 52] SAT Solving starts:
c [w = 52] Solving duration: 21347 ms
c [w = 52] Answer: 
s [w = 52] SAT (w = 52)
c [w = 52] Solution check = 52.
c [w = 52] The solution is correct.
c [w = 52] Result: 10
c Search strategy: from lower bound.
c Encoding and solving from lower bound.
c [w = 53] Start task in PID: 439526.
c [w = 53] Antibandwidth problem with w = 53 (O-impcol_d.mtx.rnd):
c [w = 53] Initializing CaDiCaL (version 2.1.3).
c [w = 53] Configuring CaDiCaL as --sat (1).
c [w = 53] Encoding starts with w = 53:
c [w = 53] Encoding duration: 1602ms
c [w = 53] Number of clauses: 3982891
c [w = 53] Number of variables: 565250
c [w = 53] SAT Solving starts:
c [w = 53] Solving duration: 621 ms
c [w = 53] Answer: 
s [w = 53] SAT (w = 53)
c [w = 53] Solution check = 53.
c [w = 53] The solution is correct.
c [w = 53] Result: 10
c Search strategy: from lower bound.
c Encoding and solving from lower bound.
c [w = 54] Start task in PID: 439554.
c [w = 54] Antibandwidth problem with w = 54 (O-impcol_d.mtx.rnd):
c [w = 54] Initializing CaDiCaL (version 2.1.3).
c [w = 54] Configuring CaDiCaL as --sat (1).
c [w = 54] Encoding starts with w = 54:
c [w = 54] Encoding duration: 1665ms
c [w = 54] Number of clauses: 3994342
c [w = 54] Number of variables: 568650
c [w = 54] SAT Solving starts:
c [w = 54] Solving duration: 595 ms
c [w = 54] Answer: 
s [w = 54] SAT (w = 54)
c [w = 54] Solution check = 54.
c [w = 54] The solution is correct.
c [w = 54] Result: 10
c Search strategy: from lower bound.
c Encoding and solving from lower bound.
c [w = 55] Start task in PID: 439555.
c [w = 55] Antibandwidth problem with w = 55 (O-impcol_d.mtx.rnd):
c [w = 55] Initializing CaDiCaL (version 2.1.3).
c [w = 55] Configuring CaDiCaL as --sat (1).
c [w = 55] Encoding starts with w = 55:
c [w = 55] Encoding duration: 1606ms
c [w = 55] Number of clauses: 4004967
c [w = 55] Number of variables: 572050
c [w = 55] SAT Solving starts:
c [w = 55] Solving duration: 638 ms
c [w = 55] Answer: 
s [w = 55] SAT (w = 55)
c [w = 55] Solution check = 55.
c [w = 55] The solution is correct.
c [w = 55] Result: 10
c Search strategy: from lower bound.
c Encoding and solving from lower bound.
c [w = 56] Start task in PID: 439581.
c [w = 56] Antibandwidth problem with w = 56 (O-impcol_d.mtx.rnd):
c [w = 56] Initializing CaDiCaL (version 2.1.3).
c [w = 56] Configuring CaDiCaL as --sat (1).
c [w = 56] Encoding starts with w = 56:
c [w = 56] Encoding duration: 1664ms
c [w = 56] Number of clauses: 4015592
c [w = 56] Number of variables: 575450
c [w = 56] SAT Solving starts:
c [w = 56] Solving duration: 35842 ms
c [w = 56] Answer: 
s [w = 56] SAT (w = 56)
c [w = 56] Solution check = 56.
c [w = 56] The solution is correct.
c [w = 56] Result: 10
c Search strategy: from lower bound.
c Encoding and solving from lower bound.
c [w = 57] Start task in PID: 439638.
c [w = 57] Antibandwidth problem with w = 57 (O-impcol_d.mtx.rnd):
c [w = 57] Initializing CaDiCaL (version 2.1.3).
c [w = 57] Configuring CaDiCaL as --sat (1).
c [w = 57] Encoding starts with w = 57:
c [w = 57] Encoding duration: 1677ms
c [w = 57] Number of clauses: 4026217
c [w = 57] Number of variables: 578850
c [w = 57] SAT Solving starts:
c [w = 57] Solving duration: 2647 ms
c [w = 57] Answer: 
s [w = 57] SAT (w = 57)
c [w = 57] Solution check = 57.
c [w = 57] The solution is correct.
c [w = 57] Result: 10
c Search strategy: from lower bound.
c Encoding and solving from lower bound.
c [w = 58] Start task in PID: 439663.
c [w = 58] Antibandwidth problem with w = 58 (O-impcol_d.mtx.rnd):
c [w = 58] Initializing CaDiCaL (version 2.1.3).
c [w = 58] Configuring CaDiCaL as --sat (1).
c [w = 58] Encoding starts with w = 58:
c [w = 58] Encoding duration: 1709ms
c [w = 58] Number of clauses: 4036842
c [w = 58] Number of variables: 582250
c [w = 58] SAT Solving starts:
c [w = 58] Solving duration: 1112 ms
c [w = 58] Answer: 
s [w = 58] SAT (w = 58)
c [w = 58] Solution check = 58.
c [w = 58] The solution is correct.
c [w = 58] Result: 10
c Search strategy: from lower bound.
c Encoding and solving from lower bound.
c [w = 59] Start task in PID: 439691.
c [w = 59] Antibandwidth problem with w = 59 (O-impcol_d.mtx.rnd):
c [w = 59] Initializing CaDiCaL (version 2.1.3).
c [w = 59] Configuring CaDiCaL as --sat (1).
c [w = 59] Encoding starts with w = 59:
c [w = 59] Encoding duration: 1670ms
c [w = 59] Number of clauses: 4047467
c [w = 59] Number of variables: 585650
c [w = 59] SAT Solving starts:
c [w = 59] Solving duration: 67496 ms
c [w = 59] Answer: 
s [w = 59] SAT (w = 59)
c [w = 59] Solution check = 59.
c [w = 59] The solution is correct.
c [w = 59] Result: 10
c Search strategy: from lower bound.
c Encoding and solving from lower bound.
c [w = 60] Start task in PID: 439721.
c [w = 60] Antibandwidth problem with w = 60 (O-impcol_d.mtx.rnd):
c [w = 60] Initializing CaDiCaL (version 2.1.3).
c [w = 60] Configuring CaDiCaL as --sat (1).
c [w = 60] Encoding starts with w = 60:
c [w = 60] Encoding duration: 1708ms
c [w = 60] Number of clauses: 4058092
c [w = 60] Number of variables: 589050
c [w = 60] SAT Solving starts:
c [w = 60] Solving duration: 33231 ms
c [w = 60] Answer: 
s [w = 60] SAT (w = 60)
c [w = 60] Solution check = 60.
c [w = 60] The solution is correct.
c [w = 60] Result: 10
c Search strategy: from lower bound.
c Encoding and solving from lower bound.
c [w = 61] Start task in PID: 439772.
c [w = 61] Antibandwidth problem with w = 61 (O-impcol_d.mtx.rnd):
c [w = 61] Initializing CaDiCaL (version 2.1.3).
c [w = 61] Configuring CaDiCaL as --sat (1).
c [w = 61] Encoding starts with w = 61:
c [w = 61] Encoding duration: 1686ms
c [w = 61] Number of clauses: 3995168
c [w = 61] Number of variables: 567800
c [w = 61] SAT Solving starts:
c [w = 61] Solving duration: 2829 ms
c [w = 61] Answer: 
s [w = 61] SAT (w = 61)
c [w = 61] Solution check = 61.
c [w = 61] The solution is correct.
c [w = 61] Result: 10
c Search strategy: from lower bound.
c Encoding and solving from lower bound.
c [w = 62] Start task in PID: 439799.
c [w = 62] Antibandwidth problem with w = 62 (O-impcol_d.mtx.rnd):
c [w = 62] Initializing CaDiCaL (version 2.1.3).
c [w = 62] Configuring CaDiCaL as --sat (1).
c [w = 62] Encoding starts with w = 62:
c [w = 62] Encoding duration: 1665ms
c [w = 62] Number of clauses: 4004518
c [w = 62] Number of variables: 570775
c [w = 62] SAT Solving starts:
c [w = 62] Solving duration: 19526 ms
c [w = 62] Answer: 
s [w = 62] SAT (w = 62)
c [w = 62] Solution check = 62.
c [w = 62] The solution is correct.
c [w = 62] Result: 10
c Search strategy: from lower bound.
c Encoding and solving from lower bound.
c [w = 63] Start task in PID: 439850.
c [w = 63] Antibandwidth problem with w = 63 (O-impcol_d.mtx.rnd):
c [w = 63] Initializing CaDiCaL (version 2.1.3).
c [w = 63] Configuring CaDiCaL as --sat (1).
c [w = 63] Encoding starts with w = 63:
c [w = 63] Encoding duration: 1642ms
c [w = 63] Number of clauses: 4013868
c [w = 63] Number of variables: 573750
c [w = 63] SAT Solving starts:
c [w = 63] Solving duration: 8061 ms
c [w = 63] Answer: 
s [w = 63] SAT (w = 63)
c [w = 63] Solution check = 63.
c [w = 63] The solution is correct.
c [w = 63] Result: 10
c Search strategy: from lower bound.
c Encoding and solving from lower bound.
c [w = 64] Start task in PID: 439899.
c [w = 64] Antibandwidth problem with w = 64 (O-impcol_d.mtx.rnd):
c [w = 64] Initializing CaDiCaL (version 2.1.3).
c [w = 64] Configuring CaDiCaL as --sat (1).
c [w = 64] Encoding starts with w = 64:
c [w = 64] Encoding duration: 1689ms
c [w = 64] Number of clauses: 4023218
c [w = 64] Number of variables: 576725
c [w = 64] SAT Solving starts:
c [w = 64] Solving duration: 39915 ms
c [w = 64] Answer: 
s [w = 64] SAT (w = 64)
c [w = 64] Solution check = 64.
c [w = 64] The solution is correct.
c [w = 64] Result: 10
c Search strategy: from lower bound.
c Encoding and solving from lower bound.
c [w = 65] Start task in PID: 439955.
c [w = 65] Antibandwidth problem with w = 65 (O-impcol_d.mtx.rnd):
c [w = 65] Initializing CaDiCaL (version 2.1.3).
c [w = 65] Configuring CaDiCaL as --sat (1).
c [w = 65] Encoding starts with w = 65:
c [w = 65] Encoding duration: 1685ms
c [w = 65] Number of clauses: 4032568
c [w = 65] Number of variables: 579700
c [w = 65] SAT Solving starts:
c [w = 65] Solving duration: 2473 ms
c [w = 65] Answer: 
s [w = 65] SAT (w = 65)
c [w = 65] Solution check = 65.
c [w = 65] The solution is correct.
c [w = 65] Result: 10
c Search strategy: from lower bound.
c Encoding and solving from lower bound.
c [w = 66] Start task in PID: 439980.
c [w = 66] Antibandwidth problem with w = 66 (O-impcol_d.mtx.rnd):
c [w = 66] Initializing CaDiCaL (version 2.1.3).
c [w = 66] Configuring CaDiCaL as --sat (1).
c [w = 66] Encoding starts with w = 66:
c [w = 66] Encoding duration: 1710ms
c [w = 66] Number of clauses: 4041918
c [w = 66] Number of variables: 582675
c [w = 66] SAT Solving starts:
c [w = 66] Solving duration: 19984 ms
c [w = 66] Answer: 
s [w = 66] SAT (w = 66)
c [w = 66] Solution check = 66.
c [w = 66] The solution is correct.
c [w = 66] Result: 10
c Search strategy: from lower bound.
c Encoding and solving from lower bound.
c [w = 67] Start task in PID: 440029.
c [w = 67] Antibandwidth problem with w = 67 (O-impcol_d.mtx.rnd):
c [w = 67] Initializing CaDiCaL (version 2.1.3).
c [w = 67] Configuring CaDiCaL as --sat (1).
c [w = 67] Encoding starts with w = 67:
c [w = 67] Encoding duration: 1719ms
c [w = 67] Number of clauses: 4051268
c [w = 67] Number of variables: 585650
c [w = 67] SAT Solving starts:
c [w = 67] Solving duration: 1095 ms
c [w = 67] Answer: 
s [w = 67] SAT (w = 67)
c [w = 67] Solution check = 67.
c [w = 67] The solution is correct.
c [w = 67] Result: 10
c Search strategy: from lower bound.
c Encoding and solving from lower bound.
c [w = 68] Start task in PID: 440054.
c [w = 68] Antibandwidth problem with w = 68 (O-impcol_d.mtx.rnd):
c [w = 68] Initializing CaDiCaL (version 2.1.3).
c [w = 68] Configuring CaDiCaL as --sat (1).
c [w = 68] Encoding starts with w = 68:
c [w = 68] Encoding duration: 1715ms
c [w = 68] Number of clauses: 4060618
c [w = 68] Number of variables: 588625
c [w = 68] SAT Solving starts:
c [w = 68] Solving duration: 19626 ms
c [w = 68] Answer: 
s [w = 68] SAT (w = 68)
c [w = 68] Solution check = 68.
c [w = 68] The solution is correct.
c [w = 68] Result: 10
c Search strategy: from lower bound.
c Encoding and solving from lower bound.
c [w = 69] Start task in PID: 440780.
c [w = 69] Antibandwidth problem with w = 69 (O-impcol_d.mtx.rnd):
c [w = 69] Initializing CaDiCaL (version 2.1.3).
c [w = 69] Configuring CaDiCaL as --sat (1).
c [w = 69] Encoding starts with w = 69:
c [w = 69] Encoding duration: 1639ms
c [w = 69] Number of clauses: 4069968
c [w = 69] Number of variables: 591600
c [w = 69] SAT Solving starts:
c [w = 69] Solving duration: 3665 ms
c [w = 69] Answer: 
s [w = 69] SAT (w = 69)
c [w = 69] Solution check = 69.
c [w = 69] The solution is correct.
c [w = 69] Result: 10
c Search strategy: from lower bound.
c Encoding and solving from lower bound.
c [w = 70] Start task in PID: 440783.
c [w = 70] Antibandwidth problem with w = 70 (O-impcol_d.mtx.rnd):
c [w = 70] Initializing CaDiCaL (version 2.1.3).
c [w = 70] Configuring CaDiCaL as --sat (1).
c [w = 70] Encoding starts with w = 70:
c [w = 70] Encoding duration: 1718ms
c [w = 70] Number of clauses: 4079318
c [w = 70] Number of variables: 594575
c [w = 70] SAT Solving starts:
c [w = 70] Solving duration: 3686 ms
c [w = 70] Answer: 
s [w = 70] SAT (w = 70)
c [w = 70] Solution check = 70.
c [w = 70] The solution is correct.
c [w = 70] Result: 10
c Search strategy: from lower bound.
c Encoding and solving from lower bound.
c [w = 71] Start task in PID: 440784.
c [w = 71] Antibandwidth problem with w = 71 (O-impcol_d.mtx.rnd):
c [w = 71] Initializing CaDiCaL (version 2.1.3).
c [w = 71] Configuring CaDiCaL as --sat (1).
c [w = 71] Encoding starts with w = 71:
c [w = 71] Encoding duration: 1643ms
c [w = 71] Number of clauses: 4002794
c [w = 71] Number of variables: 568650
c [w = 71] SAT Solving starts:
c [w = 71] Solving duration: 21486 ms
c [w = 71] Answer: 
s [w = 71] SAT (w = 71)
c [w = 71] Solution check = 71.
c [w = 71] The solution is correct.
c [w = 71] Result: 10
c Search strategy: from lower bound.
c Encoding and solving from lower bound.
c [w = 72] Start task in PID: 440787.
c [w = 72] Antibandwidth problem with w = 72 (O-impcol_d.mtx.rnd):
c [w = 72] Initializing CaDiCaL (version 2.1.3).
c [w = 72] Configuring CaDiCaL as --sat (1).
c [w = 72] Encoding starts with w = 72:
c [w = 72] Encoding duration: 1695ms
c [w = 72] Number of clauses: 4010869
c [w = 72] Number of variables: 571200
c [w = 72] SAT Solving starts:
c [w = 72] Solving duration: 42724 ms
c [w = 72] Answer: 
s [w = 72] SAT (w = 72)
c [w = 72] Solution check = 72.
c [w = 72] The solution is correct.
c [w = 72] Result: 10
c Search strategy: from lower bound.
c Encoding and solving from lower bound.
c [w = 73] Start task in PID: 440798.
c [w = 73] Antibandwidth problem with w = 73 (O-impcol_d.mtx.rnd):
c [w = 73] Initializing CaDiCaL (version 2.1.3).
c [w = 73] Configuring CaDiCaL as --sat (1).
c [w = 73] Encoding starts with w = 73:
c [w = 73] Encoding duration: 1632ms
c [w = 73] Number of clauses: 4018944
c [w = 73] Number of variables: 573750
c [w = 73] SAT Solving starts:
c [w = 73] Solving duration: 29604 ms
c [w = 73] Answer: 
s [w = 73] SAT (w = 73)
c [w = 73] Solution check = 73.
c [w = 73] The solution is correct.
c [w = 73] Result: 10
c Search strategy: from lower bound.
c Encoding and solving from lower bound.
c [w = 74] Start task in PID: 440800.
c [w = 74] Antibandwidth problem with w = 74 (O-impcol_d.mtx.rnd):
c [w = 74] Initializing CaDiCaL (version 2.1.3).
c [w = 74] Configuring CaDiCaL as --sat (1).
c [w = 74] Encoding starts with w = 74:
c [w = 74] Encoding duration: 1673ms
c [w = 74] Number of clauses: 4027019
c [w = 74] Number of variables: 576300
c [w = 74] SAT Solving starts:
c [w = 74] Solving duration: 3782 ms
c [w = 74] Answer: 
s [w = 74] SAT (w = 74)
c [w = 74] Solution check = 74.
c [w = 74] The solution is correct.
c [w = 74] Result: 10
c Search strategy: from lower bound.
c Encoding and solving from lower bound.
c [w = 75] Start task in PID: 440801.
c [w = 75] Antibandwidth problem with w = 75 (O-impcol_d.mtx.rnd):
c [w = 75] Initializing CaDiCaL (version 2.1.3).
c [w = 75] Configuring CaDiCaL as --sat (1).
c [w = 75] Encoding starts with w = 75:
c [w = 75] Encoding duration: 1650ms
c [w = 75] Number of clauses: 4035094
c [w = 75] Number of variables: 578850
c [w = 75] SAT Solving starts:
c [w = 75] Solving duration: 73660 ms
c [w = 75] Answer: 
s [w = 75] SAT (w = 75)
c [w = 75] Solution check = 75.
c [w = 75] The solution is correct.
c [w = 75] Result: 10
c Search strategy: from lower bound.
c Encoding and solving from lower bound.
c [w = 76] Start task in PID: 440805.
c [w = 76] Antibandwidth problem with w = 76 (O-impcol_d.mtx.rnd):
c [w = 76] Initializing CaDiCaL (version 2.1.3).
c [w = 76] Configuring CaDiCaL as --sat (1).
c [w = 76] Encoding starts with w = 76:
c [w = 76] Encoding duration: 1746ms
c [w = 76] Number of clauses: 4043169
c [w = 76] Number of variables: 581400
c Search strategy: from lower bound.
c Encoding and solving from lower bound.
c [Lim] Sampler:	Memory: 678.2 MB	Real time: 10s	Elapsed time: 10s
c [Lim] Sampler:	Memory: 826.4 MB	Real time: 20s	Elapsed time: 20s
c [Lim] Sampler:	Memory: 998.5 MB	Real time: 30.0001s	Elapsed time: 30.0001s
c [Lim] Sampler:	Memory: 1052.2 MB	Real time: 40s	Elapsed time: 40s
c [Lim] Sampler:	Memory: 505.4 MB	Real time: 49.9998s	Elapsed time: 49.9998s
c [Lim] Sampler:	Memory: 1105.6 MB	Real time: 59.9997s	Elapsed time: 59.9997s
c [Lim] Sampler:	Memory: 995.7 MB	Real time: 69.9995s	Elapsed time: 69.9995s
c [Lim] Sampler:	Memory: 1026.7 MB	Real time: 79.9994s	Elapsed time: 79.9994s
c [Lim] Sampler:	Memory: 825.8 MB	Real time: 89.9992s	Elapsed time: 89.9992s
c [Lim] Sampler:	Memory: 956 MB	Real time: 99.999s	Elapsed time: 99.999s
c [Lim] Sampler:	Memory: 1002.6 MB	Real time: 109.999s	Elapsed time: 109.999s
c [Lim] Sampler:	Memory: 1044.6 MB	Real time: 119.999s	Elapsed time: 119.999s
c [Lim] Sampler:	Memory: 943.1 MB	Real time: 129.999s	Elapsed time: 129.999s
c [Lim] Sampler:	Memory: 1019.3 MB	Real time: 139.999s	Elapsed time: 139.999s
c [Lim] Sampler:	Memory: 1033.3 MB	Real time: 150s	Elapsed time: 150s
c [Lim] Sampler:	Memory: 1042.5 MB	Real time: 160.001s	Elapsed time: 160.001s
c [Lim] Sampler:	Memory: 959.5 MB	Real time: 170.001s	Elapsed time: 170.001s
c [Lim] Sampler:	Memory: 1007.5 MB	Real time: 180.002s	Elapsed time: 180.002s
c [Lim] Sampler:	Memory: 1010.4 MB	Real time: 190.002s	Elapsed time: 190.002s
c [Lim] Sampler:	Memory: 760.8 MB	Real time: 200.003s	Elapsed time: 200.003s
c [Lim] Sampler:	Memory: 1072.3 MB	Real time: 210.004s	Elapsed time: 210.004s
c [Lim] Sampler:	Memory: 992.5 MB	Real time: 220.004s	Elapsed time: 220.004s
c [Lim] Sampler:	Memory: 864.7 MB	Real time: 230.005s	Elapsed time: 230.005s
c [Lim] Sampler:	Memory: 822.8 MB	Real time: 240.005s	Elapsed time: 240.005s
c [Lim] Sampler:	Memory: 995.7 MB	Real time: 250.006s	Elapsed time: 250.006s
c [Lim] Sampler:	Memory: 1016.8 MB	Real time: 260.007s	Elapsed time: 260.007s
c [Lim] Sampler:	Memory: 1153.2 MB	Real time: 270.007s	Elapsed time: 270.007s
c [Lim] Sampler:	Memory: 511.4 MB	Real time: 280.008s	Elapsed time: 280.008s
c [Lim] Sampler:	Memory: 964.7 MB	Real time: 290.008s	Elapsed time: 290.008s
c [Lim] Sampler:	Memory: 1002.9 MB	Real time: 300.009s	Elapsed time: 300.009s
c [Lim] Sampler:	Memory: 425.2 MB	Real time: 310.01s	Elapsed time: 310.01s
c [Lim] Sampler:	Memory: 1116 MB	Real time: 320.01s	Elapsed time: 320.01s
c [Lim] Sampler:	Memory: 1014.9 MB	Real time: 330.011s	Elapsed time: 330.011s
c [Lim] Sampler:	Memory: 831.4 MB	Real time: 340.012s	Elapsed time: 340.012s
c [Lim] Sampler:	Memory: 953.5 MB	Real time: 350.012s	Elapsed time: 350.012s
c [Lim] Sampler:	Memory: 991.1 MB	Real time: 360.013s	Elapsed time: 360.013s
c [Lim] Sampler:	Memory: 914 MB	Real time: 370.013s	Elapsed time: 370.013s
c [Lim] Sampler:	Memory: 995 MB	Real time: 380.014s	Elapsed time: 380.014s
c [Lim] Sampler:	Memory: 949.2 MB	Real time: 390.015s	Elapsed time: 390.015s
c [Lim] Sampler:	Memory: 1135.9 MB	Real time: 400.015s	Elapsed time: 400.015s
c [Lim] Sampler:	Memory: 1134.7 MB	Real time: 410.016s	Elapsed time: 410.016s
c [Lim] Sampler:	Memory: 968.1 MB	Real time: 420.016s	Elapsed time: 420.016s
c [Lim] Sampler:	Memory: 952.1 MB	Real time: 430.017s	Elapsed time: 430.017s
c [Lim] Sampler:	Memory: 1015.3 MB	Real time: 440.018s	Elapsed time: 440.018s
c [Lim] Sampler:	Memory: 699.8 MB	Real time: 450.018s	Elapsed time: 450.018s
c [Lim] Sampler:	Memory: 1109.8 MB	Real time: 460.019s	Elapsed time: 460.019s
c [Lim] Sampler:	Memory: 999.7 MB	Real time: 470.019s	Elapsed time: 470.019s
c [Lim] Sampler:	Memory: 1017.7 MB	Real time: 480.02s	Elapsed time: 480.02s
c [Lim] Sampler:	Memory: 1151.1 MB	Real time: 490.021s	Elapsed time: 490.021s
c [Lim] Sampler:	Memory: 1023.8 MB	Real time: 500.021s	Elapsed time: 500.021s
c [Lim] Sampler:	Memory: 989.7 MB	Real time: 510.022s	Elapsed time: 510.022s
c [Lim] Sampler:	Memory: 1028.3 MB	Real time: 520.02s	Elapsed time: 520.02s
c [Lim] Sampler:	Memory: 956.5 MB	Real time: 5c [w = 76] SAT Solving starts:
c [w = 76] Solving duration: 43345 ms
c [w = 76] Answer: 
s [w = 76] SAT (w = 76)
c [w = 76] Solution check = 76.
c [w = 76] The solution is correct.
c [w = 76] Result: 10
c Search strategy: from lower bound.
c Encoding and solving from lower bound.
c [w = 77] Start task in PID: 440808.
c [w = 77] Antibandwidth problem with w = 77 (O-impcol_d.mtx.rnd):
c [w = 77] Initializing CaDiCaL (version 2.1.3).
c [w = 77] Configuring CaDiCaL as --sat (1).
c [w = 77] Encoding starts with w = 77:
c [w = 77] Encoding duration: 1700ms
c [w = 77] Number of clauses: 4051244
c [w = 77] Number of variables: 583950
c [w = 77] SAT Solving starts:
c [w = 77] Solving duration: 45660 ms
c [w = 77] Answer: 
s [w = 77] SAT (w = 77)
c [w = 77] Solution check = 77.
c [w = 77] The solution is correct.
c [w = 77] Result: 10
c Search strategy: from lower bound.
c Encoding and solving from lower bound.
c [w = 78] Start task in PID: 440811.
c [w = 78] Antibandwidth problem with w = 78 (O-impcol_d.mtx.rnd):
c [w = 78] Initializing CaDiCaL (version 2.1.3).
c [w = 78] Configuring CaDiCaL as --sat (1).
c [w = 78] Encoding starts with w = 78:
c [w = 78] Encoding duration: 1724ms
c [w = 78] Number of clauses: 4059319
c [w = 78] Number of variables: 586500
c [w = 78] SAT Solving starts:
c [w = 78] Solving duration: 44248 ms
c [w = 78] Answer: 
s [w = 78] SAT (w = 78)
c [w = 78] Solution check = 78.
c [w = 78] The solution is correct.
c [w = 78] Result: 10
c Search strategy: from lower bound.
c Encoding and solving from lower bound.
c [w = 79] Start task in PID: 440814.
c [w = 79] Antibandwidth problem with w = 79 (O-impcol_d.mtx.rnd):
c [w = 79] Initializing CaDiCaL (version 2.1.3).
c [w = 79] Configuring CaDiCaL as --sat (1).
c [w = 79] Encoding starts with w = 79:
c [w = 79] Encoding duration: 1717ms
c [w = 79] Number of clauses: 4067394
c [w = 79] Number of variables: 589050
c [w = 79] SAT Solving starts:
c [w = 79] Solving duration: 1278 ms
c [w = 79] Answer: 
s [w = 79] SAT (w = 79)
c [w = 79] Solution check = 79.
c [w = 79] The solution is correct.
c [w = 79] Result: 10
c Search strategy: from lower bound.
c Encoding and solving from lower bound.
c [w = 80] Start task in PID: 440815.
c [w = 80] Antibandwidth problem with w = 80 (O-impcol_d.mtx.rnd):
c [w = 80] Initializing CaDiCaL (version 2.1.3).
c [w = 80] Configuring CaDiCaL as --sat (1).
c [w = 80] Encoding starts with w = 80:
c [w = 80] Encoding duration: 1717ms
c [w = 80] Number of clauses: 4075469
c [w = 80] Number of variables: 591600
c [w = 80] SAT Solving starts:
c [w = 80] Solving duration: 103411 ms
c [w = 80] Answer: 
s [w = 80] SAT (w = 80)
c [w = 80] Solution check = 80.
c [w = 80] The solution is correct.
c [w = 80] Result: 10
c Search strategy: from lower bound.
c Encoding and solving from lower bound.
c [w = 81] Start task in PID: 440825.
c [w = 81] Antibandwidth problem with w = 81 (O-impcol_d.mtx.rnd):
c [w = 81] Initializing CaDiCaL (version 2.1.3).
c [w = 81] Configuring CaDiCaL as --sat (1).
c [w = 81] Encoding starts with w = 81:
c [w = 81] Encoding duration: 1701ms
c [w = 81] Number of clauses: 4083544
c [w = 81] Number of variables: 594150
c [w = 81] SAT Solving starts:
c [w = 81] Solving duration: 112656 ms
c [w = 81] Answer: 
s [w = 81] SAT (w = 81)
c [w = 81] Solution check = 81.
c [w = 81] The solution is correct.
c [w = 81] Result: 10
c Search strategy: from lower bound.
c Encoding and solving from lower bound.
c [w = 82] Start task in PID: 440832.
c [w = 82] Antibandwidth problem with w = 82 (O-impcol_d.mtx.rnd):
c [w = 82] Initializing CaDiCaL (version 2.1.3).
c [w = 82] Configuring CaDiCaL as --sat (1).
c [w = 82] Encoding starts with w = 82:
c [w = 82] Encoding duration: 1680ms
c [w = 82] Number of clauses: 4091619
c [w = 82] Number of variables: 596700
c [w = 82] SAT Solving starts:
c [w = 82] Solving duration: 76629 ms
c [w = 82] Answer: 
s [w = 82] SAT (w = 82)
c [w = 82] Solution check = 82.
c [w = 82] The solution is correct.
c [w = 82] Result: 10
c Search strategy: from lower bound.
c Encoding and solving from lower bound.
c [w = 83] Start task in PID: 441510.
c [w = 83] Antibandwidth problem with w = 83 (O-impcol_d.mtx.rnd):
c [w = 83] Initializing CaDiCaL (version 2.1.3).
c [w = 83] Configuring CaDiCaL as --sat (1).
c [w = 83] Encoding starts with w = 83:
c [w = 83] Encoding duration: 1692ms
c [w = 83] Number of clauses: 4099694
c [w = 83] Number of variables: 599250
c [w = 83] SAT Solving starts:
c [w = 83] Solving duration: 66563 ms
c [w = 83] Answer: 
s [w = 83] SAT (w = 83)
c [w = 83] Solution check = 83.
c [w = 83] The solution is correct.
c [w = 83] Result: 10
c Search strategy: from lower bound.
c Encoding and solving from lower bound.
c [w = 84] Start task in PID: 441521.
c [w = 84] Antibandwidth problem with w = 84 (O-impcol_d.mtx.rnd):
c [w = 84] Initializing CaDiCaL (version 2.1.3).
c [w = 84] Configuring CaDiCaL as --sat (1).
c [w = 84] Encoding starts with w = 84:
c [w = 84] Encoding duration: 1793ms
c [w = 84] Number of clauses: 4107769
c [w = 84] Number of variables: 601800
30.018s	Elapsed time: 530.018s
c [Lim] Sampler:	Memory: 1005.1 MB	Real time: 540.015s	Elapsed time: 540.015s
c [Lim] Sampler:	Memory: 1022.5 MB	Real time: 550.013s	Elapsed time: 550.013s
c [Lim] Sampler:	Memory: 1031.5 MB	Real time: 560.01s	Elapsed time: 560.01s
c [Lim] Sampler:	Memory: 109.2 MB	Real time: 570.008s	Elapsed time: 570.008s
c [Lim] Sampler:	Memory: 1004.4 MB	Real time: 580.005s	Elapsed time: 580.005s
c [Lim] Sampler:	Memory: 1001.5 MB	Real time: 590.003s	Elapsed time: 590.003s
c [Lim] Sampler:	Memory: 987.8 MB	Real time: 600.001s	Elapsed time: 600.001s
c [Lim] Sampler:	Memory: 975.5 MB	Real time: 609.998s	Elapsed time: 609.998s
c [Lim] Sampler:	Memory: 825.4 MB	Real time: 619.996s	Elapsed time: 619.996s
c [Lim] Sampler:	Memory: 1003.1 MB	Real time: 629.993s	Elapsed time: 629.993s
c [Lim] Sampler:	Memory: 1015.4 MB	Real time: 639.991s	Elapsed time: 639.991s
c [Lim] Sampler:	Memory: 1031.9 MB	Real time: 649.988s	Elapsed time: 649.988s
c [Lim] Sampler:	Memory: 1150.9 MB	Real time: 659.986s	Elapsed time: 659.986s
c [Lim] Sampler:	Memory: 829.4 MB	Real time: 669.983s	Elapsed time: 669.983s
c [Lim] Sampler:	Memory: 1118.7 MB	Real time: 679.981s	Elapsed time: 679.981s
c [Lim] Sampler:	Memory: 1033.8 MB	Real time: 689.979s	Elapsed time: 689.979s
c [Lim] Sampler:	Memory: 1036.7 MB	Real time: 699.976s	Elapsed time: 699.976s
c [Lim] Sampler:	Memory: 1006.9 MB	Real time: 709.974s	Elapsed time: 709.974s
c [Lim] Sampler:	Memory: 1036.5 MB	Real time: 719.971s	Elapsed time: 719.971s
c [Lim] Sampler:	Memory: 1051.1 MB	Real time: 729.969s	Elapsed time: 729.969s
c [Lim] Sampler:	Memory: 1051.1 MB	Real time: 739.966s	Elapsed time: 739.966s
c [Lim] Sampler:	Memory: 1014.7 MB	Real time: 749.964s	Elapsed time: 749.964s
c [Lim] Sampler:	Memory: 1069.3 MB	Real time: 759.961s	Elapsed time: 759.961s
c [Lim] Sampler:	Memory: 1038.3 MB	Real time: 769.959s	Elapsed time: 769.959s
c [Lim] Sampler:	Memory: 972 MB	Real time: 779.957s	Elapsed time: 779.957s
c [Lim] Sampler:	Memory: 1009 MB	Real time: 789.954s	Elapsed time: 789.954s
c [Lim] Sampler:	Memory: 995.8 MB	Real time: 799.952s	Elapsed time: 799.952s
c [Lim] Sampler:	Memory: 985 MB	Real time: 809.949s	Elapsed time: 809.949s
c [Lim] Sampler:	Memory: 1029.7 MB	Real time: 819.947s	Elapsed time: 819.947s
c [Lim] Sampler:	Memory: 1037.1 MB	Real time: 829.944s	Elapsed time: 829.944s
c [Lim] Sampler:	Memory: 1038.5 MB	Real time: 839.942s	Elapsed time: 839.942s
c [Lim] Sampler:	Memory: 1028.9 MB	Real time: 849.94s	Elapsed time: 849.94s
c [Lim] Sampler:	Memory: 1047.4 MB	Real time: 859.937s	Elapsed time: 859.937s
c [Lim] Sampler:	Memory: 1030.4 MB	Real time: 869.935s	Elapsed time: 869.935s
c [Lim] Sampler:	Memory: 1032.4 MB	Real time: 879.932s	Elapsed time: 879.932s
c [Lim] Sampler:	Memory: 832.9 MB	Real time: 889.93s	Elapsed time: 889.93s
c [Lim] Sampler:	Memory: 1122.7 MB	Real time: 899.927s	Elapsed time: 899.927s
c [Lim] Sampler:	Memory: 1002.6 MB	Real time: 909.925s	Elapsed time: 909.925s
c [Lim] Sampler:	Memory: 1036.8 MB	Real time: 919.922s	Elapsed time: 919.922s
c [Lim] Sampler:	Memory: 1040.5 MB	Real time: 929.92s	Elapsed time: 929.92s
c [Lim] Sampler:	Memory: 1167.7 MB	Real time: 939.918s	Elapsed time: 939.918s
c [Lim] Sampler:	Memory: 1049.9 MB	Real time: 949.915s	Elapsed time: 949.915s
c [Lim] Sampler:	Memory: 1049.9 MB	Real time: 959.913s	Elapsed time: 959.913s
c [Lim] Sampler:	Memory: 836.9 MB	Real time: 969.91s	Elapsed time: 969.91s
c [Lim] Sampler:	Memory: 1010.5 MB	Real time: 979.908s	Elapsed time: 979.908s
c [Lim] Sampler:	Memory: 1053.8 MB	Real time: 989.905s	Elapsed time: 989.905s
c [Lim] Sampler:	Memory: 1004.5 MB	Real time: 999.903s	Elapsed time: 999.903s
c [Lim] Sampler:	Memory: 1030.7 MB	Real time: 1009.9s	Elapsed time: 1009.9s
c [Lim] Sampler:	Memory: 1030.7 MB	Real time: 1019.9s	Elapsed time: 1019.9s
c [Lim] Sampler:	Memory: 1007.7 MB	Real time: 1029.9s	Elapsed time: 1029.9s
c [Lim] Sampler:	Memory: 969.6 MB	Real time: 1039.89s	Elapsed time: 1039.89s
c [Lim] Sampler:	Memory: 1016.2 MB	Real time: 1049.89s	Elapsed time: 1049.89s
c [Lim] Sampler:	Memory: 1053.2 MB	Real tic [w = 84] SAT Solving starts:
c [w = 84] Solving duration: 90211 ms
c [w = 84] Answer: 
s [w = 84] SAT (w = 84)
c [w = 84] Solution check = 84.
c [w = 84] The solution is correct.
c [w = 84] Result: 10
c Search strategy: from lower bound.
c Encoding and solving from lower bound.
c [w = 85] Start task in PID: 441528.
c [w = 85] Antibandwidth problem with w = 85 (O-impcol_d.mtx.rnd):
c [w = 85] Initializing CaDiCaL (version 2.1.3).
c [w = 85] Configuring CaDiCaL as --sat (1).
c [w = 85] Encoding starts with w = 85:
c [w = 85] Encoding duration: 1728ms
c [w = 85] Number of clauses: 4012545
c [w = 85] Number of variables: 569500
c [w = 85] SAT Solving starts:
c [w = 85] Solving duration: 118580 ms
c [w = 85] Answer: 
s [w = 85] SAT (w = 85)
c [w = 85] Solution check = 85.
c [w = 85] The solution is correct.
c [w = 85] Result: 10
c Search strategy: from lower bound.
c Encoding and solving from lower bound.
c [w = 86] Start task in PID: 441535.
c [w = 86] Antibandwidth problem with w = 86 (O-impcol_d.mtx.rnd):
c [w = 86] Initializing CaDiCaL (version 2.1.3).
c [w = 86] Configuring CaDiCaL as --sat (1).
c [w = 86] Encoding starts with w = 86:
c [w = 86] Encoding duration: 1710ms
c [w = 86] Number of clauses: 4019345
c [w = 86] Number of variables: 571625
c [w = 86] SAT Solving starts:
c [w = 86] Solving duration: 81887 ms
c [w = 86] Answer: 
s [w = 86] SAT (w = 86)
c [w = 86] Solution check = 86.
c [w = 86] The solution is correct.
c [w = 86] Result: 10
c Search strategy: from lower bound.
c Encoding and solving from lower bound.
c [w = 87] Start task in PID: 441544.
c [w = 87] Antibandwidth problem with w = 87 (O-impcol_d.mtx.rnd):
c [w = 87] Initializing CaDiCaL (version 2.1.3).
c [w = 87] Configuring CaDiCaL as --sat (1).
c [w = 87] Encoding starts with w = 87:
c [w = 87] Encoding duration: 1758ms
c [w = 87] Number of clauses: 4026145
c [w = 87] Number of variables: 573750
c [w = 87] SAT Solving starts:
c [w = 87] Solving duration: 140264 ms
c [w = 87] Answer: 
s [w = 87] SAT (w = 87)
c [w = 87] Solution check = 87.
c [w = 87] The solution is correct.
c [w = 87] Result: 10
c Search strategy: from lower bound.
c Encoding and solving from lower bound.
c [w = 88] Start task in PID: 441552.
c [w = 88] Antibandwidth problem with w = 88 (O-impcol_d.mtx.rnd):
c [w = 88] Initializing CaDiCaL (version 2.1.3).
c [w = 88] Configuring CaDiCaL as --sat (1).
c [w = 88] Encoding starts with w = 88:
c [w = 88] Encoding duration: 1720ms
c [w = 88] Number of clauses: 4032945
c [w = 88] Number of variables: 575875
c [w = 88] SAT Solving starts:
c [w = 88] Solving duration: 78330 ms
c [w = 88] Answer: 
s [w = 88] SAT (w = 88)
c [w = 88] Solution check = 88.
c [w = 88] The solution is correct.
c [w = 88] Result: 10
c Search strategy: from lower bound.
c Encoding and solving from lower bound.
c [w = 89] Start task in PID: 442229.
c [w = 89] Antibandwidth problem with w = 89 (O-impcol_d.mtx.rnd):
c [w = 89] Initializing CaDiCaL (version 2.1.3).
c [w = 89] Configuring CaDiCaL as --sat (1).
c [w = 89] Encoding starts with w = 89:
c [w = 89] Encoding duration: 1707ms
c [w = 89] Number of clauses: 4039745
c [w = 89] Number of variables: 578000
me: 1059.89s	Elapsed time: 1059.89s
c [Lim] Sampler:	Memory: 1007.9 MB	Real time: 1069.89s	Elapsed time: 1069.89s
c [Lim] Sampler:	Memory: 1160.4 MB	Real time: 1079.88s	Elapsed time: 1079.88s
c [Lim] Sampler:	Memory: 1047.2 MB	Real time: 1089.88s	Elapsed time: 1089.88s
c [Lim] Sampler:	Memory: 1047.4 MB	Real time: 1099.88s	Elapsed time: 1099.88s
c [Lim] Sampler:	Memory: 1009.8 MB	Real time: 1109.88s	Elapsed time: 1109.88s
c [Lim] Sampler:	Memory: 994.3 MB	Real time: 1119.87s	Elapsed time: 1119.87s
c [Lim] Sampler:	Memory: 816.8 MB	Real time: 1129.87s	Elapsed time: 1129.87s
c [Lim] Sampler:	Memory: 990.9 MB	Real time: 1139.87s	Elapsed time: 1139.87s
c [Lim] Sampler:	Memory: 997.5 MB	Real time: 1149.87s	Elapsed time: 1149.87s
c [Lim] Sampler:	Memory: 1017.2 MB	Real time: 1159.86s	Elapsed time: 1159.86s
c [Lim] Sampler:	Memory: 1017.1 MB	Real time: 1169.86s	Elapsed time: 1169.86s
c [Lim] Sampler:	Memory: 1021.5 MB	Real time: 1179.86s	Elapsed time: 1179.86s
c [Lim] Sampler:	Memory: 1018.3 MB	Real time: 1189.86s	Elapsed time: 1189.86s
c [Lim] Sampler:	Memory: 1015.1 MB	Real time: 1199.85s	Elapsed time: 1199.85s
c [Lim] Sampler:	Memory: 1017.3 MB	Real time: 1209.85s	Elapsed time: 1209.85s
c [Lim] Sampler:	Memory: 987.6 MB	Real time: 1219.85s	Elapsed time: 1219.85s
c [Lim] Sampler:	Memory: 1009.6 MB	Real time: 1229.85s	Elapsed time: 1229.85s
c [Lim] Sampler:	Memory: 1044 MB	Real time: 1239.84s	Elapsed time: 1239.84s
c [Lim] Sampler:	Memory: 816.7 MB	Real time: 1249.84s	Elapsed time: 1249.84s
c [Lim] Sampler:	Memory: 1108.1 MB	Real time: 1259.84s	Elapsed time: 1259.84s
c [Lim] Sampler:	Memory: 964.5 MB	Real time: 1269.84s	Elapsed time: 1269.84s
c [Lim] Sampler:	Memory: 1006.5 MB	Real time: 1279.83s	Elapsed time: 1279.83s
c [Lim] Sampler:	Memory: 1134.4 MB	Real time: 1289.83s	Elapsed time: 1289.83s
c [Lim] Sampler:	Memory: 959.5 MB	Real time: 1299.83s	Elapsed time: 1299.83s
c [Lim] Sampler:	Memory: 968.9 MB	Real time: 1309.83s	Elapsed time: 1309.83s
c [Lim] Sampler:	Memory: 1010.5 MB	Real time: 1319.82s	Elapsed time: 1319.82s
c [Lim] Sampler:	Memory: 958.6 MB	Real time: 1329.82s	Elapsed time: 1329.82s
c [Lim] Sampler:	Memory: 958.5 MB	Real time: 1339.82s	Elapsed time: 1339.82s
c [Lim] Sampler:	Memory: 997.6 MB	Real time: 1349.82s	Elapsed time: 1349.82s
c [Lim] Sampler:	Memory: 952.1 MB	Real time: 1359.82s	Elapsed time: 1359.82s
c [Lim] Sampler:	Memory: 1012.9 MB	Real time: 1369.81s	Elapsed time: 1369.81s
c [Lim] Sampler:	Memory: 1014.2 MB	Real time: 1379.81s	Elapsed time: 1379.81s
c [Lim] Sampler:	Memory: 965.2 MB	Real time: 1389.81s	Elapsed time: 1389.81s
c [Lim] Sampler:	Memory: 1022.7 MB	Real time: 1399.81s	Elapsed time: 1399.81s
c [Lim] Sampler:	Memory: 1009.9 MB	Real time: 1409.8s	Elapsed time: 1409.8s
c [Lim] Sampler:	Memory: 1020.8 MB	Real time: 1419.8s	Elapsed time: 1419.8s
c [Lim] Sampler:	Memory: 1004 MB	Real time: 1429.8s	Elapsed time: 1429.8s
c [Lim] Sampler:	Memory: 989.2 MB	Real time: 1439.8s	Elapsed time: 1439.8s
c [Lim] Sampler:	Memory: 997.1 MB	Real time: 1449.79s	Elapsed time: 1449.79s
c [Lim] Sampler:	Memory: 987.6 MB	Real time: 1459.79s	Elapsed time: 1459.79s
c [Lim] Sampler:	Memory: 1018.1 MB	Real time: 1469.79s	Elapsed time: 1469.79s
c [Lim] Sampler:	Memory: 1079.2 MB	Real time: 1479.79s	Elapsed time: 1479.79s
c [Lim] Sampler:	Memory: 998.4 MB	Real time: 1489.78s	Elapsed time: 1489.78s
c [Lim] Sampler:	Memory: 1142.4 MB	Real time: 1499.78s	Elapsed time: 1499.78s
c [Lim] Sampler:	Memory: 1010.9 MB	Real time: 1509.78s	Elapsed time: 1509.78s
c [Lim] Sampler:	Memory: 1151.6 MB	Real time: 1519.78s	Elapsed time: 1519.78s
c [Lim] Sampler:	Memory: 965.4 MB	Real time: 1529.77s	Elapsed time: 1529.77s
c [Lim] Sampler:	Memory: 962.8 MB	Real time: 1539.77s	Elapsed time: 1539.77s
c [Lim] Sampler:	Memory: 1015.5 MB	Real time: 1549.77s	Elapsed time: 1549.77s
c [Lim] Sampler:	Memory: 949.9 MB	Real time: 1559.77s	Elapsed time: 1559.77s
c [Lim] Sampler:	Memory: 998.6 MB	Real time: 1569.76s	Elapsed time: 1569.76s
c [Lim] Sampler:	Memory: 1032.5 MB	Real time: 1579.76s	Elapsed time: 1579.76s
c [Lim] Sampler:	Memory: 1014.1 MB	Reac [w = 89] SAT Solving starts:
c [w = 89] Solving duration: 141689 ms
c [w = 89] Answer: 
s [w = 89] SAT (w = 89)
c [w = 89] Solution check = 89.
c [w = 89] The solution is correct.
c [w = 89] Result: 10
c Search strategy: from lower bound.
c Encoding and solving from lower bound.
c [w = 90] Start task in PID: 442252.
c [w = 90] Antibandwidth problem with w = 90 (O-impcol_d.mtx.rnd):
c [w = 90] Initializing CaDiCaL (version 2.1.3).
c [w = 90] Configuring CaDiCaL as --sat (1).
c [w = 90] Encoding starts with w = 90:
c [w = 90] Encoding duration: 1678ms
c [w = 90] Number of clauses: 4046545
c [w = 90] Number of variables: 580125
l time: 1589.76s	Elapsed time: 1589.76s
c [Lim] Sampler:	Memory: 1004 MB	Real time: 1599.76s	Elapsed time: 1599.76s
c [Lim] Sampler:	Memory: 1011.5 MB	Real time: 1609.75s	Elapsed time: 1609.75s
c [Lim] Sampler:	Memory: 1073.8 MB	Real time: 1619.75s	Elapsed time: 1619.75s
c [Lim] Sampler:	Memory: 1015.1 MB	Real time: 1629.75s	Elapsed time: 1629.75s
c [Lim] Sampler:	Memory: 1006.4 MB	Real time: 1639.75s	Elapsed time: 1639.75s
c [Lim] Sampler:	Memory: 993.9 MB	Real time: 1649.74s	Elapsed time: 1649.74s
c [Lim] Sampler:	Memory: 946.9 MB	Real time: 1659.74s	Elapsed time: 1659.74s
c [Lim] Sampler:	Memory: 1061.2 MB	Real time: 1669.74s	Elapsed time: 1669.74s
c [Lim] Sampler:	Memory: 999.5 MB	Real time: 1679.74s	Elapsed time: 1679.74s
c [Lim] Sampler:	Memory: 1025.5 MB	Real time: 1689.73s	Elapsed time: 1689.73s
c [Lim] Sampler:	Memory: 820.1 MB	Real time: 1699.73s	Elapsed time: 1699.73s
c [Lim] Sampler:	Memory: 1110.2 MB	Real time: 1709.73s	Elapsed time: 1709.73s
c [Lim] Sampler:	Memory: 1012.2 MB	Real time: 1719.73s	Elapsed time: 1719.73s
c [Lim] Sampler:	Memory: 1023.4 MB	Real time: 1729.72s	Elapsed time: 1729.72s
c [Lim] Sampler:	Memory: 1025.6 MB	Real time: 1739.72s	Elapsed time: 1739.72s
c [Lim] Sampler:	Memory: 1024.6 MB	Real time: 1749.72s	Elapsed time: 1749.72s
c [Lim] Sampler:	Memory: 997.3 MB	Real time: 1759.72s	Elapsed time: 1759.72s
c [Lim] Sampler:	Memory: 1020 MB	Real time: 1769.71s	Elapsed time: 1769.71s
c [Lim] Sampler:	Memory: 1008.3 MB	Real time: 1779.71s	Elapsed time: 1779.71s
c [Lim] Sampler:	Memory: 1026.9 MB	Real time: 1789.71s	Elapsed time: 1789.71s
c [Lim] Sampler:	Memory: 1047.2 MB	Real time: 1799.71s	Elapsed time: 1799.71s
c [w = 90] SAT Solving starts:
c Signal interruption. Caught signal: SIGTERM (15)
c Search strategy: from lower bound.
c Encoding and solving from lower bound.
c [Lim] End with result: 254
c All children have completed.
r
r Final results: 
r Max width SAT:  	89
r Min width UNSAT:	-
r Total real time: 1806180 ms
r Total memory consumed: 1224.5 MB
r
r
