c Cyclic Bandwidth Encoder version 1.0.0.
c Real time limit is set to 1800.
c Memory limit is set to 30000.
c Encoding and solving for graph: P-can__445.mtx.rnd
c Search strategy: from lower bound.
c Encoding and solving from lower bound.
c [w = 39] Start task in PID: 443758.
c [w = 39] Antibandwidth problem with w = 39 (P-can__445.mtx.rnd):
c [w = 39] Initializing CaDiCaL (version 2.1.3).
c [w = 39] Configuring CaDiCaL as --sat (1).
c [w = 39] Encoding starts with w = 39:
c [w = 39] Encoding duration: 2223ms
c [w = 39] Number of clauses: 4999988
c [w = 39] Number of variables: 624780
c [w = 39] SAT Solving starts:
c [w = 39] Solving duration: 3803 ms
c [w = 39] Answer: 
s [w = 39] SAT (w = 39)
c [w = 39] Solution check = 39.
c [w = 39] The solution is correct.
c [w = 39] Result: 10
c Search strategy: from lower bound.
c Encoding and solving from lower bound.
c [w = 40] Start task in PID: 443866.
c [w = 40] Antibandwidth problem with w = 40 (P-can__445.mtx.rnd):
c [w = 40] Initializing CaDiCaL (version 2.1.3).
c [w = 40] Configuring CaDiCaL as --sat (1).
c [w = 40] Encoding starts with w = 40:
c [w = 40] Encoding duration: 2184ms
c [w = 40] Number of clauses: 5016453
c [w = 40] Number of variables: 630120
c [w = 40] SAT Solving starts:
c [w = 40] Solving duration: 716 ms
c [w = 40] Answer: 
s [w = 40] SAT (w = 40)
c [w = 40] Solution check = 40.
c [w = 40] The solution is correct.
c [w = 40] Result: 10
c Search strategy: from lower bound.
c Encoding and solving from lower bound.
c [w = 41] Start task in PID: 443881.
c [w = 41] Antibandwidth problem with w = 41 (P-can__445.mtx.rnd):
c [w = 41] Initializing CaDiCaL (version 2.1.3).
c [w = 41] Configuring CaDiCaL as --sat (1).
c [w = 41] Encoding starts with w = 41:
c [w = 41] Encoding duration: 2057ms
c [w = 41] Number of clauses: 4981894
c [w = 41] Number of variables: 618550
c [w = 41] SAT Solving starts:
c [w = 41] Solving duration: 687 ms
c [w = 41] Answer: 
s [w = 41] SAT (w = 41)
c [w = 41] Solution check = 41.
c [w = 41] The solution is correct.
c [w = 41] Result: 10
c Search strategy: from lower bound.
c Encoding and solving from lower bound.
c [w = 42] Start task in PID: 443909.
c [w = 42] Antibandwidth problem with w = 42 (P-can__445.mtx.rnd):
c [w = 42] Initializing CaDiCaL (version 2.1.3).
c [w = 42] Configuring CaDiCaL as --sat (1).
c [w = 42] Encoding starts with w = 42:
c [w = 42] Encoding duration: 2013ms
c [w = 42] Number of clauses: 4997024
c [w = 42] Number of variables: 623445
c [w = 42] SAT Solving starts:
c [w = 42] Solving duration: 10982 ms
c [w = 42] Answer: 
s [w = 42] SAT (w = 42)
c [w = 42] Solution check = 42.
c [w = 42] The solution is correct.
c [w = 42] Result: 10
c Search strategy: from lower bound.
c Encoding and solving from lower bound.
c [w = 43] Start task in PID: 443964.
c [w = 43] Antibandwidth problem with w = 43 (P-can__445.mtx.rnd):
c [w = 43] Initializing CaDiCaL (version 2.1.3).
c [w = 43] Configuring CaDiCaL as --sat (1).
c [w = 43] Encoding starts with w = 43:
c [w = 43] Encoding duration: 2043ms
c [w = 43] Number of clauses: 5012154
c [w = 43] Number of variables: 628340
c [w = 43] SAT Solving starts:
c [w = 43] Solving duration: 4226 ms
c [w = 43] Answer: 
s [w = 43] SAT (w = 43)
c [w = 43] Solution check = 43.
c [w = 43] The solution is correct.
c [w = 43] Result: 10
c Search strategy: from lower bound.
c Encoding and solving from lower bound.
c [w = 44] Start task in PID: 444005.
c [w = 44] Antibandwidth problem with w = 44 (P-can__445.mtx.rnd):
c [w = 44] Initializing CaDiCaL (version 2.1.3).
c [w = 44] Configuring CaDiCaL as --sat (1).
c [w = 44] Encoding starts with w = 44:
c [w = 44] Encoding duration: 2082ms
c [w = 44] Number of clauses: 5027284
c [w = 44] Number of variables: 633235
c [w = 44] SAT Solving starts:
c [w = 44] Solving duration: 714 ms
c [w = 44] Answer: 
s [w = 44] SAT (w = 44)
c [w = 44] Solution check = 44.
c [w = 44] The solution is correct.
c [w = 44] Result: 10
c Search strategy: from lower bound.
c Encoding and solving from lower bound.
c [w = 45] Start task in PID: 444017.
c [w = 45] Antibandwidth problem with w = 45 (P-can__445.mtx.rnd):
c [w = 45] Initializing CaDiCaL (version 2.1.3).
c [w = 45] Configuring CaDiCaL as --sat (1).
c [w = 45] Encoding starts with w = 45:
c [w = 45] Encoding duration: 2104ms
c [w = 45] Number of clauses: 4986495
c [w = 45] Number of variables: 619440
c [w = 45] SAT Solving starts:
c [w = 45] Solving duration: 9570 ms
c [w = 45] Answer: 
s [w = 45] SAT (w = 45)
c [w = 45] Solution check = 45.
c [w = 45] The solution is correct.
c [w = 45] Result: 10
c Search strategy: from lower bound.
c Encoding and solving from lower bound.
c [w = 46] Start task in PID: 444071.
c [w = 46] Antibandwidth problem with w = 46 (P-can__445.mtx.rnd):
c [w = 46] Initializing CaDiCaL (version 2.1.3).
c [w = 46] Configuring CaDiCaL as --sat (1).
c [w = 46] Encoding starts with w = 46:
c [w = 46] Encoding duration: 2049ms
c [w = 46] Number of clauses: 5000290
c [w = 46] Number of variables: 623890
c [w = 46] SAT Solving starts:
c [w = 46] Solving duration: 671 ms
c [w = 46] Answer: 
s [w = 46] SAT (w = 46)
c [w = 46] Solution check = 46.
c [w = 46] The solution is correct.
c [w = 46] Result: 10
c Search strategy: from lower bound.
c Encoding and solving from lower bound.
c [w = 47] Start task in PID: 444096.
c [w = 47] Antibandwidth problem with w = 47 (P-can__445.mtx.rnd):
c [w = 47] Initializing CaDiCaL (version 2.1.3).
c [w = 47] Configuring CaDiCaL as --sat (1).
c [w = 47] Encoding starts with w = 47:
c [w = 47] Encoding duration: 2105ms
c [w = 47] Number of clauses: 5014085
c [w = 47] Number of variables: 628340
c [w = 47] SAT Solving starts:
c [w = 47] Solving duration: 75540 ms
c [w = 47] Answer: 
s [w = 47] SAT (w = 47)
c [w = 47] Solution check = 47.
c [w = 47] The solution is correct.
c [w = 47] Result: 10
c Search strategy: from lower bound.
c Encoding and solving from lower bound.
c [w = 48] Start task in PID: 444148.
c [w = 48] Antibandwidth problem with w = 48 (P-can__445.mtx.rnd):
c [w = 48] Initializing CaDiCaL (version 2.1.3).
c [w = 48] Configuring CaDiCaL as --sat (1).
c [w = 48] Encoding starts with w = 48:
c [w = 48] Encoding duration: 2141ms
c [w = 48] Number of clauses: 5027880
c [w = 48] Number of variables: 632790
c [w = 48] SAT Solving starts:
c [w = 48] Solving duration: 21469 ms
c [w = 48] Answer: 
s [w = 48] SAT (w = 48)
c [w = 48] Solution check = 48.
c [w = 48] The solution is correct.
c [w = 48] Result: 10
c Search strategy: from lower bound.
c Encoding and solving from lower bound.
c [w = 49] Start task in PID: 444203.
c [w = 49] Antibandwidth problem with w = 49 (P-can__445.mtx.rnd):
c [w = 49] Initializing CaDiCaL (version 2.1.3).
c [w = 49] Configuring CaDiCaL as --sat (1).
c [w = 49] Encoding starts with w = 49:
c [w = 49] Encoding duration: 2160ms
c [w = 49] Number of clauses: 5041675
c [w = 49] Number of variables: 637240
c [w = 49] SAT Solving starts:
c [w = 49] Solving duration: 769 ms
c [w = 49] Answer: 
s [w = 49] SAT (w = 49)
c [w = 49] Solution check = 49.
c [w = 49] The solution is correct.
c [w = 49] Result: 10
c Search strategy: from lower bound.
c Encoding and solving from lower bound.
c [w = 50] Start task in PID: 444230.
c [w = 50] Antibandwidth problem with w = 50 (P-can__445.mtx.rnd):
c [w = 50] Initializing CaDiCaL (version 2.1.3).
c [w = 50] Configuring CaDiCaL as --sat (1).
c [w = 50] Encoding starts with w = 50:
c [w = 50] Encoding duration: 2053ms
c [w = 50] Number of clauses: 4993321
c [w = 50] Number of variables: 620775
c [w = 50] SAT Solving starts:
c [w = 50] Solving duration: 757 ms
c [w = 50] Answer: 
s [w = 50] SAT (w = 50)
c [w = 50] Solution check = 50.
c [w = 50] The solution is correct.
c [w = 50] Result: 10
c Search strategy: from lower bound.
c Encoding and solving from lower bound.
c [w = 51] Start task in PID: 444255.
c [w = 51] Antibandwidth problem with w = 51 (P-can__445.mtx.rnd):
c [w = 51] Initializing CaDiCaL (version 2.1.3).
c [w = 51] Configuring CaDiCaL as --sat (1).
c [w = 51] Encoding starts with w = 51:
c [w = 51] Encoding duration: 2093ms
c [w = 51] Number of clauses: 5005781
c [w = 51] Number of variables: 624780
c [w = 51] SAT Solving starts:
c [w = 51] Solving duration: 71740 ms
c [w = 51] Answer: 
s [w = 51] SAT (w = 51)
c [w = 51] Solution check = 51.
c [w = 51] The solution is correct.
c [w = 51] Result: 10
c Search strategy: from lower bound.
c Encoding and solving from lower bound.
c [w = 52] Start task in PID: 444285.
c [w = 52] Antibandwidth problem with w = 52 (P-can__445.mtx.rnd):
c [w = 52] Initializing CaDiCaL (version 2.1.3).
c [w = 52] Configuring CaDiCaL as --sat (1).
c [w = 52] Encoding starts with w = 52:
c [w = 52] Encoding duration: 2124ms
c [w = 52] Number of clauses: 5018241
c [w = 52] Number of variables: 628785
c [w = 52] SAT Solving starts:
c [w = 52] Solving duration: 44012 ms
c [w = 52] Answer: 
s [w = 52] SAT (w = 52)
c [w = 52] Solution check = 52.
c [w = 52] The solution is correct.
c [w = 52] Result: 10
c Search strategy: from lower bound.
c Encoding and solving from lower bound.
c [w = 53] Start task in PID: 444341.
c [w = 53] Antibandwidth problem with w = 53 (P-can__445.mtx.rnd):
c [w = 53] Initializing CaDiCaL (version 2.1.3).
c [w = 53] Configuring CaDiCaL as --sat (1).
c [w = 53] Encoding starts with w = 53:
c [w = 53] Encoding duration: 2285ms
c [w = 53] Number of clauses: 5030701
c [w = 53] Number of variables: 632790
c [w = 53] SAT Solving starts:
c [w = 53] Solving duration: 99514 ms
c [w = 53] Answer: 
s [w = 53] SAT (w = 53)
c [w = 53] Solution check = 53.
c [w = 53] The solution is correct.
c [w = 53] Result: 10
c Search strategy: from lower bound.
c Encoding and solving from lower bound.
c [w = 54] Start task in PID: 445073.
c [w = 54] Antibandwidth problem with w = 54 (P-can__445.mtx.rnd):
c [w = 54] Initializing CaDiCaL (version 2.1.3).
c [w = 54] Configuring CaDiCaL as --sat (1).
c [w = 54] Encoding starts with w = 54:
c [w = 54] Encoding duration: 2110ms
c [w = 54] Number of clauses: 5043161
c [w = 54] Number of variables: 636795
c [w = 54] SAT Solving starts:
c [w = 54] Solving duration: 59795 ms
c [w = 54] Answer: 
s [w = 54] SAT (w = 54)
c [w = 54] Solution check = 54.
c [w = 54] The solution is correct.
c [w = 54] Result: 10
c Search strategy: from lower bound.
c Encoding and solving from lower bound.
c [w = 55] Start task in PID: 445158.
c [w = 55] Antibandwidth problem with w = 55 (P-can__445.mtx.rnd):
c [w = 55] Initializing CaDiCaL (version 2.1.3).
c [w = 55] Configuring CaDiCaL as --sat (1).
c [w = 55] Encoding starts with w = 55:
c [w = 55] Encoding duration: 2161ms
c [w = 55] Number of clauses: 5055621
c [w = 55] Number of variables: 640800
c [w = 55] SAT Solving starts:
c [w = 55] Solving duration: 57897 ms
c [w = 55] Answer: 
s [w = 55] SAT (w = 55)
c [w = 55] Solution check = 55.
c [w = 55] The solution is correct.
c [w = 55] Result: 10
c Search strategy: from lower bound.
c Encoding and solving from lower bound.
c [w = 56] Start task in PID: 445226.
c [w = 56] Antibandwidth problem with w = 56 (P-can__445.mtx.rnd):
c [w = 56] Initializing CaDiCaL (version 2.1.3).
c [w = 56] Configuring CaDiCaL as --sat (1).
c [w = 56] Encoding starts with w = 56:
c [w = 56] Encoding duration: 2134ms
c [w = 56] Number of clauses: 4998367
c [w = 56] Number of variables: 621220
c Search strategy: from lower bound.
c Encoding and solving from lower bound.
c [Lim] Sampler:	Memory: 882.5 MB	Real time: 10s	Elapsed time: 10s
c [Lim] Sampler:	Memory: 1155.5 MB	Real time: 20s	Elapsed time: 20s
c [Lim] Sampler:	Memory: 1000.2 MB	Real time: 30.0001s	Elapsed time: 30.0001s
c [Lim] Sampler:	Memory: 966.1 MB	Real time: 40s	Elapsed time: 40s
c [Lim] Sampler:	Memory: 1038.3 MB	Real time: 49.9998s	Elapsed time: 49.9998s
c [Lim] Sampler:	Memory: 1157.9 MB	Real time: 59.9997s	Elapsed time: 59.9997s
c [Lim] Sampler:	Memory: 1204.3 MB	Real time: 69.9995s	Elapsed time: 69.9995s
c [Lim] Sampler:	Memory: 1200.5 MB	Real time: 79.9994s	Elapsed time: 79.9994s
c [Lim] Sampler:	Memory: 1183.6 MB	Real time: 89.9992s	Elapsed time: 89.9992s
c [Lim] Sampler:	Memory: 1193.1 MB	Real time: 99.999s	Elapsed time: 99.999s
c [Lim] Sampler:	Memory: 1227 MB	Real time: 109.999s	Elapsed time: 109.999s
c [Lim] Sampler:	Memory: 1288 MB	Real time: 119.999s	Elapsed time: 119.999s
c [Lim] Sampler:	Memory: 1228.8 MB	Real time: 129.999s	Elapsed time: 129.999s
c [Lim] Sampler:	Memory: 1192.3 MB	Real time: 139.999s	Elapsed time: 139.999s
c [Lim] Sampler:	Memory: 1206.5 MB	Real time: 150s	Elapsed time: 150s
c [Lim] Sampler:	Memory: 81.2 MB	Real time: 160.001s	Elapsed time: 160.001s
c [Lim] Sampler:	Memory: 1157.1 MB	Real time: 170.001s	Elapsed time: 170.001s
c [Lim] Sampler:	Memory: 1205.6 MB	Real time: 180.002s	Elapsed time: 180.002s
c [Lim] Sampler:	Memory: 1204.8 MB	Real time: 190.002s	Elapsed time: 190.002s
c [Lim] Sampler:	Memory: 1183.9 MB	Real time: 200.003s	Elapsed time: 200.003s
c [Lim] Sampler:	Memory: 1182.1 MB	Real time: 210.004s	Elapsed time: 210.004s
c [Lim] Sampler:	Memory: 1162.6 MB	Real time: 220.004s	Elapsed time: 220.004s
c [Lim] Sampler:	Memory: 1115.7 MB	Real time: 230.005s	Elapsed time: 230.005s
c [Lim] Sampler:	Memory: 984.7 MB	Real time: 240.005s	Elapsed time: 240.005s
c [Lim] Sampler:	Memory: 1158.4 MB	Real time: 250.006s	Elapsed time: 250.006s
c [Lim] Sampler:	Memory: 1202.2 MB	Real time: 260.007s	Elapsed time: 260.007s
c [Lim] Sampler:	Memory: 1232.1 MB	Real time: 270.007s	Elapsed time: 270.007s
c [Lim] Sampler:	Memory: 1192.2 MB	Real time: 280.008s	Elapsed time: 280.008s
c [Lim] Sampler:	Memory: 1159.9 MB	Real time: 290.008s	Elapsed time: 290.008s
c [Lim] Sampler:	Memory: 1208.9 MB	Real time: 300.009s	Elapsed time: 300.009s
c [Lim] Sampler:	Memory: 1208.2 MB	Real time: 310.01s	Elapsed time: 310.01s
c [Lim] Sampler:	Memory: 1234.2 MB	Real time: 320.01s	Elapsed time: 320.01s
c [Lim] Sampler:	Memory: 1234.7 MB	Real time: 330.011s	Elapsed time: 330.011s
c [Lim] Sampler:	Memory: 1195 MB	Real time: 340.012s	Elapsed time: 340.012s
c [Lim] Sampler:	Memory: 1237 MB	Real time: 350.012s	Elapsed time: 350.012s
c [Lim] Sampler:	Memory: 1237.7 MB	Real time: 360.013s	Elapsed time: 360.013s
c [Lim] Sampler:	Memory: 1240 MB	Real time: 370.013s	Elapsed time: 370.013s
c [Lim] Sampler:	Memory: 1242.3 MB	Real time: 380.014s	Elapsed time: 380.014s
c [Lim] Sampler:	Memory: 1005.1 MB	Real time: 390.015s	Elapsed time: 390.015s
c [Lim] Sampler:	Memory: 1310.3 MB	Real time: 400.015s	Elapsed time: 400.015s
c [Lim] Sampler:	Memory: 1209.4 MB	Real time: 410.016s	Elapsed time: 410.016s
c [Lim] Sampler:	Memory: 1185.9 MB	Real time: 420.016s	Elapsed time: 420.016s
c [Lim] Sampler:	Memory: 1211.8 MB	Real time: 430.017s	Elapsed time: 430.017s
c [Lim] Sampler:	Memory: 1170.3 MB	Real time: 440.018s	Elapsed time: 440.018s
c [Lim] Sampler:	Memory: 347.9 MB	Real time: 450.018s	Elapsed time: 450.018s
c [Lim] Sampler:	Memory: 1199.7 MB	Real time: 460.019s	Elapsed time: 460.019s
c [Lim] Sampler:	Memory: 1213.4 MB	Real time: 470.019s	Elapsed time: 470.019s
c [Lim] Sampler:	Memory: 1188.4 MB	Real time: 480.02s	Elapsed time: 480.02s
c [Lim] Sampler:	Memory: 1197.8 MB	Real time: 490.021s	Elapsed time: 490.021s
c [Lim] Sampler:	Memory: 1238.1 MB	Real time: 500.021s	Elapsed time: 500.021s
c [Lim] Sampler:	Memory: 58.9 MB	Real time: 510.022s	Elapsed time: 510.022s
c [Lim] Sampler:	Memory: 1191.6 MB	Real time: 520.02s	Elapsed time: 520.02s
c [Lim] Sampler:	Memory: 120c [w = 56] SAT Solving starts:
c [w = 56] Solving duration: 70985 ms
c [w = 56] Answer: 
s [w = 56] SAT (w = 56)
c [w = 56] Solution check = 56.
c [w = 56] The solution is correct.
c [w = 56] Result: 10
c Search strategy: from lower bound.
c Encoding and solving from lower bound.
c [w = 57] Start task in PID: 445300.
c [w = 57] Antibandwidth problem with w = 57 (P-can__445.mtx.rnd):
c [w = 57] Initializing CaDiCaL (version 2.1.3).
c [w = 57] Configuring CaDiCaL as --sat (1).
c [w = 57] Encoding starts with w = 57:
c [w = 57] Encoding duration: 2111ms
c [w = 57] Number of clauses: 5009492
c [w = 57] Number of variables: 624780
c [w = 57] SAT Solving starts:
c [w = 57] Solving duration: 89136 ms
c [w = 57] Answer: 
s [w = 57] SAT (w = 57)
c [w = 57] Solution check = 57.
c [w = 57] The solution is correct.
c [w = 57] Result: 10
c Search strategy: from lower bound.
c Encoding and solving from lower bound.
c [w = 58] Start task in PID: 445357.
c [w = 58] Antibandwidth problem with w = 58 (P-can__445.mtx.rnd):
c [w = 58] Initializing CaDiCaL (version 2.1.3).
c [w = 58] Configuring CaDiCaL as --sat (1).
c [w = 58] Encoding starts with w = 58:
c [w = 58] Encoding duration: 2140ms
c [w = 58] Number of clauses: 5020617
c [w = 58] Number of variables: 628340
c [w = 58] SAT Solving starts:
c [w = 58] Solving duration: 89324 ms
c [w = 58] Answer: 
s [w = 58] SAT (w = 58)
c [w = 58] Solution check = 58.
c [w = 58] The solution is correct.
c [w = 58] Result: 10
c Search strategy: from lower bound.
c Encoding and solving from lower bound.
c [w = 59] Start task in PID: 445411.
c [w = 59] Antibandwidth problem with w = 59 (P-can__445.mtx.rnd):
c [w = 59] Initializing CaDiCaL (version 2.1.3).
c [w = 59] Configuring CaDiCaL as --sat (1).
c [w = 59] Encoding starts with w = 59:
c [w = 59] Encoding duration: 2185ms
c [w = 59] Number of clauses: 5031742
c [w = 59] Number of variables: 631900
c [w = 59] SAT Solving starts:
c [w = 59] Solving duration: 69564 ms
c [w = 59] Answer: 
s [w = 59] SAT (w = 59)
c [w = 59] Solution check = 59.
c [w = 59] The solution is correct.
c [w = 59] Result: 10
c Search strategy: from lower bound.
c Encoding and solving from lower bound.
c [w = 60] Start task in PID: 445482.
c [w = 60] Antibandwidth problem with w = 60 (P-can__445.mtx.rnd):
c [w = 60] Initializing CaDiCaL (version 2.1.3).
c [w = 60] Configuring CaDiCaL as --sat (1).
c [w = 60] Encoding starts with w = 60:
c [w = 60] Encoding duration: 2180ms
c [w = 60] Number of clauses: 5042867
c [w = 60] Number of variables: 635460
c [w = 60] SAT Solving starts:
c [w = 60] Solving duration: 111764 ms
c [w = 60] Answer: 
s [w = 60] SAT (w = 60)
c [w = 60] Solution check = 60.
c [w = 60] The solution is correct.
c [w = 60] Result: 10
c Search strategy: from lower bound.
c Encoding and solving from lower bound.
c [w = 61] Start task in PID: 446217.
c [w = 61] Antibandwidth problem with w = 61 (P-can__445.mtx.rnd):
c [w = 61] Initializing CaDiCaL (version 2.1.3).
c [w = 61] Configuring CaDiCaL as --sat (1).
c [w = 61] Encoding starts with w = 61:
c [w = 61] Encoding duration: 2088ms
c [w = 61] Number of clauses: 5053992
c [w = 61] Number of variables: 639020
c [w = 61] SAT Solving starts:
c [w = 61] Solving duration: 56286 ms
c [w = 61] Answer: 
s [w = 61] SAT (w = 61)
c [w = 61] Solution check = 61.
c [w = 61] The solution is correct.
c [w = 61] Result: 10
c Search strategy: from lower bound.
c Encoding and solving from lower bound.
c [w = 62] Start task in PID: 446268.
c [w = 62] Antibandwidth problem with w = 62 (P-can__445.mtx.rnd):
c [w = 62] Initializing CaDiCaL (version 2.1.3).
c [w = 62] Configuring CaDiCaL as --sat (1).
c [w = 62] Encoding starts with w = 62:
c [w = 62] Encoding duration: 2157ms
c [w = 62] Number of clauses: 5065117
c [w = 62] Number of variables: 642580
4.4 MB	Real time: 530.018s	Elapsed time: 530.018s
c [Lim] Sampler:	Memory: 1156.4 MB	Real time: 540.015s	Elapsed time: 540.015s
c [Lim] Sampler:	Memory: 1186.5 MB	Real time: 550.013s	Elapsed time: 550.013s
c [Lim] Sampler:	Memory: 1210.5 MB	Real time: 560.01s	Elapsed time: 560.01s
c [Lim] Sampler:	Memory: 1192.4 MB	Real time: 570.008s	Elapsed time: 570.008s
c [Lim] Sampler:	Memory: 1220.4 MB	Real time: 580.005s	Elapsed time: 580.005s
c [Lim] Sampler:	Memory: 1157 MB	Real time: 590.003s	Elapsed time: 590.003s
c [Lim] Sampler:	Memory: 1204.9 MB	Real time: 600.001s	Elapsed time: 600.001s
c [Lim] Sampler:	Memory: 1209.2 MB	Real time: 609.998s	Elapsed time: 609.998s
c [Lim] Sampler:	Memory: 1185.1 MB	Real time: 619.996s	Elapsed time: 619.996s
c [Lim] Sampler:	Memory: 1184.1 MB	Real time: 629.993s	Elapsed time: 629.993s
c [Lim] Sampler:	Memory: 1170.2 MB	Real time: 639.991s	Elapsed time: 639.991s
c [Lim] Sampler:	Memory: 1208.7 MB	Real time: 649.988s	Elapsed time: 649.988s
c [Lim] Sampler:	Memory: 1163.4 MB	Real time: 659.986s	Elapsed time: 659.986s
c [Lim] Sampler:	Memory: 1163.5 MB	Real time: 669.983s	Elapsed time: 669.983s
c [Lim] Sampler:	Memory: 1072.8 MB	Real time: 679.981s	Elapsed time: 679.981s
c [Lim] Sampler:	Memory: 1253.2 MB	Real time: 689.979s	Elapsed time: 689.979s
c [Lim] Sampler:	Memory: 1204.7 MB	Real time: 699.976s	Elapsed time: 699.976s
c [Lim] Sampler:	Memory: 1381.8 MB	Real time: 709.974s	Elapsed time: 709.974s
c [Lim] Sampler:	Memory: 1202.8 MB	Real time: 719.971s	Elapsed time: 719.971s
c [Lim] Sampler:	Memory: 1228.1 MB	Real time: 729.969s	Elapsed time: 729.969s
c [Lim] Sampler:	Memory: 1196.3 MB	Real time: 739.966s	Elapsed time: 739.966s
c [Lim] Sampler:	Memory: 1386.9 MB	Real time: 749.964s	Elapsed time: 749.964s
c [Lim] Sampler:	Memory: 1202.6 MB	Real time: 759.961s	Elapsed time: 759.961s
c [Lim] Sampler:	Memory: 1001.2 MB	Real time: 769.959s	Elapsed time: 769.959s
c [Lim] Sampler:	Memory: 1161.2 MB	Real time: 779.957s	Elapsed time: 779.957s
c [Lim] Sampler:	Memory: 1203 MB	Real time: 789.954s	Elapsed time: 789.954s
c [Lim] Sampler:	Memory: 1179 MB	Real time: 799.952s	Elapsed time: 799.952s
c [Lim] Sampler:	Memory: 1207.7 MB	Real time: 809.949s	Elapsed time: 809.949s
c [Lim] Sampler:	Memory: 1226.5 MB	Real time: 819.947s	Elapsed time: 819.947s
c [Lim] Sampler:	Memory: 1387 MB	Real time: 829.944s	Elapsed time: 829.944s
c [Lim] Sampler:	Memory: 305.1 MB	Real time: 839.942s	Elapsed time: 839.942s
c [Lim] Sampler:	Memory: 1197.1 MB	Real time: 849.94s	Elapsed time: 849.94s
c [Lim] Sampler:	Memory: 1211.2 MB	Real time: 859.937s	Elapsed time: 859.937s
c [Lim] Sampler:	Memory: 1244.1 MB	Real time: 869.935s	Elapsed time: 869.935s
c [Lim] Sampler:	Memory: 1238.7 MB	Real time: 879.932s	Elapsed time: 879.932s
c [Lim] Sampler:	Memory: 1241.2 MB	Real time: 889.93s	Elapsed time: 889.93s
c [Lim] Sampler:	Memory: 1239 MB	Real time: 899.927s	Elapsed time: 899.927s
c [Lim] Sampler:	Memory: 1238.4 MB	Real time: 909.925s	Elapsed time: 909.925s
c [Lim] Sampler:	Memory: 1245.9 MB	Real time: 919.922s	Elapsed time: 919.922s
c [Lim] Sampler:	Memory: 1424.3 MB	Real time: 929.92s	Elapsed time: 929.92s
c [Lim] Sampler:	Memory: 1259.8 MB	Real time: 939.918s	Elapsed time: 939.918s
c [Lim] Sampler:	Memory: 1449.5 MB	Real time: 949.915s	Elapsed time: 949.915s
c [Lim] Sampler:	Memory: 1325.6 MB	Real time: 959.913s	Elapsed time: 959.913s
c [Lim] Sampler:	Memory: 1212.4 MB	Real time: 969.91s	Elapsed time: 969.91s
c [Lim] Sampler:	Memory: 1368.2 MB	Real time: 979.908s	Elapsed time: 979.908s
c [Lim] Sampler:	Memory: 1293.2 MB	Real time: 989.905s	Elapsed time: 989.905s
c [Lim] Sampler:	Memory: 1403.1 MB	Real time: 999.903s	Elapsed time: 999.903s
c [Lim] Sampler:	Memory: 1239.9 MB	Real time: 1009.9s	Elapsed time: 1009.9s
c [Lim] Sampler:	Memory: 1201.8 MB	Real time: 1019.9s	Elapsed time: 1019.9s
c [Lim] Sampler:	Memory: 1213.5 MB	Real time: 1029.9s	Elapsed time: 1029.9s
c [Lim] Sampler:	Memory: 1376 MB	Real time: 1039.89s	Elapsed time: 1039.89s
c [Lim] Sampler:	Memory: 1245 MB	Real time: 1049.89s	Elapsed time: 1049.89s
c [Lim] Sampler:	Memoc [w = 62] SAT Solving starts:
c [w = 62] Solving duration: 173349 ms
c [w = 62] Answer: 
s [w = 62] SAT (w = 62)
c [w = 62] Solution check = 62.
c [w = 62] The solution is correct.
c [w = 62] Result: 10
c Search strategy: from lower bound.
c Encoding and solving from lower bound.
c [w = 63] Start task in PID: 446386.
c [w = 63] Antibandwidth problem with w = 63 (P-can__445.mtx.rnd):
c [w = 63] Initializing CaDiCaL (version 2.1.3).
c [w = 63] Configuring CaDiCaL as --sat (1).
c [w = 63] Encoding starts with w = 63:
c [w = 63] Encoding duration: 2136ms
c [w = 63] Number of clauses: 5076242
c [w = 63] Number of variables: 646140
c [w = 63] SAT Solving starts:
c [w = 63] Solving duration: 80322 ms
c [w = 63] Answer: 
s [w = 63] SAT (w = 63)
c [w = 63] Solution check = 63.
c [w = 63] The solution is correct.
c [w = 63] Result: 10
c Search strategy: from lower bound.
c Encoding and solving from lower bound.
c [w = 64] Start task in PID: 446442.
c [w = 64] Antibandwidth problem with w = 64 (P-can__445.mtx.rnd):
c [w = 64] Initializing CaDiCaL (version 2.1.3).
c [w = 64] Configuring CaDiCaL as --sat (1).
c [w = 64] Encoding starts with w = 64:
c [w = 64] Encoding duration: 2119ms
c [w = 64] Number of clauses: 5007418
c [w = 64] Number of variables: 622555
c [w = 64] SAT Solving starts:
c [w = 64] Solving duration: 120690 ms
c [w = 64] Answer: 
s [w = 64] SAT (w = 64)
c [w = 64] Solution check = 64.
c [w = 64] The solution is correct.
c [w = 64] Result: 10
c Search strategy: from lower bound.
c Encoding and solving from lower bound.
c [w = 65] Start task in PID: 446502.
c [w = 65] Antibandwidth problem with w = 65 (P-can__445.mtx.rnd):
c [w = 65] Initializing CaDiCaL (version 2.1.3).
c [w = 65] Configuring CaDiCaL as --sat (1).
c [w = 65] Encoding starts with w = 65:
c [w = 65] Encoding duration: 2072ms
c [w = 65] Number of clauses: 5017208
c [w = 65] Number of variables: 625670
c [w = 65] SAT Solving starts:
c [w = 65] Solving duration: 77145 ms
c [w = 65] Answer: 
s [w = 65] SAT (w = 65)
c [w = 65] Solution check = 65.
c [w = 65] The solution is correct.
c [w = 65] Result: 10
c Search strategy: from lower bound.
c Encoding and solving from lower bound.
c [w = 66] Start task in PID: 446568.
c [w = 66] Antibandwidth problem with w = 66 (P-can__445.mtx.rnd):
c [w = 66] Initializing CaDiCaL (version 2.1.3).
c [w = 66] Configuring CaDiCaL as --sat (1).
c [w = 66] Encoding starts with w = 66:
c [w = 66] Encoding duration: 2119ms
c [w = 66] Number of clauses: 5026998
c [w = 66] Number of variables: 628785
ry: 1244.6 MB	Real time: 1059.89s	Elapsed time: 1059.89s
c [Lim] Sampler:	Memory: 1243.3 MB	Real time: 1069.89s	Elapsed time: 1069.89s
c [Lim] Sampler:	Memory: 1244.9 MB	Real time: 1079.88s	Elapsed time: 1079.88s
c [Lim] Sampler:	Memory: 1251.3 MB	Real time: 1089.88s	Elapsed time: 1089.88s
c [Lim] Sampler:	Memory: 1248.4 MB	Real time: 1099.88s	Elapsed time: 1099.88s
c [Lim] Sampler:	Memory: 1260 MB	Real time: 1109.88s	Elapsed time: 1109.88s
c [Lim] Sampler:	Memory: 1225.4 MB	Real time: 1119.87s	Elapsed time: 1119.87s
c [Lim] Sampler:	Memory: 1210.7 MB	Real time: 1129.87s	Elapsed time: 1129.87s
c [Lim] Sampler:	Memory: 1203.8 MB	Real time: 1139.87s	Elapsed time: 1139.87s
c [Lim] Sampler:	Memory: 1257.2 MB	Real time: 1149.87s	Elapsed time: 1149.87s
c [Lim] Sampler:	Memory: 1258.8 MB	Real time: 1159.86s	Elapsed time: 1159.86s
c [Lim] Sampler:	Memory: 1246.1 MB	Real time: 1169.86s	Elapsed time: 1169.86s
c [Lim] Sampler:	Memory: 1243.9 MB	Real time: 1179.86s	Elapsed time: 1179.86s
c [Lim] Sampler:	Memory: 823.1 MB	Real time: 1189.86s	Elapsed time: 1189.86s
c [Lim] Sampler:	Memory: 1207.9 MB	Real time: 1199.85s	Elapsed time: 1199.85s
c [Lim] Sampler:	Memory: 1221.4 MB	Real time: 1209.85s	Elapsed time: 1209.85s
c [Lim] Sampler:	Memory: 1195.9 MB	Real time: 1219.85s	Elapsed time: 1219.85s
c [Lim] Sampler:	Memory: 1216.3 MB	Real time: 1229.85s	Elapsed time: 1229.85s
c [Lim] Sampler:	Memory: 1200.5 MB	Real time: 1239.84s	Elapsed time: 1239.84s
c [Lim] Sampler:	Memory: 1222.2 MB	Real time: 1249.84s	Elapsed time: 1249.84s
c [Lim] Sampler:	Memory: 1238.3 MB	Real time: 1259.84s	Elapsed time: 1259.84s
c [Lim] Sampler:	Memory: 1253.3 MB	Real time: 1269.84s	Elapsed time: 1269.84s
c [Lim] Sampler:	Memory: 1187.9 MB	Real time: 1279.83s	Elapsed time: 1279.83s
c [Lim] Sampler:	Memory: 1200.7 MB	Real time: 1289.83s	Elapsed time: 1289.83s
c [Lim] Sampler:	Memory: 1156 MB	Real time: 1299.83s	Elapsed time: 1299.83s
c [Lim] Sampler:	Memory: 1181.7 MB	Real time: 1309.83s	Elapsed time: 1309.83s
c [Lim] Sampler:	Memory: 1159.3 MB	Real time: 1319.82s	Elapsed time: 1319.82s
c [Lim] Sampler:	Memory: 1192.7 MB	Real time: 1329.82s	Elapsed time: 1329.82s
c [Lim] Sampler:	Memory: 1203 MB	Real time: 1339.82s	Elapsed time: 1339.82s
c [Lim] Sampler:	Memory: 1179.1 MB	Real time: 1349.82s	Elapsed time: 1349.82s
c [Lim] Sampler:	Memory: 1159.4 MB	Real time: 1359.82s	Elapsed time: 1359.82s
c [Lim] Sampler:	Memory: 1167.5 MB	Real time: 1369.81s	Elapsed time: 1369.81s
c [Lim] Sampler:	Memory: 1203.5 MB	Real time: 1379.81s	Elapsed time: 1379.81s
c [Lim] Sampler:	Memory: 1179.9 MB	Real time: 1389.81s	Elapsed time: 1389.81s
c [Lim] Sampler:	Memory: 1157 MB	Real time: 1399.81s	Elapsed time: 1399.81s
c [Lim] Sampler:	Memory: 1335 MB	Real time: 1409.8s	Elapsed time: 1409.8s
c [Lim] Sampler:	Memory: 1367.3 MB	Real time: 1419.8s	Elapsed time: 1419.8s
c [Lim] Sampler:	Memory: 1232.1 MB	Real time: 1429.8s	Elapsed time: 1429.8s
c [Lim] Sampler:	Memory: 1181.7 MB	Real time: 1439.8s	Elapsed time: 1439.8s
c [Lim] Sampler:	Memory: 1178.8 MB	Real time: 1449.79s	Elapsed time: 1449.79s
c [Lim] Sampler:	Memory: 1190 MB	Real time: 1459.79s	Elapsed time: 1459.79s
c [Lim] Sampler:	Memory: 1165.8 MB	Real time: 1469.79s	Elapsed time: 1469.79s
c [Lim] Sampler:	Memory: 1155.3 MB	Real time: 1479.79s	Elapsed time: 1479.79s
c [Lim] Sampler:	Memory: 1202.5 MB	Real time: 1489.78s	Elapsed time: 1489.78s
c [Lim] Sampler:	Memory: 1198.5 MB	Real time: 1499.78s	Elapsed time: 1499.78s
c [Lim] Sampler:	Memory: 1227.2 MB	Real time: 1509.78s	Elapsed time: 1509.78s
c [Lim] Sampler:	Memory: 1195.9 MB	Real time: 1519.78s	Elapsed time: 1519.78s
c [Lim] Sampler:	Memory: 1184.3 MB	Real time: 1529.77s	Elapsed time: 1529.77s
c [Lim] Sampler:	Memory: 1212.8 MB	Real time: 1539.77s	Elapsed time: 1539.77s
c [Lim] Sampler:	Memory: 1228.5 MB	Real time: 1549.77s	Elapsed time: 1549.77s
c [Lim] Sampler:	Memory: 1368.9 MB	Real time: 1559.77s	Elapsed time: 1559.77s
c [Lim] Sampler:	Memory: 1225.6 MB	Real time: 1569.76s	Elapsed time: 1569.76s
c [Lim] Sampler:	Memory: 1219.3 MB	Real time: 1579.76s	Elapsed time: 1579.76s
c [Lc [w = 66] SAT Solving starts:
c [w = 66] Solving duration: 125658 ms
c [w = 66] Answer: 
s [w = 66] SAT (w = 66)
c [w = 66] Solution check = 66.
c [w = 66] The solution is correct.
c [w = 66] Result: 10
c Search strategy: from lower bound.
c Encoding and solving from lower bound.
c [w = 67] Start task in PID: 447360.
c [w = 67] Antibandwidth problem with w = 67 (P-can__445.mtx.rnd):
c [w = 67] Initializing CaDiCaL (version 2.1.3).
c [w = 67] Configuring CaDiCaL as --sat (1).
c [w = 67] Encoding starts with w = 67:
c [w = 67] Encoding duration: 2106ms
c [w = 67] Number of clauses: 5036788
c [w = 67] Number of variables: 631900
c [w = 67] SAT Solving starts:
c [w = 67] Solving duration: 90945 ms
c [w = 67] Answer: 
s [w = 67] SAT (w = 67)
c [w = 67] Solution check = 67.
c [w = 67] The solution is correct.
c [w = 67] Result: 10
c Search strategy: from lower bound.
c Encoding and solving from lower bound.
c [w = 68] Start task in PID: 447422.
c [w = 68] Antibandwidth problem with w = 68 (P-can__445.mtx.rnd):
c [w = 68] Initializing CaDiCaL (version 2.1.3).
c [w = 68] Configuring CaDiCaL as --sat (1).
c [w = 68] Encoding starts with w = 68:
c [w = 68] Encoding duration: 2119ms
c [w = 68] Number of clauses: 5046578
c [w = 68] Number of variables: 635015
c [w = 68] SAT Solving starts:
c [w = 68] Solving duration: 97700 ms
c [w = 68] Answer: 
s [w = 68] SAT (w = 68)
c [w = 68] Solution check = 68.
c [w = 68] The solution is correct.
c [w = 68] Result: 10
c Search strategy: from lower bound.
c Encoding and solving from lower bound.
c [w = 69] Start task in PID: 447606.
c [w = 69] Antibandwidth problem with w = 69 (P-can__445.mtx.rnd):
c [w = 69] Initializing CaDiCaL (version 2.1.3).
c [w = 69] Configuring CaDiCaL as --sat (1).
c [w = 69] Encoding starts with w = 69:
c [w = 69] Encoding duration: 2227ms
c [w = 69] Number of clauses: 5056368
c [w = 69] Number of variables: 638130
im] Sampler:	Memory: 1219.1 MB	Real time: 1589.76s	Elapsed time: 1589.76s
c [Lim] Sampler:	Memory: 1233.4 MB	Real time: 1599.76s	Elapsed time: 1599.76s
c [Lim] Sampler:	Memory: 1192.2 MB	Real time: 1609.75s	Elapsed time: 1609.75s
c [Lim] Sampler:	Memory: 1204.4 MB	Real time: 1619.75s	Elapsed time: 1619.75s
c [Lim] Sampler:	Memory: 1225.6 MB	Real time: 1629.75s	Elapsed time: 1629.75s
c [Lim] Sampler:	Memory: 1181.4 MB	Real time: 1639.75s	Elapsed time: 1639.75s
c [Lim] Sampler:	Memory: 1178.9 MB	Real time: 1649.74s	Elapsed time: 1649.74s
c [Lim] Sampler:	Memory: 1198.6 MB	Real time: 1659.74s	Elapsed time: 1659.74s
c [Lim] Sampler:	Memory: 1179.4 MB	Real time: 1669.74s	Elapsed time: 1669.74s
c [Lim] Sampler:	Memory: 1202.5 MB	Real time: 1679.74s	Elapsed time: 1679.74s
c [Lim] Sampler:	Memory: 1180.1 MB	Real time: 1689.73s	Elapsed time: 1689.73s
c [Lim] Sampler:	Memory: 1161 MB	Real time: 1699.73s	Elapsed time: 1699.73s
c [Lim] Sampler:	Memory: 1162.5 MB	Real time: 1709.73s	Elapsed time: 1709.73s
c [Lim] Sampler:	Memory: 1208.4 MB	Real time: 1719.73s	Elapsed time: 1719.73s
c [Lim] Sampler:	Memory: 1183.4 MB	Real time: 1729.72s	Elapsed time: 1729.72s
c [Lim] Sampler:	Memory: 1209 MB	Real time: 1739.72s	Elapsed time: 1739.72s
c [Lim] Sampler:	Memory: 1181.8 MB	Real time: 1749.72s	Elapsed time: 1749.72s
c [Lim] Sampler:	Memory: 1204.6 MB	Real time: 1759.72s	Elapsed time: 1759.72s
c [Lim] Sampler:	Memory: 1218.1 MB	Real time: 1769.71s	Elapsed time: 1769.71s
c [Lim] Sampler:	Memory: 1231.2 MB	Real time: 1779.71s	Elapsed time: 1779.71s
c [Lim] Sampler:	Memory: 1205.7 MB	Real time: 1789.71s	Elapsed time: 1789.71s
c [Lim] Sampler:	Memory: 1004.3 MB	Real time: 1799.71s	Elapsed time: 1799.71s
c [w = 69] SAT Solving starts:
c Signal interruption. Caught signal: SIGTERM (15)
c Search strategy: from lower bound.
c Encoding and solving from lower bound.
c [Lim] End with result: 254
c All children have completed.
r
r Final results: 
r Max width SAT:  	68
r Min width UNSAT:	-
r Total real time: 1806182 ms
r Total memory consumed: 1449.5 MB
r
r
