c [Version] Cyclic Bandwidth Encoder version 1.0.0.
c [Param] Real time limit is set to 150.
c [Param] Memory limit is set to 30000.
c [Param] Worker count is set to 8.
c [Main] Encoding and solving for graph: caterpillar_20_25.txt.
c [Main] Search strategy: Binary search using BFS.
c [Main] No predefined lower bound is found for caterpillar_20_25.txt.
c [Main] LB-w = 2 (default value).
c [Main] No predefined upper bound is found for caterpillar_20_25.txt.
c [Main] UB-w = 250 (default value calculated as n/2).
c [Main] Search order: 126 63 188 32 94 157 219 16 47 78 110 141 172 203 235 8 24 39 55 70 86 102 118 133 149 164 180 195 211 227 243 4 12 20 28 35 43 51 59 66 74 82 90 98 106 114 122 129 137 145 153 160 168 176 184 191 199 207 215 223 231 239 247 2 6 10 14 18 22 26 30 33 37 41 45 49 53 57 61 64 68 72 76 80 84 88 92 96 100 104 108 112 116 120 124 127 131 135 139 143 147 151 155 158 162 166 170 174 178 182 186 189 193 197 201 205 209 213 217 221 225 229 233 237 241 245 249 3 5 7 9 11 13 15 17 19 21 23 25 27 29 31 34 36 38 40 42 44 46 48 50 52 54 56 58 60 62 65 67 69 71 73 75 77 79 81 83 85 87 89 91 93 95 97 99 101 103 105 107 109 111 113 115 117 119 121 123 125 128 130 132 134 136 138 140 142 144 146 148 150 152 154 156 159 161 163 165 167 169 171 173 175 177 179 181 183 185 187 190 192 194 196 198 200 202 204 206 208 210 212 214 216 218 220 222 224 226 228 230 232 234 236 238 240 242 244 246 248 250.
c [w = 16] Start task in PID: 188154.
c [w = 16] Cyclic Antibandwidth problem with w = 16 (caterpillar_20_25.txt):
c [w = 16] Initializing CaDiCaL (version 2.1.3).
c [w = 16] Configuring CaDiCaL as --sat (1).
c [w = 16] Encoding starts with w = 16:
c [w = 16] Symmetry breaking highest degree node is applied.
c [w = 16] Encoding duration: 2867 ms.
c [w = 16] Number of clauses: 3657346.
c [w = 16] Number of variables: 751000.
c [w = 16] SAT Solving starts:
c [w = 16] Solving duration: 3067 ms.
c [w = 16] Answer:
s [w = 16] SAT (w = 16).
c [w = 16] Solution check = 16.
c [w = 16] The solution is correct.
c [w = 16] Result: 10.
c [Main] Max width SAT is set to 16.
c [w = 94] Start task in PID: 188151.
c [w = 94] Cyclic Antibandwidth problem with w = 94 (caterpillar_20_25.txt):
c [w = 94] Initializing CaDiCaL (version 2.1.3).
c [w = 94] Configuring CaDiCaL as --sat (1).
c [w = 94] Encoding starts with w = 94:
c [w = 94] Symmetry breaking highest degree node is applied.
c [w = 94] Encoding duration: 2900 ms.
c [w = 94] Number of clauses: 3676768.
c [w = 94] Number of variables: 816000.
c [w = 94] SAT Solving starts:
c [w = 94] Solving duration: 34646 ms.
c [w = 94] Answer:
s [w = 94] SAT (w = 94).
c [w = 94] Solution check = 94.
c [w = 94] The solution is correct.
c [w = 94] Result: 10.
c [Main] Max width SAT is set to 94.
c [Main] Kill lower pid 47.
c [Main] Kill lower pid 32.
c [Main] Kill lower pid 63.
c [w = 47] Start task in PID: 188156.
c [w = 47] Cyclic Antibandwidth problem with w = 47 (caterpillar_20_25.txt):
c [w = 47] Initializing CaDiCaL (version 2.1.3).
c [w = 47] Configuring CaDiCaL as --sat (1).
c [w = 47] Encoding starts with w = 47:
c [w = 47] Symmetry breaking highest degree node is applied.
c [w = 47] Encoding duration: 2317 ms.
c [w = 47] Number of clauses: 3575283.
c [w = 47] Number of variables: 785000.
c [w = 47] SAT Solving starts:
c [Signal] Signal interruption. Caught signal: SIGTERM (15).
c [w = 32] Start task in PID: 188150.
c [w = 32] Cyclic Antibandwidth problem with w = 32 (caterpillar_20_25.txt):
c [w = 32] Initializing CaDiCaL (version 2.1.3).
c [w = 32] Configuring CaDiCaL as --sat (1).
c [w = 32] Encoding starts with w = 32:
c [w = 32] Symmetry breaking highest degree node is applied.
c [w = 32] Encoding duration: 2801 ms.
c [w = 32] Number of clauses: 3565298.
c [w = 32] Number of variables: 775000.
c [w = 32] SAT Solving starts:
c [Signal] Signal interruption. Caught signal: SIGTERM (15).
c [w = 63] Start task in PID: 188148.
c [w = 63] Cyclic Antibandwidth problem with w = 63 (caterpillar_20_25.txt):
c [w = 63] Initializing CaDiCaL (version 2.1.3).
c [w = 63] Configuring CaDiCaL as --sat (1).
c [w = 63] Encoding starts with w = 63:
c [w = 63] Symmetry breaking highest degree node is applied.
c [w = 63] Encoding duration: 2794 ms.
c [w = 63] Number of clauses: 3566774.
c [w = 63] Number of variables: 783000.
c [w = 63] SAT Solving starts:
c [Signal] Signal interruption. Caught signal: SIGTERM (15).
c [Main] Child pid 63 - 188148 terminated by signal 15.
c [Main] Child pid 32 - 188150 terminated by signal 15.
c [Main] Child pid 47 - 188156 terminated by signal 15.
c [w = 126] Start task in PID: 188147.
c [w = 126] Cyclic Antibandwidth problem with w = 126 (caterpillar_20_25.txt):
c [w = 126] Initializing CaDiCaL (version 2.1.3).
c [w = 126] Configuring CaDiCaL as --sat (1).
c [w = 126] Encoding starts with w = 126:
c [w = 126] Symmetry breaking highest degree node is applied.
c [w = 126] Encoding duration: 2808 ms.
c [w = 126] Number of clauses: 3609262.
c [w = 126] Number of variables: 789000.
c [w = 126] SAT Solving starts:
c [w = 126] Solving duration: 108969 ms.
c [w = 126] Answer:
s [w = 126] SAT (w = 126).
c [w = 126] Solution check = 126.
c [w = 126] The solution is correct.
c [w = 126] Result: 10.
c [Main] Max width SAT is set to 126.
c [Main] Kill lower pid 110.
c [w = 110] Start task in PID: 188164.
c [w = 110] Cyclic Antibandwidth problem with w = 110 (caterpillar_20_25.txt):
c [w = 110] Initializing CaDiCaL (version 2.1.3).
c [w = 110] Configuring CaDiCaL as --sat (1).
c [w = 110] Encoding starts with w = 110:
c [w = 110] Symmetry breaking highest degree node is applied.
c [w = 110] Encoding duration: 2350 ms.
c [w = 110] Number of clauses: 3666765.
c [w = 110] Number of variables: 810500.
c [w = 110] SAT Solving starts:
c [Signal] Signal interruption. Caught signal: SIGTERM (15).
c [Main] Child pid 110 - 188164 terminated by signal 15.
c [w = 157] Start task in PID: 188152.
c [w = 157] Cyclic Antibandwidth problem with w = 157 (caterpillar_20_25.txt):
c [w = 157] Initializing CaDiCaL (version 2.1.3).
c [w = 157] Configuring CaDiCaL as --sat (1).
c [w = 157] Encoding starts with w = 157:
c [w = 157] Symmetry breaking highest degree node is applied.
c [w = 157] Encoding duration: 3134 ms.
c [w = 157] Number of clauses: 3810762.
c [w = 157] Number of variables: 851000.
c [w = 157] SAT Solving starts:
c [w = 157] Solving duration: 130224 ms.
c [w = 157] Answer:
s [w = 157] SAT (w = 157).
c [w = 157] Solution check = 157.
c [w = 157] The solution is correct.
c [w = 157] Result: 10.
c [w = 133] Start task in PID: 188181.
c [w = 133] Cyclic Antibandwidth problem with w = 133 (caterpillar_20_25.txt):
c [w = 133] Initializing CaDiCaL (version 2.1.3).
c [w = 133] Configuring CaDiCaL as --sat (1).
c [w = 133] Encoding starts with w = 133:
c [w = 133] Symmetry breaking highest degree node is applied.
c [w = 133] Encoding duration: 2356 ms.
c [w = 133] Number of clauses: 3654762.
c [w = 133] Number of variables: 803000.
c [w = 133] SAT Solving starts:
c [Signal] Signal interruption. Caught signal: SIGTERM (15).
c [Main] Max width SAT is set to 157.
c [Main] Kill lower pid 133.
c [Main] Kill lower pid 141.
c [w = 141] Start task in PID: 188165.
c [w = 141] Cyclic Antibandwidth problem with w = 141 (caterpillar_20_25.txt):
c [w = 141] Initializing CaDiCaL (version 2.1.3).
c [w = 141] Configuring CaDiCaL as --sat (1).
c [w = 141] Encoding starts with w = 141:
c [w = 141] Symmetry breaking highest degree node is applied.
c [w = 141] Encoding duration: 2435 ms.
c [w = 141] Number of clauses: 3706762.
c [w = 141] Number of variables: 819000.
c [w = 141] SAT Solving starts:
c [Signal] Signal interruption. Caught signal: SIGTERM (15).
c [Main] Child pid 141 - 188165 terminated by signal 15.
c [Main] Child pid 133 - 188181 terminated by signal 15.
c [w = 164] Start task in PID: 188188.
c [w = 164] Cyclic Antibandwidth problem with w = 164 (caterpillar_20_25.txt):
c [w = 164] Initializing CaDiCaL (version 2.1.3).
c [w = 164] Configuring CaDiCaL as --sat (1).
c [w = 164] Encoding starts with w = 164:
c [w = 164] Symmetry breaking highest degree node is applied.
c [w = 164] Encoding duration: 2598 ms.
c [w = 164] Number of clauses: 3856262.
c [w = 164] Number of variables: 865000.
c [w = 164] SAT Solving starts:
c [Signal] Signal interruption. Caught signal: SIGTERM (15).
c [w = 172] Start task in PID: 188166.
c [w = 172] Cyclic Antibandwidth problem with w = 172 (caterpillar_20_25.txt):
c [w = 172] Initializing CaDiCaL (version 2.1.3).
c [w = 172] Configuring CaDiCaL as --sat (1).
c [w = 172] Encoding starts with w = 172:
c [w = 172] Symmetry breaking highest degree node is applied.
c [w = 172] Encoding duration: 2376 ms.
c [w = 172] Number of clauses: 3654259.
c [w = 172] Number of variables: 796500.
c [w = 172] SAT Solving starts:
c [Signal] Signal interruption. Caught signal: SIGTERM (15).
c [w = 235] Start task in PID: 188180.
c [w = 235] Cyclic Antibandwidth problem with w = 235 (caterpillar_20_25.txt):
c [w = 235] Initializing CaDiCaL (version 2.1.3).
c [w = 235] Configuring CaDiCaL as --sat (1).
c [w = 235] Encoding starts with w = 235:
c [w = 235] Symmetry breaking highest degree node is applied.
c [w = 235] Encoding duration: 2732 ms.
c [w = 235] Number of clauses: 3969259.
c [w = 235] Number of variables: 891000.
c [w = 235] SAT Solving starts:
c [Signal] Signal interruption. Caught signal: SIGTERM (15).
c [w = 203] Start task in PID: 188167.
c [w = 203] Cyclic Antibandwidth problem with w = 203 (caterpillar_20_25.txt):
c [w = 203] Initializing CaDiCaL (version 2.1.3).
c [w = 203] Configuring CaDiCaL as --sat (1).
c [w = 203] Encoding starts with w = 203:
c [w = 203] Symmetry breaking highest degree node is applied.
c [w = 203] Encoding duration: 2398 ms.
c [w = 203] Number of clauses: 3809259.
c [w = 203] Number of variables: 843000.
c [w = 203] SAT Solving starts:
c [Signal] Signal interruption. Caught signal: SIGTERM (15).
c [w = 188] Start task in PID: 188149.
c [w = 188] Cyclic Antibandwidth problem with w = 188 (caterpillar_20_25.txt):
c [w = 188] Initializing CaDiCaL (version 2.1.3).
c [w = 188] Configuring CaDiCaL as --sat (1).
c [w = 188] Encoding starts with w = 188:
c [w = 188] Symmetry breaking highest degree node is applied.
c [w = 188] Encoding duration: 2937 ms.
c [w = 188] Number of clauses: 3734259.
c [w = 188] Number of variables: 820500.
c [w = 188] SAT Solving starts:
c [Signal] Signal interruption. Caught signal: SIGTERM (15).
c [w = 219] Start task in PID: 188153.
c [w = 219] Cyclic Antibandwidth problem with w = 219 (caterpillar_20_25.txt):
c [w = 219] Initializing CaDiCaL (version 2.1.3).
c [w = 219] Configuring CaDiCaL as --sat (1).
c [w = 219] Encoding starts with w = 219:
c [w = 219] Symmetry breaking highest degree node is applied.
c [w = 219] Encoding duration: 3251 ms.
c [w = 219] Number of clauses: 3889259.
c [w = 219] Number of variables: 867000.
c [w = 219] SAT Solving starts:
c [Signal] Signal interruption. Caught signal: SIGTERM (15).
c [w = 180] Start task in PID: 188189.
c [w = 180] Cyclic Antibandwidth problem with w = 180 (caterpillar_20_25.txt):
c [w = 180] Initializing CaDiCaL (version 2.1.3).
c [w = 180] Configuring CaDiCaL as --sat (1).
c [w = 180] Encoding starts with w = 180:
c [w = 180] Symmetry breaking highest degree node is applied.
c [w = 180] Encoding duration: 2444 ms.
c [w = 180] Number of clauses: 3694259.
c [w = 180] Number of variables: 808500.
c [w = 180] SAT Solving starts:
c [Signal] Signal interruption. Caught signal: SIGTERM (15).
c [Main] Lim pid ends with result: 254.
c [Main] All children have completed.
r [Main] 
r [Main] Final results: 
r [Main] Max width SAT:  	157.
r [Main] Min width UNSAT:	-.
r [Main] Total real time: 151054 ms.
r [Main] Total memory consumed: 8259.6 MB.
r [Main] 
c [w = 195] Start task in PID: 188190.
c [w = 195] Cyclic Antibandwidth problem with w = 195 (caterpillar_20_25.txt):
c [w = 195] Initializing CaDiCaL (version 2.1.3).
c [w = 195] Configuring CaDiCaL as --sat (1).
c [w = 195] Encoding starts with w = 195:
c [w = 195] Symmetry breaking highest degree node is applied.
c [w = 195] Encoding duration: 2519 ms.
c [w = 195] Number of clauses: 3769259.
c [w = 195] Number of variables: 831000.
c [w = 195] SAT Solving starts:
c [Signal] Signal interruption. Caught signal: SIGTERM (15).
