c [Version] Cyclic Bandwidth Encoder version 1.0.0.
c [Param] Real time limit is set to 150.
c [Param] Memory limit is set to 30000.
c [Param] Worker count is set to 8.
c [Main] Encoding and solving for graph: caterpillar_20_7.txt.
c [Main] Search strategy: Binary search using BFS.
c [Main] No predefined lower bound is found for caterpillar_20_7.txt.
c [Main] LB-w = 2 (default value).
c [Main] No predefined upper bound is found for caterpillar_20_7.txt.
c [Main] UB-w = 70 (default value calculated as n/2).
c [Main] Search order: 36 18 53 9 27 44 62 5 13 22 31 40 48 57 66 3 7 11 15 20 24 29 33 38 42 46 50 55 59 64 68 2 4 6 8 10 12 14 16 19 21 23 25 28 30 32 34 37 39 41 43 45 47 49 51 54 56 58 60 63 65 67 69 17 26 35 52 61 70.
c [w = 5] Start task in PID: 187929.
c [w = 5] Cyclic Antibandwidth problem with w = 5 (caterpillar_20_7.txt):
c [w = 5] Initializing CaDiCaL (version 2.1.3).
c [w = 5] Configuring CaDiCaL as --sat (1).
c [w = 5] Encoding starts with w = 5:
c [w = 5] Symmetry breaking highest degree node is applied.
c [w = 5] Encoding duration: 186 ms.
c [w = 5] Number of clauses: 292754.
c [w = 5] Number of variables: 53200.
c [w = 5] SAT Solving starts:
c [w = 5] Solving duration: 41 ms.
c [w = 5] Answer:
s [w = 5] SAT (w = 5).
c [w = 5] Solution check = 5.
c [w = 5] The solution is correct.
c [w = 5] Result: 10.
c [Main] Max width SAT is set to 5.
c [w = 9] Start task in PID: 187925.
c [w = 9] Cyclic Antibandwidth problem with w = 9 (caterpillar_20_7.txt):
c [w = 9] Initializing CaDiCaL (version 2.1.3).
c [w = 9] Configuring CaDiCaL as --sat (1).
c [w = 9] Encoding starts with w = 9:
c [w = 9] Symmetry breaking highest degree node is applied.
c [w = 9] Encoding duration: 189 ms.
c [w = 9] Number of clauses: 277318.
c [w = 9] Number of variables: 58800.
c [w = 9] SAT Solving starts:
c [w = 9] Solving duration: 296 ms.
c [w = 9] Answer:
s [w = 9] SAT (w = 9).
c [w = 9] Solution check = 9.
c [w = 9] The solution is correct.
c [w = 9] Result: 10.
c [Main] Max width SAT is set to 9.
c [w = 36] Start task in PID: 187922.
c [w = 36] Cyclic Antibandwidth problem with w = 36 (caterpillar_20_7.txt):
c [w = 36] Initializing CaDiCaL (version 2.1.3).
c [w = 36] Configuring CaDiCaL as --sat (1).
c [w = 36] Encoding starts with w = 36:
c [w = 36] Symmetry breaking highest degree node is applied.
c [w = 36] Encoding duration: 196 ms.
c [w = 36] Number of clauses: 283582.
c [w = 36] Number of variables: 63840.
c [w = 36] SAT Solving starts:
c [w = 36] Solving duration: 511 ms.
c [w = 36] Answer:
s [w = 36] SAT (w = 36).
c [w = 36] Solution check = 36.
c [w = 36] The solution is correct.
c [w = 36] Result: 10.
c [w = 27] Start task in PID: 187926.
c [w = 27] Cyclic Antibandwidth problem with w = 27 (caterpillar_20_7.txt):
c [w = 27] Initializing CaDiCaL (version 2.1.3).
c [w = 27] Configuring CaDiCaL as --sat (1).
c [w = 27] Encoding starts with w = 27:
c [w = 27] Symmetry breaking highest degree node is applied.
c [w = 27] Encoding duration: 198 ms.
c [w = 27] Number of clauses: 288068.
c [w = 27] Number of variables: 65520.
c [w = 27] SAT Solving starts:
c [Signal] Signal interruption. Caught signal: SIGTERM (15).
c [Main] Max width SAT is set to 36.
c [Main] Kill lower pid 22.
c [Main] Kill lower pid 13.
c [Main] Kill lower pid 27.
c [Main] Kill lower pid 18.
c [w = 22] Start task in PID: 187931.
c [w = 22] Cyclic Antibandwidth problem with w = 22 (caterpillar_20_7.txt):
c [w = 22] Initializing CaDiCaL (version 2.1.3).
c [w = 22] Configuring CaDiCaL as --sat (1).
c [w = 22] Encoding starts with w = 22:
c [w = 22] Symmetry breaking highest degree node is applied.
c [Signal] Signal interruption. Caught signal: SIGTERM (15).
c [w = 13] Start task in PID: 187930.
c [w = 13] Cyclic Antibandwidth problem with w = 13 (caterpillar_20_7.txt):
c [w = 13] Initializing CaDiCaL (version 2.1.3).
c [w = 13] Configuring CaDiCaL as --sat (1).
c [w = 13] Encoding starts with w = 13:
c [w = 13] Symmetry breaking highest degree node is applied.
c [w = 13] Encoding duration: 183 ms.
c [w = 13] Number of clauses: 276043.
c [w = 13] Number of variables: 60760.
c [w = 13] SAT Solving starts:
c [Signal] Signal interruption. Caught signal: SIGTERM (15).
c [w = 18] Start task in PID: 187923.
c [w = 18] Cyclic Antibandwidth problem with w = 18 (caterpillar_20_7.txt):
c [w = 18] Initializing CaDiCaL (version 2.1.3).
c [w = 18] Configuring CaDiCaL as --sat (1).
c [w = 18] Encoding starts with w = 18:
c [w = 18] Symmetry breaking highest degree node is applied.
c [w = 18] Encoding duration: 187 ms.
c [w = 18] Number of clauses: 277994.
c [w = 18] Number of variables: 62160.
c [w = 18] SAT Solving starts:
c [w = 18] Solving duration: 558 ms.
c [w = 18] Answer:
s [w = 18] SAT (w = 18).
c [w = 18] Solution check = 18.
c [w = 18] The solution is correct.
c [Signal] Signal interruption. Caught signal: SIGTERM (15).
c [Main] Child pid 27 - 187926 terminated by signal 15.
c [Main] Child pid 22 - 187931 terminated by signal 15.
c [Main] Child pid 18 - 187923 terminated by signal 15.
c [Main] Child pid 13 - 187930 terminated by signal 15.
c [w = 62] Start task in PID: 187928.
c [w = 62] Cyclic Antibandwidth problem with w = 62 (caterpillar_20_7.txt):
c [w = 62] Initializing CaDiCaL (version 2.1.3).
c [w = 62] Configuring CaDiCaL as --sat (1).
c [w = 62] Encoding starts with w = 62:
c [w = 62] Symmetry breaking highest degree node is applied.
c [w = 62] Encoding duration: 210 ms.
c [w = 62] Number of clauses: 305979.
c [w = 62] Number of variables: 70140.
c [w = 62] SAT Solving starts:
c [w = 62] Solving duration: 1078 ms.
c [w = 62] Answer:
s [w = 62] SAT (w = 62).
c [w = 62] Solution check = 62.
c [w = 62] The solution is correct.
c [w = 62] Result: 10.
c [w = 48] Start task in PID: 187933.
c [w = 48] Cyclic Antibandwidth problem with w = 48 (caterpillar_20_7.txt):
c [w = 48] Initializing CaDiCaL (version 2.1.3).
c [w = 48] Configuring CaDiCaL as --sat (1).
c [w = 48] Encoding starts with w = 48:
c [w = 48] Symmetry breaking highest degree node is applied.
c [w = 48] Encoding duration: 191 ms.
c [w = 48] Number of clauses: 286379.
c [w = 48] Number of variables: 64260.
c [w = 48] SAT Solving starts:
c [Signal] Signal interruption. Caught signal: SIGTERM (15).
c [w = 40] Start task in PID: 187932.
c [w = 40] Cyclic Antibandwidth problem with w = 40 (caterpillar_20_7.txt):
c [w = 40] Initializing CaDiCaL (version 2.1.3).
c [w = 40] Configuring CaDiCaL as --sat (1).
c [w = 40] Encoding starts with w = 40:
c [w = 40] Symmetry breaking highest degree node is applied.
c [w = 40] Encoding duration: 197 ms.
c [w = 40] Number of clauses: 290862.
c [w = 40] Number of variables: 66080.
c [w = 40] SAT Solving starts:
c [Signal] Signal interruption. Caught signal: SIGTERM (15).
c [w = 38] Start task in PID: 187936.
c [w = 38] Cyclic Antibandwidth problem with w = 38 (caterpillar_20_7.txt):
c [w = 38] Initializing CaDiCaL (version 2.1.3).
c [w = 38] Configuring CaDiCaL as --sat (1).
c [w = 38] Encoding starts with w = 38:
c [w = 38] Symmetry breaking highest degree node is applied.
c [w = 38] Encoding duration: 193 ms.
c [w = 38] Number of clauses: 287222.
c [w = 38] Number of variables: 64960.
c [w = 38] SAT Solving starts:
c [w = 38] Solving duration: 368 ms.
c [w = 38] Answer:
s [w = 38] SAT (w = 38).
c [w = 38] Solution check = 38.
c [w = 38] The solution is correct.
c [Signal] Signal interruption. Caught signal: SIGTERM (15).
c [Main] Max width SAT is set to 62.
c [Main] Kill lower pid 38.
c [Main] Kill lower pid 48.
c [Main] Kill lower pid 40.
c [Main] Kill lower pid 53.
c [Main] Kill lower pid 57.
c [Main] Kill lower pid 44.
c [w = 53] Start task in PID: 187924.
c [w = 53] Cyclic Antibandwidth problem with w = 53 (caterpillar_20_7.txt):
c [w = 53] Initializing CaDiCaL (version 2.1.3).
c [w = 53] Configuring CaDiCaL as --sat (1).
c [w = 53] Encoding starts with w = 53:
c [w = 53] Symmetry breaking highest degree node is applied.
c [w = 53] Encoding duration: 196 ms.
c [w = 53] Number of clauses: 293379.
c [w = 53] Number of variables: 66360.
c [w = 53] SAT Solving starts:
c [Signal] Signal interruption. Caught signal: SIGTERM (15).
c [w = 57] Start task in PID: 187934.
c [w = 57] Cyclic Antibandwidth problem with w = 57 (caterpillar_20_7.txt):
c [w = 57] Initializing CaDiCaL (version 2.1.3).
c [w = 57] Configuring CaDiCaL as --sat (1).
c [w = 57] Encoding starts with w = 57:
c [w = 57] Symmetry breaking highest degree node is applied.
c [w = 57] Encoding duration: 209 ms.
c [w = 57] Number of clauses: 298979.
c [w = 57] Number of variables: 68040.
c [w = 57] SAT Solving starts:
c [Signal] Signal interruption. Caught signal: SIGTERM (15).
c [w = 44] Start task in PID: 187927.
c [w = 44] Cyclic Antibandwidth problem with w = 44 (caterpillar_20_7.txt):
c [w = 44] Initializing CaDiCaL (version 2.1.3).
c [w = 44] Configuring CaDiCaL as --sat (1).
c [w = 44] Encoding starts with w = 44:
c [w = 44] Symmetry breaking highest degree node is applied.
c [w = 44] Encoding duration: 199 ms.
c [w = 44] Number of clauses: 298142.
c [w = 44] Number of variables: 68320.
c [w = 44] SAT Solving starts:
c [Signal] Signal interruption. Caught signal: SIGTERM (15).
c [Main] Child pid 38 - 187936 terminated by signal 15.
c [Main] Child pid 57 - 187934 terminated by signal 15.
c [Main] Child pid 53 - 187924 terminated by signal 15.
c [Main] Child pid 44 - 187927 terminated by signal 15.
c [Main] Child pid 40 - 187932 terminated by signal 15.
c [Main] Child pid 48 - 187933 terminated by signal 15.
c [w = 70] Start task in PID: 187943.
c [w = 70] Cyclic Antibandwidth problem with w = 70 (caterpillar_20_7.txt):
c [w = 70] Initializing CaDiCaL (version 2.1.3).
c [w = 70] Configuring CaDiCaL as --sat (1).
c [w = 70] Encoding starts with w = 70:
c [w = 70] Symmetry breaking highest degree node is applied.
c [w = 70] Encoding duration: 192 ms.
c [w = 70] Number of clauses: 289036.
c [w = 70] Number of variables: 64120.
c [w = 70] SAT Solving starts:
c [w = 70] Solving duration: 2 ms.
c [w = 70] Answer:
s [w = 70] UNSAT (w = 70).
c [w = 70] Result: 20.
c [Main] Min width UNSAT is set to 70
c [w = 65] Start task in PID: 187940.
c [w = 65] Cyclic Antibandwidth problem with w = 65 (caterpillar_20_7.txt):
c [w = 65] Initializing CaDiCaL (version 2.1.3).
c [w = 65] Configuring CaDiCaL as --sat (1).
c [w = 65] Encoding starts with w = 65:
c [w = 65] Symmetry breaking highest degree node is applied.
c [w = 65] Encoding duration: 207 ms.
c [w = 65] Number of clauses: 310179.
c [w = 65] Number of variables: 71400.
c [w = 65] SAT Solving starts:
c [w = 65] Solving duration: 898 ms.
c [w = 65] Answer:
s [w = 65] SAT (w = 65).
c [w = 65] Solution check = 65.
c [w = 65] The solution is correct.
c [w = 65] Result: 10.
c [Main] Max width SAT is set to 65.
c [Main] Kill lower pid 63.
c [Main] Kill lower pid 64.
c [w = 64] Start task in PID: 187937.
c [w = 64] Cyclic Antibandwidth problem with w = 64 (caterpillar_20_7.txt):
c [w = 64] Initializing CaDiCaL (version 2.1.3).
c [w = 64] Configuring CaDiCaL as --sat (1).
c [w = 64] Encoding starts with w = 64:
c [w = 64] Symmetry breaking highest degree node is applied.
c [w = 64] Encoding duration: 217 ms.
c [w = 64] Number of clauses: 308779.
c [w = 64] Number of variables: 70980.
c [w = 64] SAT Solving starts:
c [Signal] Signal interruption. Caught signal: SIGTERM (15).
e [Pid] Unable to open /proc/187940/status
c [w = 63] Start task in PID: 187939.
c [w = 63] Cyclic Antibandwidth problem with w = 63 (caterpillar_20_7.txt):
c [w = 63] Initializing CaDiCaL (version 2.1.3).
c [w = 63] Configuring CaDiCaL as --sat (1).
c [w = 63] Encoding starts with w = 63:
c [w = 63] Symmetry breaking highest degree node is applied.
c [w = 63] Encoding duration: 213 ms.
c [w = 63] Number of clauses: 307379.
c [w = 63] Number of variables: 70560.
c [w = 63] SAT Solving starts:
c [Signal] Signal interruption. Caught signal: SIGTERM (15).
c [Main] Child pid 63 - 187939 terminated by signal 15.
c [Main] Child pid 64 - 187937 terminated by signal 15.
c [w = 69] Start task in PID: 187942.
c [w = 69] Cyclic Antibandwidth problem with w = 69 (caterpillar_20_7.txt):
c [w = 69] Initializing CaDiCaL (version 2.1.3).
c [w = 69] Configuring CaDiCaL as --sat (1).
c [w = 69] Encoding starts with w = 69:
c [w = 69] Symmetry breaking highest degree node is applied.
c [w = 69] Encoding duration: 220 ms.
c [w = 69] Number of clauses: 315779.
c [w = 69] Number of variables: 73080.
c [w = 69] SAT Solving starts:
c [w = 69] Solving duration: 3397 ms.
c [w = 69] Answer:
s [w = 69] UNSAT (w = 69).
c [w = 69] Result: 20.
c [Main] Min width UNSAT is set to 69
c [w = 66] Start task in PID: 187935.
c [w = 66] Cyclic Antibandwidth problem with w = 66 (caterpillar_20_7.txt):
c [w = 66] Initializing CaDiCaL (version 2.1.3).
c [w = 66] Configuring CaDiCaL as --sat (1).
c [w = 66] Encoding starts with w = 66:
c [w = 66] Symmetry breaking highest degree node is applied.
c [w = 66] Encoding duration: 212 ms.
c [w = 66] Number of clauses: 311579.
c [w = 66] Number of variables: 71820.
c [w = 66] SAT Solving starts:
c [w = 66] Solving duration: 4896 ms.
c [w = 66] Answer:
s [w = 66] SAT (w = 66).
c [w = 66] Solution check = 66.
c [w = 66] The solution is correct.
c [w = 66] Result: 10.
c [Main] Max width SAT is set to 66.
c [w = 68] Start task in PID: 187938.
c [w = 68] Cyclic Antibandwidth problem with w = 68 (caterpillar_20_7.txt):
c [w = 68] Initializing CaDiCaL (version 2.1.3).
c [w = 68] Configuring CaDiCaL as --sat (1).
c [w = 68] Encoding starts with w = 68:
c [w = 68] Symmetry breaking highest degree node is applied.
c [w = 68] Encoding duration: 222 ms.
c [w = 68] Number of clauses: 314379.
c [w = 68] Number of variables: 72660.
c [w = 68] SAT Solving starts:
c [Signal] Signal interruption. Caught signal: SIGTERM (15).
c [w = 67] Start task in PID: 187941.
c [w = 67] Cyclic Antibandwidth problem with w = 67 (caterpillar_20_7.txt):
c [w = 67] Initializing CaDiCaL (version 2.1.3).
c [w = 67] Configuring CaDiCaL as --sat (1).
c [w = 67] Encoding starts with w = 67:
c [w = 67] Symmetry breaking highest degree node is applied.
c [w = 67] Encoding duration: 216 ms.
c [w = 67] Number of clauses: 312979.
c [w = 67] Number of variables: 72240.
c [w = 67] SAT Solving starts:
c [Signal] Signal interruption. Caught signal: SIGTERM (15).
c [Main] Lim pid ends with result: 254.
c [Main] All children have completed.
r [Main] 
r [Main] Final results: 
r [Main] Max width SAT:  	66.
r [Main] Min width UNSAT:	69.
r [Main] Total real time: 150558 ms.
r [Main] Total memory consumed: 654.2 MB.
r [Main] 
