c [Version] Cyclic Bandwidth Encoder version 1.0.0.
c [Param] Real time limit is set to 150.
c [Param] Memory limit is set to 30000.
c [Param] Worker count is set to 8.
c [Main] Encoding and solving for graph: caterpillar_30_25.txt.
c [Main] Search strategy: Binary search using BFS.
c [Main] No predefined lower bound is found for caterpillar_30_25.txt.
c [Main] LB-w = 2 (default value).
c [Main] No predefined upper bound is found for caterpillar_30_25.txt.
c [Main] UB-w = 375 (default value calculated as n/2).
c [Main] Search order: 188 94 282 47 141 235 329 24 70 117 164 211 258 305 352 12 35 58 82 105 129 152 176 199 223 246 270 293 317 340 364 6 18 29 41 52 64 76 88 99 111 123 135 146 158 170 182 193 205 217 229 240 252 264 276 287 299 311 323 334 346 358 370 3 9 15 21 26 32 38 44 49 55 61 67 73 79 85 91 96 102 108 114 120 126 132 138 143 149 155 161 167 173 179 185 190 196 202 208 214 220 226 232 237 243 249 255 261 267 273 279 284 290 296 302 308 314 320 326 331 337 343 349 355 361 367 373 2 4 7 10 13 16 19 22 25 27 30 33 36 39 42 45 48 50 53 56 59 62 65 68 71 74 77 80 83 86 89 92 95 97 100 103 106 109 112 115 118 121 124 127 130 133 136 139 142 144 147 150 153 156 159 162 165 168 171 174 177 180 183 186 189 191 194 197 200 203 206 209 212 215 218 221 224 227 230 233 236 238 241 244 247 250 253 256 259 262 265 268 271 274 277 280 283 285 288 291 294 297 300 303 306 309 312 315 318 321 324 327 330 332 335 338 341 344 347 350 353 356 359 362 365 368 371 374 5 8 11 14 17 20 23 28 31 34 37 40 43 46 51 54 57 60 63 66 69 72 75 78 81 84 87 90 93 98 101 104 107 110 113 116 119 122 125 128 131 134 137 140 145 148 151 154 157 160 163 166 169 172 175 178 181 184 187 192 195 198 201 204 207 210 213 216 219 222 225 228 231 234 239 242 245 248 251 254 257 260 263 266 269 272 275 278 281 286 289 292 295 298 301 304 307 310 313 316 319 322 325 328 333 336 339 342 345 348 351 354 357 360 363 366 369 372 375.
c [w = 329] Start task in PID: 188568.
c [w = 329] Cyclic Antibandwidth problem with w = 329 (caterpillar_30_25.txt):
c [w = 329] Initializing CaDiCaL (version 2.1.3).
c [w = 329] Configuring CaDiCaL as --sat (1).
c [w = 329] Encoding starts with w = 329:
c [w = 329] Symmetry breaking highest degree node is applied.
c [w = 329] Encoding duration: 6121 ms.
c [w = 329] Number of clauses: 8743884.
c [w = 329] Number of variables: 1938000.
c [w = 329] SAT Solving starts:
c [Signal] Signal interruption. Caught signal: SIGTERM (15).
c [w = 235] Start task in PID: 188567.
c [w = 235] Cyclic Antibandwidth problem with w = 235 (caterpillar_30_25.txt):
c [w = 235] Initializing CaDiCaL (version 2.1.3).
c [w = 235] Configuring CaDiCaL as --sat (1).
c [w = 235] Encoding starts with w = 235:
c [w = 235] Symmetry breaking highest degree node is applied.
c [w = 235] Encoding duration: 6024 ms.
c [w = 235] Number of clauses: 8561637.
c [w = 235] Number of variables: 1900500.
c [w = 235] SAT Solving starts:
c [Signal] Signal interruption. Caught signal: SIGTERM (15).
c [w = 141] Start task in PID: 188566.
c [w = 141] Cyclic Antibandwidth problem with w = 141 (caterpillar_30_25.txt):
c [w = 141] Initializing CaDiCaL (version 2.1.3).
c [w = 141] Configuring CaDiCaL as --sat (1).
c [w = 141] Encoding starts with w = 141:
c [w = 141] Symmetry breaking highest degree node is applied.
c [w = 141] Encoding duration: 5803 ms.
c [w = 141] Number of clauses: 8269893.
c [w = 141] Number of variables: 1825500.
c [w = 141] SAT Solving starts:
c [Signal] Signal interruption. Caught signal: SIGTERM (15).
c [w = 24] Start task in PID: 188569.
c [w = 24] Cyclic Antibandwidth problem with w = 24 (caterpillar_30_25.txt):
c [w = 24] Initializing CaDiCaL (version 2.1.3).
c [w = 24] Configuring CaDiCaL as --sat (1).
c [w = 24] Encoding starts with w = 24:
c [w = 24] Symmetry breaking highest degree node is applied.
c [w = 24] Encoding duration: 5741 ms.
c [w = 24] Number of clauses: 8152971.
c [w = 24] Number of variables: 1708500.
c [w = 24] SAT Solving starts:
c [Signal] Signal interruption. Caught signal: SIGTERM (15).
c [w = 47] Start task in PID: 188565.
c [w = 47] Cyclic Antibandwidth problem with w = 47 (caterpillar_30_25.txt):
c [w = 47] Initializing CaDiCaL (version 2.1.3).
c [w = 47] Configuring CaDiCaL as --sat (1).
c [w = 47] Encoding starts with w = 47:
c [w = 47] Symmetry breaking highest degree node is applied.
c [w = 47] Encoding duration: 5506 ms.
c [w = 47] Number of clauses: 7984173.
c [w = 47] Number of variables: 1732500.
c [w = 47] SAT Solving starts:
c [Signal] Signal interruption. Caught signal: SIGTERM (15).
c [w = 94] Start task in PID: 188563.
c [w = 94] Cyclic Antibandwidth problem with w = 94 (caterpillar_30_25.txt):
c [w = 94] Initializing CaDiCaL (version 2.1.3).
c [w = 94] Configuring CaDiCaL as --sat (1).
c [w = 94] Encoding starts with w = 94:
c [w = 94] Symmetry breaking highest degree node is applied.
c [w = 94] Encoding duration: 5570 ms.
c [w = 94] Number of clauses: 8016399.
c [w = 94] Number of variables: 1750500.
c [w = 94] SAT Solving starts:
c [Signal] Signal interruption. Caught signal: SIGTERM (15).
c [w = 188] Start task in PID: 188562.
c [w = 188] Cyclic Antibandwidth problem with w = 188 (caterpillar_30_25.txt):
c [w = 188] Initializing CaDiCaL (version 2.1.3).
c [w = 188] Configuring CaDiCaL as --sat (1).
c [w = 188] Encoding starts with w = 188:
c [w = 188] Symmetry breaking highest degree node is applied.
c [w = 188] Encoding duration: 5596 ms.
c [w = 188] Number of clauses: 8103387.
c [w = 188] Number of variables: 1759500.
c [w = 188] SAT Solving starts:
c [Signal] Signal interruption. Caught signal: SIGTERM (15).
c [Main] Lim pid ends with result: 254.
c [Main] All children have completed.
r [Main] 
r [Main] Final results: 
r [Main] Max width SAT:  	-.
r [Main] Min width UNSAT:	-.
r [Main] Total real time: 151035 ms.
r [Main] Total memory consumed: 18454 MB.
r [Main] 
c [w = 282] Start task in PID: 188564.
c [w = 282] Cyclic Antibandwidth problem with w = 282 (caterpillar_30_25.txt):
c [w = 282] Initializing CaDiCaL (version 2.1.3).
c [w = 282] Configuring CaDiCaL as --sat (1).
c [w = 282] Encoding starts with w = 282:
c [w = 282] Symmetry breaking highest degree node is applied.
c [w = 282] Encoding duration: 5826 ms.
c [w = 282] Number of clauses: 8391384.
c [w = 282] Number of variables: 1832250.
c [w = 282] SAT Solving starts:
c [Signal] Signal interruption. Caught signal: SIGTERM (15).
