c [Version] Cyclic Bandwidth Encoder version 1.0.0.
c [Param] Real time limit is set to 1800.
c [Param] Memory limit is set to 30000.
c [Param] Worker count is set to 8.
c [Main] Encoding and solving for graph: hypercube_8_256.txt.
c [Main] Search strategy: Binary search from lower bound.
c [Main] Lower bound is set to 43.
c [Main] Upper bound is set to 85.
c [Main] Search order: 64 53 47 44 43 45 46 50 48 49 51 52 58 55 54 56 57 61 59 60 62 63 75 69 66 65 67 68 72 70 71 73 74 80 77 76 78 79 83 81 82 84 85.
c [w = 45] Start task in PID: 43049.
c [w = 45] Cyclic Antibandwidth problem with w = 45 (hypercube_8_256.txt):
c [w = 45] Initializing CaDiCaL (version 2.1.3).
c [w = 45] Configuring CaDiCaL as --sat (1).
c [w = 45] Encoding starts with w = 45:
c [w = 45] Symmetry breaking highest degree node is applied.
c [w = 45] Encoding duration: 2324 ms.
c [w = 45] Number of clauses: 1720704.
c [w = 45] Number of variables: 210944.
c [w = 45] SAT Solving starts:
c [w = 45] Solving duration: 40274 ms.
c [w = 45] Answer:
s [w = 45] SAT (w = 45).
c [w = 45] Solution check = 45.
c [w = 45] The solution is correct.
c [w = 45] Result: 10.
c [Main] Max width SAT is set to 45.
c [Main] Kill lower pid 43.
c [Main] Kill lower pid 44.
c [w = 43] Start task in PID: 43048.
c [w = 43] Cyclic Antibandwidth problem with w = 43 (hypercube_8_256.txt):
c [w = 43] Initializing CaDiCaL (version 2.1.3).
c [w = 43] Configuring CaDiCaL as --sat (1).
c [w = 43] Encoding starts with w = 43:
c [w = 43] Symmetry breaking highest degree node is applied.
c [w = 43] Encoding duration: 2334 ms.
c [w = 43] Number of clauses: 1710976.
c [w = 43] Number of variables: 207872.
c [w = 43] SAT Solving starts:
c [Signal] Signal interruption. Caught signal: SIGTERM (15).
c [w = 44] Start task in PID: 43047.
c [w = 44] Cyclic Antibandwidth problem with w = 44 (hypercube_8_256.txt):
c [w = 44] Initializing CaDiCaL (version 2.1.3).
c [w = 44] Configuring CaDiCaL as --sat (1).
c [w = 44] Encoding starts with w = 44:
c [w = 44] Symmetry breaking highest degree node is applied.
c [w = 44] Encoding duration: 2305 ms.
c [w = 44] Number of clauses: 1715840.
c [w = 44] Number of variables: 209408.
c [w = 44] SAT Solving starts:
c [Signal] Signal interruption. Caught signal: SIGTERM (15).
c [Main] Child pid 44 - 43047 terminated by signal 15.
c [Main] Child pid 43 - 43048 terminated by signal 15.
c [w = 47] Start task in PID: 43046.
c [w = 47] Cyclic Antibandwidth problem with w = 47 (hypercube_8_256.txt):
c [w = 47] Initializing CaDiCaL (version 2.1.3).
c [w = 47] Configuring CaDiCaL as --sat (1).
c [w = 47] Encoding starts with w = 47:
c [w = 47] Symmetry breaking highest degree node is applied.
c [w = 47] Encoding duration: 2365 ms.
c [w = 47] Number of clauses: 1730432.
c [w = 47] Number of variables: 214016.
c [w = 47] SAT Solving starts:
c [w = 47] Solving duration: 54612 ms.
c [w = 47] Answer:
s [w = 47] SAT (w = 47).
c [w = 47] Solution check = 47.
c [w = 47] The solution is correct.
c [w = 47] Result: 10.
c [Main] Max width SAT is set to 47.
c [Main] Kill lower pid 46.
c [w = 46] Start task in PID: 43050.
c [w = 46] Cyclic Antibandwidth problem with w = 46 (hypercube_8_256.txt):
c [w = 46] Initializing CaDiCaL (version 2.1.3).
c [w = 46] Configuring CaDiCaL as --sat (1).
c [w = 46] Encoding starts with w = 46:
c [w = 46] Symmetry breaking highest degree node is applied.
c [w = 46] Encoding duration: 2320 ms.
c [w = 46] Number of clauses: 1725568.
c [w = 46] Number of variables: 212480.
c [w = 46] SAT Solving starts:
c [Signal] Signal interruption. Caught signal: SIGTERM (15).
c [Main] Child pid 46 - 43050 terminated by signal 15.
c [w = 48] Start task in PID: 43082.
c [w = 48] Cyclic Antibandwidth problem with w = 48 (hypercube_8_256.txt):
c [w = 48] Initializing CaDiCaL (version 2.1.3).
c [w = 48] Configuring CaDiCaL as --sat (1).
c [w = 48] Encoding starts with w = 48:
c [w = 48] Symmetry breaking highest degree node is applied.
c [w = 48] Encoding duration: 1820 ms.
c [w = 48] Number of clauses: 1735296.
c [w = 48] Number of variables: 215552.
c [w = 48] SAT Solving starts:
c [w = 48] Solving duration: 73720 ms.
c [w = 48] Answer:
s [w = 48] SAT (w = 48).
c [w = 48] Solution check = 48.
c [w = 48] The solution is correct.
c [w = 48] Result: 10.
c [Main] Max width SAT is set to 48.
c [w = 50] Start task in PID: 43051.
c [w = 50] Cyclic Antibandwidth problem with w = 50 (hypercube_8_256.txt):
c [w = 50] Initializing CaDiCaL (version 2.1.3).
c [w = 50] Configuring CaDiCaL as --sat (1).
c [w = 50] Encoding starts with w = 50:
c [w = 50] Symmetry breaking highest degree node is applied.
c [w = 50] Encoding duration: 2355 ms.
c [w = 50] Number of clauses: 1745024.
c [w = 50] Number of variables: 218624.
c [w = 50] SAT Solving starts:
c [w = 50] Solving duration: 142858 ms.
c [w = 50] Answer:
s [w = 50] SAT (w = 50).
c [w = 50] Solution check = 50.
c [w = 50] The solution is correct.
c [w = 50] Result: 10.
c [Main] Max width SAT is set to 50.
c [Main] Kill lower pid 49.
c [w = 49] Start task in PID: 43083.
c [w = 49] Cyclic Antibandwidth problem with w = 49 (hypercube_8_256.txt):
c [w = 49] Initializing CaDiCaL (version 2.1.3).
c [w = 49] Configuring CaDiCaL as --sat (1).
c [w = 49] Encoding starts with w = 49:
c [w = 49] Symmetry breaking highest degree node is applied.
c [w = 49] Encoding duration: 1824 ms.
c [w = 49] Number of clauses: 1740160.
c [w = 49] Number of variables: 217088.
c [w = 49] SAT Solving starts:
c [Signal] Signal interruption. Caught signal: SIGTERM (15).
c [Main] Child pid 49 - 43083 terminated by signal 15.
c [w = 51] Start task in PID: 43084.
c [w = 51] Cyclic Antibandwidth problem with w = 51 (hypercube_8_256.txt):
c [w = 51] Initializing CaDiCaL (version 2.1.3).
c [w = 51] Configuring CaDiCaL as --sat (1).
c [w = 51] Encoding starts with w = 51:
c [w = 51] Symmetry breaking highest degree node is applied.
c [w = 51] Encoding duration: 1802 ms.
c [w = 51] Number of clauses: 1712512.
c [w = 51] Number of variables: 207872.
c [w = 51] SAT Solving starts:
c [w = 51] Solving duration: 152873 ms.
c [w = 51] Answer:
s [w = 51] SAT (w = 51).
c [w = 51] Solution check = 51.
c [w = 51] The solution is correct.
c [w = 51] Result: 10.
c [Main] Max width SAT is set to 51.
c [w = 52] Start task in PID: 43130.
c [w = 52] Cyclic Antibandwidth problem with w = 52 (hypercube_8_256.txt):
c [w = 52] Initializing CaDiCaL (version 2.1.3).
c [w = 52] Configuring CaDiCaL as --sat (1).
c [w = 52] Encoding starts with w = 52:
c [w = 52] Symmetry breaking highest degree node is applied.
c [w = 52] Encoding duration: 1612 ms.
c [w = 52] Number of clauses: 1718656.
c [w = 52] Number of variables: 209152.
c [w = 52] SAT Solving starts:
c [w = 52] Solving duration: 162562 ms.
c [w = 52] Answer:
s [w = 52] SAT (w = 52).
c [w = 52] Solution check = 52.
c [w = 52] The solution is correct.
c [w = 52] Result: 10.
c [Main] Max width SAT is set to 52.
c [w = 56] Start task in PID: 43211.
c [w = 56] Cyclic Antibandwidth problem with w = 56 (hypercube_8_256.txt):
c [w = 56] Initializing CaDiCaL (version 2.1.3).
c [w = 56] Configuring CaDiCaL as --sat (1).
c [w = 56] Encoding starts with w = 56:
c [w = 56] Symmetry breaking highest degree node is applied.
c [w = 56] Encoding duration: 1723 ms.
c [w = 56] Number of clauses: 1735040.
c [w = 56] Number of variables: 214272.
c [w = 56] SAT Solving starts:
c [w = 56] Solving duration: 110420 ms.
c [w = 56] Answer:
s [w = 56] SAT (w = 56).
c [w = 56] Solution check = 56.
c [w = 56] The solution is correct.
c [w = 56] Result: 10.
c [Main] Max width SAT is set to 56.
c [Main] Kill lower pid 54.
c [Main] Kill lower pid 55.
c [Main] Kill lower pid 53.
c [w = 53] Start task in PID: 43045.
c [w = 53] Cyclic Antibandwidth problem with w = 53 (hypercube_8_256.txt):
c [w = 53] Initializing CaDiCaL (version 2.1.3).
c [w = 53] Configuring CaDiCaL as --sat (1).
c [w = 53] Encoding starts with w = 53:
c [w = 53] Symmetry breaking highest degree node is applied.
c [w = 53] Encoding duration: 2345 ms.
c [w = 53] Number of clauses: 1722752.
c [w = 53] Number of variables: 210432.
c [w = 53] SAT Solving starts:
c [Signal] Signal interruption. Caught signal: SIGTERM (15).
c [w = 54] Start task in PID: 43210.
c [w = 54] Cyclic Antibandwidth problem with w = 54 (hypercube_8_256.txt):
c [w = 54] Initializing CaDiCaL (version 2.1.3).
c [w = 54] Configuring CaDiCaL as --sat (1).
c [w = 54] Encoding starts with w = 54:
c [w = 54] Symmetry breaking highest degree node is applied.
c [w = 54] Encoding duration: 1728 ms.
c [w = 54] Number of clauses: 1726848.
c [w = 54] Number of variables: 211712.
c [w = 54] SAT Solving starts:
c [Signal] Signal interruption. Caught signal: SIGTERM (15).
c [w = 55] Start task in PID: 43177.
c [w = 55] Cyclic Antibandwidth problem with w = 55 (hypercube_8_256.txt):
c [w = 55] Initializing CaDiCaL (version 2.1.3).
c [w = 55] Configuring CaDiCaL as --sat (1).
c [w = 55] Encoding starts with w = 55:
c [w = 55] Symmetry breaking highest degree node is applied.
c [w = 55] Encoding duration: 1771 ms.
c [w = 55] Number of clauses: 1730944.
c [w = 55] Number of variables: 212992.
c [w = 55] SAT Solving starts:
c [Signal] Signal interruption. Caught signal: SIGTERM (15).
c [Main] Child pid 53 - 43045 terminated by signal 15.
c [Main] Child pid 55 - 43177 terminated by signal 15.
c [Main] Child pid 54 - 43210 terminated by signal 15.
c [w = 64] Start task in PID: 43044.
c [w = 64] Cyclic Antibandwidth problem with w = 64 (hypercube_8_256.txt):
c [w = 64] Initializing CaDiCaL (version 2.1.3).
c [w = 64] Configuring CaDiCaL as --sat (1).
c [w = 64] Encoding starts with w = 64:
c [w = 64] Symmetry breaking highest degree node is applied.
c [w = 64] Encoding duration: 2340 ms.
c [w = 64] Number of clauses: 1722752.
c [w = 64] Number of variables: 208896.
c [w = 64] SAT Solving starts:
c [w = 64] Solving duration: 471354 ms.
c [w = 64] Answer:
s [w = 64] SAT (w = 64).
c [w = 64] Solution check = 64.
c [w = 64] The solution is correct.
c [w = 64] Result: 10.
c [w = 63] Start task in PID: 43350.
c [w = 63] Cyclic Antibandwidth problem with w = 63 (hypercube_8_256.txt):
c [w = 63] Initializing CaDiCaL (version 2.1.3).
c [w = 63] Configuring CaDiCaL as --sat (1).
c [w = 63] Encoding starts with w = 63:
c [w = 63] Symmetry breaking highest degree node is applied.
c [w = 63] Encoding duration: 1825 ms.
c [w = 63] Number of clauses: 1763712.
c [w = 63] Number of variables: 223232.
c [w = 63] SAT Solving starts:
c [Signal] Signal interruption. Caught signal: SIGTERM (15).
c [w = 60] Start task in PID: 43348.
c [w = 60] Cyclic Antibandwidth problem with w = 60 (hypercube_8_256.txt):
c [w = 60] Initializing CaDiCaL (version 2.1.3).
c [w = 60] Configuring CaDiCaL as --sat (1).
c [w = 60] Encoding starts with w = 60:
c [w = 60] Symmetry breaking highest degree node is applied.
c [w = 60] Encoding duration: 1855 ms.
c [w = 60] Number of clauses: 1751424.
c [w = 60] Number of variables: 219392.
c [w = 60] SAT Solving starts:
c [Signal] Signal interruption. Caught signal: SIGTERM (15).
c [w = 62] Start task in PID: 43349.
c [w = 62] Cyclic Antibandwidth problem with w = 62 (hypercube_8_256.txt):
c [w = 62] Initializing CaDiCaL (version 2.1.3).
c [w = 62] Configuring CaDiCaL as --sat (1).
c [w = 62] Encoding starts with w = 62:
c [w = 62] Symmetry breaking highest degree node is applied.
c [w = 62] Encoding duration: 1831 ms.
c [w = 62] Number of clauses: 1759616.
c [w = 62] Number of variables: 221952.
c [w = 62] SAT Solving starts:
c [Signal] Signal interruption. Caught signal: SIGTERM (15).
c [Main] Max width SAT is set to 64.
c [Main] Kill lower pid 63.
c [Main] Kill lower pid 62.
c [Main] Kill lower pid 60.
c [Main] Kill lower pid 59.
c [Main] Kill lower pid 61.
c [Main] Kill lower pid 57.
c [Main] Kill lower pid 58.
c [w = 61] Start task in PID: 43298.
c [w = 61] Cyclic Antibandwidth problem with w = 61 (hypercube_8_256.txt):
c [w = 61] Initializing CaDiCaL (version 2.1.3).
c [w = 61] Configuring CaDiCaL as --sat (1).
c [w = 61] Encoding starts with w = 61:
c [w = 61] Symmetry breaking highest degree node is applied.
c [w = 61] Encoding duration: 1710 ms.
c [w = 61] Number of clauses: 1755520.
c [w = 61] Number of variables: 220672.
c [w = 61] SAT Solving starts:
c [Signal] Signal interruption. Caught signal: SIGTERM (15).
c [w = 57] Start task in PID: 43263.
c [w = 57] Cyclic Antibandwidth problem with w = 57 (hypercube_8_256.txt):
c [w = 57] Initializing CaDiCaL (version 2.1.3).
c [w = 57] Configuring CaDiCaL as --sat (1).
c [w = 57] Encoding starts with w = 57:
c [w = 57] Symmetry breaking highest degree node is applied.
c [w = 57] Encoding duration: 1857 ms.
c [w = 57] Number of clauses: 1739136.
c [w = 57] Number of variables: 215552.
c [w = 57] SAT Solving starts:
c [Signal] Signal interruption. Caught signal: SIGTERM (15).
c [w = 58] Start task in PID: 43131.
c [w = 58] Cyclic Antibandwidth problem with w = 58 (hypercube_8_256.txt):
c [w = 58] Initializing CaDiCaL (version 2.1.3).
c [w = 58] Configuring CaDiCaL as --sat (1).
c [w = 58] Encoding starts with w = 58:
c [w = 58] Symmetry breaking highest degree node is applied.
c [w = 58] Encoding duration: 1729 ms.
c [w = 58] Number of clauses: 1743232.
c [w = 58] Number of variables: 216832.
c [w = 58] SAT Solving starts:
c [Signal] Signal interruption. Caught signal: SIGTERM (15).
c [w = 59] Start task in PID: 43346.
c [w = 59] Cyclic Antibandwidth problem with w = 59 (hypercube_8_256.txt):
c [w = 59] Initializing CaDiCaL (version 2.1.3).
c [w = 59] Configuring CaDiCaL as --sat (1).
c [w = 59] Encoding starts with w = 59:
c [w = 59] Symmetry breaking highest degree node is applied.
c [w = 59] Encoding duration: 1798 ms.
c [w = 59] Number of clauses: 1747328.
c [w = 59] Number of variables: 218112.
c [w = 59] SAT Solving starts:
c [Signal] Signal interruption. Caught signal: SIGTERM (15).
c [Main] Child pid 58 - 43131 terminated by signal 15.
c [Main] Child pid 61 - 43298 terminated by signal 15.
c [Main] Child pid 57 - 43263 terminated by signal 15.
c [Main] Child pid 59 - 43346 terminated by signal 15.
c [Main] Child pid 60 - 43348 terminated by signal 15.
c [Main] Child pid 63 - 43350 terminated by signal 15.
c [Main] Child pid 62 - 43349 terminated by signal 15.
c [w = 65] Start task in PID: 43469.
c [w = 65] Cyclic Antibandwidth problem with w = 65 (hypercube_8_256.txt):
c [w = 65] Initializing CaDiCaL (version 2.1.3).
c [w = 65] Configuring CaDiCaL as --sat (1).
c [w = 65] Encoding starts with w = 65:
c [w = 65] Symmetry breaking highest degree node is applied.
c [w = 65] Encoding duration: 1815 ms.
c [w = 65] Number of clauses: 1726080.
c [w = 65] Number of variables: 209920.
c [w = 65] SAT Solving starts:
c [w = 65] Solving duration: 1103098 ms.
c [w = 65] Answer:
s [w = 65] SAT (w = 65).
c [w = 65] Solution check = 65.
c [w = 65] The solution is correct.
c [w = 65] Result: 10.
c [Main] Max width SAT is set to 65.
c [w = 71] Start task in PID: 43913.
c [w = 71] Cyclic Antibandwidth problem with w = 71 (hypercube_8_256.txt):
c [w = 71] Initializing CaDiCaL (version 2.1.3).
c [w = 71] Configuring CaDiCaL as --sat (1).
c [w = 71] Encoding starts with w = 71:
c [w = 71] Symmetry breaking highest degree node is applied.
c [w = 71] Encoding duration: 1791 ms.
c [w = 71] Number of clauses: 1746048.
c [w = 71] Number of variables: 216064.
c [w = 71] SAT Solving starts:
c [Signal] Signal interruption. Caught signal: SIGTERM (15).
c [w = 70] Start task in PID: 43473.
c [w = 70] Cyclic Antibandwidth problem with w = 70 (hypercube_8_256.txt):
c [w = 70] Initializing CaDiCaL (version 2.1.3).
c [w = 70] Configuring CaDiCaL as --sat (1).
c [w = 70] Encoding starts with w = 70:
c [w = 70] Symmetry breaking highest degree node is applied.
c [w = 70] Encoding duration: 1876 ms.
c [w = 70] Number of clauses: 1742720.
c [w = 70] Number of variables: 215040.
c [w = 70] SAT Solving starts:
c [Signal] Signal interruption. Caught signal: SIGTERM (15).
c [w = 72] Start task in PID: 43472.
c [w = 72] Cyclic Antibandwidth problem with w = 72 (hypercube_8_256.txt):
c [w = 72] Initializing CaDiCaL (version 2.1.3).
c [w = 72] Configuring CaDiCaL as --sat (1).
c [w = 72] Encoding starts with w = 72:
c [w = 72] Symmetry breaking highest degree node is applied.
c [w = 72] Encoding duration: 1848 ms.
c [w = 72] Number of clauses: 1749376.
c [w = 72] Number of variables: 217088.
c [w = 72] SAT Solving starts:
c [Signal] Signal interruption. Caught signal: SIGTERM (15).
c [w = 67] Start task in PID: 43470.
c [w = 67] Cyclic Antibandwidth problem with w = 67 (hypercube_8_256.txt):
c [w = 67] Initializing CaDiCaL (version 2.1.3).
c [w = 67] Configuring CaDiCaL as --sat (1).
c [w = 67] Encoding starts with w = 67:
c [w = 67] Symmetry breaking highest degree node is applied.
c [w = 67] Encoding duration: 1818 ms.
c [w = 67] Number of clauses: 1732736.
c [w = 67] Number of variables: 211968.
c [w = 67] SAT Solving starts:
c [Signal] Signal interruption. Caught signal: SIGTERM (15).
c [w = 66] Start task in PID: 43468.
c [w = 66] Cyclic Antibandwidth problem with w = 66 (hypercube_8_256.txt):
c [w = 66] Initializing CaDiCaL (version 2.1.3).
c [w = 66] Configuring CaDiCaL as --sat (1).
c [w = 66] Encoding starts with w = 66:
c [w = 66] Symmetry breaking highest degree node is applied.
c [w = 66] Encoding duration: 1831 ms.
c [w = 66] Number of clauses: 1729408.
c [w = 66] Number of variables: 210944.
c [w = 66] SAT Solving starts:
c [Signal] Signal interruption. Caught signal: SIGTERM (15).
c [w = 69] Start task in PID: 43467.
c [w = 69] Cyclic Antibandwidth problem with w = 69 (hypercube_8_256.txt):
c [w = 69] Initializing CaDiCaL (version 2.1.3).
c [w = 69] Configuring CaDiCaL as --sat (1).
c [w = 69] Encoding starts with w = 69:
c [w = 69] Symmetry breaking highest degree node is applied.
c [w = 69] Encoding duration: 1894 ms.
c [w = 69] Number of clauses: 1739392.
c [w = 69] Number of variables: 214016.
c [w = 69] SAT Solving starts:
c [Signal] Signal interruption. Caught signal: SIGTERM (15).
c [w = 75] Start task in PID: 43466.
c [w = 75] Cyclic Antibandwidth problem with w = 75 (hypercube_8_256.txt):
c [w = 75] Initializing CaDiCaL (version 2.1.3).
c [w = 75] Configuring CaDiCaL as --sat (1).
c [w = 75] Encoding starts with w = 75:
c [w = 75] Symmetry breaking highest degree node is applied.
c [w = 75] Encoding duration: 1851 ms.
c [w = 75] Number of clauses: 1759360.
c [w = 75] Number of variables: 220160.
c [w = 75] SAT Solving starts:
c [Signal] Signal interruption. Caught signal: SIGTERM (15).
c [Main] Lim pid ends with result: 254.
c [Main] All children have completed.
r [Main] 
r [Main] Final results: 
r [Main] Max width SAT:  	65.
r [Main] Min width UNSAT:	-.
r [Main] Total real time: 1811648 ms.
r [Main] Total memory consumed: 4801.5 MB.
r [Main] 
c [w = 68] Start task in PID: 43471.
c [w = 68] Cyclic Antibandwidth problem with w = 68 (hypercube_8_256.txt):
c [w = 68] Initializing CaDiCaL (version 2.1.3).
c [w = 68] Configuring CaDiCaL as --sat (1).
c [w = 68] Encoding starts with w = 68:
c [w = 68] Symmetry breaking highest degree node is applied.
c [w = 68] Encoding duration: 1815 ms.
c [w = 68] Number of clauses: 1736064.
c [w = 68] Number of variables: 212992.
c [w = 68] SAT Solving starts:
c [Signal] Signal interruption. Caught signal: SIGTERM (15).
