c [Version] Cyclic Bandwidth Encoder version 1.0.0.
c [Param] Real time limit is set to 1800.
c [Param] Memory limit is set to 30000.
c [Param] Worker count is set to 4.
c [Main] Encoding and solving for graph: caterpillar_15_6.txt.
c [Main] Search strategy: Binary search from lower bound.
c [Main] No predefined lower bound is found for caterpillar_15_6.txt.
c [Main] LB-w = 2 (default value).
c [Main] No predefined upper bound is found for caterpillar_15_6.txt.
c [Main] UB-w = 45 (default value calculated as n/2).
c [Main] Search order: 23 12 6 3 2 4 5 9 7 8 10 11 17 14 13 15 16 20 18 19 21 22 34 28 25 24 26 27 31 29 30 32 33 40 37 35 36 38 39 43 41 42 44 45.
c [w = 6] Start task in PID: 11303.
c [w = 6] Cyclic Antibandwidth problem with w = 6 (caterpillar_15_6.txt):
c [w = 6] Initializing CaDiCaL (version 2.1.3).
c [w = 6] Configuring CaDiCaL as --sat (1).
c [w = 6] Encoding starts with w = 6:
c [w = 6] Symmetry breaking highest degree node is applied.
c [w = 6] Encoding duration: 50 ms.
c [w = 6] Number of clauses: 112230.
c [w = 6] Number of variables: 23310.
c [w = 6] SAT Solving starts:
c [w = 6] Solving duration: 17 ms.
c [w = 6] Answer:
s [w = 6] SAT (w = 6).
c [w = 6] Solution check = 6.
c [w = 6] The solution is correct.
c [w = 6] Result: 10.
c [w = 3] Start task in PID: 11304.
c [w = 3] Cyclic Antibandwidth problem with w = 3 (caterpillar_15_6.txt):
c [w = 3] Initializing CaDiCaL (version 2.1.3).
c [w = 3] Configuring CaDiCaL as --sat (1).
c [w = 3] Encoding starts with w = 3:
c [w = 3] Symmetry breaking highest degree node is applied.
c [w = 3] Encoding duration: 62 ms.
c [w = 3] Number of clauses: 126855.
c [w = 3] Number of variables: 19260.
c [w = 3] SAT Solving starts:
c [w = 3] Solving duration: 10 ms.
c [w = 3] Answer:
s [w = 3] SAT (w = 3).
c [w = 3] Solution check = 3.
c [w = 3] The solution is correct.
c [w = 3] Result: 10.
c [Main] Max width SAT is set to 6.
c [Main] Kill lower pid 3.
c [w = 12] Start task in PID: 11302.
c [w = 12] Cyclic Antibandwidth problem with w = 12 (caterpillar_15_6.txt):
c [w = 12] Initializing CaDiCaL (version 2.1.3).
c [w = 12] Configuring CaDiCaL as --sat (1).
c [w = 12] Encoding starts with w = 12:
c [w = 12] Symmetry breaking highest degree node is applied.
c [w = 12] Encoding duration: 51 ms.
c [w = 12] Number of clauses: 114369.
c [w = 12] Number of variables: 25740.
c [w = 12] SAT Solving starts:
c [w = 12] Solving duration: 69 ms.
c [w = 12] Answer:
s [w = 12] SAT (w = 12).
c [w = 12] Solution check = 12.
c [w = 12] The solution is correct.
c [w = 12] Result: 10.
c [Main] Max width SAT is set to 12.
c [Main] Kill lower pid 7.
c [Main] Kill lower pid 9.
c [w = 7] Start task in PID: 11306.
c [w = 7] Cyclic Antibandwidth problem with w = 7 (caterpillar_15_6.txt):
c [w = 7] Initializing CaDiCaL (version 2.1.3).
c [w = 7] Configuring CaDiCaL as --sat (1).
c [w = 7] Encoding starts with w = 7:
c [w = 7] Symmetry breaking highest degree node is applied.
c [Signal] Signal interruption. Caught signal: SIGTERM (15).
c [w = 9] Start task in PID: 11305.
c [w = 9] Cyclic Antibandwidth problem with w = 9 (caterpillar_15_6.txt):
c [w = 9] Initializing CaDiCaL (version 2.1.3).
c [w = 9] Configuring CaDiCaL as --sat (1).
c [w = 9] Encoding starts with w = 9:
c [w = 9] Symmetry breaking highest degree node is applied.
c [Signal] Signal interruption. Caught signal: SIGTERM (15).
c [Main] Child pid 9 - 11305 terminated by signal 15.
c [Main] Child pid 7 - 11306 terminated by signal 15.
c [w = 13] Start task in PID: 11309.
c [w = 13] Cyclic Antibandwidth problem with w = 13 (caterpillar_15_6.txt):
c [w = 13] Initializing CaDiCaL (version 2.1.3).
c [w = 13] Configuring CaDiCaL as --sat (1).
c [w = 13] Encoding starts with w = 13:
c [w = 13] Symmetry breaking highest degree node is applied.
c [w = 13] Encoding duration: 52 ms.
c [w = 13] Number of clauses: 113466.
c [w = 13] Number of variables: 25560.
c [w = 13] SAT Solving starts:
c [w = 13] Solving duration: 79 ms.
c [w = 13] Answer:
s [w = 13] SAT (w = 13).
c [w = 13] Solution check = 13.
c [w = 13] The solution is correct.
c [w = 13] Result: 10.
c [Main] Max width SAT is set to 13.
c [w = 17] Start task in PID: 11307.
c [w = 17] Cyclic Antibandwidth problem with w = 17 (caterpillar_15_6.txt):
c [w = 17] Initializing CaDiCaL (version 2.1.3).
c [w = 17] Configuring CaDiCaL as --sat (1).
c [w = 17] Encoding starts with w = 17:
c [w = 17] Symmetry breaking highest degree node is applied.
c [w = 17] Encoding duration: 53 ms.
c [w = 17] Number of clauses: 117243.
c [w = 17] Number of variables: 26820.
c [w = 17] SAT Solving starts:
c [w = 17] Solving duration: 114 ms.
c [w = 17] Answer:
s [w = 17] SAT (w = 17).
c [w = 17] Solution check = 17.
c [w = 17] The solution is correct.
c [w = 17] Result: 10.
c [w = 14] Start task in PID: 11308.
c [w = 14] Cyclic Antibandwidth problem with w = 14 (caterpillar_15_6.txt):
c [w = 14] Initializing CaDiCaL (version 2.1.3).
c [w = 14] Configuring CaDiCaL as --sat (1).
c [w = 14] Encoding starts with w = 14:
c [w = 14] Symmetry breaking highest degree node is applied.
c [w = 14] Encoding duration: 52 ms.
c [w = 14] Number of clauses: 115446.
c [w = 14] Number of variables: 26190.
c [w = 14] SAT Solving starts:
c [w = 14] Solving duration: 110 ms.
c [w = 14] Answer:
s [w = 14] SAT (w = 14).
c [w = 14] Solution check = 14.
c [w = 14] The solution is correct.
c [w = 14] Result: 10.
c [Main] Max width SAT is set to 17.
c [Main] Kill lower pid 15.
c [Main] Kill lower pid 14.
c [w = 15] Start task in PID: 11310.
c [w = 15] Cyclic Antibandwidth problem with w = 15 (caterpillar_15_6.txt):
c [w = 15] Initializing CaDiCaL (version 2.1.3).
c [w = 15] Configuring CaDiCaL as --sat (1).
c [w = 15] Encoding starts with w = 15:
c [w = 15] Symmetry breaking highest degree node is applied.
c [Signal] Signal interruption. Caught signal: SIGTERM (15).
c [Main] Child pid 15 - 11310 terminated by signal 15.
c [w = 19] Start task in PID: 11313.
c [w = 19] Cyclic Antibandwidth problem with w = 19 (caterpillar_15_6.txt):
c [w = 19] Initializing CaDiCaL (version 2.1.3).
c [w = 19] Configuring CaDiCaL as --sat (1).
c [w = 19] Encoding starts with w = 19:
c [w = 19] Symmetry breaking highest degree node is applied.
c [w = 19] Encoding duration: 51 ms.
c [w = 19] Number of clauses: 116070.
c [w = 19] Number of variables: 26460.
c [w = 19] SAT Solving starts:
c [w = 19] Solving duration: 26 ms.
c [w = 19] Answer:
s [w = 19] SAT (w = 19).
c [w = 19] Solution check = 19.
c [w = 19] The solution is correct.
c [w = 19] Result: 10.
c [Main] Max width SAT is set to 19.
c [Main] Kill lower pid 18.
c [w = 18] Start task in PID: 11312.
c [w = 18] Cyclic Antibandwidth problem with w = 18 (caterpillar_15_6.txt):
c [w = 18] Initializing CaDiCaL (version 2.1.3).
c [w = 18] Configuring CaDiCaL as --sat (1).
c [w = 18] Encoding starts with w = 18:
c [w = 18] Symmetry breaking highest degree node is applied.
c [w = 18] Encoding duration: 53 ms.
c [w = 18] Number of clauses: 114630.
c [w = 18] Number of variables: 26010.
c [w = 18] SAT Solving starts:
c [Signal] Signal interruption. Caught signal: SIGTERM (15).
c [Main] Child pid 18 - 11312 terminated by signal 15.
c [w = 20] Start task in PID: 11311.
c [w = 20] Cyclic Antibandwidth problem with w = 20 (caterpillar_15_6.txt):
c [w = 20] Initializing CaDiCaL (version 2.1.3).
c [w = 20] Configuring CaDiCaL as --sat (1).
c [w = 20] Encoding starts with w = 20:
c [w = 20] Symmetry breaking highest degree node is applied.
c [w = 20] Encoding duration: 55 ms.
c [w = 20] Number of clauses: 117510.
c [w = 20] Number of variables: 26910.
c [w = 20] SAT Solving starts:
c [w = 20] Solving duration: 154 ms.
c [w = 20] Answer:
s [w = 20] SAT (w = 20).
c [w = 20] Solution check = 20.
c [w = 20] The solution is correct.
c [w = 20] Result: 10.
c [Main] Max width SAT is set to 20.
c [w = 21] Start task in PID: 11319.
c [w = 21] Cyclic Antibandwidth problem with w = 21 (caterpillar_15_6.txt):
c [w = 21] Initializing CaDiCaL (version 2.1.3).
c [w = 21] Configuring CaDiCaL as --sat (1).
c [w = 21] Encoding starts with w = 21:
c [w = 21] Symmetry breaking highest degree node is applied.
c [w = 21] Encoding duration: 63 ms.
c [w = 21] Number of clauses: 118950.
c [w = 21] Number of variables: 27360.
c [w = 21] SAT Solving starts:
c [w = 21] Solving duration: 244 ms.
c [w = 21] Answer:
s [w = 21] SAT (w = 21).
c [w = 21] Solution check = 21.
c [w = 21] The solution is correct.
c [w = 21] Result: 10.
c [Main] Max width SAT is set to 21.
c [w = 28] Start task in PID: 11322.
c [w = 28] Cyclic Antibandwidth problem with w = 28 (caterpillar_15_6.txt):
c [w = 28] Initializing CaDiCaL (version 2.1.3).
c [w = 28] Configuring CaDiCaL as --sat (1).
c [w = 28] Encoding starts with w = 28:
c [w = 28] Symmetry breaking highest degree node is applied.
c [w = 28] Encoding duration: 54 ms.
c [w = 28] Number of clauses: 122097.
c [w = 28] Number of variables: 28260.
c [w = 28] SAT Solving starts:
c [w = 28] Solving duration: 276 ms.
c [w = 28] Answer:
s [w = 28] SAT (w = 28).
c [w = 28] Solution check = 28.
c [w = 28] The solution is correct.
c [w = 28] Result: 10.
c [Main] Max width SAT is set to 28.
c [Main] Kill lower pid 22.
c [Main] Kill lower pid 23.
c [w = 23] Start task in PID: 11301.
c [w = 23] Cyclic Antibandwidth problem with w = 23 (caterpillar_15_6.txt):
c [w = 23] Initializing CaDiCaL (version 2.1.3).
c [w = 23] Configuring CaDiCaL as --sat (1).
c [w = 23] Encoding starts with w = 23:
c [w = 23] Symmetry breaking highest degree node is applied.
c [w = 23] Encoding duration: 64 ms.
c [w = 23] Number of clauses: 116247.
c [w = 23] Number of variables: 26460.
c [w = 23] SAT Solving starts:
c [Signal] Signal interruption. Caught signal: SIGTERM (15).
c [w = 22] Start task in PID: 11320.
c [w = 22] Cyclic Antibandwidth problem with w = 22 (caterpillar_15_6.txt):
c [w = 22] Initializing CaDiCaL (version 2.1.3).
c [w = 22] Configuring CaDiCaL as --sat (1).
c [w = 22] Encoding starts with w = 22:
c [w = 22] Symmetry breaking highest degree node is applied.
c [w = 22] Encoding duration: 62 ms.
c [w = 22] Number of clauses: 120390.
c [w = 22] Number of variables: 27810.
c [w = 22] SAT Solving starts:
c [Signal] Signal interruption. Caught signal: SIGTERM (15).
c [Main] Child pid 23 - 11301 terminated by signal 15.
c [Main] Child pid 22 - 11320 terminated by signal 15.
c [w = 34] Start task in PID: 11321.
c [w = 34] Cyclic Antibandwidth problem with w = 34 (caterpillar_15_6.txt):
c [w = 34] Initializing CaDiCaL (version 2.1.3).
c [w = 34] Configuring CaDiCaL as --sat (1).
c [w = 34] Encoding starts with w = 34:
c [w = 34] Symmetry breaking highest degree node is applied.
c [w = 34] Encoding duration: 65 ms.
c [w = 34] Number of clauses: 120654.
c [w = 34] Number of variables: 27630.
c [w = 34] SAT Solving starts:
c [w = 34] Solving duration: 607 ms.
c [w = 34] Answer:
s [w = 34] SAT (w = 34).
c [w = 34] Solution check = 34.
c [w = 34] The solution is correct.
c [w = 34] Result: 10.
c [Main] Max width SAT is set to 34.
c [Main] Kill lower pid 30.
c [Main] Kill lower pid 29.
c [Main] Kill lower pid 31.
c [w = 30] Start task in PID: 11325.
c [w = 30] Cyclic Antibandwidth problem with w = 30 (caterpillar_15_6.txt):
c [w = 30] Initializing CaDiCaL (version 2.1.3).
c [w = 30] Configuring CaDiCaL as --sat (1).
c [w = 30] Encoding starts with w = 30:
c [w = 30] Symmetry breaking highest degree node is applied.
c [w = 30] Encoding duration: 51 ms.
c [w = 30] Number of clauses: 117054.
c [w = 30] Number of variables: 26550.
c [w = 30] SAT Solving starts:
c [Signal] Signal interruption. Caught signal: SIGTERM (15).
c [w = 29] Start task in PID: 11324.
c [w = 29] Cyclic Antibandwidth problem with w = 29 (caterpillar_15_6.txt):
c [w = 29] Initializing CaDiCaL (version 2.1.3).
c [w = 29] Configuring CaDiCaL as --sat (1).
c [w = 29] Encoding starts with w = 29:
c [w = 29] Symmetry breaking highest degree node is applied.
c [w = 29] Encoding duration: 55 ms.
c [w = 29] Number of clauses: 123267.
c [w = 29] Number of variables: 28620.
c [w = 29] SAT Solving starts:
c [Signal] Signal interruption. Caught signal: SIGTERM (15).
c [w = 31] Start task in PID: 11323.
c [w = 31] Cyclic Antibandwidth problem with w = 31 (caterpillar_15_6.txt):
c [w = 31] Initializing CaDiCaL (version 2.1.3).
c [w = 31] Configuring CaDiCaL as --sat (1).
c [w = 31] Encoding starts with w = 31:
c [w = 31] Symmetry breaking highest degree node is applied.
c [w = 31] Encoding duration: 53 ms.
c [w = 31] Number of clauses: 117954.
c [w = 31] Number of variables: 26820.
c [w = 31] SAT Solving starts:
c [Signal] Signal interruption. Caught signal: SIGTERM (15).
c [Main] Child pid 29 - 11324 terminated by signal 15.
c [Main] Child pid 30 - 11325 terminated by signal 15.
c [Main] Child pid 31 - 11323 terminated by signal 15.
c [w = 40] Start task in PID: 11326.
c [w = 40] Cyclic Antibandwidth problem with w = 40 (caterpillar_15_6.txt):
c [w = 40] Initializing CaDiCaL (version 2.1.3).
c [w = 40] Configuring CaDiCaL as --sat (1).
c [w = 40] Encoding starts with w = 40:
c [w = 40] Symmetry breaking highest degree node is applied.
c [w = 40] Encoding duration: 57 ms.
c [w = 40] Number of clauses: 126054.
c [w = 40] Number of variables: 29250.
c [w = 40] SAT Solving starts:
c [w = 40] Solving duration: 66 ms.
c [w = 40] Answer:
s [w = 40] SAT (w = 40).
c [w = 40] Solution check = 40.
c [w = 40] The solution is correct.
c [w = 40] Result: 10.
c [Main] Max width SAT is set to 40.
c [Main] Kill lower pid 36.
c [Main] Kill lower pid 35.
c [Main] Kill lower pid 37.
c [w = 36] Start task in PID: 11329.
c [w = 36] Cyclic Antibandwidth problem with w = 36 (caterpillar_15_6.txt):
c [w = 36] Initializing CaDiCaL (version 2.1.3).
c [w = 36] Configuring CaDiCaL as --sat (1).
c [w = 36] Encoding starts with w = 36:
c [w = 36] Symmetry breaking highest degree node is applied.
c [w = 36] Encoding duration: 57 ms.
c [w = 36] Number of clauses: 122454.
c [w = 36] Number of variables: 28170.
c [w = 36] SAT Solving starts:
c [Signal] Signal interruption. Caught signal: SIGTERM (15).
c [w = 35] Start task in PID: 11328.
c [w = 35] Cyclic Antibandwidth problem with w = 35 (caterpillar_15_6.txt):
c [w = 35] Initializing CaDiCaL (version 2.1.3).
c [w = 35] Configuring CaDiCaL as --sat (1).
c [w = 35] Encoding starts with w = 35:
c [w = 35] Symmetry breaking highest degree node is applied.
c [w = 35] Encoding duration: 84 ms.
c [w = 35] Number of clauses: 121554.
c [w = 35] Number of variables: 27900.
c [w = 35] SAT Solving starts:
c [Signal] Signal interruption. Caught signal: SIGTERM (15).
c [w = 37] Start task in PID: 11327.
c [w = 37] Cyclic Antibandwidth problem with w = 37 (caterpillar_15_6.txt):
c [w = 37] Initializing CaDiCaL (version 2.1.3).
c [w = 37] Configuring CaDiCaL as --sat (1).
c [w = 37] Encoding starts with w = 37:
c [w = 37] Symmetry breaking highest degree node is applied.
c [w = 37] Encoding duration: 85 ms.
c [w = 37] Number of clauses: 123354.
c [w = 37] Number of variables: 28440.
c [w = 37] SAT Solving starts:
c [Signal] Signal interruption. Caught signal: SIGTERM (15).
c [Main] Child pid 35 - 11328 terminated by signal 15.
c [Main] Child pid 37 - 11327 terminated by signal 15.
c [Main] Child pid 36 - 11329 terminated by signal 15.
c [w = 42] Start task in PID: 11332.
c [w = 42] Cyclic Antibandwidth problem with w = 42 (caterpillar_15_6.txt):
c [w = 42] Initializing CaDiCaL (version 2.1.3).
c [w = 42] Configuring CaDiCaL as --sat (1).
c [w = 42] Encoding starts with w = 42:
c [w = 42] Symmetry breaking highest degree node is applied.
c [w = 42] Encoding duration: 55 ms.
c [w = 42] Number of clauses: 127854.
c [w = 42] Number of variables: 29790.
c [w = 42] SAT Solving starts:
c [w = 42] Solving duration: 36 ms.
c [w = 42] Answer:
s [w = 42] SAT (w = 42).
c [w = 42] Solution check = 42.
c [w = 42] The solution is correct.
c [w = 42] Result: 10.
c [Main] Max width SAT is set to 42.
c [Main] Kill lower pid 41.
c [w = 41] Start task in PID: 11331.
c [w = 41] Cyclic Antibandwidth problem with w = 41 (caterpillar_15_6.txt):
c [w = 41] Initializing CaDiCaL (version 2.1.3).
c [w = 41] Configuring CaDiCaL as --sat (1).
c [w = 41] Encoding starts with w = 41:
c [w = 41] Symmetry breaking highest degree node is applied.
c [w = 41] Encoding duration: 67 ms.
c [w = 41] Number of clauses: 126954.
c [w = 41] Number of variables: 29520.
c [w = 41] SAT Solving starts:
c [Signal] Signal interruption. Caught signal: SIGTERM (15).
c [Main] Child pid 41 - 11331 terminated by signal 15.
c [w = 45] Start task in PID: 11334.
c [w = 45] Cyclic Antibandwidth problem with w = 45 (caterpillar_15_6.txt):
c [w = 45] Initializing CaDiCaL (version 2.1.3).
c [w = 45] Configuring CaDiCaL as --sat (1).
c [w = 45] Encoding starts with w = 45:
c [w = 45] Symmetry breaking highest degree node is applied.
c [w = 45] Encoding duration: 49 ms.
c [w = 45] Number of clauses: 119211.
c [w = 45] Number of variables: 26820.
c [w = 45] SAT Solving starts:
c [w = 45] Solving duration: 0 ms.
c [w = 45] Answer:
s [w = 45] UNSAT (w = 45).
c [w = 45] Result: 20.
c [Main] Min width UNSAT is set to 45
c [w = 44] Start task in PID: 11333.
c [w = 44] Cyclic Antibandwidth problem with w = 44 (caterpillar_15_6.txt):
c [w = 44] Initializing CaDiCaL (version 2.1.3).
c [w = 44] Configuring CaDiCaL as --sat (1).
c [w = 44] Encoding starts with w = 44:
c [w = 44] Symmetry breaking highest degree node is applied.
c [w = 44] Encoding duration: 66 ms.
c [w = 44] Number of clauses: 129654.
c [w = 44] Number of variables: 30330.
c [w = 44] SAT Solving starts:
c [w = 44] Solving duration: 177 ms.
c [w = 44] Answer:
s [w = 44] UNSAT (w = 44).
c [w = 44] Result: 20.
c [Main] Min width UNSAT is set to 44
c [w = 43] Start task in PID: 11330.
c [w = 43] Cyclic Antibandwidth problem with w = 43 (caterpillar_15_6.txt):
c [w = 43] Initializing CaDiCaL (version 2.1.3).
c [w = 43] Configuring CaDiCaL as --sat (1).
c [w = 43] Encoding starts with w = 43:
c [w = 43] Symmetry breaking highest degree node is applied.
c [w = 43] Encoding duration: 58 ms.
c [w = 43] Number of clauses: 128754.
c [w = 43] Number of variables: 30060.
c [w = 43] SAT Solving starts:
c [w = 43] Solving duration: 518664 ms.
c [w = 43] Answer:
s [w = 43] UNSAT (w = 43).
c [w = 43] Result: 20.
c [Main] Min width UNSAT is set to 43
c [Signal] Signal interruption. Caught signal: SIGTERM (15).
c [Main] All children have completed.
r [Main] 
r [Main] Final results: 
r [Main] Max width SAT:  	42.
r [Main] Min width UNSAT:	43.
r [Main] Total real time: 520123 ms.
r [Main] Total memory consumed: 158.7 MB.
r [Main] 
