c [Version] Cyclic Bandwidth Encoder version 1.0.0.
c [Param] Real time limit is set to 150.
c [Param] Memory limit is set to 30000.
c [Param] Worker count is set to 4.
c [Main] Encoding and solving for graph: caterpillar_20_25.txt.
c [Main] Search strategy: Binary search from lower bound.
c [Main] No predefined lower bound is found for caterpillar_20_25.txt.
c [Main] LB-w = 2 (default value).
c [Main] No predefined upper bound is found for caterpillar_20_25.txt.
c [Main] UB-w = 250 (default value calculated as n/2).
c [Main] Search order: 126 63 32 16 8 4 2 3 6 5 7 12 10 9 11 14 13 15 24 20 18 17 19 22 21 23 28 26 25 27 30 29 31 47 39 35 33 34 37 36 38 43 41 40 42 45 44 46 55 51 49 48 50 53 52 54 59 57 56 58 61 60 62 94 78 70 66 64 65 68 67 69 74 72 71 73 76 75 77 86 82 80 79 81 84 83 85 90 88 87 89 92 91 93 110 102 98 96 95 97 100 99 101 106 104 103 105 108 107 109 118 114 112 111 113 116 115 117 122 120 119 121 124 123 125 188 157 141 133 129 127 128 131 130 132 137 135 134 136 139 138 140 149 145 143 142 144 147 146 148 153 151 150 152 155 154 156 172 164 160 158 159 162 161 163 168 166 165 167 170 169 171 180 176 174 173 175 178 177 179 184 182 181 183 186 185 187 219 203 195 191 189 190 193 192 194 199 197 196 198 201 200 202 211 207 205 204 206 209 208 210 215 213 212 214 217 216 218 235 227 223 221 220 222 225 224 226 231 229 228 230 233 232 234 243 239 237 236 238 241 240 242 247 245 244 246 249 248 250.
c [w = 16] Start task in PID: 189762.
c [w = 16] Cyclic Antibandwidth problem with w = 16 (caterpillar_20_25.txt):
c [w = 16] Initializing CaDiCaL (version 2.1.3).
c [w = 16] Configuring CaDiCaL as --sat (1).
c [w = 16] Encoding starts with w = 16:
c [w = 16] Symmetry breaking highest degree node is applied.
c [w = 16] Encoding duration: 2003 ms.
c [w = 16] Number of clauses: 3657346.
c [w = 16] Number of variables: 751000.
c [w = 16] SAT Solving starts:
c [w = 16] Solving duration: 2003 ms.
c [w = 16] Answer:
s [w = 16] SAT (w = 16).
c [w = 16] Solution check = 16.
c [w = 16] The solution is correct.
c [w = 16] Result: 10.
c [Main] Max width SAT is set to 16.
c [w = 32] Start task in PID: 189761.
c [w = 32] Cyclic Antibandwidth problem with w = 32 (caterpillar_20_25.txt):
c [w = 32] Initializing CaDiCaL (version 2.1.3).
c [w = 32] Configuring CaDiCaL as --sat (1).
c [w = 32] Encoding starts with w = 32:
c [w = 32] Symmetry breaking highest degree node is applied.
c [w = 32] Encoding duration: 1925 ms.
c [w = 32] Number of clauses: 3565298.
c [w = 32] Number of variables: 775000.
c [w = 32] SAT Solving starts:
c [w = 32] Solving duration: 26924 ms.
c [w = 32] Answer:
s [w = 32] SAT (w = 32).
c [w = 32] Solution check = 32.
c [w = 32] The solution is correct.
c [w = 32] Result: 10.
c [Main] Max width SAT is set to 32.
c [Main] Kill lower pid 24.
c [w = 24] Start task in PID: 189766.
c [w = 24] Cyclic Antibandwidth problem with w = 24 (caterpillar_20_25.txt):
c [w = 24] Initializing CaDiCaL (version 2.1.3).
c [w = 24] Configuring CaDiCaL as --sat (1).
c [w = 24] Encoding starts with w = 24:
c [w = 24] Symmetry breaking highest degree node is applied.
c [w = 24] Encoding duration: 1634 ms.
c [w = 24] Number of clauses: 3566813.
c [w = 24] Number of variables: 763500.
c [w = 24] SAT Solving starts:
c [Signal] Signal interruption. Caught signal: SIGTERM (15).
c [Main] Child pid 24 - 189766 terminated by signal 15.
c [w = 63] Start task in PID: 189760.
c [w = 63] Cyclic Antibandwidth problem with w = 63 (caterpillar_20_25.txt):
c [w = 63] Initializing CaDiCaL (version 2.1.3).
c [w = 63] Configuring CaDiCaL as --sat (1).
c [w = 63] Encoding starts with w = 63:
c [w = 63] Symmetry breaking highest degree node is applied.
c [w = 63] Encoding duration: 1950 ms.
c [w = 63] Number of clauses: 3566774.
c [w = 63] Number of variables: 783000.
c [w = 63] SAT Solving starts:
c [w = 63] Solving duration: 71193 ms.
c [w = 63] Answer:
s [w = 63] SAT (w = 63).
c [w = 63] Solution check = 63.
c [w = 63] The solution is correct.
c [w = 63] Result: 10.
c [w = 39] Start task in PID: 189771.
c [w = 39] Cyclic Antibandwidth problem with w = 39 (caterpillar_20_25.txt):
c [w = 39] Initializing CaDiCaL (version 2.1.3).
c [w = 39] Configuring CaDiCaL as --sat (1).
c [w = 39] Encoding starts with w = 39:
c [w = 39] Symmetry breaking highest degree node is applied.
c [w = 39] Encoding duration: 1438 ms.
c [w = 39] Number of clauses: 3556789.
c [w = 39] Number of variables: 777000.
c [w = 39] SAT Solving starts:
c [Signal] Signal interruption. Caught signal: SIGTERM (15).
c [Main] Max width SAT is set to 63.
c [Main] Kill lower pid 39.
c [Main] Kill lower pid 47.
c [w = 47] Start task in PID: 189770.
c [w = 47] Cyclic Antibandwidth problem with w = 47 (caterpillar_20_25.txt):
c [w = 47] Initializing CaDiCaL (version 2.1.3).
c [w = 47] Configuring CaDiCaL as --sat (1).
c [w = 47] Encoding starts with w = 47:
c [w = 47] Symmetry breaking highest degree node is applied.
c [w = 47] Encoding duration: 1449 ms.
c [w = 47] Number of clauses: 3575283.
c [w = 47] Number of variables: 785000.
c [w = 47] SAT Solving starts:
c [Signal] Signal interruption. Caught signal: SIGTERM (15).
c [Main] Child pid 47 - 189770 terminated by signal 15.
c [Main] Child pid 39 - 189771 terminated by signal 15.
c [w = 126] Start task in PID: 189759.
c [w = 126] Cyclic Antibandwidth problem with w = 126 (caterpillar_20_25.txt):
c [w = 126] Initializing CaDiCaL (version 2.1.3).
c [w = 126] Configuring CaDiCaL as --sat (1).
c [w = 126] Encoding starts with w = 126:
c [w = 126] Symmetry breaking highest degree node is applied.
c [w = 126] Encoding duration: 1956 ms.
c [w = 126] Number of clauses: 3609262.
c [w = 126] Number of variables: 789000.
c [w = 126] SAT Solving starts:
c [w = 126] Solving duration: 75805 ms.
c [w = 126] Answer:
s [w = 126] SAT (w = 126).
c [w = 126] Solution check = 126.
c [w = 126] The solution is correct.
c [w = 126] Result: 10.
c [Main] Max width SAT is set to 126.
c [Main] Kill lower pid 70.
c [Main] Kill lower pid 94.
c [Main] Kill lower pid 78.
c [w = 94] Start task in PID: 189779.
c [w = 94] Cyclic Antibandwidth problem with w = 94 (caterpillar_20_25.txt):
c [w = 94] Initializing CaDiCaL (version 2.1.3).
c [w = 94] Configuring CaDiCaL as --sat (1).
c [w = 94] Encoding starts with w = 94:
c [w = 94] Symmetry breaking highest degree node is applied.
c [w = 94] Encoding duration: 1505 ms.
c [w = 94] Number of clauses: 3676768.
c [w = 94] Number of variables: 816000.
c [w = 94] SAT Solving starts:
c [Signal] Signal interruption. Caught signal: SIGTERM (15).
c [w = 78] Start task in PID: 189780.
c [w = 78] Cyclic Antibandwidth problem with w = 78 (caterpillar_20_25.txt):
c [w = 78] Initializing CaDiCaL (version 2.1.3).
c [w = 78] Configuring CaDiCaL as --sat (1).
c [w = 78] Encoding starts with w = 78:
c [w = 78] Symmetry breaking highest degree node is applied.
c [w = 78] Encoding duration: 1487 ms.
c [w = 78] Number of clauses: 3639271.
c [w = 78] Number of variables: 805500.
c [w = 78] SAT Solving starts:
c [Signal] Signal interruption. Caught signal: SIGTERM (15).
c [w = 70] Start task in PID: 189781.
c [w = 70] Cyclic Antibandwidth problem with w = 70 (caterpillar_20_25.txt):
c [w = 70] Initializing CaDiCaL (version 2.1.3).
c [w = 70] Configuring CaDiCaL as --sat (1).
c [w = 70] Encoding starts with w = 70:
c [w = 70] Symmetry breaking highest degree node is applied.
c [w = 70] Encoding duration: 1511 ms.
c [w = 70] Number of clauses: 3654274.
c [w = 70] Number of variables: 811000.
c [w = 70] SAT Solving starts:
c [Signal] Signal interruption. Caught signal: SIGTERM (15).
c [Main] Child pid 94 - 189779 terminated by signal 15.
c [Main] Child pid 78 - 189780 terminated by signal 15.
c [Main] Child pid 70 - 189781 terminated by signal 15.
c [w = 133] Start task in PID: 189786.
c [w = 133] Cyclic Antibandwidth problem with w = 133 (caterpillar_20_25.txt):
c [w = 133] Initializing CaDiCaL (version 2.1.3).
c [w = 133] Configuring CaDiCaL as --sat (1).
c [w = 133] Encoding starts with w = 133:
c [w = 133] Symmetry breaking highest degree node is applied.
c [w = 133] Encoding duration: 1483 ms.
c [w = 133] Number of clauses: 3654762.
c [w = 133] Number of variables: 803000.
c [w = 133] SAT Solving starts:
c [Signal] Signal interruption. Caught signal: SIGTERM (15).
c [w = 141] Start task in PID: 189785.
c [w = 141] Cyclic Antibandwidth problem with w = 141 (caterpillar_20_25.txt):
c [w = 141] Initializing CaDiCaL (version 2.1.3).
c [w = 141] Configuring CaDiCaL as --sat (1).
c [w = 141] Encoding starts with w = 141:
c [w = 141] Symmetry breaking highest degree node is applied.
c [w = 141] Encoding duration: 1520 ms.
c [w = 141] Number of clauses: 3706762.
c [w = 141] Number of variables: 819000.
c [w = 141] SAT Solving starts:
c [Signal] Signal interruption. Caught signal: SIGTERM (15).
c [w = 157] Start task in PID: 189784.
c [w = 157] Cyclic Antibandwidth problem with w = 157 (caterpillar_20_25.txt):
c [w = 157] Initializing CaDiCaL (version 2.1.3).
c [w = 157] Configuring CaDiCaL as --sat (1).
c [w = 157] Encoding starts with w = 157:
c [w = 157] Symmetry breaking highest degree node is applied.
c [w = 157] Encoding duration: 1552 ms.
c [w = 157] Number of clauses: 3810762.
c [w = 157] Number of variables: 851000.
c [w = 157] SAT Solving starts:
c [Signal] Signal interruption. Caught signal: SIGTERM (15).
c [w = 188] Start task in PID: 189783.
c [w = 188] Cyclic Antibandwidth problem with w = 188 (caterpillar_20_25.txt):
c [w = 188] Initializing CaDiCaL (version 2.1.3).
c [w = 188] Configuring CaDiCaL as --sat (1).
c [w = 188] Encoding starts with w = 188:
c [w = 188] Symmetry breaking highest degree node is applied.
c [w = 188] Encoding duration: 1522 ms.
c [w = 188] Number of clauses: 3734259.
c [w = 188] Number of variables: 820500.
c [w = 188] SAT Solving starts:
c [Signal] Signal interruption. Caught signal: SIGTERM (15).
c [Main] Lim pid ends with result: 254.
c [Main] All children have completed.
r [Main] 
r [Main] Final results: 
r [Main] Max width SAT:  	126.
r [Main] Min width UNSAT:	-.
r [Main] Total real time: 150826 ms.
r [Main] Total memory consumed: 4208.7 MB.
r [Main] 
