c [Version] Cyclic Bandwidth Encoder version 1.0.0.
c [Param] Real time limit is set to 150.
c [Param] Memory limit is set to 30000.
c [Param] Worker count is set to 4.
c [Main] Encoding and solving for graph: caterpillar_15_5.txt.
c [Main] Search strategy: Binary search from lower bound.
c [Main] No predefined lower bound is found for caterpillar_15_5.txt.
c [Main] LB-w = 2 (default value).
c [Main] No predefined upper bound is found for caterpillar_15_5.txt.
c [Main] UB-w = 37 (default value calculated as n/2).
c [Main] Search order: 19 10 5 3 2 4 7 6 8 9 14 12 11 13 16 15 17 18 28 23 21 20 22 25 24 26 27 33 30 29 31 32 35 34 36 37.
c [w = 5] Start task in PID: 189246.
c [w = 5] Cyclic Antibandwidth problem with w = 5 (caterpillar_15_5.txt):
c [w = 5] Initializing CaDiCaL (version 2.1.3).
c [w = 5] Configuring CaDiCaL as --sat (1).
c [w = 5] Encoding starts with w = 5:
c [w = 5] Symmetry breaking highest degree node is applied.
c [w = 5] Encoding duration: 33 ms.
c [w = 5] Number of clauses: 77482.
c [w = 5] Number of variables: 15900.
c [w = 5] SAT Solving starts:
c [w = 5] Solving duration: 12 ms.
c [w = 5] Answer:
s [w = 5] SAT (w = 5).
c [w = 5] Solution check = 5.
c [w = 5] The solution is correct.
c [w = 5] Result: 10.
c [Main] Max width SAT is set to 5.
c [Main] Kill lower pid 3.
c [w = 3] Start task in PID: 189247.
c [w = 3] Cyclic Antibandwidth problem with w = 3 (caterpillar_15_5.txt):
c [w = 3] Initializing CaDiCaL (version 2.1.3).
c [w = 3] Configuring CaDiCaL as --sat (1).
c [w = 3] Encoding starts with w = 3:
c [w = 3] Symmetry breaking highest degree node is applied.
c [w = 3] Encoding duration: 52 ms.
c [w = 3] Number of clauses: 83737.
c [w = 3] Number of variables: 13650.
c [w = 3] SAT Solving starts:
c [Signal] Signal interruption. Caught signal: SIGTERM (15).
c [Main] Child pid 3 - 189247 terminated by signal 15.
c [w = 7] Start task in PID: 189248.
c [w = 7] Cyclic Antibandwidth problem with w = 7 (caterpillar_15_5.txt):
c [w = 7] Initializing CaDiCaL (version 2.1.3).
c [w = 7] Configuring CaDiCaL as --sat (1).
c [w = 7] Encoding starts with w = 7:
c [w = 7] Symmetry breaking highest degree node is applied.
c [w = 7] Encoding duration: 30 ms.
c [w = 7] Number of clauses: 77620.
c [w = 7] Number of variables: 16950.
c [w = 7] SAT Solving starts:
c [w = 7] Solving duration: 5 ms.
c [w = 7] Answer:
s [w = 7] SAT (w = 7).
c [w = 7] Solution check = 7.
c [w = 7] The solution is correct.
c [w = 7] Result: 10.
c [Main] Max width SAT is set to 7.
c [Main] Kill lower pid 6.
c [w = 6] Start task in PID: 189249.
c [w = 6] Cyclic Antibandwidth problem with w = 6 (caterpillar_15_5.txt):
c [w = 6] Initializing CaDiCaL (version 2.1.3).
c [w = 6] Configuring CaDiCaL as --sat (1).
c [w = 6] Encoding starts with w = 6:
c [w = 6] Symmetry breaking highest degree node is applied.
c [w = 6] Encoding duration: 34 ms.
c [w = 6] Number of clauses: 77851.
c [w = 6] Number of variables: 16575.
c [w = 6] SAT Solving starts:
c [Signal] Signal interruption. Caught signal: SIGTERM (15).
c [Main] Child pid 6 - 189249 terminated by signal 15.
c [w = 8] Start task in PID: 189250.
c [w = 8] Cyclic Antibandwidth problem with w = 8 (caterpillar_15_5.txt):
c [w = 8] Initializing CaDiCaL (version 2.1.3).
c [w = 8] Configuring CaDiCaL as --sat (1).
c [w = 8] Encoding starts with w = 8:
c [w = 8] Symmetry breaking highest degree node is applied.
c [w = 8] Encoding duration: 30 ms.
c [w = 8] Number of clauses: 78442.
c [w = 8] Number of variables: 17400.
c [w = 8] SAT Solving starts:
c [w = 8] Solving duration: 11 ms.
c [w = 8] Answer:
s [w = 8] SAT (w = 8).
c [w = 8] Solution check = 8.
c [w = 8] The solution is correct.
c [w = 8] Result: 10.
c [Main] Max width SAT is set to 8.
c [w = 10] Start task in PID: 189245.
c [w = 10] Cyclic Antibandwidth problem with w = 10 (caterpillar_15_5.txt):
c [w = 10] Initializing CaDiCaL (version 2.1.3).
c [w = 10] Configuring CaDiCaL as --sat (1).
c [w = 10] Encoding starts with w = 10:
c [w = 10] Symmetry breaking highest degree node is applied.
c [w = 10] Encoding duration: 33 ms.
c [w = 10] Number of clauses: 78961.
c [w = 10] Number of variables: 17850.
c [w = 10] SAT Solving starts:
c [w = 10] Solving duration: 147 ms.
c [w = 10] Answer:
s [w = 10] SAT (w = 10).
c [w = 10] Solution check = 10.
c [w = 10] The solution is correct.
c [w = 10] Result: 10.
c [Main] Max width SAT is set to 10.
c [Main] Kill lower pid 9.
c [w = 9] Start task in PID: 189251.
c [w = 9] Cyclic Antibandwidth problem with w = 9 (caterpillar_15_5.txt):
c [w = 9] Initializing CaDiCaL (version 2.1.3).
c [w = 9] Configuring CaDiCaL as --sat (1).
c [w = 9] Encoding starts with w = 9:
c [w = 9] Symmetry breaking highest degree node is applied.
c [w = 9] Encoding duration: 33 ms.
c [w = 9] Number of clauses: 78889.
c [w = 9] Number of variables: 17700.
c [w = 9] SAT Solving starts:
c [Signal] Signal interruption. Caught signal: SIGTERM (15).
c [Main] Child pid 9 - 189251 terminated by signal 15.
c [w = 19] Start task in PID: 189244.
c [w = 19] Cyclic Antibandwidth problem with w = 19 (caterpillar_15_5.txt):
c [w = 19] Initializing CaDiCaL (version 2.1.3).
c [w = 19] Configuring CaDiCaL as --sat (1).
c [w = 19] Encoding starts with w = 19:
c [w = 19] Symmetry breaking highest degree node is applied.
c [w = 19] Encoding duration: 53 ms.
c [w = 19] Number of clauses: 80374.
c [w = 19] Number of variables: 18450.
c [w = 19] SAT Solving starts:
c [w = 19] Solving duration: 207 ms.
c [w = 19] Answer:
s [w = 19] SAT (w = 19).
c [w = 19] Solution check = 19.
c [w = 19] The solution is correct.
c [w = 19] Result: 10.
c [w = 11] Start task in PID: 189254.
c [w = 11] Cyclic Antibandwidth problem with w = 11 (caterpillar_15_5.txt):
c [w = 11] Initializing CaDiCaL (version 2.1.3).
c [w = 11] Configuring CaDiCaL as --sat (1).
c [w = 11] Encoding starts with w = 11:
c [w = 11] Symmetry breaking highest degree node is applied.
c [w = 11] Encoding duration: 30 ms.
c [w = 11] Number of clauses: 78658.
c [w = 11] Number of variables: 17850.
c [w = 11] SAT Solving starts:
c [Signal] Signal interruption. Caught signal: SIGTERM (15).
c [w = 12] Start task in PID: 189253.
c [w = 12] Cyclic Antibandwidth problem with w = 12 (caterpillar_15_5.txt):
c [w = 12] Initializing CaDiCaL (version 2.1.3).
c [w = 12] Configuring CaDiCaL as --sat (1).
c [w = 12] Encoding starts with w = 12:
c [w = 12] Symmetry breaking highest degree node is applied.
c [w = 12] Encoding duration: 34 ms.
c [w = 12] Number of clauses: 80308.
c [w = 12] Number of variables: 18375.
c [w = 12] SAT Solving starts:
c [Signal] Signal interruption. Caught signal: SIGTERM (15).
c [Main] Max width SAT is set to 19.
c [Main] Kill lower pid 11.
c [Main] Kill lower pid 12.
c [Main] Kill lower pid 14.
c [w = 14] Start task in PID: 189252.
c [w = 14] Cyclic Antibandwidth problem with w = 14 (caterpillar_15_5.txt):
c [w = 14] Initializing CaDiCaL (version 2.1.3).
c [w = 14] Configuring CaDiCaL as --sat (1).
c [w = 14] Encoding starts with w = 14:
c [w = 14] Symmetry breaking highest degree node is applied.
c [w = 14] Encoding duration: 36 ms.
c [w = 14] Number of clauses: 80830.
c [w = 14] Number of variables: 18600.
c [w = 14] SAT Solving starts:
c [w = 14] Solving duration: 67 ms.
c [w = 14] Answer:
s [w = 14] SAT (w = 14).
c [w = 14] Solution check = 14.
c [w = 14] The solution is correct.
c [Signal] Signal interruption. Caught signal: SIGTERM (15).
c [Main] Child pid 11 - 189254 terminated by signal 15.
c [Main] Child pid 12 - 189253 terminated by signal 15.
c [Main] Child pid 14 - 189252 terminated by signal 15.
c [w = 23] Start task in PID: 189256.
c [w = 23] Cyclic Antibandwidth problem with w = 23 (caterpillar_15_5.txt):
c [w = 23] Initializing CaDiCaL (version 2.1.3).
c [w = 23] Configuring CaDiCaL as --sat (1).
c [w = 23] Encoding starts with w = 23:
c [w = 23] Symmetry breaking highest degree node is applied.
c [w = 23] Encoding duration: 37 ms.
c [w = 23] Number of clauses: 84274.
c [w = 23] Number of variables: 19650.
c [w = 23] SAT Solving starts:
c [w = 23] Solving duration: 45 ms.
c [w = 23] Answer:
s [w = 23] SAT (w = 23).
c [w = 23] Solution check = 23.
c [w = 23] The solution is correct.
c [w = 23] Result: 10.
c [Main] Max width SAT is set to 23.
c [Main] Kill lower pid 20.
c [Main] Kill lower pid 21.
c [w = 20] Start task in PID: 189258.
c [w = 20] Cyclic Antibandwidth problem with w = 20 (caterpillar_15_5.txt):
c [w = 20] Initializing CaDiCaL (version 2.1.3).
c [w = 20] Configuring CaDiCaL as --sat (1).
c [w = 20] Encoding starts with w = 20:
c [w = 20] Symmetry breaking highest degree node is applied.
c [w = 20] Encoding duration: 35 ms.
c [w = 20] Number of clauses: 81349.
c [w = 20] Number of variables: 18750.
c [w = 20] SAT Solving starts:
c [Signal] Signal interruption. Caught signal: SIGTERM (15).
c [w = 21] Start task in PID: 189257.
c [w = 21] Cyclic Antibandwidth problem with w = 21 (caterpillar_15_5.txt):
c [w = 21] Initializing CaDiCaL (version 2.1.3).
c [w = 21] Configuring CaDiCaL as --sat (1).
c [w = 21] Encoding starts with w = 21:
c [w = 21] Symmetry breaking highest degree node is applied.
c [w = 21] Encoding duration: 36 ms.
c [w = 21] Number of clauses: 82324.
c [w = 21] Number of variables: 19050.
c [w = 21] SAT Solving starts:
c [Signal] Signal interruption. Caught signal: SIGTERM (15).
c [Main] Child pid 20 - 189258 terminated by signal 15.
c [Main] Child pid 21 - 189257 terminated by signal 15.
c [w = 28] Start task in PID: 189255.
c [w = 28] Cyclic Antibandwidth problem with w = 28 (caterpillar_15_5.txt):
c [w = 28] Initializing CaDiCaL (version 2.1.3).
c [w = 28] Configuring CaDiCaL as --sat (1).
c [w = 28] Encoding starts with w = 28:
c [w = 28] Symmetry breaking highest degree node is applied.
c [w = 28] Encoding duration: 35 ms.
c [w = 28] Number of clauses: 83446.
c [w = 28] Number of variables: 19275.
c [w = 28] SAT Solving starts:
c [w = 28] Solving duration: 59 ms.
c [w = 28] Answer:
s [w = 28] SAT (w = 28).
c [w = 28] Solution check = 28.
c [w = 28] The solution is correct.
c [w = 28] Result: 10.
c [w = 26] Start task in PID: 189261.
c [w = 26] Cyclic Antibandwidth problem with w = 26 (caterpillar_15_5.txt):
c [w = 26] Initializing CaDiCaL (version 2.1.3).
c [w = 26] Configuring CaDiCaL as --sat (1).
c [w = 26] Encoding starts with w = 26:
c [w = 26] Symmetry breaking highest degree node is applied.
c [Signal] Signal interruption. Caught signal: SIGTERM (15).
c [Main] Max width SAT is set to 28.
c [Main] Kill lower pid 26.
c [Main] Kill lower pid 24.
c [Main] Kill lower pid 25.
c [w = 24] Start task in PID: 189260.
c [w = 24] Cyclic Antibandwidth problem with w = 24 (caterpillar_15_5.txt):
c [w = 24] Initializing CaDiCaL (version 2.1.3).
c [w = 24] Configuring CaDiCaL as --sat (1).
c [w = 24] Encoding starts with w = 24:
c [w = 24] Symmetry breaking highest degree node is applied.
c [Signal] Signal interruption. Caught signal: SIGTERM (15).
c [w = 25] Start task in PID: 189259.
c [w = 25] Cyclic Antibandwidth problem with w = 25 (caterpillar_15_5.txt):
c [w = 25] Initializing CaDiCaL (version 2.1.3).
c [w = 25] Configuring CaDiCaL as --sat (1).
c [w = 25] Encoding starts with w = 25:
c [w = 25] Symmetry breaking highest degree node is applied.
c [Signal] Signal interruption. Caught signal: SIGTERM (15).
c [Main] Child pid 24 - 189260 terminated by signal 15.
c [Main] Child pid 25 - 189259 terminated by signal 15.
c [Main] Child pid 26 - 189261 terminated by signal 15.
c [w = 31] Start task in PID: 189265.
c [w = 31] Cyclic Antibandwidth problem with w = 31 (caterpillar_15_5.txt):
c [w = 31] Initializing CaDiCaL (version 2.1.3).
c [w = 31] Configuring CaDiCaL as --sat (1).
c [w = 31] Encoding starts with w = 31:
c [w = 31] Symmetry breaking highest degree node is applied.
c [w = 31] Encoding duration: 36 ms.
c [w = 31] Number of clauses: 85696.
c [w = 31] Number of variables: 19950.
c [w = 31] SAT Solving starts:
c [w = 31] Solving duration: 17 ms.
c [w = 31] Answer:
s [w = 31] SAT (w = 31).
c [w = 31] Solution check = 31.
c [w = 31] The solution is correct.
c [w = 31] Result: 10.
c [Main] Max width SAT is set to 31.
c [Main] Kill lower pid 29.
c [Main] Kill lower pid 30.
c [w = 29] Start task in PID: 189264.
c [w = 29] Cyclic Antibandwidth problem with w = 29 (caterpillar_15_5.txt):
c [w = 29] Initializing CaDiCaL (version 2.1.3).
c [w = 29] Configuring CaDiCaL as --sat (1).
c [w = 29] Encoding starts with w = 29:
c [w = 29] Symmetry breaking highest degree node is applied.
c [w = 29] Encoding duration: 40 ms.
c [w = 29] Number of clauses: 84196.
c [w = 29] Number of variables: 19500.
c [w = 29] SAT Solving starts:
c [Signal] Signal interruption. Caught signal: SIGTERM (15).
c [w = 30] Start task in PID: 189263.
c [w = 30] Cyclic Antibandwidth problem with w = 30 (caterpillar_15_5.txt):
c [w = 30] Initializing CaDiCaL (version 2.1.3).
c [w = 30] Configuring CaDiCaL as --sat (1).
c [w = 30] Encoding starts with w = 30:
c [w = 30] Symmetry breaking highest degree node is applied.
c [w = 30] Encoding duration: 40 ms.
c [w = 30] Number of clauses: 84946.
c [w = 30] Number of variables: 19725.
c [w = 30] SAT Solving starts:
c [Signal] Signal interruption. Caught signal: SIGTERM (15).
c [Main] Child pid 30 - 189263 terminated by signal 15.
c [Main] Child pid 29 - 189264 terminated by signal 15.
c [w = 32] Start task in PID: 189266.
c [w = 32] Cyclic Antibandwidth problem with w = 32 (caterpillar_15_5.txt):
c [w = 32] Initializing CaDiCaL (version 2.1.3).
c [w = 32] Configuring CaDiCaL as --sat (1).
c [w = 32] Encoding starts with w = 32:
c [w = 32] Symmetry breaking highest degree node is applied.
c [w = 32] Encoding duration: 35 ms.
c [w = 32] Number of clauses: 86446.
c [w = 32] Number of variables: 20175.
c [w = 32] SAT Solving starts:
c [w = 32] Solving duration: 5 ms.
c [w = 32] Answer:
s [w = 32] SAT (w = 32).
c [w = 32] Solution check = 32.
c [w = 32] The solution is correct.
c [w = 32] Result: 10.
c [Main] Max width SAT is set to 32.
c [w = 34] Start task in PID: 189268.
c [w = 34] Cyclic Antibandwidth problem with w = 34 (caterpillar_15_5.txt):
c [w = 34] Initializing CaDiCaL (version 2.1.3).
c [w = 34] Configuring CaDiCaL as --sat (1).
c [w = 34] Encoding starts with w = 34:
c [w = 34] Symmetry breaking highest degree node is applied.
c [w = 34] Encoding duration: 41 ms.
c [w = 34] Number of clauses: 87946.
c [w = 34] Number of variables: 20625.
c [w = 34] SAT Solving starts:
c [w = 34] Solving duration: 38 ms.
c [w = 34] Answer:
s [w = 34] SAT (w = 34).
c [w = 34] Solution check = 34.
c [w = 34] The solution is correct.
c [w = 34] Result: 10.
c [Main] Max width SAT is set to 34.
c [Main] Kill lower pid 33.
c [w = 33] Start task in PID: 189262.
c [w = 33] Cyclic Antibandwidth problem with w = 33 (caterpillar_15_5.txt):
c [w = 33] Initializing CaDiCaL (version 2.1.3).
c [w = 33] Configuring CaDiCaL as --sat (1).
c [w = 33] Encoding starts with w = 33:
c [w = 33] Symmetry breaking highest degree node is applied.
c [w = 33] Encoding duration: 37 ms.
c [w = 33] Number of clauses: 87196.
c [w = 33] Number of variables: 20400.
c [w = 33] SAT Solving starts:
c [Signal] Signal interruption. Caught signal: SIGTERM (15).
c [Main] Child pid 33 - 189262 terminated by signal 15.
c [w = 37] Start task in PID: 189270.
c [w = 37] Cyclic Antibandwidth problem with w = 37 (caterpillar_15_5.txt):
c [w = 37] Initializing CaDiCaL (version 2.1.3).
c [w = 37] Configuring CaDiCaL as --sat (1).
c [w = 37] Encoding starts with w = 37:
c [w = 37] Symmetry breaking highest degree node is applied.
c [w = 37] Encoding duration: 36 ms.
c [w = 37] Number of clauses: 82396.
c [w = 37] Number of variables: 18750.
c [w = 37] SAT Solving starts:
c [w = 37] Solving duration: 7 ms.
c [w = 37] Answer:
s [w = 37] UNSAT (w = 37).
c [w = 37] Result: 20.
c [Main] Min width UNSAT is set to 37
c [w = 35] Start task in PID: 189267.
c [w = 35] Cyclic Antibandwidth problem with w = 35 (caterpillar_15_5.txt):
c [w = 35] Initializing CaDiCaL (version 2.1.3).
c [w = 35] Configuring CaDiCaL as --sat (1).
c [w = 35] Encoding starts with w = 35:
c [w = 35] Symmetry breaking highest degree node is applied.
c [w = 35] Encoding duration: 40 ms.
c [w = 35] Number of clauses: 88696.
c [w = 35] Number of variables: 20850.
c [w = 35] SAT Solving starts:
c [w = 35] Solving duration: 389 ms.
c [w = 35] Answer:
s [w = 35] SAT (w = 35).
c [w = 35] Solution check = 35.
c [w = 35] The solution is correct.
c [w = 35] Result: 10.
c [Main] Max width SAT is set to 35.
c [w = 36] Start task in PID: 189269.
c [w = 36] Cyclic Antibandwidth problem with w = 36 (caterpillar_15_5.txt):
c [w = 36] Initializing CaDiCaL (version 2.1.3).
c [w = 36] Configuring CaDiCaL as --sat (1).
c [w = 36] Encoding starts with w = 36:
c [w = 36] Symmetry breaking highest degree node is applied.
c [w = 36] Encoding duration: 35 ms.
c [w = 36] Number of clauses: 89446.
c [w = 36] Number of variables: 21075.
c [w = 36] SAT Solving starts:
c [w = 36] Solving duration: 6103 ms.
c [w = 36] Answer:
s [w = 36] UNSAT (w = 36).
c [w = 36] Result: 20.
c [Main] Min width UNSAT is set to 36
c [Signal] Signal interruption. Caught signal: SIGTERM (15).
c [Main] All children have completed.
r [Main] 
r [Main] Final results: 
r [Main] Max width SAT:  	35.
r [Main] Min width UNSAT:	36.
r [Main] Total real time: 6638 ms.
r [Main] Total memory consumed: 91.6 MB.
r [Main] 
