c [Version] Cyclic Bandwidth Encoder version 1.0.0.
c [Param] Real time limit is set to 150.
c [Param] Memory limit is set to 30000.
c [Param] Worker count is set to 4.
c [Main] Encoding and solving for graph: caterpillar_25_15.txt.
c [Main] Search strategy: Binary search from lower bound.
c [Main] No predefined lower bound is found for caterpillar_25_15.txt.
c [Main] LB-w = 2 (default value).
c [Main] No predefined upper bound is found for caterpillar_25_15.txt.
c [Main] UB-w = 187 (default value calculated as n/2).
c [Main] Search order: 94 47 24 12 6 3 2 4 5 9 7 8 10 11 18 15 13 14 16 17 21 19 20 22 23 35 29 26 25 27 28 32 30 31 33 34 41 38 36 37 39 40 44 42 43 45 46 70 58 52 49 48 50 51 55 53 54 56 57 64 61 59 60 62 63 67 65 66 68 69 82 76 73 71 72 74 75 79 77 78 80 81 88 85 83 84 86 87 91 89 90 92 93 141 117 105 99 96 95 97 98 102 100 101 103 104 111 108 106 107 109 110 114 112 113 115 116 129 123 120 118 119 121 122 126 124 125 127 128 135 132 130 131 133 134 138 136 137 139 140 164 152 146 143 142 144 145 149 147 148 150 151 158 155 153 154 156 157 161 159 160 162 163 176 170 167 165 166 168 169 173 171 172 174 175 182 179 177 178 180 181 185 183 184 186 187.
c [w = 12] Start task in PID: 189861.
c [w = 12] Cyclic Antibandwidth problem with w = 12 (caterpillar_25_15.txt):
c [w = 12] Initializing CaDiCaL (version 2.1.3).
c [w = 12] Configuring CaDiCaL as --sat (1).
c [w = 12] Encoding starts with w = 12:
c [w = 12] Symmetry breaking highest degree node is applied.
c [w = 12] Encoding duration: 853 ms.
c [w = 12] Number of clauses: 2075158.
c [w = 12] Number of variables: 417000.
c [w = 12] SAT Solving starts:
c [w = 12] Solving duration: 913 ms.
c [w = 12] Answer:
s [w = 12] SAT (w = 12).
c [w = 12] Solution check = 12.
c [w = 12] The solution is correct.
c [w = 12] Result: 10.
c [Main] Max width SAT is set to 12.
c [w = 18] Start task in PID: 189862.
c [w = 18] Cyclic Antibandwidth problem with w = 18 (caterpillar_25_15.txt):
c [w = 18] Initializing CaDiCaL (version 2.1.3).
c [w = 18] Configuring CaDiCaL as --sat (1).
c [w = 18] Encoding starts with w = 18:
c [w = 18] Symmetry breaking highest degree node is applied.
c [w = 18] Encoding duration: 838 ms.
c [w = 18] Number of clauses: 2008750.
c [w = 18] Number of variables: 427125.
c [w = 18] SAT Solving starts:
c [w = 18] Solving duration: 1292 ms.
c [w = 18] Answer:
s [w = 18] SAT (w = 18).
c [w = 18] Solution check = 18.
c [w = 18] The solution is correct.
c [w = 18] Result: 10.
c [Main] Max width SAT is set to 18.
c [w = 21] Start task in PID: 189866.
c [w = 21] Cyclic Antibandwidth problem with w = 21 (caterpillar_25_15.txt):
c [w = 21] Initializing CaDiCaL (version 2.1.3).
c [w = 21] Configuring CaDiCaL as --sat (1).
c [w = 21] Encoding starts with w = 21:
c [w = 21] Symmetry breaking highest degree node is applied.
c [w = 21] Encoding duration: 826 ms.
c [w = 21] Number of clauses: 2000866.
c [w = 21] Number of variables: 430500.
c [w = 21] SAT Solving starts:
c [w = 21] Solving duration: 1249 ms.
c [w = 21] Answer:
s [w = 21] SAT (w = 21).
c [w = 21] Solution check = 21.
c [w = 21] The solution is correct.
c [w = 21] Result: 10.
c [Main] Max width SAT is set to 21.
c [w = 22] Start task in PID: 189868.
c [w = 22] Cyclic Antibandwidth problem with w = 22 (caterpillar_25_15.txt):
c [w = 22] Initializing CaDiCaL (version 2.1.3).
c [w = 22] Configuring CaDiCaL as --sat (1).
c [w = 22] Encoding starts with w = 22:
c [w = 22] Symmetry breaking highest degree node is applied.
c [w = 22] Encoding duration: 832 ms.
c [w = 22] Number of clauses: 1999366.
c [w = 22] Number of variables: 430125.
c [w = 22] SAT Solving starts:
c [w = 22] Solving duration: 22504 ms.
c [w = 22] Answer:
s [w = 22] SAT (w = 22).
c [w = 22] Solution check = 22.
c [w = 22] The solution is correct.
c [w = 22] Result: 10.
c [Main] Max width SAT is set to 22.
c [w = 23] Start task in PID: 189872.
c [w = 23] Cyclic Antibandwidth problem with w = 23 (caterpillar_25_15.txt):
c [w = 23] Initializing CaDiCaL (version 2.1.3).
c [w = 23] Configuring CaDiCaL as --sat (1).
c [w = 23] Encoding starts with w = 23:
c [w = 23] Symmetry breaking highest degree node is applied.
c [w = 23] Encoding duration: 819 ms.
c [w = 23] Number of clauses: 2013988.
c [w = 23] Number of variables: 436500.
c [w = 23] SAT Solving starts:
c [w = 23] Solving duration: 2020 ms.
c [w = 23] Answer:
s [w = 23] SAT (w = 23).
c [w = 23] Solution check = 23.
c [w = 23] The solution is correct.
c [w = 23] Result: 10.
c [Main] Max width SAT is set to 23.
c [w = 47] Start task in PID: 189859.
c [w = 47] Cyclic Antibandwidth problem with w = 47 (caterpillar_25_15.txt):
c [w = 47] Initializing CaDiCaL (version 2.1.3).
c [w = 47] Configuring CaDiCaL as --sat (1).
c [w = 47] Encoding starts with w = 47:
c [w = 47] Symmetry breaking highest degree node is applied.
c [w = 47] Encoding duration: 834 ms.
c [w = 47] Number of clauses: 2002711.
c [w = 47] Number of variables: 441000.
c [w = 47] SAT Solving starts:
c [w = 47] Solving duration: 35827 ms.
c [w = 47] Answer:
s [w = 47] SAT (w = 47).
c [w = 47] Solution check = 47.
c [w = 47] The solution is correct.
c [w = 47] Result: 10.
c [Main] Max width SAT is set to 47.
c [Main] Kill lower pid 35.
c [Main] Kill lower pid 24.
c [w = 24] Start task in PID: 189860.
c [w = 24] Cyclic Antibandwidth problem with w = 24 (caterpillar_25_15.txt):
c [w = 24] Initializing CaDiCaL (version 2.1.3).
c [w = 24] Configuring CaDiCaL as --sat (1).
c [w = 24] Encoding starts with w = 24:
c [w = 24] Symmetry breaking highest degree node is applied.
c [w = 24] Encoding duration: 832 ms.
c [w = 24] Number of clauses: 2004610.
c [w = 24] Number of variables: 435000.
c [w = 24] SAT Solving starts:
c [Signal] Signal interruption. Caught signal: SIGTERM (15).
c [w = 35] Start task in PID: 189873.
c [w = 35] Cyclic Antibandwidth problem with w = 35 (caterpillar_25_15.txt):
c [w = 35] Initializing CaDiCaL (version 2.1.3).
c [w = 35] Configuring CaDiCaL as --sat (1).
c [w = 35] Encoding starts with w = 35:
c [w = 35] Symmetry breaking highest degree node is applied.
c [w = 35] Encoding duration: 861 ms.
c [w = 35] Number of clauses: 2006095.
c [w = 35] Number of variables: 441000.
c [w = 35] SAT Solving starts:
c [Signal] Signal interruption. Caught signal: SIGTERM (15).
c [Main] Child pid 24 - 189860 terminated by signal 15.
c [Main] Child pid 35 - 189873 terminated by signal 15.
c [w = 94] Start task in PID: 189858.
c [w = 94] Cyclic Antibandwidth problem with w = 94 (caterpillar_25_15.txt):
c [w = 94] Initializing CaDiCaL (version 2.1.3).
c [w = 94] Configuring CaDiCaL as --sat (1).
c [w = 94] Encoding starts with w = 94:
c [w = 94] Symmetry breaking highest degree node is applied.
c [w = 94] Encoding duration: 848 ms.
c [w = 94] Number of clauses: 2028574.
c [w = 94] Number of variables: 445500.
c [w = 94] SAT Solving starts:
c [w = 94] Solving duration: 40521 ms.
c [w = 94] Answer:
s [w = 94] SAT (w = 94).
c [w = 94] Solution check = 94.
c [w = 94] The solution is correct.
c [w = 94] Result: 10.
c [Main] Max width SAT is set to 94.
c [Main] Kill lower pid 52.
c [Main] Kill lower pid 58.
c [Main] Kill lower pid 70.
c [w = 52] Start task in PID: 189877.
c [w = 52] Cyclic Antibandwidth problem with w = 52 (caterpillar_25_15.txt):
c [w = 52] Initializing CaDiCaL (version 2.1.3).
c [w = 52] Configuring CaDiCaL as --sat (1).
c [w = 52] Encoding starts with w = 52:
c [w = 52] Symmetry breaking highest degree node is applied.
c [w = 52] Encoding duration: 856 ms.
c [w = 52] Number of clauses: 2049586.
c [w = 52] Number of variables: 456000.
c [w = 52] SAT Solving starts:
c [Signal] Signal interruption. Caught signal: SIGTERM (15).
c [w = 70] Start task in PID: 189875.
c [w = 70] Cyclic Antibandwidth problem with w = 70 (caterpillar_25_15.txt):
c [w = 70] Initializing CaDiCaL (version 2.1.3).
c [w = 70] Configuring CaDiCaL as --sat (1).
c [w = 70] Encoding starts with w = 70:
c [w = 70] Symmetry breaking highest degree node is applied.
c [w = 70] Encoding duration: 861 ms.
c [w = 70] Number of clauses: 2064205.
c [w = 70] Number of variables: 459750.
c [w = 70] SAT Solving starts:
c [Signal] Signal interruption. Caught signal: SIGTERM (15).
c [w = 58] Start task in PID: 189876.
c [w = 58] Cyclic Antibandwidth problem with w = 58 (caterpillar_25_15.txt):
c [w = 58] Initializing CaDiCaL (version 2.1.3).
c [w = 58] Configuring CaDiCaL as --sat (1).
c [w = 58] Encoding starts with w = 58:
c [w = 58] Symmetry breaking highest degree node is applied.
c [w = 58] Encoding duration: 853 ms.
c [w = 58] Number of clauses: 2042083.
c [w = 58] Number of variables: 453375.
c [w = 58] SAT Solving starts:
c [Signal] Signal interruption. Caught signal: SIGTERM (15).
c [Main] Child pid 52 - 189877 terminated by signal 15.
c [Main] Child pid 70 - 189875 terminated by signal 15.
c [Main] Child pid 58 - 189876 terminated by signal 15.
c [w = 117] Start task in PID: 189879.
c [w = 117] Cyclic Antibandwidth problem with w = 117 (caterpillar_25_15.txt):
c [w = 117] Initializing CaDiCaL (version 2.1.3).
c [w = 117] Configuring CaDiCaL as --sat (1).
c [w = 117] Encoding starts with w = 117:
c [w = 117] Symmetry breaking highest degree node is applied.
c [w = 117] Encoding duration: 902 ms.
c [w = 117] Number of clauses: 2140699.
c [w = 117] Number of variables: 480000.
c [w = 117] SAT Solving starts:
c [w = 117] Solving duration: 15392 ms.
c [w = 117] Answer:
s [w = 117] SAT (w = 117).
c [w = 117] Solution check = 117.
c [w = 117] The solution is correct.
c [w = 117] Result: 10.
c [Main] Max width SAT is set to 117.
c [Main] Kill lower pid 99.
c [Main] Kill lower pid 105.
c [w = 105] Start task in PID: 189880.
c [w = 105] Cyclic Antibandwidth problem with w = 105 (caterpillar_25_15.txt):
c [w = 105] Initializing CaDiCaL (version 2.1.3).
c [w = 105] Configuring CaDiCaL as --sat (1).
c [w = 105] Encoding starts with w = 105:
c [w = 105] Symmetry breaking highest degree node is applied.
c [w = 105] Encoding duration: 870 ms.
c [w = 105] Number of clauses: 2082199.
c [w = 105] Number of variables: 462000.
c [w = 105] SAT Solving starts:
c [w = 105] Solving duration: 15520 ms.
c [w = 105] Answer:
s [w = 105] SAT (w = 105).
c [w = 105] Solution check = 105.
c [w = 105] The solution is correct.
c [Signal] Signal interruption. Caught signal: SIGTERM (15).
c [w = 99] Start task in PID: 189881.
c [w = 99] Cyclic Antibandwidth problem with w = 99 (caterpillar_25_15.txt):
c [w = 99] Initializing CaDiCaL (version 2.1.3).
c [w = 99] Configuring CaDiCaL as --sat (1).
c [w = 99] Encoding starts with w = 99:
c [w = 99] Symmetry breaking highest degree node is applied.
c [w = 99] Encoding duration: 841 ms.
c [w = 99] Number of clauses: 2052949.
c [w = 99] Number of variables: 453000.
c [w = 99] SAT Solving starts:
c [Signal] Signal interruption. Caught signal: SIGTERM (15).
c [Main] Child pid 99 - 189881 terminated by signal 15.
c [Main] Child pid 105 - 189880 terminated by signal 15.
c [w = 120] Start task in PID: 189886.
c [w = 120] Cyclic Antibandwidth problem with w = 120 (caterpillar_25_15.txt):
c [w = 120] Initializing CaDiCaL (version 2.1.3).
c [w = 120] Configuring CaDiCaL as --sat (1).
c [w = 120] Encoding starts with w = 120:
c [w = 120] Symmetry breaking highest degree node is applied.
c [w = 120] Encoding duration: 908 ms.
c [w = 120] Number of clauses: 2155324.
c [w = 120] Number of variables: 484500.
c [w = 120] SAT Solving starts:
c [w = 120] Solving duration: 2893 ms.
c [w = 120] Answer:
s [w = 120] SAT (w = 120).
c [w = 120] Solution check = 120.
c [w = 120] The solution is correct.
c [w = 120] Result: 10.
c [Main] Max width SAT is set to 120.
c [w = 121] Start task in PID: 189887.
c [w = 121] Cyclic Antibandwidth problem with w = 121 (caterpillar_25_15.txt):
c [w = 121] Initializing CaDiCaL (version 2.1.3).
c [w = 121] Configuring CaDiCaL as --sat (1).
c [w = 121] Encoding starts with w = 121:
c [w = 121] Symmetry breaking highest degree node is applied.
c [w = 121] Encoding duration: 911 ms.
c [w = 121] Number of clauses: 2160199.
c [w = 121] Number of variables: 486000.
c [w = 121] SAT Solving starts:
c [w = 121] Solving duration: 2559 ms.
c [w = 121] Answer:
s [w = 121] SAT (w = 121).
c [w = 121] Solution check = 121.
c [w = 121] The solution is correct.
c [w = 121] Result: 10.
c [Main] Max width SAT is set to 121.
c [w = 123] Start task in PID: 189885.
c [w = 123] Cyclic Antibandwidth problem with w = 123 (caterpillar_25_15.txt):
c [w = 123] Initializing CaDiCaL (version 2.1.3).
c [w = 123] Configuring CaDiCaL as --sat (1).
c [w = 123] Encoding starts with w = 123:
c [w = 123] Symmetry breaking highest degree node is applied.
c [w = 123] Encoding duration: 899 ms.
c [w = 123] Number of clauses: 2169949.
c [w = 123] Number of variables: 489000.
c [w = 123] SAT Solving starts:
c [w = 123] Solving duration: 11385 ms.
c [w = 123] Answer:
s [w = 123] SAT (w = 123).
c [w = 123] Solution check = 123.
c [w = 123] The solution is correct.
c [w = 123] Result: 10.
c [Main] Max width SAT is set to 123.
c [Main] Kill lower pid 122.
c [w = 122] Start task in PID: 189892.
c [w = 122] Cyclic Antibandwidth problem with w = 122 (caterpillar_25_15.txt):
c [w = 122] Initializing CaDiCaL (version 2.1.3).
c [w = 122] Configuring CaDiCaL as --sat (1).
c [w = 122] Encoding starts with w = 122:
c [w = 122] Symmetry breaking highest degree node is applied.
c [w = 122] Encoding duration: 903 ms.
c [w = 122] Number of clauses: 2165074.
c [w = 122] Number of variables: 487500.
c [w = 122] SAT Solving starts:
c [Signal] Signal interruption. Caught signal: SIGTERM (15).
c [Main] Child pid 122 - 189892 terminated by signal 15.
c [w = 124] Start task in PID: 189894.
c [w = 124] Cyclic Antibandwidth problem with w = 124 (caterpillar_25_15.txt):
c [w = 124] Initializing CaDiCaL (version 2.1.3).
c [w = 124] Configuring CaDiCaL as --sat (1).
c [w = 124] Encoding starts with w = 124:
c [w = 124] Symmetry breaking highest degree node is applied.
c [w = 124] Encoding duration: 903 ms.
c [w = 124] Number of clauses: 2174824.
c [w = 124] Number of variables: 490500.
c [w = 124] SAT Solving starts:
c [w = 124] Solving duration: 455 ms.
c [w = 124] Answer:
s [w = 124] SAT (w = 124).
c [w = 124] Solution check = 124.
c [w = 124] The solution is correct.
c [w = 124] Result: 10.
c [Main] Max width SAT is set to 124.
c [w = 125] Start task in PID: 189895.
c [w = 125] Cyclic Antibandwidth problem with w = 125 (caterpillar_25_15.txt):
c [w = 125] Initializing CaDiCaL (version 2.1.3).
c [w = 125] Configuring CaDiCaL as --sat (1).
c [w = 125] Encoding starts with w = 125:
c [w = 125] Symmetry breaking highest degree node is applied.
c [w = 125] Encoding duration: 832 ms.
c [w = 125] Number of clauses: 2042071.
c [w = 125] Number of variables: 446250.
c [w = 125] SAT Solving starts:
c [w = 125] Solving duration: 99 ms.
c [w = 125] Answer:
s [w = 125] SAT (w = 125).
c [w = 125] Solution check = 125.
c [w = 125] The solution is correct.
c [w = 125] Result: 10.
c [Main] Max width SAT is set to 125.
c [w = 126] Start task in PID: 189893.
c [w = 126] Cyclic Antibandwidth problem with w = 126 (caterpillar_25_15.txt):
c [w = 126] Initializing CaDiCaL (version 2.1.3).
c [w = 126] Configuring CaDiCaL as --sat (1).
c [w = 126] Encoding starts with w = 126:
c [w = 126] Symmetry breaking highest degree node is applied.
c [w = 126] Encoding duration: 852 ms.
c [w = 126] Number of clauses: 2045821.
c [w = 126] Number of variables: 447375.
c [w = 126] SAT Solving starts:
c [w = 126] Solving duration: 12697 ms.
c [w = 126] Answer:
s [w = 126] SAT (w = 126).
c [w = 126] Solution check = 126.
c [w = 126] The solution is correct.
c [w = 126] Result: 10.
c [Main] Max width SAT is set to 126.
c [w = 127] Start task in PID: 189896.
c [w = 127] Cyclic Antibandwidth problem with w = 127 (caterpillar_25_15.txt):
c [w = 127] Initializing CaDiCaL (version 2.1.3).
c [w = 127] Configuring CaDiCaL as --sat (1).
c [w = 127] Encoding starts with w = 127:
c [w = 127] Symmetry breaking highest degree node is applied.
c [w = 127] Encoding duration: 840 ms.
c [w = 127] Number of clauses: 2049571.
c [w = 127] Number of variables: 448500.
c [w = 127] SAT Solving starts:
c [w = 127] Solving duration: 34566 ms.
c [w = 127] Answer:
s [w = 127] SAT (w = 127).
c [w = 127] Solution check = 127.
c [w = 127] The solution is correct.
c [w = 127] Result: 10.
c [Main] Max width SAT is set to 127.
c [w = 141] Start task in PID: 189878.
c [w = 141] Cyclic Antibandwidth problem with w = 141 (caterpillar_25_15.txt):
c [w = 141] Initializing CaDiCaL (version 2.1.3).
c [w = 141] Configuring CaDiCaL as --sat (1).
c [w = 141] Encoding starts with w = 141:
c [w = 141] Symmetry breaking highest degree node is applied.
c [w = 141] Encoding duration: 893 ms.
c [w = 141] Number of clauses: 2102071.
c [w = 141] Number of variables: 464250.
c [w = 141] SAT Solving starts:
c [w = 141] Solving duration: 70522 ms.
c [w = 141] Answer:
s [w = 141] SAT (w = 141).
c [w = 141] Solution check = 141.
c [w = 141] The solution is correct.
c [w = 141] Result: 10.
c [Main] Max width SAT is set to 141.
c [Main] Kill lower pid 135.
c [Main] Kill lower pid 129.
c [Main] Kill lower pid 128.
c [w = 129] Start task in PID: 189884.
c [w = 129] Cyclic Antibandwidth problem with w = 129 (caterpillar_25_15.txt):
c [w = 129] Initializing CaDiCaL (version 2.1.3).
c [w = 129] Configuring CaDiCaL as --sat (1).
c [w = 129] Encoding starts with w = 129:
c [w = 129] Symmetry breaking highest degree node is applied.
c [w = 129] Encoding duration: 860 ms.
c [w = 129] Number of clauses: 2057071.
c [w = 129] Number of variables: 450750.
c [w = 129] SAT Solving starts:
c [Signal] Signal interruption. Caught signal: SIGTERM (15).
c [w = 135] Start task in PID: 189902.
c [w = 135] Cyclic Antibandwidth problem with w = 135 (caterpillar_25_15.txt):
c [w = 135] Initializing CaDiCaL (version 2.1.3).
c [w = 135] Configuring CaDiCaL as --sat (1).
c [w = 135] Encoding starts with w = 135:
c [w = 135] Symmetry breaking highest degree node is applied.
c [w = 135] Encoding duration: 849 ms.
c [w = 135] Number of clauses: 2079571.
c [w = 135] Number of variables: 457500.
c [w = 135] SAT Solving starts:
c [Signal] Signal interruption. Caught signal: SIGTERM (15).
c [w = 128] Start task in PID: 189898.
c [w = 128] Cyclic Antibandwidth problem with w = 128 (caterpillar_25_15.txt):
c [w = 128] Initializing CaDiCaL (version 2.1.3).
c [w = 128] Configuring CaDiCaL as --sat (1).
c [w = 128] Encoding starts with w = 128:
c [w = 128] Symmetry breaking highest degree node is applied.
c [w = 128] Encoding duration: 837 ms.
c [w = 128] Number of clauses: 2053321.
c [w = 128] Number of variables: 449625.
c [w = 128] SAT Solving starts:
c [Signal] Signal interruption. Caught signal: SIGTERM (15).
c [Main] Child pid 129 - 189884 terminated by signal 15.
c [Main] Child pid 128 - 189898 terminated by signal 15.
c [Main] Child pid 135 - 189902 terminated by signal 15.
c [w = 143] Start task in PID: 189906.
c [w = 143] Cyclic Antibandwidth problem with w = 143 (caterpillar_25_15.txt):
c [w = 143] Initializing CaDiCaL (version 2.1.3).
c [w = 143] Configuring CaDiCaL as --sat (1).
c [w = 143] Encoding starts with w = 143:
c [w = 143] Symmetry breaking highest degree node is applied.
c [w = 143] Encoding duration: 879 ms.
c [w = 143] Number of clauses: 2109571.
c [w = 143] Number of variables: 466500.
c [w = 143] SAT Solving starts:
c [Signal] Signal interruption. Caught signal: SIGTERM (15).
c [w = 146] Start task in PID: 189905.
c [w = 146] Cyclic Antibandwidth problem with w = 146 (caterpillar_25_15.txt):
c [w = 146] Initializing CaDiCaL (version 2.1.3).
c [w = 146] Configuring CaDiCaL as --sat (1).
c [w = 146] Encoding starts with w = 146:
c [w = 146] Symmetry breaking highest degree node is applied.
c [w = 146] Encoding duration: 889 ms.
c [w = 146] Number of clauses: 2120821.
c [w = 146] Number of variables: 469875.
c [w = 146] SAT Solving starts:
c [Signal] Signal interruption. Caught signal: SIGTERM (15).
c [w = 152] Start task in PID: 189904.
c [w = 152] Cyclic Antibandwidth problem with w = 152 (caterpillar_25_15.txt):
c [w = 152] Initializing CaDiCaL (version 2.1.3).
c [w = 152] Configuring CaDiCaL as --sat (1).
c [w = 152] Encoding starts with w = 152:
c [w = 152] Symmetry breaking highest degree node is applied.
c [w = 152] Encoding duration: 911 ms.
c [w = 152] Number of clauses: 2143321.
c [w = 152] Number of variables: 476625.
c [w = 152] SAT Solving starts:
c [Signal] Signal interruption. Caught signal: SIGTERM (15).
c [w = 164] Start task in PID: 189903.
c [w = 164] Cyclic Antibandwidth problem with w = 164 (caterpillar_25_15.txt):
c [w = 164] Initializing CaDiCaL (version 2.1.3).
c [w = 164] Configuring CaDiCaL as --sat (1).
c [w = 164] Encoding starts with w = 164:
c [w = 164] Symmetry breaking highest degree node is applied.
c [w = 164] Encoding duration: 915 ms.
c [w = 164] Number of clauses: 2188321.
c [w = 164] Number of variables: 490125.
c [w = 164] SAT Solving starts:
c [Signal] Signal interruption. Caught signal: SIGTERM (15).
c [Main] Lim pid ends with result: 254.
c [Main] All children have completed.
r [Main] 
r [Main] Final results: 
r [Main] Max width SAT:  	141.
r [Main] Min width UNSAT:	-.
r [Main] Total real time: 150826 ms.
r [Main] Total memory consumed: 2598 MB.
r [Main] 
