c [Version] Cyclic Anti-bandwidth Encoder version 1.0.0.
c [Param] Real time limit is set to 150.
c [Param] Memory limit is set to 30000.
c [Param] Worker count is set to 4.
c [Param] LB skip threshold is set to 0.25.
c [Main] Encoding and solving for graph: caterpillar_9_6.txt.
c [Main] Search strategy: Binary search from upper bound.
c [Main] No predefined lower bound is found for caterpillar_9_6.txt.
c [Main] LB-w = 2 (default value).
c [Main] No predefined upper bound is found for caterpillar_9_6.txt.
c [Main] UB-w = 27 (default value calculated as n/2).
c [Main] LB is modified to 8 after applying LB skip threshold 0.25.
c [Main] Search order: 17 22 25 26 27 23 24 19 20 21 18 12 14 15 16 13 9 10 11 8.
c [w = 22] Start task in PID: 61901.
c [w = 22] Cyclic Antibandwidth problem with w = 22 (caterpillar_9_6.txt):
c [w = 22] Initializing CaDiCaL (version 2.1.3).
c [w = 22] Configuring CaDiCaL as --sat (1).
c [w = 22] Encoding starts with w = 22:
c [w = 22] Symmetry breaking highest degree node is applied.
c [w = 22] Encoding duration: 30 ms.
c [w = 22] Number of clauses: 43884.
c [w = 22] Number of variables: 10314.
c [w = 22] SAT Solving starts:
c [w = 22] Solving duration: 3 ms.
c [w = 22] Answer:
s [w = 22] SAT (w = 22).
c [w = 22] Solution check = 22.
c [w = 22] The solution is correct.
c [w = 22] Result: 10.
c [Main] Max width SAT is set to 22.
c [Main] Kill lower pid 17.
c [w = 17] Start task in PID: 61900.
c [w = 17] Cyclic Antibandwidth problem with w = 17 (caterpillar_9_6.txt):
c [w = 17] Initializing CaDiCaL (version 2.1.3).
c [w = 17] Configuring CaDiCaL as --sat (1).
c [w = 17] Encoding starts with w = 17:
c [w = 17] Symmetry breaking highest degree node is applied.
c [w = 17] Encoding duration: 30 ms.
c [w = 17] Number of clauses: 43509.
c [w = 17] Number of variables: 10260.
c [w = 17] SAT Solving starts:
c [w = 17] Solving duration: 9 ms.
c [w = 17] Answer:
s [w = 17] SAT (w = 17).
c [w = 17] Solution check = 17.
c [w = 17] The solution is correct.
c [Signal] Signal interruption. Caught signal: SIGTERM (15).
c [Main] Child pid 17 - 61900 terminated by signal 15.
c [w = 27] Start task in PID: 61904.
c [w = 27] Cyclic Antibandwidth problem with w = 27 (caterpillar_9_6.txt):
c [w = 27] Initializing CaDiCaL (version 2.1.3).
c [w = 27] Configuring CaDiCaL as --sat (1).
c [w = 27] Encoding starts with w = 27:
c [w = 27] Symmetry breaking highest degree node is applied.
c [w = 27] Encoding duration: 28 ms.
c [w = 27] Number of clauses: 42693.
c [w = 27] Number of variables: 9828.
c [w = 27] SAT Solving starts:
c [w = 27] Solving duration: 0 ms.
c [w = 27] Answer:
s [w = 27] UNSAT (w = 27).
c [w = 27] Result: 20.
c [Main] Min width UNSAT is set to 27
c [w = 25] Start task in PID: 61902.
c [w = 25] Cyclic Antibandwidth problem with w = 25 (caterpillar_9_6.txt):
c [w = 25] Initializing CaDiCaL (version 2.1.3).
c [w = 25] Configuring CaDiCaL as --sat (1).
c [w = 25] Encoding starts with w = 25:
c [w = 25] Symmetry breaking highest degree node is applied.
c [w = 25] Encoding duration: 32 ms.
c [w = 25] Number of clauses: 45504.
c [w = 25] Number of variables: 10800.
c [w = 25] SAT Solving starts:
c [w = 25] Solving duration: 63 ms.
c [w = 25] Answer:
s [w = 25] SAT (w = 25).
c [w = 25] Solution check = 25.
c [w = 25] The solution is correct.
c [w = 25] Result: 10.
c [Main] Max width SAT is set to 25.
c [Main] Kill lower pid 24.
c [Main] Kill lower pid 23.
c [w = 24] Start task in PID: 61906.
c [w = 24] Cyclic Antibandwidth problem with w = 24 (caterpillar_9_6.txt):
c [w = 24] Initializing CaDiCaL (version 2.1.3).
c [w = 24] Configuring CaDiCaL as --sat (1).
c [w = 24] Encoding starts with w = 24:
c [w = 24] Symmetry breaking highest degree node is applied.
c [Signal] Signal interruption. Caught signal: SIGTERM (15).
c [w = 23] Start task in PID: 61905.
c [w = 23] Cyclic Antibandwidth problem with w = 23 (caterpillar_9_6.txt):
c [w = 23] Initializing CaDiCaL (version 2.1.3).
c [w = 23] Configuring CaDiCaL as --sat (1).
c [w = 23] Encoding starts with w = 23:
c [w = 23] Symmetry breaking highest degree node is applied.
c [w = 23] Encoding duration: 31 ms.
c [w = 23] Number of clauses: 44424.
c [w = 23] Number of variables: 10476.
c [w = 23] SAT Solving starts:
c [Signal] Signal interruption. Caught signal: SIGTERM (15).
c [Main] Child pid 24 - 61906 terminated by signal 15.
c [Main] Child pid 23 - 61905 terminated by signal 15.
c [w = 26] Start task in PID: 61903.
c [w = 26] Cyclic Antibandwidth problem with w = 26 (caterpillar_9_6.txt):
c [w = 26] Initializing CaDiCaL (version 2.1.3).
c [w = 26] Configuring CaDiCaL as --sat (1).
c [w = 26] Encoding starts with w = 26:
c [w = 26] Symmetry breaking highest degree node is applied.
c [w = 26] Encoding duration: 34 ms.
c [w = 26] Number of clauses: 46044.
c [w = 26] Number of variables: 10962.
c [w = 26] SAT Solving starts:
c [w = 26] Solving duration: 155 ms.
c [w = 26] Answer:
s [w = 26] UNSAT (w = 26).
c [w = 26] Result: 20.
c [Main] Min width UNSAT is set to 26
c [Signal] Signal interruption. Caught signal: SIGTERM (15).
c [Main] All children have completed.
r [Main] 
r [Main] Final results: 
r [Main] Max width SAT:  	25.
r [Main] Min width UNSAT:	26.
r [Main] Total real time: 199 ms.
r [Main] Total memory consumed: 52.8 MB.
r [Main] 
