c [Version] Cyclic Anti-bandwidth Encoder version 1.0.0.
c [Param] Real time limit is set to 150.
c [Param] Memory limit is set to 30000.
c [Param] Worker count is set to 4.
c [Param] LB skip threshold is set to 0.25.
c [Main] Encoding and solving for graph: caterpillar_15_5.txt.
c [Main] Search strategy: Binary search from upper bound.
c [Main] No predefined lower bound is found for caterpillar_15_5.txt.
c [Main] LB-w = 2 (default value).
c [Main] No predefined upper bound is found for caterpillar_15_5.txt.
c [Main] UB-w = 37 (default value calculated as n/2).
c [Main] LB is modified to 10 after applying LB skip threshold 0.25.
c [Main] Search order: 23 30 34 36 37 35 32 33 31 26 28 29 27 24 25 16 19 21 22 20 17 18 12 14 15 13 10 11.
c [w = 34] Start task in PID: 62378.
c [w = 34] Cyclic Antibandwidth problem with w = 34 (caterpillar_15_5.txt):
c [w = 34] Initializing CaDiCaL (version 2.1.3).
c [w = 34] Configuring CaDiCaL as --sat (1).
c [w = 34] Encoding starts with w = 34:
c [w = 34] Symmetry breaking highest degree node is applied.
c [w = 34] Encoding duration: 63 ms.
c [w = 34] Number of clauses: 87946.
c [w = 34] Number of variables: 20625.
c [w = 34] SAT Solving starts:
c [w = 34] Solving duration: 53 ms.
c [w = 34] Answer:
s [w = 34] SAT (w = 34).
c [w = 34] Solution check = 34.
c [w = 34] The solution is correct.
c [w = 34] Result: 10.
c [Main] Max width SAT is set to 34.
c [Main] Kill lower pid 30.
c [Main] Kill lower pid 23.
c [w = 23] Start task in PID: 62376.
c [w = 23] Cyclic Antibandwidth problem with w = 23 (caterpillar_15_5.txt):
c [w = 23] Initializing CaDiCaL (version 2.1.3).
c [w = 23] Configuring CaDiCaL as --sat (1).
c [w = 23] Encoding starts with w = 23:
c [w = 23] Symmetry breaking highest degree node is applied.
c [w = 23] Encoding duration: 77 ms.
c [w = 23] Number of clauses: 84274.
c [w = 23] Number of variables: 19650.
c [w = 23] SAT Solving starts:
c [Signal] Signal interruption. Caught signal: SIGTERM (15).
c [w = 30] Start task in PID: 62377.
c [w = 30] Cyclic Antibandwidth problem with w = 30 (caterpillar_15_5.txt):
c [w = 30] Initializing CaDiCaL (version 2.1.3).
c [w = 30] Configuring CaDiCaL as --sat (1).
c [w = 30] Encoding starts with w = 30:
c [w = 30] Symmetry breaking highest degree node is applied.
c [w = 30] Encoding duration: 61 ms.
c [w = 30] Number of clauses: 84946.
c [w = 30] Number of variables: 19725.
c [w = 30] SAT Solving starts:
c [w = 30] Solving duration: 63 ms.
c [w = 30] Answer:
s [w = 30] SAT (w = 30).
c [w = 30] Solution check = 30.
c [w = 30] The solution is correct.
c [Signal] Signal interruption. Caught signal: SIGTERM (15).
c [Main] Child pid 30 - 62377 terminated by signal 15.
c [Main] Child pid 23 - 62376 terminated by signal 15.
c [w = 37] Start task in PID: 62380.
c [w = 37] Cyclic Antibandwidth problem with w = 37 (caterpillar_15_5.txt):
c [w = 37] Initializing CaDiCaL (version 2.1.3).
c [w = 37] Configuring CaDiCaL as --sat (1).
c [w = 37] Encoding starts with w = 37:
c [w = 37] Symmetry breaking highest degree node is applied.
c [w = 37] Encoding duration: 56 ms.
c [w = 37] Number of clauses: 82396.
c [w = 37] Number of variables: 18750.
c [w = 37] SAT Solving starts:
c [w = 37] Solving duration: 10 ms.
c [w = 37] Answer:
s [w = 37] UNSAT (w = 37).
c [w = 37] Result: 20.
c [Main] Min width UNSAT is set to 37
c [w = 35] Start task in PID: 62381.
c [w = 35] Cyclic Antibandwidth problem with w = 35 (caterpillar_15_5.txt):
c [w = 35] Initializing CaDiCaL (version 2.1.3).
c [w = 35] Configuring CaDiCaL as --sat (1).
c [w = 35] Encoding starts with w = 35:
c [w = 35] Symmetry breaking highest degree node is applied.
c [w = 35] Encoding duration: 64 ms.
c [w = 35] Number of clauses: 88696.
c [w = 35] Number of variables: 20850.
c [w = 35] SAT Solving starts:
c [w = 35] Solving duration: 541 ms.
c [w = 35] Answer:
s [w = 35] SAT (w = 35).
c [w = 35] Solution check = 35.
c [w = 35] The solution is correct.
c [w = 35] Result: 10.
c [Main] Max width SAT is set to 35.
c [w = 36] Start task in PID: 62379.
c [w = 36] Cyclic Antibandwidth problem with w = 36 (caterpillar_15_5.txt):
c [w = 36] Initializing CaDiCaL (version 2.1.3).
c [w = 36] Configuring CaDiCaL as --sat (1).
c [w = 36] Encoding starts with w = 36:
c [w = 36] Symmetry breaking highest degree node is applied.
c [w = 36] Encoding duration: 85 ms.
c [w = 36] Number of clauses: 89446.
c [w = 36] Number of variables: 21075.
c [w = 36] SAT Solving starts:
c [w = 36] Solving duration: 8328 ms.
c [w = 36] Answer:
s [w = 36] UNSAT (w = 36).
c [w = 36] Result: 20.
c [Main] Min width UNSAT is set to 36
c [Signal] Signal interruption. Caught signal: SIGTERM (15).
c [Main] All children have completed.
r [Main] 
r [Main] Final results: 
r [Main] Max width SAT:  	35.
r [Main] Min width UNSAT:	36.
r [Main] Total real time: 8426 ms.
r [Main] Total memory consumed: 98.1 MB.
r [Main] 
