c [Version] Cyclic Anti-bandwidth Encoder version 1.0.0.
c [Param] Real time limit is set to 150.
c [Param] Memory limit is set to 30000.
c [Param] Worker count is set to 4.
c [Param] LB skip threshold is set to 0.25.
c [Main] Encoding and solving for graph: caterpillar_5_7.txt.
c [Main] Search strategy: Binary search from upper bound.
c [Main] No predefined lower bound is found for caterpillar_5_7.txt.
c [Main] LB-w = 2 (default value).
c [Main] No predefined upper bound is found for caterpillar_5_7.txt.
c [Main] UB-w = 17 (default value calculated as n/2).
c [Main] LB is modified to 5 after applying LB skip threshold 0.25.
c [Main] Search order: 11 14 16 17 15 12 13 7 9 10 8 5 6.
c [w = 16] Start task in PID: 61879.
c [w = 16] Cyclic Antibandwidth problem with w = 16 (caterpillar_5_7.txt):
c [w = 16] Initializing CaDiCaL (version 2.1.3).
c [w = 16] Configuring CaDiCaL as --sat (1).
c [w = 16] Encoding starts with w = 16:
c [w = 16] Symmetry breaking highest degree node is applied.
c [w = 16] Encoding duration: 12 ms.
c [w = 16] Number of clauses: 18716.
c [w = 16] Number of variables: 4515.
c [w = 16] SAT Solving starts:
c [w = 16] Solving duration: 4 ms.
c [w = 16] Answer:
s [w = 16] SAT (w = 16).
c [w = 16] Solution check = 16.
c [w = 16] The solution is correct.
c [w = 16] Result: 10.
c [Main] Max width SAT is set to 16.
c [Main] Kill lower pid 14.
c [Main] Kill lower pid 11.
c [w = 14] Start task in PID: 61878.
c [w = 14] Cyclic Antibandwidth problem with w = 14 (caterpillar_5_7.txt):
c [w = 14] Initializing CaDiCaL (version 2.1.3).
c [w = 14] Configuring CaDiCaL as --sat (1).
c [w = 14] Encoding starts with w = 14:
c [w = 14] Symmetry breaking highest degree node is applied.
c [w = 14] Encoding duration: 12 ms.
c [w = 14] Number of clauses: 18016.
c [w = 14] Number of variables: 4305.
c [w = 14] SAT Solving starts:
c [Signal] Signal interruption. Caught signal: SIGTERM (15).
c [w = 11] Start task in PID: 61877.
c [w = 11] Cyclic Antibandwidth problem with w = 11 (caterpillar_5_7.txt):
c [w = 11] Initializing CaDiCaL (version 2.1.3).
c [w = 11] Configuring CaDiCaL as --sat (1).
c [w = 11] Encoding starts with w = 11:
c [w = 11] Symmetry breaking highest degree node is applied.
c [Signal] Signal interruption. Caught signal: SIGTERM (15).
c [Main] Child pid 14 - 61878 terminated by signal 15.
c [Main] Child pid 11 - 61877 terminated by signal 15.
c [w = 17] Start task in PID: 61880.
c [w = 17] Cyclic Antibandwidth problem with w = 17 (caterpillar_5_7.txt):
c [w = 17] Initializing CaDiCaL (version 2.1.3).
c [w = 17] Configuring CaDiCaL as --sat (1).
c [w = 17] Encoding starts with w = 17:
c [w = 17] Symmetry breaking highest degree node is applied.
c [w = 17] Encoding duration: 20 ms.
c [w = 17] Number of clauses: 17526.
c [w = 17] Number of variables: 4130.
c [w = 17] SAT Solving starts:
c [w = 17] Solving duration: 3 ms.
c [w = 17] Answer:
s [w = 17] UNSAT (w = 17).
c [w = 17] Result: 20.
c [Main] Min width UNSAT is set to 17
c [Signal] Signal interruption. Caught signal: SIGTERM (15).
c [Main] All children have completed.
r [Main] 
r [Main] Final results: 
r [Main] Max width SAT:  	16.
r [Main] Min width UNSAT:	17.
r [Main] Total real time: 27 ms.
r [Main] Total memory consumed: 9.7 MB.
r [Main] 
