c [Version] Cyclic Anti-bandwidth Encoder version 1.0.0.
c [Param] Real time limit is set to 150.
c [Param] Memory limit is set to 30000.
c [Param] Worker count is set to 4.
c [Param] LB skip threshold is set to 0.25.
c [Main] Encoding and solving for graph: caterpillar_9_4.txt.
c [Main] Search strategy: Binary search from upper bound.
c [Main] No predefined lower bound is found for caterpillar_9_4.txt.
c [Main] LB-w = 2 (default value).
c [Main] No predefined upper bound is found for caterpillar_9_4.txt.
c [Main] UB-w = 18 (default value calculated as n/2).
c [Main] LB is modified to 6 after applying LB skip threshold 0.25.
c [Main] Search order: 12 15 17 18 16 13 14 8 10 11 9 6 7.
c [w = 15] Start task in PID: 61885.
c [w = 15] Cyclic Antibandwidth problem with w = 15 (caterpillar_9_4.txt):
c [w = 15] Initializing CaDiCaL (version 2.1.3).
c [w = 15] Configuring CaDiCaL as --sat (1).
c [w = 15] Encoding starts with w = 15:
c [w = 15] Symmetry breaking highest degree node is applied.
c [w = 15] Encoding duration: 12 ms.
c [w = 15] Number of clauses: 19287.
c [w = 15] Number of variables: 4608.
c [w = 15] SAT Solving starts:
c [w = 15] Solving duration: 2 ms.
c [w = 15] Answer:
s [w = 15] SAT (w = 15).
c [w = 15] Solution check = 15.
c [w = 15] The solution is correct.
c [w = 15] Result: 10.
c [Main] Max width SAT is set to 15.
c [Main] Kill lower pid 12.
c [w = 12] Start task in PID: 61884.
c [w = 12] Cyclic Antibandwidth problem with w = 12 (caterpillar_9_4.txt):
c [w = 12] Initializing CaDiCaL (version 2.1.3).
c [w = 12] Configuring CaDiCaL as --sat (1).
c [w = 12] Encoding starts with w = 12:
c [w = 12] Symmetry breaking highest degree node is applied.
c [Signal] Signal interruption. Caught signal: SIGTERM (15).
c [Main] Child pid 12 - 61884 terminated by signal 15.
c [w = 18] Start task in PID: 61887.
c [w = 18] Cyclic Antibandwidth problem with w = 18 (caterpillar_9_4.txt):
c [w = 18] Initializing CaDiCaL (version 2.1.3).
c [w = 18] Configuring CaDiCaL as --sat (1).
c [w = 18] Encoding starts with w = 18:
c [w = 18] Symmetry breaking highest degree node is applied.
c [w = 18] Encoding duration: 19 ms.
c [w = 18] Number of clauses: 18744.
c [w = 18] Number of variables: 4392.
c [w = 18] SAT Solving starts:
c [w = 18] Solving duration: 0 ms.
c [w = 18] Answer:
s [w = 18] UNSAT (w = 18).
c [w = 18] Result: 20.
c [Main] Min width UNSAT is set to 18
c [w = 16] Start task in PID: 61888.
c [w = 16] Cyclic Antibandwidth problem with w = 16 (caterpillar_9_4.txt):
c [w = 16] Initializing CaDiCaL (version 2.1.3).
c [w = 16] Configuring CaDiCaL as --sat (1).
c [w = 16] Encoding starts with w = 16:
c [w = 16] Symmetry breaking highest degree node is applied.
c [w = 16] Encoding duration: 13 ms.
c [w = 16] Number of clauses: 19647.
c [w = 16] Number of variables: 4716.
c [w = 16] SAT Solving starts:
c [w = 16] Solving duration: 2 ms.
c [w = 16] Answer:
s [w = 16] SAT (w = 16).
c [w = 16] Solution check = 16.
c [w = 16] The solution is correct.
c [w = 16] Result: 10.
c [Main] Max width SAT is set to 16.
c [w = 17] Start task in PID: 61886.
c [w = 17] Cyclic Antibandwidth problem with w = 17 (caterpillar_9_4.txt):
c [w = 17] Initializing CaDiCaL (version 2.1.3).
c [w = 17] Configuring CaDiCaL as --sat (1).
c [w = 17] Encoding starts with w = 17:
c [w = 17] Symmetry breaking highest degree node is applied.
c [w = 17] Encoding duration: 13 ms.
c [w = 17] Number of clauses: 20007.
c [w = 17] Number of variables: 4824.
c [w = 17] SAT Solving starts:
c [w = 17] Solving duration: 43 ms.
c [w = 17] Answer:
s [w = 17] UNSAT (w = 17).
c [w = 17] Result: 20.
c [Main] Min width UNSAT is set to 17
c [Main] All children have completed.
r [Main] 
r [Main] Final results: 
r [Main] Max width SAT:  	16.
r [Main] Min width UNSAT:	17.
r [Main] Total real time: 61 ms.
r [Main] Total memory consumed: 7.5 MB.
r [Main] 
c [Signal] Signal interruption. Caught signal: SIGTERM (15).
