c [Version] Cyclic Anti-bandwidth Encoder version 1.0.0.
c [Param] Real time limit is set to 150.
c [Param] Memory limit is set to 30000.
c [Param] Worker count is set to 4.
c [Param] LB skip threshold is set to 0.25.
c [Main] Encoding and solving for graph: caterpillar_35_20.txt.
c [Main] Search strategy: Binary search from upper bound.
c [Main] No predefined lower bound is found for caterpillar_35_20.txt.
c [Main] LB-w = 2 (default value).
c [Main] No predefined upper bound is found for caterpillar_35_20.txt.
c [Main] UB-w = 350 (default value calculated as n/2).
c [Main] LB is modified to 89 after applying LB skip threshold 0.25.
c [Main] Search order: 219 285 318 334 342 346 348 349 350 347 344 345 343 338 340 341 339 336 337 335 326 330 332 333 331 328 329 327 322 324 325 323 320 321 319 301 309 313 315 316 317 314 311 312 310 305 307 308 306 303 304 302 293 297 299 300 298 295 296 294 289 291 292 290 287 288 286 252 268 276 280 282 283 284 281 278 279 277 272 274 275 273 270 271 269 260 264 266 267 265 262 263 261 256 258 259 257 254 255 253 235 243 247 249 250 251 248 245 246 244 239 241 242 240 237 238 236 227 231 233 234 232 229 230 228 223 225 226 224 221 222 220 153 186 202 210 214 216 217 218 215 212 213 211 206 208 209 207 204 205 203 194 198 200 201 199 196 197 195 190 192 193 191 188 189 187 169 177 181 183 184 185 182 179 180 178 173 175 176 174 171 172 170 161 165 167 168 166 163 164 162 157 159 160 158 155 156 154 120 136 144 148 150 151 152 149 146 147 145 140 142 143 141 138 139 137 128 132 134 135 133 130 131 129 124 126 127 125 122 123 121 104 112 116 118 119 117 114 115 113 108 110 111 109 106 107 105 96 100 102 103 101 98 99 97 92 94 95 93 90 91 89.
c [w = 334] Start task in PID: 64706.
c [w = 334] Cyclic Antibandwidth problem with w = 334 (caterpillar_35_20.txt):
c [w = 334] Initializing CaDiCaL (version 2.1.3).
c [w = 334] Configuring CaDiCaL as --sat (1).
c [w = 334] Encoding starts with w = 334:
c [w = 334] Symmetry breaking highest degree node is applied.
c [w = 334] Encoding duration: 7948 ms.
c [w = 334] Number of clauses: 7806759.
c [w = 334] Number of variables: 1746500.
c [w = 334] SAT Solving starts:
c [Signal] Signal interruption. Caught signal: SIGTERM (15).
c [w = 318] Start task in PID: 64705.
c [w = 318] Cyclic Antibandwidth problem with w = 318 (caterpillar_35_20.txt):
c [w = 318] Initializing CaDiCaL (version 2.1.3).
c [w = 318] Configuring CaDiCaL as --sat (1).
c [w = 318] Encoding starts with w = 318:
c [w = 318] Symmetry breaking highest degree node is applied.
c [w = 318] Encoding duration: 7739 ms.
c [w = 318] Number of clauses: 7694759.
c [w = 318] Number of variables: 1712900.
c [w = 318] SAT Solving starts:
c [Signal] Signal interruption. Caught signal: SIGTERM (15).
c [w = 285] Start task in PID: 64704.
c [w = 285] Cyclic Antibandwidth problem with w = 285 (caterpillar_35_20.txt):
c [w = 285] Initializing CaDiCaL (version 2.1.3).
c [w = 285] Configuring CaDiCaL as --sat (1).
c [w = 285] Encoding starts with w = 285:
c [w = 285] Symmetry breaking highest degree node is applied.
c [w = 285] Encoding duration: 7435 ms.
c [w = 285] Number of clauses: 7463759.
c [w = 285] Number of variables: 1643600.
c [w = 285] SAT Solving starts:
c [Signal] Signal interruption. Caught signal: SIGTERM (15).
c [w = 219] Start task in PID: 64703.
c [w = 219] Cyclic Antibandwidth problem with w = 219 (caterpillar_35_20.txt):
c [w = 219] Initializing CaDiCaL (version 2.1.3).
c [w = 219] Configuring CaDiCaL as --sat (1).
c [w = 219] Encoding starts with w = 219:
c [w = 219] Symmetry breaking highest degree node is applied.
c [w = 219] Encoding duration: 7508 ms.
c [w = 219] Number of clauses: 7456062.
c [w = 219] Number of variables: 1656200.
c [w = 219] SAT Solving starts:
c [Signal] Signal interruption. Caught signal: SIGTERM (15).
c [Main] Lim pid ends with result: 254.
c [Main] All children have completed.
r [Main] 
r [Main] Final results: 
r [Main] Max width SAT:  	-.
r [Main] Min width UNSAT:	-.
r [Main] Total real time: 151023 ms.
r [Main] Total memory consumed: 8688.6 MB.
r [Main] 
