c [Version] Cyclic Bandwidth Encoder version 1.0.0.
c [Param] Real time limit is set to 150.
c [Param] Memory limit is set to 30000.
c [Param] Worker count is set to 4.
c [Main] Encoding and solving for graph: hypercube_9_512.txt.
c [Main] Search strategy: Binary search using BFS.
c [Main] Lower bound is set to 89.
c [Main] Upper bound is set to 178.
c [Main] Search order: 133 110 156 99 121 144 167 93 104 115 127 138 150 161 173 90 96 101 107 112 118 124 130 135 141 147 153 158 164 170 176 89 91 94 97 100 102 105 108 111 113 116 119 122 125 128 131 134 136 139 142 145 148 151 154 157 159 162 165 168 171 174 177 92 95 98 103 106 109 114 117 120 123 126 129 132 137 140 143 146 149 152 155 160 163 166 169 172 175 178.
c [w = 99] Start task in PID: 176734.
c [w = 99] Cyclic Antibandwidth problem with w = 99 (hypercube_9_512.txt):
c [w = 99] Initializing CaDiCaL (version 2.1.3).
c [w = 99] Configuring CaDiCaL as --sat (1).
c [w = 99] Encoding starts with w = 99:
c [w = 99] Symmetry breaking highest degree node is applied.
c [w = 99] Encoding duration: 5902 ms.
c [w = 99] Number of clauses: 7522560.
c [w = 99] Number of variables: 864256.
c [w = 99] SAT Solving starts:
c [Signal] Signal interruption. Caught signal: SIGTERM (15).
c [w = 156] Start task in PID: 176733.
c [w = 156] Cyclic Antibandwidth problem with w = 156 (hypercube_9_512.txt):
c [w = 156] Initializing CaDiCaL (version 2.1.3).
c [w = 156] Configuring CaDiCaL as --sat (1).
c [w = 156] Encoding starts with w = 156:
c [w = 156] Symmetry breaking highest degree node is applied.
c [w = 156] Encoding duration: 5877 ms.
c [w = 156] Number of clauses: 7615232.
c [w = 156] Number of variables: 882688.
c [w = 156] SAT Solving starts:
c [Signal] Signal interruption. Caught signal: SIGTERM (15).
c [w = 110] Start task in PID: 176732.
c [w = 110] Cyclic Antibandwidth problem with w = 110 (hypercube_9_512.txt):
c [w = 110] Initializing CaDiCaL (version 2.1.3).
c [w = 110] Configuring CaDiCaL as --sat (1).
c [w = 110] Encoding starts with w = 110:
c [w = 110] Symmetry breaking highest degree node is applied.
c [w = 110] Encoding duration: 5736 ms.
c [w = 110] Number of clauses: 7469056.
c [w = 110] Number of variables: 843264.
c [w = 110] SAT Solving starts:
c [Signal] Signal interruption. Caught signal: SIGTERM (15).
c [w = 133] Start task in PID: 176731.
c [w = 133] Cyclic Antibandwidth problem with w = 133 (hypercube_9_512.txt):
c [w = 133] Initializing CaDiCaL (version 2.1.3).
c [w = 133] Configuring CaDiCaL as --sat (1).
c [w = 133] Encoding starts with w = 133:
c [w = 133] Symmetry breaking highest degree node is applied.
c [w = 133] Encoding duration: 6998 ms.
c [w = 133] Number of clauses: 7462144.
c [w = 133] Number of variables: 835584.
c [w = 133] SAT Solving starts:
c [Signal] Signal interruption. Caught signal: SIGTERM (15).
c [Main] Lim pid ends with result: 254.
c [Main] All children have completed.
r [Main] 
r [Main] Final results: 
r [Main] Max width SAT:  	-.
r [Main] Min width UNSAT:	-.
r [Main] Total real time: 150960 ms.
r [Main] Total memory consumed: 7472 MB.
r [Main] 
