c [Version] Cyclic Bandwidth Encoder version 1.0.0.
c [Param] Real time limit is set to 150.
c [Param] Memory limit is set to 30000.
c [Param] Worker count is set to 8.
c [Main] Encoding and solving for graph: double_star_40_30.txt.
c [Main] Search strategy: Binary search from upper bound.
c [Main] No predefined lower bound is found for double_star_40_30.txt.
c [Main] LB-w = 2 (default value).
c [Main] Upper bound is set to 15.
c [Main] Search order: 8 12 14 15 13 10 11 9 4 6 7 5 2 3.
c [w = 14] Start task in PID: 176499.
c [w = 14] Cyclic Antibandwidth problem with w = 14 (double_star_40_30.txt):
c [w = 14] Initializing CaDiCaL (version 2.1.3).
c [w = 14] Configuring CaDiCaL as --sat (1).
c [w = 14] Encoding starts with w = 14:
c [w = 14] Symmetry breaking highest degree node is applied.
c [w = 14] Encoding duration: 45 ms.
c [w = 14] Number of clauses: 68860.
c [w = 14] Number of variables: 15750.
c [w = 14] SAT Solving starts:
c [w = 14] Solving duration: 85 ms.
c [w = 14] Answer:
s [w = 14] SAT (w = 14).
c [w = 14] Solution check = 14.
c [w = 14] The solution is correct.
c [w = 14] Result: 10.
c [w = 11] Start task in PID: 176503.
c [w = 11] Cyclic Antibandwidth problem with w = 11 (double_star_40_30.txt):
c [w = 11] Initializing CaDiCaL (version 2.1.3).
c [w = 11] Configuring CaDiCaL as --sat (1).
c [w = 11] Encoding starts with w = 11:
c [w = 11] Symmetry breaking highest degree node is applied.
c [w = 11] Encoding duration: 44 ms.
c [w = 11] Number of clauses: 69356.
c [w = 11] Number of variables: 15820.
c [w = 11] SAT Solving starts:
c [Signal] Signal interruption. Caught signal: SIGTERM (15).
c [w = 10] Start task in PID: 176502.
c [w = 10] Cyclic Antibandwidth problem with w = 10 (double_star_40_30.txt):
c [w = 10] Initializing CaDiCaL (version 2.1.3).
c [w = 10] Configuring CaDiCaL as --sat (1).
c [w = 10] Encoding starts with w = 10:
c [w = 10] Symmetry breaking highest degree node is applied.
c [w = 10] Encoding duration: 43 ms.
c [w = 10] Number of clauses: 67816.
c [w = 10] Number of variables: 15330.
c [w = 10] SAT Solving starts:
c [Signal] Signal interruption. Caught signal: SIGTERM (15).
c [Main] Max width SAT is set to 14.
c [Main] Kill lower pid 9.
c [Main] Kill lower pid 11.
c [Main] Kill lower pid 10.
c [Main] Kill lower pid 13.
c [Main] Kill lower pid 12.
c [Main] Kill lower pid 8.
c [w = 8] Start task in PID: 176497.
c [w = 8] Cyclic Antibandwidth problem with w = 8 (double_star_40_30.txt):
c [w = 8] Initializing CaDiCaL (version 2.1.3).
c [w = 8] Configuring CaDiCaL as --sat (1).
c [w = 8] Encoding starts with w = 8:
c [w = 8] Symmetry breaking highest degree node is applied.
c [w = 8] Encoding duration: 42 ms.
c [w = 8] Number of clauses: 67612.
c [w = 8] Number of variables: 15050.
c [w = 8] SAT Solving starts:
c [Signal] Signal interruption. Caught signal: SIGTERM (15).
c [w = 13] Start task in PID: 176501.
c [w = 13] Cyclic Antibandwidth problem with w = 13 (double_star_40_30.txt):
c [w = 13] Initializing CaDiCaL (version 2.1.3).
c [w = 13] Configuring CaDiCaL as --sat (1).
c [w = 13] Encoding starts with w = 13:
c [w = 13] Symmetry breaking highest degree node is applied.
c [w = 13] Encoding duration: 44 ms.
c [w = 13] Number of clauses: 70053.
c [w = 13] Number of variables: 16100.
c [w = 13] SAT Solving starts:
c [Signal] Signal interruption. Caught signal: SIGTERM (15).
c [w = 12] Start task in PID: 176498.
c [w = 12] Cyclic Antibandwidth problem with w = 12 (double_star_40_30.txt):
c [w = 12] Initializing CaDiCaL (version 2.1.3).
c [w = 12] Configuring CaDiCaL as --sat (1).
c [w = 12] Encoding starts with w = 12:
c [w = 12] Symmetry breaking highest degree node is applied.
c [w = 12] Encoding duration: 44 ms.
c [w = 12] Number of clauses: 68723.
c [w = 12] Number of variables: 15680.
c [w = 12] SAT Solving starts:
c [Signal] Signal interruption. Caught signal: SIGTERM (15).
c [w = 9] Start task in PID: 176504.
c [w = 9] Cyclic Antibandwidth problem with w = 9 (double_star_40_30.txt):
c [w = 9] Initializing CaDiCaL (version 2.1.3).
c [w = 9] Configuring CaDiCaL as --sat (1).
c [w = 9] Encoding starts with w = 9:
c [w = 9] Symmetry breaking highest degree node is applied.
c [w = 9] Encoding duration: 43 ms.
c [w = 9] Number of clauses: 67889.
c [w = 9] Number of variables: 15260.
c [w = 9] SAT Solving starts:
c [Signal] Signal interruption. Caught signal: SIGTERM (15).
c [Main] Child pid 10 - 176502 terminated by signal 15.
c [Main] Child pid 13 - 176501 terminated by signal 15.
c [Main] Child pid 8 - 176497 terminated by signal 15.
c [Main] Child pid 12 - 176498 terminated by signal 15.
c [Main] Child pid 9 - 176504 terminated by signal 15.
c [Main] Child pid 11 - 176503 terminated by signal 15.
c [w = 15] Start task in PID: 176500.
c [w = 15] Cyclic Antibandwidth problem with w = 15 (double_star_40_30.txt):
c [w = 15] Initializing CaDiCaL (version 2.1.3).
c [w = 15] Configuring CaDiCaL as --sat (1).
c [w = 15] Encoding starts with w = 15:
c [w = 15] Symmetry breaking highest degree node is applied.
c [w = 15] Encoding duration: 45 ms.
c [w = 15] Number of clauses: 69980.
c [w = 15] Number of variables: 16100.
c [w = 15] SAT Solving starts:
c [w = 15] Solving duration: 398 ms.
c [w = 15] Answer:
s [w = 15] SAT (w = 15).
c [w = 15] Solution check = 15.
c [w = 15] The solution is correct.
c [w = 15] Result: 10.
c [Main] Max width SAT is set to 15.
c [Main] All children have completed.
r [Main] 
r [Main] Final results: 
r [Main] Max width SAT:  	15.
r [Main] Min width UNSAT:	-.
r [Main] Total real time: 451 ms.
r [Main] Total memory consumed: 150.8 MB.
r [Main] 
c [Signal] Signal interruption. Caught signal: SIGTERM (15).
