c [Version] Cyclic Bandwidth Encoder version 1.0.0.
c [Param] Real time limit is set to 150.
c [Param] Memory limit is set to 30000.
c [Param] Worker count is set to 8.
c [Main] Encoding and solving for graph: double_star_30_20.txt.
c [Main] Search strategy: Binary search from upper bound.
c [Main] No predefined lower bound is found for double_star_30_20.txt.
c [Main] LB-w = 2 (default value).
c [Main] Upper bound is set to 11.
c [Main] Search order: 6 9 10 11 7 8 3 4 5 2.
c [w = 3] Start task in PID: 7300.
c [w = 3] Cyclic Antibandwidth problem with w = 3 (double_star_30_20.txt):
c [w = 3] Initializing CaDiCaL (version 2.1.3).
c [w = 3] Configuring CaDiCaL as --sat (1).
c [w = 3] Encoding starts with w = 3:
c [w = 3] Symmetry breaking highest degree node is applied.
c [w = 3] Encoding duration: 34 ms.
c [w = 3] Number of clauses: 34226.
c [w = 3] Number of variables: 6300.
c [w = 3] SAT Solving starts:
c [w = 3] Solving duration: 11 ms.
c [w = 3] Answer:
s [w = 3] SAT (w = 3).
c [w = 3] Solution check = 3.
c [w = 3] The solution is correct.
c [w = 3] Result: 10.
c [w = 4] Start task in PID: 7301.
c [w = 4] Cyclic Antibandwidth problem with w = 4 (double_star_30_20.txt):
c [w = 4] Initializing CaDiCaL (version 2.1.3).
c [w = 4] Configuring CaDiCaL as --sat (1).
c [w = 4] Encoding starts with w = 4:
c [w = 4] Symmetry breaking highest degree node is applied.
c [w = 4] Encoding duration: 36 ms.
c [w = 4] Number of clauses: 33714.
c [w = 4] Number of variables: 6950.
c [w = 4] SAT Solving starts:
c [w = 4] Solving duration: 10 ms.
c [w = 4] Answer:
s [w = 4] SAT (w = 4).
c [w = 4] Solution check = 4.
c [w = 4] The solution is correct.
c [w = 4] Result: 10.
c [Main] Max width SAT is set to 3.
c [Main] Max width SAT is set to 4.
c [w = 7] Start task in PID: 7298.
c [w = 7] Cyclic Antibandwidth problem with w = 7 (double_star_30_20.txt):
c [w = 7] Initializing CaDiCaL (version 2.1.3).
c [w = 7] Configuring CaDiCaL as --sat (1).
c [w = 7] Encoding starts with w = 7:
c [w = 7] Symmetry breaking highest degree node is applied.
c [w = 7] Encoding duration: 37 ms.
c [w = 7] Number of clauses: 33999.
c [w = 7] Number of variables: 7700.
c [w = 7] SAT Solving starts:
c [w = 7] Solving duration: 76 ms.
c [w = 7] Answer:
s [w = 7] SAT (w = 7).
c [w = 7] Solution check = 7.
c [w = 7] The solution is correct.
c [w = 7] Result: 10.
c [Main] Max width SAT is set to 7.
c [Main] Kill lower pid 5.
c [Main] Kill lower pid 6.
c [w = 5] Start task in PID: 7302.
c [w = 5] Cyclic Antibandwidth problem with w = 5 (double_star_30_20.txt):
c [w = 5] Initializing CaDiCaL (version 2.1.3).
c [w = 5] Configuring CaDiCaL as --sat (1).
c [w = 5] Encoding starts with w = 5:
c [w = 5] Symmetry breaking highest degree node is applied.
c [w = 5] Encoding duration: 33 ms.
c [w = 5] Number of clauses: 33455.
c [w = 5] Number of variables: 7300.
c [w = 5] SAT Solving starts:
c [Signal] Signal interruption. Caught signal: SIGTERM (15).
c [w = 6] Start task in PID: 7294.
c [w = 6] Cyclic Antibandwidth problem with w = 6 (double_star_30_20.txt):
c [w = 6] Initializing CaDiCaL (version 2.1.3).
c [w = 6] Configuring CaDiCaL as --sat (1).
c [w = 6] Encoding starts with w = 6:
c [w = 6] Symmetry breaking highest degree node is applied.
c [w = 6] Encoding duration: 37 ms.
c [w = 6] Number of clauses: 34202.
c [w = 6] Number of variables: 7650.
c [w = 6] SAT Solving starts:
c [Signal] Signal interruption. Caught signal: SIGTERM (15).
c [Main] Child pid 5 - 7302 terminated by signal 15.
c [Main] Child pid 6 - 7294 terminated by signal 15.
c [w = 8] Start task in PID: 7299.
c [w = 8] Cyclic Antibandwidth problem with w = 8 (double_star_30_20.txt):
c [w = 8] Initializing CaDiCaL (version 2.1.3).
c [w = 8] Configuring CaDiCaL as --sat (1).
c [w = 8] Encoding starts with w = 8:
c [w = 8] Symmetry breaking highest degree node is applied.
c [w = 8] Encoding duration: 38 ms.
c [w = 8] Number of clauses: 34946.
c [w = 8] Number of variables: 8050.
c [w = 8] SAT Solving starts:
c [w = 8] Solving duration: 86 ms.
c [w = 8] Answer:
s [w = 8] SAT (w = 8).
c [w = 8] Solution check = 8.
c [w = 8] The solution is correct.
c [w = 8] Result: 10.
c [Main] Max width SAT is set to 8.
c [w = 9] Start task in PID: 7295.
c [w = 9] Cyclic Antibandwidth problem with w = 9 (double_star_30_20.txt):
c [w = 9] Initializing CaDiCaL (version 2.1.3).
c [w = 9] Configuring CaDiCaL as --sat (1).
c [w = 9] Encoding starts with w = 9:
c [w = 9] Symmetry breaking highest degree node is applied.
c [w = 9] Encoding duration: 39 ms.
c [w = 9] Number of clauses: 34943.
c [w = 9] Number of variables: 8100.
c [w = 9] SAT Solving starts:
c [w = 9] Solving duration: 110 ms.
c [w = 9] Answer:
s [w = 9] SAT (w = 9).
c [w = 9] Solution check = 9.
c [w = 9] The solution is correct.
c [w = 9] Result: 10.
c [Main] Max width SAT is set to 9.
c [w = 10] Start task in PID: 7296.
c [w = 10] Cyclic Antibandwidth problem with w = 10 (double_star_30_20.txt):
c [w = 10] Initializing CaDiCaL (version 2.1.3).
c [w = 10] Configuring CaDiCaL as --sat (1).
c [w = 10] Encoding starts with w = 10:
c [w = 10] Symmetry breaking highest degree node is applied.
c [w = 10] Encoding duration: 38 ms.
c [w = 10] Number of clauses: 34690.
c [w = 10] Number of variables: 8050.
c [w = 10] SAT Solving starts:
c [w = 10] Solving duration: 181 ms.
c [w = 10] Answer:
s [w = 10] SAT (w = 10).
c [w = 10] Solution check = 10.
c [w = 10] The solution is correct.
c [w = 10] Result: 10.
c [Main] Max width SAT is set to 10.
c [w = 11] Start task in PID: 7297.
c [w = 11] Cyclic Antibandwidth problem with w = 11 (double_star_30_20.txt):
c [w = 11] Initializing CaDiCaL (version 2.1.3).
c [w = 11] Configuring CaDiCaL as --sat (1).
c [w = 11] Encoding starts with w = 11:
c [w = 11] Symmetry breaking highest degree node is applied.
c [w = 11] Encoding duration: 40 ms.
c [w = 11] Number of clauses: 35490.
c [w = 11] Number of variables: 8300.
c [w = 11] SAT Solving starts:
c [Signal] Signal interruption. Caught signal: SIGTERM (15).
c [Main] Lim pid ends with result: 254.
c [Main] All children have completed.
r [Main] 
r [Main] Final results: 
r [Main] Max width SAT:  	10.
r [Main] Min width UNSAT:	-.
r [Main] Total real time: 150625 ms.
r [Main] Total memory consumed: 84.5 MB.
r [Main] 
