c [Version] Cyclic Bandwidth Encoder version 1.0.0.
c [Param] Real time limit is set to 150.
c [Param] Memory limit is set to 30000.
c [Param] Worker count is set to 8.
c [Main] Encoding and solving for graph: double_star_100_25.txt.
c [Main] Search strategy: Binary search from upper bound.
c [Main] No predefined lower bound is found for double_star_100_25.txt.
c [Main] LB-w = 2 (default value).
c [Main] Upper bound is set to 13.
c [Main] Search order: 7 10 12 13 11 8 9 4 5 6 2 3.
c [w = 13] Start task in PID: 176555.
c [w = 13] Cyclic Antibandwidth problem with w = 13 (double_star_100_25.txt):
c [w = 13] Initializing CaDiCaL (version 2.1.3).
c [w = 13] Configuring CaDiCaL as --sat (1).
c [w = 13] Encoding starts with w = 13:
c [w = 13] Symmetry breaking highest degree node is applied.
c [w = 13] Encoding duration: 139 ms.
c [w = 13] Number of clauses: 220717.
c [w = 13] Number of variables: 49000.
c [w = 13] SAT Solving starts:
c [w = 13] Solving duration: 23 ms.
c [w = 13] Answer:
s [w = 13] SAT (w = 13).
c [w = 13] Solution check = 13.
c [w = 13] The solution is correct.
c [w = 13] Result: 10.
c [w = 9] Start task in PID: 176558.
c [w = 9] Cyclic Antibandwidth problem with w = 9 (double_star_100_25.txt):
c [w = 9] Initializing CaDiCaL (version 2.1.3).
c [w = 9] Configuring CaDiCaL as --sat (1).
c [w = 9] Encoding starts with w = 9:
c [w = 9] Symmetry breaking highest degree node is applied.
c [w = 9] Encoding duration: 136 ms.
c [w = 9] Number of clauses: 218979.
c [w = 9] Number of variables: 47000.
c [w = 9] SAT Solving starts:
c [Signal] Signal interruption. Caught signal: SIGTERM (15).
c [w = 12] Start task in PID: 176554.
c [w = 12] Cyclic Antibandwidth problem with w = 12 (double_star_100_25.txt):
c [w = 12] Initializing CaDiCaL (version 2.1.3).
c [w = 12] Configuring CaDiCaL as --sat (1).
c [w = 12] Encoding starts with w = 12:
c [w = 12] Symmetry breaking highest degree node is applied.
c [w = 12] Encoding duration: 139 ms.
c [w = 12] Number of clauses: 221220.
c [w = 12] Number of variables: 48875.
c [w = 12] SAT Solving starts:
c [Signal] Signal interruption. Caught signal: SIGTERM (15).
c [Main] Max width SAT is set to 13.
c [Main] Kill lower pid 4.
c [Main] Kill lower pid 9.
c [Main] Kill lower pid 8.
c [Main] Kill lower pid 11.
c [Main] Kill lower pid 12.
c [Main] Kill lower pid 10.
c [Main] Kill lower pid 7.
c [w = 8] Start task in PID: 176557.
c [w = 8] Cyclic Antibandwidth problem with w = 8 (double_star_100_25.txt):
c [w = 8] Initializing CaDiCaL (version 2.1.3).
c [w = 8] Configuring CaDiCaL as --sat (1).
c [w = 8] Encoding starts with w = 8:
c [w = 8] Symmetry breaking highest degree node is applied.
c [w = 8] Encoding duration: 135 ms.
c [w = 8] Number of clauses: 220485.
c [w = 8] Number of variables: 46500.
c [w = 8] SAT Solving starts:
c [Signal] Signal interruption. Caught signal: SIGTERM (15).
c [w = 11] Start task in PID: 176556.
c [w = 11] Cyclic Antibandwidth problem with w = 11 (double_star_100_25.txt):
c [w = 11] Initializing CaDiCaL (version 2.1.3).
c [w = 11] Configuring CaDiCaL as --sat (1).
c [w = 11] Encoding starts with w = 11:
c [w = 11] Symmetry breaking highest degree node is applied.
c [w = 11] Encoding duration: 136 ms.
c [w = 11] Number of clauses: 221098.
c [w = 11] Number of variables: 48500.
c [w = 11] SAT Solving starts:
c [Signal] Signal interruption. Caught signal: SIGTERM (15).
c [w = 10] Start task in PID: 176553.
c [w = 10] Cyclic Antibandwidth problem with w = 10 (double_star_100_25.txt):
c [w = 10] Initializing CaDiCaL (version 2.1.3).
c [w = 10] Configuring CaDiCaL as --sat (1).
c [w = 10] Encoding starts with w = 10:
c [w = 10] Symmetry breaking highest degree node is applied.
c [w = 10] Encoding duration: 136 ms.
c [w = 10] Number of clauses: 220351.
c [w = 10] Number of variables: 47875.
c [w = 10] SAT Solving starts:
c [Signal] Signal interruption. Caught signal: SIGTERM (15).
c [w = 7] Start task in PID: 176552.
c [w = 7] Cyclic Antibandwidth problem with w = 7 (double_star_100_25.txt):
c [w = 7] Initializing CaDiCaL (version 2.1.3).
c [w = 7] Configuring CaDiCaL as --sat (1).
c [w = 7] Encoding starts with w = 7:
c [w = 7] Symmetry breaking highest degree node is applied.
c [w = 7] Encoding duration: 136 ms.
c [w = 7] Number of clauses: 220991.
c [w = 7] Number of variables: 45500.
c [w = 7] SAT Solving starts:
c [Signal] Signal interruption. Caught signal: SIGTERM (15).
c [w = 4] Start task in PID: 176559.
c [w = 4] Cyclic Antibandwidth problem with w = 4 (double_star_100_25.txt):
c [w = 4] Initializing CaDiCaL (version 2.1.3).
c [w = 4] Configuring CaDiCaL as --sat (1).
c [w = 4] Encoding starts with w = 4:
c [w = 4] Symmetry breaking highest degree node is applied.
c [w = 4] Encoding duration: 143 ms.
c [w = 4] Number of clauses: 244408.
c [w = 4] Number of variables: 40375.
c [w = 4] SAT Solving starts:
c [Signal] Signal interruption. Caught signal: SIGTERM (15).
c [Main] Child pid 9 - 176558 terminated by signal 15.
c [Main] Child pid 12 - 176554 terminated by signal 15.
c [Main] Child pid 11 - 176556 terminated by signal 15.
c [Main] Child pid 10 - 176553 terminated by signal 15.
c [Main] Child pid 4 - 176559 terminated by signal 15.
c [Main] Child pid 7 - 176552 terminated by signal 15.
c [Main] Child pid 8 - 176557 terminated by signal 15.
c [Signal] Signal interruption. Caught signal: SIGTERM (15).
c [Main] All children have completed.
r [Main] 
r [Main] Final results: 
r [Main] Max width SAT:  	13.
r [Main] Min width UNSAT:	-.
r [Main] Total real time: 229 ms.
r [Main] Total memory consumed: 387 MB.
r [Main] 
