c [Version] Cyclic Bandwidth Encoder version 1.0.0.
c [Param] Real time limit is set to 1800.
c [Param] Memory limit is set to 30000.
c [Param] Worker count is set to 4.
c [Main] Encoding and solving for graph: hypercube_8_256.txt.
c [Main] Search strategy: Binary search from lower bound.
c [Main] Lower bound is set to 43.
c [Main] Upper bound is set to 85.
c [Main] Search order: 64 53 47 44 43 45 46 50 48 49 51 52 58 55 54 56 57 61 59 60 62 63 75 69 66 65 67 68 72 70 71 73 74 80 77 76 78 79 83 81 82 84 85.
c [w = 47] Start task in PID: 4546.
c [w = 47] Cyclic Antibandwidth problem with w = 47 (hypercube_8_256.txt):
c [w = 47] Initializing CaDiCaL (version 2.1.3).
c [w = 47] Configuring CaDiCaL as --sat (1).
c [w = 47] Encoding starts with w = 47:
c [w = 47] Symmetry breaking highest degree node is applied.
c [w = 47] Encoding duration: 1196 ms.
c [w = 47] Number of clauses: 1730432.
c [w = 47] Number of variables: 214016.
c [w = 47] SAT Solving starts:
c [w = 47] Solving duration: 39374 ms.
c [w = 47] Answer:
s [w = 47] SAT (w = 47).
c [w = 47] Solution check = 47.
c [w = 47] The solution is correct.
c [w = 47] Result: 10.
c [Main] Max width SAT is set to 47.
c [Main] Kill lower pid 44.
c [w = 44] Start task in PID: 4547.
c [w = 44] Cyclic Antibandwidth problem with w = 44 (hypercube_8_256.txt):
c [w = 44] Initializing CaDiCaL (version 2.1.3).
c [w = 44] Configuring CaDiCaL as --sat (1).
c [w = 44] Encoding starts with w = 44:
c [w = 44] Symmetry breaking highest degree node is applied.
c [w = 44] Encoding duration: 1180 ms.
c [w = 44] Number of clauses: 1715840.
c [w = 44] Number of variables: 209408.
c [w = 44] SAT Solving starts:
c [Signal] Signal interruption. Caught signal: SIGTERM (15).
c [Main] Child pid 44 - 4547 terminated by signal 15.
c [w = 48] Start task in PID: 4563.
c [w = 48] Cyclic Antibandwidth problem with w = 48 (hypercube_8_256.txt):
c [w = 48] Initializing CaDiCaL (version 2.1.3).
c [w = 48] Configuring CaDiCaL as --sat (1).
c [w = 48] Encoding starts with w = 48:
c [w = 48] Symmetry breaking highest degree node is applied.
c [w = 48] Encoding duration: 1206 ms.
c [w = 48] Number of clauses: 1735296.
c [w = 48] Number of variables: 215552.
c [w = 48] SAT Solving starts:
c [w = 48] Solving duration: 53361 ms.
c [w = 48] Answer:
s [w = 48] SAT (w = 48).
c [w = 48] Solution check = 48.
c [w = 48] The solution is correct.
c [w = 48] Result: 10.
c [Main] Max width SAT is set to 48.
c [w = 50] Start task in PID: 4562.
c [w = 50] Cyclic Antibandwidth problem with w = 50 (hypercube_8_256.txt):
c [w = 50] Initializing CaDiCaL (version 2.1.3).
c [w = 50] Configuring CaDiCaL as --sat (1).
c [w = 50] Encoding starts with w = 50:
c [w = 50] Symmetry breaking highest degree node is applied.
c [w = 50] Encoding duration: 1206 ms.
c [w = 50] Number of clauses: 1745024.
c [w = 50] Number of variables: 218624.
c [w = 50] SAT Solving starts:
c [w = 50] Solving duration: 104121 ms.
c [w = 50] Answer:
s [w = 50] SAT (w = 50).
c [w = 50] Solution check = 50.
c [w = 50] The solution is correct.
c [w = 50] Result: 10.
c [Main] Max width SAT is set to 50.
c [Main] Kill lower pid 49.
c [w = 49] Start task in PID: 4581.
c [w = 49] Cyclic Antibandwidth problem with w = 49 (hypercube_8_256.txt):
c [w = 49] Initializing CaDiCaL (version 2.1.3).
c [w = 49] Configuring CaDiCaL as --sat (1).
c [w = 49] Encoding starts with w = 49:
c [w = 49] Symmetry breaking highest degree node is applied.
c [w = 49] Encoding duration: 1193 ms.
c [w = 49] Number of clauses: 1740160.
c [w = 49] Number of variables: 217088.
c [w = 49] SAT Solving starts:
c [Signal] Signal interruption. Caught signal: SIGTERM (15).
c [Main] Child pid 49 - 4581 terminated by signal 15.
c [w = 51] Start task in PID: 4595.
c [w = 51] Cyclic Antibandwidth problem with w = 51 (hypercube_8_256.txt):
c [w = 51] Initializing CaDiCaL (version 2.1.3).
c [w = 51] Configuring CaDiCaL as --sat (1).
c [w = 51] Encoding starts with w = 51:
c [w = 51] Symmetry breaking highest degree node is applied.
c [w = 51] Encoding duration: 1195 ms.
c [w = 51] Number of clauses: 1712512.
c [w = 51] Number of variables: 207872.
c [w = 51] SAT Solving starts:
c [w = 51] Solving duration: 111616 ms.
c [w = 51] Answer:
s [w = 51] SAT (w = 51).
c [w = 51] Solution check = 51.
c [w = 51] The solution is correct.
c [w = 51] Result: 10.
c [Main] Max width SAT is set to 51.
c [w = 52] Start task in PID: 4596.
c [w = 52] Cyclic Antibandwidth problem with w = 52 (hypercube_8_256.txt):
c [w = 52] Initializing CaDiCaL (version 2.1.3).
c [w = 52] Configuring CaDiCaL as --sat (1).
c [w = 52] Encoding starts with w = 52:
c [w = 52] Symmetry breaking highest degree node is applied.
c [w = 52] Encoding duration: 1201 ms.
c [w = 52] Number of clauses: 1718656.
c [w = 52] Number of variables: 209152.
c [w = 52] SAT Solving starts:
c [w = 52] Solving duration: 118518 ms.
c [w = 52] Answer:
s [w = 52] SAT (w = 52).
c [w = 52] Solution check = 52.
c [w = 52] The solution is correct.
c [w = 52] Result: 10.
c [Main] Max width SAT is set to 52.
c [w = 64] Start task in PID: 4544.
c [w = 64] Cyclic Antibandwidth problem with w = 64 (hypercube_8_256.txt):
c [w = 64] Initializing CaDiCaL (version 2.1.3).
c [w = 64] Configuring CaDiCaL as --sat (1).
c [w = 64] Encoding starts with w = 64:
c [w = 64] Symmetry breaking highest degree node is applied.
c [w = 64] Encoding duration: 1184 ms.
c [w = 64] Number of clauses: 1722752.
c [w = 64] Number of variables: 208896.
c [w = 64] SAT Solving starts:
c [w = 64] Solving duration: 320049 ms.
c [w = 64] Answer:
s [w = 64] SAT (w = 64).
c [w = 64] Solution check = 64.
c [w = 64] The solution is correct.
c [w = 64] Result: 10.
c [Main] Max width SAT is set to 64.
c [Main] Kill lower pid 55.
c [Main] Kill lower pid 58.
c [Main] Kill lower pid 53.
c [w = 55] Start task in PID: 4633.
c [w = 55] Cyclic Antibandwidth problem with w = 55 (hypercube_8_256.txt):
c [w = 55] Initializing CaDiCaL (version 2.1.3).
c [w = 55] Configuring CaDiCaL as --sat (1).
c [w = 55] Encoding starts with w = 55:
c [w = 55] Symmetry breaking highest degree node is applied.
c [w = 55] Encoding duration: 1177 ms.
c [w = 55] Number of clauses: 1730944.
c [w = 55] Number of variables: 212992.
c [w = 55] SAT Solving starts:
c [Signal] Signal interruption. Caught signal: SIGTERM (15).
c [w = 58] Start task in PID: 4628.
c [w = 58] Cyclic Antibandwidth problem with w = 58 (hypercube_8_256.txt):
c [w = 58] Initializing CaDiCaL (version 2.1.3).
c [w = 58] Configuring CaDiCaL as --sat (1).
c [w = 58] Encoding starts with w = 58:
c [w = 58] Symmetry breaking highest degree node is applied.
c [w = 58] Encoding duration: 1227 ms.
c [w = 58] Number of clauses: 1743232.
c [w = 58] Number of variables: 216832.
c [w = 58] SAT Solving starts:
c [Signal] Signal interruption. Caught signal: SIGTERM (15).
c [w = 53] Start task in PID: 4545.
c [w = 53] Cyclic Antibandwidth problem with w = 53 (hypercube_8_256.txt):
c [w = 53] Initializing CaDiCaL (version 2.1.3).
c [w = 53] Configuring CaDiCaL as --sat (1).
c [w = 53] Encoding starts with w = 53:
c [w = 53] Symmetry breaking highest degree node is applied.
c [w = 53] Encoding duration: 1267 ms.
c [w = 53] Number of clauses: 1722752.
c [w = 53] Number of variables: 210432.
c [w = 53] SAT Solving starts:
c [Signal] Signal interruption. Caught signal: SIGTERM (15).
c [Main] Child pid 53 - 4545 terminated by signal 15.
c [Main] Child pid 55 - 4633 terminated by signal 15.
c [Main] Child pid 58 - 4628 terminated by signal 15.
c [w = 65] Start task in PID: 4647.
c [w = 65] Cyclic Antibandwidth problem with w = 65 (hypercube_8_256.txt):
c [w = 65] Initializing CaDiCaL (version 2.1.3).
c [w = 65] Configuring CaDiCaL as --sat (1).
c [w = 65] Encoding starts with w = 65:
c [w = 65] Symmetry breaking highest degree node is applied.
c [w = 65] Encoding duration: 1223 ms.
c [w = 65] Number of clauses: 1726080.
c [w = 65] Number of variables: 209920.
c [w = 65] SAT Solving starts:
c [w = 65] Solving duration: 796650 ms.
c [w = 65] Answer:
s [w = 65] SAT (w = 65).
c [w = 65] Solution check = 65.
c [w = 65] The solution is correct.
c [w = 65] Result: 10.
c [Main] Max width SAT is set to 65.
c [w = 67] Start task in PID: 4850.
c [w = 67] Cyclic Antibandwidth problem with w = 67 (hypercube_8_256.txt):
c [w = 67] Initializing CaDiCaL (version 2.1.3).
c [w = 67] Configuring CaDiCaL as --sat (1).
c [w = 67] Encoding starts with w = 67:
c [w = 67] Symmetry breaking highest degree node is applied.
c [w = 67] Encoding duration: 1161 ms.
c [w = 67] Number of clauses: 1732736.
c [w = 67] Number of variables: 211968.
c [w = 67] SAT Solving starts:
c [Signal] Signal interruption. Caught signal: SIGTERM (15).
c [w = 66] Start task in PID: 4646.
c [w = 66] Cyclic Antibandwidth problem with w = 66 (hypercube_8_256.txt):
c [w = 66] Initializing CaDiCaL (version 2.1.3).
c [w = 66] Configuring CaDiCaL as --sat (1).
c [w = 66] Encoding starts with w = 66:
c [w = 66] Symmetry breaking highest degree node is applied.
c [w = 66] Encoding duration: 1189 ms.
c [w = 66] Number of clauses: 1729408.
c [w = 66] Number of variables: 210944.
c [w = 66] SAT Solving starts:
c [Signal] Signal interruption. Caught signal: SIGTERM (15).
c [w = 69] Start task in PID: 4645.
c [w = 69] Cyclic Antibandwidth problem with w = 69 (hypercube_8_256.txt):
c [w = 69] Initializing CaDiCaL (version 2.1.3).
c [w = 69] Configuring CaDiCaL as --sat (1).
c [w = 69] Encoding starts with w = 69:
c [w = 69] Symmetry breaking highest degree node is applied.
c [w = 69] Encoding duration: 1237 ms.
c [w = 69] Number of clauses: 1739392.
c [w = 69] Number of variables: 214016.
c [w = 69] SAT Solving starts:
c [Signal] Signal interruption. Caught signal: SIGTERM (15).
c [w = 75] Start task in PID: 4644.
c [w = 75] Cyclic Antibandwidth problem with w = 75 (hypercube_8_256.txt):
c [w = 75] Initializing CaDiCaL (version 2.1.3).
c [w = 75] Configuring CaDiCaL as --sat (1).
c [w = 75] Encoding starts with w = 75:
c [w = 75] Symmetry breaking highest degree node is applied.
c [w = 75] Encoding duration: 1210 ms.
c [w = 75] Number of clauses: 1759360.
c [w = 75] Number of variables: 220160.
c [w = 75] SAT Solving starts:
c [Signal] Signal interruption. Caught signal: SIGTERM (15).
c [Main] Lim pid ends with result: 254.
c [Main] All children have completed.
r [Main] 
r [Main] Final results: 
r [Main] Max width SAT:  	65.
r [Main] Min width UNSAT:	-.
r [Main] Total real time: 1810088 ms.
r [Main] Total memory consumed: 3011.7 MB.
r [Main] 
