c [Version] Cyclic Anti-bandwidth Encoder version 1.0.0.
c [Param] Real time limit is set to 150.
c [Param] Memory limit is set to 30000.
c [Param] Worker count is set to 8.
c [Param] LB skip threshold is set to 0.25.
c [Main] Encoding and solving for graph: caterpillar_30_15.txt.
c [Main] Search strategy: Binary search using BFS.
c [Main] No predefined lower bound is found for caterpillar_30_15.txt.
c [Main] LB-w = 2 (default value).
c [Main] No predefined upper bound is found for caterpillar_30_15.txt.
c [Main] UB-w = 225 (default value calculated as n/2).
c [Main] LB is modified to 57 after applying LB skip threshold 0.25.
c [Main] Search order: 141 98 183 77 119 162 204 66 87 108 130 151 172 193 215 61 71 82 92 103 113 124 135 146 156 167 177 188 198 209 220 58 63 68 74 79 84 89 95 100 105 110 116 121 127 132 138 143 148 153 159 164 169 174 180 185 190 195 201 206 212 217 223 57 59 62 64 67 69 72 75 78 80 83 85 88 90 93 96 99 101 104 106 109 111 114 117 120 122 125 128 131 133 136 139 142 144 147 149 152 154 157 160 163 165 168 170 173 175 178 181 184 186 189 191 194 196 199 202 205 207 210 213 216 218 221 224 60 65 70 73 76 81 86 91 94 97 102 107 112 115 118 123 126 129 134 137 140 145 150 155 158 161 166 171 176 179 182 187 192 197 200 203 208 211 214 219 222 225.
c [w = 77] Start task in PID: 52232.
c [w = 77] Cyclic Antibandwidth problem with w = 77 (caterpillar_30_15.txt):
c [w = 77] Initializing CaDiCaL (version 2.1.3).
c [w = 77] Configuring CaDiCaL as --sat (1).
c [w = 77] Encoding starts with w = 77:
c [w = 77] Symmetry breaking highest degree node is applied.
c [w = 77] Encoding duration: 3552 ms.
c [w = 77] Number of clauses: 2913543.
c [w = 77] Number of variables: 641700.
c [w = 77] SAT Solving starts:
c [w = 77] Solving duration: 7579 ms.
c [w = 77] Answer:
s [w = 77] SAT (w = 77).
c [w = 77] Solution check = 77.
c [w = 77] The solution is correct.
c [w = 77] Result: 10.
c [Main] Max width SAT is set to 77.
c [Main] Kill lower pid 66.
c [w = 66] Start task in PID: 52236.
c [w = 66] Cyclic Antibandwidth problem with w = 66 (caterpillar_30_15.txt):
c [w = 66] Initializing CaDiCaL (version 2.1.3).
c [w = 66] Configuring CaDiCaL as --sat (1).
c [w = 66] Encoding starts with w = 66:
c [w = 66] Symmetry breaking highest degree node is applied.
c [w = 66] Encoding duration: 3522 ms.
c [w = 66] Number of clauses: 2906346.
c [w = 66] Number of variables: 640350.
c [w = 66] SAT Solving starts:
c [Signal] Signal interruption. Caught signal: SIGTERM (15).
c [Main] Child pid 66 - 52236 terminated by signal 15.
c [w = 108] Start task in PID: 52243.
c [w = 108] Cyclic Antibandwidth problem with w = 108 (caterpillar_30_15.txt):
c [w = 108] Initializing CaDiCaL (version 2.1.3).
c [w = 108] Configuring CaDiCaL as --sat (1).
c [w = 108] Encoding starts with w = 108:
c [w = 108] Symmetry breaking highest degree node is applied.
c [w = 108] Encoding duration: 3284 ms.
c [w = 108] Number of clauses: 3035490.
c [w = 108] Number of variables: 678150.
c [w = 108] SAT Solving starts:
c [w = 108] Solving duration: 905 ms.
c [w = 108] Answer:
s [w = 108] SAT (w = 108).
c [w = 108] Solution check = 108.
c [w = 108] The solution is correct.
c [w = 108] Result: 10.
c [Main] Max width SAT is set to 108.
c [Main] Kill lower pid 87.
c [Main] Kill lower pid 98.
c [w = 87] Start task in PID: 52242.
c [w = 87] Cyclic Antibandwidth problem with w = 87 (caterpillar_30_15.txt):
c [w = 87] Initializing CaDiCaL (version 2.1.3).
c [w = 87] Configuring CaDiCaL as --sat (1).
c [w = 87] Encoding starts with w = 87:
c [w = 87] Symmetry breaking highest degree node is applied.
c [w = 87] Encoding duration: 3223 ms.
c [w = 87] Number of clauses: 2999043.
c [w = 87] Number of variables: 668700.
c [w = 87] SAT Solving starts:
c [Signal] Signal interruption. Caught signal: SIGTERM (15).
c [w = 98] Start task in PID: 52230.
c [w = 98] Cyclic Antibandwidth problem with w = 98 (caterpillar_30_15.txt):
c [w = 98] Initializing CaDiCaL (version 2.1.3).
c [w = 98] Configuring CaDiCaL as --sat (1).
c [w = 98] Encoding starts with w = 98:
c [w = 98] Symmetry breaking highest degree node is applied.
c [w = 98] Encoding duration: 3595 ms.
c [w = 98] Number of clauses: 2963490.
c [w = 98] Number of variables: 655650.
c [w = 98] SAT Solving starts:
c [Signal] Signal interruption. Caught signal: SIGTERM (15).
c [Main] Child pid 98 - 52230 terminated by signal 15.
c [Main] Child pid 87 - 52242 terminated by signal 15.
c [w = 183] Start task in PID: 52231.
c [w = 183] Cyclic Antibandwidth problem with w = 183 (caterpillar_30_15.txt):
c [w = 183] Initializing CaDiCaL (version 2.1.3).
c [w = 183] Configuring CaDiCaL as --sat (1).
c [w = 183] Encoding starts with w = 183:
c [w = 183] Symmetry breaking highest degree node is applied.
c [w = 183] Encoding duration: 3697 ms.
c [w = 183] Number of clauses: 3088134.
c [w = 183] Number of variables: 684900.
c [w = 183] SAT Solving starts:
c [w = 183] Solving duration: 43350 ms.
c [w = 183] Answer:
s [w = 183] SAT (w = 183).
c [w = 183] Solution check = 183.
c [w = 183] The solution is correct.
c [w = 183] Result: 10.
c [w = 172] Start task in PID: 52246.
c [w = 172] Cyclic Antibandwidth problem with w = 172 (caterpillar_30_15.txt):
c [w = 172] Initializing CaDiCaL (version 2.1.3).
c [w = 172] Configuring CaDiCaL as --sat (1).
c [w = 172] Encoding starts with w = 172:
c [w = 172] Symmetry breaking highest degree node is applied.
c [w = 172] Encoding duration: 3158 ms.
c [w = 172] Number of clauses: 3038634.
c [w = 172] Number of variables: 670050.
c [w = 172] SAT Solving starts:
c [Signal] Signal interruption. Caught signal: SIGTERM (15).
c [w = 151] Start task in PID: 52245.
c [w = 151] Cyclic Antibandwidth problem with w = 151 (caterpillar_30_15.txt):
c [w = 151] Initializing CaDiCaL (version 2.1.3).
c [w = 151] Configuring CaDiCaL as --sat (1).
c [w = 151] Encoding starts with w = 151:
c [w = 151] Symmetry breaking highest degree node is applied.
c [w = 151] Encoding duration: 3020 ms.
c [w = 151] Number of clauses: 2944134.
c [w = 151] Number of variables: 641700.
c [w = 151] SAT Solving starts:
c [Signal] Signal interruption. Caught signal: SIGTERM (15).
c [w = 130] Start task in PID: 52244.
c [w = 130] Cyclic Antibandwidth problem with w = 130 (caterpillar_30_15.txt):
c [w = 130] Initializing CaDiCaL (version 2.1.3).
c [w = 130] Configuring CaDiCaL as --sat (1).
c [w = 130] Encoding starts with w = 130:
c [w = 130] Symmetry breaking highest degree node is applied.
c [w = 130] Encoding duration: 3178 ms.
c [w = 130] Number of clauses: 3021537.
c [w = 130] Number of variables: 670500.
c [w = 130] SAT Solving starts:
c [Signal] Signal interruption. Caught signal: SIGTERM (15).
c [Main] Max width SAT is set to 183.
c [Main] Kill lower pid 172.
c [Main] Kill lower pid 151.
c [Main] Kill lower pid 130.
c [Main] Kill lower pid 162.
c [Main] Kill lower pid 119.
c [Main] Kill lower pid 141.
c [w = 162] Start task in PID: 52234.
c [w = 162] Cyclic Antibandwidth problem with w = 162 (caterpillar_30_15.txt):
c [w = 162] Initializing CaDiCaL (version 2.1.3).
c [w = 162] Configuring CaDiCaL as --sat (1).
c [w = 162] Encoding starts with w = 162:
c [w = 162] Symmetry breaking highest degree node is applied.
c [w = 162] Encoding duration: 3632 ms.
c [w = 162] Number of clauses: 2993634.
c [w = 162] Number of variables: 656550.
c [w = 162] SAT Solving starts:
c [Signal] Signal interruption. Caught signal: SIGTERM (15).
c [w = 119] Start task in PID: 52233.
c [w = 119] Cyclic Antibandwidth problem with w = 119 (caterpillar_30_15.txt):
c [w = 119] Initializing CaDiCaL (version 2.1.3).
c [w = 119] Configuring CaDiCaL as --sat (1).
c [w = 119] Encoding starts with w = 119:
c [w = 119] Symmetry breaking highest degree node is applied.
c [w = 119] Encoding duration: 3554 ms.
c [w = 119] Number of clauses: 2957187.
c [w = 119] Number of variables: 650700.
c [w = 119] SAT Solving starts:
c [Signal] Signal interruption. Caught signal: SIGTERM (15).
c [w = 141] Start task in PID: 52229.
c [w = 141] Cyclic Antibandwidth problem with w = 141 (caterpillar_30_15.txt):
c [w = 141] Initializing CaDiCaL (version 2.1.3).
c [w = 141] Configuring CaDiCaL as --sat (1).
c [w = 141] Encoding starts with w = 141:
c [w = 141] Symmetry breaking highest degree node is applied.
c [w = 141] Encoding duration: 3781 ms.
c [w = 141] Number of clauses: 3085887.
c [w = 141] Number of variables: 690300.
c [w = 141] SAT Solving starts:
c [Signal] Signal interruption. Caught signal: SIGTERM (15).
c [Main] Child pid 141 - 52229 terminated by signal 15.
c [Main] Child pid 119 - 52233 terminated by signal 15.
c [Main] Child pid 162 - 52234 terminated by signal 15.
c [Main] Child pid 172 - 52246 terminated by signal 15.
c [Main] Child pid 151 - 52245 terminated by signal 15.
c [Main] Child pid 130 - 52244 terminated by signal 15.
c [w = 198] Start task in PID: 52253.
c [w = 198] Cyclic Antibandwidth problem with w = 198 (caterpillar_30_15.txt):
c [w = 198] Initializing CaDiCaL (version 2.1.3).
c [w = 198] Configuring CaDiCaL as --sat (1).
c [w = 198] Encoding starts with w = 198:
c [w = 198] Symmetry breaking highest degree node is applied.
c [w = 198] Encoding duration: 3790 ms.
c [w = 198] Number of clauses: 3155634.
c [w = 198] Number of variables: 705150.
c [w = 198] SAT Solving starts:
c [w = 198] Solving duration: 87051 ms.
c [w = 198] Answer:
s [w = 198] SAT (w = 198).
c [w = 198] Solution check = 198.
c [w = 198] The solution is correct.
c [w = 198] Result: 10.
c [w = 188] Start task in PID: 52252.
c [w = 188] Cyclic Antibandwidth problem with w = 188 (caterpillar_30_15.txt):
c [w = 188] Initializing CaDiCaL (version 2.1.3).
c [w = 188] Configuring CaDiCaL as --sat (1).
c [w = 188] Encoding starts with w = 188:
c [w = 188] Symmetry breaking highest degree node is applied.
c [w = 188] Encoding duration: 3720 ms.
c [w = 188] Number of clauses: 3110634.
c [w = 188] Number of variables: 691650.
c [w = 188] SAT Solving starts:
c [Signal] Signal interruption. Caught signal: SIGTERM (15).
c [Main] Max width SAT is set to 198.
c [Main] Kill lower pid 185.
c [Main] Kill lower pid 188.
c [Main] Kill lower pid 193.
c [w = 193] Start task in PID: 52250.
c [w = 193] Cyclic Antibandwidth problem with w = 193 (caterpillar_30_15.txt):
c [w = 193] Initializing CaDiCaL (version 2.1.3).
c [w = 193] Configuring CaDiCaL as --sat (1).
c [w = 193] Encoding starts with w = 193:
c [w = 193] Symmetry breaking highest degree node is applied.
c [w = 193] Encoding duration: 3785 ms.
c [w = 193] Number of clauses: 3133134.
c [w = 193] Number of variables: 698400.
c [w = 193] SAT Solving starts:
c [Signal] Signal interruption. Caught signal: SIGTERM (15).
c [w = 185] Start task in PID: 52256.
c [w = 185] Cyclic Antibandwidth problem with w = 185 (caterpillar_30_15.txt):
c [w = 185] Initializing CaDiCaL (version 2.1.3).
c [w = 185] Configuring CaDiCaL as --sat (1).
c [w = 185] Encoding starts with w = 185:
c [w = 185] Symmetry breaking highest degree node is applied.
c [w = 185] Encoding duration: 3671 ms.
c [w = 185] Number of clauses: 3097134.
c [w = 185] Number of variables: 687600.
c [w = 185] SAT Solving starts:
c [Signal] Signal interruption. Caught signal: SIGTERM (15).
c [Main] Child pid 188 - 52252 terminated by signal 15.
c [Main] Child pid 185 - 52256 terminated by signal 15.
c [Main] Child pid 193 - 52250 terminated by signal 15.
c [w = 220] Start task in PID: 52255.
c [w = 220] Cyclic Antibandwidth problem with w = 220 (caterpillar_30_15.txt):
c [w = 220] Initializing CaDiCaL (version 2.1.3).
c [w = 220] Configuring CaDiCaL as --sat (1).
c [w = 220] Encoding starts with w = 220:
c [w = 220] Symmetry breaking highest degree node is applied.
c [w = 220] Encoding duration: 3932 ms.
c [w = 220] Number of clauses: 3254634.
c [w = 220] Number of variables: 734850.
c [w = 220] SAT Solving starts:
c [Signal] Signal interruption. Caught signal: SIGTERM (15).
c [w = 209] Start task in PID: 52254.
c [w = 209] Cyclic Antibandwidth problem with w = 209 (caterpillar_30_15.txt):
c [w = 209] Initializing CaDiCaL (version 2.1.3).
c [w = 209] Configuring CaDiCaL as --sat (1).
c [w = 209] Encoding starts with w = 209:
c [w = 209] Symmetry breaking highest degree node is applied.
c [w = 209] Encoding duration: 3392 ms.
c [w = 209] Number of clauses: 3205134.
c [w = 209] Number of variables: 720000.
c [w = 209] SAT Solving starts:
c [Signal] Signal interruption. Caught signal: SIGTERM (15).
c [w = 215] Start task in PID: 52251.
c [w = 215] Cyclic Antibandwidth problem with w = 215 (caterpillar_30_15.txt):
c [w = 215] Initializing CaDiCaL (version 2.1.3).
c [w = 215] Configuring CaDiCaL as --sat (1).
c [w = 215] Encoding starts with w = 215:
c [w = 215] Symmetry breaking highest degree node is applied.
c [w = 215] Encoding duration: 3894 ms.
c [w = 215] Number of clauses: 3232134.
c [w = 215] Number of variables: 728100.
c [w = 215] SAT Solving starts:
c [Signal] Signal interruption. Caught signal: SIGTERM (15).
c [w = 217] Start task in PID: 52275.
c [w = 217] Cyclic Antibandwidth problem with w = 217 (caterpillar_30_15.txt):
c [w = 217] Initializing CaDiCaL (version 2.1.3).
c [w = 217] Configuring CaDiCaL as --sat (1).
c [w = 217] Encoding starts with w = 217:
c [w = 217] Symmetry breaking highest degree node is applied.
c [w = 217] Encoding duration: 3960 ms.
c [w = 217] Number of clauses: 3241134.
c [w = 217] Number of variables: 730800.
c [w = 217] SAT Solving starts:
c [Signal] Signal interruption. Caught signal: SIGTERM (15).
c [w = 204] Start task in PID: 52235.
c [w = 204] Cyclic Antibandwidth problem with w = 204 (caterpillar_30_15.txt):
c [w = 204] Initializing CaDiCaL (version 2.1.3).
c [w = 204] Configuring CaDiCaL as --sat (1).
c [w = 204] Encoding starts with w = 204:
c [w = 204] Symmetry breaking highest degree node is applied.
c [w = 204] Encoding duration: 3829 ms.
c [w = 204] Number of clauses: 3182634.
c [w = 204] Number of variables: 713250.
c [w = 204] SAT Solving starts:
c [Signal] Signal interruption. Caught signal: SIGTERM (15).
c [w = 201] Start task in PID: 52272.
c [w = 201] Cyclic Antibandwidth problem with w = 201 (caterpillar_30_15.txt):
c [w = 201] Initializing CaDiCaL (version 2.1.3).
c [w = 201] Configuring CaDiCaL as --sat (1).
c [w = 201] Encoding starts with w = 201:
c [w = 201] Symmetry breaking highest degree node is applied.
c [w = 201] Encoding duration: 3435 ms.
c [w = 201] Number of clauses: 3169134.
c [w = 201] Number of variables: 709200.
c [w = 201] SAT Solving starts:
c [Signal] Signal interruption. Caught signal: SIGTERM (15).
c [Main] Lim pid ends with result: 254.
c [Main] All children have completed.
r [Main] 
r [Main] Final results: 
r [Main] Max width SAT:  	198.
r [Main] Min width UNSAT:	-.
r [Main] Total real time: 151164 ms.
r [Main] Total memory consumed: 7225.3 MB.
r [Main] 
c [w = 212] Start task in PID: 52274.
c [w = 212] Cyclic Antibandwidth problem with w = 212 (caterpillar_30_15.txt):
c [w = 212] Initializing CaDiCaL (version 2.1.3).
c [w = 212] Configuring CaDiCaL as --sat (1).
c [w = 212] Encoding starts with w = 212:
c [w = 212] Symmetry breaking highest degree node is applied.
c [w = 212] Encoding duration: 3861 ms.
c [w = 212] Number of clauses: 3218634.
c [w = 212] Number of variables: 724050.
c [w = 212] SAT Solving starts:
c [Signal] Signal interruption. Caught signal: SIGTERM (15).
c [w = 206] Start task in PID: 52273.
c [w = 206] Cyclic Antibandwidth problem with w = 206 (caterpillar_30_15.txt):
c [w = 206] Initializing CaDiCaL (version 2.1.3).
c [w = 206] Configuring CaDiCaL as --sat (1).
c [w = 206] Encoding starts with w = 206:
c [w = 206] Symmetry breaking highest degree node is applied.
c [w = 206] Encoding duration: 3375 ms.
c [w = 206] Number of clauses: 3191634.
c [w = 206] Number of variables: 715950.
c [w = 206] SAT Solving starts:
c [Signal] Signal interruption. Caught signal: SIGTERM (15).
