c [Version] Cyclic Anti-bandwidth Encoder version 1.0.0.
c [Param] Real time limit is set to 150.
c [Param] Memory limit is set to 30000.
c [Param] Worker count is set to 8.
c [Param] LB skip threshold is set to 0.25.
c [Main] Encoding and solving for graph: caterpillar_15_6.txt.
c [Main] Search strategy: Binary search using BFS.
c [Main] No predefined lower bound is found for caterpillar_15_6.txt.
c [Main] LB-w = 2 (default value).
c [Main] No predefined upper bound is found for caterpillar_15_6.txt.
c [Main] UB-w = 45 (default value calculated as n/2).
c [Main] LB is modified to 12 after applying LB skip threshold 0.25.
c [Main] Search order: 28 19 37 15 23 32 41 13 17 21 25 30 34 39 43 12 14 16 18 20 22 24 26 29 31 33 35 38 40 42 44 27 36 45.
c [w = 19] Start task in PID: 49526.
c [w = 19] Cyclic Antibandwidth problem with w = 19 (caterpillar_15_6.txt):
c [w = 19] Initializing CaDiCaL (version 2.1.3).
c [w = 19] Configuring CaDiCaL as --sat (1).
c [w = 19] Encoding starts with w = 19:
c [w = 19] Symmetry breaking highest degree node is applied.
c [w = 19] Encoding duration: 143 ms.
c [w = 19] Number of clauses: 116070.
c [w = 19] Number of variables: 26460.
c [w = 19] SAT Solving starts:
c [w = 19] Solving duration: 71 ms.
c [w = 19] Answer:
s [w = 19] SAT (w = 19).
c [w = 19] Solution check = 19.
c [w = 19] The solution is correct.
c [w = 19] Result: 10.
c [Main] Max width SAT is set to 19.
c [Main] Kill lower pid 13.
c [Main] Kill lower pid 15.
c [w = 15] Start task in PID: 49528.
c [w = 15] Cyclic Antibandwidth problem with w = 15 (caterpillar_15_6.txt):
c [w = 15] Initializing CaDiCaL (version 2.1.3).
c [w = 15] Configuring CaDiCaL as --sat (1).
c [w = 15] Encoding starts with w = 15:
c [w = 15] Symmetry breaking highest degree node is applied.
c [w = 15] Encoding duration: 137 ms.
c [w = 15] Number of clauses: 113823.
c [w = 15] Number of variables: 25740.
c [w = 15] SAT Solving starts:
c [Signal] Signal interruption. Caught signal: SIGTERM (15).
c [w = 13] Start task in PID: 49532.
c [w = 13] Cyclic Antibandwidth problem with w = 13 (caterpillar_15_6.txt):
c [w = 13] Initializing CaDiCaL (version 2.1.3).
c [w = 13] Configuring CaDiCaL as --sat (1).
c [w = 13] Encoding starts with w = 13:
c [w = 13] Symmetry breaking highest degree node is applied.
c [w = 13] Encoding duration: 138 ms.
c [w = 13] Number of clauses: 113466.
c [w = 13] Number of variables: 25560.
c [w = 13] SAT Solving starts:
c [Signal] Signal interruption. Caught signal: SIGTERM (15).
c [Main] Child pid 15 - 49528 terminated by signal 15.
c [Main] Child pid 13 - 49532 terminated by signal 15.
c [w = 32] Start task in PID: 49530.
c [w = 32] Cyclic Antibandwidth problem with w = 32 (caterpillar_15_6.txt):
c [w = 32] Initializing CaDiCaL (version 2.1.3).
c [w = 32] Configuring CaDiCaL as --sat (1).
c [w = 32] Encoding starts with w = 32:
c [w = 32] Symmetry breaking highest degree node is applied.
c [w = 32] Encoding duration: 144 ms.
c [w = 32] Number of clauses: 118854.
c [w = 32] Number of variables: 27090.
c [w = 32] SAT Solving starts:
c [w = 32] Solving duration: 217 ms.
c [w = 32] Answer:
s [w = 32] SAT (w = 32).
c [w = 32] Solution check = 32.
c [w = 32] The solution is correct.
c [w = 32] Result: 10.
c [w = 25] Start task in PID: 49534.
c [w = 25] Cyclic Antibandwidth problem with w = 25 (caterpillar_15_6.txt):
c [w = 25] Initializing CaDiCaL (version 2.1.3).
c [w = 25] Configuring CaDiCaL as --sat (1).
c [w = 25] Encoding starts with w = 25:
c [w = 25] Symmetry breaking highest degree node is applied.
c [Signal] Signal interruption. Caught signal: SIGTERM (15).
c [w = 30] Start task in PID: 49535.
c [w = 30] Cyclic Antibandwidth problem with w = 30 (caterpillar_15_6.txt):
c [w = 30] Initializing CaDiCaL (version 2.1.3).
c [w = 30] Configuring CaDiCaL as --sat (1).
c [w = 30] Encoding starts with w = 30:
c [w = 30] Symmetry breaking highest degree node is applied.
c [Signal] Signal interruption. Caught signal: SIGTERM (15).
c [w = 21] Start task in PID: 49533.
c [w = 21] Cyclic Antibandwidth problem with w = 21 (caterpillar_15_6.txt):
c [w = 21] Initializing CaDiCaL (version 2.1.3).
c [w = 21] Configuring CaDiCaL as --sat (1).
c [w = 21] Encoding starts with w = 21:
c [w = 21] Symmetry breaking highest degree node is applied.
c [w = 21] Encoding duration: 126 ms.
c [w = 21] Number of clauses: 118950.
c [w = 21] Number of variables: 27360.
c [w = 21] SAT Solving starts:
c [Signal] Signal interruption. Caught signal: SIGTERM (15).
c [Main] Max width SAT is set to 32.
c [Main] Kill lower pid 30.
c [Main] Kill lower pid 25.
c [Main] Kill lower pid 21.
c [Main] Kill lower pid 23.
c [Main] Kill lower pid 28.
c [w = 23] Start task in PID: 49529.
c [w = 23] Cyclic Antibandwidth problem with w = 23 (caterpillar_15_6.txt):
c [w = 23] Initializing CaDiCaL (version 2.1.3).
c [w = 23] Configuring CaDiCaL as --sat (1).
c [w = 23] Encoding starts with w = 23:
c [w = 23] Symmetry breaking highest degree node is applied.
c [w = 23] Encoding duration: 140 ms.
c [w = 23] Number of clauses: 116247.
c [w = 23] Number of variables: 26460.
c [w = 23] SAT Solving starts:
c [Signal] Signal interruption. Caught signal: SIGTERM (15).
c [w = 28] Start task in PID: 49525.
c [w = 28] Cyclic Antibandwidth problem with w = 28 (caterpillar_15_6.txt):
c [w = 28] Initializing CaDiCaL (version 2.1.3).
c [w = 28] Configuring CaDiCaL as --sat (1).
c [w = 28] Encoding starts with w = 28:
c [w = 28] Symmetry breaking highest degree node is applied.
c [w = 28] Encoding duration: 148 ms.
c [w = 28] Number of clauses: 122097.
c [w = 28] Number of variables: 28260.
c [w = 28] SAT Solving starts:
c [Signal] Signal interruption. Caught signal: SIGTERM (15).
c [Main] Child pid 30 - 49535 terminated by signal 15.
c [Main] Child pid 23 - 49529 terminated by signal 15.
c [Main] Child pid 21 - 49533 terminated by signal 15.
c [Main] Child pid 25 - 49534 terminated by signal 15.
c [Main] Child pid 28 - 49525 terminated by signal 15.
c [w = 33] Start task in PID: 49539.
c [w = 33] Cyclic Antibandwidth problem with w = 33 (caterpillar_15_6.txt):
c [w = 33] Initializing CaDiCaL (version 2.1.3).
c [w = 33] Configuring CaDiCaL as --sat (1).
c [w = 33] Encoding starts with w = 33:
c [w = 33] Symmetry breaking highest degree node is applied.
c [w = 33] Encoding duration: 144 ms.
c [w = 33] Number of clauses: 119754.
c [w = 33] Number of variables: 27360.
c [w = 33] SAT Solving starts:
c [w = 33] Solving duration: 228 ms.
c [w = 33] Answer:
s [w = 33] SAT (w = 33).
c [w = 33] Solution check = 33.
c [w = 33] The solution is correct.
c [w = 33] Result: 10.
c [Main] Max width SAT is set to 33.
c [w = 41] Start task in PID: 49531.
c [w = 41] Cyclic Antibandwidth problem with w = 41 (caterpillar_15_6.txt):
c [w = 41] Initializing CaDiCaL (version 2.1.3).
c [w = 41] Configuring CaDiCaL as --sat (1).
c [w = 41] Encoding starts with w = 41:
c [w = 41] Symmetry breaking highest degree node is applied.
c [w = 41] Encoding duration: 153 ms.
c [w = 41] Number of clauses: 126954.
c [w = 41] Number of variables: 29520.
c [w = 41] SAT Solving starts:
c [w = 41] Solving duration: 754 ms.
c [w = 41] Answer:
s [w = 41] SAT (w = 41).
c [w = 41] Solution check = 41.
c [w = 41] The solution is correct.
c [w = 41] Result: 10.
c [w = 38] Start task in PID: 49541.
c [w = 38] Cyclic Antibandwidth problem with w = 38 (caterpillar_15_6.txt):
c [w = 38] Initializing CaDiCaL (version 2.1.3).
c [w = 38] Configuring CaDiCaL as --sat (1).
c [w = 38] Encoding starts with w = 38:
c [w = 38] Symmetry breaking highest degree node is applied.
c [w = 38] Encoding duration: 149 ms.
c [w = 38] Number of clauses: 124254.
c [w = 38] Number of variables: 28710.
c [w = 38] SAT Solving starts:
c [Signal] Signal interruption. Caught signal: SIGTERM (15).
c [w = 39] Start task in PID: 49537.
c [w = 39] Cyclic Antibandwidth problem with w = 39 (caterpillar_15_6.txt):
c [w = 39] Initializing CaDiCaL (version 2.1.3).
c [w = 39] Configuring CaDiCaL as --sat (1).
c [w = 39] Encoding starts with w = 39:
c [w = 39] Symmetry breaking highest degree node is applied.
c [w = 39] Encoding duration: 151 ms.
c [w = 39] Number of clauses: 125154.
c [w = 39] Number of variables: 28980.
c [w = 39] SAT Solving starts:
c [Signal] Signal interruption. Caught signal: SIGTERM (15).
c [w = 35] Start task in PID: 49540.
c [w = 35] Cyclic Antibandwidth problem with w = 35 (caterpillar_15_6.txt):
c [w = 35] Initializing CaDiCaL (version 2.1.3).
c [w = 35] Configuring CaDiCaL as --sat (1).
c [w = 35] Encoding starts with w = 35:
c [w = 35] Symmetry breaking highest degree node is applied.
c [w = 35] Encoding duration: 149 ms.
c [w = 35] Number of clauses: 121554.
c [w = 35] Number of variables: 27900.
c [w = 35] SAT Solving starts:
c [w = 35] Solving duration: 379 ms.
c [w = 35] Answer:
s [w = 35] SAT (w = 35).
c [w = 35] Solution check = 35.
c [w = 35] The solution is correct.
c [Signal] Signal interruption. Caught signal: SIGTERM (15).
c [Main] Max width SAT is set to 41.
c [Main] Kill lower pid 40.
c [Main] Kill lower pid 38.
c [Main] Kill lower pid 35.
c [Main] Kill lower pid 39.
c [Main] Kill lower pid 34.
c [Main] Kill lower pid 37.
c [w = 34] Start task in PID: 49536.
c [w = 34] Cyclic Antibandwidth problem with w = 34 (caterpillar_15_6.txt):
c [w = 34] Initializing CaDiCaL (version 2.1.3).
c [w = 34] Configuring CaDiCaL as --sat (1).
c [w = 34] Encoding starts with w = 34:
c [w = 34] Symmetry breaking highest degree node is applied.
c [w = 34] Encoding duration: 146 ms.
c [w = 34] Number of clauses: 120654.
c [w = 34] Number of variables: 27630.
c [w = 34] SAT Solving starts:
c [Signal] Signal interruption. Caught signal: SIGTERM (15).
c [w = 37] Start task in PID: 49527.
c [w = 37] Cyclic Antibandwidth problem with w = 37 (caterpillar_15_6.txt):
c [w = 37] Initializing CaDiCaL (version 2.1.3).
c [w = 37] Configuring CaDiCaL as --sat (1).
c [w = 37] Encoding starts with w = 37:
c [w = 37] Symmetry breaking highest degree node is applied.
c [w = 37] Encoding duration: 151 ms.
c [w = 37] Number of clauses: 123354.
c [w = 37] Number of variables: 28440.
c [w = 37] SAT Solving starts:
c [Signal] Signal interruption. Caught signal: SIGTERM (15).
c [w = 40] Start task in PID: 49542.
c [w = 40] Cyclic Antibandwidth problem with w = 40 (caterpillar_15_6.txt):
c [w = 40] Initializing CaDiCaL (version 2.1.3).
c [w = 40] Configuring CaDiCaL as --sat (1).
c [w = 40] Encoding starts with w = 40:
c [w = 40] Symmetry breaking highest degree node is applied.
c [Signal] Signal interruption. Caught signal: SIGTERM (15).
c [Main] Child pid 40 - 49542 terminated by signal 15.
c [Main] Child pid 37 - 49527 terminated by signal 15.
c [Main] Child pid 34 - 49536 terminated by signal 15.
c [Main] Child pid 39 - 49537 terminated by signal 15.
c [Main] Child pid 35 - 49540 terminated by signal 15.
c [Main] Child pid 38 - 49541 terminated by signal 15.
c [w = 45] Start task in PID: 49545.
c [w = 45] Cyclic Antibandwidth problem with w = 45 (caterpillar_15_6.txt):
c [w = 45] Initializing CaDiCaL (version 2.1.3).
c [w = 45] Configuring CaDiCaL as --sat (1).
c [w = 45] Encoding starts with w = 45:
c [w = 45] Symmetry breaking highest degree node is applied.
c [w = 45] Encoding duration: 82 ms.
c [w = 45] Number of clauses: 119211.
c [w = 45] Number of variables: 26820.
c [w = 45] SAT Solving starts:
c [w = 45] Solving duration: 0 ms.
c [w = 45] Answer:
s [w = 45] UNSAT (w = 45).
c [w = 45] Result: 20.
c [Main] Min width UNSAT is set to 45
c [w = 42] Start task in PID: 49543.
c [w = 42] Cyclic Antibandwidth problem with w = 42 (caterpillar_15_6.txt):
c [w = 42] Initializing CaDiCaL (version 2.1.3).
c [w = 42] Configuring CaDiCaL as --sat (1).
c [w = 42] Encoding starts with w = 42:
c [w = 42] Symmetry breaking highest degree node is applied.
c [w = 42] Encoding duration: 94 ms.
c [w = 42] Number of clauses: 127854.
c [w = 42] Number of variables: 29790.
c [w = 42] SAT Solving starts:
c [w = 42] Solving duration: 61 ms.
c [w = 42] Answer:
s [w = 42] SAT (w = 42).
c [w = 42] Solution check = 42.
c [w = 42] The solution is correct.
c [w = 42] Result: 10.
c [Main] Max width SAT is set to 42.
c [w = 44] Start task in PID: 49544.
c [w = 44] Cyclic Antibandwidth problem with w = 44 (caterpillar_15_6.txt):
c [w = 44] Initializing CaDiCaL (version 2.1.3).
c [w = 44] Configuring CaDiCaL as --sat (1).
c [w = 44] Encoding starts with w = 44:
c [w = 44] Symmetry breaking highest degree node is applied.
c [w = 44] Encoding duration: 91 ms.
c [w = 44] Number of clauses: 129654.
c [w = 44] Number of variables: 30330.
c [w = 44] SAT Solving starts:
c [w = 44] Solving duration: 254 ms.
c [w = 44] Answer:
s [w = 44] UNSAT (w = 44).
c [w = 44] Result: 20.
c [Main] Min width UNSAT is set to 44
c [w = 43] Start task in PID: 49538.
c [w = 43] Cyclic Antibandwidth problem with w = 43 (caterpillar_15_6.txt):
c [w = 43] Initializing CaDiCaL (version 2.1.3).
c [w = 43] Configuring CaDiCaL as --sat (1).
c [w = 43] Encoding starts with w = 43:
c [w = 43] Symmetry breaking highest degree node is applied.
c [w = 43] Encoding duration: 153 ms.
c [w = 43] Number of clauses: 128754.
c [w = 43] Number of variables: 30060.
c [w = 43] SAT Solving starts:
c [Signal] Signal interruption. Caught signal: SIGTERM (15).
c [Main] Lim pid ends with result: 254.
c [Main] All children have completed.
r [Main] 
r [Main] Final results: 
r [Main] Max width SAT:  	42.
r [Main] Min width UNSAT:	44.
r [Main] Total real time: 150631 ms.
r [Main] Total memory consumed: 282.1 MB.
r [Main] 
