c Cyclic Bandwidth Encoder version 1.0.0.
c Real time limit is set to 1800.
c Memory limit is set to 30000.
c Encoding and solving for graph: K-dwt__234.mtx.rnd
c Search strategy: from lower bound.
c Encoding and solving from lower bound.
c [w = 23] Start task in PID: 551697.
c [w = 23] Antibandwidth problem with w = 23 (K-dwt__234.mtx.rnd):
c [w = 23] Initializing CaDiCaL (version 2.1.3).
c [w = 23] Configuring CaDiCaL as --sat (1).
c [w = 23] Encoding starts with w = 23:
c [w = 23] Symmetry breaking highest degree node is applied.
c [w = 23] Encoding duration: 91ms
c [w = 23] Number of clauses: 222250
c [w = 23] Number of variables: 46098
c [w = 23] SAT Solving starts:
c [w = 23] Solving duration: 261 ms
c [w = 23] Answer: 
s [w = 23] SAT (w = 23)
c [w = 23] Solution check = 23.
c [w = 23] The solution is correct.
c [w = 23] Result: 10
c Search strategy: from lower bound.
c Encoding and solving from lower bound.
c [w = 24] Start task in PID: 551698.
c [w = 24] Antibandwidth problem with w = 24 (K-dwt__234.mtx.rnd):
c [w = 24] Initializing CaDiCaL (version 2.1.3).
c [w = 24] Configuring CaDiCaL as --sat (1).
c [w = 24] Encoding starts with w = 24:
c [w = 24] Symmetry breaking highest degree node is applied.
c [w = 24] Encoding duration: 90ms
c [w = 24] Number of clauses: 216886
c [w = 24] Number of variables: 44343
c [w = 24] SAT Solving starts:
c [w = 24] Solving duration: 163 ms
c [w = 24] Answer: 
s [w = 24] SAT (w = 24)
c [w = 24] Solution check = 24.
c [w = 24] The solution is correct.
c [w = 24] Result: 10
c Search strategy: from lower bound.
c Encoding and solving from lower bound.
c [w = 25] Start task in PID: 551699.
c [w = 25] Antibandwidth problem with w = 25 (K-dwt__234.mtx.rnd):
c [w = 25] Initializing CaDiCaL (version 2.1.3).
c [w = 25] Configuring CaDiCaL as --sat (1).
c [w = 25] Encoding starts with w = 25:
c [w = 25] Symmetry breaking highest degree node is applied.
c [w = 25] Encoding duration: 95ms
c [w = 25] Number of clauses: 218758
c [w = 25] Number of variables: 44928
c [w = 25] SAT Solving starts:
c [w = 25] Solving duration: 215 ms
c [w = 25] Answer: 
s [w = 25] SAT (w = 25)
c [w = 25] Solution check = 25.
c [w = 25] The solution is correct.
c [w = 25] Result: 10
c Search strategy: from lower bound.
c Encoding and solving from lower bound.
c [w = 26] Start task in PID: 551714.
c [w = 26] Antibandwidth problem with w = 26 (K-dwt__234.mtx.rnd):
c [w = 26] Initializing CaDiCaL (version 2.1.3).
c [w = 26] Configuring CaDiCaL as --sat (1).
c [w = 26] Encoding starts with w = 26:
c [w = 26] Symmetry breaking highest degree node is applied.
c [w = 26] Encoding duration: 95ms
c [w = 26] Number of clauses: 220630
c [w = 26] Number of variables: 45513
c [w = 26] SAT Solving starts:
c [w = 26] Solving duration: 282 ms
c [w = 26] Answer: 
s [w = 26] SAT (w = 26)
c [w = 26] Solution check = 26.
c [w = 26] The solution is correct.
c [w = 26] Result: 10
c Search strategy: from lower bound.
c Encoding and solving from lower bound.
c [w = 27] Start task in PID: 551716.
c [w = 27] Antibandwidth problem with w = 27 (K-dwt__234.mtx.rnd):
c [w = 27] Initializing CaDiCaL (version 2.1.3).
c [w = 27] Configuring CaDiCaL as --sat (1).
c [w = 27] Encoding starts with w = 27:
c [w = 27] Symmetry breaking highest degree node is applied.
c [w = 27] Encoding duration: 96ms
c [w = 27] Number of clauses: 222502
c [w = 27] Number of variables: 46098
c [w = 27] SAT Solving starts:
c [w = 27] Solving duration: 411 ms
c [w = 27] Answer: 
s [w = 27] SAT (w = 27)
c [w = 27] Solution check = 27.
c [w = 27] The solution is correct.
c [w = 27] Result: 10
c Search strategy: from lower bound.
c Encoding and solving from lower bound.
c [w = 28] Start task in PID: 551729.
c [w = 28] Antibandwidth problem with w = 28 (K-dwt__234.mtx.rnd):
c [w = 28] Initializing CaDiCaL (version 2.1.3).
c [w = 28] Configuring CaDiCaL as --sat (1).
c [w = 28] Encoding starts with w = 28:
c [w = 28] Symmetry breaking highest degree node is applied.
c [w = 28] Encoding duration: 96ms
c [w = 28] Number of clauses: 224374
c [w = 28] Number of variables: 46683
c [w = 28] SAT Solving starts:
c [w = 28] Solving duration: 282 ms
c [w = 28] Answer: 
s [w = 28] SAT (w = 28)
c [w = 28] Solution check = 28.
c [w = 28] The solution is correct.
c [w = 28] Result: 10
c Search strategy: from lower bound.
c Encoding and solving from lower bound.
c [w = 29] Start task in PID: 551730.
c [w = 29] Antibandwidth problem with w = 29 (K-dwt__234.mtx.rnd):
c [w = 29] Initializing CaDiCaL (version 2.1.3).
c [w = 29] Configuring CaDiCaL as --sat (1).
c [w = 29] Encoding starts with w = 29:
c [w = 29] Symmetry breaking highest degree node is applied.
c [w = 29] Encoding duration: 89ms
c [w = 29] Number of clauses: 216886
c [w = 29] Number of variables: 44226
c [w = 29] SAT Solving starts:
c [w = 29] Solving duration: 1146 ms
c [w = 29] Answer: 
s [w = 29] SAT (w = 29)
c [w = 29] Solution check = 29.
c [w = 29] The solution is correct.
c [w = 29] Result: 10
c Search strategy: from lower bound.
c Encoding and solving from lower bound.
c [w = 30] Start task in PID: 551731.
c [w = 30] Antibandwidth problem with w = 30 (K-dwt__234.mtx.rnd):
c [w = 30] Initializing CaDiCaL (version 2.1.3).
c [w = 30] Configuring CaDiCaL as --sat (1).
c [w = 30] Encoding starts with w = 30:
c [w = 30] Symmetry breaking highest degree node is applied.
c [w = 30] Encoding duration: 103ms
c [w = 30] Number of clauses: 218542
c [w = 30] Number of variables: 44694
c [w = 30] SAT Solving starts:
c [w = 30] Solving duration: 91 ms
c [w = 30] Answer: 
s [w = 30] SAT (w = 30)
c [w = 30] Solution check = 30.
c [w = 30] The solution is correct.
c [w = 30] Result: 10
c Search strategy: from lower bound.
c Encoding and solving from lower bound.
c [w = 31] Start task in PID: 551737.
c [w = 31] Antibandwidth problem with w = 31 (K-dwt__234.mtx.rnd):
c [w = 31] Initializing CaDiCaL (version 2.1.3).
c [w = 31] Configuring CaDiCaL as --sat (1).
c [w = 31] Encoding starts with w = 31:
c [w = 31] Symmetry breaking highest degree node is applied.
c [w = 31] Encoding duration: 91ms
c [w = 31] Number of clauses: 220063
c [w = 31] Number of variables: 45162
c [w = 31] SAT Solving starts:
c [w = 31] Solving duration: 520 ms
c [w = 31] Answer: 
s [w = 31] SAT (w = 31)
c [w = 31] Solution check = 31.
c [w = 31] The solution is correct.
c [w = 31] Result: 10
c Search strategy: from lower bound.
c Encoding and solving from lower bound.
c [w = 32] Start task in PID: 551738.
c [w = 32] Antibandwidth problem with w = 32 (K-dwt__234.mtx.rnd):
c [w = 32] Initializing CaDiCaL (version 2.1.3).
c [w = 32] Configuring CaDiCaL as --sat (1).
c [w = 32] Encoding starts with w = 32:
c [w = 32] Symmetry breaking highest degree node is applied.
c [w = 32] Encoding duration: 96ms
c [w = 32] Number of clauses: 221584
c [w = 32] Number of variables: 45630
c [w = 32] SAT Solving starts:
c [w = 32] Solving duration: 1643 ms
c [w = 32] Answer: 
s [w = 32] SAT (w = 32)
c [w = 32] Solution check = 32.
c [w = 32] The solution is correct.
c [w = 32] Result: 10
c Search strategy: from lower bound.
c Encoding and solving from lower bound.
c [w = 33] Start task in PID: 551752.
c [w = 33] Antibandwidth problem with w = 33 (K-dwt__234.mtx.rnd):
c [w = 33] Initializing CaDiCaL (version 2.1.3).
c [w = 33] Configuring CaDiCaL as --sat (1).
c [w = 33] Encoding starts with w = 33:
c [w = 33] Symmetry breaking highest degree node is applied.
c [w = 33] Encoding duration: 94ms
c [w = 33] Number of clauses: 223105
c [w = 33] Number of variables: 46098
c [w = 33] SAT Solving starts:
c [w = 33] Solving duration: 2176 ms
c [w = 33] Answer: 
s [w = 33] SAT (w = 33)
c [w = 33] Solution check = 33.
c [w = 33] The solution is correct.
c [w = 33] Result: 10
c Search strategy: from lower bound.
c Encoding and solving from lower bound.
c [w = 34] Start task in PID: 551765.
c [w = 34] Antibandwidth problem with w = 34 (K-dwt__234.mtx.rnd):
c [w = 34] Initializing CaDiCaL (version 2.1.3).
c [w = 34] Configuring CaDiCaL as --sat (1).
c [w = 34] Encoding starts with w = 34:
c [w = 34] Symmetry breaking highest degree node is applied.
c [w = 34] Encoding duration: 96ms
c [w = 34] Number of clauses: 224626
c [w = 34] Number of variables: 46566
c [w = 34] SAT Solving starts:
c [w = 34] Solving duration: 1439 ms
c [w = 34] Answer: 
s [w = 34] SAT (w = 34)
c [w = 34] Solution check = 34.
c [w = 34] The solution is correct.
c [w = 34] Result: 10
c Search strategy: from lower bound.
c Encoding and solving from lower bound.
c [w = 35] Start task in PID: 551776.
c [w = 35] Antibandwidth problem with w = 35 (K-dwt__234.mtx.rnd):
c [w = 35] Initializing CaDiCaL (version 2.1.3).
c [w = 35] Configuring CaDiCaL as --sat (1).
c [w = 35] Encoding starts with w = 35:
c [w = 35] Symmetry breaking highest degree node is applied.
c [w = 35] Encoding duration: 96ms
c [w = 35] Number of clauses: 226147
c [w = 35] Number of variables: 47034
c [w = 35] SAT Solving starts:
c [w = 35] Solving duration: 1985 ms
c [w = 35] Answer: 
s [w = 35] SAT (w = 35)
c [w = 35] Solution check = 35.
c [w = 35] The solution is correct.
c [w = 35] Result: 10
c Search strategy: from lower bound.
c Encoding and solving from lower bound.
c [w = 36] Start task in PID: 551806.
c [w = 36] Antibandwidth problem with w = 36 (K-dwt__234.mtx.rnd):
c [w = 36] Initializing CaDiCaL (version 2.1.3).
c [w = 36] Configuring CaDiCaL as --sat (1).
c [w = 36] Encoding starts with w = 36:
c [w = 36] Symmetry breaking highest degree node is applied.
c [w = 36] Encoding duration: 100ms
c [w = 36] Number of clauses: 227668
c [w = 36] Number of variables: 47502
c [w = 36] SAT Solving starts:
c [w = 36] Solving duration: 1907 ms
c [w = 36] Answer: 
s [w = 36] SAT (w = 36)
c [w = 36] Solution check = 36.
c [w = 36] The solution is correct.
c [w = 36] Result: 10
c Search strategy: from lower bound.
c Encoding and solving from lower bound.
c [w = 37] Start task in PID: 551812.
c [w = 37] Antibandwidth problem with w = 37 (K-dwt__234.mtx.rnd):
c [w = 37] Initializing CaDiCaL (version 2.1.3).
c [w = 37] Configuring CaDiCaL as --sat (1).
c [w = 37] Encoding starts with w = 37:
c [w = 37] Symmetry breaking highest degree node is applied.
c [w = 37] Encoding duration: 93ms
c [w = 37] Number of clauses: 229189
c [w = 37] Number of variables: 47970
c [w = 37] SAT Solving starts:
c [w = 37] Solving duration: 266 ms
c [w = 37] Answer: 
s [w = 37] SAT (w = 37)
c [w = 37] Solution check = 37.
c [w = 37] The solution is correct.
c [w = 37] Result: 10
c Search strategy: from lower bound.
c Encoding and solving from lower bound.
c [w = 38] Start task in PID: 551813.
c [w = 38] Antibandwidth problem with w = 38 (K-dwt__234.mtx.rnd):
c [w = 38] Initializing CaDiCaL (version 2.1.3).
c [w = 38] Configuring CaDiCaL as --sat (1).
c [w = 38] Encoding starts with w = 38:
c [w = 38] Symmetry breaking highest degree node is applied.
c [w = 38] Encoding duration: 97ms
c [w = 38] Number of clauses: 230710
c [w = 38] Number of variables: 48438
c [w = 38] SAT Solving starts:
c [w = 38] Solving duration: 195 ms
c [w = 38] Answer: 
s [w = 38] SAT (w = 38)
c [w = 38] Solution check = 38.
c [w = 38] The solution is correct.
c [w = 38] Result: 10
c Search strategy: from lower bound.
c Encoding and solving from lower bound.
c [w = 39] Start task in PID: 551814.
c [w = 39] Antibandwidth problem with w = 39 (K-dwt__234.mtx.rnd):
c [w = 39] Initializing CaDiCaL (version 2.1.3).
c [w = 39] Configuring CaDiCaL as --sat (1).
c [w = 39] Encoding starts with w = 39:
c [w = 39] Symmetry breaking highest degree node is applied.
c [w = 39] Encoding duration: 91ms
c [w = 39] Number of clauses: 219613
c [w = 39] Number of variables: 44694
c [w = 39] SAT Solving starts:
c [w = 39] Solving duration: 10745 ms
c [w = 39] Answer: 
s [w = 39] SAT (w = 39)
c [w = 39] Solution check = 39.
c [w = 39] The solution is correct.
c [w = 39] Result: 10
c Search strategy: from lower bound.
c Encoding and solving from lower bound.
c [w = 40] Start task in PID: 551876.
c [w = 40] Antibandwidth problem with w = 40 (K-dwt__234.mtx.rnd):
c [w = 40] Initializing CaDiCaL (version 2.1.3).
c [w = 40] Configuring CaDiCaL as --sat (1).
c [w = 40] Encoding starts with w = 40:
c [w = 40] Symmetry breaking highest degree node is applied.
c [w = 40] Encoding duration: 92ms
c [w = 40] Number of clauses: 220783
c [w = 40] Number of variables: 45045
c [w = 40] SAT Solving starts:
c [w = 40] Solving duration: 9419 ms
c [w = 40] Answer: 
s [w = 40] SAT (w = 40)
c [w = 40] Solution check = 40.
c [w = 40] The solution is correct.
c [w = 40] Result: 10
c Search strategy: from lower bound.
c Encoding and solving from lower bound.
c [w = 41] Start task in PID: 551940.
c [w = 41] Antibandwidth problem with w = 41 (K-dwt__234.mtx.rnd):
c [w = 41] Initializing CaDiCaL (version 2.1.3).
c [w = 41] Configuring CaDiCaL as --sat (1).
c [w = 41] Encoding starts with w = 41:
c [w = 41] Symmetry breaking highest degree node is applied.
c [w = 41] Encoding duration: 94ms
c [w = 41] Number of clauses: 221953
c [w = 41] Number of variables: 45396
c [w = 41] SAT Solving starts:
c [w = 41] Solving duration: 36460 ms
c [w = 41] Answer: 
s [w = 41] SAT (w = 41)
c [w = 41] Solution check = 41.
c [w = 41] The solution is correct.
c [w = 41] Result: 10
c Search strategy: from lower bound.
c Encoding and solving from lower bound.
c [w = 42] Start task in PID: 552047.
c [w = 42] Antibandwidth problem with w = 42 (K-dwt__234.mtx.rnd):
c [w = 42] Initializing CaDiCaL (version 2.1.3).
c [w = 42] Configuring CaDiCaL as --sat (1).
c [w = 42] Encoding starts with w = 42:
c [w = 42] Symmetry breaking highest degree node is applied.
c [w = 42] Encoding duration: 94ms
c [w = 42] Number of clauses: 223123
c [w = 42] Number of variables: 45747
c [w = 42] SAT Solving starts:
c [w = 42] Solving duration: 18101 ms
c [w = 42] Answer: 
s [w = 42] SAT (w = 42)
c [w = 42] Solution check = 42.
c [w = 42] The solution is correct.
c [w = 42] Result: 10
c Search strategy: from lower bound.
c Encoding and solving from lower bound.
c [w = 43] Start task in PID: 552110.
c [w = 43] Antibandwidth problem with w = 43 (K-dwt__234.mtx.rnd):
c [w = 43] Initializing CaDiCaL (version 2.1.3).
c [w = 43] Configuring CaDiCaL as --sat (1).
c [w = 43] Encoding starts with w = 43:
c [w = 43] Symmetry breaking highest degree node is applied.
c [w = 43] Encoding duration: 91ms
c [w = 43] Number of clauses: 224293
c [w = 43] Number of variables: 46098
c [w = 43] SAT Solving starts:
c [w = 43] Solving duration: 2472 ms
c [w = 43] Answer: 
s [w = 43] SAT (w = 43)
c [w = 43] Solution check = 43.
c [w = 43] The solution is correct.
c [w = 43] Result: 10
c Search strategy: from lower bound.
c Encoding and solving from lower bound.
c [w = 44] Start task in PID: 552160.
c [w = 44] Antibandwidth problem with w = 44 (K-dwt__234.mtx.rnd):
c [w = 44] Initializing CaDiCaL (version 2.1.3).
c [w = 44] Configuring CaDiCaL as --sat (1).
c [w = 44] Encoding starts with w = 44:
c [w = 44] Symmetry breaking highest degree node is applied.
c [w = 44] Encoding duration: 97ms
c [w = 44] Number of clauses: 225463
c [w = 44] Number of variables: 46449
c [w = 44] SAT Solving starts:
c [w = 44] Solving duration: 18727 ms
c [w = 44] Answer: 
s [w = 44] SAT (w = 44)
c [w = 44] Solution check = 44.
c [w = 44] The solution is correct.
c [w = 44] Result: 10
c Search strategy: from lower bound.
c Encoding and solving from lower bound.
c [w = 45] Start task in PID: 552252.
c [w = 45] Antibandwidth problem with w = 45 (K-dwt__234.mtx.rnd):
c [w = 45] Initializing CaDiCaL (version 2.1.3).
c [w = 45] Configuring CaDiCaL as --sat (1).
c [w = 45] Encoding starts with w = 45:
c [w = 45] Symmetry breaking highest degree node is applied.
c [w = 45] Encoding duration: 99ms
c [w = 45] Number of clauses: 226633
c [w = 45] Number of variables: 46800
c Search strategy: from lower bound.
c Encoding and solving from lower bound.
c [Lim] Sampler:	Memory: 68 MB	Real time: 10s	Elapsed time: 10s
c [Lim] Sampler:	Memory: 66.9 MB	Real time: 20s	Elapsed time: 20s
c [Lim] Sampler:	Memory: 86.2 MB	Real time: 30.0001s	Elapsed time: 30.0001s
c [Lim] Sampler:	Memory: 78 MB	Real time: 40s	Elapsed time: 40s
c [Lim] Sampler:	Memory: 92.6 MB	Real time: 49.9998s	Elapsed time: 49.9998s
c [Lim] Sampler:	Memory: 115.3 MB	Real time: 59.9997s	Elapsed time: 59.9997s
c [Lim] Sampler:	Memory: 105.1 MB	Real time: 69.9995s	Elapsed time: 69.9995s
c [Lim] Sampler:	Memory: 80.4 MB	Real time: 79.9994s	Elapsed time: 79.9994s
c [Lim] Sampler:	Memory: 95.6 MB	Real time: 89.9992s	Elapsed time: 89.9992s
c [Lim] Sampler:	Memory: 90.6 MB	Real time: 99.999s	Elapsed time: 99.999s
c [Lim] Sampler:	Memory: 92.1 MB	Real time: 109.999s	Elapsed time: 109.999s
c [Lim] Sampler:	Memory: 80.7 MB	Real time: 119.999s	Elapsed time: 119.999s
c [Lim] Sampler:	Memory: 90.1 MB	Real time: 129.999s	Elapsed time: 129.999s
c [Lim] Sampler:	Memory: 87.5 MB	Real time: 139.999s	Elapsed time: 139.999s
c [Lim] Sampler:	Memory: 87.5 MB	Real time: 150s	Elapsed time: 150s
c [Lim] Sampler:	Memory: 107.9 MB	Real time: 160.001s	Elapsed time: 160.001s
c [Lim] Sampler:	Memory: 86 MB	Real time: 170.001s	Elapsed time: 170.001s
c [Lim] Sampler:	Memory: 98.3 MB	Real time: 180.002s	Elapsed time: 180.002s
c [Lim] Sampler:	Memory: 98.6 MB	Real time: 190.002s	Elapsed time: 190.002s
c [Lim] Sampler:	Memory: 103.2 MB	Real time: 200.003s	Elapsed time: 200.003s
c [Lim] Sampler:	Memory: 125.1 MB	Real time: 210.004s	Elapsed time: 210.004s
c [Lim] Sampler:	Memory: 127.1 MB	Real time: 220.004s	Elapsed time: 220.004s
c [Lim] Sampler:	Memory: 114.8 MB	Real time: 230.005s	Elapsed time: 230.005s
c [Lim] Sampler:	Memory: 107.4 MB	Real time: 240.005s	Elapsed time: 240.005s
c [Lim] Sampler:	Memory: 130.7 MB	Real time: 250.006s	Elapsed time: 250.006s
c [Lim] Sampler:	Memory: 143.3 MB	Real time: 260.007s	Elapsed time: 260.007s
c [Lim] Sampler:	Memory: 143.6 MB	Real time: 270.007s	Elapsed time: 270.007s
c [Lim] Sampler:	Memory: 143.6 MB	Real time: 280.008s	Elapsed time: 280.008s
c [Lim] Sampler:	Memory: 183.5 MB	Real time: 290.008s	Elapsed time: 290.008s
c [Lim] Sampler:	Memory: 155.3 MB	Real time: 300.009s	Elapsed time: 300.009s
c [Lim] Sampler:	Memory: 184.3 MB	Real time: 310.01s	Elapsed time: 310.01s
c [Lim] Sampler:	Memory: 161.6 MB	Real time: 320.01s	Elapsed time: 320.01s
c [Lim] Sampler:	Memory: 161.7 MB	Real time: 330.011s	Elapsed time: 330.011s
c [Lim] Sampler:	Memory: 164.3 MB	Real time: 340.012s	Elapsed time: 340.012s
c [Lim] Sampler:	Memory: 226.3 MB	Real time: 350.012s	Elapsed time: 350.012s
c [Lim] Sampler:	Memory: 175 MB	Real time: 360.013s	Elapsed time: 360.013s
c [Lim] Sampler:	Memory: 219.4 MB	Real time: 370.013s	Elapsed time: 370.013s
c [Lim] Sampler:	Memory: 175 MB	Real time: 380.014s	Elapsed time: 380.014s
c [Lim] Sampler:	Memory: 175 MB	Real time: 390.015s	Elapsed time: 390.015s
c [Lim] Sampler:	Memory: 175 MB	Real time: 400.015s	Elapsed time: 400.015s
c [Lim] Sampler:	Memory: 175 MB	Real time: 410.016s	Elapsed time: 410.016s
c [Lim] Sampler:	Memory: 185.5 MB	Real time: 420.016s	Elapsed time: 420.016s
c [Lim] Sampler:	Memory: 167.6 MB	Real time: 430.017s	Elapsed time: 430.017s
c [Lim] Sampler:	Memory: 136.9 MB	Real time: 440.018s	Elapsed time: 440.018s
c [Lim] Sampler:	Memory: 153.1 MB	Real time: 450.018s	Elapsed time: 450.018s
c [Lim] Sampler:	Memory: 160.5 MB	Real time: 460.019s	Elapsed time: 460.019s
c [Lim] Sampler:	Memory: 196.7 MB	Real time: 470.019s	Elapsed time: 470.019s
c [Lim] Sampler:	Memory: 160.7 MB	Real time: 480.02s	Elapsed time: 480.02s
c [Lim] Sampler:	Memory: 160.7 MB	Real time: 490.021s	Elapsed time: 490.021s
c [Lim] Sampler:	Memory: 160.7 MB	Real time: 500.021s	Elapsed time: 500.021s
c [Lim] Sampler:	Memory: 184.9 MB	Real time: 510.022s	Elapsed time: 510.022s
c [Lim] Sampler:	Memory: 184.9 MB	Real time: 520.02s	Elapsed time: 520.02s
c [Lim] Sampler:	Memory: 152.4 MB	Real time: 530.018s	Elapsed time: 530.018s
c [Lim] Sampler:	c [w = 45] SAT Solving starts:
c [w = 45] Solving duration: 930136 ms
c [w = 45] Answer: 
s [w = 45] SAT (w = 45)
c [w = 45] Solution check = 45.
c [w = 45] The solution is correct.
c [w = 45] Result: 10
c Search strategy: from lower bound.
c Encoding and solving from lower bound.
c [w = 46] Start task in PID: 553981.
c [w = 46] Antibandwidth problem with w = 46 (K-dwt__234.mtx.rnd):
c [w = 46] Initializing CaDiCaL (version 2.1.3).
c [w = 46] Configuring CaDiCaL as --sat (1).
c [w = 46] Encoding starts with w = 46:
c [w = 46] Symmetry breaking highest degree node is applied.
c [w = 46] Encoding duration: 97ms
c [w = 46] Number of clauses: 227803
c [w = 46] Number of variables: 47151
Memory: 142 MB	Real time: 540.015s	Elapsed time: 540.015s
c [Lim] Sampler:	Memory: 162 MB	Real time: 550.013s	Elapsed time: 550.013s
c [Lim] Sampler:	Memory: 162 MB	Real time: 560.01s	Elapsed time: 560.01s
c [Lim] Sampler:	Memory: 217.2 MB	Real time: 570.008s	Elapsed time: 570.008s
c [Lim] Sampler:	Memory: 211.9 MB	Real time: 580.005s	Elapsed time: 580.005s
c [Lim] Sampler:	Memory: 221 MB	Real time: 590.003s	Elapsed time: 590.003s
c [Lim] Sampler:	Memory: 162 MB	Real time: 600.001s	Elapsed time: 600.001s
c [Lim] Sampler:	Memory: 162 MB	Real time: 609.998s	Elapsed time: 609.998s
c [Lim] Sampler:	Memory: 206.8 MB	Real time: 619.996s	Elapsed time: 619.996s
c [Lim] Sampler:	Memory: 174.6 MB	Real time: 629.993s	Elapsed time: 629.993s
c [Lim] Sampler:	Memory: 174.6 MB	Real time: 639.991s	Elapsed time: 639.991s
c [Lim] Sampler:	Memory: 206.9 MB	Real time: 649.988s	Elapsed time: 649.988s
c [Lim] Sampler:	Memory: 217.5 MB	Real time: 659.986s	Elapsed time: 659.986s
c [Lim] Sampler:	Memory: 174.7 MB	Real time: 669.983s	Elapsed time: 669.983s
c [Lim] Sampler:	Memory: 190.2 MB	Real time: 679.981s	Elapsed time: 679.981s
c [Lim] Sampler:	Memory: 190.2 MB	Real time: 689.979s	Elapsed time: 689.979s
c [Lim] Sampler:	Memory: 190.2 MB	Real time: 699.976s	Elapsed time: 699.976s
c [Lim] Sampler:	Memory: 153.3 MB	Real time: 709.974s	Elapsed time: 709.974s
c [Lim] Sampler:	Memory: 153.3 MB	Real time: 719.971s	Elapsed time: 719.971s
c [Lim] Sampler:	Memory: 151.5 MB	Real time: 729.969s	Elapsed time: 729.969s
c [Lim] Sampler:	Memory: 141.8 MB	Real time: 739.966s	Elapsed time: 739.966s
c [Lim] Sampler:	Memory: 168.6 MB	Real time: 749.964s	Elapsed time: 749.964s
c [Lim] Sampler:	Memory: 168.6 MB	Real time: 759.961s	Elapsed time: 759.961s
c [Lim] Sampler:	Memory: 221.8 MB	Real time: 769.959s	Elapsed time: 769.959s
c [Lim] Sampler:	Memory: 226.7 MB	Real time: 779.957s	Elapsed time: 779.957s
c [Lim] Sampler:	Memory: 226.7 MB	Real time: 789.954s	Elapsed time: 789.954s
c [Lim] Sampler:	Memory: 226.3 MB	Real time: 799.952s	Elapsed time: 799.952s
c [Lim] Sampler:	Memory: 213.5 MB	Real time: 809.949s	Elapsed time: 809.949s
c [Lim] Sampler:	Memory: 206.4 MB	Real time: 819.947s	Elapsed time: 819.947s
c [Lim] Sampler:	Memory: 188.8 MB	Real time: 829.944s	Elapsed time: 829.944s
c [Lim] Sampler:	Memory: 188.8 MB	Real time: 839.942s	Elapsed time: 839.942s
c [Lim] Sampler:	Memory: 227.3 MB	Real time: 849.94s	Elapsed time: 849.94s
c [Lim] Sampler:	Memory: 189 MB	Real time: 859.937s	Elapsed time: 859.937s
c [Lim] Sampler:	Memory: 236.5 MB	Real time: 869.935s	Elapsed time: 869.935s
c [Lim] Sampler:	Memory: 266.8 MB	Real time: 879.932s	Elapsed time: 879.932s
c [Lim] Sampler:	Memory: 266.8 MB	Real time: 889.93s	Elapsed time: 889.93s
c [Lim] Sampler:	Memory: 258.6 MB	Real time: 899.927s	Elapsed time: 899.927s
c [Lim] Sampler:	Memory: 258.6 MB	Real time: 909.925s	Elapsed time: 909.925s
c [Lim] Sampler:	Memory: 264.7 MB	Real time: 919.922s	Elapsed time: 919.922s
c [Lim] Sampler:	Memory: 189 MB	Real time: 929.92s	Elapsed time: 929.92s
c [Lim] Sampler:	Memory: 189 MB	Real time: 939.918s	Elapsed time: 939.918s
c [Lim] Sampler:	Memory: 230.3 MB	Real time: 949.915s	Elapsed time: 949.915s
c [Lim] Sampler:	Memory: 189 MB	Real time: 959.913s	Elapsed time: 959.913s
c [Lim] Sampler:	Memory: 198.8 MB	Real time: 969.91s	Elapsed time: 969.91s
c [Lim] Sampler:	Memory: 198.8 MB	Real time: 979.908s	Elapsed time: 979.908s
c [Lim] Sampler:	Memory: 317.6 MB	Real time: 989.905s	Elapsed time: 989.905s
c [Lim] Sampler:	Memory: 318.6 MB	Real time: 999.903s	Elapsed time: 999.903s
c [Lim] Sampler:	Memory: 248.9 MB	Real time: 1009.9s	Elapsed time: 1009.9s
c [Lim] Sampler:	Memory: 206.6 MB	Real time: 1019.9s	Elapsed time: 1019.9s
c [Lim] Sampler:	Memory: 226.8 MB	Real time: 1029.9s	Elapsed time: 1029.9s
c [Lim] Sampler:	Memory: 67.1 MB	Real time: 1039.89s	Elapsed time: 1039.89s
c [Lim] Sampler:	Memory: 76.9 MB	Real time: 1049.89s	Elapsed time: 1049.89s
c [Lim] Sampler:	Memory: 92.9 MB	Real time: 1059.89s	Elapsed time: 1059.89s
c [Lim] Sampler:	Memory: 80 MB	Real time: 1069.89s	Elapsed time: 1069.8c [w = 46] SAT Solving starts:
c [w = 46] Solving duration: 40608 ms
c [w = 46] Answer: 
s [w = 46] SAT (w = 46)
c [w = 46] Solution check = 46.
c [w = 46] The solution is correct.
c [w = 46] Result: 10
c Search strategy: from lower bound.
c Encoding and solving from lower bound.
c [w = 47] Start task in PID: 554095.
c [w = 47] Antibandwidth problem with w = 47 (K-dwt__234.mtx.rnd):
c [w = 47] Initializing CaDiCaL (version 2.1.3).
c [w = 47] Configuring CaDiCaL as --sat (1).
c [w = 47] Encoding starts with w = 47:
c [w = 47] Symmetry breaking highest degree node is applied.
c [w = 47] Encoding duration: 95ms
c [w = 47] Number of clauses: 228973
c [w = 47] Number of variables: 47502
9s
c [Lim] Sampler:	Memory: 67.2 MB	Real time: 1079.88s	Elapsed time: 1079.88s
c [Lim] Sampler:	Memory: 85.2 MB	Real time: 1089.88s	Elapsed time: 1089.88s
c [Lim] Sampler:	Memory: 103.3 MB	Real time: 1099.88s	Elapsed time: 1099.88s
c [Lim] Sampler:	Memory: 108.2 MB	Real time: 1109.88s	Elapsed time: 1109.88s
c [Lim] Sampler:	Memory: 101.9 MB	Real time: 1119.87s	Elapsed time: 1119.87s
c [Lim] Sampler:	Memory: 131.1 MB	Real time: 1129.87s	Elapsed time: 1129.87s
c [Lim] Sampler:	Memory: 128.5 MB	Real time: 1139.87s	Elapsed time: 1139.87s
c [Lim] Sampler:	Memory: 128.5 MB	Real time: 1149.87s	Elapsed time: 1149.87s
c [Lim] Sampler:	Memory: 128.5 MB	Real time: 1159.86s	Elapsed time: 1159.86s
c [Lim] Sampler:	Memory: 128.5 MB	Real time: 1169.86s	Elapsed time: 1169.86s
c [Lim] Sampler:	Memory: 133.8 MB	Real time: 1179.86s	Elapsed time: 1179.86s
c [Lim] Sampler:	Memory: 163.1 MB	Real time: 1189.86s	Elapsed time: 1189.86s
c [Lim] Sampler:	Memory: 136.4 MB	Real time: 1199.85s	Elapsed time: 1199.85s
c [Lim] Sampler:	Memory: 159.9 MB	Real time: 1209.85s	Elapsed time: 1209.85s
c [Lim] Sampler:	Memory: 160.2 MB	Real time: 1219.85s	Elapsed time: 1219.85s
c [Lim] Sampler:	Memory: 160.2 MB	Real time: 1229.85s	Elapsed time: 1229.85s
c [Lim] Sampler:	Memory: 167.4 MB	Real time: 1239.84s	Elapsed time: 1239.84s
c [Lim] Sampler:	Memory: 127.6 MB	Real time: 1249.84s	Elapsed time: 1249.84s
c [Lim] Sampler:	Memory: 155.6 MB	Real time: 1259.84s	Elapsed time: 1259.84s
c [Lim] Sampler:	Memory: 155.6 MB	Real time: 1269.84s	Elapsed time: 1269.84s
c [Lim] Sampler:	Memory: 155.6 MB	Real time: 1279.83s	Elapsed time: 1279.83s
c [Lim] Sampler:	Memory: 155.6 MB	Real time: 1289.83s	Elapsed time: 1289.83s
c [Lim] Sampler:	Memory: 155.6 MB	Real time: 1299.83s	Elapsed time: 1299.83s
c [Lim] Sampler:	Memory: 155.6 MB	Real time: 1309.83s	Elapsed time: 1309.83s
c [Lim] Sampler:	Memory: 207.1 MB	Real time: 1319.82s	Elapsed time: 1319.82s
c [Lim] Sampler:	Memory: 216.9 MB	Real time: 1329.82s	Elapsed time: 1329.82s
c [Lim] Sampler:	Memory: 155.7 MB	Real time: 1339.82s	Elapsed time: 1339.82s
c [Lim] Sampler:	Memory: 155.7 MB	Real time: 1349.82s	Elapsed time: 1349.82s
c [Lim] Sampler:	Memory: 291.5 MB	Real time: 1359.82s	Elapsed time: 1359.82s
c [Lim] Sampler:	Memory: 283 MB	Real time: 1369.81s	Elapsed time: 1369.81s
c [Lim] Sampler:	Memory: 244.2 MB	Real time: 1379.81s	Elapsed time: 1379.81s
c [Lim] Sampler:	Memory: 192.9 MB	Real time: 1389.81s	Elapsed time: 1389.81s
c [Lim] Sampler:	Memory: 192.9 MB	Real time: 1399.81s	Elapsed time: 1399.81s
c [Lim] Sampler:	Memory: 192.9 MB	Real time: 1409.8s	Elapsed time: 1409.8s
c [Lim] Sampler:	Memory: 192.9 MB	Real time: 1419.8s	Elapsed time: 1419.8s
c [Lim] Sampler:	Memory: 192.9 MB	Real time: 1429.8s	Elapsed time: 1429.8s
c [Lim] Sampler:	Memory: 192.9 MB	Real time: 1439.8s	Elapsed time: 1439.8s
c [Lim] Sampler:	Memory: 192.9 MB	Real time: 1449.79s	Elapsed time: 1449.79s
c [Lim] Sampler:	Memory: 192.9 MB	Real time: 1459.79s	Elapsed time: 1459.79s
c [Lim] Sampler:	Memory: 192.9 MB	Real time: 1469.79s	Elapsed time: 1469.79s
c [Lim] Sampler:	Memory: 146.3 MB	Real time: 1479.79s	Elapsed time: 1479.79s
c [Lim] Sampler:	Memory: 201.6 MB	Real time: 1489.78s	Elapsed time: 1489.78s
c [Lim] Sampler:	Memory: 176.4 MB	Real time: 1499.78s	Elapsed time: 1499.78s
c [Lim] Sampler:	Memory: 157 MB	Real time: 1509.78s	Elapsed time: 1509.78s
c [Lim] Sampler:	Memory: 157 MB	Real time: 1519.78s	Elapsed time: 1519.78s
c [Lim] Sampler:	Memory: 164.8 MB	Real time: 1529.77s	Elapsed time: 1529.77s
c [Lim] Sampler:	Memory: 164.8 MB	Real time: 1539.77s	Elapsed time: 1539.77s
c [Lim] Sampler:	Memory: 164.8 MB	Real time: 1549.77s	Elapsed time: 1549.77s
c [Lim] Sampler:	Memory: 165.8 MB	Real time: 1559.77s	Elapsed time: 1559.77s
c [Lim] Sampler:	Memory: 119.8 MB	Real time: 1569.76s	Elapsed time: 1569.76s
c [Lim] Sampler:	Memory: 166.6 MB	Real time: 1579.76s	Elapsed time: 1579.76s
c [Lim] Sampler:	Memory: 166.6 MB	Real time: 1589.76s	Elapsed time: 1589.76s
c [Lim] Sampler:	Memory: 185.7 MB	Real time: 1599.76s	Elapsed time: 1599.76s
c [Lim] Sampler:	Memory: 178 MB	Real time: 1609.75s	Elapsed time: 1609.75s
c [Lim] Sampler:	Memory: 182.4 MB	Real time: 1619.75s	Elapsed time: 1619.75s
c [Lim] Sampler:	Memory: 166.7 MB	Real time: 1629.75s	Elapsed time: 1629.75s
c [Lim] Sampler:	Memory: 166.7 MB	Real time: 1639.75s	Elapsed time: 1639.75s
c [Lim] Sampler:	Memory: 198.3 MB	Real time: 1649.74s	Elapsed time: 1649.74s
c [Lim] Sampler:	Memory: 188.9 MB	Real time: 1659.74s	Elapsed time: 1659.74s
c [Lim] Sampler:	Memory: 213.1 MB	Real time: 1669.74s	Elapsed time: 1669.74s
c [Lim] Sampler:	Memory: 180.5 MB	Real time: 1679.74s	Elapsed time: 1679.74s
c [Lim] Sampler:	Memory: 172.6 MB	Real time: 1689.73s	Elapsed time: 1689.73s
c [Lim] Sampler:	Memory: 202.2 MB	Real time: 1699.73s	Elapsed time: 1699.73s
c [Lim] Sampler:	Memory: 191.2 MB	Real time: 1709.73s	Elapsed time: 1709.73s
c [Lim] Sampler:	Memory: 172.5 MB	Real time: 1719.73s	Elapsed time: 1719.73s
c [Lim] Sampler:	Memory: 172.5 MB	Real time: 1729.72s	Elapsed time: 1729.72s
c [Lim] Sampler:	Memory: 150.5 MB	Real time: 1739.72s	Elapsed time: 1739.72s
c [Lim] Sampler:	Memory: 150.5 MB	Real time: 1749.72s	Elapsed time: 1749.72s
c [Lim] Sampler:	Memory: 179 MB	Real time: 1759.72s	Elapsed time: 1759.72s
c [Lim] Sampler:	Memory: 179 MB	Real time: 1769.71s	Elapsed time: 1769.71s
c [Lim] Sampler:	Memory: 227 MB	Real time: 1779.71s	Elapsed time: 1779.71s
c [Lim] Sampler:	Memory: 179.2 MB	Real time: 1789.71s	Elapsed time: 1789.71s
c [Lim] Sampler:	Memory: 183.7 MB	Real time: 1799.71s	Elapsed time: 1799.71s
c [w = 47] SAT Solving starts:
c Signal interruption. Caught signal: SIGTERM (15)
c Search strategy: from lower bound.
c Encoding and solving from lower bound.
c [Lim] End with result: 254
c All children have completed.
r
r Final results: 
r Max width SAT:  	46
r Min width UNSAT:	-
r Total real time: 1806026 ms
r Total memory consumed 355.4 MB
r
r
