c Cyclic Bandwidth Encoder version 1.0.0.
c Real time limit is set to 1800.
c Memory limit is set to 30000.
c Encoding and solving for graph: M-bcsstk06.mtx.rnd
c Search strategy: from lower bound.
c Encoding and solving from lower bound.
c [w = 14] Start task in PID: 555097.
c [w = 14] Antibandwidth problem with w = 14 (M-bcsstk06.mtx.rnd):
c [w = 14] Initializing CaDiCaL (version 2.1.3).
c [w = 14] Configuring CaDiCaL as --sat (1).
c [w = 14] Encoding starts with w = 14:
c [w = 14] Symmetry breaking highest degree node is applied.
c [w = 14] Encoding duration: 3729ms
c [w = 14] Number of clauses: 7812990
c [w = 14] Number of variables: 524160
c [w = 14] SAT Solving starts:
c [w = 14] Solving duration: 1568 ms
c [w = 14] Answer: 
s [w = 14] SAT (w = 14)
c [w = 14] Solution check = 14.
c [w = 14] The solution is correct.
c [w = 14] Result: 10
c Search strategy: from lower bound.
c Encoding and solving from lower bound.
c [w = 15] Start task in PID: 555126.
c [w = 15] Antibandwidth problem with w = 15 (M-bcsstk06.mtx.rnd):
c [w = 15] Initializing CaDiCaL (version 2.1.3).
c [w = 15] Configuring CaDiCaL as --sat (1).
c [w = 15] Encoding starts with w = 15:
c [w = 15] Symmetry breaking highest degree node is applied.
c [w = 15] Encoding duration: 3321ms
c [w = 15] Number of clauses: 7818510
c [w = 15] Number of variables: 526680
c [w = 15] SAT Solving starts:
c [w = 15] Solving duration: 1527 ms
c [w = 15] Answer: 
s [w = 15] SAT (w = 15)
c [w = 15] Solution check = 15.
c [w = 15] The solution is correct.
c [w = 15] Result: 10
c Search strategy: from lower bound.
c Encoding and solving from lower bound.
c [w = 16] Start task in PID: 555169.
c [w = 16] Antibandwidth problem with w = 16 (M-bcsstk06.mtx.rnd):
c [w = 16] Initializing CaDiCaL (version 2.1.3).
c [w = 16] Configuring CaDiCaL as --sat (1).
c [w = 16] Encoding starts with w = 16:
c [w = 16] Symmetry breaking highest degree node is applied.
c [w = 16] Encoding duration: 3379ms
c [w = 16] Number of clauses: 7837230
c [w = 16] Number of variables: 532980
c [w = 16] SAT Solving starts:
c [w = 16] Solving duration: 1879 ms
c [w = 16] Answer: 
s [w = 16] SAT (w = 16)
c [w = 16] Solution check = 16.
c [w = 16] The solution is correct.
c [w = 16] Result: 10
c Search strategy: from lower bound.
c Encoding and solving from lower bound.
c [w = 17] Start task in PID: 555205.
c [w = 17] Antibandwidth problem with w = 17 (M-bcsstk06.mtx.rnd):
c [w = 17] Initializing CaDiCaL (version 2.1.3).
c [w = 17] Configuring CaDiCaL as --sat (1).
c [w = 17] Encoding starts with w = 17:
c [w = 17] Symmetry breaking highest degree node is applied.
c [w = 17] Encoding duration: 3185ms
c [w = 17] Number of clauses: 7836450
c [w = 17] Number of variables: 532560
c [w = 17] SAT Solving starts:
c [w = 17] Solving duration: 13024 ms
c [w = 17] Answer: 
s [w = 17] SAT (w = 17)
c [w = 17] Solution check = 17.
c [w = 17] The solution is correct.
c [w = 17] Result: 10
c Search strategy: from lower bound.
c Encoding and solving from lower bound.
c [w = 18] Start task in PID: 555256.
c [w = 18] Antibandwidth problem with w = 18 (M-bcsstk06.mtx.rnd):
c [w = 18] Initializing CaDiCaL (version 2.1.3).
c [w = 18] Configuring CaDiCaL as --sat (1).
c [w = 18] Encoding starts with w = 18:
c [w = 18] Symmetry breaking highest degree node is applied.
c [w = 18] Encoding duration: 3372ms
c [w = 18] Number of clauses: 7850130
c [w = 18] Number of variables: 536760
c [w = 18] SAT Solving starts:
c [w = 18] Solving duration: 1762 ms
c [w = 18] Answer: 
s [w = 18] SAT (w = 18)
c [w = 18] Solution check = 18.
c [w = 18] The solution is correct.
c [w = 18] Result: 10
c Search strategy: from lower bound.
c Encoding and solving from lower bound.
c [w = 19] Start task in PID: 555298.
c [w = 19] Antibandwidth problem with w = 19 (M-bcsstk06.mtx.rnd):
c [w = 19] Initializing CaDiCaL (version 2.1.3).
c [w = 19] Configuring CaDiCaL as --sat (1).
c [w = 19] Encoding starts with w = 19:
c [w = 19] Symmetry breaking highest degree node is applied.
c [w = 19] Encoding duration: 3276ms
c [w = 19] Number of clauses: 7861710
c [w = 19] Number of variables: 540120
c [w = 19] SAT Solving starts:
c [w = 19] Solving duration: 1794 ms
c [w = 19] Answer: 
s [w = 19] SAT (w = 19)
c [w = 19] Solution check = 19.
c [w = 19] The solution is correct.
c [w = 19] Result: 10
c Search strategy: from lower bound.
c Encoding and solving from lower bound.
c [w = 20] Start task in PID: 555338.
c [w = 20] Antibandwidth problem with w = 20 (M-bcsstk06.mtx.rnd):
c [w = 20] Initializing CaDiCaL (version 2.1.3).
c [w = 20] Configuring CaDiCaL as --sat (1).
c [w = 20] Encoding starts with w = 20:
c [w = 20] Symmetry breaking highest degree node is applied.
c [w = 20] Encoding duration: 3461ms
c [w = 20] Number of clauses: 7851690
c [w = 20] Number of variables: 535500
c [w = 20] SAT Solving starts:
c [w = 20] Solving duration: 1532 ms
c [w = 20] Answer: 
s [w = 20] SAT (w = 20)
c [w = 20] Solution check = 20.
c [w = 20] The solution is correct.
c [w = 20] Result: 10
c Search strategy: from lower bound.
c Encoding and solving from lower bound.
c [w = 21] Start task in PID: 555368.
c [w = 21] Antibandwidth problem with w = 21 (M-bcsstk06.mtx.rnd):
c [w = 21] Initializing CaDiCaL (version 2.1.3).
c [w = 21] Configuring CaDiCaL as --sat (1).
c [w = 21] Encoding starts with w = 21:
c [w = 21] Symmetry breaking highest degree node is applied.
c [w = 21] Encoding duration: 3366ms
c [w = 21] Number of clauses: 7858230
c [w = 21] Number of variables: 536760
c [w = 21] SAT Solving starts:
c [w = 21] Solving duration: 1848 ms
c [w = 21] Answer: 
s [w = 21] SAT (w = 21)
c [w = 21] Solution check = 21.
c [w = 21] The solution is correct.
c [w = 21] Result: 10
c Search strategy: from lower bound.
c Encoding and solving from lower bound.
c [w = 22] Start task in PID: 555396.
c [w = 22] Antibandwidth problem with w = 22 (M-bcsstk06.mtx.rnd):
c [w = 22] Initializing CaDiCaL (version 2.1.3).
c [w = 22] Configuring CaDiCaL as --sat (1).
c [w = 22] Encoding starts with w = 22:
c [w = 22] Symmetry breaking highest degree node is applied.
c [w = 22] Encoding duration: 3357ms
c [w = 22] Number of clauses: 7883850
c [w = 22] Number of variables: 545160
c [w = 22] SAT Solving starts:
c [w = 22] Solving duration: 1831 ms
c [w = 22] Answer: 
s [w = 22] SAT (w = 22)
c [w = 22] Solution check = 22.
c [w = 22] The solution is correct.
c [w = 22] Result: 10
c Search strategy: from lower bound.
c Encoding and solving from lower bound.
c [w = 23] Start task in PID: 555421.
c [w = 23] Antibandwidth problem with w = 23 (M-bcsstk06.mtx.rnd):
c [w = 23] Initializing CaDiCaL (version 2.1.3).
c [w = 23] Configuring CaDiCaL as --sat (1).
c [w = 23] Encoding starts with w = 23:
c [w = 23] Symmetry breaking highest degree node is applied.
c [w = 23] Encoding duration: 3298ms
c [w = 23] Number of clauses: 7887030
c [w = 23] Number of variables: 545160
c [w = 23] SAT Solving starts:
c [w = 23] Solving duration: 1420 ms
c [w = 23] Answer: 
s [w = 23] SAT (w = 23)
c [w = 23] Solution check = 23.
c [w = 23] The solution is correct.
c [w = 23] Result: 10
c Search strategy: from lower bound.
c Encoding and solving from lower bound.
c [w = 24] Start task in PID: 555461.
c [w = 24] Antibandwidth problem with w = 24 (M-bcsstk06.mtx.rnd):
c [w = 24] Initializing CaDiCaL (version 2.1.3).
c [w = 24] Configuring CaDiCaL as --sat (1).
c [w = 24] Encoding starts with w = 24:
c [w = 24] Symmetry breaking highest degree node is applied.
c [w = 24] Encoding duration: 3261ms
c [w = 24] Number of clauses: 7888110
c [w = 24] Number of variables: 544320
c [w = 24] SAT Solving starts:
c [w = 24] Solving duration: 1862 ms
c [w = 24] Answer: 
s [w = 24] SAT (w = 24)
c [w = 24] Solution check = 24.
c [w = 24] The solution is correct.
c [w = 24] Result: 10
c Search strategy: from lower bound.
c Encoding and solving from lower bound.
c [w = 25] Start task in PID: 555497.
c [w = 25] Antibandwidth problem with w = 25 (M-bcsstk06.mtx.rnd):
c [w = 25] Initializing CaDiCaL (version 2.1.3).
c [w = 25] Configuring CaDiCaL as --sat (1).
c [w = 25] Encoding starts with w = 25:
c [w = 25] Symmetry breaking highest degree node is applied.
c [w = 25] Encoding duration: 3299ms
c [w = 25] Number of clauses: 7887090
c [w = 25] Number of variables: 542640
c [w = 25] SAT Solving starts:
c [w = 25] Solving duration: 1870 ms
c [w = 25] Answer: 
s [w = 25] SAT (w = 25)
c [w = 25] Solution check = 25.
c [w = 25] The solution is correct.
c [w = 25] Result: 10
c Search strategy: from lower bound.
c Encoding and solving from lower bound.
c [w = 26] Start task in PID: 555527.
c [w = 26] Antibandwidth problem with w = 26 (M-bcsstk06.mtx.rnd):
c [w = 26] Initializing CaDiCaL (version 2.1.3).
c [w = 26] Configuring CaDiCaL as --sat (1).
c [w = 26] Encoding starts with w = 26:
c [w = 26] Symmetry breaking highest degree node is applied.
c [w = 26] Encoding duration: 3468ms
c [w = 26] Number of clauses: 7908930
c [w = 26] Number of variables: 549780
c [w = 26] SAT Solving starts:
c [w = 26] Solving duration: 4694 ms
c [w = 26] Answer: 
s [w = 26] SAT (w = 26)
c [w = 26] Solution check = 26.
c [w = 26] The solution is correct.
c [w = 26] Result: 10
c Search strategy: from lower bound.
c Encoding and solving from lower bound.
c [w = 27] Start task in PID: 555582.
c [w = 27] Antibandwidth problem with w = 27 (M-bcsstk06.mtx.rnd):
c [w = 27] Initializing CaDiCaL (version 2.1.3).
c [w = 27] Configuring CaDiCaL as --sat (1).
c [w = 27] Encoding starts with w = 27:
c [w = 27] Symmetry breaking highest degree node is applied.
c [w = 27] Encoding duration: 3360ms
c [w = 27] Number of clauses: 7904550
c [w = 27] Number of variables: 546840
c [w = 27] SAT Solving starts:
c [w = 27] Solving duration: 50600 ms
c [w = 27] Answer: 
s [w = 27] SAT (w = 27)
c [w = 27] Solution check = 27.
c [w = 27] The solution is correct.
c [w = 27] Result: 10
c Search strategy: from lower bound.
c Encoding and solving from lower bound.
c [w = 28] Start task in PID: 556319.
c [w = 28] Antibandwidth problem with w = 28 (M-bcsstk06.mtx.rnd):
c [w = 28] Initializing CaDiCaL (version 2.1.3).
c [w = 28] Configuring CaDiCaL as --sat (1).
c [w = 28] Encoding starts with w = 28:
c [w = 28] Symmetry breaking highest degree node is applied.
c [w = 28] Encoding duration: 3334ms
c [w = 28] Number of clauses: 7898070
c [w = 28] Number of variables: 543060
c [w = 28] SAT Solving starts:
c [w = 28] Solving duration: 4668 ms
c [w = 28] Answer: 
s [w = 28] SAT (w = 28)
c [w = 28] Solution check = 28.
c [w = 28] The solution is correct.
c [w = 28] Result: 10
c Search strategy: from lower bound.
c Encoding and solving from lower bound.
c [w = 29] Start task in PID: 556374.
c [w = 29] Antibandwidth problem with w = 29 (M-bcsstk06.mtx.rnd):
c [w = 29] Initializing CaDiCaL (version 2.1.3).
c [w = 29] Configuring CaDiCaL as --sat (1).
c [w = 29] Encoding starts with w = 29:
c [w = 29] Symmetry breaking highest degree node is applied.
c [w = 29] Encoding duration: 3379ms
c [w = 29] Number of clauses: 7917390
c [w = 29] Number of variables: 549360
c [w = 29] SAT Solving starts:
c [w = 29] Solving duration: 47166 ms
c [w = 29] Answer: 
s [w = 29] SAT (w = 29)
c [w = 29] Solution check = 29.
c [w = 29] The solution is correct.
c [w = 29] Result: 10
c Search strategy: from lower bound.
c Encoding and solving from lower bound.
c [w = 30] Start task in PID: 556426.
c [w = 30] Antibandwidth problem with w = 30 (M-bcsstk06.mtx.rnd):
c [w = 30] Initializing CaDiCaL (version 2.1.3).
c [w = 30] Configuring CaDiCaL as --sat (1).
c [w = 30] Encoding starts with w = 30:
c [w = 30] Symmetry breaking highest degree node is applied.
c [w = 30] Encoding duration: 3253ms
c [w = 30] Number of clauses: 7907550
c [w = 30] Number of variables: 544320
c [w = 30] SAT Solving starts:
c [w = 30] Solving duration: 12133 ms
c [w = 30] Answer: 
s [w = 30] SAT (w = 30)
c [w = 30] Solution check = 30.
c [w = 30] The solution is correct.
c [w = 30] Result: 10
c Search strategy: from lower bound.
c Encoding and solving from lower bound.
c [w = 31] Start task in PID: 556475.
c [w = 31] Antibandwidth problem with w = 31 (M-bcsstk06.mtx.rnd):
c [w = 31] Initializing CaDiCaL (version 2.1.3).
c [w = 31] Configuring CaDiCaL as --sat (1).
c [w = 31] Encoding starts with w = 31:
c [w = 31] Symmetry breaking highest degree node is applied.
c [w = 31] Encoding duration: 3386ms
c [w = 31] Number of clauses: 7925610
c [w = 31] Number of variables: 550200
c [w = 31] SAT Solving starts:
c [w = 31] Solving duration: 61634 ms
c [w = 31] Answer: 
s [w = 31] SAT (w = 31)
c [w = 31] Solution check = 31.
c [w = 31] The solution is correct.
c [w = 31] Result: 10
c Search strategy: from lower bound.
c Encoding and solving from lower bound.
c [w = 32] Start task in PID: 556535.
c [w = 32] Antibandwidth problem with w = 32 (M-bcsstk06.mtx.rnd):
c [w = 32] Initializing CaDiCaL (version 2.1.3).
c [w = 32] Configuring CaDiCaL as --sat (1).
c [w = 32] Encoding starts with w = 32:
c [w = 32] Symmetry breaking highest degree node is applied.
c [w = 32] Encoding duration: 3490ms
c [w = 32] Number of clauses: 7943670
c [w = 32] Number of variables: 556080
c [w = 32] SAT Solving starts:
c [w = 32] Solving duration: 60662 ms
c [w = 32] Answer: 
s [w = 32] SAT (w = 32)
c [w = 32] Solution check = 32.
c [w = 32] The solution is correct.
c [w = 32] Result: 10
c Search strategy: from lower bound.
c Encoding and solving from lower bound.
c [w = 33] Start task in PID: 556595.
c [w = 33] Antibandwidth problem with w = 33 (M-bcsstk06.mtx.rnd):
c [w = 33] Initializing CaDiCaL (version 2.1.3).
c [w = 33] Configuring CaDiCaL as --sat (1).
c [w = 33] Encoding starts with w = 33:
c [w = 33] Symmetry breaking highest degree node is applied.
c [w = 33] Encoding duration: 3384ms
c [w = 33] Number of clauses: 7929210
c [w = 33] Number of variables: 549360
c Search strategy: from lower bound.
c Encoding and solving from lower bound.
c [Lim] Sampler:	Memory: 1310.9 MB	Real time: 10s	Elapsed time: 10s
c [Lim] Sampler:	Memory: 573.9 MB	Real time: 20s	Elapsed time: 20s
c [Lim] Sampler:	Memory: 1563.6 MB	Real time: 30.0001s	Elapsed time: 30.0001s
c [Lim] Sampler:	Memory: 1327.2 MB	Real time: 40s	Elapsed time: 40s
c [Lim] Sampler:	Memory: 777.5 MB	Real time: 49.9998s	Elapsed time: 49.9998s
c [Lim] Sampler:	Memory: 1152 MB	Real time: 59.9997s	Elapsed time: 59.9997s
c [Lim] Sampler:	Memory: 1398.6 MB	Real time: 69.9995s	Elapsed time: 69.9995s
c [Lim] Sampler:	Memory: 797 MB	Real time: 79.9994s	Elapsed time: 79.9994s
c [Lim] Sampler:	Memory: 1402.9 MB	Real time: 89.9992s	Elapsed time: 89.9992s
c [Lim] Sampler:	Memory: 1647.3 MB	Real time: 99.999s	Elapsed time: 99.999s
c [Lim] Sampler:	Memory: 1649.8 MB	Real time: 109.999s	Elapsed time: 109.999s
c [Lim] Sampler:	Memory: 1694.1 MB	Real time: 119.999s	Elapsed time: 119.999s
c [Lim] Sampler:	Memory: 1651.3 MB	Real time: 129.999s	Elapsed time: 129.999s
c [Lim] Sampler:	Memory: 1677.7 MB	Real time: 139.999s	Elapsed time: 139.999s
c [Lim] Sampler:	Memory: 881.9 MB	Real time: 150s	Elapsed time: 150s
c [Lim] Sampler:	Memory: 1331.1 MB	Real time: 160.001s	Elapsed time: 160.001s
c [Lim] Sampler:	Memory: 1644.6 MB	Real time: 170.001s	Elapsed time: 170.001s
c [Lim] Sampler:	Memory: 1692.8 MB	Real time: 180.002s	Elapsed time: 180.002s
c [Lim] Sampler:	Memory: 1646.5 MB	Real time: 190.002s	Elapsed time: 190.002s
c [Lim] Sampler:	Memory: 1674.7 MB	Real time: 200.003s	Elapsed time: 200.003s
c [Lim] Sampler:	Memory: 875.8 MB	Real time: 210.004s	Elapsed time: 210.004s
c [Lim] Sampler:	Memory: 1672.2 MB	Real time: 220.004s	Elapsed time: 220.004s
c [Lim] Sampler:	Memory: 1517.2 MB	Real time: 230.005s	Elapsed time: 230.005s
c [Lim] Sampler:	Memory: 1650.8 MB	Real time: 240.005s	Elapsed time: 240.005s
c [Lim] Sampler:	Memory: 1692.9 MB	Real time: 250.006s	Elapsed time: 250.006s
c [Lim] Sampler:	Memory: 1704.8 MB	Real time: 260.007s	Elapsed time: 260.007s
c [Lim] Sampler:	Memory: 1693.8 MB	Real time: 270.007s	Elapsed time: 270.007s
c [Lim] Sampler:	Memory: 1655.2 MB	Real time: 280.008s	Elapsed time: 280.008s
c [Lim] Sampler:	Memory: 6.2 MB	Real time: 290.008s	Elapsed time: 290.008s
c [Lim] Sampler:	Memory: 1650.5 MB	Real time: 300.009s	Elapsed time: 300.009s
c [Lim] Sampler:	Memory: 1694.5 MB	Real time: 310.01s	Elapsed time: 310.01s
c [Lim] Sampler:	Memory: 1695.6 MB	Real time: 320.01s	Elapsed time: 320.01s
c [Lim] Sampler:	Memory: 1714 MB	Real time: 330.011s	Elapsed time: 330.011s
c [Lim] Sampler:	Memory: 1714.1 MB	Real time: 340.012s	Elapsed time: 340.012s
c [Lim] Sampler:	Memory: 1714.2 MB	Real time: 350.012s	Elapsed time: 350.012s
c [Lim] Sampler:	Memory: 1401.7 MB	Real time: 360.013s	Elapsed time: 360.013s
c [Lim] Sampler:	Memory: 1646.2 MB	Real time: 370.013s	Elapsed time: 370.013s
c [Lim] Sampler:	Memory: 1692.3 MB	Real time: 380.014s	Elapsed time: 380.014s
c [Lim] Sampler:	Memory: 1664.1 MB	Real time: 390.015s	Elapsed time: 390.015s
c [Lim] Sampler:	Memory: 1677.6 MB	Real time: 400.015s	Elapsed time: 400.015s
c [Lim] Sampler:	Memory: 1647.6 MB	Real time: 410.016s	Elapsed time: 410.016s
c [Lim] Sampler:	Memory: 1651.8 MB	Real time: 420.016s	Elapsed time: 420.016s
c [Lim] Sampler:	Memory: 1984.1 MB	Real time: 430.017s	Elapsed time: 430.017s
c [Lim] Sampler:	Memory: 1651.1 MB	Real time: 440.018s	Elapsed time: 440.018s
c [Lim] Sampler:	Memory: 1653.4 MB	Real time: 450.018s	Elapsed time: 450.018s
c [Lim] Sampler:	Memory: 1690.4 MB	Real time: 460.019s	Elapsed time: 460.019s
c [Lim] Sampler:	Memory: 1939.4 MB	Real time: 470.019s	Elapsed time: 470.019s
c [Lim] Sampler:	Memory: 1686.8 MB	Real time: 480.02s	Elapsed time: 480.02s
c [Lim] Sampler:	Memory: 1930.7 MB	Real time: 490.021s	Elapsed time: 490.021s
c [Lim] Sampler:	Memory: 1686.2 MB	Real time: 500.021s	Elapsed time: 500.021s
c [Lim] Sampler:	Memory: 1865.5 MB	Real time: 510.022s	Elapsed time: 510.022s
c [Lim] Sampler:	Memory: 1690.3 MB	Real time: 520.02s	Elapsed time: 520.02s
c [Lim] Sampler:	Memory:c [w = 33] SAT Solving starts:
c [w = 33] Solving duration: 468045 ms
c [w = 33] Answer: 
s [w = 33] SAT (w = 33)
c [w = 33] Solution check = 33.
c [w = 33] The solution is correct.
c [w = 33] Result: 10
c Search strategy: from lower bound.
c Encoding and solving from lower bound.
c [w = 34] Start task in PID: 557412.
c [w = 34] Antibandwidth problem with w = 34 (M-bcsstk06.mtx.rnd):
c [w = 34] Initializing CaDiCaL (version 2.1.3).
c [w = 34] Configuring CaDiCaL as --sat (1).
c [w = 34] Encoding starts with w = 34:
c [w = 34] Symmetry breaking highest degree node is applied.
c [w = 34] Encoding duration: 3304ms
c [w = 34] Number of clauses: 7946010
c [w = 34] Number of variables: 554820
 1696.2 MB	Real time: 530.018s	Elapsed time: 530.018s
c [Lim] Sampler:	Memory: 1920.4 MB	Real time: 540.015s	Elapsed time: 540.015s
c [Lim] Sampler:	Memory: 1632.2 MB	Real time: 550.013s	Elapsed time: 550.013s
c [Lim] Sampler:	Memory: 1698.4 MB	Real time: 560.01s	Elapsed time: 560.01s
c [Lim] Sampler:	Memory: 1665.1 MB	Real time: 570.008s	Elapsed time: 570.008s
c [Lim] Sampler:	Memory: 1665.8 MB	Real time: 580.005s	Elapsed time: 580.005s
c [Lim] Sampler:	Memory: 1663.9 MB	Real time: 590.003s	Elapsed time: 590.003s
c [Lim] Sampler:	Memory: 1707.8 MB	Real time: 600.001s	Elapsed time: 600.001s
c [Lim] Sampler:	Memory: 1707.2 MB	Real time: 609.998s	Elapsed time: 609.998s
c [Lim] Sampler:	Memory: 1704.7 MB	Real time: 619.996s	Elapsed time: 619.996s
c [Lim] Sampler:	Memory: 1665.8 MB	Real time: 629.993s	Elapsed time: 629.993s
c [Lim] Sampler:	Memory: 1668.1 MB	Real time: 639.991s	Elapsed time: 639.991s
c [Lim] Sampler:	Memory: 1671.8 MB	Real time: 649.988s	Elapsed time: 649.988s
c [Lim] Sampler:	Memory: 1688.1 MB	Real time: 659.986s	Elapsed time: 659.986s
c [Lim] Sampler:	Memory: 1667.9 MB	Real time: 669.983s	Elapsed time: 669.983s
c [Lim] Sampler:	Memory: 1668.7 MB	Real time: 679.981s	Elapsed time: 679.981s
c [Lim] Sampler:	Memory: 1676.6 MB	Real time: 689.979s	Elapsed time: 689.979s
c [Lim] Sampler:	Memory: 1673.8 MB	Real time: 699.976s	Elapsed time: 699.976s
c [Lim] Sampler:	Memory: 1673.6 MB	Real time: 709.974s	Elapsed time: 709.974s
c [Lim] Sampler:	Memory: 1673.7 MB	Real time: 719.971s	Elapsed time: 719.971s
c [Lim] Sampler:	Memory: 1675.6 MB	Real time: 729.969s	Elapsed time: 729.969s
c [Lim] Sampler:	Memory: 1674.8 MB	Real time: 739.966s	Elapsed time: 739.966s
c [Lim] Sampler:	Memory: 1736.5 MB	Real time: 749.964s	Elapsed time: 749.964s
c [Lim] Sampler:	Memory: 1688.2 MB	Real time: 759.961s	Elapsed time: 759.961s
c [Lim] Sampler:	Memory: 1696.2 MB	Real time: 769.959s	Elapsed time: 769.959s
c [Lim] Sampler:	Memory: 1696 MB	Real time: 779.957s	Elapsed time: 779.957s
c [Lim] Sampler:	Memory: 1719.6 MB	Real time: 789.954s	Elapsed time: 789.954s
c [Lim] Sampler:	Memory: 1670 MB	Real time: 799.952s	Elapsed time: 799.952s
c [Lim] Sampler:	Memory: 1670 MB	Real time: 809.949s	Elapsed time: 809.949s
c [Lim] Sampler:	Memory: 1722.6 MB	Real time: 819.947s	Elapsed time: 819.947s
c [Lim] Sampler:	Memory: 1406.2 MB	Real time: 829.944s	Elapsed time: 829.944s
c [Lim] Sampler:	Memory: 1651.2 MB	Real time: 839.942s	Elapsed time: 839.942s
c [Lim] Sampler:	Memory: 1695.1 MB	Real time: 849.94s	Elapsed time: 849.94s
c [Lim] Sampler:	Memory: 1714.9 MB	Real time: 859.937s	Elapsed time: 859.937s
c [Lim] Sampler:	Memory: 1715.2 MB	Real time: 869.935s	Elapsed time: 869.935s
c [Lim] Sampler:	Memory: 1714.1 MB	Real time: 879.932s	Elapsed time: 879.932s
c [Lim] Sampler:	Memory: 1715.9 MB	Real time: 889.93s	Elapsed time: 889.93s
c [Lim] Sampler:	Memory: 1716.3 MB	Real time: 899.927s	Elapsed time: 899.927s
c [Lim] Sampler:	Memory: 1715.9 MB	Real time: 909.925s	Elapsed time: 909.925s
c [Lim] Sampler:	Memory: 1714 MB	Real time: 919.922s	Elapsed time: 919.922s
c [Lim] Sampler:	Memory: 1715.3 MB	Real time: 929.92s	Elapsed time: 929.92s
c [Lim] Sampler:	Memory: 1718 MB	Real time: 939.918s	Elapsed time: 939.918s
c [Lim] Sampler:	Memory: 1965 MB	Real time: 949.915s	Elapsed time: 949.915s
c [Lim] Sampler:	Memory: 1719.8 MB	Real time: 959.913s	Elapsed time: 959.913s
c [Lim] Sampler:	Memory: 1719.4 MB	Real time: 969.91s	Elapsed time: 969.91s
c [Lim] Sampler:	Memory: 1717.5 MB	Real time: 979.908s	Elapsed time: 979.908s
c [Lim] Sampler:	Memory: 1719.4 MB	Real time: 989.905s	Elapsed time: 989.905s
c [Lim] Sampler:	Memory: 1717.6 MB	Real time: 999.903s	Elapsed time: 999.903s
c [Lim] Sampler:	Memory: 1964.5 MB	Real time: 1009.9s	Elapsed time: 1009.9s
c [Lim] Sampler:	Memory: 1719.2 MB	Real time: 1019.9s	Elapsed time: 1019.9s
c [Lim] Sampler:	Memory: 1723.7 MB	Real time: 1029.9s	Elapsed time: 1029.9s
c [Lim] Sampler:	Memory: 1724.3 MB	Real time: 1039.89s	Elapsed time: 1039.89s
c [Lim] Sampler:	Memory: 1722.3 MB	Real time: 1049.89s	Elapsed time: 1049.89s
c [Lim] Sampler:	Memory: 1722.6 MB	Real time: 1059.89s	Elapsed time: 1059.89s
c [Lim] Sampler:	Memory: 1724.2 MB	Real time: 1069.89s	Elapsed time: 1069.89s
c [Lim] Sampler:	Memory: 1725.6 MB	Real time: 1079.88s	Elapsed time: 1079.88s
c [Lim] Sampler:	Memory: 1725.6 MB	Real time: 1089.88s	Elapsed time: 1089.88s
c [Lim] Sampler:	Memory: 1725.5 MB	Real time: 1099.88s	Elapsed time: 1099.88s
c [Lim] Sampler:	Memory: 1725.5 MB	Real time: 1109.88s	Elapsed time: 1109.88s
c [Lim] Sampler:	Memory: 1727.2 MB	Real time: 1119.87s	Elapsed time: 1119.87s
c [Lim] Sampler:	Memory: 1689.2 MB	Real time: 1129.87s	Elapsed time: 1129.87s
c [Lim] Sampler:	Memory: 1688.6 MB	Real time: 1139.87s	Elapsed time: 1139.87s
c [Lim] Sampler:	Memory: 1734.8 MB	Real time: 1149.87s	Elapsed time: 1149.87s
c [Lim] Sampler:	Memory: 1726.4 MB	Real time: 1159.86s	Elapsed time: 1159.86s
c [Lim] Sampler:	Memory: 1731.1 MB	Real time: 1169.86s	Elapsed time: 1169.86s
c [Lim] Sampler:	Memory: 1729.8 MB	Real time: 1179.86s	Elapsed time: 1179.86s
c [Lim] Sampler:	Memory: 1684.6 MB	Real time: 1189.86s	Elapsed time: 1189.86s
c [Lim] Sampler:	Memory: 1693.2 MB	Real time: 1199.85s	Elapsed time: 1199.85s
c [Lim] Sampler:	Memory: 1706.4 MB	Real time: 1209.85s	Elapsed time: 1209.85s
c [Lim] Sampler:	Memory: 1706.4 MB	Real time: 1219.85s	Elapsed time: 1219.85s
c [Lim] Sampler:	Memory: 1735.6 MB	Real time: 1229.85s	Elapsed time: 1229.85s
c [Lim] Sampler:	Memory: 1730.2 MB	Real time: 1239.84s	Elapsed time: 1239.84s
c [Lim] Sampler:	Memory: 1731.1 MB	Real time: 1249.84s	Elapsed time: 1249.84s
c [Lim] Sampler:	Memory: 1731 MB	Real time: 1259.84s	Elapsed time: 1259.84s
c [Lim] Sampler:	Memory: 1731 MB	Real time: 1269.84s	Elapsed time: 1269.84s
c [Lim] Sampler:	Memory: 1724.3 MB	Real time: 1279.83s	Elapsed time: 1279.83s
c [Lim] Sampler:	Memory: 1725.1 MB	Real time: 1289.83s	Elapsed time: 1289.83s
c [Lim] Sampler:	Memory: 1731.7 MB	Real time: 1299.83s	Elapsed time: 1299.83s
c [Lim] Sampler:	Memory: 1728.3 MB	Real time: 1309.83s	Elapsed time: 1309.83s
c [Lim] Sampler:	Memory: 1730.2 MB	Real time: 1319.82s	Elapsed time: 1319.82s
c [Lim] Sampler:	Memory: 1992.5 MB	Real time: 1329.82s	Elapsed time: 1329.82s
c [Lim] Sampler:	Memory: 1737.8 MB	Real time: 1339.82s	Elapsed time: 1339.82s
c [Lim] Sampler:	Memory: 1695.6 MB	Real time: 1349.82s	Elapsed time: 1349.82s
c [Lim] Sampler:	Memory: 1737.7 MB	Real time: 1359.82s	Elapsed time: 1359.82s
c [Lim] Sampler:	Memory: 1736 MB	Real time: 1369.81s	Elapsed time: 1369.81s
c [Lim] Sampler:	Memory: 1733.8 MB	Real time: 1379.81s	Elapsed time: 1379.81s
c [Lim] Sampler:	Memory: 1733.8 MB	Real time: 1389.81s	Elapsed time: 1389.81s
c [Lim] Sampler:	Memory: 1691.8 MB	Real time: 1399.81s	Elapsed time: 1399.81s
c [Lim] Sampler:	Memory: 1689.7 MB	Real time: 1409.8s	Elapsed time: 1409.8s
c [Lim] Sampler:	Memory: 1692.9 MB	Real time: 1419.8s	Elapsed time: 1419.8s
c [Lim] Sampler:	Memory: 1709.1 MB	Real time: 1429.8s	Elapsed time: 1429.8s
c [Lim] Sampler:	Memory: 1692.1 MB	Real time: 1439.8s	Elapsed time: 1439.8s
c [Lim] Sampler:	Memory: 1692.1 MB	Real time: 1449.79s	Elapsed time: 1449.79s
c [Lim] Sampler:	Memory: 1738.7 MB	Real time: 1459.79s	Elapsed time: 1459.79s
c [Lim] Sampler:	Memory: 1688.9 MB	Real time: 1469.79s	Elapsed time: 1469.79s
c [Lim] Sampler:	Memory: 1692.5 MB	Real time: 1479.79s	Elapsed time: 1479.79s
c [Lim] Sampler:	Memory: 1692.5 MB	Real time: 1489.78s	Elapsed time: 1489.78s
c [Lim] Sampler:	Memory: 1704.3 MB	Real time: 1499.78s	Elapsed time: 1499.78s
c [Lim] Sampler:	Memory: 1759.1 MB	Real time: 1509.78s	Elapsed time: 1509.78s
c [Lim] Sampler:	Memory: 1664.7 MB	Real time: 1519.78s	Elapsed time: 1519.78s
c [Lim] Sampler:	Memory: 1723.5 MB	Real time: 1529.77s	Elapsed time: 1529.77s
c [Lim] Sampler:	Memory: 1723.2 MB	Real time: 1539.77s	Elapsed time: 1539.77s
c [Lim] Sampler:	Memory: 1719.7 MB	Real time: 1549.77s	Elapsed time: 1549.77s
c [Lim] Sampler:	Memory: 1704.4 MB	Real time: 1559.77s	Elapsed time: 1559.77s
c [Lim] Sampler:	Memory: 1696.4 MB	Real time: 1569.76s	Elapsed time: 1569.76s
c [Lim] Sampler:	Memory: 2020.3 MB	Real time: 1579.76s	Elapsed time: 1579.76s
c [Lim] Sampler:	Memory: 1696.4 MB	Real time: 1589.76s	Elapsed time: 1589.76s
c [Lim] Sampler:	Memory: 1694.7 MB	Real time: 1599.76s	Elapsed time: 1599.76s
c [Lim] Sampler:	Memory: 1955.5 MB	Real time: 1609.75s	Elapsed time: 1609.75s
c [Lim] Sampler:	Memory: 1694.2 MB	Real time: 1619.75s	Elapsed time: 1619.75s
c [Lim] Sampler:	Memory: 1695 MB	Real time: 1629.75s	Elapsed time: 1629.75s
c [Lim] Sampler:	Memory: 1736.9 MB	Real time: 1639.75s	Elapsed time: 1639.75s
c [Lim] Sampler:	Memory: 1721.2 MB	Real time: 1649.74s	Elapsed time: 1649.74s
c [Lim] Sampler:	Memory: 1722.3 MB	Real time: 1659.74s	Elapsed time: 1659.74s
c [Lim] Sampler:	Memory: 1722.5 MB	Real time: 1669.74s	Elapsed time: 1669.74s
c [Lim] Sampler:	Memory: 1730 MB	Real time: 1679.74s	Elapsed time: 1679.74s
c [Lim] Sampler:	Memory: 1730 MB	Real time: 1689.73s	Elapsed time: 1689.73s
c [Lim] Sampler:	Memory: 1730 MB	Real time: 1699.73s	Elapsed time: 1699.73s
c [Lim] Sampler:	Memory: 1739.9 MB	Real time: 1709.73s	Elapsed time: 1709.73s
c [Lim] Sampler:	Memory: 1739.9 MB	Real time: 1719.73s	Elapsed time: 1719.73s
c [Lim] Sampler:	Memory: 1723 MB	Real time: 1729.72s	Elapsed time: 1729.72s
c [Lim] Sampler:	Memory: 1721.3 MB	Real time: 1739.72s	Elapsed time: 1739.72s
c [Lim] Sampler:	Memory: 1736.4 MB	Real time: 1749.72s	Elapsed time: 1749.72s
c [Lim] Sampler:	Memory: 1737.1 MB	Real time: 1759.72s	Elapsed time: 1759.72s
c [Lim] Sampler:	Memory: 1737.1 MB	Real time: 1769.71s	Elapsed time: 1769.71s
c [Lim] Sampler:	Memory: 1748.7 MB	Real time: 1779.71s	Elapsed time: 1779.71s
c [Lim] Sampler:	Memory: 1743.5 MB	Real time: 1789.71s	Elapsed time: 1789.71s
c [Lim] Sampler:	Memory: 1743.5 MB	Real time: 1799.71s	Elapsed time: 1799.71s
c [w = 34] SAT Solving starts:
c Signal interruption. Caught signal: SIGTERM (15)
c Search strategy: from lower bound.
c Encoding and solving from lower bound.
c [Lim] End with result: 254
c All children have completed.
r
r Final results: 
r Max width SAT:  	33
r Min width UNSAT:	-
r Total real time: 1806108 ms
r Total memory consumed: 2078.9 MB
r
r
