c [Version] Cyclic Bandwidth Encoder version 1.0.0.
c [Param] Real time limit is set to 1800.
c [Param] Memory limit is set to 30000.
c [Param] Worker count is set to 4.
c [Main] Encoding and solving for graph: p34_200_2000.
c [Main] Search strategy: Binary search from upper bound.
c [Main] No predefined lower bound is found for p34_200_2000.
c [Main] LB-w = 2 (default value).
c [Main] No predefined upper bound is found for p34_200_2000.
c [Main] UB-w = 100 (default value calculated as n/2).
c [Main] Search order: 51 76 88 94 97 99 100 98 95 96 91 92 93 89 90 82 85 86 87 83 84 79 80 81 77 78 63 69 72 74 75 73 70 71 66 67 68 64 65 57 60 61 62 58 59 54 55 56 52 53 26 38 44 47 49 50 48 45 46 41 42 43 39 40 32 35 36 37 33 34 29 30 31 27 28 13 19 22 24 25 23 20 21 16 17 18 14 15 7 10 11 12 8 9 4 5 6 2 3.
c [w = 88] Start task in PID: 14379.
c [w = 88] Cyclic Antibandwidth problem with w = 88 (p34_200_2000):
c [w = 88] Initializing CaDiCaL (version 2.1.3).
c [w = 88] Configuring CaDiCaL as --sat (1).
c [w = 88] Encoding starts with w = 88:
c [w = 88] Symmetry breaking highest degree node is applied.
c [w = 88] Encoding duration: 1446 ms.
c [w = 88] Number of clauses: 2048700.
c [w = 88] Number of variables: 141800.
c [w = 88] SAT Solving starts:
c [w = 88] Solving duration: 21 ms.
c [w = 88] Answer:
s [w = 88] UNSAT (w = 88).
c [w = 88] Result: 20.
c [w = 76] Start task in PID: 14378.
c [w = 76] Cyclic Antibandwidth problem with w = 76 (p34_200_2000):
c [w = 76] Initializing CaDiCaL (version 2.1.3).
c [w = 76] Configuring CaDiCaL as --sat (1).
c [w = 76] Encoding starts with w = 76:
c [w = 76] Symmetry breaking highest degree node is applied.
c [w = 76] Encoding duration: 1460 ms.
c [w = 76] Number of clauses: 2024700.
c [w = 76] Number of variables: 134600.
c [w = 76] SAT Solving starts:
c [w = 76] Solving duration: 21 ms.
c [w = 76] Answer:
s [w = 76] UNSAT (w = 76).
c [w = 76] Result: 20.
c [w = 51] Start task in PID: 14377.
c [w = 51] Cyclic Antibandwidth problem with w = 51 (p34_200_2000):
c [w = 51] Initializing CaDiCaL (version 2.1.3).
c [w = 51] Configuring CaDiCaL as --sat (1).
c [w = 51] Encoding starts with w = 51:
c [w = 51] Symmetry breaking highest degree node is applied.
c [w = 51] Encoding duration: 1405 ms.
c [w = 51] Number of clauses: 1998300.
c [w = 51] Number of variables: 129200.
c [w = 51] SAT Solving starts:
c [w = 51] Solving duration: 79 ms.
c [w = 51] Answer:
s [w = 51] UNSAT (w = 51).
c [w = 51] Result: 20.
c [Main] Min width UNSAT is set to 88
c [Main] Kill higher pid 94.
c [w = 94] Start task in PID: 14380.
c [w = 94] Cyclic Antibandwidth problem with w = 94 (p34_200_2000):
c [w = 94] Initializing CaDiCaL (version 2.1.3).
c [w = 94] Configuring CaDiCaL as --sat (1).
c [w = 94] Encoding starts with w = 94:
c [w = 94] Symmetry breaking highest degree node is applied.
c [w = 94] Encoding duration: 1492 ms.
c [w = 94] Number of clauses: 2060700.
c [w = 94] Number of variables: 145400.
c [w = 94] SAT Solving starts:
c [w = 94] Solving duration: 24 ms.
c [w = 94] Answer:
s [w = 94] UNSAT (w = 94).
c [Signal] Signal interruption. Caught signal: SIGTERM (15).
c [Main] Min width UNSAT is set to 76
c [Main] Kill higher pid 82.
c [Main] Kill higher pid 94.
c [w = 82] Start task in PID: 14381.
c [w = 82] Cyclic Antibandwidth problem with w = 82 (p34_200_2000):
c [w = 82] Initializing CaDiCaL (version 2.1.3).
c [w = 82] Configuring CaDiCaL as --sat (1).
c [w = 82] Encoding starts with w = 82:
c [w = 82] Symmetry breaking highest degree node is applied.
c [Signal] Signal interruption. Caught signal: SIGTERM (15).
c [Main] Child pid 82 - 14381 terminated by signal 15.
c [Main] Min width UNSAT is set to 51
c [Main] Kill higher pid 69.
c [Main] Kill higher pid 63.
c [Main] Kill higher pid 94.
c [w = 63] Start task in PID: 14382.
c [w = 63] Cyclic Antibandwidth problem with w = 63 (p34_200_2000):
c [w = 63] Initializing CaDiCaL (version 2.1.3).
c [w = 63] Configuring CaDiCaL as --sat (1).
c [w = 63] Encoding starts with w = 63:
c [w = 63] Symmetry breaking highest degree node is applied.
c [Signal] Signal interruption. Caught signal: SIGTERM (15).
c [Signal] Signal interruption. Caught signal: SIGTERM (15).
c [Main] Child pid 63 - 14382 terminated by signal 15.
c [Main] Child pid 69 - 14383 terminated by signal 15.
c [Main] Child pid 94 - 14380 terminated by signal 15.
c [w = 44] Start task in PID: 14386.
c [w = 44] Cyclic Antibandwidth problem with w = 44 (p34_200_2000):
c [w = 44] Initializing CaDiCaL (version 2.1.3).
c [w = 44] Configuring CaDiCaL as --sat (1).
c [w = 44] Encoding starts with w = 44:
c [w = 44] Symmetry breaking highest degree node is applied.
c [w = 44] Encoding duration: 1446 ms.
c [w = 44] Number of clauses: 1999700.
c [w = 44] Number of variables: 131800.
c [w = 44] SAT Solving starts:
c [w = 44] Solving duration: 20625 ms.
c [w = 44] Answer:
s [w = 44] UNSAT (w = 44).
c [w = 44] Result: 20.
c [Main] Min width UNSAT is set to 44
c [Main] Kill higher pid 47.
c [w = 47] Start task in PID: 14387.
c [w = 47] Cyclic Antibandwidth problem with w = 47 (p34_200_2000):
c [w = 47] Initializing CaDiCaL (version 2.1.3).
c [w = 47] Configuring CaDiCaL as --sat (1).
c [w = 47] Encoding starts with w = 47:
c [w = 47] Symmetry breaking highest degree node is applied.
c [w = 47] Encoding duration: 1395 ms.
c [w = 47] Number of clauses: 2009300.
c [w = 47] Number of variables: 134800.
c [w = 47] SAT Solving starts:
c [Signal] Signal interruption. Caught signal: SIGTERM (15).
c [Main] Child pid 47 - 14387 terminated by signal 15.
c [w = 41] Start task in PID: 14392.
c [w = 41] Cyclic Antibandwidth problem with w = 41 (p34_200_2000):
c [w = 41] Initializing CaDiCaL (version 2.1.3).
c [w = 41] Configuring CaDiCaL as --sat (1).
c [w = 41] Encoding starts with w = 41:
c [w = 41] Symmetry breaking highest degree node is applied.
c [w = 41] Encoding duration: 1458 ms.
c [w = 41] Number of clauses: 1990100.
c [w = 41] Number of variables: 128800.
c [w = 41] SAT Solving starts:
c [w = 41] Solving duration: 26747 ms.
c [w = 41] Answer:
s [w = 41] UNSAT (w = 41).
c [w = 41] Result: 20.
c [Main] Min width UNSAT is set to 41
c [Main] Kill higher pid 42.
c [w = 42] Start task in PID: 14393.
c [w = 42] Cyclic Antibandwidth problem with w = 42 (p34_200_2000):
c [w = 42] Initializing CaDiCaL (version 2.1.3).
c [w = 42] Configuring CaDiCaL as --sat (1).
c [w = 42] Encoding starts with w = 42:
c [w = 42] Symmetry breaking highest degree node is applied.
c [w = 42] Encoding duration: 1420 ms.
c [w = 42] Number of clauses: 1993300.
c [w = 42] Number of variables: 129800.
c [w = 42] SAT Solving starts:
c [Signal] Signal interruption. Caught signal: SIGTERM (15).
c [Main] Child pid 42 - 14393 terminated by signal 15.
c [w = 40] Start task in PID: 14399.
c [w = 40] Cyclic Antibandwidth problem with w = 40 (p34_200_2000):
c [w = 40] Initializing CaDiCaL (version 2.1.3).
c [w = 40] Configuring CaDiCaL as --sat (1).
c [w = 40] Encoding starts with w = 40:
c [w = 40] Symmetry breaking highest degree node is applied.
c [w = 40] Encoding duration: 1461 ms.
c [w = 40] Number of clauses: 1986900.
c [w = 40] Number of variables: 127800.
c [w = 40] SAT Solving starts:
c [w = 40] Solving duration: 251520 ms.
c [w = 40] Answer:
s [w = 40] UNSAT (w = 40).
c [w = 40] Result: 20.
c [Main] Min width UNSAT is set to 40
c [w = 32] Start task in PID: 14429.
c [w = 32] Cyclic Antibandwidth problem with w = 32 (p34_200_2000):
c [w = 32] Initializing CaDiCaL (version 2.1.3).
c [w = 32] Configuring CaDiCaL as --sat (1).
c [w = 32] Encoding starts with w = 32:
c [w = 32] Symmetry breaking highest degree node is applied.
c [w = 32] Encoding duration: 1397 ms.
c [w = 32] Number of clauses: 1986700.
c [w = 32] Number of variables: 131400.
c [w = 32] SAT Solving starts:
c [Signal] Signal interruption. Caught signal: SIGTERM (15).
c [w = 38] Start task in PID: 14385.
c [w = 38] Cyclic Antibandwidth problem with w = 38 (p34_200_2000):
c [w = 38] Initializing CaDiCaL (version 2.1.3).
c [w = 38] Configuring CaDiCaL as --sat (1).
c [w = 38] Encoding starts with w = 38:
c [w = 38] Symmetry breaking highest degree node is applied.
c [w = 38] Encoding duration: 1411 ms.
c [w = 38] Number of clauses: 1996700.
c [w = 38] Number of variables: 132800.
c [w = 38] SAT Solving starts:
c [Signal] Signal interruption. Caught signal: SIGTERM (15).
c [w = 39] Start task in PID: 14398.
c [w = 39] Cyclic Antibandwidth problem with w = 39 (p34_200_2000):
c [w = 39] Initializing CaDiCaL (version 2.1.3).
c [w = 39] Configuring CaDiCaL as --sat (1).
c [w = 39] Encoding starts with w = 39:
c [w = 39] Symmetry breaking highest degree node is applied.
c [w = 39] Encoding duration: 1450 ms.
c [w = 39] Number of clauses: 2000500.
c [w = 39] Number of variables: 134000.
c [w = 39] SAT Solving starts:
c [Signal] Signal interruption. Caught signal: SIGTERM (15).
c [w = 26] Start task in PID: 14384.
c [w = 26] Cyclic Antibandwidth problem with w = 26 (p34_200_2000):
c [w = 26] Initializing CaDiCaL (version 2.1.3).
c [w = 26] Configuring CaDiCaL as --sat (1).
c [w = 26] Encoding starts with w = 26:
c [w = 26] Symmetry breaking highest degree node is applied.
c [w = 26] Encoding duration: 1416 ms.
c [w = 26] Number of clauses: 1969700.
c [w = 26] Number of variables: 127600.
c [w = 26] SAT Solving starts:
c [Signal] Signal interruption. Caught signal: SIGTERM (15).
c [Main] Lim pid ends with result: 254.
c [Main] All children have completed.
r [Main] 
r [Main] Final results: 
r [Main] Max width SAT:  	-.
r [Main] Min width UNSAT:	40.
r [Main] Total real time: 1809663 ms.
r [Main] Total memory consumed: 2106.3 MB.
r [Main] 
