c [Version] Cyclic Bandwidth Encoder version 1.0.0.
c [Param] Real time limit is set to 1800.
c [Param] Memory limit is set to 30000.
c [Param] Worker count is set to 4.
c [Main] Encoding and solving for graph: p39_200_2000.
c [Main] Search strategy: Binary search from upper bound.
c [Main] No predefined lower bound is found for p39_200_2000.
c [Main] LB-w = 2 (default value).
c [Main] No predefined upper bound is found for p39_200_2000.
c [Main] UB-w = 100 (default value calculated as n/2).
c [Main] Search order: 51 76 88 94 97 99 100 98 95 96 91 92 93 89 90 82 85 86 87 83 84 79 80 81 77 78 63 69 72 74 75 73 70 71 66 67 68 64 65 57 60 61 62 58 59 54 55 56 52 53 26 38 44 47 49 50 48 45 46 41 42 43 39 40 32 35 36 37 33 34 29 30 31 27 28 13 19 22 24 25 23 20 21 16 17 18 14 15 7 10 11 12 8 9 4 5 6 2 3.
c [w = 88] Start task in PID: 15156.
c [w = 88] Cyclic Antibandwidth problem with w = 88 (p39_200_2000):
c [w = 88] Initializing CaDiCaL (version 2.1.3).
c [w = 88] Configuring CaDiCaL as --sat (1).
c [w = 88] Encoding starts with w = 88:
c [w = 88] Symmetry breaking highest degree node is applied.
c [w = 88] Encoding duration: 1449 ms.
c [w = 88] Number of clauses: 2048700.
c [w = 88] Number of variables: 141800.
c [w = 88] SAT Solving starts:
c [w = 88] Solving duration: 18 ms.
c [w = 88] Answer:
s [w = 88] UNSAT (w = 88).
c [w = 88] Result: 20.
c [w = 76] Start task in PID: 15155.
c [w = 76] Cyclic Antibandwidth problem with w = 76 (p39_200_2000):
c [w = 76] Initializing CaDiCaL (version 2.1.3).
c [w = 76] Configuring CaDiCaL as --sat (1).
c [w = 76] Encoding starts with w = 76:
c [w = 76] Symmetry breaking highest degree node is applied.
c [w = 76] Encoding duration: 1466 ms.
c [w = 76] Number of clauses: 2024700.
c [w = 76] Number of variables: 134600.
c [w = 76] SAT Solving starts:
c [w = 76] Solving duration: 14 ms.
c [w = 76] Answer:
s [w = 76] UNSAT (w = 76).
c [w = 76] Result: 20.
c [Main] Min width UNSAT is set to 88
c [Main] Kill higher pid 94.
c [w = 94] Start task in PID: 15157.
c [w = 94] Cyclic Antibandwidth problem with w = 94 (p39_200_2000):
c [w = 94] Initializing CaDiCaL (version 2.1.3).
c [w = 94] Configuring CaDiCaL as --sat (1).
c [w = 94] Encoding starts with w = 94:
c [w = 94] Symmetry breaking highest degree node is applied.
c [w = 94] Encoding duration: 1476 ms.
c [w = 94] Number of clauses: 2060700.
c [w = 94] Number of variables: 145400.
c [w = 94] SAT Solving starts:
c [w = 94] Solving duration: 24 ms.
c [w = 94] Answer:
s [w = 94] UNSAT (w = 94).
c [Signal] Signal interruption. Caught signal: SIGTERM (15).
c [Main] Min width UNSAT is set to 76
c [Main] Kill higher pid 82.
c [Main] Kill higher pid 94.
c [w = 82] Start task in PID: 15158.
c [w = 82] Cyclic Antibandwidth problem with w = 82 (p39_200_2000):
c [w = 82] Initializing CaDiCaL (version 2.1.3).
c [w = 82] Configuring CaDiCaL as --sat (1).
c [w = 82] Encoding starts with w = 82:
c [w = 82] Symmetry breaking highest degree node is applied.
c [Signal] Signal interruption. Caught signal: SIGTERM (15).
c [Main] Child pid 82 - 15158 terminated by signal 15.
c [Main] Child pid 94 - 15157 terminated by signal 15.
c [w = 51] Start task in PID: 15154.
c [w = 51] Cyclic Antibandwidth problem with w = 51 (p39_200_2000):
c [w = 51] Initializing CaDiCaL (version 2.1.3).
c [w = 51] Configuring CaDiCaL as --sat (1).
c [w = 51] Encoding starts with w = 51:
c [w = 51] Symmetry breaking highest degree node is applied.
c [w = 51] Encoding duration: 1404 ms.
c [w = 51] Number of clauses: 1998300.
c [w = 51] Number of variables: 129200.
c [w = 51] SAT Solving starts:
c [w = 51] Solving duration: 151 ms.
c [w = 51] Answer:
s [w = 51] UNSAT (w = 51).
c [w = 51] Result: 20.
c [w = 72] Start task in PID: 15161.
c [w = 72] Cyclic Antibandwidth problem with w = 72 (p39_200_2000):
c [w = 72] Initializing CaDiCaL (version 2.1.3).
c [w = 72] Configuring CaDiCaL as --sat (1).
c [w = 72] Encoding starts with w = 72:
c [w = 72] Symmetry breaking highest degree node is applied.
c [Signal] Signal interruption. Caught signal: SIGTERM (15).
c [Main] Min width UNSAT is set to 51
c [Main] Kill higher pid 72.
c [Main] Kill higher pid 69.
c [Main] Kill higher pid 63.
c [w = 69] Start task in PID: 15160.
c [w = 69] Cyclic Antibandwidth problem with w = 69 (p39_200_2000):
c [w = 69] Initializing CaDiCaL (version 2.1.3).
c [w = 69] Configuring CaDiCaL as --sat (1).
c [w = 69] Encoding starts with w = 69:
c [w = 69] Symmetry breaking highest degree node is applied.
c [Signal] Signal interruption. Caught signal: SIGTERM (15).
c [w = 63] Start task in PID: 15159.
c [w = 63] Cyclic Antibandwidth problem with w = 63 (p39_200_2000):
c [w = 63] Initializing CaDiCaL (version 2.1.3).
c [w = 63] Configuring CaDiCaL as --sat (1).
c [w = 63] Encoding starts with w = 63:
c [w = 63] Symmetry breaking highest degree node is applied.
c [Signal] Signal interruption. Caught signal: SIGTERM (15).
c [Main] Child pid 72 - 15161 terminated by signal 15.
c [Main] Child pid 63 - 15159 terminated by signal 15.
c [Main] Child pid 69 - 15160 terminated by signal 15.
c [w = 47] Start task in PID: 15165.
c [w = 47] Cyclic Antibandwidth problem with w = 47 (p39_200_2000):
c [w = 47] Initializing CaDiCaL (version 2.1.3).
c [w = 47] Configuring CaDiCaL as --sat (1).
c [w = 47] Encoding starts with w = 47:
c [w = 47] Symmetry breaking highest degree node is applied.
c [w = 47] Encoding duration: 1439 ms.
c [w = 47] Number of clauses: 2009300.
c [w = 47] Number of variables: 134800.
c [w = 47] SAT Solving starts:
c [w = 47] Solving duration: 8193 ms.
c [w = 47] Answer:
s [w = 47] UNSAT (w = 47).
c [w = 47] Result: 20.
c [Main] Min width UNSAT is set to 47
c [w = 45] Start task in PID: 15169.
c [w = 45] Cyclic Antibandwidth problem with w = 45 (p39_200_2000):
c [w = 45] Initializing CaDiCaL (version 2.1.3).
c [w = 45] Configuring CaDiCaL as --sat (1).
c [w = 45] Encoding starts with w = 45:
c [w = 45] Symmetry breaking highest degree node is applied.
c [w = 45] Encoding duration: 1423 ms.
c [w = 45] Number of clauses: 2002900.
c [w = 45] Number of variables: 132800.
c [w = 45] SAT Solving starts:
c [w = 45] Solving duration: 9013 ms.
c [w = 45] Answer:
s [w = 45] UNSAT (w = 45).
c [w = 45] Result: 20.
c [Main] Min width UNSAT is set to 45
c [w = 44] Start task in PID: 15164.
c [w = 44] Cyclic Antibandwidth problem with w = 44 (p39_200_2000):
c [w = 44] Initializing CaDiCaL (version 2.1.3).
c [w = 44] Configuring CaDiCaL as --sat (1).
c [w = 44] Encoding starts with w = 44:
c [w = 44] Symmetry breaking highest degree node is applied.
c [w = 44] Encoding duration: 1449 ms.
c [w = 44] Number of clauses: 1999700.
c [w = 44] Number of variables: 131800.
c [w = 44] SAT Solving starts:
c [w = 44] Solving duration: 37617 ms.
c [w = 44] Answer:
s [w = 44] UNSAT (w = 44).
c [w = 44] Result: 20.
c [Main] Min width UNSAT is set to 44
c [w = 42] Start task in PID: 15172.
c [w = 42] Cyclic Antibandwidth problem with w = 42 (p39_200_2000):
c [w = 42] Initializing CaDiCaL (version 2.1.3).
c [w = 42] Configuring CaDiCaL as --sat (1).
c [w = 42] Encoding starts with w = 42:
c [w = 42] Symmetry breaking highest degree node is applied.
c [w = 42] Encoding duration: 1396 ms.
c [w = 42] Number of clauses: 1993300.
c [w = 42] Number of variables: 129800.
c [w = 42] SAT Solving starts:
c [w = 42] Solving duration: 61126 ms.
c [w = 42] Answer:
s [w = 42] UNSAT (w = 42).
c [w = 42] Result: 20.
c [Main] Min width UNSAT is set to 42
c [w = 41] Start task in PID: 15170.
c [w = 41] Cyclic Antibandwidth problem with w = 41 (p39_200_2000):
c [w = 41] Initializing CaDiCaL (version 2.1.3).
c [w = 41] Configuring CaDiCaL as --sat (1).
c [w = 41] Encoding starts with w = 41:
c [w = 41] Symmetry breaking highest degree node is applied.
c [w = 41] Encoding duration: 1407 ms.
c [w = 41] Number of clauses: 1990100.
c [w = 41] Number of variables: 128800.
c [w = 41] SAT Solving starts:
c [w = 41] Solving duration: 98889 ms.
c [w = 41] Answer:
s [w = 41] UNSAT (w = 41).
c [w = 41] Result: 20.
c [Main] Min width UNSAT is set to 41
c [w = 40] Start task in PID: 15185.
c [w = 40] Cyclic Antibandwidth problem with w = 40 (p39_200_2000):
c [w = 40] Initializing CaDiCaL (version 2.1.3).
c [w = 40] Configuring CaDiCaL as --sat (1).
c [w = 40] Encoding starts with w = 40:
c [w = 40] Symmetry breaking highest degree node is applied.
c [w = 40] Encoding duration: 1410 ms.
c [w = 40] Number of clauses: 1986900.
c [w = 40] Number of variables: 127800.
c [w = 40] SAT Solving starts:
c [w = 40] Solving duration: 273311 ms.
c [w = 40] Answer:
s [w = 40] UNSAT (w = 40).
c [w = 40] Result: 20.
c [Main] Min width UNSAT is set to 40
c [w = 32] Start task in PID: 15206.
c [w = 32] Cyclic Antibandwidth problem with w = 32 (p39_200_2000):
c [w = 32] Initializing CaDiCaL (version 2.1.3).
c [w = 32] Configuring CaDiCaL as --sat (1).
c [w = 32] Encoding starts with w = 32:
c [w = 32] Symmetry breaking highest degree node is applied.
c [w = 32] Encoding duration: 1429 ms.
c [w = 32] Number of clauses: 1986700.
c [w = 32] Number of variables: 131400.
c [w = 32] SAT Solving starts:
c [Signal] Signal interruption. Caught signal: SIGTERM (15).
c [w = 38] Start task in PID: 15163.
c [w = 38] Cyclic Antibandwidth problem with w = 38 (p39_200_2000):
c [w = 38] Initializing CaDiCaL (version 2.1.3).
c [w = 38] Configuring CaDiCaL as --sat (1).
c [w = 38] Encoding starts with w = 38:
c [w = 38] Symmetry breaking highest degree node is applied.
c [w = 38] Encoding duration: 1430 ms.
c [w = 38] Number of clauses: 1996700.
c [w = 38] Number of variables: 132800.
c [w = 38] SAT Solving starts:
c [Signal] Signal interruption. Caught signal: SIGTERM (15).
c [w = 39] Start task in PID: 15184.
c [w = 39] Cyclic Antibandwidth problem with w = 39 (p39_200_2000):
c [w = 39] Initializing CaDiCaL (version 2.1.3).
c [w = 39] Configuring CaDiCaL as --sat (1).
c [w = 39] Encoding starts with w = 39:
c [w = 39] Symmetry breaking highest degree node is applied.
c [w = 39] Encoding duration: 1412 ms.
c [w = 39] Number of clauses: 2000500.
c [w = 39] Number of variables: 134000.
c [w = 39] SAT Solving starts:
c [Signal] Signal interruption. Caught signal: SIGTERM (15).
c [w = 26] Start task in PID: 15162.
c [w = 26] Cyclic Antibandwidth problem with w = 26 (p39_200_2000):
c [w = 26] Initializing CaDiCaL (version 2.1.3).
c [w = 26] Configuring CaDiCaL as --sat (1).
c [w = 26] Encoding starts with w = 26:
c [w = 26] Symmetry breaking highest degree node is applied.
c [w = 26] Encoding duration: 1405 ms.
c [w = 26] Number of clauses: 1969700.
c [w = 26] Number of variables: 127600.
c [w = 26] SAT Solving starts:
c [Signal] Signal interruption. Caught signal: SIGTERM (15).
c [Main] Lim pid ends with result: 254.
c [Main] All children have completed.
r [Main] 
r [Main] Final results: 
r [Main] Max width SAT:  	-.
r [Main] Min width UNSAT:	40.
r [Main] Total real time: 1809681 ms.
r [Main] Total memory consumed: 2076 MB.
r [Main] 
