c [Version] Cyclic Bandwidth Encoder version 1.0.0.
c [Param] Real time limit is set to 150.
c [Param] Memory limit is set to 30000.
c [Param] Worker count is set to 8.
c [Main] Encoding and solving for graph: p15_100_600.
c [Main] Search strategy: Binary search from lower bound.
c [Main] No predefined lower bound is found for p15_100_600.
c [Main] LB-w = 2 (default value).
c [Main] No predefined upper bound is found for p15_100_600.
c [Main] UB-w = 50 (default value calculated as n/2).
c [Main] Search order: 26 13 7 4 2 3 5 6 10 8 9 11 12 19 16 14 15 17 18 22 20 21 24 23 25 38 32 29 27 28 30 31 35 33 34 36 37 44 41 39 40 42 43 47 45 46 49 48 50.
c [w = 2] Start task in PID: 184299.
c [w = 2] Cyclic Antibandwidth problem with w = 2 (p15_100_600):
c [w = 2] Initializing CaDiCaL (version 2.1.3).
c [w = 2] Configuring CaDiCaL as --sat (1).
c [w = 2] Encoding starts with w = 2:
c [w = 2] Symmetry breaking highest degree node is applied.
c [w = 2] Encoding duration: 195 ms.
c [w = 2] Number of clauses: 337450.
c [w = 2] Number of variables: 18600.
c [w = 2] SAT Solving starts:
c [w = 2] Solving duration: 6 ms.
c [w = 2] Answer:
s [w = 2] SAT (w = 2).
c [w = 2] Solution check = 2.
c [w = 2] The solution is correct.
c [w = 2] Result: 10.
c [Main] Max width SAT is set to 2.
c [w = 3] Start task in PID: 184300.
c [w = 3] Cyclic Antibandwidth problem with w = 3 (p15_100_600):
c [w = 3] Initializing CaDiCaL (version 2.1.3).
c [w = 3] Configuring CaDiCaL as --sat (1).
c [w = 3] Encoding starts with w = 3:
c [w = 3] Symmetry breaking highest degree node is applied.
c [w = 3] Encoding duration: 196 ms.
c [w = 3] Number of clauses: 313150.
c [w = 3] Number of variables: 23600.
c [w = 3] SAT Solving starts:
c [w = 3] Solving duration: 24 ms.
c [w = 3] Answer:
s [w = 3] SAT (w = 3).
c [w = 3] Solution check = 3.
c [w = 3] The solution is correct.
c [w = 3] Result: 10.
c [w = 4] Start task in PID: 184298.
c [w = 4] Cyclic Antibandwidth problem with w = 4 (p15_100_600):
c [w = 4] Initializing CaDiCaL (version 2.1.3).
c [w = 4] Configuring CaDiCaL as --sat (1).
c [w = 4] Encoding starts with w = 4:
c [w = 4] Symmetry breaking highest degree node is applied.
c [w = 4] Encoding duration: 206 ms.
c [w = 4] Number of clauses: 310150.
c [w = 4] Number of variables: 26100.
c [w = 4] SAT Solving starts:
c [w = 4] Solving duration: 13 ms.
c [w = 4] Answer:
s [w = 4] SAT (w = 4).
c [w = 4] Solution check = 4.
c [w = 4] The solution is correct.
c [w = 4] Result: 10.
c [Main] Max width SAT is set to 3.
c [w = 5] Start task in PID: 184301.
c [w = 5] Cyclic Antibandwidth problem with w = 5 (p15_100_600):
c [w = 5] Initializing CaDiCaL (version 2.1.3).
c [w = 5] Configuring CaDiCaL as --sat (1).
c [w = 5] Encoding starts with w = 5:
c [w = 5] Symmetry breaking highest degree node is applied.
c [w = 5] Encoding duration: 212 ms.
c [w = 5] Number of clauses: 312250.
c [w = 5] Number of variables: 27600.
c [w = 5] SAT Solving starts:
c [w = 5] Solving duration: 7 ms.
c [w = 5] Answer:
s [w = 5] SAT (w = 5).
c [w = 5] Solution check = 5.
c [w = 5] The solution is correct.
c [w = 5] Result: 10.
c [Main] Max width SAT is set to 4.
c [Main] Max width SAT is set to 5.
c [w = 26] Start task in PID: 184295.
c [w = 26] Cyclic Antibandwidth problem with w = 26 (p15_100_600):
c [w = 26] Initializing CaDiCaL (version 2.1.3).
c [w = 26] Configuring CaDiCaL as --sat (1).
c [w = 26] Encoding starts with w = 26:
c [w = 26] Symmetry breaking highest degree node is applied.
c [w = 26] Encoding duration: 247 ms.
c [w = 26] Number of clauses: 338750.
c [w = 26] Number of variables: 32800.
c [w = 26] SAT Solving starts:
c [w = 26] Solving duration: 38 ms.
c [w = 26] Answer:
s [w = 26] UNSAT (w = 26).
c [w = 26] Result: 20.
c [w = 6] Start task in PID: 184302.
c [w = 6] Cyclic Antibandwidth problem with w = 6 (p15_100_600):
c [w = 6] Initializing CaDiCaL (version 2.1.3).
c [w = 6] Configuring CaDiCaL as --sat (1).
c [w = 6] Encoding starts with w = 6:
c [w = 6] Symmetry breaking highest degree node is applied.
c [w = 6] Encoding duration: 218 ms.
c [w = 6] Number of clauses: 315350.
c [w = 6] Number of variables: 28700.
c [w = 6] SAT Solving starts:
c [w = 6] Solving duration: 48 ms.
c [w = 6] Answer:
s [w = 6] SAT (w = 6).
c [w = 6] Solution check = 6.
c [w = 6] The solution is correct.
c [w = 6] Result: 10.
c [w = 7] Start task in PID: 184297.
c [w = 7] Cyclic Antibandwidth problem with w = 7 (p15_100_600):
c [w = 7] Initializing CaDiCaL (version 2.1.3).
c [w = 7] Configuring CaDiCaL as --sat (1).
c [w = 7] Encoding starts with w = 7:
c [w = 7] Symmetry breaking highest degree node is applied.
c [w = 7] Encoding duration: 226 ms.
c [w = 7] Number of clauses: 318450.
c [w = 7] Number of variables: 29600.
c [w = 7] SAT Solving starts:
c [w = 7] Solving duration: 43 ms.
c [w = 7] Answer:
s [w = 7] SAT (w = 7).
c [w = 7] Solution check = 7.
c [w = 7] The solution is correct.
c [w = 7] Result: 10.
c [Main] Max width SAT is set to 6.
c [Main] Min width UNSAT is set to 26
c [Main] Max width SAT is set to 7.
c [w = 8] Start task in PID: 184308.
c [w = 8] Cyclic Antibandwidth problem with w = 8 (p15_100_600):
c [w = 8] Initializing CaDiCaL (version 2.1.3).
c [w = 8] Configuring CaDiCaL as --sat (1).
c [w = 8] Encoding starts with w = 8:
c [w = 8] Symmetry breaking highest degree node is applied.
c [w = 8] Encoding duration: 216 ms.
c [w = 8] Number of clauses: 320750.
c [w = 8] Number of variables: 30100.
c [w = 8] SAT Solving starts:
c [w = 8] Solving duration: 40 ms.
c [w = 8] Answer:
s [w = 8] SAT (w = 8).
c [w = 8] Solution check = 8.
c [w = 8] The solution is correct.
c [w = 8] Result: 10.
c [Main] Max width SAT is set to 8.
c [w = 9] Start task in PID: 184309.
c [w = 9] Cyclic Antibandwidth problem with w = 9 (p15_100_600):
c [w = 9] Initializing CaDiCaL (version 2.1.3).
c [w = 9] Configuring CaDiCaL as --sat (1).
c [w = 9] Encoding starts with w = 9:
c [w = 9] Symmetry breaking highest degree node is applied.
c [w = 9] Encoding duration: 220 ms.
c [w = 9] Number of clauses: 321450.
c [w = 9] Number of variables: 30200.
c [w = 9] SAT Solving starts:
c [w = 9] Solving duration: 39 ms.
c [w = 9] Answer:
s [w = 9] SAT (w = 9).
c [w = 9] Solution check = 9.
c [w = 9] The solution is correct.
c [w = 9] Result: 10.
c [w = 11] Start task in PID: 184310.
c [w = 11] Cyclic Antibandwidth problem with w = 11 (p15_100_600):
c [w = 11] Initializing CaDiCaL (version 2.1.3).
c [w = 11] Configuring CaDiCaL as --sat (1).
c [w = 11] Encoding starts with w = 11:
c [w = 11] Symmetry breaking highest degree node is applied.
c [w = 11] Encoding duration: 222 ms.
c [w = 11] Number of clauses: 324750.
c [w = 11] Number of variables: 30800.
c [w = 11] SAT Solving starts:
c [w = 11] Solving duration: 40 ms.
c [w = 11] Answer:
s [w = 11] SAT (w = 11).
c [w = 11] Solution check = 11.
c [w = 11] The solution is correct.
c [w = 11] Result: 10.
c [Main] Max width SAT is set to 9.
c [Main] Max width SAT is set to 11.
c [Main] Kill lower pid 10.
c [w = 10] Start task in PID: 184307.
c [w = 10] Cyclic Antibandwidth problem with w = 10 (p15_100_600):
c [w = 10] Initializing CaDiCaL (version 2.1.3).
c [w = 10] Configuring CaDiCaL as --sat (1).
c [w = 10] Encoding starts with w = 10:
c [w = 10] Symmetry breaking highest degree node is applied.
c [w = 10] Encoding duration: 230 ms.
c [w = 10] Number of clauses: 324250.
c [w = 10] Number of variables: 30600.
c [w = 10] SAT Solving starts:
c [w = 10] Solving duration: 148 ms.
c [w = 10] Answer:
s [w = 10] SAT (w = 10).
c [w = 10] Solution check = 10.
c [w = 10] The solution is correct.
c [Signal] Signal interruption. Caught signal: SIGTERM (15).
c [Main] Child pid 10 - 184307 terminated by signal 15.
c [w = 12] Start task in PID: 184311.
c [w = 12] Cyclic Antibandwidth problem with w = 12 (p15_100_600):
c [w = 12] Initializing CaDiCaL (version 2.1.3).
c [w = 12] Configuring CaDiCaL as --sat (1).
c [w = 12] Encoding starts with w = 12:
c [w = 12] Symmetry breaking highest degree node is applied.
c [w = 12] Encoding duration: 229 ms.
c [w = 12] Number of clauses: 328550.
c [w = 12] Number of variables: 31700.
c [w = 12] SAT Solving starts:
c [w = 12] Solving duration: 48 ms.
c [w = 12] Answer:
s [w = 12] SAT (w = 12).
c [w = 12] Solution check = 12.
c [w = 12] The solution is correct.
c [w = 12] Result: 10.
c [Main] Max width SAT is set to 12.
c [w = 13] Start task in PID: 184296.
c [w = 13] Cyclic Antibandwidth problem with w = 13 (p15_100_600):
c [w = 13] Initializing CaDiCaL (version 2.1.3).
c [w = 13] Configuring CaDiCaL as --sat (1).
c [w = 13] Encoding starts with w = 13:
c [w = 13] Symmetry breaking highest degree node is applied.
c [w = 13] Encoding duration: 223 ms.
c [w = 13] Number of clauses: 329250.
c [w = 13] Number of variables: 31600.
c [w = 13] SAT Solving starts:
c [w = 13] Solving duration: 745 ms.
c [w = 13] Answer:
s [w = 13] SAT (w = 13).
c [w = 13] Solution check = 13.
c [w = 13] The solution is correct.
c [w = 13] Result: 10.
c [Main] Max width SAT is set to 13.
c [w = 14] Start task in PID: 184314.
c [w = 14] Cyclic Antibandwidth problem with w = 14 (p15_100_600):
c [w = 14] Initializing CaDiCaL (version 2.1.3).
c [w = 14] Configuring CaDiCaL as --sat (1).
c [w = 14] Encoding starts with w = 14:
c [w = 14] Symmetry breaking highest degree node is applied.
c [w = 14] Encoding duration: 240 ms.
c [w = 14] Number of clauses: 331750.
c [w = 14] Number of variables: 32400.
c [w = 14] SAT Solving starts:
c [w = 14] Solving duration: 1979 ms.
c [w = 14] Answer:
s [w = 14] SAT (w = 14).
c [w = 14] Solution check = 14.
c [w = 14] The solution is correct.
c [w = 14] Result: 10.
c [Main] Max width SAT is set to 14.
c [w = 15] Start task in PID: 184315.
c [w = 15] Cyclic Antibandwidth problem with w = 15 (p15_100_600):
c [w = 15] Initializing CaDiCaL (version 2.1.3).
c [w = 15] Configuring CaDiCaL as --sat (1).
c [w = 15] Encoding starts with w = 15:
c [w = 15] Symmetry breaking highest degree node is applied.
c [w = 15] Encoding duration: 226 ms.
c [w = 15] Number of clauses: 331650.
c [w = 15] Number of variables: 32000.
c [w = 15] SAT Solving starts:
c [w = 15] Solving duration: 22730 ms.
c [w = 15] Answer:
s [w = 15] SAT (w = 15).
c [w = 15] Solution check = 15.
c [w = 15] The solution is correct.
c [w = 15] Result: 10.
c [Main] Max width SAT is set to 15.
c [w = 21] Start task in PID: 184320.
c [w = 21] Cyclic Antibandwidth problem with w = 21 (p15_100_600):
c [w = 21] Initializing CaDiCaL (version 2.1.3).
c [w = 21] Configuring CaDiCaL as --sat (1).
c [w = 21] Encoding starts with w = 21:
c [w = 21] Symmetry breaking highest degree node is applied.
c [w = 21] Encoding duration: 214 ms.
c [w = 21] Number of clauses: 336350.
c [w = 21] Number of variables: 32600.
c [w = 21] SAT Solving starts:
c [w = 21] Solving duration: 20623 ms.
c [w = 21] Answer:
s [w = 21] UNSAT (w = 21).
c [w = 21] Result: 20.
c [Main] Min width UNSAT is set to 21
c [Main] Kill higher pid 24.
c [Main] Kill higher pid 22.
c [w = 24] Start task in PID: 184325.
c [w = 24] Cyclic Antibandwidth problem with w = 24 (p15_100_600):
c [w = 24] Initializing CaDiCaL (version 2.1.3).
c [w = 24] Configuring CaDiCaL as --sat (1).
c [w = 24] Encoding starts with w = 24:
c [w = 24] Symmetry breaking highest degree node is applied.
c [Signal] Signal interruption. Caught signal: SIGTERM (15).
c [w = 22] Start task in PID: 184318.
c [w = 22] Cyclic Antibandwidth problem with w = 22 (p15_100_600):
c [w = 22] Initializing CaDiCaL (version 2.1.3).
c [w = 22] Configuring CaDiCaL as --sat (1).
c [w = 22] Encoding starts with w = 22:
c [w = 22] Symmetry breaking highest degree node is applied.
c [w = 22] Encoding duration: 239 ms.
c [w = 22] Number of clauses: 337950.
c [w = 22] Number of variables: 33100.
c [w = 22] SAT Solving starts:
c [Signal] Signal interruption. Caught signal: SIGTERM (15).
c [Main] Child pid 24 - 184325 terminated by signal 15.
c [Main] Child pid 22 - 184318 terminated by signal 15.
c [w = 16] Start task in PID: 184313.
c [w = 16] Cyclic Antibandwidth problem with w = 16 (p15_100_600):
c [w = 16] Initializing CaDiCaL (version 2.1.3).
c [w = 16] Configuring CaDiCaL as --sat (1).
c [w = 16] Encoding starts with w = 16:
c [w = 16] Symmetry breaking highest degree node is applied.
c [w = 16] Encoding duration: 238 ms.
c [w = 16] Number of clauses: 333850.
c [w = 16] Number of variables: 32700.
c [w = 16] SAT Solving starts:
c [w = 16] Solving duration: 26331 ms.
c [w = 16] Answer:
s [w = 16] SAT (w = 16).
c [w = 16] Solution check = 16.
c [w = 16] The solution is correct.
c [w = 16] Result: 10.
c [Main] Max width SAT is set to 16.
c [w = 20] Start task in PID: 184319.
c [w = 20] Cyclic Antibandwidth problem with w = 20 (p15_100_600):
c [w = 20] Initializing CaDiCaL (version 2.1.3).
c [w = 20] Configuring CaDiCaL as --sat (1).
c [w = 20] Encoding starts with w = 20:
c [w = 20] Symmetry breaking highest degree node is applied.
c [w = 20] Encoding duration: 223 ms.
c [w = 20] Number of clauses: 334750.
c [w = 20] Number of variables: 32100.
c [w = 20] SAT Solving starts:
c [Signal] Signal interruption. Caught signal: SIGTERM (15).
c [w = 18] Start task in PID: 184317.
c [w = 18] Cyclic Antibandwidth problem with w = 18 (p15_100_600):
c [w = 18] Initializing CaDiCaL (version 2.1.3).
c [w = 18] Configuring CaDiCaL as --sat (1).
c [w = 18] Encoding starts with w = 18:
c [w = 18] Symmetry breaking highest degree node is applied.
c [w = 18] Encoding duration: 239 ms.
c [w = 18] Number of clauses: 334850.
c [w = 18] Number of variables: 32600.
c [w = 18] SAT Solving starts:
c [Signal] Signal interruption. Caught signal: SIGTERM (15).
c [w = 17] Start task in PID: 184316.
c [w = 17] Cyclic Antibandwidth problem with w = 17 (p15_100_600):
c [w = 17] Initializing CaDiCaL (version 2.1.3).
c [w = 17] Configuring CaDiCaL as --sat (1).
c [w = 17] Encoding starts with w = 17:
c [w = 17] Symmetry breaking highest degree node is applied.
c [w = 17] Encoding duration: 226 ms.
c [w = 17] Number of clauses: 332950.
c [w = 17] Number of variables: 32000.
c [w = 17] SAT Solving starts:
c [Signal] Signal interruption. Caught signal: SIGTERM (15).
c [w = 19] Start task in PID: 184312.
c [w = 19] Cyclic Antibandwidth problem with w = 19 (p15_100_600):
c [w = 19] Initializing CaDiCaL (version 2.1.3).
c [w = 19] Configuring CaDiCaL as --sat (1).
c [w = 19] Encoding starts with w = 19:
c [w = 19] Symmetry breaking highest degree node is applied.
c [w = 19] Encoding duration: 237 ms.
c [w = 19] Number of clauses: 336750.
c [w = 19] Number of variables: 33200.
c [w = 19] SAT Solving starts:
c [Signal] Signal interruption. Caught signal: SIGTERM (15).
c [Main] Lim pid ends with result: 254.
c [Main] All children have completed.
r [Main] 
r [Main] Final results: 
r [Main] Max width SAT:  	16.
r [Main] Min width UNSAT:	21.
r [Main] Total real time: 150856 ms.
r [Main] Total memory consumed: 792.9 MB.
r [Main] 
