c [Version] Cyclic Bandwidth Encoder version 1.0.0.
c [Param] Real time limit is set to 150.
c [Param] Memory limit is set to 30000.
c [Param] Worker count is set to 8.
c [Main] Encoding and solving for graph: p40_200_2000.
c [Main] Search strategy: Binary search from lower bound.
c [Main] No predefined lower bound is found for p40_200_2000.
c [Main] LB-w = 2 (default value).
c [Main] No predefined upper bound is found for p40_200_2000.
c [Main] UB-w = 100 (default value calculated as n/2).
c [Main] Search order: 51 26 13 7 4 2 3 5 6 10 8 9 11 12 19 16 14 15 17 18 22 20 21 24 23 25 38 32 29 27 28 30 31 35 33 34 36 37 44 41 39 40 42 43 47 45 46 49 48 50 76 63 57 54 52 53 55 56 60 58 59 61 62 69 66 64 65 67 68 72 70 71 74 73 75 88 82 79 77 78 80 81 85 83 84 86 87 94 91 89 90 92 93 97 95 96 99 98 100.
c [w = 2] Start task in PID: 186013.
c [w = 2] Cyclic Antibandwidth problem with w = 2 (p40_200_2000):
c [w = 2] Initializing CaDiCaL (version 2.1.3).
c [w = 2] Configuring CaDiCaL as --sat (1).
c [w = 2] Encoding starts with w = 2:
c [w = 2] Symmetry breaking highest degree node is applied.
c [w = 2] Encoding duration: 1203 ms.
c [w = 2] Number of clauses: 2245300.
c [w = 2] Number of variables: 70800.
c [w = 2] SAT Solving starts:
c [w = 2] Solving duration: 18 ms.
c [w = 2] Answer:
s [w = 2] SAT (w = 2).
c [w = 2] Solution check = 2.
c [w = 2] The solution is correct.
c [w = 2] Result: 10.
c [Main] Max width SAT is set to 2.
c [w = 4] Start task in PID: 186012.
c [w = 4] Cyclic Antibandwidth problem with w = 4 (p40_200_2000):
c [w = 4] Initializing CaDiCaL (version 2.1.3).
c [w = 4] Configuring CaDiCaL as --sat (1).
c [w = 4] Encoding starts with w = 4:
c [w = 4] Symmetry breaking highest degree node is applied.
c [w = 4] Encoding duration: 1198 ms.
c [w = 4] Number of clauses: 1880700.
c [w = 4] Number of variables: 100800.
c [w = 4] SAT Solving starts:
c [w = 4] Solving duration: 78 ms.
c [w = 4] Answer:
s [w = 4] SAT (w = 4).
c [w = 4] Solution check = 4.
c [w = 4] The solution is correct.
c [w = 4] Result: 10.
c [Main] Max width SAT is set to 4.
c [Main] Kill lower pid 3.
c [w = 3] Start task in PID: 186014.
c [w = 3] Cyclic Antibandwidth problem with w = 3 (p40_200_2000):
c [w = 3] Initializing CaDiCaL (version 2.1.3).
c [w = 3] Configuring CaDiCaL as --sat (1).
c [w = 3] Encoding starts with w = 3:
c [w = 3] Symmetry breaking highest degree node is applied.
c [w = 3] Encoding duration: 1228 ms.
c [w = 3] Number of clauses: 1949100.
c [w = 3] Number of variables: 90800.
c [w = 3] SAT Solving starts:
c [w = 3] Solving duration: 143 ms.
c [w = 3] Answer:
s [w = 3] SAT (w = 3).
c [w = 3] Solution check = 3.
c [w = 3] The solution is correct.
c [Signal] Signal interruption. Caught signal: SIGTERM (15).
c [Main] Child pid 3 - 186014 terminated by signal 15.
c [w = 5] Start task in PID: 186015.
c [w = 5] Cyclic Antibandwidth problem with w = 5 (p40_200_2000):
c [w = 5] Initializing CaDiCaL (version 2.1.3).
c [w = 5] Configuring CaDiCaL as --sat (1).
c [w = 5] Encoding starts with w = 5:
c [w = 5] Symmetry breaking highest degree node is applied.
c [w = 5] Encoding duration: 1217 ms.
c [w = 5] Number of clauses: 1867900.
c [w = 5] Number of variables: 106800.
c [w = 5] SAT Solving starts:
c [w = 5] Solving duration: 145 ms.
c [w = 5] Answer:
s [w = 5] SAT (w = 5).
c [w = 5] Solution check = 5.
c [w = 5] The solution is correct.
c [w = 5] Result: 10.
c [Main] Max width SAT is set to 5.
c [w = 7] Start task in PID: 186011.
c [w = 7] Cyclic Antibandwidth problem with w = 7 (p40_200_2000):
c [w = 7] Initializing CaDiCaL (version 2.1.3).
c [w = 7] Configuring CaDiCaL as --sat (1).
c [w = 7] Encoding starts with w = 7:
c [w = 7] Symmetry breaking highest degree node is applied.
c [w = 7] Encoding duration: 1266 ms.
c [w = 7] Number of clauses: 1878900.
c [w = 7] Number of variables: 114000.
c [w = 7] SAT Solving starts:
c [w = 7] Solving duration: 176 ms.
c [w = 7] Answer:
s [w = 7] SAT (w = 7).
c [w = 7] Solution check = 7.
c [w = 7] The solution is correct.
c [w = 7] Result: 10.
c [Main] Max width SAT is set to 7.
c [Main] Kill lower pid 6.
c [w = 6] Start task in PID: 186016.
c [w = 6] Cyclic Antibandwidth problem with w = 6 (p40_200_2000):
c [w = 6] Initializing CaDiCaL (version 2.1.3).
c [w = 6] Configuring CaDiCaL as --sat (1).
c [w = 6] Encoding starts with w = 6:
c [w = 6] Symmetry breaking highest degree node is applied.
c [Signal] Signal interruption. Caught signal: SIGTERM (15).
c [Main] Child pid 6 - 186016 terminated by signal 15.
c [w = 51] Start task in PID: 186008.
c [w = 51] Cyclic Antibandwidth problem with w = 51 (p40_200_2000):
c [w = 51] Initializing CaDiCaL (version 2.1.3).
c [w = 51] Configuring CaDiCaL as --sat (1).
c [w = 51] Encoding starts with w = 51:
c [w = 51] Symmetry breaking highest degree node is applied.
c [w = 51] Encoding duration: 1310 ms.
c [w = 51] Number of clauses: 1998300.
c [w = 51] Number of variables: 129200.
c [w = 51] SAT Solving starts:
c [w = 51] Solving duration: 313 ms.
c [w = 51] Answer:
s [w = 51] UNSAT (w = 51).
c [w = 51] Result: 20.
c [Main] Min width UNSAT is set to 51
c [w = 13] Start task in PID: 186010.
c [w = 13] Cyclic Antibandwidth problem with w = 13 (p40_200_2000):
c [w = 13] Initializing CaDiCaL (version 2.1.3).
c [w = 13] Configuring CaDiCaL as --sat (1).
c [w = 13] Encoding starts with w = 13:
c [w = 13] Symmetry breaking highest degree node is applied.
c [w = 13] Encoding duration: 1293 ms.
c [w = 13] Number of clauses: 1924700.
c [w = 13] Number of variables: 122800.
c [w = 13] SAT Solving starts:
c [w = 13] Solving duration: 546 ms.
c [w = 13] Answer:
s [w = 13] SAT (w = 13).
c [w = 13] Solution check = 13.
c [w = 13] The solution is correct.
c [w = 13] Result: 10.
c [Main] Max width SAT is set to 13.
c [Main] Kill lower pid 11.
c [Main] Kill lower pid 9.
c [Main] Kill lower pid 8.
c [Main] Kill lower pid 10.
c [Main] Kill lower pid 12.
c [w = 9] Start task in PID: 186019.
c [w = 9] Cyclic Antibandwidth problem with w = 9 (p40_200_2000):
c [w = 9] Initializing CaDiCaL (version 2.1.3).
c [w = 9] Configuring CaDiCaL as --sat (1).
c [w = 9] Encoding starts with w = 9:
c [w = 9] Symmetry breaking highest degree node is applied.
c [Signal] Signal interruption. Caught signal: SIGTERM (15).
c [w = 8] Start task in PID: 186018.
c [w = 8] Cyclic Antibandwidth problem with w = 8 (p40_200_2000):
c [w = 8] Initializing CaDiCaL (version 2.1.3).
c [w = 8] Configuring CaDiCaL as --sat (1).
c [w = 8] Encoding starts with w = 8:
c [w = 8] Symmetry breaking highest degree node is applied.
c [Signal] Signal interruption. Caught signal: SIGTERM (15).
c [w = 10] Start task in PID: 186017.
c [w = 10] Cyclic Antibandwidth problem with w = 10 (p40_200_2000):
c [w = 10] Initializing CaDiCaL (version 2.1.3).
c [w = 10] Configuring CaDiCaL as --sat (1).
c [w = 10] Encoding starts with w = 10:
c [w = 10] Symmetry breaking highest degree node is applied.
c [Signal] Signal interruption. Caught signal: SIGTERM (15).
c [w = 12] Start task in PID: 186021.
c [w = 12] Cyclic Antibandwidth problem with w = 12 (p40_200_2000):
c [w = 12] Initializing CaDiCaL (version 2.1.3).
c [w = 12] Configuring CaDiCaL as --sat (1).
c [w = 12] Encoding starts with w = 12:
c [w = 12] Symmetry breaking highest degree node is applied.
c [Signal] Signal interruption. Caught signal: SIGTERM (15).
c [w = 11] Start task in PID: 186020.
c [w = 11] Cyclic Antibandwidth problem with w = 11 (p40_200_2000):
c [w = 11] Initializing CaDiCaL (version 2.1.3).
c [w = 11] Configuring CaDiCaL as --sat (1).
c [w = 11] Encoding starts with w = 11:
c [w = 11] Symmetry breaking highest degree node is applied.
c [Signal] Signal interruption. Caught signal: SIGTERM (15).
c [Main] Child pid 12 - 186021 terminated by signal 15.
c [Main] Child pid 9 - 186019 terminated by signal 15.
c [Main] Child pid 11 - 186020 terminated by signal 15.
c [Main] Child pid 8 - 186018 terminated by signal 15.
c [Main] Child pid 10 - 186017 terminated by signal 15.
c [w = 16] Start task in PID: 186023.
c [w = 16] Cyclic Antibandwidth problem with w = 16 (p40_200_2000):
c [w = 16] Initializing CaDiCaL (version 2.1.3).
c [w = 16] Configuring CaDiCaL as --sat (1).
c [w = 16] Encoding starts with w = 16:
c [w = 16] Symmetry breaking highest degree node is applied.
c [w = 16] Encoding duration: 1344 ms.
c [w = 16] Number of clauses: 1939700.
c [w = 16] Number of variables: 124600.
c [w = 16] SAT Solving starts:
c [w = 16] Solving duration: 541 ms.
c [w = 16] Answer:
s [w = 16] SAT (w = 16).
c [w = 16] Solution check = 16.
c [w = 16] The solution is correct.
c [w = 16] Result: 10.
c [Main] Max width SAT is set to 16.
c [Main] Kill lower pid 15.
c [Main] Kill lower pid 14.
c [w = 15] Start task in PID: 186025.
c [w = 15] Cyclic Antibandwidth problem with w = 15 (p40_200_2000):
c [w = 15] Initializing CaDiCaL (version 2.1.3).
c [w = 15] Configuring CaDiCaL as --sat (1).
c [w = 15] Encoding starts with w = 15:
c [w = 15] Symmetry breaking highest degree node is applied.
c [w = 15] Encoding duration: 1313 ms.
c [w = 15] Number of clauses: 1935700.
c [w = 15] Number of variables: 124400.
c [w = 15] SAT Solving starts:
c [Signal] Signal interruption. Caught signal: SIGTERM (15).
c [w = 14] Start task in PID: 186024.
c [w = 14] Cyclic Antibandwidth problem with w = 14 (p40_200_2000):
c [w = 14] Initializing CaDiCaL (version 2.1.3).
c [w = 14] Configuring CaDiCaL as --sat (1).
c [w = 14] Encoding starts with w = 14:
c [w = 14] Symmetry breaking highest degree node is applied.
c [w = 14] Encoding duration: 1319 ms.
c [w = 14] Number of clauses: 1930700.
c [w = 14] Number of variables: 123800.
c [w = 14] SAT Solving starts:
c [Signal] Signal interruption. Caught signal: SIGTERM (15).
c [Main] Child pid 15 - 186025 terminated by signal 15.
c [Main] Child pid 14 - 186024 terminated by signal 15.
c [w = 18] Start task in PID: 186027.
c [w = 18] Cyclic Antibandwidth problem with w = 18 (p40_200_2000):
c [w = 18] Initializing CaDiCaL (version 2.1.3).
c [w = 18] Configuring CaDiCaL as --sat (1).
c [w = 18] Encoding starts with w = 18:
c [w = 18] Symmetry breaking highest degree node is applied.
c [w = 18] Encoding duration: 1334 ms.
c [w = 18] Number of clauses: 1950100.
c [w = 18] Number of variables: 126800.
c [w = 18] SAT Solving starts:
c [w = 18] Solving duration: 7061 ms.
c [w = 18] Answer:
s [w = 18] SAT (w = 18).
c [w = 18] Solution check = 18.
c [w = 18] The solution is correct.
c [w = 18] Result: 10.
c [Main] Max width SAT is set to 18.
c [Main] Kill lower pid 17.
c [w = 17] Start task in PID: 186026.
c [w = 17] Cyclic Antibandwidth problem with w = 17 (p40_200_2000):
c [w = 17] Initializing CaDiCaL (version 2.1.3).
c [w = 17] Configuring CaDiCaL as --sat (1).
c [w = 17] Encoding starts with w = 17:
c [w = 17] Symmetry breaking highest degree node is applied.
c [w = 17] Encoding duration: 1315 ms.
c [w = 17] Number of clauses: 1942700.
c [w = 17] Number of variables: 124400.
c [w = 17] SAT Solving starts:
c [Signal] Signal interruption. Caught signal: SIGTERM (15).
c [Main] Child pid 17 - 186026 terminated by signal 15.
c [w = 19] Start task in PID: 186022.
c [w = 19] Cyclic Antibandwidth problem with w = 19 (p40_200_2000):
c [w = 19] Initializing CaDiCaL (version 2.1.3).
c [w = 19] Configuring CaDiCaL as --sat (1).
c [w = 19] Encoding starts with w = 19:
c [w = 19] Symmetry breaking highest degree node is applied.
c [w = 19] Encoding duration: 1281 ms.
c [w = 19] Number of clauses: 1951500.
c [w = 19] Number of variables: 126000.
c [w = 19] SAT Solving starts:
c [w = 19] Solving duration: 26524 ms.
c [w = 19] Answer:
s [w = 19] SAT (w = 19).
c [w = 19] Solution check = 19.
c [w = 19] The solution is correct.
c [w = 19] Result: 10.
c [Main] Max width SAT is set to 19.
c [w = 20] Start task in PID: 186029.
c [w = 20] Cyclic Antibandwidth problem with w = 20 (p40_200_2000):
c [w = 20] Initializing CaDiCaL (version 2.1.3).
c [w = 20] Configuring CaDiCaL as --sat (1).
c [w = 20] Encoding starts with w = 20:
c [w = 20] Symmetry breaking highest degree node is applied.
c [w = 20] Encoding duration: 1327 ms.
c [w = 20] Number of clauses: 1951900.
c [w = 20] Number of variables: 124800.
c [w = 20] SAT Solving starts:
c [w = 20] Solving duration: 38631 ms.
c [w = 20] Answer:
s [w = 20] SAT (w = 20).
c [w = 20] Solution check = 20.
c [w = 20] The solution is correct.
c [w = 20] Result: 10.
c [Main] Max width SAT is set to 20.
c [w = 38] Start task in PID: 186037.
c [w = 38] Cyclic Antibandwidth problem with w = 38 (p40_200_2000):
c [w = 38] Initializing CaDiCaL (version 2.1.3).
c [w = 38] Configuring CaDiCaL as --sat (1).
c [w = 38] Encoding starts with w = 38:
c [w = 38] Symmetry breaking highest degree node is applied.
c [w = 38] Encoding duration: 1341 ms.
c [w = 38] Number of clauses: 1996700.
c [w = 38] Number of variables: 132800.
c [w = 38] SAT Solving starts:
c [Signal] Signal interruption. Caught signal: SIGTERM (15).
c [w = 32] Start task in PID: 186042.
c [w = 32] Cyclic Antibandwidth problem with w = 32 (p40_200_2000):
c [w = 32] Initializing CaDiCaL (version 2.1.3).
c [w = 32] Configuring CaDiCaL as --sat (1).
c [w = 32] Encoding starts with w = 32:
c [w = 32] Symmetry breaking highest degree node is applied.
c [w = 32] Encoding duration: 1375 ms.
c [w = 32] Number of clauses: 1986700.
c [w = 32] Number of variables: 131400.
c [w = 32] SAT Solving starts:
c [Signal] Signal interruption. Caught signal: SIGTERM (15).
c [w = 25] Start task in PID: 186034.
c [w = 25] Cyclic Antibandwidth problem with w = 25 (p40_200_2000):
c [w = 25] Initializing CaDiCaL (version 2.1.3).
c [w = 25] Configuring CaDiCaL as --sat (1).
c [w = 25] Encoding starts with w = 25:
c [w = 25] Symmetry breaking highest degree node is applied.
c [w = 25] Encoding duration: 1323 ms.
c [w = 25] Number of clauses: 1964700.
c [w = 25] Number of variables: 126000.
c [w = 25] SAT Solving starts:
c [Signal] Signal interruption. Caught signal: SIGTERM (15).
c [w = 23] Start task in PID: 186033.
c [w = 23] Cyclic Antibandwidth problem with w = 23 (p40_200_2000):
c [w = 23] Initializing CaDiCaL (version 2.1.3).
c [w = 23] Configuring CaDiCaL as --sat (1).
c [w = 23] Encoding starts with w = 23:
c [w = 23] Symmetry breaking highest degree node is applied.
c [w = 23] Encoding duration: 1328 ms.
c [w = 23] Number of clauses: 1962500.
c [w = 23] Number of variables: 126800.
c [w = 23] SAT Solving starts:
c [Signal] Signal interruption. Caught signal: SIGTERM (15).
c [w = 21] Start task in PID: 186030.
c [w = 21] Cyclic Antibandwidth problem with w = 21 (p40_200_2000):
c [w = 21] Initializing CaDiCaL (version 2.1.3).
c [w = 21] Configuring CaDiCaL as --sat (1).
c [w = 21] Encoding starts with w = 21:
c [w = 21] Symmetry breaking highest degree node is applied.
c [w = 21] Encoding duration: 1326 ms.
c [w = 21] Number of clauses: 1958100.
c [w = 21] Number of variables: 126800.
c [w = 21] SAT Solving starts:
c [Signal] Signal interruption. Caught signal: SIGTERM (15).
c [w = 24] Start task in PID: 186031.
c [w = 24] Cyclic Antibandwidth problem with w = 24 (p40_200_2000):
c [w = 24] Initializing CaDiCaL (version 2.1.3).
c [w = 24] Configuring CaDiCaL as --sat (1).
c [w = 24] Encoding starts with w = 24:
c [w = 24] Symmetry breaking highest degree node is applied.
c [w = 24] Encoding duration: 1304 ms.
c [w = 24] Number of clauses: 1968100.
c [w = 24] Number of variables: 128600.
c [w = 24] SAT Solving starts:
c [Signal] Signal interruption. Caught signal: SIGTERM (15).
c [w = 22] Start task in PID: 186028.
c [w = 22] Cyclic Antibandwidth problem with w = 22 (p40_200_2000):
c [w = 22] Initializing CaDiCaL (version 2.1.3).
c [w = 22] Configuring CaDiCaL as --sat (1).
c [w = 22] Encoding starts with w = 22:
c [w = 22] Symmetry breaking highest degree node is applied.
c [w = 22] Encoding duration: 1300 ms.
c [w = 22] Number of clauses: 1964300.
c [w = 22] Number of variables: 128800.
c [w = 22] SAT Solving starts:
c [Signal] Signal interruption. Caught signal: SIGTERM (15).
c [Main] Lim pid ends with result: 254.
c [Main] All children have completed.
r [Main] 
r [Main] Final results: 
r [Main] Max width SAT:  	20.
r [Main] Min width UNSAT:	51.
r [Main] Total real time: 151046 ms.
r [Main] Total memory consumed: 3753.5 MB.
r [Main] 
c [w = 26] Start task in PID: 186009.
c [w = 26] Cyclic Antibandwidth problem with w = 26 (p40_200_2000):
c [w = 26] Initializing CaDiCaL (version 2.1.3).
c [w = 26] Configuring CaDiCaL as --sat (1).
c [w = 26] Encoding starts with w = 26:
c [w = 26] Symmetry breaking highest degree node is applied.
c [w = 26] Encoding duration: 1317 ms.
c [w = 26] Number of clauses: 1969700.
c [w = 26] Number of variables: 127600.
c [w = 26] SAT Solving starts:
c [Signal] Signal interruption. Caught signal: SIGTERM (15).
