c [Version] Cyclic Bandwidth Encoder version 1.0.0.
c [Param] Real time limit is set to 150.
c [Param] Memory limit is set to 30000.
c [Param] Worker count is set to 8.
c [Main] Encoding and solving for graph: K-dwt__234.mtx.rnd.
c [Main] Search strategy: Binary search from lower bound.
c [Main] Lower bound is set to 23.
c [Main] Upper bound is set to 58.
c [Main] Search order: 40 31 26 24 23 25 28 27 29 30 35 33 32 34 37 36 38 39 49 44 42 41 43 46 45 47 48 54 51 50 52 53 56 55 57 58.
c [w = 24] Start task in PID: 10089.
c [w = 24] Cyclic Antibandwidth problem with w = 24 (K-dwt__234.mtx.rnd):
c [w = 24] Initializing CaDiCaL (version 2.1.3).
c [w = 24] Configuring CaDiCaL as --sat (1).
c [w = 24] Encoding starts with w = 24:
c [w = 24] Symmetry breaking highest degree node is applied.
c [w = 24] Encoding duration: 141 ms.
c [w = 24] Number of clauses: 216886.
c [w = 24] Number of variables: 44343.
c [w = 24] SAT Solving starts:
c [w = 24] Solving duration: 260 ms.
c [w = 24] Answer:
s [w = 24] SAT (w = 24).
c [w = 24] Solution check = 24.
c [w = 24] The solution is correct.
c [w = 24] Result: 10.
c [Main] Max width SAT is set to 24.
c [Main] Kill lower pid 23.
c [w = 23] Start task in PID: 10090.
c [w = 23] Cyclic Antibandwidth problem with w = 23 (K-dwt__234.mtx.rnd):
c [w = 23] Initializing CaDiCaL (version 2.1.3).
c [w = 23] Configuring CaDiCaL as --sat (1).
c [w = 23] Encoding starts with w = 23:
c [w = 23] Symmetry breaking highest degree node is applied.
c [w = 23] Encoding duration: 140 ms.
c [w = 23] Number of clauses: 222250.
c [w = 23] Number of variables: 46098.
c [w = 23] SAT Solving starts:
c [Signal] Signal interruption. Caught signal: SIGTERM (15).
c [Main] Child pid 23 - 10090 terminated by signal 15.
c [w = 25] Start task in PID: 10091.
c [w = 25] Cyclic Antibandwidth problem with w = 25 (K-dwt__234.mtx.rnd):
c [w = 25] Initializing CaDiCaL (version 2.1.3).
c [w = 25] Configuring CaDiCaL as --sat (1).
c [w = 25] Encoding starts with w = 25:
c [w = 25] Symmetry breaking highest degree node is applied.
c [w = 25] Encoding duration: 144 ms.
c [w = 25] Number of clauses: 218758.
c [w = 25] Number of variables: 44928.
c [w = 25] SAT Solving starts:
c [w = 25] Solving duration: 346 ms.
c [w = 25] Answer:
s [w = 25] SAT (w = 25).
c [w = 25] Solution check = 25.
c [w = 25] The solution is correct.
c [w = 25] Result: 10.
c [Main] Max width SAT is set to 25.
c [w = 28] Start task in PID: 10092.
c [w = 28] Cyclic Antibandwidth problem with w = 28 (K-dwt__234.mtx.rnd):
c [w = 28] Initializing CaDiCaL (version 2.1.3).
c [w = 28] Configuring CaDiCaL as --sat (1).
c [w = 28] Encoding starts with w = 28:
c [w = 28] Symmetry breaking highest degree node is applied.
c [w = 28] Encoding duration: 147 ms.
c [w = 28] Number of clauses: 224374.
c [w = 28] Number of variables: 46683.
c [w = 28] SAT Solving starts:
c [w = 28] Solving duration: 429 ms.
c [w = 28] Answer:
s [w = 28] SAT (w = 28).
c [w = 28] Solution check = 28.
c [w = 28] The solution is correct.
c [w = 28] Result: 10.
c [w = 26] Start task in PID: 10088.
c [w = 26] Cyclic Antibandwidth problem with w = 26 (K-dwt__234.mtx.rnd):
c [w = 26] Initializing CaDiCaL (version 2.1.3).
c [w = 26] Configuring CaDiCaL as --sat (1).
c [w = 26] Encoding starts with w = 26:
c [w = 26] Symmetry breaking highest degree node is applied.
c [w = 26] Encoding duration: 153 ms.
c [w = 26] Number of clauses: 220630.
c [w = 26] Number of variables: 45513.
c [w = 26] SAT Solving starts:
c [w = 26] Solving duration: 429 ms.
c [w = 26] Answer:
s [w = 26] SAT (w = 26).
c [w = 26] Solution check = 26.
c [w = 26] The solution is correct.
c [w = 26] Result: 10.
c [Main] Max width SAT is set to 28.
c [Main] Kill lower pid 26.
c [Main] Kill lower pid 27.
c [w = 27] Start task in PID: 10093.
c [w = 27] Cyclic Antibandwidth problem with w = 27 (K-dwt__234.mtx.rnd):
c [w = 27] Initializing CaDiCaL (version 2.1.3).
c [w = 27] Configuring CaDiCaL as --sat (1).
c [w = 27] Encoding starts with w = 27:
c [w = 27] Symmetry breaking highest degree node is applied.
c [w = 27] Encoding duration: 142 ms.
c [w = 27] Number of clauses: 222502.
c [w = 27] Number of variables: 46098.
c [w = 27] SAT Solving starts:
c [Signal] Signal interruption. Caught signal: SIGTERM (15).
c [Main] Child pid 27 - 10093 terminated by signal 15.
c [w = 30] Start task in PID: 10100.
c [w = 30] Cyclic Antibandwidth problem with w = 30 (K-dwt__234.mtx.rnd):
c [w = 30] Initializing CaDiCaL (version 2.1.3).
c [w = 30] Configuring CaDiCaL as --sat (1).
c [w = 30] Encoding starts with w = 30:
c [w = 30] Symmetry breaking highest degree node is applied.
c [w = 30] Encoding duration: 155 ms.
c [w = 30] Number of clauses: 218542.
c [w = 30] Number of variables: 44694.
c [w = 30] SAT Solving starts:
c [w = 30] Solving duration: 120 ms.
c [w = 30] Answer:
s [w = 30] SAT (w = 30).
c [w = 30] Solution check = 30.
c [w = 30] The solution is correct.
c [w = 30] Result: 10.
c [Main] Max width SAT is set to 30.
c [Main] Kill lower pid 29.
c [w = 29] Start task in PID: 10099.
c [w = 29] Cyclic Antibandwidth problem with w = 29 (K-dwt__234.mtx.rnd):
c [w = 29] Initializing CaDiCaL (version 2.1.3).
c [w = 29] Configuring CaDiCaL as --sat (1).
c [w = 29] Encoding starts with w = 29:
c [w = 29] Symmetry breaking highest degree node is applied.
c [w = 29] Encoding duration: 143 ms.
c [w = 29] Number of clauses: 216886.
c [w = 29] Number of variables: 44226.
c [w = 29] SAT Solving starts:
c [Signal] Signal interruption. Caught signal: SIGTERM (15).
c [Main] Child pid 29 - 10099 terminated by signal 15.
c [w = 31] Start task in PID: 10087.
c [w = 31] Cyclic Antibandwidth problem with w = 31 (K-dwt__234.mtx.rnd):
c [w = 31] Initializing CaDiCaL (version 2.1.3).
c [w = 31] Configuring CaDiCaL as --sat (1).
c [w = 31] Encoding starts with w = 31:
c [w = 31] Symmetry breaking highest degree node is applied.
c [w = 31] Encoding duration: 142 ms.
c [w = 31] Number of clauses: 220063.
c [w = 31] Number of variables: 45162.
c [w = 31] SAT Solving starts:
c [w = 31] Solving duration: 806 ms.
c [w = 31] Answer:
s [w = 31] SAT (w = 31).
c [w = 31] Solution check = 31.
c [w = 31] The solution is correct.
c [w = 31] Result: 10.
c [Main] Max width SAT is set to 31.
c [w = 37] Start task in PID: 10105.
c [w = 37] Cyclic Antibandwidth problem with w = 37 (K-dwt__234.mtx.rnd):
c [w = 37] Initializing CaDiCaL (version 2.1.3).
c [w = 37] Configuring CaDiCaL as --sat (1).
c [w = 37] Encoding starts with w = 37:
c [w = 37] Symmetry breaking highest degree node is applied.
c [w = 37] Encoding duration: 149 ms.
c [w = 37] Number of clauses: 229189.
c [w = 37] Number of variables: 47970.
c [w = 37] SAT Solving starts:
c [w = 37] Solving duration: 419 ms.
c [w = 37] Answer:
s [w = 37] SAT (w = 37).
c [w = 37] Solution check = 37.
c [w = 37] The solution is correct.
c [w = 37] Result: 10.
c [w = 36] Start task in PID: 10106.
c [w = 36] Cyclic Antibandwidth problem with w = 36 (K-dwt__234.mtx.rnd):
c [w = 36] Initializing CaDiCaL (version 2.1.3).
c [w = 36] Configuring CaDiCaL as --sat (1).
c [w = 36] Encoding starts with w = 36:
c [w = 36] Symmetry breaking highest degree node is applied.
c [w = 36] Encoding duration: 146 ms.
c [w = 36] Number of clauses: 227668.
c [w = 36] Number of variables: 47502.
c [w = 36] SAT Solving starts:
c [Signal] Signal interruption. Caught signal: SIGTERM (15).
c [Main] Max width SAT is set to 37.
c [Main] Kill lower pid 36.
c [Main] Kill lower pid 34.
c [Main] Kill lower pid 32.
c [Main] Kill lower pid 33.
c [Main] Kill lower pid 35.
c [w = 34] Start task in PID: 10104.
c [w = 34] Cyclic Antibandwidth problem with w = 34 (K-dwt__234.mtx.rnd):
c [w = 34] Initializing CaDiCaL (version 2.1.3).
c [w = 34] Configuring CaDiCaL as --sat (1).
c [w = 34] Encoding starts with w = 34:
c [w = 34] Symmetry breaking highest degree node is applied.
c [w = 34] Encoding duration: 146 ms.
c [w = 34] Number of clauses: 224626.
c [w = 34] Number of variables: 46566.
c [w = 34] SAT Solving starts:
c [Signal] Signal interruption. Caught signal: SIGTERM (15).
c [w = 32] Start task in PID: 10103.
c [w = 32] Cyclic Antibandwidth problem with w = 32 (K-dwt__234.mtx.rnd):
c [w = 32] Initializing CaDiCaL (version 2.1.3).
c [w = 32] Configuring CaDiCaL as --sat (1).
c [w = 32] Encoding starts with w = 32:
c [w = 32] Symmetry breaking highest degree node is applied.
c [w = 32] Encoding duration: 145 ms.
c [w = 32] Number of clauses: 221584.
c [w = 32] Number of variables: 45630.
c [w = 32] SAT Solving starts:
c [Signal] Signal interruption. Caught signal: SIGTERM (15).
c [w = 33] Start task in PID: 10102.
c [w = 33] Cyclic Antibandwidth problem with w = 33 (K-dwt__234.mtx.rnd):
c [w = 33] Initializing CaDiCaL (version 2.1.3).
c [w = 33] Configuring CaDiCaL as --sat (1).
c [w = 33] Encoding starts with w = 33:
c [w = 33] Symmetry breaking highest degree node is applied.
c [w = 33] Encoding duration: 148 ms.
c [w = 33] Number of clauses: 223105.
c [w = 33] Number of variables: 46098.
c [w = 33] SAT Solving starts:
c [Signal] Signal interruption. Caught signal: SIGTERM (15).
c [w = 35] Start task in PID: 10101.
c [w = 35] Cyclic Antibandwidth problem with w = 35 (K-dwt__234.mtx.rnd):
c [w = 35] Initializing CaDiCaL (version 2.1.3).
c [w = 35] Configuring CaDiCaL as --sat (1).
c [w = 35] Encoding starts with w = 35:
c [w = 35] Symmetry breaking highest degree node is applied.
c [w = 35] Encoding duration: 154 ms.
c [w = 35] Number of clauses: 226147.
c [w = 35] Number of variables: 47034.
c [w = 35] SAT Solving starts:
c [Signal] Signal interruption. Caught signal: SIGTERM (15).
c [Main] Child pid 33 - 10102 terminated by signal 15.
c [Main] Child pid 32 - 10103 terminated by signal 15.
c [Main] Child pid 34 - 10104 terminated by signal 15.
c [Main] Child pid 36 - 10106 terminated by signal 15.
c [Main] Child pid 35 - 10101 terminated by signal 15.
c [w = 38] Start task in PID: 10107.
c [w = 38] Cyclic Antibandwidth problem with w = 38 (K-dwt__234.mtx.rnd):
c [w = 38] Initializing CaDiCaL (version 2.1.3).
c [w = 38] Configuring CaDiCaL as --sat (1).
c [w = 38] Encoding starts with w = 38:
c [w = 38] Symmetry breaking highest degree node is applied.
c [w = 38] Encoding duration: 172 ms.
c [w = 38] Number of clauses: 230710.
c [w = 38] Number of variables: 48438.
c [w = 38] SAT Solving starts:
c [w = 38] Solving duration: 269 ms.
c [w = 38] Answer:
s [w = 38] SAT (w = 38).
c [w = 38] Solution check = 38.
c [w = 38] The solution is correct.
c [w = 38] Result: 10.
c [Main] Max width SAT is set to 38.
c [w = 49] Start task in PID: 10119.
c [w = 49] Cyclic Antibandwidth problem with w = 49 (K-dwt__234.mtx.rnd):
c [w = 49] Initializing CaDiCaL (version 2.1.3).
c [w = 49] Configuring CaDiCaL as --sat (1).
c [w = 49] Encoding starts with w = 49:
c [w = 49] Symmetry breaking highest degree node is applied.
c [w = 49] Encoding duration: 151 ms.
c [w = 49] Number of clauses: 231313.
c [w = 49] Number of variables: 48204.
c [w = 49] SAT Solving starts:
c [w = 49] Solving duration: 199 ms.
c [w = 49] Answer:
s [w = 49] UNSAT (w = 49).
c [w = 49] Result: 20.
c [Main] Min width UNSAT is set to 49
c [w = 43] Start task in PID: 10123.
c [w = 43] Cyclic Antibandwidth problem with w = 43 (K-dwt__234.mtx.rnd):
c [w = 43] Initializing CaDiCaL (version 2.1.3).
c [w = 43] Configuring CaDiCaL as --sat (1).
c [w = 43] Encoding starts with w = 43:
c [w = 43] Symmetry breaking highest degree node is applied.
c [w = 43] Encoding duration: 141 ms.
c [w = 43] Number of clauses: 224293.
c [w = 43] Number of variables: 46098.
c [w = 43] SAT Solving starts:
c [w = 43] Solving duration: 3278 ms.
c [w = 43] Answer:
s [w = 43] SAT (w = 43).
c [w = 43] Solution check = 43.
c [w = 43] The solution is correct.
c [w = 43] Result: 10.
c [w = 41] Start task in PID: 10122.
c [w = 41] Cyclic Antibandwidth problem with w = 41 (K-dwt__234.mtx.rnd):
c [w = 41] Initializing CaDiCaL (version 2.1.3).
c [w = 41] Configuring CaDiCaL as --sat (1).
c [w = 41] Encoding starts with w = 41:
c [w = 41] Symmetry breaking highest degree node is applied.
c [w = 41] Encoding duration: 140 ms.
c [w = 41] Number of clauses: 221953.
c [w = 41] Number of variables: 45396.
c [w = 41] SAT Solving starts:
c [Signal] Signal interruption. Caught signal: SIGTERM (15).
c [w = 42] Start task in PID: 10121.
c [w = 42] Cyclic Antibandwidth problem with w = 42 (K-dwt__234.mtx.rnd):
c [w = 42] Initializing CaDiCaL (version 2.1.3).
c [w = 42] Configuring CaDiCaL as --sat (1).
c [w = 42] Encoding starts with w = 42:
c [w = 42] Symmetry breaking highest degree node is applied.
c [w = 42] Encoding duration: 144 ms.
c [w = 42] Number of clauses: 223123.
c [w = 42] Number of variables: 45747.
c [w = 42] SAT Solving starts:
c [Signal] Signal interruption. Caught signal: SIGTERM (15).
c [Main] Max width SAT is set to 43.
c [Main] Kill lower pid 41.
c [Main] Kill lower pid 42.
c [Main] Kill lower pid 39.
c [Main] Kill lower pid 40.
c [w = 39] Start task in PID: 10118.
c [w = 39] Cyclic Antibandwidth problem with w = 39 (K-dwt__234.mtx.rnd):
c [w = 39] Initializing CaDiCaL (version 2.1.3).
c [w = 39] Configuring CaDiCaL as --sat (1).
c [w = 39] Encoding starts with w = 39:
c [w = 39] Symmetry breaking highest degree node is applied.
c [w = 39] Encoding duration: 143 ms.
c [w = 39] Number of clauses: 219613.
c [w = 39] Number of variables: 44694.
c [w = 39] SAT Solving starts:
c [Signal] Signal interruption. Caught signal: SIGTERM (15).
c [w = 40] Start task in PID: 10086.
c [w = 40] Cyclic Antibandwidth problem with w = 40 (K-dwt__234.mtx.rnd):
c [w = 40] Initializing CaDiCaL (version 2.1.3).
c [w = 40] Configuring CaDiCaL as --sat (1).
c [w = 40] Encoding starts with w = 40:
c [w = 40] Symmetry breaking highest degree node is applied.
c [w = 40] Encoding duration: 139 ms.
c [w = 40] Number of clauses: 220783.
c [w = 40] Number of variables: 45045.
c [w = 40] SAT Solving starts:
c [Signal] Signal interruption. Caught signal: SIGTERM (15).
c [Main] Child pid 40 - 10086 terminated by signal 15.
c [Main] Child pid 42 - 10121 terminated by signal 15.
c [Main] Child pid 39 - 10118 terminated by signal 15.
c [Main] Child pid 41 - 10122 terminated by signal 15.
c [w = 44] Start task in PID: 10120.
c [w = 44] Cyclic Antibandwidth problem with w = 44 (K-dwt__234.mtx.rnd):
c [w = 44] Initializing CaDiCaL (version 2.1.3).
c [w = 44] Configuring CaDiCaL as --sat (1).
c [w = 44] Encoding starts with w = 44:
c [w = 44] Symmetry breaking highest degree node is applied.
c [w = 44] Encoding duration: 144 ms.
c [w = 44] Number of clauses: 225463.
c [w = 44] Number of variables: 46449.
c [w = 44] SAT Solving starts:
c [w = 44] Solving duration: 18668 ms.
c [w = 44] Answer:
s [w = 44] SAT (w = 44).
c [w = 44] Solution check = 44.
c [w = 44] The solution is correct.
c [w = 44] Result: 10.
c [Main] Max width SAT is set to 44.
c [w = 46] Start task in PID: 10124.
c [w = 46] Cyclic Antibandwidth problem with w = 46 (K-dwt__234.mtx.rnd):
c [w = 46] Initializing CaDiCaL (version 2.1.3).
c [w = 46] Configuring CaDiCaL as --sat (1).
c [w = 46] Encoding starts with w = 46:
c [w = 46] Symmetry breaking highest degree node is applied.
c [w = 46] Encoding duration: 145 ms.
c [w = 46] Number of clauses: 227803.
c [w = 46] Number of variables: 47151.
c [w = 46] SAT Solving starts:
c [w = 46] Solving duration: 40238 ms.
c [w = 46] Answer:
s [w = 46] SAT (w = 46).
c [w = 46] Solution check = 46.
c [w = 46] The solution is correct.
c [w = 46] Result: 10.
c [Main] Max width SAT is set to 46.
c [Main] Kill lower pid 45.
c [w = 45] Start task in PID: 10125.
c [w = 45] Cyclic Antibandwidth problem with w = 45 (K-dwt__234.mtx.rnd):
c [w = 45] Initializing CaDiCaL (version 2.1.3).
c [w = 45] Configuring CaDiCaL as --sat (1).
c [w = 45] Encoding starts with w = 45:
c [w = 45] Symmetry breaking highest degree node is applied.
c [w = 45] Encoding duration: 142 ms.
c [w = 45] Number of clauses: 226633.
c [w = 45] Number of variables: 46800.
c [w = 45] SAT Solving starts:
c [Signal] Signal interruption. Caught signal: SIGTERM (15).
c [Main] Child pid 45 - 10125 terminated by signal 15.
c [w = 48] Start task in PID: 10133.
c [w = 48] Cyclic Antibandwidth problem with w = 48 (K-dwt__234.mtx.rnd):
c [w = 48] Initializing CaDiCaL (version 2.1.3).
c [w = 48] Configuring CaDiCaL as --sat (1).
c [w = 48] Encoding starts with w = 48:
c [w = 48] Symmetry breaking highest degree node is applied.
c [w = 48] Encoding duration: 147 ms.
c [w = 48] Number of clauses: 230143.
c [w = 48] Number of variables: 47853.
c [w = 48] SAT Solving starts:
c [w = 48] Solving duration: 42373 ms.
c [w = 48] Answer:
s [w = 48] UNSAT (w = 48).
c [w = 48] Result: 20.
c [Main] Min width UNSAT is set to 48
c [w = 47] Start task in PID: 10132.
c [w = 47] Cyclic Antibandwidth problem with w = 47 (K-dwt__234.mtx.rnd):
c [w = 47] Initializing CaDiCaL (version 2.1.3).
c [w = 47] Configuring CaDiCaL as --sat (1).
c [w = 47] Encoding starts with w = 47:
c [w = 47] Symmetry breaking highest degree node is applied.
c [w = 47] Encoding duration: 146 ms.
c [w = 47] Number of clauses: 228973.
c [w = 47] Number of variables: 47502.
c [w = 47] SAT Solving starts:
c [Signal] Signal interruption. Caught signal: SIGTERM (15).
c [Main] Lim pid ends with result: 254.
c [Main] All children have completed.
r [Main] 
r [Main] Final results: 
r [Main] Max width SAT:  	46.
r [Main] Min width UNSAT:	48.
r [Main] Total real time: 150613 ms.
r [Main] Total memory consumed: 552.2 MB.
r [Main] 
