c [Version] Cyclic Bandwidth Encoder version 1.0.0.
c [Param] Real time limit is set to 150.
c [Param] Memory limit is set to 30000.
c [Param] Worker count is set to 4.
c [Main] Encoding and solving for graph: p2_100_200.
c [Main] Search strategy: Binary search from lower bound.
c [Main] No predefined lower bound is found for p2_100_200.
c [Main] LB-w = 2 (default value).
c [Main] No predefined upper bound is found for p2_100_200.
c [Main] UB-w = 50 (default value calculated as n/2).
c [Main] Search order: 26 13 7 4 2 3 5 6 10 8 9 11 12 19 16 14 15 17 18 22 20 21 24 23 25 38 32 29 27 28 30 31 35 33 34 36 37 44 41 39 40 42 43 47 45 46 49 48 50.
c [w = 4] Start task in PID: 181518.
c [w = 4] Cyclic Antibandwidth problem with w = 4 (p2_100_200):
c [w = 4] Initializing CaDiCaL (version 2.1.3).
c [w = 4] Configuring CaDiCaL as --sat (1).
c [w = 4] Encoding starts with w = 4:
c [w = 4] Symmetry breaking highest degree node is applied.
c [w = 4] Encoding duration: 77 ms.
c [w = 4] Number of clauses: 180150.
c [w = 4] Number of variables: 26100.
c [w = 4] SAT Solving starts:
c [w = 4] Solving duration: 3 ms.
c [w = 4] Answer:
s [w = 4] SAT (w = 4).
c [w = 4] Solution check = 4.
c [w = 4] The solution is correct.
c [w = 4] Result: 10.
c [Main] Max width SAT is set to 4.
c [w = 7] Start task in PID: 181517.
c [w = 7] Cyclic Antibandwidth problem with w = 7 (p2_100_200):
c [w = 7] Initializing CaDiCaL (version 2.1.3).
c [w = 7] Configuring CaDiCaL as --sat (1).
c [w = 7] Encoding starts with w = 7:
c [w = 7] Symmetry breaking highest degree node is applied.
c [w = 7] Encoding duration: 70 ms.
c [w = 7] Number of clauses: 176450.
c [w = 7] Number of variables: 29600.
c [w = 7] SAT Solving starts:
c [w = 7] Solving duration: 5 ms.
c [w = 7] Answer:
s [w = 7] SAT (w = 7).
c [w = 7] Solution check = 7.
c [w = 7] The solution is correct.
c [w = 7] Result: 10.
c [Main] Max width SAT is set to 7.
c [Main] Kill lower pid 5.
c [w = 5] Start task in PID: 181519.
c [w = 5] Cyclic Antibandwidth problem with w = 5 (p2_100_200):
c [w = 5] Initializing CaDiCaL (version 2.1.3).
c [w = 5] Configuring CaDiCaL as --sat (1).
c [w = 5] Encoding starts with w = 5:
c [w = 5] Symmetry breaking highest degree node is applied.
c [Signal] Signal interruption. Caught signal: SIGTERM (15).
c [Main] Child pid 5 - 181519 terminated by signal 15.
c [w = 13] Start task in PID: 181516.
c [w = 13] Cyclic Antibandwidth problem with w = 13 (p2_100_200):
c [w = 13] Initializing CaDiCaL (version 2.1.3).
c [w = 13] Configuring CaDiCaL as --sat (1).
c [w = 13] Encoding starts with w = 13:
c [w = 13] Symmetry breaking highest degree node is applied.
c [w = 13] Encoding duration: 70 ms.
c [w = 13] Number of clauses: 178850.
c [w = 13] Number of variables: 31600.
c [w = 13] SAT Solving starts:
c [w = 13] Solving duration: 41 ms.
c [w = 13] Answer:
s [w = 13] SAT (w = 13).
c [w = 13] Solution check = 13.
c [w = 13] The solution is correct.
c [w = 13] Result: 10.
c [w = 8] Start task in PID: 181521.
c [w = 8] Cyclic Antibandwidth problem with w = 8 (p2_100_200):
c [w = 8] Initializing CaDiCaL (version 2.1.3).
c [w = 8] Configuring CaDiCaL as --sat (1).
c [w = 8] Encoding starts with w = 8:
c [w = 8] Symmetry breaking highest degree node is applied.
c [Signal] Signal interruption. Caught signal: SIGTERM (15).
c [Main] Max width SAT is set to 13.
c [Main] Kill lower pid 8.
c [Main] Kill lower pid 10.
c [w = 10] Start task in PID: 181520.
c [w = 10] Cyclic Antibandwidth problem with w = 10 (p2_100_200):
c [w = 10] Initializing CaDiCaL (version 2.1.3).
c [w = 10] Configuring CaDiCaL as --sat (1).
c [w = 10] Encoding starts with w = 10:
c [w = 10] Symmetry breaking highest degree node is applied.
c [Signal] Signal interruption. Caught signal: SIGTERM (15).
c [Main] Child pid 8 - 181521 terminated by signal 15.
c [Main] Child pid 10 - 181520 terminated by signal 15.
c [w = 16] Start task in PID: 181523.
c [w = 16] Cyclic Antibandwidth problem with w = 16 (p2_100_200):
c [w = 16] Initializing CaDiCaL (version 2.1.3).
c [w = 16] Configuring CaDiCaL as --sat (1).
c [w = 16] Encoding starts with w = 16:
c [w = 16] Symmetry breaking highest degree node is applied.
c [w = 16] Encoding duration: 71 ms.
c [w = 16] Number of clauses: 182250.
c [w = 16] Number of variables: 32700.
c [w = 16] SAT Solving starts:
c [w = 16] Solving duration: 13 ms.
c [w = 16] Answer:
s [w = 16] SAT (w = 16).
c [w = 16] Solution check = 16.
c [w = 16] The solution is correct.
c [w = 16] Result: 10.
c [Main] Max width SAT is set to 16.
c [Main] Kill lower pid 14.
c [w = 14] Start task in PID: 181524.
c [w = 14] Cyclic Antibandwidth problem with w = 14 (p2_100_200):
c [w = 14] Initializing CaDiCaL (version 2.1.3).
c [w = 14] Configuring CaDiCaL as --sat (1).
c [w = 14] Encoding starts with w = 14:
c [w = 14] Symmetry breaking highest degree node is applied.
c [w = 14] Encoding duration: 76 ms.
c [w = 14] Number of clauses: 181350.
c [w = 14] Number of variables: 32400.
c [w = 14] SAT Solving starts:
c [Signal] Signal interruption. Caught signal: SIGTERM (15).
c [Main] Child pid 14 - 181524 terminated by signal 15.
c [w = 19] Start task in PID: 181522.
c [w = 19] Cyclic Antibandwidth problem with w = 19 (p2_100_200):
c [w = 19] Initializing CaDiCaL (version 2.1.3).
c [w = 19] Configuring CaDiCaL as --sat (1).
c [w = 19] Encoding starts with w = 19:
c [w = 19] Symmetry breaking highest degree node is applied.
c [w = 19] Encoding duration: 71 ms.
c [w = 19] Number of clauses: 183950.
c [w = 19] Number of variables: 33200.
c [w = 19] SAT Solving starts:
c [w = 19] Solving duration: 28 ms.
c [w = 19] Answer:
s [w = 19] SAT (w = 19).
c [w = 19] Solution check = 19.
c [w = 19] The solution is correct.
c [w = 19] Result: 10.
c [Main] Max width SAT is set to 19.
c [Main] Kill lower pid 18.
c [Main] Kill lower pid 17.
c [w = 18] Start task in PID: 181526.
c [w = 18] Cyclic Antibandwidth problem with w = 18 (p2_100_200):
c [w = 18] Initializing CaDiCaL (version 2.1.3).
c [w = 18] Configuring CaDiCaL as --sat (1).
c [w = 18] Encoding starts with w = 18:
c [w = 18] Symmetry breaking highest degree node is applied.
c [Signal] Signal interruption. Caught signal: SIGTERM (15).
c [w = 17] Start task in PID: 181525.
c [w = 17] Cyclic Antibandwidth problem with w = 17 (p2_100_200):
c [w = 17] Initializing CaDiCaL (version 2.1.3).
c [w = 17] Configuring CaDiCaL as --sat (1).
c [w = 17] Encoding starts with w = 17:
c [w = 17] Symmetry breaking highest degree node is applied.
c [Signal] Signal interruption. Caught signal: SIGTERM (15).
c [Main] Child pid 17 - 181525 terminated by signal 15.
c [Main] Child pid 18 - 181526 terminated by signal 15.
c [w = 21] Start task in PID: 181529.
c [w = 21] Cyclic Antibandwidth problem with w = 21 (p2_100_200):
c [w = 21] Initializing CaDiCaL (version 2.1.3).
c [w = 21] Configuring CaDiCaL as --sat (1).
c [w = 21] Encoding starts with w = 21:
c [w = 21] Symmetry breaking highest degree node is applied.
c [w = 21] Encoding duration: 69 ms.
c [w = 21] Number of clauses: 182350.
c [w = 21] Number of variables: 32600.
c [w = 21] SAT Solving starts:
c [w = 21] Solving duration: 28 ms.
c [w = 21] Answer:
s [w = 21] SAT (w = 21).
c [w = 21] Solution check = 21.
c [w = 21] The solution is correct.
c [w = 21] Result: 10.
c [w = 20] Start task in PID: 181528.
c [w = 20] Cyclic Antibandwidth problem with w = 20 (p2_100_200):
c [w = 20] Initializing CaDiCaL (version 2.1.3).
c [w = 20] Configuring CaDiCaL as --sat (1).
c [w = 20] Encoding starts with w = 20:
c [w = 20] Symmetry breaking highest degree node is applied.
c [w = 20] Encoding duration: 82 ms.
c [w = 20] Number of clauses: 180750.
c [w = 20] Number of variables: 32100.
c [w = 20] SAT Solving starts:
c [w = 20] Solving duration: 18 ms.
c [w = 20] Answer:
s [w = 20] SAT (w = 20).
c [w = 20] Solution check = 20.
c [w = 20] The solution is correct.
c [w = 20] Result: 10.
c [Main] Max width SAT is set to 21.
c [Main] Kill lower pid 20.
c [w = 23] Start task in PID: 181531.
c [w = 23] Cyclic Antibandwidth problem with w = 23 (p2_100_200):
c [w = 23] Initializing CaDiCaL (version 2.1.3).
c [w = 23] Configuring CaDiCaL as --sat (1).
c [w = 23] Encoding starts with w = 23:
c [w = 23] Symmetry breaking highest degree node is applied.
c [w = 23] Encoding duration: 75 ms.
c [w = 23] Number of clauses: 185550.
c [w = 23] Number of variables: 33600.
c [w = 23] SAT Solving starts:
c [w = 23] Solving duration: 18 ms.
c [w = 23] Answer:
s [w = 23] SAT (w = 23).
c [w = 23] Solution check = 23.
c [w = 23] The solution is correct.
c [w = 23] Result: 10.
c [Main] Max width SAT is set to 23.
c [Main] Kill lower pid 22.
c [w = 22] Start task in PID: 181527.
c [w = 22] Cyclic Antibandwidth problem with w = 22 (p2_100_200):
c [w = 22] Initializing CaDiCaL (version 2.1.3).
c [w = 22] Configuring CaDiCaL as --sat (1).
c [w = 22] Encoding starts with w = 22:
c [w = 22] Symmetry breaking highest degree node is applied.
c [w = 22] Encoding duration: 79 ms.
c [w = 22] Number of clauses: 183950.
c [w = 22] Number of variables: 33100.
c [w = 22] SAT Solving starts:
c [Signal] Signal interruption. Caught signal: SIGTERM (15).
c [w = 26] Start task in PID: 181515.
c [w = 26] Cyclic Antibandwidth problem with w = 26 (p2_100_200):
c [w = 26] Initializing CaDiCaL (version 2.1.3).
c [w = 26] Configuring CaDiCaL as --sat (1).
c [w = 26] Encoding starts with w = 26:
c [w = 26] Symmetry breaking highest degree node is applied.
c [w = 26] Encoding duration: 86 ms.
c [w = 26] Number of clauses: 183550.
c [w = 26] Number of variables: 32800.
c [w = 26] SAT Solving starts:
c [w = 26] Solving duration: 401 ms.
c [w = 26] Answer:
s [w = 26] SAT (w = 26).
c [w = 26] Solution check = 26.
c [w = 26] The solution is correct.
c [w = 26] Result: 10.
c [Main] Child pid 22 - 181527 terminated by signal 15.
c [Main] Max width SAT is set to 26.
c [Main] Kill lower pid 25.
c [Main] Kill lower pid 24.
c [w = 25] Start task in PID: 181532.
c [w = 25] Cyclic Antibandwidth problem with w = 25 (p2_100_200):
c [w = 25] Initializing CaDiCaL (version 2.1.3).
c [w = 25] Configuring CaDiCaL as --sat (1).
c [w = 25] Encoding starts with w = 25:
c [w = 25] Symmetry breaking highest degree node is applied.
c [Signal] Signal interruption. Caught signal: SIGTERM (15).
c [w = 24] Start task in PID: 181530.
c [w = 24] Cyclic Antibandwidth problem with w = 24 (p2_100_200):
c [w = 24] Initializing CaDiCaL (version 2.1.3).
c [w = 24] Configuring CaDiCaL as --sat (1).
c [w = 24] Encoding starts with w = 24:
c [w = 24] Symmetry breaking highest degree node is applied.
c [w = 24] Encoding duration: 74 ms.
c [w = 24] Number of clauses: 187150.
c [w = 24] Number of variables: 34100.
c [w = 24] SAT Solving starts:
c [w = 24] Solving duration: 23 ms.
c [w = 24] Answer:
s [w = 24] SAT (w = 24).
c [w = 24] Solution check = 24.
c [w = 24] The solution is correct.
c [Signal] Signal interruption. Caught signal: SIGTERM (15).
c [Main] Child pid 25 - 181532 terminated by signal 15.
c [Main] Child pid 24 - 181530 terminated by signal 15.
c [w = 38] Start task in PID: 181533.
c [w = 38] Cyclic Antibandwidth problem with w = 38 (p2_100_200):
c [w = 38] Initializing CaDiCaL (version 2.1.3).
c [w = 38] Configuring CaDiCaL as --sat (1).
c [w = 38] Encoding starts with w = 38:
c [w = 38] Symmetry breaking highest degree node is applied.
c [w = 38] Encoding duration: 74 ms.
c [w = 38] Number of clauses: 188850.
c [w = 38] Number of variables: 34100.
c [w = 38] SAT Solving starts:
c [w = 38] Solving duration: 8 ms.
c [w = 38] Answer:
s [w = 38] UNSAT (w = 38).
c [w = 38] Result: 20.
c [Main] Min width UNSAT is set to 38
c [w = 27] Start task in PID: 181536.
c [w = 27] Cyclic Antibandwidth problem with w = 27 (p2_100_200):
c [w = 27] Initializing CaDiCaL (version 2.1.3).
c [w = 27] Configuring CaDiCaL as --sat (1).
c [w = 27] Encoding starts with w = 27:
c [w = 27] Symmetry breaking highest degree node is applied.
c [w = 27] Encoding duration: 77 ms.
c [w = 27] Number of clauses: 184850.
c [w = 27] Number of variables: 33200.
c [w = 27] SAT Solving starts:
c [w = 27] Solving duration: 42 ms.
c [w = 27] Answer:
s [w = 27] SAT (w = 27).
c [w = 27] Solution check = 27.
c [w = 27] The solution is correct.
c [w = 27] Result: 10.
c [Main] Max width SAT is set to 27.
c [w = 29] Start task in PID: 181535.
c [w = 29] Cyclic Antibandwidth problem with w = 29 (p2_100_200):
c [w = 29] Initializing CaDiCaL (version 2.1.3).
c [w = 29] Configuring CaDiCaL as --sat (1).
c [w = 29] Encoding starts with w = 29:
c [w = 29] Symmetry breaking highest degree node is applied.
c [w = 29] Encoding duration: 80 ms.
c [w = 29] Number of clauses: 187450.
c [w = 29] Number of variables: 34000.
c [w = 29] SAT Solving starts:
c [w = 29] Solving duration: 61 ms.
c [w = 29] Answer:
s [w = 29] SAT (w = 29).
c [w = 29] Solution check = 29.
c [w = 29] The solution is correct.
c [w = 29] Result: 10.
c [Main] Max width SAT is set to 29.
c [Main] Kill lower pid 28.
c [w = 28] Start task in PID: 181537.
c [w = 28] Cyclic Antibandwidth problem with w = 28 (p2_100_200):
c [w = 28] Initializing CaDiCaL (version 2.1.3).
c [w = 28] Configuring CaDiCaL as --sat (1).
c [w = 28] Encoding starts with w = 28:
c [w = 28] Symmetry breaking highest degree node is applied.
c [w = 28] Encoding duration: 71 ms.
c [w = 28] Number of clauses: 186150.
c [w = 28] Number of variables: 33600.
c [w = 28] SAT Solving starts:
c [Signal] Signal interruption. Caught signal: SIGTERM (15).
c [Main] Child pid 28 - 181537 terminated by signal 15.
c [w = 35] Start task in PID: 181540.
c [w = 35] Cyclic Antibandwidth problem with w = 35 (p2_100_200):
c [w = 35] Initializing CaDiCaL (version 2.1.3).
c [w = 35] Configuring CaDiCaL as --sat (1).
c [w = 35] Encoding starts with w = 35:
c [w = 35] Symmetry breaking highest degree node is applied.
c [w = 35] Encoding duration: 70 ms.
c [w = 35] Number of clauses: 185850.
c [w = 35] Number of variables: 33200.
c [w = 35] SAT Solving starts:
c [w = 35] Solving duration: 7 ms.
c [w = 35] Answer:
s [w = 35] UNSAT (w = 35).
c [w = 35] Result: 20.
c [Main] Min width UNSAT is set to 35
c [w = 30] Start task in PID: 181538.
c [w = 30] Cyclic Antibandwidth problem with w = 30 (p2_100_200):
c [w = 30] Initializing CaDiCaL (version 2.1.3).
c [w = 30] Configuring CaDiCaL as --sat (1).
c [w = 30] Encoding starts with w = 30:
c [w = 30] Symmetry breaking highest degree node is applied.
c [w = 30] Encoding duration: 85 ms.
c [w = 30] Number of clauses: 188750.
c [w = 30] Number of variables: 34400.
c [w = 30] SAT Solving starts:
c [w = 30] Solving duration: 1555 ms.
c [w = 30] Answer:
s [w = 30] SAT (w = 30).
c [w = 30] Solution check = 30.
c [w = 30] The solution is correct.
c [w = 30] Result: 10.
c [Main] Max width SAT is set to 30.
c [w = 34] Start task in PID: 181542.
c [w = 34] Cyclic Antibandwidth problem with w = 34 (p2_100_200):
c [w = 34] Initializing CaDiCaL (version 2.1.3).
c [w = 34] Configuring CaDiCaL as --sat (1).
c [w = 34] Encoding starts with w = 34:
c [w = 34] Symmetry breaking highest degree node is applied.
c [w = 34] Encoding duration: 79 ms.
c [w = 34] Number of clauses: 184850.
c [w = 34] Number of variables: 32900.
c [w = 34] SAT Solving starts:
c [w = 34] Solving duration: 5 ms.
c [w = 34] Answer:
s [w = 34] UNSAT (w = 34).
c [w = 34] Result: 20.
c [Main] Min width UNSAT is set to 34
c [w = 33] Start task in PID: 181541.
c [w = 33] Cyclic Antibandwidth problem with w = 33 (p2_100_200):
c [w = 33] Initializing CaDiCaL (version 2.1.3).
c [w = 33] Configuring CaDiCaL as --sat (1).
c [w = 33] Encoding starts with w = 33:
c [w = 33] Symmetry breaking highest degree node is applied.
c [w = 33] Encoding duration: 67 ms.
c [w = 33] Number of clauses: 183450.
c [w = 33] Number of variables: 32600.
c [w = 33] SAT Solving starts:
c [w = 33] Solving duration: 1662 ms.
c [w = 33] Answer:
s [w = 33] UNSAT (w = 33).
c [w = 33] Result: 20.
c [Main] Min width UNSAT is set to 33
c [w = 31] Start task in PID: 181539.
c [w = 31] Cyclic Antibandwidth problem with w = 31 (p2_100_200):
c [w = 31] Initializing CaDiCaL (version 2.1.3).
c [w = 31] Configuring CaDiCaL as --sat (1).
c [w = 31] Encoding starts with w = 31:
c [w = 31] Symmetry breaking highest degree node is applied.
c [w = 31] Encoding duration: 80 ms.
c [w = 31] Number of clauses: 190050.
c [w = 31] Number of variables: 34800.
c [w = 31] SAT Solving starts:
c [w = 31] Solving duration: 17303 ms.
c [w = 31] Answer:
s [w = 31] SAT (w = 31).
c [w = 31] Solution check = 31.
c [w = 31] The solution is correct.
c [w = 31] Result: 10.
c [Main] Max width SAT is set to 31.
c [w = 32] Start task in PID: 181534.
c [w = 32] Cyclic Antibandwidth problem with w = 32 (p2_100_200):
c [w = 32] Initializing CaDiCaL (version 2.1.3).
c [w = 32] Configuring CaDiCaL as --sat (1).
c [w = 32] Encoding starts with w = 32:
c [w = 32] Symmetry breaking highest degree node is applied.
c [w = 32] Encoding duration: 82 ms.
c [w = 32] Number of clauses: 191350.
c [w = 32] Number of variables: 35200.
c [w = 32] SAT Solving starts:
c [Signal] Signal interruption. Caught signal: SIGTERM (15).
c [Main] Lim pid ends with result: 254.
c [Main] All children have completed.
r [Main] 
r [Main] Final results: 
r [Main] Max width SAT:  	31.
r [Main] Min width UNSAT:	33.
r [Main] Total real time: 150511 ms.
r [Main] Total memory consumed: 235.4 MB.
r [Main] 
